999, 74641, 1, 0, 0
2000, 72576, 1, 0, 0
2999, 73828, 1, 0, 0
3999, 74965, 1, 0, 0
4999, 84274, 1, 0, 0
5999, 82978, 1, 0, 0
7000, 84576, 1, 0, 0
7999, 74522, 1, 0, 0
9000, 61968, 1, 0, 0
9999, 70571, 1, 0, 0
10999, 72563, 1, 0, 0
11999, 71153, 1, 0, 0
12999, 63214, 1, 0, 0
14000, 59856, 1, 0, 0
14999, 63425, 1, 0, 0
16000, 57886, 1, 0, 0
16999, 49489, 1, 0, 0
17999, 49201, 1, 0, 0
19000, 70890, 1, 0, 0
19999, 92257, 1, 0, 0
21000, 79667, 1, 0, 0
21999, 66439, 1, 0, 0
22999, 48768, 1, 0, 0
24000, 50952, 1, 0, 0
24999, 50138, 1, 0, 0
25999, 61117, 1, 0, 0
26999, 89352, 1, 0, 0
27999, 93213, 1, 0, 0
29000, 87648, 1, 0, 0
29999, 87735, 1, 0, 0
31000, 90336, 1, 0, 0
31999, 74162, 1, 0, 0
32999, 75339, 1, 0, 0
34000, 76512, 1, 0, 0
34999, 72864, 1, 0, 0
36000, 63947, 1, 0, 0
36999, 65214, 1, 0, 0
38000, 66216, 1, 0, 0
39000, 65369, 1, 0, 0
39999, 70559, 1, 0, 0
41000, 69791, 1, 0, 0
41999, 72264, 1, 0, 0
42999, 64992, 1, 0, 0
43999, 70529, 1, 0, 0
45000, 66469, 1, 0, 0
45999, 69181, 1, 0, 0
47000, 75254, 1, 0, 0
47999, 79265, 1, 0, 0
48999, 81990, 1, 0, 0
49999, 103322, 1, 0, 0
50999, 113410, 1, 0, 0
52000, 135264, 1, 0, 0
52999, 122545, 1, 0, 0
53999, 103040, 1, 0, 0
54999, 102654, 1, 0, 0
56000, 81525, 1, 0, 0
56999, 84543, 1, 0, 0
58000, 96114, 1, 0, 0
58999, 95885, 1, 0, 0
60000, 87904, 1, 0, 0
60999, 86950, 1, 0, 0
62000, 80832, 1, 0, 0
62999, 79466, 1, 0, 0
64000, 85637, 1, 0, 0
64999, 84444, 1, 0, 0
65999, 87063, 1, 0, 0
66999, 89282, 1, 0, 0
68000, 197597, 1, 0, 0
68999, 265670, 1, 0, 0
69999, 276732, 1, 0, 0
71000, 258314, 1, 0, 0
71999, 90127, 1, 0, 0
73000, 92885, 1, 0, 0
73999, 148559, 1, 0, 0
75000, 136944, 1, 0, 0
75999, 138272, 1, 0, 0
76999, 140718, 1, 0, 0
78000, 114192, 1, 0, 0
78999, 124625, 1, 0, 0
79999, 174932, 1, 0, 0
81000, 204804, 1, 0, 0
81999, 249297, 1, 0, 0
83000, 258527, 1, 0, 0
83999, 255628, 1, 0, 0
84999, 197127, 1, 0, 0
85999, 198534, 1, 0, 0
86999, 210316, 1, 0, 0
88000, 231048, 1, 0, 0
88999, 215338, 1, 0, 0
90000, 172197, 1, 0, 0
90999, 170653, 1, 0, 0
91999, 167077, 1, 0, 0
92999, 160256, 1, 0, 0
94000, 145700, 1, 0, 0
94999, 159010, 1, 0, 0
96000, 137446, 1, 0, 0
96999, 138548, 1, 0, 0
98000, 143428, 1, 0, 0
98999, 145009, 1, 0, 0
100000, 103004, 1, 0, 0
100999, 128446, 1, 0, 0
102000, 132134, 1, 0, 0
102999, 164845, 1, 0, 0
104000, 196352, 1, 0, 0
104999, 183086, 1, 0, 0
105999, 193937, 1, 0, 0
107000, 188479, 1, 0, 0
107999, 172776, 1, 0, 0
108999, 175528, 1, 0, 0
110000, 185724, 1, 0, 0
110999, 129345, 1, 0, 0
112000, 124608, 1, 0, 0
112999, 117456, 1, 0, 0
114000, 110877, 1, 0, 0
115000, 106914, 1, 0, 0
115999, 104840, 1, 0, 0
117000, 105122, 1, 0, 0
117999, 118591, 1, 0, 0
119000, 119621, 1, 0, 0
119999, 116186, 1, 0, 0
121000, 116634, 1, 0, 0
121999, 112032, 1, 0, 0
123000, 108455, 1, 0, 0
123999, 127543, 1, 0, 0
125000, 127918, 1, 0, 0
125999, 120358, 1, 0, 0
127000, 123116, 1, 0, 0
128000, 117741, 1, 0, 0
129000, 96024, 1, 0, 0
129999, 95663, 1, 0, 0
130999, 102932, 1, 0, 0
132000, 95710, 1, 0, 0
132999, 91495, 1, 0, 0
134000, 94176, 1, 0, 0
134999, 83401, 1, 0, 0
136000, 84610, 1, 0, 0
136999, 79111, 1, 0, 0
138000, 65137, 1, 0, 0
138999, 91746, 1, 0, 0
140000, 116373, 1, 0, 0
141000, 115294, 1, 0, 0
141999, 115979, 1, 0, 0
143000, 118136, 1, 0, 0
143999, 114402, 1, 0, 0
145000, 97064, 1, 0, 0
146000, 78862, 1, 0, 0
146999, 80216, 1, 0, 0
148000, 76200, 1, 0, 0
148999, 78678, 1, 0, 0
150000, 78408, 1, 0, 0
150999, 78534, 1, 0, 0
152000, 99408, 1, 0, 0
152999, 132240, 1, 0, 0
154000, 111838, 1, 0, 0
154999, 121119, 1, 0, 0
156000, 124012, 1, 0, 0
156999, 117755, 1, 0, 0
158000, 119895, 1, 0, 0
158999, 74657, 1, 0, 0
160000, 71184, 1, 0, 0
160999, 111567, 1, 0, 0
162000, 121224, 1, 0, 0
162999, 125879, 1, 0, 0
164000, 125526, 1, 0, 0
165000, 144132, 1, 0, 0
166000, 139692, 1, 0, 0
167000, 127183, 1, 0, 0
168000, 113664, 1, 0, 0
168999, 123559, 1, 0, 0
170000, 118267, 1, 0, 0
170999, 132921, 1, 0, 0
172000, 138388, 1, 0, 0
173000, 102630, 1, 0, 0
173999, 86355, 1, 0, 0
175000, 84499, 1, 0, 0
176000, 94118, 1, 0, 0
177000, 90965, 1, 0, 0
178000, 82037, 1, 0, 0
178999, 76972, 1, 0, 0
180000, 101880, 1, 0, 0
180999, 109621, 1, 0, 0
182000, 98112, 1, 0, 0
182999, 84660, 1, 0, 0
184000, 107232, 1, 0, 0
184999, 110189, 1, 0, 0
186000, 98697, 1, 0, 0
186999, 91099, 1, 0, 0
188000, 93792, 1, 0, 0
189000, 115135, 1, 0, 0
189999, 119511, 1, 0, 0
191000, 108523, 1, 0, 0
192000, 121440, 1, 0, 0
193000, 145441, 1, 0, 0
193999, 142030, 1, 0, 0
195000, 124560, 1, 0, 0
195999, 128960, 1, 0, 0
197000, 117062, 1, 0, 0
197999, 115224, 1, 0, 0
199000, 108461, 1, 0, 0
200000, 97321, 1, 0, 0
201000, 94464, 1, 0, 0
201999, 89462, 1, 0, 0
203000, 90766, 1, 0, 0
203999, 80221, 1, 0, 0
205000, 69769, 1, 0, 0
206000, 98389, 1, 0, 0
206999, 130805, 1, 0, 0
208000, 132641, 1, 0, 0
209000, 136800, 1, 0, 0
210000, 128103, 1, 0, 0
211000, 129466, 1, 0, 0
212000, 98817, 1, 0, 0
212999, 67963, 1, 0, 0
214000, 68629, 1, 0, 0
214999, 132267, 1, 0, 0
216000, 133296, 1, 0, 0
217000, 154970, 1, 0, 0
218000, 169667, 1, 0, 0
219000, 130891, 1, 0, 0
220000, 137251, 1, 0, 0
221000, 143466, 1, 0, 0
222000, 148365, 1, 0, 0
223000, 127560, 1, 0, 0
224000, 103959, 1, 0, 0
225000, 82912, 1, 0, 0
226000, 81154, 1, 0, 0
226999, 89267, 1, 0, 0
228000, 92246, 1, 0, 0
228999, 88111, 1, 0, 0
230000, 88560, 1, 0, 0
231000, 95158, 1, 0, 0
232000, 81289, 1, 0, 0
233000, 72168, 1, 0, 0
233999, 71855, 1, 0, 0
235000, 81456, 1, 0, 0
236000, 91315, 1, 0, 0
237000, 93947, 1, 0, 0
238000, 93994, 1, 0, 0
239000, 95136, 1, 0, 0
240000, 93141, 1, 0, 0
240999, 79951, 1, 0, 0
242000, 74328, 1, 0, 0
242999, 64339, 1, 0, 0
244000, 67880, 1, 0, 0
245000, 85514, 1, 0, 0
246000, 88272, 1, 0, 0
246999, 93189, 1, 0, 0
248000, 93248, 1, 0, 0
249000, 97553, 1, 0, 0
250000, 84000, 1, 0, 0
251000, 83630, 1, 0, 0
252000, 83133, 1, 0, 0
253000, 85909, 1, 0, 0
253999, 87183, 1, 0, 0
255000, 91519, 1, 0, 0
255999, 84828, 1, 0, 0
257000, 79453, 1, 0, 0
258000, 83613, 1, 0, 0
259000, 79167, 1, 0, 0
259999, 71234, 1, 0, 0
261000, 71136, 1, 0, 0
262000, 67971, 1, 0, 0
263000, 103072, 1, 0, 0
264000, 112120, 1, 0, 0
264999, 130276, 1, 0, 0
266000, 138626, 1, 0, 0
267000, 144814, 1, 0, 0
268000, 126482, 1, 0, 0
269000, 69061, 1, 0, 0
270000, 79660, 1, 0, 0
271000, 75914, 1, 0, 0
271999, 75265, 1, 0, 0
273000, 76296, 1, 0, 0
274000, 76770, 1, 0, 0
275000, 83116, 1, 0, 0
276000, 87163, 1, 0, 0
277000, 85418, 1, 0, 0
278000, 82354, 1, 0, 0
279000, 71880, 1, 0, 0
280000, 95034, 1, 0, 0
281000, 105014, 1, 0, 0
282000, 110040, 1, 0, 0
283000, 118966, 1, 0, 0
284000, 142204, 1, 0, 0
285000, 178211, 1, 0, 0
286000, 277281, 1, 0, 0
286999, 277828, 1, 0, 0
288000, 261835, 1, 0, 0
289000, 226296, 1, 0, 0
290000, 207286, 1, 0, 0
291000, 202795, 1, 0, 0
292000, 183529, 1, 0, 0
293000, 173388, 1, 0, 0
294000, 174331, 1, 0, 0
295000, 161075, 1, 0, 0
296000, 151711, 1, 0, 0
297000, 111576, 1, 0, 0
298000, 101799, 1, 0, 0
299000, 99516, 1, 0, 0
300000, 98860, 1, 0, 0
301000, 95712, 1, 0, 0
302000, 100780, 1, 0, 0
303000, 98810, 1, 0, 0
304000, 98928, 1, 0, 0
305000, 67052, 1, 0, 0
305999, 69308, 1, 0, 0
307000, 72864, 1, 0, 0
308000, 71567, 1, 0, 0
309000, 69154, 1, 0, 0
310000, 70839, 1, 0, 0
311000, 64749, 1, 0, 0
312000, 64360, 1, 0, 0
313000, 60756, 1, 0, 0
314000, 58608, 1, 0, 0
315000, 61117, 1, 0, 0
316000, 57216, 1, 0, 0
317000, 57393, 1, 0, 0
318000, 50018, 1, 0, 0
319000, 56136, 1, 0, 0
320000, 50738, 1, 0, 0
321000, 51843, 1, 0, 0
322000, 60552, 1, 0, 0
323000, 64000, 1, 0, 0
324000, 68400, 1, 0, 0
325000, 64288, 1, 0, 0
326000, 74860, 1, 0, 0
327000, 89464, 1, 0, 0
328000, 85765, 1, 0, 0
329000, 81144, 1, 0, 0
330000, 118725, 1, 0, 0
331000, 132023, 1, 0, 0
332000, 136941, 1, 0, 0
333000, 130894, 1, 0, 0
334000, 116106, 1, 0, 0
335000, 196352, 1, 0, 0
335999, 275050, 1, 0, 0
337000, 277103, 1, 0, 0
338000, 237813, 1, 0, 0
339000, 152579, 1, 0, 0
340000, 154393, 1, 0, 0
341000, 158470, 1, 0, 0
342000, 151877, 1, 0, 0
343000, 146033, 1, 0, 0
344000, 147161, 1, 0, 0
345000, 138581, 1, 0, 0
346000, 138534, 1, 0, 0
347000, 128497, 1, 0, 0
348000, 116895, 1, 0, 0
349000, 112489, 1, 0, 0
350000, 91536, 1, 0, 0
351000, 98906, 1, 0, 0
352000, 124948, 1, 0, 0
353000, 134532, 1, 0, 0
354000, 138354, 1, 0, 0
355000, 132996, 1, 0, 0
356000, 123305, 1, 0, 0
357000, 138454, 1, 0, 0
358000, 97333, 1, 0, 0
359001, 98856, 1, 0, 0
360000, 98989, 1, 0, 0
