999, 8064, 0, 0, 0
2000, 8035, 0, 0, 0
3000, 8155, 0, 0, 0
3999, 7931, 0, 0, 0
4999, 7845, 0, 0, 0
6000, 7997, 0, 0, 0
6999, 7649, 0, 0, 0
7999, 7086, 0, 0, 0
9000, 7942, 0, 0, 0
10000, 7914, 0, 0, 0
10999, 7234, 0, 0, 0
12000, 7272, 0, 0, 0
13000, 7407, 0, 0, 0
13999, 7273, 0, 0, 0
14999, 7195, 0, 0, 0
16000, 7271, 0, 0, 0
16999, 7444, 0, 0, 0
17999, 6365, 0, 0, 0
19000, 7063, 0, 0, 0
20000, 7106, 0, 0, 0
20999, 7206, 0, 0, 0
22000, 7088, 0, 0, 0
23000, 7382, 0, 0, 0
23999, 7511, 0, 0, 0
25000, 7499, 0, 0, 0
26000, 7126, 0, 0, 0
26999, 7426, 0, 0, 0
27999, 7221, 0, 0, 0
29000, 4391, 0, 0, 0
29999, 3271, 0, 0, 0
30999, 3339, 0, 0, 0
32000, 3782, 0, 0, 0
33000, 4854, 0, 0, 0
33999, 4963, 0, 0, 0
35000, 5340, 0, 0, 0
36000, 5072, 0, 0, 0
36999, 4736, 0, 0, 0
37999, 4982, 0, 0, 0
39000, 4216, 0, 0, 0
39999, 4978, 0, 0, 0
40999, 5064, 0, 0, 0
42000, 4874, 0, 0, 0
43000, 5043, 0, 0, 0
43999, 4920, 0, 0, 0
45000, 4092, 0, 0, 0
46000, 2258, 0, 0, 0
46999, 2183, 0, 0, 0
48000, 2045, 0, 0, 0
49000, 2128, 0, 0, 0
49999, 1903, 0, 0, 0
51000, 2105, 0, 0, 0
52000, 2283, 0, 0, 0
52999, 2182, 0, 0, 0
53999, 1996, 0, 0, 0
55000, 2318, 0, 0, 0
55999, 2134, 0, 0, 0
56999, 2263, 0, 0, 0
58000, 2172, 0, 0, 0
59000, 2079, 0, 0, 0
59999, 3366, 0, 0, 0
61000, 3660, 0, 0, 0
62000, 2821, 0, 0, 0
62999, 2274, 0, 0, 0
64000, 2022, 0, 0, 0
65000, 2195, 0, 0, 0
65999, 1943, 0, 0, 0
66999, 2201, 0, 0, 0
68000, 2229, 0, 0, 0
68999, 2573, 0, 0, 0
69999, 3704, 0, 0, 0
71000, 4025, 0, 0, 0
72000, 5124, 0, 0, 0
72999, 8659, 0, 0, 0
74000, 9338, 0, 0, 0
75000, 9407, 0, 0, 0
75999, 9252, 0, 0, 0
77000, 9346, 0, 0, 0
78000, 9221, 0, 0, 0
78999, 9607, 0, 0, 0
79999, 9382, 0, 0, 0
81000, 9470, 0, 0, 0
81999, 9576, 0, 0, 0
82999, 8820, 0, 0, 0
84000, 5163, 0, 0, 0
85000, 5550, 0, 0, 0
85999, 5413, 0, 0, 0
87000, 5617, 0, 0, 0
88000, 6561, 0, 0, 0
88999, 6378, 0, 0, 0
90000, 6594, 0, 0, 0
91000, 6067, 0, 0, 0
91999, 5868, 0, 0, 0
92999, 5925, 0, 0, 0
94000, 4071, 0, 0, 0
94999, 2844, 0, 0, 0
96000, 2727, 0, 0, 0
97000, 2882, 0, 0, 0
97999, 9882, 0, 0, 0
99000, 12590, 0, 0, 0
100000, 9351, 0, 0, 0
100999, 9318, 0, 0, 0
102000, 9228, 0, 0, 0
103000, 9159, 0, 0, 0
103999, 9221, 0, 0, 0
104999, 9431, 0, 0, 0
106000, 9516, 0, 0, 0
106999, 9473, 0, 0, 0
107999, 9463, 0, 0, 0
109000, 9491, 0, 0, 0
110000, 4306, 0, 0, 0
110999, 2227, 0, 0, 0
112000, 2459, 0, 0, 0
113000, 2292, 0, 0, 0
113999, 2032, 0, 0, 0
115000, 2105, 0, 0, 0
116000, 2093, 0, 0, 0
116999, 2077, 0, 0, 0
118000, 2174, 0, 0, 0
119000, 2068, 0, 0, 0
119999, 2208, 0, 0, 0
121000, 2155, 0, 0, 0
121999, 1992, 0, 0, 0
122999, 2176, 0, 0, 0
124000, 2068, 0, 0, 0
124999, 4346, 0, 0, 0
125999, 4329, 0, 0, 0
127000, 4520, 0, 0, 0
128000, 4789, 0, 0, 0
128999, 4933, 0, 0, 0
130000, 4845, 0, 0, 0
131000, 9245, 0, 0, 0
131999, 9390, 0, 0, 0
132999, 8666, 0, 0, 0
134000, 9429, 0, 0, 0
135000, 9265, 0, 0, 0
135999, 9231, 0, 0, 0
137000, 9245, 0, 0, 0
138000, 9228, 0, 0, 0
138999, 9527, 0, 0, 0
139999, 9548, 0, 0, 0
141000, 9531, 0, 0, 0
142000, 9500, 0, 0, 0
142999, 8342, 0, 0, 0
144000, 6024, 0, 0, 0
145000, 6430, 0, 0, 0
145999, 6278, 0, 0, 0
147000, 6836, 0, 0, 0
148000, 7063, 0, 0, 0
148999, 7427, 0, 0, 0
149999, 7614, 0, 0, 0
151000, 7274, 0, 0, 0
152000, 7377, 0, 0, 0
152999, 7465, 0, 0, 0
154000, 6346, 0, 0, 0
155000, 7125, 0, 0, 0
155999, 7253, 0, 0, 0
157000, 7166, 0, 0, 0
158000, 7129, 0, 0, 0
158999, 7184, 0, 0, 0
159999, 7295, 0, 0, 0
161000, 7483, 0, 0, 0
161999, 7389, 0, 0, 0
162999, 7313, 0, 0, 0
164000, 6936, 0, 0, 0
165000, 6831, 0, 0, 0
165999, 7351, 0, 0, 0
167000, 7411, 0, 0, 0
168000, 6803, 0, 0, 0
168999, 6686, 0, 0, 0
170000, 6741, 0, 0, 0
171000, 6998, 0, 0, 0
171999, 6788, 0, 0, 0
172999, 7041, 0, 0, 0
174000, 6736, 0, 0, 0
175000, 3619, 0, 0, 0
175999, 1994, 0, 0, 0
177000, 2332, 0, 0, 0
178000, 2017, 0, 0, 0
178999, 2059, 0, 0, 0
180000, 4580, 0, 0, 0
181000, 5183, 0, 0, 0
181999, 5071, 0, 0, 0
182999, 4623, 0, 0, 0
184000, 4538, 0, 0, 0
184999, 4847, 0, 0, 0
185999, 3047, 0, 0, 0
187000, 2055, 0, 0, 0
187999, 2830, 0, 0, 0
188999, 4864, 0, 0, 0
190000, 5023, 0, 0, 0
191000, 4631, 0, 0, 0
191999, 5147, 0, 0, 0
193000, 5334, 0, 0, 0
194000, 5097, 0, 0, 0
194999, 5511, 0, 0, 0
196000, 5394, 0, 0, 0
197000, 3173, 0, 0, 0
197999, 2654, 0, 0, 0
199000, 3073, 0, 0, 0
200000, 2807, 0, 0, 0
200999, 4050, 0, 0, 0
202000, 4579, 0, 0, 0
203000, 5021, 0, 0, 0
203999, 4370, 0, 0, 0
204999, 4061, 0, 0, 0
206000, 3735, 0, 0, 0
207000, 4119, 0, 0, 0
207999, 2210, 0, 0, 0
209000, 2280, 0, 0, 0
210000, 2922, 0, 0, 0
210999, 3310, 0, 0, 0
212000, 2899, 0, 0, 0
213000, 3111, 0, 0, 0
213999, 3461, 0, 0, 0
214999, 3482, 0, 0, 0
216000, 2887, 0, 0, 0
217000, 2872, 0, 0, 0
217999, 4304, 0, 0, 0
219000, 4723, 0, 0, 0
220000, 4845, 0, 0, 0
220999, 4511, 0, 0, 0
222000, 4590, 0, 0, 0
223000, 4664, 0, 0, 0
223999, 2674, 0, 0, 0
225000, 2099, 0, 0, 0
226000, 3175, 0, 0, 0
226999, 5140, 0, 0, 0
227999, 8814, 0, 0, 0
229000, 8774, 0, 0, 0
230000, 8996, 0, 0, 0
230999, 9183, 0, 0, 0
232000, 9264, 0, 0, 0
233000, 9056, 0, 0, 0
233999, 9174, 0, 0, 0
235000, 9500, 0, 0, 0
236000, 9436, 0, 0, 0
236999, 9311, 0, 0, 0
238000, 9476, 0, 0, 0
239000, 9416, 0, 0, 0
239999, 6899, 0, 0, 0
241000, 6291, 0, 0, 0
242000, 5949, 0, 0, 0
243000, 6003, 0, 0, 0
243999, 6188, 0, 0, 0
245000, 7025, 0, 0, 0
246000, 7726, 0, 0, 0
246999, 6984, 0, 0, 0
248000, 6562, 0, 0, 0
249000, 6540, 0, 0, 0
249999, 6234, 0, 0, 0
251000, 4897, 0, 0, 0
252000, 5983, 0, 0, 0
252999, 6339, 0, 0, 0
253999, 6982, 0, 0, 0
255000, 5963, 0, 0, 0
256000, 5286, 0, 0, 0
256999, 5419, 0, 0, 0
258000, 4854, 0, 0, 0
259000, 4972, 0, 0, 0
259999, 5024, 0, 0, 0
261000, 3572, 0, 0, 0
262000, 1996, 0, 0, 0
262999, 4297, 0, 0, 0
264000, 4754, 0, 0, 0
265000, 4906, 0, 0, 0
265999, 4941, 0, 0, 0
267000, 5107, 0, 0, 0
268000, 5157, 0, 0, 0
268999, 5336, 0, 0, 0
269999, 5670, 0, 0, 0
271000, 5847, 0, 0, 0
272000, 3543, 0, 0, 0
272999, 2021, 0, 0, 0
274000, 1999, 0, 0, 0
275000, 2205, 0, 0, 0
275999, 2507, 0, 0, 0
277000, 2636, 0, 0, 0
278000, 3310, 0, 0, 0
278999, 3170, 0, 0, 0
280000, 3456, 0, 0, 0
281000, 4343, 0, 0, 0
282000, 4907, 0, 0, 0
282999, 8743, 0, 0, 0
284000, 9182, 0, 0, 0
285000, 9151, 0, 0, 0
285999, 9108, 0, 0, 0
287000, 9150, 0, 0, 0
288000, 9149, 0, 0, 0
288999, 9597, 0, 0, 0
290000, 9396, 0, 0, 0
291000, 9523, 0, 0, 0
291999, 9468, 0, 0, 0
292999, 8382, 0, 0, 0
294000, 7556, 0, 0, 0
295000, 7552, 0, 0, 0
295999, 7463, 0, 0, 0
297000, 7698, 0, 0, 0
298000, 7494, 0, 0, 0
298999, 6957, 0, 0, 0
300000, 7227, 0, 0, 0
301000, 7095, 0, 0, 0
301999, 7051, 0, 0, 0
303000, 7166, 0, 0, 0
304000, 6348, 0, 0, 0
305000, 6208, 0, 0, 0
306000, 5595, 0, 0, 0
307000, 5269, 0, 0, 0
308000, 5443, 0, 0, 0
308999, 5493, 0, 0, 0
310000, 5143, 0, 0, 0
311000, 5167, 0, 0, 0
311999, 5393, 0, 0, 0
313000, 5668, 0, 0, 0
314000, 5554, 0, 0, 0
314999, 5107, 0, 0, 0
316000, 5505, 0, 0, 0
317000, 5630, 0, 0, 0
317999, 5372, 0, 0, 0
318999, 5349, 0, 0, 0
320000, 5612, 0, 0, 0
321000, 4383, 0, 0, 0
321999, 4296, 0, 0, 0
323000, 4372, 0, 0, 0
324000, 5471, 0, 0, 0
324999, 8734, 0, 0, 0
326000, 9115, 0, 0, 0
327000, 9393, 0, 0, 0
328000, 9067, 0, 0, 0
328999, 9182, 0, 0, 0
330000, 9247, 0, 0, 0
331000, 9437, 0, 0, 0
331999, 9445, 0, 0, 0
333000, 9483, 0, 0, 0
334000, 9367, 0, 0, 0
334999, 9483, 0, 0, 0
336000, 3666, 0, 0, 0
337000, 2142, 0, 0, 0
337999, 2162, 0, 0, 0
339000, 2026, 0, 0, 0
340000, 1982, 0, 0, 0
340999, 2117, 0, 0, 0
342000, 2029, 0, 0, 0
343000, 2106, 0, 0, 0
343999, 2124, 0, 0, 0
345000, 1969, 0, 0, 0
346000, 2172, 0, 0, 0
346999, 2098, 0, 0, 0
348000, 2952, 0, 0, 0
349000, 4522, 0, 0, 0
349999, 4629, 0, 0, 0
351000, 4769, 0, 0, 0
352000, 4136, 0, 0, 0
352999, 3164, 0, 0, 0
354000, 2514, 0, 0, 0
355000, 2024, 0, 0, 0
356000, 2130, 0, 0, 0
356999, 2142, 0, 0, 0
358000, 2072, 0, 0, 0
359000, 2150, 0, 0, 0
360000, 2250, 0, 0, 0
