999, 132861, 1, 0, 0
2000, 143132, 1, 0, 0
2999, 137598, 1, 0, 0
4000, 150985, 1, 0, 0
4999, 136502, 1, 0, 0
6000, 102718, 1, 0, 0
6999, 104147, 1, 0, 0
8000, 103464, 1, 0, 0
9000, 106501, 1, 0, 0
10000, 101896, 1, 0, 0
11000, 111567, 1, 0, 0
11999, 103924, 1, 0, 0
13000, 101955, 1, 0, 0
13999, 100516, 1, 0, 0
15000, 111552, 1, 0, 0
15999, 116406, 1, 0, 0
16999, 92542, 1, 0, 0
17999, 79439, 1, 0, 0
19000, 116539, 1, 0, 0
19999, 125338, 1, 0, 0
21000, 117312, 1, 0, 0
21999, 121513, 1, 0, 0
22999, 135510, 1, 0, 0
23999, 132810, 1, 0, 0
24999, 111663, 1, 0, 0
25999, 101436, 1, 0, 0
26999, 102489, 1, 0, 0
27999, 104907, 1, 0, 0
28999, 106498, 1, 0, 0
30000, 76557, 1, 0, 0
30999, 81369, 1, 0, 0
31999, 76756, 1, 0, 0
32999, 79704, 1, 0, 0
33999, 82423, 1, 0, 0
34999, 80171, 1, 0, 0
35999, 83855, 1, 0, 0
36999, 92284, 1, 0, 0
37999, 89202, 1, 0, 0
39000, 86543, 1, 0, 0
39999, 88864, 1, 0, 0
41000, 86208, 1, 0, 0
41999, 82738, 1, 0, 0
43000, 93432, 1, 0, 0
43999, 90460, 1, 0, 0
45000, 105270, 1, 0, 0
45999, 146482, 1, 0, 0
46999, 144768, 1, 0, 0
47999, 127874, 1, 0, 0
48999, 115553, 1, 0, 0
50000, 127254, 1, 0, 0
50999, 123549, 1, 0, 0
52000, 111624, 1, 0, 0
52999, 123051, 1, 0, 0
54000, 125845, 1, 0, 0
54999, 111194, 1, 0, 0
56000, 93312, 1, 0, 0
56999, 89873, 1, 0, 0
57999, 83075, 1, 0, 0
58999, 84384, 1, 0, 0
59999, 82379, 1, 0, 0
61000, 82487, 1, 0, 0
61999, 104144, 1, 0, 0
62999, 105183, 1, 0, 0
63999, 90435, 1, 0, 0
64999, 99552, 1, 0, 0
65999, 83148, 1, 0, 0
66999, 73254, 1, 0, 0
67999, 75966, 1, 0, 0
68999, 75158, 1, 0, 0
69999, 76876, 1, 0, 0
71000, 77112, 1, 0, 0
71999, 85261, 1, 0, 0
73000, 114624, 1, 0, 0
73999, 135110, 1, 0, 0
75000, 130585, 1, 0, 0
75999, 103879, 1, 0, 0
77000, 110856, 1, 0, 0
77999, 128097, 1, 0, 0
78999, 266158, 1, 0, 0
79999, 276194, 1, 0, 0
80999, 275485, 1, 0, 0
82000, 210021, 1, 0, 0
82999, 154594, 1, 0, 0
84000, 173405, 1, 0, 0
84999, 215105, 1, 0, 0
85999, 169645, 1, 0, 0
87000, 156851, 1, 0, 0
87999, 165328, 1, 0, 0
89000, 154516, 1, 0, 0
89999, 156648, 1, 0, 0
90999, 153349, 1, 0, 0
91999, 136868, 1, 0, 0
92999, 135802, 1, 0, 0
94000, 138346, 1, 0, 0
94999, 139915, 1, 0, 0
96000, 132624, 1, 0, 0
96999, 126266, 1, 0, 0
98000, 125644, 1, 0, 0
98999, 144432, 1, 0, 0
99999, 144072, 1, 0, 0
100999, 149466, 1, 0, 0
102000, 151110, 1, 0, 0
102999, 119279, 1, 0, 0
103999, 127601, 1, 0, 0
104999, 95726, 1, 0, 0
105999, 85926, 1, 0, 0
106999, 101695, 1, 0, 0
107999, 115522, 1, 0, 0
108999, 104121, 1, 0, 0
109999, 97865, 1, 0, 0
110999, 95528, 1, 0, 0
111999, 120506, 1, 0, 0
112999, 119374, 1, 0, 0
113999, 121862, 1, 0, 0
114999, 119435, 1, 0, 0
115999, 102366, 1, 0, 0
116999, 100298, 1, 0, 0
117999, 108778, 1, 0, 0
118999, 147971, 1, 0, 0
119999, 140265, 1, 0, 0
120999, 145872, 1, 0, 0
122000, 140215, 1, 0, 0
122999, 140389, 1, 0, 0
124000, 110726, 1, 0, 0
124999, 104254, 1, 0, 0
126000, 95108, 1, 0, 0
126999, 95183, 1, 0, 0
128000, 92352, 1, 0, 0
128999, 92204, 1, 0, 0
130000, 95616, 1, 0, 0
130999, 125653, 1, 0, 0
131999, 124868, 1, 0, 0
132999, 127368, 1, 0, 0
133999, 131730, 1, 0, 0
134999, 75665, 1, 0, 0
135999, 79615, 1, 0, 0
137000, 90768, 1, 0, 0
137999, 90786, 1, 0, 0
139000, 82488, 1, 0, 0
139999, 89465, 1, 0, 0
140999, 75963, 1, 0, 0
141999, 73728, 1, 0, 0
142999, 77333, 1, 0, 0
143999, 104257, 1, 0, 0
144999, 109692, 1, 0, 0
146000, 103512, 1, 0, 0
146999, 148548, 1, 0, 0
148000, 155680, 1, 0, 0
148999, 161192, 1, 0, 0
150000, 142106, 1, 0, 0
150999, 133267, 1, 0, 0
152000, 136454, 1, 0, 0
152999, 195035, 1, 0, 0
154000, 275006, 1, 0, 0
154999, 275586, 1, 0, 0
155999, 187061, 1, 0, 0
156999, 142990, 1, 0, 0
157999, 143939, 1, 0, 0
158999, 146826, 1, 0, 0
159999, 140853, 1, 0, 0
160999, 140188, 1, 0, 0
162000, 104800, 1, 0, 0
162999, 87255, 1, 0, 0
164000, 72768, 1, 0, 0
164999, 76492, 1, 0, 0
165999, 72240, 1, 0, 0
167000, 73656, 1, 0, 0
167999, 120696, 1, 0, 0
169000, 214379, 1, 0, 0
169999, 274859, 1, 0, 0
170999, 276704, 1, 0, 0
172000, 250273, 1, 0, 0
172999, 222640, 1, 0, 0
173999, 229799, 1, 0, 0
175000, 241744, 1, 0, 0
175999, 189542, 1, 0, 0
177000, 189642, 1, 0, 0
177999, 194081, 1, 0, 0
179000, 151128, 1, 0, 0
179999, 128968, 1, 0, 0
181000, 150521, 1, 0, 0
181999, 188971, 1, 0, 0
183000, 191980, 1, 0, 0
183999, 201643, 1, 0, 0
184999, 133213, 1, 0, 0
185999, 92993, 1, 0, 0
187000, 87360, 1, 0, 0
187999, 88841, 1, 0, 0
189000, 89495, 1, 0, 0
189999, 78390, 1, 0, 0
191000, 80106, 1, 0, 0
191999, 85931, 1, 0, 0
193000, 80384, 1, 0, 0
193999, 78750, 1, 0, 0
194999, 91579, 1, 0, 0
196000, 85464, 1, 0, 0
196999, 89021, 1, 0, 0
198000, 90996, 1, 0, 0
198999, 86636, 1, 0, 0
199999, 88507, 1, 0, 0
200999, 82383, 1, 0, 0
201999, 81873, 1, 0, 0
202999, 92272, 1, 0, 0
203999, 104529, 1, 0, 0
205000, 100495, 1, 0, 0
205999, 101882, 1, 0, 0
206999, 123946, 1, 0, 0
208000, 123910, 1, 0, 0
208999, 124391, 1, 0, 0
210000, 114504, 1, 0, 0
210999, 112020, 1, 0, 0
211999, 101567, 1, 0, 0
212999, 104457, 1, 0, 0
213999, 99459, 1, 0, 0
215000, 101280, 1, 0, 0
215999, 133363, 1, 0, 0
216999, 113795, 1, 0, 0
217999, 115189, 1, 0, 0
218999, 117349, 1, 0, 0
219999, 118966, 1, 0, 0
220999, 123648, 1, 0, 0
221999, 131747, 1, 0, 0
223000, 131621, 1, 0, 0
223999, 128547, 1, 0, 0
224999, 143215, 1, 0, 0
225999, 143224, 1, 0, 0
227000, 137317, 1, 0, 0
227999, 136510, 1, 0, 0
229000, 132153, 1, 0, 0
229999, 102672, 1, 0, 0
231000, 90122, 1, 0, 0
231999, 93117, 1, 0, 0
232999, 78816, 1, 0, 0
233999, 78222, 1, 0, 0
235000, 86328, 1, 0, 0
235999, 85333, 1, 0, 0
237000, 87168, 1, 0, 0
237999, 85141, 1, 0, 0
239000, 75940, 1, 0, 0
239999, 85713, 1, 0, 0
241000, 88032, 1, 0, 0
241999, 82306, 1, 0, 0
242999, 83377, 1, 0, 0
243999, 91354, 1, 0, 0
245000, 86592, 1, 0, 0
245999, 79735, 1, 0, 0
246999, 82162, 1, 0, 0
247999, 67536, 1, 0, 0
248999, 77573, 1, 0, 0
250000, 81624, 1, 0, 0
250999, 75793, 1, 0, 0
252000, 78578, 1, 0, 0
252999, 77885, 1, 0, 0
254000, 75336, 1, 0, 0
254999, 91494, 1, 0, 0
255999, 97862, 1, 0, 0
257000, 90768, 1, 0, 0
257999, 83987, 1, 0, 0
259000, 104592, 1, 0, 0
259999, 109549, 1, 0, 0
260999, 112425, 1, 0, 0
261999, 113134, 1, 0, 0
263000, 108200, 1, 0, 0
263999, 94318, 1, 0, 0
264999, 95327, 1, 0, 0
265999, 134934, 1, 0, 0
266999, 192042, 1, 0, 0
267999, 195720, 1, 0, 0
269000, 196594, 1, 0, 0
269999, 173657, 1, 0, 0
271000, 177666, 1, 0, 0
271999, 183788, 1, 0, 0
273000, 214116, 1, 0, 0
273999, 224111, 1, 0, 0
275000, 227191, 1, 0, 0
275999, 228026, 1, 0, 0
276999, 228387, 1, 0, 0
278000, 196969, 1, 0, 0
278999, 178161, 1, 0, 0
280000, 169424, 1, 0, 0
280999, 155768, 1, 0, 0
282000, 153907, 1, 0, 0
282999, 185376, 1, 0, 0
284000, 200561, 1, 0, 0
284999, 193162, 1, 0, 0
285999, 185728, 1, 0, 0
287000, 201951, 1, 0, 0
287999, 219123, 1, 0, 0
289000, 218573, 1, 0, 0
290000, 181463, 1, 0, 0
290999, 119211, 1, 0, 0
292000, 87571, 1, 0, 0
293000, 86587, 1, 0, 0
294000, 86520, 1, 0, 0
295000, 83675, 1, 0, 0
295999, 80679, 1, 0, 0
297000, 82865, 1, 0, 0
297999, 78462, 1, 0, 0
299000, 71494, 1, 0, 0
299999, 82469, 1, 0, 0
301000, 79841, 1, 0, 0
301999, 80074, 1, 0, 0
303000, 81463, 1, 0, 0
303999, 100187, 1, 0, 0
305000, 147691, 1, 0, 0
306000, 151785, 1, 0, 0
307000, 123130, 1, 0, 0
308000, 112517, 1, 0, 0
309000, 76474, 1, 0, 0
310000, 76248, 1, 0, 0
311000, 89945, 1, 0, 0
312000, 94944, 1, 0, 0
313000, 89475, 1, 0, 0
314000, 89630, 1, 0, 0
315000, 88393, 1, 0, 0
316001, 109863, 1, 0, 0
317000, 107219, 1, 0, 0
318001, 105336, 1, 0, 0
319000, 102504, 1, 0, 0
320000, 91849, 1, 0, 0
321000, 92352, 1, 0, 0
322000, 87650, 1, 0, 0
323001, 83148, 1, 0, 0
324000, 78799, 1, 0, 0
325001, 76608, 1, 0, 0
326000, 79122, 1, 0, 0
327000, 84241, 1, 0, 0
328000, 86568, 1, 0, 0
329000, 121993, 1, 0, 0
330001, 122448, 1, 0, 0
331000, 132868, 1, 0, 0
332000, 126464, 1, 0, 0
333000, 123591, 1, 0, 0
334001, 119280, 1, 0, 0
335000, 89153, 1, 0, 0
336000, 90540, 1, 0, 0
337000, 119694, 1, 0, 0
338000, 121249, 1, 0, 0
339000, 99312, 1, 0, 0
340000, 111394, 1, 0, 0
341000, 103109, 1, 0, 0
342000, 91651, 1, 0, 0
343000, 102816, 1, 0, 0
344000, 123168, 1, 0, 0
345000, 112936, 1, 0, 0
346000, 91608, 1, 0, 0
347000, 97849, 1, 0, 0
348001, 90230, 1, 0, 0
349000, 89115, 1, 0, 0
350000, 84300, 1, 0, 0
351000, 86952, 1, 0, 0
352000, 88552, 1, 0, 0
353001, 85872, 1, 0, 0
354000, 83339, 1, 0, 0
355001, 67584, 1, 0, 0
356000, 77093, 1, 0, 0
357000, 88096, 1, 0, 0
358000, 91200, 1, 0, 0
359000, 89969, 1, 0, 0
