1000, 1853, 0, 0, 0
2001, 1964, 0, 0, 0
3000, 1737, 0, 0, 0
4001, 1787, 0, 0, 0
5000, 1863, 0, 0, 0
6000, 2066, 0, 0, 0
7000, 2228, 0, 0, 0
8000, 2058, 0, 0, 0
9001, 2268, 0, 0, 0
10000, 2273, 0, 0, 0
11001, 2099, 0, 0, 0
12000, 2146, 0, 0, 0
13001, 2348, 0, 0, 0
14000, 2198, 0, 0, 0
15000, 2193, 0, 0, 0
16001, 2231, 0, 0, 0
17000, 2111, 0, 0, 0
18001, 2094, 0, 0, 0
19000, 2124, 0, 0, 0
20001, 2414, 0, 0, 0
21000, 2089, 0, 0, 0
22000, 1961, 0, 0, 0
23001, 2363, 0, 0, 0
24000, 1740, 0, 0, 0
25001, 1194, 0, 0, 0
26000, 906, 0, 0, 0
27000, 988, 0, 0, 0
28001, 1083, 0, 0, 0
29000, 1179, 0, 0, 0
30000, 1156, 0, 0, 0
31001, 1354, 0, 0, 0
32000, 924, 0, 0, 0
33001, 1231, 0, 0, 0
34000, 1358, 0, 0, 0
35001, 1732, 0, 0, 0
36000, 1631, 0, 0, 0
37000, 1727, 0, 0, 0
38000, 2146, 0, 0, 0
39001, 1975, 0, 0, 0
40000, 2195, 0, 0, 0
41001, 2228, 0, 0, 0
42000, 1972, 0, 0, 0
43001, 2118, 0, 0, 0
44000, 2268, 0, 0, 0
45001, 2270, 0, 0, 0
46000, 2108, 0, 0, 0
47001, 2250, 0, 0, 0
48000, 2158, 0, 0, 0
49001, 1845, 0, 0, 0
50001, 1971, 0, 0, 0
51000, 2057, 0, 0, 0
52001, 1825, 0, 0, 0
53001, 2241, 0, 0, 0
54000, 2074, 0, 0, 0
55001, 2336, 0, 0, 0
56000, 2375, 0, 0, 0
57000, 1749, 0, 0, 0
58000, 1687, 0, 0, 0
59000, 1658, 0, 0, 0
60001, 1866, 0, 0, 0
61000, 1639, 0, 0, 0
62001, 1945, 0, 0, 0
63001, 2088, 0, 0, 0
64000, 2520, 0, 0, 0
65001, 1056, 0, 0, 0
66000, 912, 0, 0, 0
67000, 1037, 0, 0, 0
68001, 1305, 0, 0, 0
69000, 1365, 0, 0, 0
70001, 1581, 0, 0, 0
71000, 1674, 0, 0, 0
72001, 1888, 0, 0, 0
73000, 2145, 0, 0, 0
74001, 2242, 0, 0, 0
75000, 1699, 0, 0, 0
76001, 1706, 0, 0, 0
77001, 1847, 0, 0, 0
78001, 1870, 0, 0, 0
79000, 2033, 0, 0, 0
80001, 2095, 0, 0, 0
81000, 2189, 0, 0, 0
82001, 2117, 0, 0, 0
83001, 2128, 0, 0, 0
84000, 2251, 0, 0, 0
85001, 2096, 0, 0, 0
86000, 2305, 0, 0, 0
87001, 2163, 0, 0, 0
88000, 1936, 0, 0, 0
89001, 1941, 0, 0, 0
90000, 1997, 0, 0, 0
91001, 1920, 0, 0, 0
92001, 2396, 0, 0, 0
93000, 1878, 0, 0, 0
94001, 1501, 0, 0, 0
95000, 1104, 0, 0, 0
96001, 1167, 0, 0, 0
97000, 1402, 0, 0, 0
98001, 1532, 0, 0, 0
99000, 1876, 0, 0, 0
100001, 1851, 0, 0, 0
101000, 1791, 0, 0, 0
102001, 2195, 0, 0, 0
103001, 2071, 0, 0, 0
104000, 2413, 0, 0, 0
105001, 1753, 0, 0, 0
106000, 1633, 0, 0, 0
107001, 963, 0, 0, 0
108001, 1008, 0, 0, 0
109000, 1271, 0, 0, 0
110001, 1299, 0, 0, 0
111000, 1322, 0, 0, 0
112001, 1501, 0, 0, 0
113000, 1420, 0, 0, 0
114001, 1425, 0, 0, 0
115001, 1593, 0, 0, 0
116001, 1361, 0, 0, 0
117001, 1394, 0, 0, 0
118000, 1343, 0, 0, 0
119001, 1584, 0, 0, 0
120000, 1484, 0, 0, 0
121001, 1347, 0, 0, 0
122000, 1379, 0, 0, 0
123001, 1474, 0, 0, 0
124000, 1490, 0, 0, 0
125001, 1603, 0, 0, 0
126000, 1571, 0, 0, 0
127001, 1442, 0, 0, 0
128001, 1590, 0, 0, 0
129000, 1559, 0, 0, 0
130001, 1781, 0, 0, 0
131000, 1601, 0, 0, 0
132001, 2127, 0, 0, 0
133001, 2129, 0, 0, 0
134000, 2064, 0, 0, 0
135001, 2063, 0, 0, 0
136000, 2078, 0, 0, 0
137001, 1858, 0, 0, 0
138001, 2237, 0, 0, 0
139001, 1997, 0, 0, 0
140001, 1634, 0, 0, 0
141000, 2183, 0, 0, 0
142001, 2070, 0, 0, 0
143000, 2015, 0, 0, 0
144001, 2018, 0, 0, 0
145000, 2022, 0, 0, 0
146001, 2061, 0, 0, 0
147001, 2133, 0, 0, 0
148000, 1982, 0, 0, 0
149001, 2092, 0, 0, 0
150001, 1651, 0, 0, 0
151001, 1658, 0, 0, 0
152000, 1517, 0, 0, 0
153001, 1564, 0, 0, 0
154000, 1453, 0, 0, 0
155001, 1733, 0, 0, 0
156001, 1768, 0, 0, 0
157001, 1866, 0, 0, 0
158001, 1637, 0, 0, 0
159001, 1481, 0, 0, 0
160001, 1655, 0, 0, 0
161001, 1426, 0, 0, 0
162001, 1526, 0, 0, 0
163001, 1742, 0, 0, 0
164001, 1802, 0, 0, 0
165001, 1571, 0, 0, 0
166001, 1749, 0, 0, 0
167001, 2085, 0, 0, 0
168001, 2093, 0, 0, 0
169001, 1917, 0, 0, 0
170000, 1980, 0, 0, 0
171001, 1819, 0, 0, 0
172000, 1877, 0, 0, 0
173001, 1982, 0, 0, 0
174001, 1936, 0, 0, 0
175001, 1205, 0, 0, 0
176001, 1103, 0, 0, 0
177000, 1153, 0, 0, 0
178001, 1058, 0, 0, 0
179001, 1041, 0, 0, 0
180001, 1138, 0, 0, 0
181001, 1147, 0, 0, 0
182001, 1063, 0, 0, 0
183001, 1088, 0, 0, 0
184000, 1071, 0, 0, 0
185001, 1068, 0, 0, 0
186001, 1149, 0, 0, 0
187001, 1146, 0, 0, 0
188001, 1108, 0, 0, 0
189000, 1268, 0, 0, 0
190001, 1235, 0, 0, 0
191001, 1250, 0, 0, 0
192001, 1211, 0, 0, 0
193001, 1260, 0, 0, 0
194001, 1176, 0, 0, 0
195001, 1149, 0, 0, 0
196001, 2001, 0, 0, 0
197001, 2106, 0, 0, 0
198001, 2156, 0, 0, 0
199001, 1961, 0, 0, 0
200001, 2063, 0, 0, 0
201001, 2202, 0, 0, 0
202001, 1876, 0, 0, 0
203000, 1998, 0, 0, 0
204001, 2052, 0, 0, 0
205001, 1996, 0, 0, 0
206001, 2003, 0, 0, 0
207001, 2162, 0, 0, 0
208001, 2004, 0, 0, 0
209001, 2069, 0, 0, 0
210000, 2107, 0, 0, 0
211001, 1959, 0, 0, 0
212001, 2059, 0, 0, 0
213001, 2172, 0, 0, 0
214001, 2083, 0, 0, 0
215001, 2145, 0, 0, 0
216001, 1997, 0, 0, 0
217001, 2112, 0, 0, 0
218001, 2090, 0, 0, 0
219001, 1985, 0, 0, 0
220001, 2096, 0, 0, 0
221001, 2145, 0, 0, 0
222001, 1982, 0, 0, 0
223001, 1969, 0, 0, 0
224001, 2064, 0, 0, 0
225001, 1881, 0, 0, 0
226001, 2190, 0, 0, 0
227001, 2362, 0, 0, 0
228001, 2145, 0, 0, 0
229001, 2161, 0, 0, 0
230001, 2212, 0, 0, 0
231001, 2120, 0, 0, 0
232001, 2148, 0, 0, 0
233001, 2127, 0, 0, 0
234001, 2050, 0, 0, 0
235001, 1990, 0, 0, 0
236001, 2136, 0, 0, 0
237001, 2001, 0, 0, 0
238001, 2192, 0, 0, 0
239001, 2166, 0, 0, 0
240001, 2026, 0, 0, 0
241001, 2076, 0, 0, 0
242001, 2136, 0, 0, 0
243001, 1984, 0, 0, 0
244001, 2037, 0, 0, 0
245001, 2034, 0, 0, 0
246001, 1897, 0, 0, 0
247001, 2075, 0, 0, 0
248001, 2013, 0, 0, 0
249001, 2055, 0, 0, 0
250001, 2252, 0, 0, 0
251001, 2075, 0, 0, 0
252001, 2081, 0, 0, 0
253001, 2251, 0, 0, 0
254001, 2025, 0, 0, 0
255001, 1432, 0, 0, 0
256001, 1166, 0, 0, 0
257001, 1465, 0, 0, 0
258001, 1153, 0, 0, 0
259001, 1512, 0, 0, 0
260001, 1599, 0, 0, 0
261001, 1833, 0, 0, 0
262001, 1688, 0, 0, 0
263001, 1785, 0, 0, 0
264001, 1714, 0, 0, 0
265001, 1587, 0, 0, 0
266001, 1791, 0, 0, 0
267002, 1760, 0, 0, 0
268001, 1710, 0, 0, 0
269001, 1779, 0, 0, 0
270001, 1658, 0, 0, 0
271001, 1724, 0, 0, 0
272001, 1706, 0, 0, 0
273001, 1830, 0, 0, 0
274001, 1831, 0, 0, 0
275001, 1833, 0, 0, 0
276001, 1620, 0, 0, 0
277001, 1988, 0, 0, 0
278001, 1688, 0, 0, 0
279001, 1722, 0, 0, 0
280001, 1860, 0, 0, 0
281001, 1674, 0, 0, 0
282001, 1683, 0, 0, 0
283001, 1785, 0, 0, 0
284001, 1760, 0, 0, 0
285002, 1923, 0, 0, 0
286001, 1841, 0, 0, 0
287001, 1820, 0, 0, 0
288001, 1870, 0, 0, 0
289001, 1843, 0, 0, 0
290001, 1934, 0, 0, 0
291001, 1849, 0, 0, 0
292001, 1906, 0, 0, 0
293001, 2049, 0, 0, 0
294001, 1994, 0, 0, 0
295001, 2028, 0, 0, 0
296002, 2094, 0, 0, 0
297001, 1869, 0, 0, 0
298001, 2041, 0, 0, 0
299001, 2186, 0, 0, 0
300001, 1621, 0, 0, 0
301001, 1585, 0, 0, 0
302001, 1589, 0, 0, 0
303001, 1323, 0, 0, 0
304001, 1996, 0, 0, 0
305001, 1872, 0, 0, 0
306001, 1878, 0, 0, 0
307001, 2000, 0, 0, 0
308001, 2149, 0, 0, 0
309001, 2030, 0, 0, 0
310001, 1994, 0, 0, 0
311001, 1886, 0, 0, 0
312001, 1960, 0, 0, 0
313001, 1915, 0, 0, 0
314001, 2058, 0, 0, 0
315001, 2042, 0, 0, 0
316001, 1920, 0, 0, 0
317001, 2055, 0, 0, 0
318001, 2046, 0, 0, 0
319001, 1992, 0, 0, 0
320001, 2015, 0, 0, 0
321001, 1855, 0, 0, 0
322001, 2130, 0, 0, 0
323001, 2256, 0, 0, 0
324001, 2081, 0, 0, 0
325001, 2063, 0, 0, 0
326002, 2114, 0, 0, 0
327001, 1982, 0, 0, 0
328001, 2113, 0, 0, 0
329001, 1975, 0, 0, 0
330001, 1965, 0, 0, 0
331001, 2035, 0, 0, 0
332002, 1936, 0, 0, 0
333001, 1922, 0, 0, 0
334002, 2001, 0, 0, 0
335001, 1951, 0, 0, 0
336002, 2008, 0, 0, 0
337001, 2097, 0, 0, 0
338002, 2200, 0, 0, 0
339001, 1990, 0, 0, 0
340001, 2254, 0, 0, 0
341001, 2230, 0, 0, 0
342001, 2085, 0, 0, 0
343001, 1979, 0, 0, 0
344001, 2089, 0, 0, 0
345001, 1980, 0, 0, 0
346001, 2088, 0, 0, 0
347002, 2137, 0, 0, 0
348001, 1982, 0, 0, 0
349001, 2068, 0, 0, 0
350001, 2224, 0, 0, 0
351002, 2058, 0, 0, 0
352001, 2305, 0, 0, 0
353002, 2019, 0, 0, 0
354001, 1981, 0, 0, 0
355001, 2000, 0, 0, 0
356002, 2016, 0, 0, 0
357001, 1960, 0, 0, 0
358001, 1964, 0, 0, 0
359001, 2039, 0, 0, 0
