999, 7764, 0, 0, 0
2000, 7781, 0, 0, 0
3000, 7095, 0, 0, 0
3999, 6913, 0, 0, 0
4999, 7083, 0, 0, 0
6000, 6982, 0, 0, 0
6999, 7093, 0, 0, 0
7999, 6856, 0, 0, 0
9000, 7098, 0, 0, 0
9999, 7312, 0, 0, 0
10999, 7242, 0, 0, 0
12000, 6889, 0, 0, 0
12999, 7106, 0, 0, 0
13999, 6046, 0, 0, 0
15000, 6648, 0, 0, 0
15999, 2376, 0, 0, 0
16999, 1465, 0, 0, 0
17999, 1622, 0, 0, 0
18999, 1516, 0, 0, 0
19999, 1438, 0, 0, 0
20999, 1433, 0, 0, 0
21999, 3572, 0, 0, 0
22999, 4369, 0, 0, 0
23999, 3740, 0, 0, 0
24999, 2806, 0, 0, 0
25999, 2865, 0, 0, 0
26999, 4089, 0, 0, 0
27999, 3901, 0, 0, 0
28999, 4357, 0, 0, 0
29999, 4719, 0, 0, 0
30999, 4854, 0, 0, 0
31999, 5088, 0, 0, 0
32999, 5031, 0, 0, 0
34000, 5151, 0, 0, 0
34999, 5113, 0, 0, 0
35999, 7371, 0, 0, 0
36999, 9310, 0, 0, 0
37999, 9410, 0, 0, 0
38999, 9228, 0, 0, 0
39999, 9257, 0, 0, 0
40999, 9288, 0, 0, 0
41999, 9580, 0, 0, 0
42998, 9651, 0, 0, 0
43999, 9554, 0, 0, 0
44999, 9420, 0, 0, 0
45999, 9413, 0, 0, 0
46999, 7063, 0, 0, 0
47999, 7483, 0, 0, 0
48999, 7419, 0, 0, 0
49999, 7349, 0, 0, 0
50999, 7308, 0, 0, 0
51999, 7428, 0, 0, 0
52999, 7936, 0, 0, 0
53999, 7730, 0, 0, 0
54999, 7482, 0, 0, 0
55999, 7722, 0, 0, 0
56999, 7077, 0, 0, 0
57999, 7256, 0, 0, 0
58998, 7318, 0, 0, 0
59999, 7147, 0, 0, 0
60999, 7042, 0, 0, 0
61998, 7220, 0, 0, 0
62999, 7515, 0, 0, 0
63999, 7597, 0, 0, 0
64998, 7535, 0, 0, 0
65999, 7622, 0, 0, 0
66999, 7596, 0, 0, 0
67998, 6745, 0, 0, 0
68998, 6637, 0, 0, 0
69999, 6418, 0, 0, 0
70998, 6103, 0, 0, 0
71998, 6417, 0, 0, 0
72999, 6365, 0, 0, 0
73998, 6967, 0, 0, 0
74998, 7101, 0, 0, 0
75999, 6967, 0, 0, 0
76998, 7122, 0, 0, 0
77998, 7071, 0, 0, 0
78999, 6079, 0, 0, 0
79998, 6550, 0, 0, 0
80998, 6872, 0, 0, 0
81999, 6517, 0, 0, 0
82998, 6710, 0, 0, 0
83998, 6735, 0, 0, 0
84999, 7254, 0, 0, 0
85998, 6699, 0, 0, 0
86998, 6135, 0, 0, 0
87999, 5588, 0, 0, 0
88998, 5802, 0, 0, 0
89998, 4157, 0, 0, 0
90999, 4351, 0, 0, 0
91998, 4123, 0, 0, 0
92998, 4609, 0, 0, 0
93999, 7005, 0, 0, 0
94998, 7434, 0, 0, 0
95998, 7551, 0, 0, 0
96999, 7755, 0, 0, 0
97998, 7655, 0, 0, 0
98998, 7646, 0, 0, 0
99998, 7245, 0, 0, 0
100998, 6929, 0, 0, 0
101998, 7448, 0, 0, 0
102998, 7588, 0, 0, 0
103998, 7537, 0, 0, 0
104998, 7049, 0, 0, 0
105998, 7285, 0, 0, 0
106998, 7395, 0, 0, 0
107998, 7244, 0, 0, 0
108999, 7169, 0, 0, 0
109998, 7166, 0, 0, 0
110998, 6333, 0, 0, 0
111998, 6995, 0, 0, 0
112998, 7095, 0, 0, 0
113998, 6990, 0, 0, 0
114998, 6769, 0, 0, 0
115998, 6549, 0, 0, 0
116998, 6984, 0, 0, 0
117998, 7051, 0, 0, 0
118998, 6654, 0, 0, 0
119998, 6821, 0, 0, 0
120998, 7039, 0, 0, 0
121998, 6009, 0, 0, 0
122998, 6037, 0, 0, 0
123998, 5883, 0, 0, 0
124998, 5793, 0, 0, 0
125997, 5761, 0, 0, 0
126998, 5609, 0, 0, 0
127998, 6178, 0, 0, 0
128997, 5983, 0, 0, 0
129998, 6095, 0, 0, 0
130998, 5715, 0, 0, 0
131997, 6290, 0, 0, 0
132998, 5356, 0, 0, 0
133998, 6085, 0, 0, 0
134997, 6338, 0, 0, 0
135998, 5921, 0, 0, 0
136997, 5517, 0, 0, 0
137998, 5315, 0, 0, 0
138998, 5598, 0, 0, 0
139997, 4987, 0, 0, 0
140998, 4560, 0, 0, 0
141998, 4554, 0, 0, 0
142997, 4330, 0, 0, 0
143998, 4611, 0, 0, 0
144997, 5318, 0, 0, 0
145997, 5608, 0, 0, 0
146998, 5356, 0, 0, 0
147997, 5202, 0, 0, 0
148997, 5294, 0, 0, 0
149998, 5428, 0, 0, 0
150997, 5170, 0, 0, 0
151997, 5089, 0, 0, 0
152997, 4992, 0, 0, 0
153997, 4889, 0, 0, 0
154998, 5478, 0, 0, 0
155997, 6047, 0, 0, 0
156997, 6194, 0, 0, 0
157998, 5437, 0, 0, 0
158997, 5104, 0, 0, 0
159997, 5087, 0, 0, 0
160998, 5514, 0, 0, 0
161997, 5023, 0, 0, 0
162997, 5386, 0, 0, 0
163997, 5415, 0, 0, 0
164997, 4616, 0, 0, 0
165997, 3848, 0, 0, 0
166997, 3191, 0, 0, 0
167997, 3109, 0, 0, 0
168997, 2774, 0, 0, 0
169997, 2549, 0, 0, 0
170997, 3073, 0, 0, 0
171997, 3505, 0, 0, 0
172997, 2789, 0, 0, 0
173997, 3012, 0, 0, 0
174998, 3396, 0, 0, 0
175997, 2484, 0, 0, 0
176997, 4029, 0, 0, 0
177997, 5628, 0, 0, 0
178997, 5555, 0, 0, 0
179997, 5537, 0, 0, 0
180997, 5597, 0, 0, 0
181997, 5626, 0, 0, 0
182997, 5761, 0, 0, 0
183997, 5727, 0, 0, 0
184997, 5609, 0, 0, 0
185997, 5897, 0, 0, 0
186997, 4074, 0, 0, 0
187997, 2394, 0, 0, 0
188997, 2632, 0, 0, 0
189997, 2748, 0, 0, 0
190997, 2580, 0, 0, 0
191997, 4840, 0, 0, 0
192997, 5716, 0, 0, 0
193996, 5742, 0, 0, 0
194997, 5769, 0, 0, 0
195997, 5839, 0, 0, 0
196996, 5776, 0, 0, 0
197997, 4946, 0, 0, 0
198997, 6220, 0, 0, 0
199996, 6430, 0, 0, 0
200997, 6364, 0, 0, 0
201997, 6517, 0, 0, 0
202996, 6670, 0, 0, 0
203997, 7981, 0, 0, 0
204997, 9430, 0, 0, 0
205996, 9506, 0, 0, 0
206997, 9496, 0, 0, 0
207996, 9527, 0, 0, 0
208996, 8687, 0, 0, 0
209997, 9316, 0, 0, 0
210996, 9309, 0, 0, 0
211996, 9105, 0, 0, 0
212997, 9367, 0, 0, 0
213996, 9401, 0, 0, 0
214996, 9555, 0, 0, 0
215997, 9544, 0, 0, 0
216996, 9406, 0, 0, 0
217997, 9544, 0, 0, 0
218996, 8770, 0, 0, 0
219996, 5493, 0, 0, 0
220997, 5608, 0, 0, 0
221996, 5595, 0, 0, 0
222996, 5474, 0, 0, 0
223997, 5967, 0, 0, 0
224996, 6242, 0, 0, 0
225996, 6472, 0, 0, 0
226996, 6082, 0, 0, 0
227996, 5795, 0, 0, 0
228996, 5910, 0, 0, 0
229996, 5045, 0, 0, 0
230996, 5578, 0, 0, 0
231997, 5693, 0, 0, 0
232996, 5478, 0, 0, 0
233996, 4803, 0, 0, 0
234996, 3319, 0, 0, 0
235996, 3012, 0, 0, 0
236996, 3338, 0, 0, 0
237996, 3853, 0, 0, 0
238996, 5156, 0, 0, 0
239996, 5070, 0, 0, 0
240996, 4183, 0, 0, 0
241996, 5311, 0, 0, 0
242995, 6787, 0, 0, 0
243996, 5716, 0, 0, 0
244996, 5541, 0, 0, 0
245996, 5506, 0, 0, 0
246996, 5775, 0, 0, 0
247996, 6158, 0, 0, 0
248996, 7315, 0, 0, 0
249996, 9410, 0, 0, 0
250996, 9597, 0, 0, 0
251996, 8844, 0, 0, 0
252996, 9286, 0, 0, 0
253995, 9483, 0, 0, 0
254996, 9077, 0, 0, 0
255996, 9366, 0, 0, 0
256995, 9302, 0, 0, 0
257996, 9625, 0, 0, 0
258996, 9575, 0, 0, 0
259996, 9762, 0, 0, 0
260995, 9543, 0, 0, 0
261995, 9302, 0, 0, 0
262996, 12688, 0, 0, 0
263996, 13839, 0, 0, 0
264996, 13766, 0, 0, 0
265995, 11809, 0, 0, 0
266995, 7199, 0, 0, 0
267995, 7071, 0, 0, 0
268996, 6988, 0, 0, 0
269995, 7088, 0, 0, 0
270995, 7132, 0, 0, 0
271996, 7450, 0, 0, 0
272995, 7448, 0, 0, 0
273995, 7348, 0, 0, 0
274996, 7478, 0, 0, 0
275995, 7422, 0, 0, 0
276995, 6543, 0, 0, 0
277996, 7109, 0, 0, 0
278995, 6826, 0, 0, 0
279995, 6518, 0, 0, 0
280996, 7027, 0, 0, 0
281995, 6848, 0, 0, 0
282995, 6953, 0, 0, 0
283996, 7062, 0, 0, 0
284995, 6367, 0, 0, 0
285995, 6179, 0, 0, 0
286995, 6161, 0, 0, 0
287995, 4109, 0, 0, 0
288995, 4422, 0, 0, 0
289995, 4030, 0, 0, 0
290995, 4379, 0, 0, 0
291995, 4274, 0, 0, 0
292995, 3034, 0, 0, 0
293995, 2989, 0, 0, 0
294995, 3411, 0, 0, 0
295995, 5860, 0, 0, 0
296995, 5521, 0, 0, 0
297995, 5586, 0, 0, 0
298995, 4628, 0, 0, 0
299995, 5666, 0, 0, 0
300995, 5712, 0, 0, 0
301995, 4042, 0, 0, 0
302994, 2581, 0, 0, 0
303995, 2728, 0, 0, 0
304995, 4103, 0, 0, 0
305994, 4298, 0, 0, 0
306995, 4191, 0, 0, 0
307995, 4067, 0, 0, 0
308994, 3928, 0, 0, 0
309995, 1162, 0, 0, 0
310995, 1157, 0, 0, 0
311994, 1212, 0, 0, 0
312995, 1222, 0, 0, 0
313995, 1272, 0, 0, 0
314994, 1281, 0, 0, 0
315995, 1207, 0, 0, 0
316995, 1153, 0, 0, 0
317994, 1200, 0, 0, 0
318995, 1144, 0, 0, 0
319995, 1211, 0, 0, 0
320994, 1149, 0, 0, 0
321995, 1277, 0, 0, 0
322995, 1265, 0, 0, 0
323994, 2547, 0, 0, 0
324995, 3488, 0, 0, 0
325995, 3345, 0, 0, 0
326994, 3394, 0, 0, 0
327994, 2743, 0, 0, 0
328995, 2783, 0, 0, 0
329994, 5313, 0, 0, 0
330994, 9557, 0, 0, 0
331995, 8926, 0, 0, 0
332994, 9241, 0, 0, 0
333994, 9414, 0, 0, 0
334995, 9280, 0, 0, 0
335994, 9215, 0, 0, 0
336994, 9290, 0, 0, 0
337995, 9521, 0, 0, 0
338994, 9683, 0, 0, 0
339994, 9367, 0, 0, 0
340995, 9344, 0, 0, 0
341994, 9649, 0, 0, 0
342994, 8020, 0, 0, 0
343994, 6720, 0, 0, 0
344994, 6712, 0, 0, 0
345994, 6600, 0, 0, 0
346994, 7050, 0, 0, 0
347994, 7146, 0, 0, 0
348994, 7287, 0, 0, 0
349994, 7304, 0, 0, 0
350994, 7326, 0, 0, 0
351994, 7236, 0, 0, 0
352994, 7330, 0, 0, 0
353994, 5827, 0, 0, 0
354994, 5949, 0, 0, 0
355994, 4023, 0, 0, 0
356994, 4026, 0, 0, 0
357994, 2635, 0, 0, 0
358994, 2528, 0, 0, 0
359993, 2522, 0, 0, 0
