999, 80107, 0, 0, 0
999, 79387, 1, 0, 0
1999, 79558, 0, 0, 0
1999, 79638, 1, 0, 0
2999, 80610, 0, 0, 0
2999, 79716, 1, 0, 0
3999, 79740, 0, 0, 0
3999, 79731, 1, 0, 0
5000, 77042, 0, 0, 0
5000, 77044, 1, 0, 0
5999, 76449, 0, 0, 0
5999, 77041, 1, 0, 0
6999, 79218, 0, 0, 0
6999, 79606, 1, 0, 0
8000, 79474, 0, 0, 0
8000, 79639, 1, 0, 0
8999, 79396, 0, 0, 0
8999, 79708, 1, 0, 0
10000, 79260, 0, 0, 0
10000, 79261, 1, 0, 0
10999, 76502, 0, 0, 0
10999, 76671, 1, 0, 0
11999, 78980, 0, 0, 0
11999, 79277, 1, 0, 0
13000, 79752, 0, 0, 0
13000, 79678, 1, 0, 0
13999, 79440, 0, 0, 0
13999, 79890, 1, 0, 0
15000, 80048, 0, 0, 0
15000, 79728, 1, 0, 0
15999, 74008, 0, 0, 0
15999, 74935, 1, 0, 0
16999, 79233, 0, 0, 0
16999, 78851, 1, 0, 0
18000, 79215, 0, 0, 0
18000, 79298, 1, 0, 0
18999, 80174, 0, 0, 0
18999, 79729, 1, 0, 0
20000, 79559, 0, 0, 0
20000, 79350, 1, 0, 0
21000, 76892, 0, 0, 0
21000, 76926, 1, 0, 0
21999, 79058, 0, 0, 0
21999, 79306, 1, 0, 0
23000, 79935, 0, 0, 0
23000, 79091, 1, 0, 0
23999, 79893, 0, 0, 0
23999, 79376, 1, 0, 0
25000, 79542, 0, 0, 0
25000, 79722, 1, 0, 0
26000, 77230, 0, 0, 0
26000, 77217, 1, 0, 0
27000, 75776, 0, 0, 0
27000, 75750, 1, 0, 0
28000, 78256, 0, 0, 0
28000, 78574, 1, 0, 0
28999, 78936, 0, 0, 0
28999, 79502, 1, 0, 0
30000, 73533, 0, 0, 0
30000, 73311, 1, 0, 0
30999, 74111, 0, 0, 0
30999, 74093, 1, 0, 0
32000, 77648, 0, 0, 0
32000, 77186, 1, 0, 0
33000, 77204, 0, 0, 0
33000, 77254, 1, 0, 0
34000, 72611, 0, 0, 0
34000, 72951, 1, 0, 0
35000, 78968, 0, 0, 0
35000, 78788, 1, 0, 0
36000, 79653, 0, 0, 0
36000, 79413, 1, 0, 0
37000, 77323, 0, 0, 0
37000, 77593, 1, 0, 0
38000, 77238, 0, 0, 0
38000, 77206, 1, 0, 0
39000, 79207, 0, 0, 0
39000, 79278, 1, 0, 0
40000, 79503, 0, 0, 0
40000, 79595, 1, 0, 0
41000, 79889, 0, 0, 0
41000, 79647, 1, 0, 0
42000, 79957, 0, 0, 0
42000, 79874, 1, 0, 0
43000, 80806, 0, 0, 0
43000, 79794, 1, 0, 0
44000, 80733, 0, 0, 0
44000, 79737, 1, 0, 0
45000, 77400, 0, 0, 0
45000, 76845, 1, 0, 0
46000, 79507, 0, 0, 0
46000, 79465, 1, 0, 0
47001, 77001, 0, 0, 0
47001, 76817, 1, 0, 0
48000, 79629, 0, 0, 0
48000, 79840, 1, 0, 0
49000, 79481, 0, 0, 0
49000, 79615, 1, 0, 0
50000, 79377, 0, 0, 0
50000, 79651, 1, 0, 0
51000, 77481, 0, 0, 0
51000, 77214, 1, 0, 0
52001, 79327, 0, 0, 0
52001, 79488, 1, 0, 0
53000, 79008, 0, 0, 0
53000, 79536, 1, 0, 0
54000, 80298, 0, 0, 0
54000, 79644, 1, 0, 0
55000, 77140, 0, 0, 0
55000, 76960, 1, 0, 0
56000, 79036, 0, 0, 0
56000, 79516, 1, 0, 0
57000, 74103, 0, 0, 0
57000, 75229, 1, 0, 0
58000, 77353, 0, 0, 0
58000, 76582, 1, 0, 0
59000, 70640, 0, 0, 0
59000, 70625, 1, 0, 0
60000, 72541, 0, 0, 0
60000, 73082, 1, 0, 0
61000, 73895, 0, 0, 0
61000, 74300, 1, 0, 0
62000, 71506, 0, 0, 0
62000, 71128, 1, 0, 0
63000, 72499, 0, 0, 0
63000, 73003, 1, 0, 0
64000, 74349, 0, 0, 0
64000, 75005, 1, 0, 0
65000, 72261, 0, 0, 0
65000, 72664, 1, 0, 0
66000, 78870, 0, 0, 0
66000, 79019, 1, 0, 0
67000, 79417, 0, 0, 0
67000, 79063, 1, 0, 0
68000, 76958, 0, 0, 0
68000, 77259, 1, 0, 0
69000, 79185, 0, 0, 0
69000, 79437, 1, 0, 0
70000, 76587, 0, 0, 0
70000, 77002, 1, 0, 0
71000, 79576, 0, 0, 0
71000, 79153, 1, 0, 0
72000, 71538, 0, 0, 0
72000, 71647, 1, 0, 0
73000, 74254, 0, 0, 0
73000, 73928, 1, 0, 0
74000, 75627, 0, 0, 0
74000, 75229, 1, 0, 0
75000, 79518, 0, 0, 0
75001, 79484, 1, 0, 0
76000, 79251, 0, 0, 0
76000, 79227, 1, 0, 0
77000, 79429, 0, 0, 0
77000, 79811, 1, 0, 0
78000, 78015, 0, 0, 0
78000, 77976, 1, 0, 0
79000, 80063, 0, 0, 0
79000, 80245, 1, 0, 0
80000, 80193, 0, 0, 0
80000, 80231, 1, 0, 0
81000, 80188, 0, 0, 0
81000, 80248, 1, 0, 0
82000, 80927, 0, 0, 0
82000, 80265, 1, 0, 0
83001, 80454, 0, 0, 0
83001, 80275, 1, 0, 0
84000, 80686, 0, 0, 0
84000, 80189, 1, 0, 0
85000, 79990, 0, 0, 0
85000, 80181, 1, 0, 0
86001, 80170, 0, 0, 0
86001, 80222, 1, 0, 0
87000, 80714, 0, 0, 0
87000, 80104, 1, 0, 0
88000, 77865, 0, 0, 0
88000, 78196, 1, 0, 0
89000, 80434, 0, 0, 0
89000, 80306, 1, 0, 0
90000, 80444, 0, 0, 0
90000, 80258, 1, 0, 0
91000, 80606, 0, 0, 0
91000, 80200, 1, 0, 0
92000, 79805, 0, 0, 0
92000, 80299, 1, 0, 0
93000, 80494, 0, 0, 0
93000, 80221, 1, 0, 0
94000, 80001, 0, 0, 0
94000, 80298, 1, 0, 0
95000, 80548, 0, 0, 0
95000, 80122, 1, 0, 0
96000, 79535, 0, 0, 0
96000, 80264, 1, 0, 0
97000, 80191, 0, 0, 0
97000, 80184, 1, 0, 0
98000, 77521, 0, 0, 0
98000, 77556, 1, 0, 0
99000, 80312, 0, 0, 0
99000, 79918, 1, 0, 0
100001, 77689, 0, 0, 0
100001, 77236, 1, 0, 0
101000, 78623, 0, 0, 0
101000, 79599, 1, 0, 0
102000, 79525, 0, 0, 0
102000, 79504, 1, 0, 0
103000, 79537, 0, 0, 0
103000, 79471, 1, 0, 0
104000, 79744, 0, 0, 0
104000, 79703, 1, 0, 0
105000, 79405, 0, 0, 0
105000, 79812, 1, 0, 0
106000, 80240, 0, 0, 0
106000, 79983, 1, 0, 0
107000, 80004, 0, 0, 0
107000, 80296, 1, 0, 0
108001, 77532, 0, 0, 0
108001, 77766, 1, 0, 0
109000, 80409, 0, 0, 0
109000, 80222, 1, 0, 0
110000, 80184, 0, 0, 0
110000, 80108, 1, 0, 0
111000, 79955, 0, 0, 0
111000, 80231, 1, 0, 0
112000, 80451, 0, 0, 0
112000, 80270, 1, 0, 0
113000, 80342, 0, 0, 0
113000, 80223, 1, 0, 0
114000, 80234, 0, 0, 0
114000, 80265, 1, 0, 0
115000, 80353, 0, 0, 0
115000, 80133, 1, 0, 0
116001, 79937, 0, 0, 0
116001, 80163, 1, 0, 0
117000, 80305, 0, 0, 0
117000, 80236, 1, 0, 0
118000, 77534, 0, 0, 0
118000, 77050, 1, 0, 0
119000, 77671, 0, 0, 0
119000, 77414, 1, 0, 0
120000, 79688, 0, 0, 0
120000, 79916, 1, 0, 0
121000, 79499, 0, 0, 0
121000, 79882, 1, 0, 0
122000, 80031, 0, 0, 0
122000, 79771, 1, 0, 0
123000, 79919, 0, 0, 0
123000, 79946, 1, 0, 0
124001, 79335, 0, 0, 0
124001, 79898, 1, 0, 0
125000, 80403, 0, 0, 0
125000, 80067, 1, 0, 0
126000, 80257, 0, 0, 0
126000, 80132, 1, 0, 0
127000, 80228, 0, 0, 0
127000, 80175, 1, 0, 0
128000, 77104, 0, 0, 0
128000, 78039, 1, 0, 0
129000, 77517, 0, 0, 0
129000, 77391, 1, 0, 0
130000, 79349, 0, 0, 0
130000, 79321, 1, 0, 0
131000, 79811, 0, 0, 0
131000, 79627, 1, 0, 0
132000, 79643, 0, 0, 0
132000, 79510, 1, 0, 0
133000, 79730, 0, 0, 0
133000, 79710, 1, 0, 0
134000, 80475, 0, 0, 0
134000, 79752, 1, 0, 0
135000, 79722, 0, 0, 0
135000, 79778, 1, 0, 0
136000, 80476, 0, 0, 0
136000, 79453, 1, 0, 0
137000, 77608, 0, 0, 0
137000, 77352, 1, 0, 0
138000, 77727, 0, 0, 0
138000, 77647, 1, 0, 0
139000, 80008, 0, 0, 0
139000, 79674, 1, 0, 0
140000, 79438, 0, 0, 0
140000, 79783, 1, 0, 0
141000, 79664, 0, 0, 0
141000, 79994, 1, 0, 0
142000, 80274, 0, 0, 0
142000, 80135, 1, 0, 0
143000, 79869, 0, 0, 0
143000, 80233, 1, 0, 0
144000, 79843, 0, 0, 0
144000, 79943, 1, 0, 0
145000, 79915, 0, 0, 0
145000, 79937, 1, 0, 0
146000, 77863, 0, 0, 0
146000, 77202, 1, 0, 0
147000, 79773, 0, 0, 0
147000, 79715, 1, 0, 0
148000, 77151, 0, 0, 0
148000, 77179, 1, 0, 0
149000, 80016, 0, 0, 0
149000, 79594, 1, 0, 0
150000, 79192, 0, 0, 0
150000, 79859, 1, 0, 0
151000, 80044, 0, 0, 0
151000, 79690, 1, 0, 0
152000, 79451, 0, 0, 0
152000, 80032, 1, 0, 0
153001, 80301, 0, 0, 0
153001, 79591, 1, 0, 0
154000, 76881, 0, 0, 0
154000, 76950, 1, 0, 0
155000, 79912, 0, 0, 0
155000, 79617, 1, 0, 0
156000, 79319, 0, 0, 0
156000, 79548, 1, 0, 0
157000, 79763, 0, 0, 0
157000, 79817, 1, 0, 0
158000, 77900, 0, 0, 0
158000, 77944, 1, 0, 0
159000, 80090, 0, 0, 0
159000, 79548, 1, 0, 0
160000, 73060, 0, 0, 0
160000, 72343, 1, 0, 0
161000, 77469, 0, 0, 0
161000, 78309, 1, 0, 0
162000, 80340, 0, 0, 0
162000, 79430, 1, 0, 0
163001, 79461, 0, 0, 0
163001, 79762, 1, 0, 0
164000, 79823, 0, 0, 0
164000, 79907, 1, 0, 0
165000, 77529, 0, 0, 0
165000, 76702, 1, 0, 0
166000, 79630, 0, 0, 0
166000, 79259, 1, 0, 0
167000, 73416, 0, 0, 0
167000, 73523, 1, 0, 0
168000, 72764, 0, 0, 0
168000, 73122, 1, 0, 0
169000, 76905, 0, 0, 0
169000, 77021, 1, 0, 0
170001, 79032, 0, 0, 0
170001, 78907, 1, 0, 0
171000, 78763, 0, 0, 0
171000, 79392, 1, 0, 0
172000, 79240, 0, 0, 0
172000, 79452, 1, 0, 0
173000, 79440, 0, 0, 0
173000, 79885, 1, 0, 0
174000, 79759, 0, 0, 0
174000, 79875, 1, 0, 0
175000, 79834, 0, 0, 0
175000, 79524, 1, 0, 0
176000, 79360, 0, 0, 0
176000, 79803, 1, 0, 0
177000, 76170, 0, 0, 0
177000, 76932, 1, 0, 0
178000, 76770, 0, 0, 0
178000, 76480, 1, 0, 0
179000, 79077, 0, 0, 0
179000, 79137, 1, 0, 0
180000, 79607, 0, 0, 0
180000, 79205, 1, 0, 0
181000, 76119, 0, 0, 0
181000, 75764, 1, 0, 0
182000, 76648, 0, 0, 0
182000, 77023, 1, 0, 0
183000, 73903, 0, 0, 0
183000, 74041, 1, 0, 0
184001, 75855, 0, 0, 0
184001, 75478, 1, 0, 0
185000, 74611, 0, 0, 0
185000, 75274, 1, 0, 0
186000, 79440, 0, 0, 0
186000, 78771, 1, 0, 0
187000, 79825, 0, 0, 0
187000, 79511, 1, 0, 0
188000, 78322, 0, 0, 0
188000, 77933, 1, 0, 0
189000, 80428, 0, 0, 0
189000, 80176, 1, 0, 0
190000, 79644, 0, 0, 0
190000, 80302, 1, 0, 0
191000, 79933, 0, 0, 0
191000, 80199, 1, 0, 0
192000, 80107, 0, 0, 0
192000, 80178, 1, 0, 0
193000, 80198, 0, 0, 0
193000, 80185, 1, 0, 0
194000, 79896, 0, 0, 0
194000, 80155, 1, 0, 0
195000, 79886, 0, 0, 0
195000, 80215, 1, 0, 0
196001, 80138, 0, 0, 0
196001, 80112, 1, 0, 0
197000, 79671, 0, 0, 0
197000, 80220, 1, 0, 0
198000, 77555, 0, 0, 0
198000, 77553, 1, 0, 0
199000, 79490, 0, 0, 0
199000, 79526, 1, 0, 0
200000, 79390, 0, 0, 0
200000, 79267, 1, 0, 0
201000, 76212, 0, 0, 0
201000, 76489, 1, 0, 0
202000, 78668, 0, 0, 0
202000, 79144, 1, 0, 0
203000, 79488, 0, 0, 0
203000, 79017, 1, 0, 0
204000, 79055, 0, 0, 0
204000, 79242, 1, 0, 0
205000, 79815, 0, 0, 0
205000, 79567, 1, 0, 0
206001, 79604, 0, 0, 0
206001, 79707, 1, 0, 0
207000, 79519, 0, 0, 0
207000, 79763, 1, 0, 0
208000, 74231, 0, 0, 0
208000, 74253, 1, 0, 0
209000, 78967, 0, 0, 0
209000, 78988, 1, 0, 0
210000, 79359, 0, 0, 0
210000, 79035, 1, 0, 0
211000, 78556, 0, 0, 0
211000, 79144, 1, 0, 0
212000, 80618, 0, 0, 0
212000, 79481, 1, 0, 0
213001, 79702, 0, 0, 0
213001, 79387, 1, 0, 0
214000, 78882, 0, 0, 0
214000, 79194, 1, 0, 0
215000, 77099, 0, 0, 0
215000, 76723, 1, 0, 0
216000, 79225, 0, 0, 0
216000, 79055, 1, 0, 0
217000, 79683, 0, 0, 0
217000, 79391, 1, 0, 0
218000, 76333, 0, 0, 0
218000, 76456, 1, 0, 0
219000, 74986, 0, 0, 0
219000, 74961, 1, 0, 0
220001, 73088, 0, 0, 0
220001, 73082, 1, 0, 0
221000, 74754, 0, 0, 0
221000, 75002, 1, 0, 0
222000, 73654, 0, 0, 0
222000, 74241, 1, 0, 0
223000, 71459, 0, 0, 0
223000, 70983, 1, 0, 0
224000, 74085, 0, 0, 0
224000, 73758, 1, 0, 0
225000, 75405, 0, 0, 0
225000, 75705, 1, 0, 0
226000, 70516, 0, 0, 0
226000, 71710, 1, 0, 0
227000, 73221, 0, 0, 0
227000, 72532, 1, 0, 0
228000, 74623, 0, 0, 0
228000, 75003, 1, 0, 0
229000, 77360, 0, 0, 0
229000, 77785, 1, 0, 0
230000, 80195, 0, 0, 0
230000, 80125, 1, 0, 0
231000, 79846, 0, 0, 0
231000, 80188, 1, 0, 0
232000, 80194, 0, 0, 0
232000, 80116, 1, 0, 0
233000, 80315, 0, 0, 0
233000, 80106, 1, 0, 0
234000, 78932, 0, 0, 0
234000, 80275, 1, 0, 0
235000, 80344, 0, 0, 0
235000, 80214, 1, 0, 0
236000, 80759, 0, 0, 0
236000, 80194, 1, 0, 0
237001, 79591, 0, 0, 0
237001, 80211, 1, 0, 0
238000, 80540, 0, 0, 0
238000, 80133, 1, 0, 0
239000, 77796, 0, 0, 0
239000, 77748, 1, 0, 0
240000, 77116, 0, 0, 0
240000, 77124, 1, 0, 0
241000, 78772, 0, 0, 0
241000, 79261, 1, 0, 0
242000, 80191, 0, 0, 0
242000, 79361, 1, 0, 0
243000, 79903, 0, 0, 0
243000, 79627, 1, 0, 0
244001, 79305, 0, 0, 0
244001, 79849, 1, 0, 0
245000, 79673, 0, 0, 0
245000, 79906, 1, 0, 0
246000, 79534, 0, 0, 0
246000, 79884, 1, 0, 0
247000, 79742, 0, 0, 0
247000, 79736, 1, 0, 0
248000, 80197, 0, 0, 0
248000, 79828, 1, 0, 0
249000, 77760, 0, 0, 0
249000, 77571, 1, 0, 0
250000, 80956, 0, 0, 0
250000, 79990, 1, 0, 0
251000, 80018, 0, 0, 0
251000, 80086, 1, 0, 0
252000, 80255, 0, 0, 0
252000, 80089, 1, 0, 0
253000, 80109, 0, 0, 0
253000, 80089, 1, 0, 0
254000, 80564, 0, 0, 0
254000, 80054, 1, 0, 0
255000, 80170, 0, 0, 0
255000, 80032, 1, 0, 0
256000, 80571, 0, 0, 0
256000, 80159, 1, 0, 0
257000, 80237, 0, 0, 0
257000, 80108, 1, 0, 0
258000, 80192, 0, 0, 0
258000, 80180, 1, 0, 0
259000, 78080, 0, 0, 0
259000, 77892, 1, 0, 0
260000, 79940, 0, 0, 0
260000, 80160, 1, 0, 0
261000, 79957, 0, 0, 0
261000, 80264, 1, 0, 0
262000, 79970, 0, 0, 0
262001, 80139, 1, 0, 0
263000, 79463, 0, 0, 0
263000, 80264, 1, 0, 0
264000, 80382, 0, 0, 0
264000, 80135, 1, 0, 0
265000, 80300, 0, 0, 0
265000, 80142, 1, 0, 0
266000, 80074, 0, 0, 0
266000, 80151, 1, 0, 0
267000, 80397, 0, 0, 0
267000, 80065, 1, 0, 0
268000, 80214, 0, 0, 0
268000, 80140, 1, 0, 0
269000, 74589, 0, 0, 0
269000, 75044, 1, 0, 0
270000, 79465, 0, 0, 0
270000, 79435, 1, 0, 0
271000, 78966, 0, 0, 0
271000, 79632, 1, 0, 0
272000, 78692, 0, 0, 0
272000, 79498, 1, 0, 0
273000, 79105, 0, 0, 0
273000, 79668, 1, 0, 0
274000, 79897, 0, 0, 0
274000, 79724, 1, 0, 0
275000, 79676, 0, 0, 0
275000, 79800, 1, 0, 0
276000, 79568, 0, 0, 0
276000, 80052, 1, 0, 0
277000, 79950, 0, 0, 0
277000, 79989, 1, 0, 0
278000, 80251, 0, 0, 0
278000, 79809, 1, 0, 0
279000, 77037, 0, 0, 0
279000, 77691, 1, 0, 0
280000, 77233, 0, 0, 0
280000, 76933, 1, 0, 0
281001, 79106, 0, 0, 0
281001, 79455, 1, 0, 0
282000, 78415, 0, 0, 0
282000, 79316, 1, 0, 0
283000, 79473, 0, 0, 0
283000, 79407, 1, 0, 0
284000, 79850, 0, 0, 0
284000, 79856, 1, 0, 0
285000, 79179, 0, 0, 0
285000, 79684, 1, 0, 0
286000, 78936, 0, 0, 0
286000, 79437, 1, 0, 0
287000, 75965, 0, 0, 0
287000, 76808, 1, 0, 0
288000, 79940, 0, 0, 0
288000, 79089, 1, 0, 0
289000, 77146, 0, 0, 0
289000, 76656, 1, 0, 0
290000, 79599, 0, 0, 0
290000, 79369, 1, 0, 0
291000, 79814, 0, 0, 0
291000, 79403, 1, 0, 0
292000, 76551, 0, 0, 0
292000, 76425, 1, 0, 0
293000, 79210, 0, 0, 0
293000, 78981, 1, 0, 0
294000, 79233, 0, 0, 0
294000, 79370, 1, 0, 0
295000, 79755, 0, 0, 0
295000, 79617, 1, 0, 0
296000, 79495, 0, 0, 0
296000, 79411, 1, 0, 0
297000, 71833, 0, 0, 0
297000, 72418, 1, 0, 0
298000, 74926, 0, 0, 0
298000, 75187, 1, 0, 0
299000, 66721, 0, 0, 0
299000, 66767, 1, 0, 0
300000, 73611, 0, 0, 0
300000, 73645, 1, 0, 0
301000, 79545, 0, 0, 0
301000, 79532, 1, 0, 0
302000, 79621, 0, 0, 0
302000, 79423, 1, 0, 0
303001, 79612, 0, 0, 0
303001, 79615, 1, 0, 0
304000, 79761, 0, 0, 0
304000, 79812, 1, 0, 0
305000, 79574, 0, 0, 0
305000, 79781, 1, 0, 0
306000, 79559, 0, 0, 0
306000, 79941, 1, 0, 0
307000, 78589, 0, 0, 0
307000, 78453, 1, 0, 0
308000, 78559, 0, 0, 0
308000, 78296, 1, 0, 0
309000, 77009, 0, 0, 0
309000, 77154, 1, 0, 0
310000, 79194, 0, 0, 0
310000, 79066, 1, 0, 0
311000, 79087, 0, 0, 0
311000, 79779, 1, 0, 0
312000, 79055, 0, 0, 0
312000, 79519, 1, 0, 0
313000, 76849, 0, 0, 0
313000, 76994, 1, 0, 0
314000, 70987, 0, 0, 0
314000, 71084, 1, 0, 0
315000, 74148, 0, 0, 0
315000, 73969, 1, 0, 0
316000, 73234, 0, 0, 0
316000, 73076, 1, 0, 0
317000, 75451, 0, 0, 0
317000, 75625, 1, 0, 0
318000, 79340, 0, 0, 0
318000, 79419, 1, 0, 0
319000, 78734, 0, 0, 0
319000, 79791, 1, 0, 0
320000, 77377, 0, 0, 0
320000, 77452, 1, 0, 0
321000, 79714, 0, 0, 0
321000, 79616, 1, 0, 0
322000, 79174, 0, 0, 0
322000, 79238, 1, 0, 0
323000, 76585, 0, 0, 0
323000, 76812, 1, 0, 0
324000, 79042, 0, 0, 0
324000, 79250, 1, 0, 0
325000, 79207, 0, 0, 0
325000, 79342, 1, 0, 0
326000, 79508, 0, 0, 0
326000, 79894, 1, 0, 0
327000, 79863, 0, 0, 0
327000, 79689, 1, 0, 0
328000, 80170, 0, 0, 0
328000, 79921, 1, 0, 0
329000, 80131, 0, 0, 0
329000, 80111, 1, 0, 0
330000, 78066, 0, 0, 0
330000, 78126, 1, 0, 0
331000, 79851, 0, 0, 0
331000, 80180, 1, 0, 0
332001, 80230, 0, 0, 0
332001, 80145, 1, 0, 0
333000, 80340, 0, 0, 0
333000, 80108, 1, 0, 0
334000, 80116, 0, 0, 0
334000, 80207, 1, 0, 0
335000, 80222, 0, 0, 0
335000, 80145, 1, 0, 0
336000, 79156, 0, 0, 0
336000, 80218, 1, 0, 0
337000, 79815, 0, 0, 0
337000, 80145, 1, 0, 0
338000, 79805, 0, 0, 0
338000, 80314, 1, 0, 0
339000, 80227, 0, 0, 0
339000, 80203, 1, 0, 0
340000, 77716, 0, 0, 0
340000, 77892, 1, 0, 0
341000, 79812, 0, 0, 0
341000, 80184, 1, 0, 0
342000, 80263, 0, 0, 0
342000, 80120, 1, 0, 0
343000, 80667, 0, 0, 0
343000, 80094, 1, 0, 0
344000, 79734, 0, 0, 0
344000, 80150, 1, 0, 0
345000, 80997, 0, 0, 0
345000, 80058, 1, 0, 0
346000, 80265, 0, 0, 0
346000, 80104, 1, 0, 0
347000, 80318, 0, 0, 0
347000, 80157, 1, 0, 0
348000, 80386, 0, 0, 0
348000, 80083, 1, 0, 0
349000, 77361, 0, 0, 0
349000, 77971, 1, 0, 0
350000, 78467, 0, 0, 0
350000, 79169, 1, 0, 0
351000, 76840, 0, 0, 0
351000, 76966, 1, 0, 0
352000, 79742, 0, 0, 0
352000, 79601, 1, 0, 0
353000, 80102, 0, 0, 0
353000, 79197, 1, 0, 0
354000, 79597, 0, 0, 0
354000, 79713, 1, 0, 0
355000, 79727, 0, 0, 0
355000, 79848, 1, 0, 0
356000, 79613, 0, 0, 0
356000, 79743, 1, 0, 0
357000, 80809, 0, 0, 0
357000, 79663, 1, 0, 0
358000, 77697, 0, 0, 0
358000, 77067, 1, 0, 0
359000, 79674, 0, 0, 0
359000, 78825, 1, 0, 0
360000, 74740, 0, 0, 0
360000, 74342, 1, 0, 0
361000, 78556, 0, 0, 0
361000, 79034, 1, 0, 0
362000, 75988, 0, 0, 0
362000, 75849, 1, 0, 0
363000, 77904, 0, 0, 0
363000, 78402, 1, 0, 0
364000, 78148, 0, 0, 0
364000, 78382, 1, 0, 0
365000, 77568, 0, 0, 0
365000, 78275, 1, 0, 0
366000, 74936, 0, 0, 0
366000, 74914, 1, 0, 0
367000, 72745, 0, 0, 0
367000, 72735, 1, 0, 0
368000, 73903, 0, 0, 0
368000, 74554, 1, 0, 0
369000, 73690, 0, 0, 0
369000, 74481, 1, 0, 0
370000, 74591, 0, 0, 0
370000, 74757, 1, 0, 0
371000, 78572, 0, 0, 0
371000, 79070, 1, 0, 0
372000, 79530, 0, 0, 0
372000, 79527, 1, 0, 0
373000, 75705, 0, 0, 0
373000, 75424, 1, 0, 0
374000, 78653, 0, 0, 0
374000, 78175, 1, 0, 0
375000, 72956, 0, 0, 0
375000, 72834, 1, 0, 0
376000, 69945, 0, 0, 0
376000, 70333, 1, 0, 0
377000, 75192, 0, 0, 0
377000, 75975, 1, 0, 0
378000, 79967, 0, 0, 0
378000, 79505, 1, 0, 0
379000, 79684, 0, 0, 0
379000, 80241, 1, 0, 0
380000, 77948, 0, 0, 0
380000, 77896, 1, 0, 0
381000, 79864, 0, 0, 0
381000, 80249, 1, 0, 0
382000, 79839, 0, 0, 0
382000, 80203, 1, 0, 0
383000, 79900, 0, 0, 0
383000, 80104, 1, 0, 0
384001, 79732, 0, 0, 0
384001, 80146, 1, 0, 0
385000, 78933, 0, 0, 0
385000, 80263, 1, 0, 0
386000, 79953, 0, 0, 0
386000, 80047, 1, 0, 0
387000, 80390, 0, 0, 0
387000, 80068, 1, 0, 0
388000, 80133, 0, 0, 0
388000, 80096, 1, 0, 0
389000, 80229, 0, 0, 0
389000, 80159, 1, 0, 0
390000, 78790, 0, 0, 0
390000, 77882, 1, 0, 0
391000, 80573, 0, 0, 0
391000, 79930, 1, 0, 0
392000, 79729, 0, 0, 0
392000, 80051, 1, 0, 0
393000, 79557, 0, 0, 0
393000, 80016, 1, 0, 0
394000, 79650, 0, 0, 0
394000, 80106, 1, 0, 0
395000, 79746, 0, 0, 0
395000, 80035, 1, 0, 0
396000, 80150, 0, 0, 0
396000, 80058, 1, 0, 0
397000, 80068, 0, 0, 0
397000, 79919, 1, 0, 0
398000, 77359, 0, 0, 0
398000, 77436, 1, 0, 0
399000, 80053, 0, 0, 0
399000, 79860, 1, 0, 0
400000, 77659, 0, 0, 0
400000, 77961, 1, 0, 0
401000, 79841, 0, 0, 0
401000, 79676, 1, 0, 0
402000, 80520, 0, 0, 0
402000, 79494, 1, 0, 0
403000, 80294, 0, 0, 0
403000, 79642, 1, 0, 0
404000, 79871, 0, 0, 0
404000, 79851, 1, 0, 0
405000, 80134, 0, 0, 0
405000, 79720, 1, 0, 0
406000, 79649, 0, 0, 0
406000, 79899, 1, 0, 0
407000, 79647, 0, 0, 0
407000, 79534, 1, 0, 0
408000, 77178, 0, 0, 0
408000, 77306, 1, 0, 0
409000, 79236, 0, 0, 0
409000, 79404, 1, 0, 0
410000, 76481, 0, 0, 0
410000, 76967, 1, 0, 0
411000, 79412, 0, 0, 0
411000, 79678, 1, 0, 0
412000, 80169, 0, 0, 0
412000, 79617, 1, 0, 0
413000, 76867, 0, 0, 0
413000, 76984, 1, 0, 0
414000, 79057, 0, 0, 0
414000, 79301, 1, 0, 0
415000, 75486, 0, 0, 0
415000, 75600, 1, 0, 0
416000, 72644, 0, 0, 0
416000, 72665, 1, 0, 0
417000, 72618, 0, 0, 0
417000, 71718, 1, 0, 0
418000, 78795, 0, 0, 0
418000, 79270, 1, 0, 0
419000, 79061, 0, 0, 0
419000, 79098, 1, 0, 0
420000, 77100, 0, 0, 0
420000, 76693, 1, 0, 0
421000, 78981, 0, 0, 0
421000, 79630, 1, 0, 0
422000, 76830, 0, 0, 0
422000, 77060, 1, 0, 0
423000, 79357, 0, 0, 0
423000, 79545, 1, 0, 0
424001, 79893, 0, 0, 0
424001, 79225, 1, 0, 0
425000, 79206, 0, 0, 0
425000, 79708, 1, 0, 0
426000, 79823, 0, 0, 0
426000, 79509, 1, 0, 0
427000, 79838, 0, 0, 0
427000, 79813, 1, 0, 0
428000, 79003, 0, 0, 0
428000, 80231, 1, 0, 0
429001, 80085, 0, 0, 0
429001, 80163, 1, 0, 0
430000, 77671, 0, 0, 0
430000, 77873, 1, 0, 0
431000, 80534, 0, 0, 0
431000, 80146, 1, 0, 0
432000, 80352, 0, 0, 0
432000, 80057, 1, 0, 0
433000, 80873, 0, 0, 0
433000, 79987, 1, 0, 0
434000, 79831, 0, 0, 0
434000, 80043, 1, 0, 0
435000, 79831, 0, 0, 0
435000, 80099, 1, 0, 0
436000, 79673, 0, 0, 0
436000, 80153, 1, 0, 0
437000, 79762, 0, 0, 0
437000, 80158, 1, 0, 0
438000, 80677, 0, 0, 0
438000, 80229, 1, 0, 0
439000, 80517, 0, 0, 0
439000, 80221, 1, 0, 0
440000, 78272, 0, 0, 0
440000, 77780, 1, 0, 0
441000, 79398, 0, 0, 0
441000, 79445, 1, 0, 0
442000, 79027, 0, 0, 0
442000, 79289, 1, 0, 0
443000, 77591, 0, 0, 0
443000, 76656, 1, 0, 0
444000, 78407, 0, 0, 0
444000, 79168, 1, 0, 0
445000, 79249, 0, 0, 0
445000, 79172, 1, 0, 0
446000, 80249, 0, 0, 0
446000, 79700, 1, 0, 0
447000, 79830, 0, 0, 0
447000, 79817, 1, 0, 0
448000, 80222, 0, 0, 0
448000, 79584, 1, 0, 0
449001, 80542, 0, 0, 0
449001, 80079, 1, 0, 0
450000, 77247, 0, 0, 0
450000, 78030, 1, 0, 0
451000, 80563, 0, 0, 0
451000, 80175, 1, 0, 0
452000, 80417, 0, 0, 0
452000, 80151, 1, 0, 0
453000, 80221, 0, 0, 0
453000, 80163, 1, 0, 0
454001, 79796, 0, 0, 0
454001, 80233, 1, 0, 0
455000, 80032, 0, 0, 0
455000, 80218, 1, 0, 0
456000, 80798, 0, 0, 0
456000, 80138, 1, 0, 0
457000, 80103, 0, 0, 0
457000, 80165, 1, 0, 0
458000, 80337, 0, 0, 0
458000, 80127, 1, 0, 0
459000, 79816, 0, 0, 0
459000, 80094, 1, 0, 0
460000, 78951, 0, 0, 0
460000, 78123, 1, 0, 0
461000, 80453, 0, 0, 0
461000, 80282, 1, 0, 0
462000, 79228, 0, 0, 0
462000, 80275, 1, 0, 0
463000, 80233, 0, 0, 0
463000, 80084, 1, 0, 0
464000, 80321, 0, 0, 0
464000, 80138, 1, 0, 0
465000, 81002, 0, 0, 0
465000, 80071, 1, 0, 0
466000, 80274, 0, 0, 0
466000, 80129, 1, 0, 0
467000, 79709, 0, 0, 0
467000, 80072, 1, 0, 0
468000, 79858, 0, 0, 0
468000, 80103, 1, 0, 0
469000, 80053, 0, 0, 0
469000, 80121, 1, 0, 0
470000, 77601, 0, 0, 0
470000, 77809, 1, 0, 0
471000, 80186, 0, 0, 0
471000, 80049, 1, 0, 0
472000, 79698, 0, 0, 0
472000, 80175, 1, 0, 0
473000, 79874, 0, 0, 0
473000, 80128, 1, 0, 0
474000, 80211, 0, 0, 0
474000, 80127, 1, 0, 0
475000, 79650, 0, 0, 0
475000, 80293, 1, 0, 0
476000, 79834, 0, 0, 0
476000, 80368, 1, 0, 0
477000, 79695, 0, 0, 0
477000, 80236, 1, 0, 0
478000, 80272, 0, 0, 0
478000, 80115, 1, 0, 0
479000, 80796, 0, 0, 0
479000, 80055, 1, 0, 0
480000, 75252, 0, 0, 0
480000, 75058, 1, 0, 0
