999, 79750, 0, 0, 0
999, 80188, 1, 0, 0
2000, 82137, 0, 0, 0
2000, 82395, 1, 0, 0
2999, 82055, 0, 0, 0
2999, 81956, 1, 0, 0
4000, 86668, 0, 0, 0
4000, 86270, 1, 0, 0
4999, 99230, 0, 0, 0
4999, 99378, 1, 0, 0
5999, 88280, 0, 0, 0
5999, 88316, 1, 0, 0
6999, 77687, 0, 0, 0
6999, 77764, 1, 0, 0
7999, 80349, 0, 0, 0
7999, 80571, 1, 0, 0
8999, 80612, 0, 0, 0
8999, 80554, 1, 0, 0
9999, 80777, 0, 0, 0
9999, 80519, 1, 0, 0
10999, 80776, 0, 0, 0
10999, 80565, 1, 0, 0
11999, 81258, 0, 0, 0
11999, 80532, 1, 0, 0
12999, 80713, 0, 0, 0
12999, 80556, 1, 0, 0
13999, 80556, 0, 0, 0
13999, 80590, 1, 0, 0
14999, 80979, 0, 0, 0
14999, 80545, 1, 0, 0
15999, 80575, 0, 0, 0
15999, 80700, 1, 0, 0
16999, 78356, 0, 0, 0
16999, 78314, 1, 0, 0
18000, 80053, 0, 0, 0
18000, 80017, 1, 0, 0
18999, 77843, 0, 0, 0
18999, 77793, 1, 0, 0
19999, 79823, 0, 0, 0
19999, 80014, 1, 0, 0
21000, 79547, 0, 0, 0
21000, 80173, 1, 0, 0
21999, 80330, 0, 0, 0
21999, 79971, 1, 0, 0
22999, 80387, 0, 0, 0
22999, 80097, 1, 0, 0
24000, 80013, 0, 0, 0
24000, 80072, 1, 0, 0
24999, 79041, 0, 0, 0
24999, 80265, 1, 0, 0
25999, 80958, 0, 0, 0
25999, 80297, 1, 0, 0
27000, 77747, 0, 0, 0
27000, 78218, 1, 0, 0
27999, 79589, 0, 0, 0
27999, 80205, 1, 0, 0
28999, 80335, 0, 0, 0
28999, 80237, 1, 0, 0
29999, 80098, 0, 0, 0
29999, 80156, 1, 0, 0
30999, 77563, 0, 0, 0
30999, 77680, 1, 0, 0
31999, 79841, 0, 0, 0
31999, 80069, 1, 0, 0
32999, 79237, 0, 0, 0
32999, 80043, 1, 0, 0
33999, 80134, 0, 0, 0
33999, 79673, 1, 0, 0
35000, 79840, 0, 0, 0
35000, 80119, 1, 0, 0
35999, 79837, 0, 0, 0
35999, 79938, 1, 0, 0
36999, 78233, 0, 0, 0
36999, 77857, 1, 0, 0
38000, 79873, 0, 0, 0
38000, 80039, 1, 0, 0
38999, 79879, 0, 0, 0
38999, 79915, 1, 0, 0
39999, 79792, 0, 0, 0
39999, 79782, 1, 0, 0
41000, 78000, 0, 0, 0
41000, 77267, 1, 0, 0
41999, 80044, 0, 0, 0
41999, 80009, 1, 0, 0
42999, 79119, 0, 0, 0
42999, 80135, 1, 0, 0
43999, 80174, 0, 0, 0
43999, 80111, 1, 0, 0
44999, 79801, 0, 0, 0
44999, 80282, 1, 0, 0
45999, 80615, 0, 0, 0
45999, 80080, 1, 0, 0
46999, 77955, 0, 0, 0
46999, 77910, 1, 0, 0
47999, 78219, 0, 0, 0
47999, 77416, 1, 0, 0
48999, 80690, 0, 0, 0
48999, 80035, 1, 0, 0
49999, 80479, 0, 0, 0
49999, 80166, 1, 0, 0
50999, 80044, 0, 0, 0
50999, 80221, 1, 0, 0
51999, 79664, 0, 0, 0
51999, 80193, 1, 0, 0
52999, 81148, 0, 0, 0
52999, 80280, 1, 0, 0
53999, 80648, 0, 0, 0
53999, 80256, 1, 0, 0
54999, 80764, 0, 0, 0
54999, 80532, 1, 0, 0
55999, 80128, 0, 0, 0
55999, 80457, 1, 0, 0
56999, 78164, 0, 0, 0
56999, 77765, 1, 0, 0
58000, 80345, 0, 0, 0
58000, 80353, 1, 0, 0
58999, 80033, 0, 0, 0
58999, 80329, 1, 0, 0
59999, 77186, 0, 0, 0
59999, 77251, 1, 0, 0
60999, 79323, 0, 0, 0
60999, 79589, 1, 0, 0
61999, 78808, 0, 0, 0
61999, 79646, 1, 0, 0
62999, 79736, 0, 0, 0
62999, 79527, 1, 0, 0
63999, 79955, 0, 0, 0
63999, 79965, 1, 0, 0
64999, 80166, 0, 0, 0
64999, 79836, 1, 0, 0
65999, 76918, 0, 0, 0
65999, 76993, 1, 0, 0
66999, 82013, 0, 0, 0
66999, 81943, 1, 0, 0
67999, 98423, 0, 0, 0
67999, 98507, 1, 0, 0
69000, 98125, 0, 0, 0
69000, 98779, 1, 0, 0
69999, 96345, 0, 0, 0
69999, 97278, 1, 0, 0
71000, 83313, 0, 0, 0
71000, 83876, 1, 0, 0
71999, 79854, 0, 0, 0
71999, 79551, 1, 0, 0
72999, 79480, 0, 0, 0
72999, 79672, 1, 0, 0
73999, 76044, 0, 0, 0
73999, 76293, 1, 0, 0
74999, 79186, 0, 0, 0
74999, 79281, 1, 0, 0
75999, 73947, 0, 0, 0
75999, 73592, 1, 0, 0
76999, 72701, 0, 0, 0
76999, 72810, 1, 0, 0
77999, 85977, 0, 0, 0
77999, 86336, 1, 0, 0
78999, 84003, 0, 0, 0
78999, 84470, 1, 0, 0
79999, 78803, 0, 0, 0
79999, 79585, 1, 0, 0
80999, 77286, 0, 0, 0
80999, 77043, 1, 0, 0
81999, 79474, 0, 0, 0
81999, 79557, 1, 0, 0
82999, 78994, 0, 0, 0
82999, 79581, 1, 0, 0
83999, 79359, 0, 0, 0
83999, 79947, 1, 0, 0
84999, 79261, 0, 0, 0
84999, 79957, 1, 0, 0
85999, 78003, 0, 0, 0
85999, 77288, 1, 0, 0
86999, 77045, 0, 0, 0
86999, 76334, 1, 0, 0
87999, 79905, 0, 0, 0
87999, 79653, 1, 0, 0
88999, 80063, 0, 0, 0
88999, 79610, 1, 0, 0
89999, 80091, 0, 0, 0
89999, 79970, 1, 0, 0
90999, 75011, 0, 0, 0
90999, 74843, 1, 0, 0
91999, 74193, 0, 0, 0
91999, 74315, 1, 0, 0
92999, 76250, 0, 0, 0
92999, 75951, 1, 0, 0
93999, 72651, 0, 0, 0
93999, 72672, 1, 0, 0
94999, 71593, 0, 0, 0
94999, 72216, 1, 0, 0
95999, 119651, 0, 0, 0
95999, 120305, 1, 0, 0
96999, 138218, 0, 0, 0
96999, 138019, 1, 0, 0
97999, 137991, 0, 0, 0
97999, 137764, 1, 0, 0
98999, 137944, 0, 0, 0
98999, 137833, 1, 0, 0
99999, 137878, 0, 0, 0
99999, 138418, 1, 0, 0
100999, 138067, 0, 0, 0
100999, 137918, 1, 0, 0
101999, 117643, 0, 0, 0
101999, 117832, 1, 0, 0
102999, 88149, 0, 0, 0
102999, 87970, 1, 0, 0
103999, 76287, 0, 0, 0
103999, 76831, 1, 0, 0
104999, 78323, 0, 0, 0
104999, 78793, 1, 0, 0
105999, 79031, 0, 0, 0
105999, 79243, 1, 0, 0
106999, 79854, 0, 0, 0
106999, 79952, 1, 0, 0
107999, 79337, 0, 0, 0
107999, 79430, 1, 0, 0
108999, 77050, 0, 0, 0
108999, 76752, 1, 0, 0
109999, 79077, 0, 0, 0
109999, 79148, 1, 0, 0
110999, 79889, 0, 0, 0
110999, 80010, 1, 0, 0
111999, 78041, 0, 0, 0
111999, 78734, 1, 0, 0
112999, 80407, 0, 0, 0
112999, 80609, 1, 0, 0
113999, 80692, 0, 0, 0
113999, 80620, 1, 0, 0
114999, 80505, 0, 0, 0
114999, 80638, 1, 0, 0
115999, 80091, 0, 0, 0
115999, 80663, 1, 0, 0
116999, 80463, 0, 0, 0
116999, 80550, 1, 0, 0
117999, 80279, 0, 0, 0
117999, 80607, 1, 0, 0
118999, 80569, 0, 0, 0
118999, 80592, 1, 0, 0
119999, 80712, 0, 0, 0
119999, 80523, 1, 0, 0
120999, 80743, 0, 0, 0
120999, 80541, 1, 0, 0
121999, 77804, 0, 0, 0
121999, 78013, 1, 0, 0
122998, 79532, 0, 0, 0
122998, 79740, 1, 0, 0
123999, 76859, 0, 0, 0
123999, 76864, 1, 0, 0
124999, 79898, 0, 0, 0
124999, 79391, 1, 0, 0
125999, 79052, 0, 0, 0
125999, 79238, 1, 0, 0
126999, 79747, 0, 0, 0
126999, 79693, 1, 0, 0
127998, 79506, 0, 0, 0
127998, 79913, 1, 0, 0
128999, 79632, 0, 0, 0
128999, 80355, 1, 0, 0
129999, 79843, 0, 0, 0
129999, 80327, 1, 0, 0
130999, 79685, 0, 0, 0
130999, 80209, 1, 0, 0
131999, 74542, 0, 0, 0
131999, 74704, 1, 0, 0
132998, 79694, 0, 0, 0
132998, 79668, 1, 0, 0
133999, 79440, 0, 0, 0
133999, 79831, 1, 0, 0
134999, 79939, 0, 0, 0
134999, 79591, 1, 0, 0
135999, 80170, 0, 0, 0
135999, 80209, 1, 0, 0
136999, 80474, 0, 0, 0
136999, 79813, 1, 0, 0
137999, 74472, 0, 0, 0
137999, 74142, 1, 0, 0
138999, 75176, 0, 0, 0
138999, 75160, 1, 0, 0
139999, 79610, 0, 0, 0
139999, 78827, 1, 0, 0
140998, 112309, 0, 0, 0
140998, 112498, 1, 0, 0
141999, 137537, 0, 0, 0
141999, 138696, 1, 0, 0
142999, 137885, 0, 0, 0
142999, 137783, 1, 0, 0
143999, 139126, 0, 0, 0
143999, 138259, 1, 0, 0
144999, 138844, 0, 0, 0
144999, 139256, 1, 0, 0
145999, 139832, 0, 0, 0
145999, 138479, 1, 0, 0
146999, 134997, 0, 0, 0
146999, 133717, 1, 0, 0
147999, 138071, 0, 0, 0
147999, 138111, 1, 0, 0
148999, 137780, 0, 0, 0
148999, 138113, 1, 0, 0
149999, 137837, 0, 0, 0
149999, 138550, 1, 0, 0
150999, 138148, 0, 0, 0
150999, 138699, 1, 0, 0
151998, 138349, 0, 0, 0
151998, 138744, 1, 0, 0
152999, 113638, 0, 0, 0
152999, 114499, 1, 0, 0
153999, 79243, 0, 0, 0
153999, 79644, 1, 0, 0
154999, 79086, 0, 0, 0
154999, 79539, 1, 0, 0
155999, 80381, 0, 0, 0
155999, 79835, 1, 0, 0
156999, 80154, 0, 0, 0
156999, 79802, 1, 0, 0
157999, 77711, 0, 0, 0
157999, 77211, 1, 0, 0
158999, 78930, 0, 0, 0
158999, 79447, 1, 0, 0
159998, 79043, 0, 0, 0
159998, 79884, 1, 0, 0
160999, 80069, 0, 0, 0
160999, 79627, 1, 0, 0
161999, 72522, 0, 0, 0
161999, 73221, 1, 0, 0
162999, 64452, 0, 0, 0
162999, 64100, 1, 0, 0
163999, 74614, 0, 0, 0
163999, 75085, 1, 0, 0
164999, 85722, 0, 0, 0
164999, 86362, 1, 0, 0
165999, 78931, 0, 0, 0
165999, 79087, 1, 0, 0
166999, 79234, 0, 0, 0
166999, 79380, 1, 0, 0
167999, 78897, 0, 0, 0
167999, 80004, 1, 0, 0
168999, 79774, 0, 0, 0
168999, 80055, 1, 0, 0
169998, 77186, 0, 0, 0
169998, 77585, 1, 0, 0
170999, 79624, 0, 0, 0
170999, 79368, 1, 0, 0
171999, 79512, 0, 0, 0
171999, 79171, 1, 0, 0
172998, 77775, 0, 0, 0
172998, 77000, 1, 0, 0
173999, 79989, 0, 0, 0
173999, 79664, 1, 0, 0
174999, 77504, 0, 0, 0
174999, 77092, 1, 0, 0
175999, 78230, 0, 0, 0
175999, 78884, 1, 0, 0
176999, 78695, 0, 0, 0
176999, 78967, 1, 0, 0
177998, 79457, 0, 0, 0
177998, 79871, 1, 0, 0
178999, 80024, 0, 0, 0
178999, 79907, 1, 0, 0
179999, 74210, 0, 0, 0
179999, 74176, 1, 0, 0
180998, 73459, 0, 0, 0
180998, 73533, 1, 0, 0
181999, 77547, 0, 0, 0
181999, 77684, 1, 0, 0
182999, 118079, 0, 0, 0
182999, 117811, 1, 0, 0
183999, 121818, 0, 0, 0
183999, 121373, 1, 0, 0
184999, 122414, 0, 0, 0
184999, 121256, 1, 0, 0
185998, 121533, 0, 0, 0
185998, 121354, 1, 0, 0
186999, 121357, 0, 0, 0
186999, 121380, 1, 0, 0
187999, 121179, 0, 0, 0
187999, 121147, 1, 0, 0
188998, 121200, 0, 0, 0
188998, 121314, 1, 0, 0
189999, 84510, 0, 0, 0
189999, 85084, 1, 0, 0
190999, 88003, 0, 0, 0
190999, 88027, 1, 0, 0
191999, 88629, 0, 0, 0
191999, 88315, 1, 0, 0
192999, 84649, 0, 0, 0
192999, 84966, 1, 0, 0
193999, 79661, 0, 0, 0
193999, 79785, 1, 0, 0
194999, 76120, 0, 0, 0
194999, 75705, 1, 0, 0
195999, 75257, 0, 0, 0
195999, 75472, 1, 0, 0
196999, 87384, 0, 0, 0
196999, 87159, 1, 0, 0
197999, 90583, 0, 0, 0
197999, 90913, 1, 0, 0
198999, 77334, 0, 0, 0
198999, 76705, 1, 0, 0
199998, 78940, 0, 0, 0
199998, 79579, 1, 0, 0
200999, 76178, 0, 0, 0
200999, 76435, 1, 0, 0
201999, 78630, 0, 0, 0
201999, 78805, 1, 0, 0
202998, 80317, 0, 0, 0
202998, 79549, 1, 0, 0
203999, 79384, 0, 0, 0
203999, 79509, 1, 0, 0
204999, 76040, 0, 0, 0
204999, 76540, 1, 0, 0
205998, 78892, 0, 0, 0
205998, 78210, 1, 0, 0
206999, 78463, 0, 0, 0
206999, 79740, 1, 0, 0
207998, 80056, 0, 0, 0
207998, 80445, 1, 0, 0
208998, 78314, 0, 0, 0
208998, 78331, 1, 0, 0
209999, 80591, 0, 0, 0
209999, 80574, 1, 0, 0
210998, 81117, 0, 0, 0
210998, 80511, 1, 0, 0
211999, 81229, 0, 0, 0
211999, 80506, 1, 0, 0
212999, 80466, 0, 0, 0
212999, 80531, 1, 0, 0
213998, 80166, 0, 0, 0
213998, 80561, 1, 0, 0
214999, 80298, 0, 0, 0
214999, 80541, 1, 0, 0
215999, 80317, 0, 0, 0
215999, 80613, 1, 0, 0
216998, 80716, 0, 0, 0
216998, 80774, 1, 0, 0
217998, 81200, 0, 0, 0
217998, 80585, 1, 0, 0
218999, 75361, 0, 0, 0
218999, 74984, 1, 0, 0
219998, 78699, 0, 0, 0
219998, 78921, 1, 0, 0
220998, 79082, 0, 0, 0
220998, 78965, 1, 0, 0
221999, 87073, 0, 0, 0
221999, 86564, 1, 0, 0
222998, 92478, 0, 0, 0
222998, 93091, 1, 0, 0
223999, 76778, 0, 0, 0
223999, 76467, 1, 0, 0
224999, 79644, 0, 0, 0
224999, 79478, 1, 0, 0
225998, 79338, 0, 0, 0
225998, 79110, 1, 0, 0
226999, 80090, 0, 0, 0
226999, 79421, 1, 0, 0
227998, 77402, 0, 0, 0
227998, 76920, 1, 0, 0
228998, 76327, 0, 0, 0
228998, 77022, 1, 0, 0
229999, 79974, 0, 0, 0
229999, 79667, 1, 0, 0
230998, 80137, 0, 0, 0
230998, 79875, 1, 0, 0
231998, 80272, 0, 0, 0
231998, 80158, 1, 0, 0
232999, 79878, 0, 0, 0
232999, 80375, 1, 0, 0
233998, 80025, 0, 0, 0
233998, 80242, 1, 0, 0
234998, 80911, 0, 0, 0
234998, 80191, 1, 0, 0
235999, 79656, 0, 0, 0
235999, 79844, 1, 0, 0
236998, 77326, 0, 0, 0
236998, 76960, 1, 0, 0
237999, 74860, 0, 0, 0
237999, 75070, 1, 0, 0
238999, 86298, 0, 0, 0
238999, 85566, 1, 0, 0
239998, 89046, 0, 0, 0
239998, 89068, 1, 0, 0
240999, 76291, 0, 0, 0
240999, 77212, 1, 0, 0
241998, 79594, 0, 0, 0
241998, 79433, 1, 0, 0
242998, 79420, 0, 0, 0
242998, 79209, 1, 0, 0
243999, 80488, 0, 0, 0
243999, 79560, 1, 0, 0
244998, 80258, 0, 0, 0
244998, 80151, 1, 0, 0
245999, 79865, 0, 0, 0
245999, 80212, 1, 0, 0
246999, 79852, 0, 0, 0
246999, 80070, 1, 0, 0
247998, 76584, 0, 0, 0
247998, 76740, 1, 0, 0
248999, 72702, 0, 0, 0
248999, 72756, 1, 0, 0
249998, 83348, 0, 0, 0
249998, 83433, 1, 0, 0
250999, 79490, 0, 0, 0
250999, 79654, 1, 0, 0
251998, 77334, 0, 0, 0
251998, 77700, 1, 0, 0
252999, 78421, 0, 0, 0
252999, 78412, 1, 0, 0
253998, 72064, 0, 0, 0
253998, 72687, 1, 0, 0
254999, 68601, 0, 0, 0
254999, 68878, 1, 0, 0
255998, 99876, 0, 0, 0
255998, 100508, 1, 0, 0
256998, 137757, 0, 0, 0
256998, 137183, 1, 0, 0
257999, 133755, 0, 0, 0
257999, 133707, 1, 0, 0
258998, 138360, 0, 0, 0
258998, 137927, 1, 0, 0
259999, 137715, 0, 0, 0
259999, 138003, 1, 0, 0
260999, 137925, 0, 0, 0
260999, 138126, 1, 0, 0
261998, 138171, 0, 0, 0
261998, 138512, 1, 0, 0
262999, 138557, 0, 0, 0
262999, 137840, 1, 0, 0
263998, 123919, 0, 0, 0
263998, 123289, 1, 0, 0
264999, 125692, 0, 0, 0
264999, 125807, 1, 0, 0
265999, 126442, 0, 0, 0
265999, 126768, 1, 0, 0
266998, 125040, 0, 0, 0
266998, 125325, 1, 0, 0
267999, 115865, 0, 0, 0
267999, 116666, 1, 0, 0
268998, 119557, 0, 0, 0
268998, 119505, 1, 0, 0
269999, 115060, 0, 0, 0
269999, 114911, 1, 0, 0
270999, 119815, 0, 0, 0
270999, 120357, 1, 0, 0
271998, 117861, 0, 0, 0
271998, 117556, 1, 0, 0
272999, 111064, 0, 0, 0
272999, 111171, 1, 0, 0
273998, 115962, 0, 0, 0
273998, 115766, 1, 0, 0
274999, 115761, 0, 0, 0
274999, 116037, 1, 0, 0
275998, 120393, 0, 0, 0
275998, 120212, 1, 0, 0
276999, 112596, 0, 0, 0
276999, 112809, 1, 0, 0
277998, 113747, 0, 0, 0
277998, 113844, 1, 0, 0
278998, 116159, 0, 0, 0
278998, 115654, 1, 0, 0
279999, 114583, 0, 0, 0
279999, 114926, 1, 0, 0
280998, 117179, 0, 0, 0
280998, 117817, 1, 0, 0
281999, 104429, 0, 0, 0
281999, 104637, 1, 0, 0
282998, 85933, 0, 0, 0
282998, 86223, 1, 0, 0
283999, 79044, 0, 0, 0
283999, 78954, 1, 0, 0
284998, 89503, 0, 0, 0
284998, 89691, 1, 0, 0
285999, 85053, 0, 0, 0
285999, 85200, 1, 0, 0
286998, 90185, 0, 0, 0
286998, 90735, 1, 0, 0
287999, 113094, 0, 0, 0
287999, 114391, 1, 0, 0
288998, 115632, 0, 0, 0
288998, 115182, 1, 0, 0
289998, 110791, 0, 0, 0
289998, 111890, 1, 0, 0
290999, 112260, 0, 0, 0
290999, 112419, 1, 0, 0
291998, 99559, 0, 0, 0
291998, 100042, 1, 0, 0
292999, 100424, 0, 0, 0
292999, 100756, 1, 0, 0
293998, 95930, 0, 0, 0
293998, 95616, 1, 0, 0
294999, 98456, 0, 0, 0
294999, 98399, 1, 0, 0
295998, 101314, 0, 0, 0
295998, 101632, 1, 0, 0
296999, 100514, 0, 0, 0
296999, 100975, 1, 0, 0
297998, 113933, 0, 0, 0
297998, 113378, 1, 0, 0
298998, 114143, 0, 0, 0
298998, 113462, 1, 0, 0
299999, 128501, 0, 0, 0
299999, 127484, 1, 0, 0
300998, 138138, 0, 0, 0
300998, 137150, 1, 0, 0
301999, 137085, 0, 0, 0
301999, 137968, 1, 0, 0
302998, 138046, 0, 0, 0
302998, 138438, 1, 0, 0
303998, 138050, 0, 0, 0
303998, 137874, 1, 0, 0
304999, 137101, 0, 0, 0
304999, 137676, 1, 0, 0
305998, 115032, 0, 0, 0
305998, 113601, 1, 0, 0
306999, 114875, 0, 0, 0
306999, 114084, 1, 0, 0
307998, 109626, 0, 0, 0
307998, 109920, 1, 0, 0
308999, 99025, 0, 0, 0
308999, 98569, 1, 0, 0
309998, 74607, 0, 0, 0
309998, 73890, 1, 0, 0
310999, 69776, 0, 0, 0
310999, 69543, 1, 0, 0
311998, 101326, 0, 0, 0
311998, 101775, 1, 0, 0
312998, 107745, 0, 0, 0
312998, 107377, 1, 0, 0
313998, 118277, 0, 0, 0
313998, 118018, 1, 0, 0
314998, 121291, 0, 0, 0
314998, 121430, 1, 0, 0
315999, 121067, 0, 0, 0
315999, 121576, 1, 0, 0
316998, 121341, 0, 0, 0
316998, 121037, 1, 0, 0
317998, 121677, 0, 0, 0
317998, 121189, 1, 0, 0
318999, 121623, 0, 0, 0
318999, 121098, 1, 0, 0
319998, 112595, 0, 0, 0
319998, 112723, 1, 0, 0
320998, 109367, 0, 0, 0
320998, 109497, 1, 0, 0
321999, 83172, 0, 0, 0
321999, 82651, 1, 0, 0
322998, 79502, 0, 0, 0
322998, 79630, 1, 0, 0
323998, 80098, 0, 0, 0
323998, 79530, 1, 0, 0
324998, 80377, 0, 0, 0
324998, 80161, 1, 0, 0
325998, 80936, 0, 0, 0
325998, 79897, 1, 0, 0
326999, 80038, 0, 0, 0
326999, 80270, 1, 0, 0
327998, 80465, 0, 0, 0
327998, 80444, 1, 0, 0
328998, 79824, 0, 0, 0
328998, 80615, 1, 0, 0
329999, 77913, 0, 0, 0
329999, 78304, 1, 0, 0
330998, 80729, 0, 0, 0
330998, 80627, 1, 0, 0
331998, 80051, 0, 0, 0
331998, 80550, 1, 0, 0
332999, 80454, 0, 0, 0
332999, 80588, 1, 0, 0
333998, 80386, 0, 0, 0
333998, 80482, 1, 0, 0
334998, 80626, 0, 0, 0
334998, 80512, 1, 0, 0
335999, 79866, 0, 0, 0
335999, 80482, 1, 0, 0
336998, 81211, 0, 0, 0
336998, 80409, 1, 0, 0
337998, 80535, 0, 0, 0
337998, 80525, 1, 0, 0
338999, 80404, 0, 0, 0
338999, 80465, 1, 0, 0
339998, 78384, 0, 0, 0
339998, 78605, 1, 0, 0
340998, 80667, 0, 0, 0
340998, 80494, 1, 0, 0
341999, 80780, 0, 0, 0
341999, 80727, 1, 0, 0
342998, 80411, 0, 0, 0
342998, 80743, 1, 0, 0
343998, 80046, 0, 0, 0
343998, 80718, 1, 0, 0
344999, 80960, 0, 0, 0
344999, 80669, 1, 0, 0
345998, 80715, 0, 0, 0
345998, 80754, 1, 0, 0
346998, 80379, 0, 0, 0
346998, 80746, 1, 0, 0
347999, 80693, 0, 0, 0
347999, 80675, 1, 0, 0
348998, 77809, 0, 0, 0
348998, 77610, 1, 0, 0
349998, 76489, 0, 0, 0
349998, 76838, 1, 0, 0
350999, 79323, 0, 0, 0
350999, 79381, 1, 0, 0
351998, 79783, 0, 0, 0
351998, 79820, 1, 0, 0
352998, 79898, 0, 0, 0
352998, 80044, 1, 0, 0
353998, 72407, 0, 0, 0
353998, 72699, 1, 0, 0
354998, 72459, 0, 0, 0
354998, 72890, 1, 0, 0
355998, 74386, 0, 0, 0
355998, 75217, 1, 0, 0
356998, 70892, 0, 0, 0
356998, 71205, 1, 0, 0
357998, 73589, 0, 0, 0
357998, 72831, 1, 0, 0
358999, 73370, 0, 0, 0
358999, 73838, 1, 0, 0
359998, 64362, 0, 0, 0
359998, 64059, 1, 0, 0
360999, 113343, 0, 0, 0
360999, 112912, 1, 0, 0
361998, 115025, 0, 0, 0
361998, 115151, 1, 0, 0
362998, 115863, 0, 0, 0
362998, 115839, 1, 0, 0
363998, 111593, 0, 0, 0
363998, 111588, 1, 0, 0
364998, 114596, 0, 0, 0
364998, 114894, 1, 0, 0
365998, 116204, 0, 0, 0
365998, 115757, 1, 0, 0
366998, 101344, 0, 0, 0
366998, 100972, 1, 0, 0
367998, 81764, 0, 0, 0
367998, 81955, 1, 0, 0
368998, 76054, 0, 0, 0
368998, 75790, 1, 0, 0
369998, 91078, 0, 0, 0
369998, 90635, 1, 0, 0
370998, 102001, 0, 0, 0
370998, 101936, 1, 0, 0
371998, 95436, 0, 0, 0
371998, 95901, 1, 0, 0
372998, 94818, 0, 0, 0
372998, 95683, 1, 0, 0
373999, 102590, 0, 0, 0
373999, 102858, 1, 0, 0
374998, 133627, 0, 0, 0
374998, 134011, 1, 0, 0
375998, 139195, 0, 0, 0
375998, 139153, 1, 0, 0
376998, 139271, 0, 0, 0
376998, 139119, 1, 0, 0
377998, 138278, 0, 0, 0
377998, 139449, 1, 0, 0
378999, 138600, 0, 0, 0
378999, 138168, 1, 0, 0
379998, 137662, 0, 0, 0
379998, 138667, 1, 0, 0
380998, 125094, 0, 0, 0
380998, 125340, 1, 0, 0
381998, 111518, 0, 0, 0
381998, 111460, 1, 0, 0
382998, 115425, 0, 0, 0
382998, 114770, 1, 0, 0
383998, 116508, 0, 0, 0
383998, 116460, 1, 0, 0
384998, 120401, 0, 0, 0
384998, 120319, 1, 0, 0
385999, 119635, 0, 0, 0
385999, 120101, 1, 0, 0
386998, 111314, 0, 0, 0
386998, 111558, 1, 0, 0
387998, 97961, 0, 0, 0
387998, 98383, 1, 0, 0
388998, 95565, 0, 0, 0
388998, 95566, 1, 0, 0
389998, 92566, 0, 0, 0
389998, 92735, 1, 0, 0
390998, 78569, 0, 0, 0
390998, 78215, 1, 0, 0
391998, 78239, 0, 0, 0
391998, 78001, 1, 0, 0
392998, 71664, 0, 0, 0
392998, 71863, 1, 0, 0
393998, 68150, 0, 0, 0
393998, 68582, 1, 0, 0
394998, 104723, 0, 0, 0
394998, 104162, 1, 0, 0
395998, 136630, 0, 0, 0
395998, 136972, 1, 0, 0
396998, 133316, 0, 0, 0
396998, 134088, 1, 0, 0
397998, 138913, 0, 0, 0
397998, 137726, 1, 0, 0
398998, 138377, 0, 0, 0
398998, 138274, 1, 0, 0
399998, 138052, 0, 0, 0
399998, 138781, 1, 0, 0
400997, 138677, 0, 0, 0
400997, 138580, 1, 0, 0
401998, 133137, 0, 0, 0
401998, 133520, 1, 0, 0
402998, 124567, 0, 0, 0
402998, 124184, 1, 0, 0
403998, 124558, 0, 0, 0
403998, 124736, 1, 0, 0
404998, 123773, 0, 0, 0
404998, 123288, 1, 0, 0
405998, 114165, 0, 0, 0
405998, 114910, 1, 0, 0
406998, 115505, 0, 0, 0
406998, 115566, 1, 0, 0
407998, 118313, 0, 0, 0
407998, 117010, 1, 0, 0
408998, 100376, 0, 0, 0
408998, 99990, 1, 0, 0
409998, 72216, 0, 0, 0
409998, 72381, 1, 0, 0
410998, 74419, 0, 0, 0
410998, 74824, 1, 0, 0
411998, 75047, 0, 0, 0
411998, 74605, 1, 0, 0
412998, 70677, 0, 0, 0
412998, 71132, 1, 0, 0
413998, 70893, 0, 0, 0
413998, 71187, 1, 0, 0
414998, 72486, 0, 0, 0
414998, 72864, 1, 0, 0
415998, 70249, 0, 0, 0
415998, 69392, 1, 0, 0
416998, 72047, 0, 0, 0
416998, 71831, 1, 0, 0
417998, 72606, 0, 0, 0
417998, 72144, 1, 0, 0
418998, 104507, 0, 0, 0
418998, 104952, 1, 0, 0
419998, 134003, 0, 0, 0
419998, 134899, 1, 0, 0
420998, 138570, 0, 0, 0
420998, 138381, 1, 0, 0
421998, 138562, 0, 0, 0
421998, 138571, 1, 0, 0
422998, 138880, 0, 0, 0
422998, 138605, 1, 0, 0
423998, 139037, 0, 0, 0
423998, 138108, 1, 0, 0
424998, 131215, 0, 0, 0
424998, 131614, 1, 0, 0
425998, 118346, 0, 0, 0
425998, 118180, 1, 0, 0
426998, 123163, 0, 0, 0
426998, 122905, 1, 0, 0
427998, 123901, 0, 0, 0
427998, 122894, 1, 0, 0
428998, 124115, 0, 0, 0
428998, 124294, 1, 0, 0
429998, 126682, 0, 0, 0
429998, 126326, 1, 0, 0
430998, 126402, 0, 0, 0
430998, 126081, 1, 0, 0
431998, 115509, 0, 0, 0
431998, 115916, 1, 0, 0
432997, 112344, 0, 0, 0
432997, 111869, 1, 0, 0
433998, 116610, 0, 0, 0
433998, 116506, 1, 0, 0
434998, 107916, 0, 0, 0
434998, 108646, 1, 0, 0
435998, 94148, 0, 0, 0
435998, 94356, 1, 0, 0
436997, 90741, 0, 0, 0
436997, 90672, 1, 0, 0
437998, 76342, 0, 0, 0
437998, 76628, 1, 0, 0
438998, 75004, 0, 0, 0
438998, 75043, 1, 0, 0
439998, 64696, 0, 0, 0
439998, 64418, 1, 0, 0
440998, 68799, 0, 0, 0
440998, 69192, 1, 0, 0
441998, 76439, 0, 0, 0
441998, 76239, 1, 0, 0
442997, 74634, 0, 0, 0
442997, 74079, 1, 0, 0
443998, 75261, 0, 0, 0
443998, 75281, 1, 0, 0
444998, 78464, 0, 0, 0
444998, 78760, 1, 0, 0
445998, 75564, 0, 0, 0
445998, 75453, 1, 0, 0
446998, 76221, 0, 0, 0
446998, 76132, 1, 0, 0
447998, 79577, 0, 0, 0
447998, 79286, 1, 0, 0
448998, 78027, 0, 0, 0
448998, 77737, 1, 0, 0
449998, 76422, 0, 0, 0
449998, 76286, 1, 0, 0
450998, 69829, 0, 0, 0
450998, 69934, 1, 0, 0
451998, 78251, 0, 0, 0
451998, 78388, 1, 0, 0
452998, 79792, 0, 0, 0
452998, 79418, 1, 0, 0
453997, 81692, 0, 0, 0
453997, 82061, 1, 0, 0
454998, 83096, 0, 0, 0
454998, 83902, 1, 0, 0
455997, 79288, 0, 0, 0
455997, 79067, 1, 0, 0
456998, 80387, 0, 0, 0
456998, 80454, 1, 0, 0
457998, 85927, 0, 0, 0
457998, 85991, 1, 0, 0
458998, 81321, 0, 0, 0
458998, 81333, 1, 0, 0
459998, 76049, 0, 0, 0
459998, 76569, 1, 0, 0
460998, 74877, 0, 0, 0
460998, 74970, 1, 0, 0
461998, 76808, 0, 0, 0
461998, 76492, 1, 0, 0
462998, 73059, 0, 0, 0
462998, 72925, 1, 0, 0
463998, 75189, 0, 0, 0
463998, 74906, 1, 0, 0
464998, 78063, 0, 0, 0
464998, 77592, 1, 0, 0
465998, 76496, 0, 0, 0
465998, 76082, 1, 0, 0
466997, 78088, 0, 0, 0
466997, 77694, 1, 0, 0
467998, 74764, 0, 0, 0
467998, 74545, 1, 0, 0
468998, 71014, 0, 0, 0
468998, 70798, 1, 0, 0
469998, 80592, 0, 0, 0
469998, 81040, 1, 0, 0
470998, 75823, 0, 0, 0
470998, 75336, 1, 0, 0
471997, 78876, 0, 0, 0
471997, 78840, 1, 0, 0
472998, 80572, 0, 0, 0
472998, 80465, 1, 0, 0
473997, 81623, 0, 0, 0
473997, 81962, 1, 0, 0
474998, 78415, 0, 0, 0
474998, 77665, 1, 0, 0
475997, 79388, 0, 0, 0
475997, 79460, 1, 0, 0
476998, 81624, 0, 0, 0
476998, 81213, 1, 0, 0
477998, 78696, 0, 0, 0
477998, 78674, 1, 0, 0
478998, 77188, 0, 0, 0
478998, 77246, 1, 0, 0
479998, 70553, 0, 0, 0
479998, 69967, 1, 0, 0
