999, 104811, 1, 0, 0
2000, 104381, 1, 0, 0
2999, 95639, 1, 0, 0
4000, 64056, 1, 0, 0
4999, 62261, 1, 0, 0
6000, 74698, 1, 0, 0
7000, 75647, 1, 0, 0
8000, 80984, 1, 0, 0
9000, 84360, 1, 0, 0
9999, 80672, 1, 0, 0
11000, 75600, 1, 0, 0
11999, 78918, 1, 0, 0
13000, 144714, 1, 0, 0
13999, 76423, 1, 0, 0
14999, 71240, 1, 0, 0
16000, 71323, 1, 0, 0
16999, 71254, 1, 0, 0
18000, 71539, 1, 0, 0
19000, 71518, 1, 0, 0
19999, 71534, 1, 0, 0
21000, 71358, 1, 0, 0
21999, 71384, 1, 0, 0
23000, 71382, 1, 0, 0
24000, 71265, 1, 0, 0
24999, 76949, 1, 0, 0
26000, 77531, 1, 0, 0
26999, 72350, 1, 0, 0
28000, 72348, 1, 0, 0
29000, 71312, 1, 0, 0
29999, 71247, 1, 0, 0
31000, 71627, 1, 0, 0
31999, 71997, 1, 0, 0
33000, 72001, 1, 0, 0
33999, 71952, 1, 0, 0
34999, 72002, 1, 0, 0
36000, 96234, 1, 0, 0
36999, 94605, 1, 0, 0
38000, 72128, 1, 0, 0
38999, 71275, 1, 0, 0
40000, 71393, 1, 0, 0
41000, 71524, 1, 0, 0
41999, 71510, 1, 0, 0
43000, 75577, 1, 0, 0
43999, 71870, 1, 0, 0
45000, 72306, 1, 0, 0
46000, 72454, 1, 0, 0
46999, 77354, 1, 0, 0
48000, 72174, 1, 0, 0
48999, 70427, 1, 0, 0
50000, 78095, 1, 0, 0
51000, 72528, 1, 0, 0
51999, 72364, 1, 0, 0
53000, 72272, 1, 0, 0
53999, 72168, 1, 0, 0
55000, 72674, 1, 0, 0
56000, 74892, 1, 0, 0
56999, 77151, 1, 0, 0
58000, 72910, 1, 0, 0
58999, 72752, 1, 0, 0
60000, 72854, 1, 0, 0
61000, 75237, 1, 0, 0
61999, 73113, 1, 0, 0
63000, 72994, 1, 0, 0
63999, 72581, 1, 0, 0
65000, 71502, 1, 0, 0
66000, 81829, 1, 0, 0
66999, 72800, 1, 0, 0
68000, 82115, 1, 0, 0
68999, 93557, 1, 0, 0
70000, 84074, 1, 0, 0
70999, 71108, 1, 0, 0
72000, 74283, 1, 0, 0
72999, 70390, 1, 0, 0
74000, 70032, 1, 0, 0
74999, 72360, 1, 0, 0
76000, 68095, 1, 0, 0
76999, 64873, 1, 0, 0
78000, 65400, 1, 0, 0
78999, 62182, 1, 0, 0
80000, 63744, 1, 0, 0
80999, 64672, 1, 0, 0
82000, 67152, 1, 0, 0
82999, 68549, 1, 0, 0
84000, 103499, 1, 0, 0
85000, 106502, 1, 0, 0
86000, 107121, 1, 0, 0
86999, 105328, 1, 0, 0
88000, 79232, 1, 0, 0
88999, 68298, 1, 0, 0
90000, 66482, 1, 0, 0
90999, 70042, 1, 0, 0
92000, 72156, 1, 0, 0
93000, 67891, 1, 0, 0
94000, 64848, 1, 0, 0
94999, 68180, 1, 0, 0
96000, 67152, 1, 0, 0
96999, 64263, 1, 0, 0
98000, 64196, 1, 0, 0
98999, 65163, 1, 0, 0
100000, 64147, 1, 0, 0
101000, 98390, 1, 0, 0
102000, 100617, 1, 0, 0
103000, 103426, 1, 0, 0
103999, 99862, 1, 0, 0
105000, 102600, 1, 0, 0
105999, 86846, 1, 0, 0
107000, 80683, 1, 0, 0
107999, 64773, 1, 0, 0
109000, 90504, 1, 0, 0
109999, 111927, 1, 0, 0
111000, 130476, 1, 0, 0
111999, 160331, 1, 0, 0
113000, 158548, 1, 0, 0
114000, 72069, 1, 0, 0
114999, 72095, 1, 0, 0
116000, 77727, 1, 0, 0
116999, 71171, 1, 0, 0
118000, 72551, 1, 0, 0
119000, 72761, 1, 0, 0
119999, 72636, 1, 0, 0
121000, 72486, 1, 0, 0
122000, 72428, 1, 0, 0
123000, 72410, 1, 0, 0
124000, 77094, 1, 0, 0
124999, 72097, 1, 0, 0
126000, 70796, 1, 0, 0
126999, 78594, 1, 0, 0
128000, 72320, 1, 0, 0
129000, 72376, 1, 0, 0
129999, 72413, 1, 0, 0
131000, 77874, 1, 0, 0
132000, 72402, 1, 0, 0
133000, 72415, 1, 0, 0
134000, 72434, 1, 0, 0
134999, 72368, 1, 0, 0
136000, 72420, 1, 0, 0
136999, 77497, 1, 0, 0
138000, 71178, 1, 0, 0
139000, 71138, 1, 0, 0
139999, 70973, 1, 0, 0
141000, 70929, 1, 0, 0
142000, 70919, 1, 0, 0
143000, 70877, 1, 0, 0
144000, 71038, 1, 0, 0
144999, 71080, 1, 0, 0
146000, 71074, 1, 0, 0
147000, 71236, 1, 0, 0
147999, 75767, 1, 0, 0
149000, 78370, 1, 0, 0
149999, 72147, 1, 0, 0
151000, 72205, 1, 0, 0
152000, 72187, 1, 0, 0
153000, 72176, 1, 0, 0
154000, 72127, 1, 0, 0
154999, 71994, 1, 0, 0
156000, 72295, 1, 0, 0
157000, 71944, 1, 0, 0
157999, 76127, 1, 0, 0
159000, 77394, 1, 0, 0
159999, 72042, 1, 0, 0
161000, 71915, 1, 0, 0
162000, 71859, 1, 0, 0
162999, 71873, 1, 0, 0
164000, 71871, 1, 0, 0
164999, 71782, 1, 0, 0
166000, 71847, 1, 0, 0
167000, 72012, 1, 0, 0
167999, 77227, 1, 0, 0
169000, 72055, 1, 0, 0
169999, 78024, 1, 0, 0
171000, 72201, 1, 0, 0
172000, 72375, 1, 0, 0
172999, 72376, 1, 0, 0
174000, 72373, 1, 0, 0
175000, 72198, 1, 0, 0
176000, 77259, 1, 0, 0
177000, 72252, 1, 0, 0
177999, 72223, 1, 0, 0
179000, 72312, 1, 0, 0
180000, 72506, 1, 0, 0
181000, 78218, 1, 0, 0
182000, 72346, 1, 0, 0
182999, 70939, 1, 0, 0
184000, 79217, 1, 0, 0
185000, 72482, 1, 0, 0
185999, 72523, 1, 0, 0
187000, 72415, 1, 0, 0
187999, 72206, 1, 0, 0
189000, 72325, 1, 0, 0
190000, 72313, 1, 0, 0
190999, 70733, 1, 0, 0
192000, 121531, 1, 0, 0
192999, 114114, 1, 0, 0
194000, 111059, 1, 0, 0
195000, 108589, 1, 0, 0
196000, 115459, 1, 0, 0
197000, 120790, 1, 0, 0
198000, 111865, 1, 0, 0
199000, 103504, 1, 0, 0
200000, 106018, 1, 0, 0
201000, 107830, 1, 0, 0
201999, 106140, 1, 0, 0
203000, 106053, 1, 0, 0
203999, 110417, 1, 0, 0
205000, 115848, 1, 0, 0
205999, 77856, 1, 0, 0
207000, 82368, 1, 0, 0
207999, 82085, 1, 0, 0
209000, 80485, 1, 0, 0
209999, 77565, 1, 0, 0
211000, 95160, 1, 0, 0
211999, 107747, 1, 0, 0
213000, 98784, 1, 0, 0
213999, 95871, 1, 0, 0
215000, 87824, 1, 0, 0
216000, 143955, 1, 0, 0
217000, 105248, 1, 0, 0
218000, 110157, 1, 0, 0
219000, 115741, 1, 0, 0
220000, 111627, 1, 0, 0
220999, 97492, 1, 0, 0
222000, 93261, 1, 0, 0
222999, 103578, 1, 0, 0
224000, 100120, 1, 0, 0
224999, 107032, 1, 0, 0
226000, 164509, 1, 0, 0
227000, 158241, 1, 0, 0
228000, 72131, 1, 0, 0
229000, 81499, 1, 0, 0
229999, 120834, 1, 0, 0
231000, 120309, 1, 0, 0
231999, 123396, 1, 0, 0
233000, 113531, 1, 0, 0
233999, 116219, 1, 0, 0
235000, 113854, 1, 0, 0
236000, 112872, 1, 0, 0
237000, 130450, 1, 0, 0
238000, 153112, 1, 0, 0
239000, 157076, 1, 0, 0
240000, 123600, 1, 0, 0
240999, 112975, 1, 0, 0
242000, 103620, 1, 0, 0
242999, 111995, 1, 0, 0
244000, 105625, 1, 0, 0
244999, 85044, 1, 0, 0
246000, 86760, 1, 0, 0
247000, 93837, 1, 0, 0
248000, 91800, 1, 0, 0
249000, 87855, 1, 0, 0
250000, 73528, 1, 0, 0
251000, 64872, 1, 0, 0
252000, 68602, 1, 0, 0
253000, 63389, 1, 0, 0
254000, 64608, 1, 0, 0
255000, 62582, 1, 0, 0
256000, 62568, 1, 0, 0
257000, 66669, 1, 0, 0
258000, 61242, 1, 0, 0
259000, 62488, 1, 0, 0
260000, 75768, 1, 0, 0
261000, 78774, 1, 0, 0
262000, 72215, 1, 0, 0
263000, 76901, 1, 0, 0
264000, 78240, 1, 0, 0
265000, 71591, 1, 0, 0
266000, 72456, 1, 0, 0
267000, 75075, 1, 0, 0
268000, 69048, 1, 0, 0
269000, 70702, 1, 0, 0
270000, 81838, 1, 0, 0
271000, 79641, 1, 0, 0
272000, 72556, 1, 0, 0
272999, 63729, 1, 0, 0
274000, 71282, 1, 0, 0
274999, 66450, 1, 0, 0
276000, 66600, 1, 0, 0
277000, 68352, 1, 0, 0
278000, 62318, 1, 0, 0
279000, 62856, 1, 0, 0
280000, 91579, 1, 0, 0
281000, 100008, 1, 0, 0
282000, 102482, 1, 0, 0
283000, 94440, 1, 0, 0
284000, 110821, 1, 0, 0
285000, 75288, 1, 0, 0
286000, 76492, 1, 0, 0
287000, 77392, 1, 0, 0
288000, 71671, 1, 0, 0
289000, 67892, 1, 0, 0
290000, 62144, 1, 0, 0
291000, 62051, 1, 0, 0
291999, 60262, 1, 0, 0
293000, 62217, 1, 0, 0
294000, 56002, 1, 0, 0
295000, 59400, 1, 0, 0
296000, 60108, 1, 0, 0
297000, 61584, 1, 0, 0
298000, 58520, 1, 0, 0
299000, 59690, 1, 0, 0
300000, 91672, 1, 0, 0
301000, 160518, 1, 0, 0
301999, 70972, 1, 0, 0
303000, 71046, 1, 0, 0
304000, 71064, 1, 0, 0
305000, 76437, 1, 0, 0
306000, 71032, 1, 0, 0
306999, 70966, 1, 0, 0
308000, 71118, 1, 0, 0
309000, 71055, 1, 0, 0
309999, 71071, 1, 0, 0
311000, 71015, 1, 0, 0
312000, 70880, 1, 0, 0
313000, 70833, 1, 0, 0
314000, 70922, 1, 0, 0
314999, 71164, 1, 0, 0
316000, 77423, 1, 0, 0
317000, 72011, 1, 0, 0
318000, 72068, 1, 0, 0
319000, 77622, 1, 0, 0
319999, 72135, 1, 0, 0
321000, 72038, 1, 0, 0
322000, 71786, 1, 0, 0
323000, 71740, 1, 0, 0
324000, 71690, 1, 0, 0
324999, 72058, 1, 0, 0
326000, 72009, 1, 0, 0
326999, 77312, 1, 0, 0
328000, 71816, 1, 0, 0
329000, 71989, 1, 0, 0
330000, 71964, 1, 0, 0
331000, 77481, 1, 0, 0
331999, 71192, 1, 0, 0
333000, 71269, 1, 0, 0
334000, 71290, 1, 0, 0
335000, 71195, 1, 0, 0
336000, 71309, 1, 0, 0
336999, 71278, 1, 0, 0
338000, 77662, 1, 0, 0
339000, 72356, 1, 0, 0
339999, 72387, 1, 0, 0
341000, 77932, 1, 0, 0
342000, 72476, 1, 0, 0
343000, 72543, 1, 0, 0
344000, 72385, 1, 0, 0
344999, 72291, 1, 0, 0
346000, 72262, 1, 0, 0
347000, 72159, 1, 0, 0
347999, 71094, 1, 0, 0
349000, 81318, 1, 0, 0
349999, 72641, 1, 0, 0
351000, 72683, 1, 0, 0
352000, 72620, 1, 0, 0
352999, 72203, 1, 0, 0
354000, 72328, 1, 0, 0
355000, 72319, 1, 0, 0
356000, 75507, 1, 0, 0
357000, 72695, 1, 0, 0
357999, 72743, 1, 0, 0
359000, 76148, 1, 0, 0
360000, 72634, 1, 0, 0
361000, 75709, 1, 0, 0
362000, 72943, 1, 0, 0
362999, 72887, 1, 0, 0
364000, 72002, 1, 0, 0
364999, 72550, 1, 0, 0
366000, 72545, 1, 0, 0
367000, 75948, 1, 0, 0
367999, 72578, 1, 0, 0
369000, 72590, 1, 0, 0
370000, 72913, 1, 0, 0
371000, 82736, 1, 0, 0
372000, 79909, 1, 0, 0
373000, 77998, 1, 0, 0
374000, 80479, 1, 0, 0
374999, 73496, 1, 0, 0
376000, 66737, 1, 0, 0
376999, 67459, 1, 0, 0
378000, 66240, 1, 0, 0
378999, 65177, 1, 0, 0
380000, 79584, 1, 0, 0
380999, 96960, 1, 0, 0
382000, 104976, 1, 0, 0
382999, 101617, 1, 0, 0
384000, 104758, 1, 0, 0
385000, 76398, 1, 0, 0
386000, 73724, 1, 0, 0
387000, 76037, 1, 0, 0
388000, 78918, 1, 0, 0
389000, 70992, 1, 0, 0
389999, 61909, 1, 0, 0
391000, 72576, 1, 0, 0
391999, 67459, 1, 0, 0
393000, 65736, 1, 0, 0
393999, 78486, 1, 0, 0
395000, 98398, 1, 0, 0
395999, 95497, 1, 0, 0
397000, 92592, 1, 0, 0
397999, 96528, 1, 0, 0
399000, 153551, 1, 0, 0
400000, 71116, 1, 0, 0
400999, 71206, 1, 0, 0
402000, 71039, 1, 0, 0
403000, 71204, 1, 0, 0
404000, 71222, 1, 0, 0
405000, 71138, 1, 0, 0
405999, 70957, 1, 0, 0
407000, 70951, 1, 0, 0
408000, 70933, 1, 0, 0
408999, 70961, 1, 0, 0
410000, 83372, 1, 0, 0
410999, 72255, 1, 0, 0
412000, 72343, 1, 0, 0
413000, 72357, 1, 0, 0
413999, 72244, 1, 0, 0
415000, 72201, 1, 0, 0
415999, 71986, 1, 0, 0
417000, 71056, 1, 0, 0
418000, 71162, 1, 0, 0
418999, 71906, 1, 0, 0
420000, 77606, 1, 0, 0
420999, 77637, 1, 0, 0
422000, 72073, 1, 0, 0
423000, 72090, 1, 0, 0
423999, 72104, 1, 0, 0
425000, 71969, 1, 0, 0
425999, 71913, 1, 0, 0
427000, 71962, 1, 0, 0
428000, 72010, 1, 0, 0
428999, 72102, 1, 0, 0
430000, 77536, 1, 0, 0
430999, 70942, 1, 0, 0
432000, 80041, 1, 0, 0
433000, 72604, 1, 0, 0
433999, 72491, 1, 0, 0
435000, 72591, 1, 0, 0
436000, 72405, 1, 0, 0
437000, 72273, 1, 0, 0
438000, 78084, 1, 0, 0
438999, 72265, 1, 0, 0
440000, 72239, 1, 0, 0
440999, 72188, 1, 0, 0
442000, 77850, 1, 0, 0
443000, 72145, 1, 0, 0
443999, 72130, 1, 0, 0
445000, 77729, 1, 0, 0
446000, 72419, 1, 0, 0
446999, 72341, 1, 0, 0
448000, 72364, 1, 0, 0
448999, 72397, 1, 0, 0
450000, 72058, 1, 0, 0
451000, 72465, 1, 0, 0
452000, 67782, 1, 0, 0
453000, 58673, 1, 0, 0
454000, 71557, 1, 0, 0
455000, 73104, 1, 0, 0
455999, 76372, 1, 0, 0
457000, 81144, 1, 0, 0
458000, 79711, 1, 0, 0
459000, 83688, 1, 0, 0
460000, 86774, 1, 0, 0
461000, 97504, 1, 0, 0
462000, 109125, 1, 0, 0
462999, 97585, 1, 0, 0
464000, 102887, 1, 0, 0
465000, 104953, 1, 0, 0
466000, 99123, 1, 0, 0
467000, 99600, 1, 0, 0
468000, 103687, 1, 0, 0
468999, 83267, 1, 0, 0
470000, 80808, 1, 0, 0
470999, 83699, 1, 0, 0
472000, 98472, 1, 0, 0
472999, 92429, 1, 0, 0
474000, 90476, 1, 0, 0
474999, 88499, 1, 0, 0
476000, 87448, 1, 0, 0
477000, 88409, 1, 0, 0
478000, 89720, 1, 0, 0
479000, 122393, 1, 0, 0
479999, 92723, 1, 0, 0
