999, 124511, 0, 0, 0
2000, 133295, 0, 0, 0
2999, 131479, 0, 0, 0
4000, 134483, 0, 0, 0
4999, 133313, 0, 0, 0
6000, 150801, 0, 0, 0
6999, 206917, 0, 0, 0
7999, 206900, 0, 0, 0
9000, 165702, 0, 0, 0
9999, 96092, 0, 0, 0
11000, 109419, 0, 0, 0
11999, 111126, 0, 0, 0
12999, 104580, 0, 0, 0
13999, 111158, 0, 0, 0
14999, 123238, 0, 0, 0
16000, 126754, 0, 0, 0
16999, 147814, 0, 0, 0
18000, 134098, 0, 0, 0
18999, 138008, 0, 0, 0
20000, 150960, 0, 0, 0
20999, 144354, 0, 0, 0
21999, 136923, 0, 0, 0
23000, 131367, 0, 0, 0
23999, 131970, 0, 0, 0
25000, 128055, 0, 0, 0
25999, 131450, 0, 0, 0
27000, 128528, 0, 0, 0
27999, 134185, 0, 0, 0
29000, 139187, 0, 0, 0
29999, 145482, 0, 0, 0
30999, 149756, 0, 0, 0
31999, 128575, 0, 0, 0
32999, 133909, 0, 0, 0
34000, 149056, 0, 0, 0
34999, 139318, 0, 0, 0
36000, 142831, 0, 0, 0
36999, 129634, 0, 0, 0
38000, 135572, 0, 0, 0
38999, 131033, 0, 0, 0
39999, 137316, 0, 0, 0
41000, 138180, 0, 0, 0
41999, 132068, 0, 0, 0
43000, 137776, 0, 0, 0
43999, 144656, 0, 0, 0
45000, 148118, 0, 0, 0
45999, 189883, 0, 0, 0
46999, 209144, 0, 0, 0
48000, 208384, 0, 0, 0
48999, 200435, 0, 0, 0
49999, 207990, 0, 0, 0
51000, 207532, 0, 0, 0
51999, 134972, 0, 0, 0
53000, 119881, 0, 0, 0
53999, 112743, 0, 0, 0
54999, 114551, 0, 0, 0
55999, 107923, 0, 0, 0
56999, 106612, 0, 0, 0
58000, 109422, 0, 0, 0
58999, 129548, 0, 0, 0
60000, 124780, 0, 0, 0
60999, 122902, 0, 0, 0
62000, 132057, 0, 0, 0
62999, 137154, 0, 0, 0
63999, 127334, 0, 0, 0
65000, 132113, 0, 0, 0
65999, 130827, 0, 0, 0
67000, 130382, 0, 0, 0
67999, 117044, 0, 0, 0
69000, 123406, 0, 0, 0
69999, 131177, 0, 0, 0
71000, 133484, 0, 0, 0
71999, 129552, 0, 0, 0
73000, 135942, 0, 0, 0
73999, 139438, 0, 0, 0
75000, 124636, 0, 0, 0
75999, 121014, 0, 0, 0
76999, 122023, 0, 0, 0
78000, 129725, 0, 0, 0
78999, 121750, 0, 0, 0
80000, 130486, 0, 0, 0
80999, 120274, 0, 0, 0
82000, 137258, 0, 0, 0
82999, 125672, 0, 0, 0
83999, 131109, 0, 0, 0
85000, 128699, 0, 0, 0
85999, 128454, 0, 0, 0
87000, 124811, 0, 0, 0
87999, 136842, 0, 0, 0
89000, 141861, 0, 0, 0
89999, 142050, 0, 0, 0
90999, 132249, 0, 0, 0
91999, 136744, 0, 0, 0
92999, 137845, 0, 0, 0
93999, 126004, 0, 0, 0
94999, 120686, 0, 0, 0
96000, 126975, 0, 0, 0
96999, 131178, 0, 0, 0
98000, 125560, 0, 0, 0
98999, 126600, 0, 0, 0
100000, 130296, 0, 0, 0
100999, 127341, 0, 0, 0
101999, 132128, 0, 0, 0
102999, 134566, 0, 0, 0
104000, 142992, 0, 0, 0
104999, 141825, 0, 0, 0
106000, 130483, 0, 0, 0
106999, 132621, 0, 0, 0
107999, 131931, 0, 0, 0
108999, 132980, 0, 0, 0
109999, 133807, 0, 0, 0
110999, 142263, 0, 0, 0
111999, 144933, 0, 0, 0
113000, 138440, 0, 0, 0
113999, 142047, 0, 0, 0
115000, 147358, 0, 0, 0
115999, 138526, 0, 0, 0
117000, 141665, 0, 0, 0
117999, 140092, 0, 0, 0
119000, 145508, 0, 0, 0
119999, 135836, 0, 0, 0
121000, 139451, 0, 0, 0
121999, 138015, 0, 0, 0
123000, 131548, 0, 0, 0
123999, 140026, 0, 0, 0
125000, 141425, 0, 0, 0
125999, 141415, 0, 0, 0
126999, 128123, 0, 0, 0
128000, 141998, 0, 0, 0
128999, 128202, 0, 0, 0
130000, 125189, 0, 0, 0
130999, 122587, 0, 0, 0
132000, 127813, 0, 0, 0
132999, 132891, 0, 0, 0
134000, 124686, 0, 0, 0
134999, 134902, 0, 0, 0
136000, 138571, 0, 0, 0
136999, 131003, 0, 0, 0
137999, 132534, 0, 0, 0
139000, 136893, 0, 0, 0
139999, 140639, 0, 0, 0
141000, 132767, 0, 0, 0
141999, 141622, 0, 0, 0
143000, 148965, 0, 0, 0
143999, 140180, 0, 0, 0
145000, 142165, 0, 0, 0
145999, 148397, 0, 0, 0
146999, 136358, 0, 0, 0
147999, 126612, 0, 0, 0
148999, 133578, 0, 0, 0
150000, 141339, 0, 0, 0
150999, 125421, 0, 0, 0
152000, 128292, 0, 0, 0
152999, 123596, 0, 0, 0
154000, 149326, 0, 0, 0
154999, 140851, 0, 0, 0
156000, 141041, 0, 0, 0
156999, 139700, 0, 0, 0
158000, 135829, 0, 0, 0
158999, 135536, 0, 0, 0
160000, 139929, 0, 0, 0
160999, 133376, 0, 0, 0
162000, 135783, 0, 0, 0
162999, 131434, 0, 0, 0
164000, 143513, 0, 0, 0
164999, 136985, 0, 0, 0
166000, 138670, 0, 0, 0
166999, 143845, 0, 0, 0
168000, 138094, 0, 0, 0
168999, 139604, 0, 0, 0
170000, 139172, 0, 0, 0
170999, 136321, 0, 0, 0
172000, 127380, 0, 0, 0
172999, 128284, 0, 0, 0
174000, 132054, 0, 0, 0
174999, 124296, 0, 0, 0
176000, 133920, 0, 0, 0
176999, 146687, 0, 0, 0
177999, 147341, 0, 0, 0
179000, 137135, 0, 0, 0
179999, 143025, 0, 0, 0
181000, 144439, 0, 0, 0
181999, 128475, 0, 0, 0
183000, 134481, 0, 0, 0
183999, 137504, 0, 0, 0
185000, 138742, 0, 0, 0
185999, 131757, 0, 0, 0
186999, 138458, 0, 0, 0
188000, 144046, 0, 0, 0
189000, 132556, 0, 0, 0
189999, 137540, 0, 0, 0
191000, 152036, 0, 0, 0
191999, 144049, 0, 0, 0
193000, 139404, 0, 0, 0
193999, 138005, 0, 0, 0
195000, 138359, 0, 0, 0
195999, 134143, 0, 0, 0
197000, 141121, 0, 0, 0
197999, 138738, 0, 0, 0
199000, 134945, 0, 0, 0
199999, 138263, 0, 0, 0
200999, 148441, 0, 0, 0
202000, 140067, 0, 0, 0
202999, 138481, 0, 0, 0
204000, 133624, 0, 0, 0
204999, 140802, 0, 0, 0
206000, 129947, 0, 0, 0
206999, 135285, 0, 0, 0
208000, 141222, 0, 0, 0
208999, 141884, 0, 0, 0
210000, 147143, 0, 0, 0
211000, 153461, 0, 0, 0
211999, 145361, 0, 0, 0
213000, 141767, 0, 0, 0
213999, 149328, 0, 0, 0
215000, 151504, 0, 0, 0
215999, 138719, 0, 0, 0
217000, 132562, 0, 0, 0
217999, 141034, 0, 0, 0
219000, 132599, 0, 0, 0
219999, 134104, 0, 0, 0
220999, 134588, 0, 0, 0
222000, 125061, 0, 0, 0
222999, 123913, 0, 0, 0
224000, 136732, 0, 0, 0
224999, 146747, 0, 0, 0
226000, 142801, 0, 0, 0
226999, 131323, 0, 0, 0
228000, 130691, 0, 0, 0
228999, 137520, 0, 0, 0
229999, 129802, 0, 0, 0
231000, 146954, 0, 0, 0
231999, 154078, 0, 0, 0
233000, 161164, 0, 0, 0
233999, 200731, 0, 0, 0
235000, 202832, 0, 0, 0
236000, 184804, 0, 0, 0
236999, 126819, 0, 0, 0
238000, 137105, 0, 0, 0
238999, 125551, 0, 0, 0
240000, 125554, 0, 0, 0
240999, 111459, 0, 0, 0
241999, 106297, 0, 0, 0
243000, 108434, 0, 0, 0
243999, 127364, 0, 0, 0
245000, 117579, 0, 0, 0
245999, 111504, 0, 0, 0
246999, 114123, 0, 0, 0
248000, 115949, 0, 0, 0
248999, 114254, 0, 0, 0
250000, 101742, 0, 0, 0
250999, 98522, 0, 0, 0
252000, 106312, 0, 0, 0
252999, 93760, 0, 0, 0
253999, 91276, 0, 0, 0
255000, 96940, 0, 0, 0
255999, 95448, 0, 0, 0
257000, 110191, 0, 0, 0
257999, 113027, 0, 0, 0
259000, 110816, 0, 0, 0
259999, 126866, 0, 0, 0
261000, 133048, 0, 0, 0
261999, 134884, 0, 0, 0
263000, 115396, 0, 0, 0
263999, 114922, 0, 0, 0
265000, 129243, 0, 0, 0
265999, 132598, 0, 0, 0
267000, 125788, 0, 0, 0
267999, 129389, 0, 0, 0
269000, 132800, 0, 0, 0
270000, 125262, 0, 0, 0
271000, 132654, 0, 0, 0
272000, 135391, 0, 0, 0
272999, 128140, 0, 0, 0
274000, 130787, 0, 0, 0
274999, 137476, 0, 0, 0
276000, 145855, 0, 0, 0
276999, 142038, 0, 0, 0
278000, 133004, 0, 0, 0
278999, 132069, 0, 0, 0
280000, 146985, 0, 0, 0
280999, 140265, 0, 0, 0
282000, 145302, 0, 0, 0
282999, 152041, 0, 0, 0
283999, 140351, 0, 0, 0
284999, 141060, 0, 0, 0
285999, 140967, 0, 0, 0
287000, 138691, 0, 0, 0
287999, 130854, 0, 0, 0
289000, 135744, 0, 0, 0
289999, 145076, 0, 0, 0
291000, 132766, 0, 0, 0
291999, 142410, 0, 0, 0
293000, 146972, 0, 0, 0
294000, 142139, 0, 0, 0
294999, 144820, 0, 0, 0
296000, 151013, 0, 0, 0
296999, 153637, 0, 0, 0
298000, 142136, 0, 0, 0
298999, 161385, 0, 0, 0
300000, 195444, 0, 0, 0
301000, 203495, 0, 0, 0
301999, 199940, 0, 0, 0
303000, 95232, 0, 0, 0
303999, 103815, 0, 0, 0
305000, 106020, 0, 0, 0
305999, 116488, 0, 0, 0
306999, 121906, 0, 0, 0
308000, 126798, 0, 0, 0
308999, 124695, 0, 0, 0
310000, 121819, 0, 0, 0
310999, 131859, 0, 0, 0
312000, 129371, 0, 0, 0
312999, 126231, 0, 0, 0
313999, 119735, 0, 0, 0
315000, 133326, 0, 0, 0
315999, 140166, 0, 0, 0
317000, 129123, 0, 0, 0
317999, 116940, 0, 0, 0
319000, 118521, 0, 0, 0
319999, 121085, 0, 0, 0
321000, 111838, 0, 0, 0
321999, 129134, 0, 0, 0
322999, 134248, 0, 0, 0
324000, 129769, 0, 0, 0
324999, 115303, 0, 0, 0
326000, 118684, 0, 0, 0
326999, 122073, 0, 0, 0
327999, 121599, 0, 0, 0
329000, 109738, 0, 0, 0
329999, 113940, 0, 0, 0
331000, 116053, 0, 0, 0
331999, 119605, 0, 0, 0
333000, 115064, 0, 0, 0
333999, 111673, 0, 0, 0
334999, 113958, 0, 0, 0
336000, 118212, 0, 0, 0
336999, 119445, 0, 0, 0
338000, 113195, 0, 0, 0
338999, 132922, 0, 0, 0
340000, 138182, 0, 0, 0
340999, 132051, 0, 0, 0
342000, 134234, 0, 0, 0
343000, 136395, 0, 0, 0
343999, 147198, 0, 0, 0
345000, 138868, 0, 0, 0
345999, 139476, 0, 0, 0
347000, 139466, 0, 0, 0
347999, 132194, 0, 0, 0
349000, 141991, 0, 0, 0
349999, 146935, 0, 0, 0
351000, 135974, 0, 0, 0
352000, 124827, 0, 0, 0
352999, 140054, 0, 0, 0
354000, 146276, 0, 0, 0
354999, 137306, 0, 0, 0
356000, 134036, 0, 0, 0
356999, 139579, 0, 0, 0
358000, 142859, 0, 0, 0
358999, 134641, 0, 0, 0
360000, 141229, 0, 0, 0
360999, 146832, 0, 0, 0
362000, 137774, 0, 0, 0
362999, 135777, 0, 0, 0
364000, 142022, 0, 0, 0
364999, 144314, 0, 0, 0
366000, 133509, 0, 0, 0
367000, 140895, 0, 0, 0
367999, 147696, 0, 0, 0
369000, 139019, 0, 0, 0
369999, 148517, 0, 0, 0
371000, 152114, 0, 0, 0
371999, 152616, 0, 0, 0
373000, 142498, 0, 0, 0
374000, 148289, 0, 0, 0
374999, 181829, 0, 0, 0
376000, 187402, 0, 0, 0
376999, 200946, 0, 0, 0
378000, 190647, 0, 0, 0
379000, 114072, 0, 0, 0
379999, 107070, 0, 0, 0
381000, 114673, 0, 0, 0
381999, 113705, 0, 0, 0
383000, 111199, 0, 0, 0
383999, 113765, 0, 0, 0
385000, 131505, 0, 0, 0
385999, 136552, 0, 0, 0
387000, 136962, 0, 0, 0
387999, 128392, 0, 0, 0
389000, 136847, 0, 0, 0
389999, 147979, 0, 0, 0
391000, 142019, 0, 0, 0
392000, 142426, 0, 0, 0
392999, 146649, 0, 0, 0
394000, 149455, 0, 0, 0
394999, 135159, 0, 0, 0
396000, 141655, 0, 0, 0
396999, 146155, 0, 0, 0
398000, 135170, 0, 0, 0
398999, 126720, 0, 0, 0
400000, 123426, 0, 0, 0
401000, 115605, 0, 0, 0
401999, 118958, 0, 0, 0
403000, 122220, 0, 0, 0
403999, 115091, 0, 0, 0
405000, 126267, 0, 0, 0
405999, 118051, 0, 0, 0
407000, 123829, 0, 0, 0
407999, 127226, 0, 0, 0
409000, 132048, 0, 0, 0
410000, 133522, 0, 0, 0
410999, 133886, 0, 0, 0
412000, 147756, 0, 0, 0
412999, 139796, 0, 0, 0
414000, 143608, 0, 0, 0
414999, 150127, 0, 0, 0
416000, 151742, 0, 0, 0
416999, 135468, 0, 0, 0
418000, 142524, 0, 0, 0
418999, 150691, 0, 0, 0
420000, 122521, 0, 0, 0
420999, 135764, 0, 0, 0
422000, 133147, 0, 0, 0
422999, 133870, 0, 0, 0
424000, 135960, 0, 0, 0
424999, 145275, 0, 0, 0
426000, 148171, 0, 0, 0
426999, 125710, 0, 0, 0
428000, 133062, 0, 0, 0
429000, 129726, 0, 0, 0
429999, 171051, 0, 0, 0
431000, 201938, 0, 0, 0
431999, 203003, 0, 0, 0
433000, 166724, 0, 0, 0
434000, 106583, 0, 0, 0
434999, 113031, 0, 0, 0
436000, 109314, 0, 0, 0
436999, 107698, 0, 0, 0
438000, 101900, 0, 0, 0
438999, 102664, 0, 0, 0
440000, 124704, 0, 0, 0
441000, 128855, 0, 0, 0
441999, 118457, 0, 0, 0
443000, 121491, 0, 0, 0
443999, 119937, 0, 0, 0
445000, 134142, 0, 0, 0
445999, 131358, 0, 0, 0
447000, 132079, 0, 0, 0
447999, 123940, 0, 0, 0
449000, 126352, 0, 0, 0
449999, 119245, 0, 0, 0
451000, 125579, 0, 0, 0
451999, 132333, 0, 0, 0
453000, 137302, 0, 0, 0
454000, 132192, 0, 0, 0
454999, 136264, 0, 0, 0
456000, 112341, 0, 0, 0
456999, 118100, 0, 0, 0
458000, 110508, 0, 0, 0
459000, 116068, 0, 0, 0
459999, 119237, 0, 0, 0
461000, 136073, 0, 0, 0
461999, 120729, 0, 0, 0
463000, 125163, 0, 0, 0
464000, 125872, 0, 0, 0
465000, 124555, 0, 0, 0
466000, 134003, 0, 0, 0
466999, 134220, 0, 0, 0
468000, 146856, 0, 0, 0
468999, 137682, 0, 0, 0
470000, 144455, 0, 0, 0
470999, 154506, 0, 0, 0
472000, 138913, 0, 0, 0
473000, 143943, 0, 0, 0
474000, 141856, 0, 0, 0
474999, 142368, 0, 0, 0
476000, 138376, 0, 0, 0
477000, 146030, 0, 0, 0
478000, 149159, 0, 0, 0
479000, 135261, 0, 0, 0
479999, 143260, 0, 0, 0
