1000, 928193, 0, 0, 0
1000, 665116, 1, 0, 0
2000, 637490, 1, 0, 0
2000, 1002315, 0, 0, 0
3000, 941308, 0, 0, 0
3000, 657353, 1, 0, 0
4000, 653719, 1, 0, 0
4000, 940169, 0, 0, 0
5000, 598104, 1, 0, 0
5000, 992313, 0, 0, 0
6000, 616421, 1, 0, 0
6000, 980283, 0, 0, 0
7000, 981102, 0, 0, 0
7000, 620532, 1, 0, 0
8000, 626872, 1, 0, 0
8000, 968661, 0, 0, 0
9000, 980159, 0, 0, 0
9000, 621544, 1, 0, 0
10000, 1109875, 0, 0, 0
10000, 553240, 1, 0, 0
11000, 499642, 1, 0, 0
11000, 1115392, 0, 0, 0
12000, 704980, 1, 0, 0
12000, 1234673, 0, 0, 0
13000, 770653, 1, 0, 0
13000, 1161095, 0, 0, 0
14000, 581661, 1, 0, 0
14000, 1185762, 0, 0, 0
15000, 506290, 1, 0, 0
15000, 1108501, 0, 0, 0
16000, 517367, 1, 0, 0
16000, 1103377, 0, 0, 0
17000, 531899, 1, 0, 0
17000, 1067230, 0, 0, 0
18000, 542179, 1, 0, 0
18000, 1068226, 0, 0, 0
19000, 593845, 1, 0, 0
19000, 1004038, 0, 0, 0
20000, 855438, 0, 0, 0
20000, 735459, 1, 0, 0
21000, 854060, 0, 0, 0
21000, 731980, 1, 0, 0
22000, 917813, 0, 0, 0
22000, 719568, 1, 0, 0
23000, 865251, 0, 0, 0
23000, 724645, 1, 0, 0
24000, 863100, 0, 0, 0
24000, 731884, 1, 0, 0
25000, 859274, 0, 0, 0
25000, 725060, 1, 0, 0
26000, 863351, 0, 0, 0
26000, 730085, 1, 0, 0
27000, 735468, 1, 0, 0
27000, 860615, 0, 0, 0
28000, 857190, 0, 0, 0
28000, 740068, 1, 0, 0
29000, 739402, 1, 0, 0
29000, 858554, 0, 0, 0
30000, 736273, 1, 0, 0
30000, 857960, 0, 0, 0
31000, 859851, 0, 0, 0
31000, 739403, 1, 0, 0
32000, 667735, 1, 0, 0
32000, 1031854, 0, 0, 0
33000, 580818, 1, 0, 0
33000, 1027493, 0, 0, 0
34000, 582203, 1, 0, 0
34000, 1016349, 0, 0, 0
35000, 592215, 1, 0, 0
35000, 1026023, 0, 0, 0
36000, 1062288, 0, 0, 0
36000, 542491, 1, 0, 0
37000, 506876, 1, 0, 0
37000, 1101867, 0, 0, 0
38000, 1099691, 0, 0, 0
38000, 504144, 1, 0, 0
39000, 1176324, 0, 0, 0
39000, 491234, 1, 0, 0
40000, 1130281, 0, 0, 0
40000, 493619, 1, 0, 0
41000, 1107780, 0, 0, 0
41000, 507823, 1, 0, 0
42000, 483394, 1, 0, 0
42000, 1170022, 0, 0, 0
43000, 1094758, 0, 0, 0
43000, 516512, 1, 0, 0
44000, 573011, 1, 0, 0
44000, 1072018, 0, 0, 0
45000, 601718, 1, 0, 0
45000, 990110, 0, 0, 0
46000, 994294, 0, 0, 0
46000, 601117, 1, 0, 0
47000, 986930, 0, 0, 0
47000, 611661, 1, 0, 0
48000, 975739, 0, 0, 0
48000, 622932, 1, 0, 0
49000, 629603, 1, 0, 0
49000, 971693, 0, 0, 0
50000, 630321, 1, 0, 0
50000, 969021, 0, 0, 0
51000, 970726, 0, 0, 0
51000, 625469, 1, 0, 0
52000, 1049564, 0, 0, 0
52000, 600311, 1, 0, 0
53000, 1097859, 0, 0, 0
53000, 564843, 1, 0, 0
54000, 1122352, 0, 0, 0
54000, 492549, 1, 0, 0
55000, 479959, 1, 0, 0
55000, 1135133, 0, 0, 0
56000, 499600, 1, 0, 0
56000, 1101860, 0, 0, 0
57000, 497615, 1, 0, 0
57000, 1108760, 0, 0, 0
58000, 499263, 1, 0, 0
58000, 1171425, 0, 0, 0
59000, 1129548, 0, 0, 0
59000, 582825, 1, 0, 0
60000, 764228, 1, 0, 0
60000, 1135253, 0, 0, 0
61000, 741283, 1, 0, 0
61000, 1145831, 0, 0, 0
62000, 528966, 1, 0, 0
62000, 1146112, 0, 0, 0
63000, 1154848, 0, 0, 0
63000, 520104, 1, 0, 0
64000, 1061462, 0, 0, 0
64000, 551825, 1, 0, 0
65000, 565192, 1, 0, 0
65000, 1039174, 0, 0, 0
66000, 559860, 1, 0, 0
66000, 1045027, 0, 0, 0
67000, 1047525, 0, 0, 0
67000, 555857, 1, 0, 0
68000, 513576, 1, 0, 0
68000, 1156283, 0, 0, 0
69000, 514266, 1, 0, 0
69000, 1167721, 0, 0, 0
70000, 525643, 1, 0, 0
70000, 1211671, 0, 0, 0
71000, 520210, 1, 0, 0
71000, 1267755, 0, 0, 0
72000, 1184473, 0, 0, 0
72000, 746254, 1, 0, 0
73000, 812163, 1, 0, 0
73000, 1198877, 0, 0, 0
74000, 1077456, 0, 0, 0
74000, 520484, 1, 0, 0
75000, 1011956, 0, 0, 0
75000, 586564, 1, 0, 0
76000, 606019, 1, 0, 0
76000, 1049518, 0, 0, 0
77000, 608181, 1, 0, 0
77000, 996520, 0, 0, 0
78000, 981691, 0, 0, 0
78000, 621866, 1, 0, 0
79000, 978810, 0, 0, 0
79000, 627753, 1, 0, 0
80000, 967698, 0, 0, 0
80000, 630702, 1, 0, 0
81000, 642787, 1, 0, 0
81000, 958889, 0, 0, 0
82000, 737295, 1, 0, 0
82000, 856974, 0, 0, 0
83000, 712559, 1, 0, 0
83000, 906925, 0, 0, 0
84000, 867277, 0, 0, 0
84000, 718791, 1, 0, 0
85000, 864053, 0, 0, 0
85000, 725706, 1, 0, 0
86000, 864667, 0, 0, 0
86000, 722018, 1, 0, 0
87000, 864657, 0, 0, 0
87000, 726347, 1, 0, 0
88000, 858402, 0, 0, 0
88000, 727094, 1, 0, 0
89000, 736987, 1, 0, 0
89000, 855241, 0, 0, 0
90000, 853519, 0, 0, 0
90000, 734066, 1, 0, 0
91000, 737876, 1, 0, 0
91000, 857966, 0, 0, 0
92000, 853001, 0, 0, 0
92000, 729469, 1, 0, 0
93000, 915978, 0, 0, 0
93000, 716936, 1, 0, 0
94000, 866728, 0, 0, 0
94000, 725962, 1, 0, 0
95000, 727972, 1, 0, 0
95000, 866914, 0, 0, 0
96000, 724207, 1, 0, 0
96000, 866468, 0, 0, 0
97000, 729827, 1, 0, 0
97000, 865736, 0, 0, 0
98000, 733192, 1, 0, 0
98000, 862315, 0, 0, 0
99000, 741450, 1, 0, 0
99000, 856260, 0, 0, 0
100000, 736006, 1, 0, 0
100000, 857856, 0, 0, 0
101000, 853180, 0, 0, 0
101000, 731394, 1, 0, 0
102000, 736301, 1, 0, 0
102000, 860642, 0, 0, 0
103000, 599694, 1, 0, 0
103000, 1105655, 0, 0, 0
104000, 411088, 1, 0, 0
104000, 1242084, 0, 0, 0
105000, 1301785, 0, 0, 0
105000, 415616, 1, 0, 0
106000, 1195971, 0, 0, 0
106000, 592195, 1, 0, 0
107000, 568224, 1, 0, 0
107000, 1187547, 0, 0, 0
108000, 634912, 1, 0, 0
108000, 1246909, 0, 0, 0
109000, 735236, 1, 0, 0
109000, 1168861, 0, 0, 0
110000, 1140260, 0, 0, 0
110000, 722301, 1, 0, 0
111000, 895413, 0, 0, 0
111000, 739252, 1, 0, 0
112000, 734047, 1, 0, 0
112000, 855817, 0, 0, 0
113000, 862938, 0, 0, 0
113000, 731377, 1, 0, 0
114000, 922206, 0, 0, 0
114000, 717630, 1, 0, 0
115000, 728039, 1, 0, 0
115000, 864132, 0, 0, 0
116000, 867325, 0, 0, 0
116000, 727536, 1, 0, 0
117000, 866780, 0, 0, 0
117000, 727834, 1, 0, 0
118000, 728738, 1, 0, 0
118000, 865749, 0, 0, 0
119000, 738120, 1, 0, 0
119000, 857651, 0, 0, 0
120000, 736478, 1, 0, 0
120000, 853947, 0, 0, 0
121000, 732324, 1, 0, 0
121000, 856937, 0, 0, 0
122000, 734783, 1, 0, 0
122000, 860397, 0, 0, 0
123000, 729117, 1, 0, 0
123000, 866646, 0, 0, 0
124000, 720830, 1, 0, 0
124000, 909381, 0, 0, 0
125000, 861322, 0, 0, 0
125000, 732449, 1, 0, 0
126000, 728888, 1, 0, 0
126000, 865898, 0, 0, 0
127000, 723030, 1, 0, 0
127000, 864903, 0, 0, 0
128000, 861241, 0, 0, 0
128000, 728099, 1, 0, 0
129000, 733852, 1, 0, 0
129000, 855423, 0, 0, 0
130000, 860380, 0, 0, 0
130000, 738578, 1, 0, 0
131000, 734942, 1, 0, 0
131000, 852918, 0, 0, 0
132000, 734313, 1, 0, 0
132000, 855895, 0, 0, 0
133000, 896510, 0, 0, 0
133000, 722544, 1, 0, 0
134000, 1247781, 0, 0, 0
134000, 464017, 1, 0, 0
135000, 475711, 1, 0, 0
135000, 1153782, 0, 0, 0
136000, 477179, 1, 0, 0
136000, 1149257, 0, 0, 0
137000, 1100435, 0, 0, 0
137000, 504078, 1, 0, 0
138000, 496272, 1, 0, 0
138000, 1100867, 0, 0, 0
139000, 494714, 1, 0, 0
139000, 1170554, 0, 0, 0
140000, 534186, 1, 0, 0
140000, 1078383, 0, 0, 0
141000, 586479, 1, 0, 0
141000, 1014252, 0, 0, 0
142000, 1016755, 0, 0, 0
142000, 586584, 1, 0, 0
143000, 1022566, 0, 0, 0
143000, 582441, 1, 0, 0
144000, 1128069, 0, 0, 0
144000, 523704, 1, 0, 0
145000, 1132941, 0, 0, 0
145000, 532967, 1, 0, 0
146000, 521182, 1, 0, 0
146000, 1089295, 0, 0, 0
147000, 526365, 1, 0, 0
147000, 1086116, 0, 0, 0
148000, 527285, 1, 0, 0
148000, 1066179, 0, 0, 0
149000, 1049993, 0, 0, 0
149000, 548088, 1, 0, 0
150000, 550363, 1, 0, 0
150000, 1051591, 0, 0, 0
151000, 1217974, 0, 0, 0
151002, 695354, 1, 0, 0
152000, 785801, 1, 0, 0
152000, 1145296, 0, 0, 0
153000, 1097116, 0, 0, 0
153000, 666860, 1, 0, 0
154000, 506619, 1, 0, 0
154000, 1210868, 0, 0, 0
155000, 1115135, 0, 0, 0
155000, 502598, 1, 0, 0
156000, 1096806, 0, 0, 0
156000, 511963, 1, 0, 0
157000, 1091151, 0, 0, 0
157000, 514828, 1, 0, 0
158000, 1068205, 0, 0, 0
158000, 527590, 1, 0, 0
159000, 1276374, 0, 0, 0
159000, 409930, 1, 0, 0
160000, 412753, 1, 0, 0
160000, 1236178, 0, 0, 0
161000, 442940, 1, 0, 0
161000, 1173695, 0, 0, 0
162000, 484163, 1, 0, 0
162000, 1117423, 0, 0, 0
163000, 1199152, 0, 0, 0
163000, 473236, 1, 0, 0
164000, 1293587, 0, 0, 0
164000, 552443, 1, 0, 0
165000, 1253630, 0, 0, 0
165000, 405500, 1, 0, 0
166000, 401281, 1, 0, 0
166000, 1214127, 0, 0, 0
167000, 1283424, 0, 0, 0
167000, 396901, 1, 0, 0
168000, 1224670, 0, 0, 0
168000, 415362, 1, 0, 0
169000, 423558, 1, 0, 0
169000, 1179438, 0, 0, 0
170000, 1236317, 0, 0, 0
170000, 428433, 1, 0, 0
171000, 595579, 1, 0, 0
171000, 1193330, 0, 0, 0
172000, 780703, 1, 0, 0
172000, 1162433, 0, 0, 0
173000, 1110240, 0, 0, 0
173000, 813918, 1, 0, 0
174000, 864908, 0, 0, 0
174000, 732228, 1, 0, 0
175000, 716666, 1, 0, 0
175000, 916550, 0, 0, 0
176000, 863636, 0, 0, 0
176000, 730501, 1, 0, 0
177000, 725430, 1, 0, 0
177000, 863636, 0, 0, 0
178000, 728752, 1, 0, 0
178000, 862812, 0, 0, 0
179000, 864890, 0, 0, 0
179000, 730214, 1, 0, 0
180000, 859438, 0, 0, 0
180000, 736310, 1, 0, 0
181000, 852428, 0, 0, 0
181000, 738221, 1, 0, 0
182000, 855534, 0, 0, 0
182000, 735054, 1, 0, 0
183000, 731829, 1, 0, 0
183000, 857433, 0, 0, 0
184000, 861551, 0, 0, 0
184000, 730744, 1, 0, 0
185000, 1073524, 0, 0, 0
185000, 627769, 1, 0, 0
186000, 1001127, 0, 0, 0
186000, 608596, 1, 0, 0
187000, 995237, 0, 0, 0
187000, 610941, 1, 0, 0
188000, 609115, 1, 0, 0
188000, 995011, 0, 0, 0
189000, 986242, 0, 0, 0
189000, 610483, 1, 0, 0
190000, 621538, 1, 0, 0
190000, 975871, 0, 0, 0
191000, 953236, 0, 0, 0
191000, 637438, 1, 0, 0
192000, 966282, 0, 0, 0
192000, 629142, 1, 0, 0
193000, 976449, 0, 0, 0
193000, 628471, 1, 0, 0
194000, 624796, 1, 0, 0
194000, 976224, 0, 0, 0
195000, 1253041, 0, 0, 0
195000, 641743, 1, 0, 0
196000, 828160, 1, 0, 0
196000, 1159007, 0, 0, 0
197000, 1143705, 0, 0, 0
197000, 732232, 1, 0, 0
198000, 387994, 1, 0, 0
198000, 1304814, 0, 0, 0
199000, 1242566, 0, 0, 0
199000, 386488, 1, 0, 0
200000, 1215666, 0, 0, 0
200000, 408619, 1, 0, 0
201000, 426125, 1, 0, 0
201000, 1184075, 0, 0, 0
202000, 407402, 1, 0, 0
202000, 1275835, 0, 0, 0
203000, 410328, 1, 0, 0
203000, 1295537, 0, 0, 0
204000, 392547, 1, 0, 0
204000, 1256690, 0, 0, 0
205000, 670240, 1, 0, 0
205000, 989453, 0, 0, 0
206000, 867739, 0, 0, 0
206000, 723008, 1, 0, 0
207000, 727107, 1, 0, 0
207000, 862682, 0, 0, 0
208000, 866293, 0, 0, 0
208000, 725690, 1, 0, 0
209000, 861462, 0, 0, 0
209000, 730314, 1, 0, 0
210000, 729693, 1, 0, 0
210000, 862459, 0, 0, 0
211000, 739249, 1, 0, 0
211000, 855700, 0, 0, 0
212000, 856741, 0, 0, 0
212000, 734816, 1, 0, 0
213000, 856504, 0, 0, 0
213000, 733484, 1, 0, 0
214000, 738952, 1, 0, 0
214000, 859934, 0, 0, 0
215000, 680910, 1, 0, 0
215000, 950415, 0, 0, 0
216000, 1043216, 0, 0, 0
216000, 609968, 1, 0, 0
217000, 622482, 1, 0, 0
217000, 992736, 0, 0, 0
218000, 973210, 0, 0, 0
218000, 627119, 1, 0, 0
219000, 974085, 0, 0, 0
219000, 624975, 1, 0, 0
220000, 628471, 1, 0, 0
220000, 968043, 0, 0, 0
221000, 959647, 0, 0, 0
221000, 636557, 1, 0, 0
222000, 959430, 0, 0, 0
222000, 638100, 1, 0, 0
223000, 641955, 1, 0, 0
223000, 952771, 0, 0, 0
224000, 642442, 1, 0, 0
224000, 956778, 0, 0, 0
225000, 631222, 1, 0, 0
225000, 1009374, 0, 0, 0
226000, 989188, 0, 0, 0
226000, 602672, 1, 0, 0
227000, 604318, 1, 0, 0
227000, 1050597, 0, 0, 0
228000, 1011885, 0, 0, 0
228000, 608612, 1, 0, 0
229000, 1057070, 0, 0, 0
229000, 555939, 1, 0, 0
230000, 522353, 1, 0, 0
230000, 1087661, 0, 0, 0
231000, 552690, 1, 0, 0
231000, 1052519, 0, 0, 0
232000, 548063, 1, 0, 0
232000, 1053617, 0, 0, 0
233000, 1118058, 0, 0, 0
233000, 535169, 1, 0, 0
234000, 1084523, 0, 0, 0
234000, 525940, 1, 0, 0
235000, 1167279, 0, 0, 0
235000, 492100, 1, 0, 0
236000, 1088648, 0, 0, 0
236000, 523928, 1, 0, 0
237000, 1060830, 0, 0, 0
237000, 540757, 1, 0, 0
238000, 1071891, 0, 0, 0
238000, 526417, 1, 0, 0
239000, 520800, 1, 0, 0
239000, 1152084, 0, 0, 0
240000, 1096003, 0, 0, 0
240000, 516402, 1, 0, 0
241000, 1078340, 0, 0, 0
241000, 525171, 1, 0, 0
242000, 1084755, 0, 0, 0
242000, 580706, 1, 0, 0
243018, 1148844, 0, 0, 0
243019, 755397, 1, 0, 0
244000, 1184415, 0, 0, 0
244000, 487278, 1, 0, 0
245006, 1130847, 0, 0, 0
245006, 480093, 1, 0, 0
246000, 1101841, 0, 0, 0
246000, 550807, 1, 0, 0
247000, 1020512, 0, 0, 0
247000, 584344, 1, 0, 0
248000, 1025855, 0, 0, 0
248000, 569677, 1, 0, 0
249000, 1037324, 0, 0, 0
249000, 572922, 1, 0, 0
250000, 509774, 1, 0, 0
250000, 1154455, 0, 0, 0
251000, 1118662, 0, 0, 0
251000, 497353, 1, 0, 0
252000, 495263, 1, 0, 0
252000, 1099067, 0, 0, 0
253000, 1138448, 0, 0, 0
253000, 769622, 1, 0, 0
254000, 850604, 1, 0, 0
254000, 1224976, 0, 0, 0
255000, 1126151, 0, 0, 0
255000, 721263, 1, 0, 0
256000, 701834, 1, 0, 0
256000, 934898, 0, 0, 0
257000, 726193, 1, 0, 0
257000, 864705, 0, 0, 0
258000, 859925, 0, 0, 0
258000, 726170, 1, 0, 0
259000, 727686, 1, 0, 0
259000, 862493, 0, 0, 0
260000, 863097, 0, 0, 0
260000, 727692, 1, 0, 0
261000, 860082, 0, 0, 0
261000, 733018, 1, 0, 0
262000, 738597, 1, 0, 0
262000, 851147, 0, 0, 0
263000, 857903, 0, 0, 0
263000, 734944, 1, 0, 0
264000, 732912, 1, 0, 0
264000, 856638, 0, 0, 0
265000, 862745, 0, 0, 0
265000, 732176, 1, 0, 0
266000, 963638, 0, 0, 0
266000, 681530, 1, 0, 0
267000, 924069, 0, 0, 0
267000, 664923, 1, 0, 0
268000, 674879, 1, 0, 0
268000, 918644, 0, 0, 0
269000, 667757, 1, 0, 0
269000, 925510, 0, 0, 0
270000, 923002, 0, 0, 0
270000, 669676, 1, 0, 0
271000, 917845, 0, 0, 0
271000, 672431, 1, 0, 0
272000, 915818, 0, 0, 0
272000, 682321, 1, 0, 0
273000, 678650, 1, 0, 0
273000, 915182, 0, 0, 0
274000, 921266, 0, 0, 0
274000, 677126, 1, 0, 0
275000, 984327, 0, 0, 0
275000, 670044, 1, 0, 0
276000, 584485, 1, 0, 0
276000, 1076466, 0, 0, 0
277000, 997685, 0, 0, 0
277000, 605138, 1, 0, 0
278000, 1005201, 0, 0, 0
278000, 598640, 1, 0, 0
279000, 1002951, 0, 0, 0
279000, 600839, 1, 0, 0
280000, 611264, 1, 0, 0
280000, 989993, 0, 0, 0
281000, 628320, 1, 0, 0
281000, 965736, 0, 0, 0
282000, 578118, 1, 0, 0
282000, 1028655, 0, 0, 0
283000, 542495, 1, 0, 0
283000, 1065744, 0, 0, 0
284000, 583009, 1, 0, 0
284000, 1083169, 0, 0, 0
285000, 1017104, 0, 0, 0
285000, 595954, 1, 0, 0
286000, 550737, 1, 0, 0
286000, 1102880, 0, 0, 0
287000, 1022556, 0, 0, 0
287000, 582026, 1, 0, 0
288000, 973991, 0, 0, 0
288000, 630457, 1, 0, 0
289000, 973410, 0, 0, 0
289000, 628940, 1, 0, 0
290000, 627552, 1, 0, 0
290000, 980379, 0, 0, 0
291000, 625549, 1, 0, 0
291000, 963747, 0, 0, 0
292000, 625217, 1, 0, 0
292000, 974038, 0, 0, 0
293000, 1101670, 0, 0, 0
293000, 559389, 1, 0, 0
294000, 555169, 1, 0, 0
294000, 1047653, 0, 0, 0
295000, 539554, 1, 0, 0
295000, 1069731, 0, 0, 0
296000, 1166920, 0, 0, 0
296000, 494742, 1, 0, 0
297000, 1126188, 0, 0, 0
297002, 605168, 1, 0, 0
298000, 1238697, 0, 0, 0
298000, 736634, 1, 0, 0
299000, 1142975, 0, 0, 0
299000, 790389, 1, 0, 0
300000, 747440, 1, 0, 0
300000, 1142064, 0, 0, 0
301000, 1237687, 0, 0, 0
301000, 740652, 1, 0, 0
302000, 766972, 1, 0, 0
302000, 1165558, 0, 0, 0
303000, 726400, 1, 0, 0
303000, 1130850, 0, 0, 0
304000, 1230680, 0, 0, 0
304000, 802621, 1, 0, 0
305000, 1199016, 0, 0, 0
305000, 782372, 1, 0, 0
306000, 765797, 1, 0, 0
306000, 1155478, 0, 0, 0
307000, 1208946, 0, 0, 0
307000, 652154, 1, 0, 0
308000, 487813, 1, 0, 0
308000, 1169820, 0, 0, 0
309000, 516505, 1, 0, 0
309000, 1101680, 0, 0, 0
310000, 1077562, 0, 0, 0
310000, 530288, 1, 0, 0
311000, 517264, 1, 0, 0
311000, 1085017, 0, 0, 0
312000, 512430, 1, 0, 0
312000, 1166436, 0, 0, 0
313000, 451636, 1, 0, 0
313000, 1258487, 0, 0, 0
314000, 418763, 1, 0, 0
314000, 1247266, 0, 0, 0
315000, 1040549, 0, 0, 0
315000, 595589, 1, 0, 0
316000, 858828, 0, 0, 0
316000, 734330, 1, 0, 0
317000, 862621, 0, 0, 0
317000, 733424, 1, 0, 0
318000, 923229, 0, 0, 0
318000, 721059, 1, 0, 0
319000, 863760, 0, 0, 0
319000, 727644, 1, 0, 0
320000, 864833, 0, 0, 0
320000, 725193, 1, 0, 0
321000, 727460, 1, 0, 0
321000, 866088, 0, 0, 0
322000, 864764, 0, 0, 0
322000, 730674, 1, 0, 0
323000, 859998, 0, 0, 0
323000, 741415, 1, 0, 0
324000, 739578, 1, 0, 0
324000, 856652, 0, 0, 0
325000, 736151, 1, 0, 0
325000, 855612, 0, 0, 0
326000, 857737, 0, 0, 0
326000, 732366, 1, 0, 0
327000, 865865, 0, 0, 0
327000, 728393, 1, 0, 0
328000, 719321, 1, 0, 0
328000, 919488, 0, 0, 0
329000, 863595, 0, 0, 0
329000, 730804, 1, 0, 0
330000, 866762, 0, 0, 0
330000, 729646, 1, 0, 0
331000, 867425, 0, 0, 0
331000, 724947, 1, 0, 0
332000, 861094, 0, 0, 0
332000, 728874, 1, 0, 0
333000, 856119, 0, 0, 0
333000, 735522, 1, 0, 0
334000, 737974, 1, 0, 0
334000, 855401, 0, 0, 0
335000, 856505, 0, 0, 0
335000, 736889, 1, 0, 0
336000, 858047, 0, 0, 0
336000, 737160, 1, 0, 0
337000, 726907, 1, 0, 0
337000, 864427, 0, 0, 0
338000, 557161, 1, 0, 0
338000, 1101159, 0, 0, 0
339000, 551223, 1, 0, 0
339000, 1126866, 0, 0, 0
340000, 1084774, 0, 0, 0
340000, 544708, 1, 0, 0
341000, 546078, 1, 0, 0
341000, 1074808, 0, 0, 0
342000, 554295, 1, 0, 0
342000, 1052638, 0, 0, 0
343000, 575384, 1, 0, 0
343000, 1024538, 0, 0, 0
344000, 565600, 1, 0, 0
344000, 1038078, 0, 0, 0
345000, 533559, 1, 0, 0
345000, 1131127, 0, 0, 0
346000, 493310, 1, 0, 0
346000, 1125106, 0, 0, 0
347000, 485595, 1, 0, 0
347000, 1127718, 0, 0, 0
348000, 478972, 1, 0, 0
348000, 1180649, 0, 0, 0
349000, 489348, 1, 0, 0
349000, 1102131, 0, 0, 0
350000, 486958, 1, 0, 0
350000, 1185342, 0, 0, 0
351000, 477242, 1, 0, 0
351000, 1143844, 0, 0, 0
352000, 897586, 1, 0, 0
352000, 1141414, 0, 0, 0
353000, 903084, 1, 0, 0
353000, 1128140, 0, 0, 0
354000, 496927, 1, 0, 0
354000, 1213547, 0, 0, 0
355000, 1134138, 0, 0, 0
355000, 490599, 1, 0, 0
356000, 1107356, 0, 0, 0
356000, 505615, 1, 0, 0
357000, 680815, 1, 0, 0
357000, 907660, 0, 0, 0
358000, 716085, 1, 0, 0
358000, 916990, 0, 0, 0
359000, 865321, 0, 0, 0
359000, 724841, 1, 0, 0
360000, 860076, 0, 0, 0
360000, 728707, 1, 0, 0
361000, 860537, 0, 0, 0
361000, 722176, 1, 0, 0
362000, 860320, 0, 0, 0
362000, 723785, 1, 0, 0
363000, 855867, 0, 0, 0
363000, 726546, 1, 0, 0
364000, 731971, 1, 0, 0
364000, 847947, 0, 0, 0
365000, 736172, 1, 0, 0
365000, 856631, 0, 0, 0
366000, 856091, 0, 0, 0
366000, 731559, 1, 0, 0
367000, 735754, 1, 0, 0
367000, 859038, 0, 0, 0
368000, 1045923, 0, 0, 0
368000, 604485, 1, 0, 0
369012, 1126900, 0, 0, 0
369013, 488737, 1, 0, 0
370000, 487783, 1, 0, 0
370000, 1188680, 0, 0, 0
371000, 1138674, 0, 0, 0
371000, 481540, 1, 0, 0
372000, 561330, 1, 0, 0
372000, 1054621, 0, 0, 0
373000, 1038323, 0, 0, 0
373000, 568336, 1, 0, 0
374000, 573538, 1, 0, 0
374000, 1022319, 0, 0, 0
375000, 549725, 1, 0, 0
375000, 1114003, 0, 0, 0
376000, 1051297, 0, 0, 0
376000, 552956, 1, 0, 0
377000, 1021203, 0, 0, 0
377000, 583041, 1, 0, 0
378000, 553673, 1, 0, 0
378000, 1090742, 0, 0, 0
379000, 1073815, 0, 0, 0
379000, 524076, 1, 0, 0
380000, 1086482, 0, 0, 0
380000, 521283, 1, 0, 0
381000, 1137227, 0, 0, 0
381000, 525564, 1, 0, 0
382000, 1098238, 0, 0, 0
382000, 513788, 1, 0, 0
383000, 564437, 1, 0, 0
383000, 1125441, 0, 0, 0
384000, 607369, 1, 0, 0
384000, 1183993, 0, 0, 0
385000, 1263253, 0, 0, 0
385000, 602137, 1, 0, 0
386000, 446257, 1, 0, 0
386000, 1185182, 0, 0, 0
387000, 1155954, 0, 0, 0
387000, 455283, 1, 0, 0
388000, 971425, 0, 0, 0
388000, 667907, 1, 0, 0
389000, 874760, 0, 0, 0
389000, 728728, 1, 0, 0
390000, 861503, 0, 0, 0
390000, 733775, 1, 0, 0
391000, 865457, 0, 0, 0
391000, 725659, 1, 0, 0
392000, 728765, 1, 0, 0
392000, 864366, 0, 0, 0
393000, 728013, 1, 0, 0
393000, 860491, 0, 0, 0
394000, 732543, 1, 0, 0
394000, 851959, 0, 0, 0
395000, 851550, 0, 0, 0
395000, 732721, 1, 0, 0
396000, 738175, 1, 0, 0
396000, 858842, 0, 0, 0
397000, 735776, 1, 0, 0
397000, 857355, 0, 0, 0
398000, 977183, 0, 0, 0
398000, 668547, 1, 0, 0
399000, 481127, 1, 0, 0
399000, 1135300, 0, 0, 0
400000, 480762, 1, 0, 0
400000, 1186703, 0, 0, 0
401000, 466163, 1, 0, 0
401000, 1151419, 0, 0, 0
402000, 576118, 1, 0, 0
402000, 1032371, 0, 0, 0
403000, 582926, 1, 0, 0
403000, 1010188, 0, 0, 0
404000, 1009473, 0, 0, 0
404000, 591264, 1, 0, 0
405000, 1009563, 0, 0, 0
405000, 588891, 1, 0, 0
406000, 563591, 1, 0, 0
406000, 1088343, 0, 0, 0
407000, 552301, 1, 0, 0
407000, 1045738, 0, 0, 0
408000, 1154947, 0, 0, 0
408000, 521350, 1, 0, 0
409000, 1213008, 0, 0, 0
409000, 401062, 1, 0, 0
410000, 1201029, 0, 0, 0
410000, 414178, 1, 0, 0
411000, 362685, 1, 0, 0
411000, 1316360, 0, 0, 0
412000, 384380, 1, 0, 0
412000, 1240713, 0, 0, 0
413000, 1162783, 0, 0, 0
413000, 442755, 1, 0, 0
414000, 1236176, 0, 0, 0
414000, 444992, 1, 0, 0
415000, 1222590, 0, 0, 0
415000, 415922, 1, 0, 0
416000, 404445, 1, 0, 0
416000, 1215691, 0, 0, 0
417000, 410174, 1, 0, 0
417000, 1226582, 0, 0, 0
418000, 1253129, 0, 0, 0
418000, 668784, 1, 0, 0
419000, 1069433, 1, 0, 0
419000, 1197305, 0, 0, 0
420000, 778924, 1, 0, 0
420000, 1128768, 0, 0, 0
421000, 1288561, 0, 0, 0
421000, 394939, 1, 0, 0
422000, 385097, 1, 0, 0
422000, 1233737, 0, 0, 0
423000, 451969, 1, 0, 0
423000, 1150778, 0, 0, 0
424000, 445168, 1, 0, 0
424000, 1159423, 0, 0, 0
425000, 1238480, 0, 0, 0
425000, 482707, 1, 0, 0
426000, 1185956, 0, 0, 0
426000, 622516, 1, 0, 0
427000, 640539, 1, 0, 0
427000, 1148114, 0, 0, 0
428000, 929560, 0, 0, 0
428000, 708373, 1, 0, 0
429000, 905777, 0, 0, 0
429000, 717690, 1, 0, 0
430000, 720733, 1, 0, 0
430000, 873907, 0, 0, 0
431000, 862029, 0, 0, 0
431000, 723666, 1, 0, 0
432000, 868994, 0, 0, 0
432000, 723300, 1, 0, 0
433000, 867968, 0, 0, 0
433000, 730631, 1, 0, 0
434000, 726177, 1, 0, 0
434000, 861804, 0, 0, 0
435000, 734881, 1, 0, 0
435000, 854887, 0, 0, 0
436000, 853275, 0, 0, 0
436000, 732955, 1, 0, 0
437000, 731624, 1, 0, 0
437000, 855207, 0, 0, 0
438000, 853192, 0, 0, 0
438000, 731117, 1, 0, 0
439008, 943591, 0, 0, 0
439008, 691352, 1, 0, 0
440000, 592839, 1, 0, 0
440000, 1065061, 0, 0, 0
441000, 992809, 0, 0, 0
441000, 607735, 1, 0, 0
442000, 994864, 0, 0, 0
442000, 607855, 1, 0, 0
443000, 983580, 0, 0, 0
443000, 612298, 1, 0, 0
444000, 614986, 1, 0, 0
444000, 980992, 0, 0, 0
445000, 632341, 1, 0, 0
445000, 954224, 0, 0, 0
446000, 638032, 1, 0, 0
446000, 957876, 0, 0, 0
447000, 633178, 1, 0, 0
447000, 961904, 0, 0, 0
448000, 626442, 1, 0, 0
448000, 962974, 0, 0, 0
449000, 1126791, 0, 0, 0
449000, 585185, 1, 0, 0
450000, 526287, 1, 0, 0
450000, 1089771, 0, 0, 0
451000, 1074897, 0, 0, 0
451000, 533573, 1, 0, 0
452000, 540406, 1, 0, 0
452000, 1066096, 0, 0, 0
453000, 544285, 1, 0, 0
453000, 1044816, 0, 0, 0
454000, 412387, 1, 0, 0
454000, 1201796, 0, 0, 0
455000, 387795, 1, 0, 0
455000, 1298119, 0, 0, 0
456000, 1220080, 0, 0, 0
456000, 455565, 1, 0, 0
457000, 702671, 1, 0, 0
457000, 1140170, 0, 0, 0
458000, 698975, 1, 0, 0
458000, 1217859, 0, 0, 0
459000, 765696, 1, 0, 0
459000, 1179359, 0, 0, 0
460000, 1204598, 0, 0, 0
460000, 940596, 1, 0, 0
461000, 1229772, 0, 0, 0
461000, 747237, 1, 0, 0
462000, 418049, 1, 0, 0
462000, 1206869, 0, 0, 0
463000, 1183852, 0, 0, 0
463000, 430513, 1, 0, 0
464000, 443056, 1, 0, 0
464000, 1157680, 0, 0, 0
465000, 425479, 1, 0, 0
465000, 1243304, 0, 0, 0
466000, 1174437, 0, 0, 0
466000, 432864, 1, 0, 0
467000, 1146361, 0, 0, 0
467000, 455853, 1, 0, 0
468000, 462336, 1, 0, 0
468000, 1149198, 0, 0, 0
469000, 1229123, 0, 0, 0
469000, 675100, 1, 0, 0
470000, 1146267, 0, 0, 0
470000, 916644, 1, 0, 0
471000, 1148557, 0, 0, 0
471000, 1067194, 1, 0, 0
472000, 1225848, 0, 0, 0
472000, 867646, 1, 0, 0
473000, 903220, 1, 0, 0
473000, 1154221, 0, 0, 0
474000, 1100408, 0, 0, 0
474000, 780144, 1, 0, 0
475000, 570910, 1, 0, 0
475000, 1023661, 0, 0, 0
476000, 861815, 0, 0, 0
476000, 726810, 1, 0, 0
477000, 732810, 1, 0, 0
477000, 853154, 0, 0, 0
478000, 735725, 1, 0, 0
478000, 854784, 0, 0, 0
479000, 854655, 0, 0, 0
479000, 732757, 1, 0, 0
480000, 733059, 1, 0, 0
480001, 854330, 0, 0, 0
480001, 1471509, 0, 0, 0
480001, 1519702, 1, 0, 0
