1004, 905838, 1, 0, 0
1005, 1015834, 0, 0, 0
2000, 1104260, 0, 0, 0
2000, 1041548, 1, 0, 0
3000, 1030337, 0, 0, 0
3000, 1016067, 1, 0, 0
4000, 1004948, 1, 0, 0
4000, 977692, 0, 0, 0
5000, 980148, 1, 0, 0
5001, 1100012, 0, 0, 0
6000, 1058132, 1, 0, 0
6000, 1009153, 0, 0, 0
7000, 936654, 1, 0, 0
7000, 996270, 0, 0, 0
8003, 936177, 1, 0, 0
8004, 1079247, 0, 0, 0
9000, 995484, 0, 0, 0
9003, 1027050, 1, 0, 0
10000, 1021049, 0, 0, 0
10000, 856124, 1, 0, 0
11001, 1019973, 0, 0, 0
11004, 711479, 1, 0, 0
12000, 808701, 1, 0, 0
12000, 1003722, 0, 0, 0
13000, 1009203, 0, 0, 0
13003, 484406, 1, 0, 0
14000, 1046168, 0, 0, 0
14000, 528685, 1, 0, 0
15000, 1022070, 0, 0, 0
15000, 562635, 1, 0, 0
16000, 529222, 1, 0, 0
16000, 1011470, 0, 0, 0
17000, 1000274, 0, 0, 0
17000, 529529, 1, 0, 0
18000, 750268, 1, 0, 0
18000, 1056002, 0, 0, 0
19004, 925658, 1, 0, 0
19005, 1042943, 0, 0, 0
20000, 1028633, 1, 0, 0
20000, 945833, 0, 0, 0
21000, 817954, 1, 0, 0
21000, 1100719, 0, 0, 0
22000, 959879, 1, 0, 0
22000, 1036803, 0, 0, 0
23000, 1034940, 1, 0, 0
23000, 1010751, 0, 0, 0
24000, 1100373, 0, 0, 0
24000, 833335, 1, 0, 0
25000, 1045223, 0, 0, 0
25000, 868918, 1, 0, 0
26002, 917100, 1, 0, 0
26002, 1006480, 0, 0, 0
27000, 1070393, 0, 0, 0
27000, 965556, 1, 0, 0
28000, 1021260, 0, 0, 0
28001, 977116, 1, 0, 0
29000, 981039, 0, 0, 0
29004, 965189, 1, 0, 0
30000, 1044352, 0, 0, 0
30000, 992898, 1, 0, 0
31000, 1054585, 0, 0, 0
31006, 898996, 1, 0, 0
32000, 1024321, 0, 0, 0
32000, 868916, 1, 0, 0
33000, 761740, 1, 0, 0
33000, 1037716, 0, 0, 0
34000, 1045477, 0, 0, 0
34006, 629499, 1, 0, 0
35000, 1080436, 0, 0, 0
35005, 596566, 1, 0, 0
36000, 1012669, 0, 0, 0
36000, 697870, 1, 0, 0
37000, 583087, 1, 0, 0
37000, 1046922, 0, 0, 0
38001, 603428, 1, 0, 0
38002, 1002519, 0, 0, 0
39000, 984867, 0, 0, 0
39000, 635139, 1, 0, 0
40000, 983115, 1, 0, 0
40000, 1005018, 0, 0, 0
41000, 911518, 1, 0, 0
41000, 1023215, 0, 0, 0
42000, 1033616, 0, 0, 0
42000, 780571, 1, 0, 0
43002, 913362, 1, 0, 0
43002, 1007182, 0, 0, 0
44000, 1032910, 0, 0, 0
44002, 715289, 1, 0, 0
45000, 1035184, 0, 0, 0
45000, 847071, 1, 0, 0
46000, 930173, 1, 0, 0
46000, 1057151, 0, 0, 0
47000, 1010670, 0, 0, 0
47002, 941889, 1, 0, 0
48001, 1021254, 1, 0, 0
48002, 989208, 0, 0, 0
49000, 1078163, 0, 0, 0
49000, 1050256, 1, 0, 0
50000, 971772, 1, 0, 0
50000, 1068311, 0, 0, 0
51000, 978599, 1, 0, 0
51000, 1023548, 0, 0, 0
52000, 1011998, 1, 0, 0
52000, 1096296, 0, 0, 0
53000, 1081212, 1, 0, 0
53000, 1011790, 0, 0, 0
54000, 993144, 0, 0, 0
54000, 959735, 1, 0, 0
55000, 1092012, 0, 0, 0
55007, 774045, 1, 0, 0
56000, 944355, 0, 0, 0
56000, 1035307, 1, 0, 0
57000, 802236, 1, 0, 0
57000, 992357, 0, 0, 0
58000, 1152354, 0, 0, 0
58000, 935338, 1, 0, 0
59000, 1058014, 0, 0, 0
59008, 896822, 1, 0, 0
60000, 1045885, 1, 0, 0
60000, 1023744, 0, 0, 0
61000, 1015224, 0, 0, 0
61000, 1091797, 1, 0, 0
62000, 1043765, 0, 0, 0
62000, 1038199, 1, 0, 0
63000, 992472, 0, 0, 0
63007, 1056638, 1, 0, 0
64000, 1073317, 0, 0, 0
64005, 987286, 1, 0, 0
65000, 1084715, 1, 0, 0
65000, 1029134, 0, 0, 0
66000, 1037230, 1, 0, 0
66001, 979180, 0, 0, 0
67000, 988327, 0, 0, 0
67000, 897890, 1, 0, 0
68000, 1129067, 0, 0, 0
68000, 846288, 1, 0, 0
69000, 960501, 0, 0, 0
69000, 949068, 1, 0, 0
70000, 1043927, 0, 0, 0
70000, 1095106, 1, 0, 0
71001, 940292, 1, 0, 0
71001, 1153561, 0, 0, 0
72000, 1058883, 1, 0, 0
72000, 1001951, 0, 0, 0
73000, 991173, 0, 0, 0
73000, 1026480, 1, 0, 0
74002, 1168708, 1, 0, 0
74002, 958473, 0, 0, 0
75000, 1052926, 0, 0, 0
75003, 922251, 1, 0, 0
76000, 868365, 1, 0, 0
76000, 1029714, 0, 0, 0
77000, 883560, 1, 0, 0
77000, 1115150, 0, 0, 0
78000, 1000451, 1, 0, 0
78000, 984003, 0, 0, 0
79000, 986276, 0, 0, 0
79000, 898385, 1, 0, 0
80000, 964690, 1, 0, 0
80000, 1072622, 0, 0, 0
81002, 990705, 1, 0, 0
81003, 1015100, 0, 0, 0
82000, 1023611, 0, 0, 0
82000, 967334, 1, 0, 0
83000, 1107753, 0, 0, 0
83000, 1302518, 1, 0, 0
84000, 1059049, 0, 0, 0
84000, 804758, 1, 0, 0
85000, 922107, 0, 0, 0
85000, 991781, 1, 0, 0
86001, 1100195, 0, 0, 0
86005, 785383, 1, 0, 0
87004, 859402, 1, 0, 0
87005, 1019752, 0, 0, 0
88000, 820852, 1, 0, 0
88000, 988672, 0, 0, 0
89003, 808630, 1, 0, 0
89004, 1114665, 0, 0, 0
90000, 1012989, 0, 0, 0
90002, 1066335, 1, 0, 0
91000, 1032230, 0, 0, 0
91000, 972514, 1, 0, 0
92000, 1134039, 0, 0, 0
92000, 898249, 1, 0, 0
93000, 1049802, 0, 0, 0
93000, 757253, 1, 0, 0
94000, 571830, 1, 0, 0
94000, 1037619, 0, 0, 0
95001, 932618, 1, 0, 0
95002, 1040288, 0, 0, 0
96001, 807224, 1, 0, 0
96001, 989541, 0, 0, 0
97000, 1042059, 0, 0, 0
97002, 608162, 1, 0, 0
98000, 616447, 1, 0, 0
98000, 1027928, 0, 0, 0
99000, 1062998, 0, 0, 0
99000, 1003100, 1, 0, 0
100000, 946440, 1, 0, 0
100000, 1040110, 0, 0, 0
101000, 1026708, 0, 0, 0
101000, 889696, 1, 0, 0
102000, 1081442, 0, 0, 0
102000, 954300, 1, 0, 0
103000, 1000779, 0, 0, 0
103000, 911133, 1, 0, 0
104000, 667527, 1, 0, 0
104000, 1026183, 0, 0, 0
105000, 1002452, 0, 0, 0
105005, 913041, 1, 0, 0
106000, 839184, 1, 0, 0
106000, 1162396, 0, 0, 0
107000, 991086, 0, 0, 0
107000, 771482, 1, 0, 0
108000, 1096743, 0, 0, 0
108000, 828970, 1, 0, 0
109000, 1049756, 1, 0, 0
109000, 1038763, 0, 0, 0
110000, 1056248, 1, 0, 0
110000, 1000721, 0, 0, 0
111001, 1010181, 1, 0, 0
111002, 1092184, 0, 0, 0
112000, 1108411, 1, 0, 0
112000, 1041442, 0, 0, 0
113000, 1008031, 0, 0, 0
113004, 963849, 1, 0, 0
114000, 1016249, 0, 0, 0
114000, 1146272, 1, 0, 0
115000, 1069754, 0, 0, 0
115000, 939740, 1, 0, 0
116000, 1049075, 0, 0, 0
116000, 960343, 1, 0, 0
117000, 1128054, 0, 0, 0
117000, 986675, 1, 0, 0
118000, 1026562, 0, 0, 0
118005, 1020523, 1, 0, 0
119000, 1072138, 0, 0, 0
119000, 1235409, 1, 0, 0
120000, 1089520, 0, 0, 0
120000, 1048074, 1, 0, 0
121001, 1066373, 0, 0, 0
121003, 980561, 1, 0, 0
122000, 974222, 0, 0, 0
122004, 1118796, 1, 0, 0
123000, 1100457, 0, 0, 0
123000, 983725, 1, 0, 0
124000, 1037145, 1, 0, 0
124000, 1028811, 0, 0, 0
125000, 996032, 0, 0, 0
125006, 977713, 1, 0, 0
126000, 932912, 1, 0, 0
126000, 1067754, 0, 0, 0
127000, 958789, 0, 0, 0
127001, 1084601, 1, 0, 0
128000, 952587, 1, 0, 0
128000, 988687, 0, 0, 0
129000, 944280, 1, 0, 0
129000, 1050174, 0, 0, 0
130003, 1031689, 1, 0, 0
130003, 1027930, 0, 0, 0
131000, 1046700, 0, 0, 0
131000, 984978, 1, 0, 0
132000, 1238985, 1, 0, 0
132000, 1123513, 0, 0, 0
133000, 1033293, 0, 0, 0
133008, 1031955, 1, 0, 0
134000, 981032, 1, 0, 0
134000, 1013341, 0, 0, 0
135000, 1099364, 0, 0, 0
135000, 896893, 1, 0, 0
136001, 796543, 1, 0, 0
136001, 1050673, 0, 0, 0
137003, 798593, 1, 0, 0
137003, 997605, 0, 0, 0
138000, 889101, 0, 0, 0
138000, 927958, 1, 0, 0
139000, 1111304, 0, 0, 0
139001, 566791, 1, 0, 0
140000, 1027049, 0, 0, 0
140001, 587805, 1, 0, 0
141000, 986060, 0, 0, 0
141000, 637401, 1, 0, 0
142000, 1042496, 0, 0, 0
142006, 905117, 1, 0, 0
143000, 1027853, 0, 0, 0
143000, 1137101, 1, 0, 0
144000, 1128851, 0, 0, 0
144000, 1021223, 1, 0, 0
145000, 1063630, 1, 0, 0
145000, 1095345, 0, 0, 0
146000, 1075991, 1, 0, 0
146000, 1004119, 0, 0, 0
147000, 1004115, 1, 0, 0
147000, 1020927, 0, 0, 0
148000, 1056777, 1, 0, 0
148000, 1100631, 0, 0, 0
149000, 1006461, 0, 0, 0
149000, 1104515, 1, 0, 0
150000, 946004, 0, 0, 0
150000, 1106324, 1, 0, 0
151000, 1110647, 0, 0, 0
151000, 969615, 1, 0, 0
152002, 1087404, 1, 0, 0
152002, 954130, 0, 0, 0
153000, 994743, 0, 0, 0
153000, 919051, 1, 0, 0
154003, 871307, 1, 0, 0
154004, 1081119, 0, 0, 0
155000, 1008037, 0, 0, 0
155000, 982009, 1, 0, 0
156000, 1116934, 1, 0, 0
156000, 1061468, 0, 0, 0
157000, 1095949, 0, 0, 0
157000, 1013807, 1, 0, 0
158000, 1151219, 1, 0, 0
158000, 1013123, 0, 0, 0
159000, 1029302, 1, 0, 0
159000, 1000191, 0, 0, 0
160000, 1154444, 0, 0, 0
160007, 1007190, 1, 0, 0
161002, 1098050, 1, 0, 0
161002, 1048775, 0, 0, 0
162002, 1009917, 1, 0, 0
162002, 1005480, 0, 0, 0
163000, 1083208, 0, 0, 0
163005, 993220, 1, 0, 0
164000, 1002526, 0, 0, 0
164000, 973250, 1, 0, 0
165002, 791017, 1, 0, 0
165003, 1029238, 0, 0, 0
166000, 808411, 1, 0, 0
166001, 1095599, 0, 0, 0
167000, 766159, 1, 0, 0
167000, 942025, 0, 0, 0
168003, 527736, 1, 0, 0
168004, 1043562, 0, 0, 0
169000, 1040089, 0, 0, 0
169000, 694292, 1, 0, 0
170000, 1067412, 0, 0, 0
170000, 610317, 1, 0, 0
171002, 631239, 1, 0, 0
171002, 1025118, 0, 0, 0
172000, 1108647, 1, 0, 0
172000, 984149, 0, 0, 0
173000, 1094761, 0, 0, 0
173000, 1109853, 1, 0, 0
174000, 1073533, 1, 0, 0
174000, 1026269, 0, 0, 0
175000, 998233, 0, 0, 0
175000, 1034534, 1, 0, 0
176001, 784662, 1, 0, 0
176002, 1107989, 0, 0, 0
177000, 630949, 1, 0, 0
177000, 1047360, 0, 0, 0
178000, 961404, 0, 0, 0
178000, 757012, 1, 0, 0
179000, 662979, 0, 0, 0
179000, 379642, 1, 0, 0
180000, 323158, 1, 0, 0
180000, 609022, 0, 0, 0
181000, 327408, 1, 0, 0
181000, 606611, 0, 0, 0
182000, 334960, 1, 0, 0
182000, 597662, 0, 0, 0
183000, 584950, 0, 0, 0
183000, 348975, 1, 0, 0
184000, 343821, 1, 0, 0
184000, 588456, 0, 0, 0
185000, 414762, 1, 0, 0
185000, 694242, 0, 0, 0
186000, 1029662, 0, 0, 0
186002, 677768, 1, 0, 0
187000, 464657, 1, 0, 0
187000, 1068339, 0, 0, 0
188000, 498536, 1, 0, 0
188000, 971960, 0, 0, 0
189000, 456090, 1, 0, 0
189000, 1012083, 0, 0, 0
190000, 995621, 0, 0, 0
190000, 390179, 1, 0, 0
191000, 233399, 1, 0, 0
191000, 1041858, 0, 0, 0
192000, 210629, 1, 0, 0
192000, 1106226, 0, 0, 0
193000, 215491, 1, 0, 0
193000, 1096624, 0, 0, 0
194000, 1088700, 0, 0, 0
194000, 360266, 1, 0, 0
195000, 950652, 0, 0, 0
195000, 443980, 1, 0, 0
196000, 1041409, 0, 0, 0
196000, 386731, 1, 0, 0
197000, 177322, 1, 0, 0
197000, 1104126, 0, 0, 0
198000, 365728, 1, 0, 0
198000, 1034772, 0, 0, 0
199000, 1076636, 0, 0, 0
199001, 435166, 1, 0, 0
200000, 1031603, 0, 0, 0
200000, 483394, 1, 0, 0
201000, 946060, 0, 0, 0
201000, 602596, 1, 0, 0
202000, 954412, 0, 0, 0
202000, 622659, 1, 0, 0
203001, 670212, 1, 0, 0
203002, 1151616, 0, 0, 0
204000, 1036370, 0, 0, 0
204000, 646513, 1, 0, 0
205000, 1013698, 0, 0, 0
205000, 566250, 1, 0, 0
206002, 675774, 1, 0, 0
206003, 1089849, 0, 0, 0
207000, 704049, 1, 0, 0
207000, 1039799, 0, 0, 0
208000, 1038147, 0, 0, 0
208000, 717814, 1, 0, 0
209000, 1041658, 0, 0, 0
209002, 808537, 1, 0, 0
210000, 847240, 1, 0, 0
210000, 1030811, 0, 0, 0
211000, 978821, 0, 0, 0
211005, 917172, 1, 0, 0
212001, 1033467, 0, 0, 0
212003, 851694, 1, 0, 0
213000, 716977, 1, 0, 0
213000, 1008341, 0, 0, 0
214000, 996621, 0, 0, 0
214000, 883046, 1, 0, 0
215000, 1132717, 0, 0, 0
215005, 601788, 1, 0, 0
216000, 680304, 1, 0, 0
216001, 1030774, 0, 0, 0
217001, 664017, 1, 0, 0
217002, 1017809, 0, 0, 0
218000, 1055723, 0, 0, 0
218000, 709435, 1, 0, 0
219000, 743869, 1, 0, 0
219000, 1028644, 0, 0, 0
220000, 968941, 0, 0, 0
220000, 1053650, 1, 0, 0
221000, 998836, 1, 0, 0
221000, 1027383, 0, 0, 0
222000, 978680, 1, 0, 0
222000, 1020200, 0, 0, 0
223000, 1036439, 1, 0, 0
223000, 989780, 0, 0, 0
224021, 1001204, 0, 0, 0
224022, 869758, 1, 0, 0
225000, 1101039, 0, 0, 0
225000, 571224, 1, 0, 0
226000, 955252, 0, 0, 0
226000, 1051109, 1, 0, 0
227000, 1030223, 0, 0, 0
227000, 585948, 1, 0, 0
228000, 628297, 1, 0, 0
228000, 1115056, 0, 0, 0
229000, 1060808, 0, 0, 0
229000, 620869, 1, 0, 0
230000, 1017914, 0, 0, 0
230000, 576426, 1, 0, 0
231000, 1064090, 0, 0, 0
231003, 625991, 1, 0, 0
232000, 928976, 1, 0, 0
232000, 1068486, 0, 0, 0
233000, 1042148, 0, 0, 0
233000, 966591, 1, 0, 0
234000, 1036112, 1, 0, 0
234001, 1073800, 0, 0, 0
235000, 993001, 1, 0, 0
235000, 1027087, 0, 0, 0
236001, 838780, 1, 0, 0
236001, 1018187, 0, 0, 0
237000, 1184177, 1, 0, 0
237000, 1125740, 0, 0, 0
238000, 1029762, 0, 0, 0
238000, 1012067, 1, 0, 0
239000, 1003944, 0, 0, 0
239000, 930297, 1, 0, 0
240001, 958967, 1, 0, 0
240002, 1078894, 0, 0, 0
241003, 1028584, 1, 0, 0
241003, 1008686, 0, 0, 0
242000, 973447, 0, 0, 0
242008, 1142685, 1, 0, 0
243000, 1033585, 0, 0, 0
243000, 1107165, 1, 0, 0
244001, 1118132, 1, 0, 0
244002, 1066900, 0, 0, 0
245000, 916080, 1, 0, 0
245000, 1107970, 0, 0, 0
246000, 1204729, 0, 0, 0
246012, 898885, 1, 0, 0
247000, 1329125, 1, 0, 0
247000, 1254770, 0, 0, 0
248000, 1253812, 0, 0, 0
248010, 1577919, 1, 0, 0
249008, 1412461, 1, 0, 0
249009, 1192607, 0, 0, 0
250003, 1684216, 1, 0, 0
250003, 1190562, 0, 0, 0
251000, 1736831, 1, 0, 0
251000, 1382904, 0, 0, 0
252003, 1333453, 1, 0, 0
252004, 1266016, 0, 0, 0
253000, 1136427, 0, 0, 0
253000, 1011293, 1, 0, 0
254002, 1124576, 0, 0, 0
254008, 1266691, 1, 0, 0
255000, 1154887, 0, 0, 0
255000, 1231038, 1, 0, 0
256000, 1332459, 0, 0, 0
256006, 828407, 1, 0, 0
257000, 883511, 1, 0, 0
257001, 1197870, 0, 0, 0
258000, 1210330, 0, 0, 0
258000, 875813, 1, 0, 0
259000, 1326284, 0, 0, 0
259008, 1640138, 1, 0, 0
260000, 1764323, 1, 0, 0
260000, 1198349, 0, 0, 0
261000, 996864, 0, 0, 0
261006, 1320167, 1, 0, 0
262004, 1043959, 1, 0, 0
262004, 1005176, 0, 0, 0
263000, 1013065, 1, 0, 0
263001, 1067415, 0, 0, 0
264000, 1025070, 0, 0, 0
264000, 845704, 1, 0, 0
265000, 791495, 1, 0, 0
265000, 1175498, 0, 0, 0
266000, 608450, 1, 0, 0
266000, 1034595, 0, 0, 0
267004, 817295, 1, 0, 0
267005, 1097270, 0, 0, 0
268001, 893924, 1, 0, 0
268001, 1032945, 0, 0, 0
269001, 1035238, 1, 0, 0
269002, 986793, 0, 0, 0
270003, 1055463, 1, 0, 0
270004, 1088219, 0, 0, 0
271000, 1042715, 0, 0, 0
271000, 989102, 1, 0, 0
272002, 940237, 1, 0, 0
272002, 994075, 0, 0, 0
273000, 1065952, 0, 0, 0
273007, 1010392, 1, 0, 0
274000, 1032288, 0, 0, 0
274006, 981070, 1, 0, 0
275000, 1011494, 0, 0, 0
275000, 968847, 1, 0, 0
276005, 983264, 1, 0, 0
276006, 1095875, 0, 0, 0
277000, 1115550, 0, 0, 0
277000, 962318, 1, 0, 0
278000, 1120544, 0, 0, 0
278000, 1033874, 1, 0, 0
279000, 1065918, 0, 0, 0
279000, 1032544, 1, 0, 0
280000, 1058817, 0, 0, 0
280000, 965532, 1, 0, 0
281000, 1024736, 0, 0, 0
281005, 928253, 1, 0, 0
282000, 1118114, 1, 0, 0
282000, 1058361, 0, 0, 0
283000, 938902, 1, 0, 0
283000, 1043460, 0, 0, 0
284000, 1030199, 0, 0, 0
284000, 857119, 1, 0, 0
285000, 753698, 1, 0, 0
285000, 1098778, 0, 0, 0
286000, 623140, 1, 0, 0
286000, 1015482, 0, 0, 0
287000, 902226, 0, 0, 0
287000, 788367, 1, 0, 0
288000, 457699, 1, 0, 0
288000, 788619, 0, 0, 0
289000, 322758, 1, 0, 0
289000, 642445, 0, 0, 0
290000, 602678, 0, 0, 0
290000, 330507, 1, 0, 0
291000, 605788, 0, 0, 0
291000, 328488, 1, 0, 0
292000, 587315, 0, 0, 0
292000, 346483, 1, 0, 0
293000, 348306, 1, 0, 0
293000, 585230, 0, 0, 0
294000, 340395, 1, 0, 0
294000, 591808, 0, 0, 0
295000, 896703, 0, 0, 0
295000, 608577, 1, 0, 0
296000, 1072385, 0, 0, 0
296000, 376741, 1, 0, 0
297000, 414690, 1, 0, 0
297000, 1025010, 0, 0, 0
298000, 381057, 1, 0, 0
298000, 1087175, 0, 0, 0
299000, 431241, 1, 0, 0
299000, 1062345, 0, 0, 0
300000, 532095, 1, 0, 0
300000, 979009, 0, 0, 0
301000, 999507, 0, 0, 0
301000, 530642, 1, 0, 0
302000, 1075183, 0, 0, 0
302000, 561757, 1, 0, 0
303000, 1024023, 0, 0, 0
303002, 629948, 1, 0, 0
304000, 1066723, 0, 0, 0
304000, 767423, 1, 0, 0
305000, 955503, 1, 0, 0
305000, 1064143, 0, 0, 0
306000, 881153, 1, 0, 0
306000, 1054913, 0, 0, 0
307002, 846452, 1, 0, 0
307003, 1020985, 0, 0, 0
308000, 955727, 1, 0, 0
308000, 1083542, 0, 0, 0
309000, 943737, 1, 0, 0
309000, 1017974, 0, 0, 0
310000, 1010455, 0, 0, 0
310000, 838773, 1, 0, 0
311002, 910657, 1, 0, 0
311002, 1029135, 0, 0, 0
312000, 939166, 0, 0, 0
312000, 1042183, 1, 0, 0
313000, 1034953, 0, 0, 0
313000, 746242, 1, 0, 0
314001, 1130651, 0, 0, 0
314005, 732520, 1, 0, 0
315000, 1056170, 0, 0, 0
315002, 770244, 1, 0, 0
316000, 1052768, 0, 0, 0
316000, 965263, 1, 0, 0
317000, 877074, 1, 0, 0
317000, 1059599, 0, 0, 0
318000, 1022804, 0, 0, 0
318000, 863258, 1, 0, 0
319000, 1007526, 0, 0, 0
319004, 827051, 1, 0, 0
320000, 1134798, 0, 0, 0
320007, 946050, 1, 0, 0
321000, 1070702, 1, 0, 0
321000, 1054186, 0, 0, 0
322000, 1039462, 0, 0, 0
322000, 856429, 1, 0, 0
323000, 1005469, 0, 0, 0
323000, 934007, 1, 0, 0
324000, 877581, 1, 0, 0
324001, 1037026, 0, 0, 0
325000, 1028119, 0, 0, 0
325000, 903885, 1, 0, 0
326000, 1082631, 0, 0, 0
326004, 885060, 1, 0, 0
327000, 1075857, 0, 0, 0
327003, 891534, 1, 0, 0
328004, 1023887, 1, 0, 0
328006, 1123506, 0, 0, 0
329000, 995467, 1, 0, 0
329000, 1019987, 0, 0, 0
330002, 826966, 1, 0, 0
330003, 1115111, 0, 0, 0
331000, 1045821, 0, 0, 0
331005, 817431, 1, 0, 0
332000, 1062027, 1, 0, 0
332000, 962263, 0, 0, 0
333000, 1012425, 0, 0, 0
333007, 1071143, 1, 0, 0
334002, 1020282, 1, 0, 0
334003, 995177, 0, 0, 0
335000, 970791, 0, 0, 0
335000, 986248, 1, 0, 0
336000, 1060113, 1, 0, 0
336000, 992878, 0, 0, 0
337000, 986098, 0, 0, 0
337000, 1033726, 1, 0, 0
338000, 908098, 1, 0, 0
338000, 997934, 0, 0, 0
339000, 988523, 1, 0, 0
339000, 1050329, 0, 0, 0
340000, 893549, 1, 0, 0
340000, 1046382, 0, 0, 0
341000, 997121, 0, 0, 0
341000, 1139278, 1, 0, 0
342000, 1111836, 0, 0, 0
342003, 629646, 1, 0, 0
343000, 1049883, 0, 0, 0
343000, 711256, 1, 0, 0
344000, 999307, 0, 0, 0
344000, 692145, 1, 0, 0
345000, 778281, 1, 0, 0
345000, 1032207, 0, 0, 0
346000, 1018634, 0, 0, 0
346000, 730619, 1, 0, 0
347003, 629564, 1, 0, 0
347004, 1000960, 0, 0, 0
348000, 1068756, 0, 0, 0
348000, 685357, 1, 0, 0
349000, 1046011, 0, 0, 0
349000, 670910, 1, 0, 0
350000, 648371, 1, 0, 0
350000, 1015099, 0, 0, 0
351003, 755274, 1, 0, 0
351003, 1016821, 0, 0, 0
352001, 1147146, 1, 0, 0
352002, 1107754, 0, 0, 0
353001, 857488, 1, 0, 0
353001, 1031608, 0, 0, 0
354000, 1047389, 0, 0, 0
354000, 768234, 1, 0, 0
355000, 1037928, 0, 0, 0
355000, 952680, 1, 0, 0
356000, 875277, 1, 0, 0
356000, 1015935, 0, 0, 0
357000, 921892, 1, 0, 0
357000, 994092, 0, 0, 0
358000, 923710, 1, 0, 0
358000, 1076978, 0, 0, 0
359000, 812789, 1, 0, 0
359000, 1026113, 0, 0, 0
360000, 1034565, 0, 0, 0
360003, 729686, 1, 0, 0
361000, 1052944, 0, 0, 0
361000, 956765, 1, 0, 0
362000, 623884, 1, 0, 0
362000, 1065631, 0, 0, 0
363000, 1050580, 0, 0, 0
363000, 734269, 1, 0, 0
364000, 1153627, 0, 0, 0
364004, 742333, 1, 0, 0
365000, 852571, 1, 0, 0
365000, 1016937, 0, 0, 0
366000, 1019408, 0, 0, 0
366000, 765949, 1, 0, 0
367000, 1099563, 0, 0, 0
367003, 768835, 1, 0, 0
368000, 825742, 1, 0, 0
368000, 1029121, 0, 0, 0
369000, 970161, 0, 0, 0
369000, 1042167, 1, 0, 0
370000, 1093956, 0, 0, 0
370000, 872360, 1, 0, 0
371000, 960886, 1, 0, 0
371000, 1025751, 0, 0, 0
372000, 1013456, 1, 0, 0
372000, 971750, 0, 0, 0
373000, 1001458, 1, 0, 0
373000, 1027619, 0, 0, 0
374000, 1003811, 0, 0, 0
374000, 1038580, 1, 0, 0
375003, 994884, 1, 0, 0
375004, 1024631, 0, 0, 0
376000, 1106255, 0, 0, 0
376000, 1135074, 1, 0, 0
377000, 1014484, 0, 0, 0
377000, 1013020, 1, 0, 0
378000, 982784, 0, 0, 0
378007, 978995, 1, 0, 0
379000, 976580, 1, 0, 0
379001, 1000970, 0, 0, 0
380000, 1057969, 1, 0, 0
380000, 1016805, 0, 0, 0
381000, 1038904, 0, 0, 0
381006, 965722, 1, 0, 0
382000, 1079275, 0, 0, 0
382000, 866823, 1, 0, 0
383001, 878883, 1, 0, 0
383002, 1114654, 0, 0, 0
384000, 987811, 1, 0, 0
384000, 991138, 0, 0, 0
385000, 976260, 1, 0, 0
385000, 971372, 0, 0, 0
386000, 807313, 1, 0, 0
386000, 1113155, 0, 0, 0
387000, 958524, 0, 0, 0
387000, 1001897, 1, 0, 0
388000, 1081509, 0, 0, 0
388000, 958888, 1, 0, 0
389000, 1100471, 0, 0, 0
389000, 839599, 1, 0, 0
390000, 1018981, 0, 0, 0
390000, 902955, 1, 0, 0
391000, 915867, 1, 0, 0
391001, 990602, 0, 0, 0
392000, 988038, 1, 0, 0
392000, 1045616, 0, 0, 0
393000, 1036456, 0, 0, 0
393000, 954847, 1, 0, 0
394000, 966287, 0, 0, 0
394002, 962619, 1, 0, 0
395002, 925259, 1, 0, 0
395002, 1056251, 0, 0, 0
396002, 956855, 1, 0, 0
396003, 1027555, 0, 0, 0
397000, 1064817, 1, 0, 0
397000, 952819, 0, 0, 0
398000, 931041, 1, 0, 0
398001, 1062568, 0, 0, 0
399000, 1038247, 0, 0, 0
399000, 906959, 1, 0, 0
400000, 1022852, 1, 0, 0
400000, 1081779, 0, 0, 0
401000, 957671, 1, 0, 0
401000, 1071293, 0, 0, 0
402000, 1008297, 0, 0, 0
402006, 973795, 1, 0, 0
403000, 971398, 1, 0, 0
403000, 1016227, 0, 0, 0
404000, 1078669, 0, 0, 0
404007, 974297, 1, 0, 0
405000, 1003423, 0, 0, 0
405007, 1017105, 1, 0, 0
406000, 1006508, 0, 0, 0
406003, 797446, 1, 0, 0
407000, 1099727, 0, 0, 0
407007, 679913, 1, 0, 0
408001, 830120, 1, 0, 0
408001, 995433, 0, 0, 0
409000, 963394, 0, 0, 0
409005, 848982, 1, 0, 0
410000, 750143, 1, 0, 0
410000, 1063027, 0, 0, 0
411005, 844723, 1, 0, 0
411006, 1030559, 0, 0, 0
412000, 1070617, 0, 0, 0
412007, 997650, 1, 0, 0
413015, 1009368, 0, 0, 0
413015, 995352, 1, 0, 0
414000, 1070295, 0, 0, 0
414000, 1032922, 1, 0, 0
415003, 1003278, 1, 0, 0
415003, 995027, 0, 0, 0
416000, 1011815, 1, 0, 0
416000, 997585, 0, 0, 0
417001, 1080083, 0, 0, 0
417004, 972775, 1, 0, 0
418000, 1029299, 0, 0, 0
418007, 891073, 1, 0, 0
419000, 941081, 0, 0, 0
419000, 1018175, 1, 0, 0
420000, 873858, 1, 0, 0
420000, 1059339, 0, 0, 0
421000, 1025439, 0, 0, 0
421005, 790574, 1, 0, 0
422002, 848830, 1, 0, 0
422002, 968830, 0, 0, 0
423000, 1074464, 0, 0, 0
423005, 843325, 1, 0, 0
424001, 1172099, 0, 0, 0
424006, 997351, 1, 0, 0
425000, 1189383, 0, 0, 0
425014, 1581529, 1, 0, 0
426001, 1311943, 1, 0, 0
426002, 1290143, 0, 0, 0
427000, 1303714, 0, 0, 0
427000, 1245022, 1, 0, 0
428000, 1269237, 0, 0, 0
428000, 1323576, 1, 0, 0
429000, 1216891, 0, 0, 0
429000, 1409972, 1, 0, 0
430000, 1311593, 0, 0, 0
430010, 1356489, 1, 0, 0
431000, 1204314, 0, 0, 0
431009, 1291768, 1, 0, 0
432000, 992477, 1, 0, 0
432000, 1018808, 0, 0, 0
433000, 979125, 0, 0, 0
433005, 1069660, 1, 0, 0
434000, 1027363, 1, 0, 0
434001, 1033267, 0, 0, 0
435000, 1031260, 0, 0, 0
435000, 952478, 1, 0, 0
436001, 954131, 1, 0, 0
436001, 1005361, 0, 0, 0
437000, 815168, 1, 0, 0
437000, 1054535, 0, 0, 0
438000, 910126, 1, 0, 0
438000, 1087277, 0, 0, 0
439000, 1032283, 0, 0, 0
439000, 597672, 1, 0, 0
440000, 578942, 1, 0, 0
440001, 1098486, 0, 0, 0
441000, 1021815, 0, 0, 0
441000, 618462, 1, 0, 0
442000, 596614, 1, 0, 0
442000, 987908, 0, 0, 0
443000, 588714, 1, 0, 0
443001, 1071928, 0, 0, 0
444000, 439424, 1, 0, 0
444000, 1063374, 0, 0, 0
445000, 1026231, 0, 0, 0
445000, 413761, 1, 0, 0
446000, 1059838, 0, 0, 0
446005, 646259, 1, 0, 0
447000, 1060731, 0, 0, 0
447000, 754587, 1, 0, 0
448004, 859896, 1, 0, 0
448005, 986215, 0, 0, 0
449000, 1150109, 0, 0, 0
449008, 1114679, 1, 0, 0
450000, 1064124, 1, 0, 0
450001, 1010755, 0, 0, 0
451002, 949812, 1, 0, 0
451003, 1043827, 0, 0, 0
452007, 1085303, 0, 0, 0
452007, 932697, 1, 0, 0
453000, 918163, 1, 0, 0
453000, 1174436, 0, 0, 0
454000, 707127, 1, 0, 0
454000, 1039952, 0, 0, 0
455000, 1017229, 0, 0, 0
455000, 717343, 1, 0, 0
456000, 739025, 1, 0, 0
456000, 1074839, 0, 0, 0
457000, 780527, 1, 0, 0
457000, 1002643, 0, 0, 0
458000, 994978, 0, 0, 0
458006, 644229, 1, 0, 0
459002, 796223, 1, 0, 0
459002, 1099704, 0, 0, 0
460000, 1057791, 0, 0, 0
460000, 918569, 1, 0, 0
461000, 1033606, 0, 0, 0
461002, 992234, 1, 0, 0
462000, 1085811, 0, 0, 0
462000, 919946, 1, 0, 0
463000, 965762, 1, 0, 0
463000, 1054879, 0, 0, 0
464000, 1055609, 0, 0, 0
464000, 980433, 1, 0, 0
465000, 1092097, 0, 0, 0
465008, 1051544, 1, 0, 0
466003, 1077438, 1, 0, 0
466004, 1009645, 0, 0, 0
467000, 1040944, 1, 0, 0
467000, 972137, 0, 0, 0
468004, 952793, 1, 0, 0
468004, 1061879, 0, 0, 0
469003, 1058493, 1, 0, 0
469004, 1000402, 0, 0, 0
470000, 977547, 0, 0, 0
470000, 991609, 1, 0, 0
471000, 1104716, 0, 0, 0
471000, 1015628, 1, 0, 0
472000, 1001173, 0, 0, 0
472004, 1078561, 1, 0, 0
473000, 1164565, 1, 0, 0
473001, 1053666, 0, 0, 0
474000, 1126154, 0, 0, 0
474000, 874821, 1, 0, 0
475002, 924347, 1, 0, 0
475003, 1036262, 0, 0, 0
476000, 904777, 1, 0, 0
476001, 1024867, 0, 0, 0
477000, 1105679, 0, 0, 0
477003, 907430, 1, 0, 0
478000, 920362, 1, 0, 0
478000, 1059058, 0, 0, 0
479000, 1034009, 0, 0, 0
479000, 921530, 1, 0, 0
480000, 1080721, 0, 0, 0
480003, 917003, 1, 0, 0
480003, 4101703, 0, 0, 0
480003, 3426939, 1, 0, 0
