1004, 908868, 1, 0, 0
1005, 1018764, 0, 0, 0
2000, 1107210, 0, 0, 0
2000, 1044615, 1, 0, 0
3000, 1033255, 0, 0, 0
3000, 1019148, 1, 0, 0
4000, 1007992, 1, 0, 0
4000, 980613, 0, 0, 0
5000, 983186, 1, 0, 0
5001, 1102950, 0, 0, 0
6000, 1061187, 1, 0, 0
6000, 1012084, 0, 0, 0
7000, 939718, 1, 0, 0
7000, 999204, 0, 0, 0
8003, 939225, 1, 0, 0
8004, 1082170, 0, 0, 0
9000, 998416, 0, 0, 0
9003, 1030100, 1, 0, 0
10000, 1023989, 0, 0, 0
10000, 859189, 1, 0, 0
11001, 1022898, 0, 0, 0
11004, 714510, 1, 0, 0
12000, 811724, 1, 0, 0
12000, 1006637, 0, 0, 0
13000, 1012100, 0, 0, 0
13003, 487422, 1, 0, 0
14000, 1049092, 0, 0, 0
14000, 531688, 1, 0, 0
15000, 1025014, 0, 0, 0
15000, 565682, 1, 0, 0
16000, 532225, 1, 0, 0
16000, 1014361, 0, 0, 0
17000, 1003180, 0, 0, 0
17000, 532527, 1, 0, 0
18000, 753308, 1, 0, 0
18000, 1058933, 0, 0, 0
19004, 928723, 1, 0, 0
19005, 1045921, 0, 0, 0
20000, 1031686, 1, 0, 0
20000, 948751, 0, 0, 0
21000, 821013, 1, 0, 0
21000, 1103665, 0, 0, 0
22000, 962929, 1, 0, 0
22000, 1039741, 0, 0, 0
23000, 1038011, 1, 0, 0
23000, 1013671, 0, 0, 0
24000, 1103294, 0, 0, 0
24000, 836397, 1, 0, 0
25000, 1048214, 0, 0, 0
25000, 871974, 1, 0, 0
26002, 920166, 1, 0, 0
26002, 1009397, 0, 0, 0
27000, 1073328, 0, 0, 0
27000, 968606, 1, 0, 0
28000, 1024202, 0, 0, 0
28001, 980164, 1, 0, 0
29000, 983970, 0, 0, 0
29004, 968239, 1, 0, 0
30000, 1047259, 0, 0, 0
30000, 995929, 1, 0, 0
31000, 1057538, 0, 0, 0
31006, 902071, 1, 0, 0
32000, 1027252, 0, 0, 0
32000, 871985, 1, 0, 0
33000, 764750, 1, 0, 0
33000, 1040649, 0, 0, 0
34000, 1048393, 0, 0, 0
34006, 632501, 1, 0, 0
35000, 1083345, 0, 0, 0
35005, 599583, 1, 0, 0
36000, 1015576, 0, 0, 0
36000, 700903, 1, 0, 0
37000, 586135, 1, 0, 0
37000, 1049866, 0, 0, 0
38001, 606459, 1, 0, 0
38002, 1005457, 0, 0, 0
39000, 987792, 0, 0, 0
39000, 638186, 1, 0, 0
40000, 986165, 1, 0, 0
40000, 1007961, 0, 0, 0
41000, 914589, 1, 0, 0
41000, 1026169, 0, 0, 0
42000, 1036540, 0, 0, 0
42000, 783611, 1, 0, 0
43002, 916417, 1, 0, 0
43002, 1010094, 0, 0, 0
44000, 1035801, 0, 0, 0
44002, 718291, 1, 0, 0
45000, 1038077, 0, 0, 0
45000, 850069, 1, 0, 0
46000, 933250, 1, 0, 0
46000, 1060113, 0, 0, 0
47000, 1013597, 0, 0, 0
47002, 944937, 1, 0, 0
48001, 1024292, 1, 0, 0
48002, 992150, 0, 0, 0
49000, 1081096, 0, 0, 0
49000, 1053303, 1, 0, 0
50000, 974824, 1, 0, 0
50000, 1071268, 0, 0, 0
51000, 981654, 1, 0, 0
51000, 1026465, 0, 0, 0
52000, 1015033, 1, 0, 0
52000, 1099236, 0, 0, 0
53000, 1084278, 1, 0, 0
53000, 1014716, 0, 0, 0
54000, 996069, 0, 0, 0
54000, 962786, 1, 0, 0
55000, 1094958, 0, 0, 0
55007, 777103, 1, 0, 0
56000, 947274, 0, 0, 0
56000, 1038354, 1, 0, 0
57000, 805274, 1, 0, 0
57000, 995274, 0, 0, 0
58000, 1155307, 0, 0, 0
58000, 938399, 1, 0, 0
59000, 1060960, 0, 0, 0
59008, 899889, 1, 0, 0
60000, 1048971, 1, 0, 0
60000, 1026729, 0, 0, 0
61000, 1018177, 0, 0, 0
61000, 1094874, 1, 0, 0
62000, 1046722, 0, 0, 0
62000, 1041263, 1, 0, 0
63000, 995418, 0, 0, 0
63007, 1059687, 1, 0, 0
64000, 1076266, 0, 0, 0
64005, 990343, 1, 0, 0
65000, 1087767, 1, 0, 0
65000, 1032074, 0, 0, 0
66000, 1040275, 1, 0, 0
66001, 982106, 0, 0, 0
67000, 991252, 0, 0, 0
67000, 900946, 1, 0, 0
68000, 1132025, 0, 0, 0
68000, 849353, 1, 0, 0
69000, 963419, 0, 0, 0
69000, 952091, 1, 0, 0
70000, 1046845, 0, 0, 0
70000, 1098173, 1, 0, 0
71001, 943361, 1, 0, 0
71001, 1156522, 0, 0, 0
72000, 1061921, 1, 0, 0
72000, 1004870, 0, 0, 0
73000, 994114, 0, 0, 0
73000, 1029522, 1, 0, 0
74002, 1171753, 1, 0, 0
74002, 961401, 0, 0, 0
75000, 1055901, 0, 0, 0
75003, 925331, 1, 0, 0
76000, 871422, 1, 0, 0
76000, 1032670, 0, 0, 0
77000, 886611, 1, 0, 0
77000, 1118093, 0, 0, 0
78000, 1003474, 1, 0, 0
78000, 986921, 0, 0, 0
79000, 989230, 0, 0, 0
79000, 901450, 1, 0, 0
80000, 967753, 1, 0, 0
80000, 1075571, 0, 0, 0
81002, 993770, 1, 0, 0
81003, 1018048, 0, 0, 0
82000, 1026547, 0, 0, 0
82000, 970394, 1, 0, 0
83000, 1110688, 0, 0, 0
83000, 1305581, 1, 0, 0
84000, 1062012, 0, 0, 0
84000, 807814, 1, 0, 0
85000, 925010, 0, 0, 0
85000, 994819, 1, 0, 0
86001, 1103123, 0, 0, 0
86005, 788441, 1, 0, 0
87004, 862454, 1, 0, 0
87005, 1022690, 0, 0, 0
88000, 823897, 1, 0, 0
88000, 991603, 0, 0, 0
89003, 811687, 1, 0, 0
89004, 1117596, 0, 0, 0
90000, 1015920, 0, 0, 0
90002, 1069410, 1, 0, 0
91000, 1035214, 0, 0, 0
91000, 975620, 1, 0, 0
92000, 1137010, 0, 0, 0
92000, 901325, 1, 0, 0
93000, 1052755, 0, 0, 0
93000, 760308, 1, 0, 0
94000, 574829, 1, 0, 0
94000, 1040509, 0, 0, 0
95001, 935649, 1, 0, 0
95002, 1043196, 0, 0, 0
96001, 810247, 1, 0, 0
96001, 992448, 0, 0, 0
97000, 1044987, 0, 0, 0
97002, 611200, 1, 0, 0
98000, 619473, 1, 0, 0
98000, 1030863, 0, 0, 0
99000, 1065916, 0, 0, 0
99000, 1006153, 1, 0, 0
100000, 949506, 1, 0, 0
100000, 1043057, 0, 0, 0
101000, 1029680, 0, 0, 0
101000, 892799, 1, 0, 0
102000, 1084398, 0, 0, 0
102000, 957366, 1, 0, 0
103000, 1003696, 0, 0, 0
103000, 914172, 1, 0, 0
104000, 670557, 1, 0, 0
104000, 1029111, 0, 0, 0
105000, 1005357, 0, 0, 0
105005, 916070, 1, 0, 0
106000, 842276, 1, 0, 0
106000, 1165358, 0, 0, 0
107000, 994000, 0, 0, 0
107000, 774530, 1, 0, 0
108000, 1099689, 0, 0, 0
108000, 832048, 1, 0, 0
109000, 1052817, 1, 0, 0
109000, 1041738, 0, 0, 0
110000, 1059304, 1, 0, 0
110000, 1003648, 0, 0, 0
111001, 1013241, 1, 0, 0
111002, 1095151, 0, 0, 0
112000, 1111472, 1, 0, 0
112000, 1044386, 0, 0, 0
113000, 1010979, 0, 0, 0
113004, 966904, 1, 0, 0
114000, 1019166, 0, 0, 0
114000, 1149321, 1, 0, 0
115000, 1072703, 0, 0, 0
115000, 942824, 1, 0, 0
116000, 1052044, 0, 0, 0
116000, 963411, 1, 0, 0
117000, 1131023, 0, 0, 0
117000, 989756, 1, 0, 0
118000, 1029545, 0, 0, 0
118005, 1023599, 1, 0, 0
119000, 1075111, 0, 0, 0
119000, 1238499, 1, 0, 0
120000, 1092469, 0, 0, 0
120000, 1051153, 1, 0, 0
121001, 1069332, 0, 0, 0
121003, 983647, 1, 0, 0
122000, 977168, 0, 0, 0
122004, 1121881, 1, 0, 0
123000, 1103403, 0, 0, 0
123000, 986787, 1, 0, 0
124000, 1040212, 1, 0, 0
124000, 1031740, 0, 0, 0
125000, 998971, 0, 0, 0
125006, 980774, 1, 0, 0
126000, 935961, 1, 0, 0
126000, 1070706, 0, 0, 0
127000, 961724, 0, 0, 0
127001, 1087628, 1, 0, 0
128000, 955623, 1, 0, 0
128000, 991620, 0, 0, 0
129000, 947344, 1, 0, 0
129000, 1053107, 0, 0, 0
130003, 1034729, 1, 0, 0
130003, 1030858, 0, 0, 0
131000, 1049641, 0, 0, 0
131000, 988039, 1, 0, 0
132000, 1241872, 1, 0, 0
132000, 1126282, 0, 0, 0
133000, 1036073, 0, 0, 0
133008, 1034839, 1, 0, 0
134000, 983910, 1, 0, 0
134000, 1016109, 0, 0, 0
135000, 1102147, 0, 0, 0
135000, 899764, 1, 0, 0
136001, 799453, 1, 0, 0
136001, 1053455, 0, 0, 0
137003, 801516, 1, 0, 0
137003, 1000405, 0, 0, 0
138000, 891913, 0, 0, 0
138000, 930855, 1, 0, 0
139000, 1114075, 0, 0, 0
139001, 569646, 1, 0, 0
140000, 1029816, 0, 0, 0
140001, 590653, 1, 0, 0
141000, 988837, 0, 0, 0
141000, 640262, 1, 0, 0
142000, 1045292, 0, 0, 0
142006, 908014, 1, 0, 0
143000, 1030609, 0, 0, 0
143000, 1139974, 1, 0, 0
144000, 1131631, 0, 0, 0
144000, 1024124, 1, 0, 0
145000, 1066538, 1, 0, 0
145000, 1098141, 0, 0, 0
146000, 1078871, 1, 0, 0
146000, 1006892, 0, 0, 0
147000, 1006987, 1, 0, 0
147000, 1023700, 0, 0, 0
148000, 1059661, 1, 0, 0
148000, 1103414, 0, 0, 0
149000, 1009247, 0, 0, 0
149000, 1107391, 1, 0, 0
150000, 948812, 0, 0, 0
150000, 1109248, 1, 0, 0
151000, 1113440, 0, 0, 0
151000, 972512, 1, 0, 0
152002, 1090291, 1, 0, 0
152002, 956932, 0, 0, 0
153000, 997509, 0, 0, 0
153000, 921939, 1, 0, 0
154003, 874179, 1, 0, 0
154004, 1083898, 0, 0, 0
155000, 1010831, 0, 0, 0
155000, 984872, 1, 0, 0
156000, 1119834, 1, 0, 0
156000, 1064247, 0, 0, 0
157000, 1098719, 0, 0, 0
157000, 1016706, 1, 0, 0
158000, 1154122, 1, 0, 0
158000, 1015893, 0, 0, 0
159000, 1032182, 1, 0, 0
159000, 1002974, 0, 0, 0
160000, 1157421, 0, 0, 0
160007, 1010311, 1, 0, 0
161002, 1101125, 1, 0, 0
161002, 1051742, 0, 0, 0
162002, 1013016, 1, 0, 0
162002, 1008436, 0, 0, 0
163000, 1086194, 0, 0, 0
163005, 996326, 1, 0, 0
164000, 1005459, 0, 0, 0
164000, 976321, 1, 0, 0
165002, 794049, 1, 0, 0
165003, 1032170, 0, 0, 0
166000, 811471, 1, 0, 0
166001, 1098531, 0, 0, 0
167000, 769191, 1, 0, 0
167000, 944945, 0, 0, 0
168003, 530729, 1, 0, 0
168004, 1046475, 0, 0, 0
169000, 1042981, 0, 0, 0
169000, 697307, 1, 0, 0
170000, 1070322, 0, 0, 0
170000, 613340, 1, 0, 0
171002, 634251, 1, 0, 0
171002, 1028040, 0, 0, 0
172000, 1111679, 1, 0, 0
172000, 987085, 0, 0, 0
173000, 1097739, 0, 0, 0
173000, 1112918, 1, 0, 0
174000, 1076598, 1, 0, 0
174000, 1029212, 0, 0, 0
175000, 1001147, 0, 0, 0
175000, 1037584, 1, 0, 0
176001, 787717, 1, 0, 0
176002, 1110919, 0, 0, 0
177000, 634001, 1, 0, 0
177000, 1050305, 0, 0, 0
178000, 964308, 0, 0, 0
178000, 760050, 1, 0, 0
179000, 665744, 0, 0, 0
179000, 382528, 1, 0, 0
180000, 326037, 1, 0, 0
180000, 611751, 0, 0, 0
181000, 330300, 1, 0, 0
181000, 609352, 0, 0, 0
182000, 337844, 1, 0, 0
182000, 600394, 0, 0, 0
183000, 587693, 0, 0, 0
183000, 351850, 1, 0, 0
184000, 346686, 1, 0, 0
184000, 591192, 0, 0, 0
185000, 417654, 1, 0, 0
185000, 697012, 0, 0, 0
186000, 1032586, 0, 0, 0
186002, 680802, 1, 0, 0
187000, 467678, 1, 0, 0
187000, 1071251, 0, 0, 0
188000, 501542, 1, 0, 0
188000, 974860, 0, 0, 0
189000, 459084, 1, 0, 0
189000, 1014983, 0, 0, 0
190000, 998492, 0, 0, 0
190000, 393165, 1, 0, 0
191000, 236360, 1, 0, 0
191000, 1044701, 0, 0, 0
192000, 213605, 1, 0, 0
192000, 1109082, 0, 0, 0
193000, 218493, 1, 0, 0
193000, 1099543, 0, 0, 0
194000, 1091603, 0, 0, 0
194000, 363264, 1, 0, 0
195000, 953525, 0, 0, 0
195000, 446964, 1, 0, 0
196000, 1044297, 0, 0, 0
196000, 389729, 1, 0, 0
197000, 180322, 1, 0, 0
197000, 1107011, 0, 0, 0
198000, 368791, 1, 0, 0
198000, 1037710, 0, 0, 0
199000, 1079543, 0, 0, 0
199001, 438163, 1, 0, 0
200000, 1034519, 0, 0, 0
200000, 486410, 1, 0, 0
201000, 948972, 0, 0, 0
201000, 605593, 1, 0, 0
202000, 957308, 0, 0, 0
202000, 625673, 1, 0, 0
203001, 673265, 1, 0, 0
203002, 1154538, 0, 0, 0
204000, 1039299, 0, 0, 0
204000, 649557, 1, 0, 0
205000, 1016602, 0, 0, 0
205000, 569270, 1, 0, 0
206002, 678801, 1, 0, 0
206003, 1092761, 0, 0, 0
207000, 707090, 1, 0, 0
207000, 1042732, 0, 0, 0
208000, 1041118, 0, 0, 0
208000, 720867, 1, 0, 0
209000, 1044584, 0, 0, 0
209002, 811618, 1, 0, 0
210000, 850286, 1, 0, 0
210000, 1033759, 0, 0, 0
211000, 981741, 0, 0, 0
211005, 920228, 1, 0, 0
212001, 1036408, 0, 0, 0
212003, 854740, 1, 0, 0
213000, 720010, 1, 0, 0
213000, 1011280, 0, 0, 0
214000, 999529, 0, 0, 0
214000, 886055, 1, 0, 0
215000, 1135637, 0, 0, 0
215005, 604808, 1, 0, 0
216000, 683341, 1, 0, 0
216000, 1033694, 0, 0, 0
217001, 667057, 1, 0, 0
217002, 1020716, 0, 0, 0
218000, 1058625, 0, 0, 0
218000, 712439, 1, 0, 0
219000, 746911, 1, 0, 0
219000, 1031578, 0, 0, 0
220000, 971855, 0, 0, 0
220000, 1056707, 1, 0, 0
221000, 1001868, 1, 0, 0
221000, 1030330, 0, 0, 0
222000, 981738, 1, 0, 0
222000, 1023158, 0, 0, 0
223000, 1039480, 1, 0, 0
223000, 992684, 0, 0, 0
224021, 1004121, 0, 0, 0
224022, 872784, 1, 0, 0
225000, 1103965, 0, 0, 0
225000, 574272, 1, 0, 0
226000, 958177, 0, 0, 0
226000, 1054131, 1, 0, 0
227000, 1033138, 0, 0, 0
227000, 588955, 1, 0, 0
228000, 631347, 1, 0, 0
228000, 1117997, 0, 0, 0
229000, 1063744, 0, 0, 0
229000, 623919, 1, 0, 0
230000, 1020816, 0, 0, 0
230000, 579431, 1, 0, 0
231000, 1067037, 0, 0, 0
231003, 629014, 1, 0, 0
232000, 932085, 1, 0, 0
232000, 1071492, 0, 0, 0
233000, 1045121, 0, 0, 0
233000, 969701, 1, 0, 0
234000, 1039187, 1, 0, 0
234001, 1076759, 0, 0, 0
235000, 996064, 1, 0, 0
235000, 1030022, 0, 0, 0
236001, 841818, 1, 0, 0
236001, 1021118, 0, 0, 0
237000, 1187254, 1, 0, 0
237000, 1128675, 0, 0, 0
238000, 1032721, 0, 0, 0
238000, 1015101, 1, 0, 0
239000, 1006872, 0, 0, 0
239000, 933340, 1, 0, 0
240001, 962030, 1, 0, 0
240002, 1081841, 0, 0, 0
241003, 1031643, 1, 0, 0
241003, 1011643, 0, 0, 0
242000, 976363, 0, 0, 0
242008, 1145731, 1, 0, 0
243000, 1036546, 0, 0, 0
243000, 1110259, 1, 0, 0
244001, 1121224, 1, 0, 0
244002, 1069869, 0, 0, 0
245000, 919159, 1, 0, 0
245000, 1110948, 0, 0, 0
246000, 1207685, 0, 0, 0
246012, 901980, 1, 0, 0
247000, 1332187, 1, 0, 0
247000, 1257696, 0, 0, 0
248000, 1256782, 0, 0, 0
248010, 1581014, 1, 0, 0
249008, 1415504, 1, 0, 0
249009, 1195542, 0, 0, 0
250003, 1687279, 1, 0, 0
250003, 1193491, 0, 0, 0
251000, 1739923, 1, 0, 0
251000, 1385860, 0, 0, 0
252003, 1336485, 1, 0, 0
252004, 1268906, 0, 0, 0
253000, 1139330, 0, 0, 0
253000, 1014306, 1, 0, 0
254002, 1127519, 0, 0, 0
254008, 1269756, 1, 0, 0
255000, 1157808, 0, 0, 0
255000, 1234074, 1, 0, 0
256000, 1335366, 0, 0, 0
256006, 831437, 1, 0, 0
257000, 886536, 1, 0, 0
257001, 1200752, 0, 0, 0
258000, 1213243, 0, 0, 0
258000, 878824, 1, 0, 0
259000, 1329249, 0, 0, 0
259008, 1643237, 1, 0, 0
260000, 1767382, 1, 0, 0
260000, 1201294, 0, 0, 0
261000, 999802, 0, 0, 0
261006, 1323257, 1, 0, 0
262004, 1047002, 1, 0, 0
262004, 1008112, 0, 0, 0
263000, 1016120, 1, 0, 0
263001, 1070351, 0, 0, 0
264000, 1028021, 0, 0, 0
264000, 848756, 1, 0, 0
265000, 794582, 1, 0, 0
265000, 1178445, 0, 0, 0
266000, 611483, 1, 0, 0
266000, 1037518, 0, 0, 0
267004, 820353, 1, 0, 0
267005, 1100177, 0, 0, 0
268001, 896966, 1, 0, 0
268001, 1035872, 0, 0, 0
269001, 1038292, 1, 0, 0
269002, 989731, 0, 0, 0
270003, 1058538, 1, 0, 0
270004, 1091148, 0, 0, 0
271000, 1045659, 0, 0, 0
271000, 992163, 1, 0, 0
272002, 943283, 1, 0, 0
272002, 997010, 0, 0, 0
273000, 1068881, 0, 0, 0
273007, 1013439, 1, 0, 0
274000, 1035256, 0, 0, 0
274006, 984140, 1, 0, 0
275000, 1014452, 0, 0, 0
275000, 971915, 1, 0, 0
276005, 986339, 1, 0, 0
276006, 1098845, 0, 0, 0
277000, 1118540, 0, 0, 0
277000, 965414, 1, 0, 0
278000, 1123499, 0, 0, 0
278000, 1036926, 1, 0, 0
279000, 1068865, 0, 0, 0
279000, 1035587, 1, 0, 0
280000, 1061777, 0, 0, 0
280000, 968596, 1, 0, 0
281000, 1027706, 0, 0, 0
281005, 931332, 1, 0, 0
282000, 1121201, 1, 0, 0
282000, 1061310, 0, 0, 0
283000, 941975, 1, 0, 0
283000, 1046414, 0, 0, 0
284000, 1033145, 0, 0, 0
284000, 860177, 1, 0, 0
285000, 756753, 1, 0, 0
285000, 1101727, 0, 0, 0
286000, 626169, 1, 0, 0
286000, 1018410, 0, 0, 0
287000, 905149, 0, 0, 0
287000, 791391, 1, 0, 0
288000, 460652, 1, 0, 0
288000, 791441, 0, 0, 0
289000, 325639, 1, 0, 0
289000, 645201, 0, 0, 0
290000, 605413, 0, 0, 0
290000, 333389, 1, 0, 0
291000, 608526, 0, 0, 0
291000, 331377, 1, 0, 0
292000, 590050, 0, 0, 0
292000, 349375, 1, 0, 0
293000, 351195, 1, 0, 0
293000, 587960, 0, 0, 0
294000, 594547, 0, 0, 0
294000, 343271, 1, 0, 0
295000, 899550, 0, 0, 0
295000, 611529, 1, 0, 0
296000, 1075263, 0, 0, 0
296000, 379736, 1, 0, 0
297000, 417652, 1, 0, 0
297000, 1027867, 0, 0, 0
298000, 384033, 1, 0, 0
298000, 1090049, 0, 0, 0
299000, 434250, 1, 0, 0
299000, 1065231, 0, 0, 0
300000, 535084, 1, 0, 0
300000, 981912, 0, 0, 0
301000, 1002417, 0, 0, 0
301000, 533665, 1, 0, 0
302000, 1078127, 0, 0, 0
302000, 564791, 1, 0, 0
303000, 1026921, 0, 0, 0
303002, 632973, 1, 0, 0
304000, 1069638, 0, 0, 0
304000, 770444, 1, 0, 0
305000, 958562, 1, 0, 0
305000, 1067088, 0, 0, 0
306000, 884249, 1, 0, 0
306000, 1057871, 0, 0, 0
307002, 849515, 1, 0, 0
307003, 1023920, 0, 0, 0
308000, 958801, 1, 0, 0
308000, 1086477, 0, 0, 0
309000, 946796, 1, 0, 0
309000, 1020910, 0, 0, 0
310000, 1013406, 0, 0, 0
310000, 841823, 1, 0, 0
311002, 913713, 1, 0, 0
311002, 1032085, 0, 0, 0
312000, 942072, 0, 0, 0
312000, 1045228, 1, 0, 0
313000, 1037891, 0, 0, 0
313000, 749293, 1, 0, 0
314001, 1133616, 0, 0, 0
314005, 735573, 1, 0, 0
315000, 1059125, 0, 0, 0
315002, 773291, 1, 0, 0
316000, 1055725, 0, 0, 0
316000, 968320, 1, 0, 0
317000, 880132, 1, 0, 0
317000, 1062554, 0, 0, 0
318000, 1025721, 0, 0, 0
318000, 866300, 1, 0, 0
319000, 1010457, 0, 0, 0
319004, 830138, 1, 0, 0
320000, 1137775, 0, 0, 0
320007, 949148, 1, 0, 0
321000, 1073786, 1, 0, 0
321000, 1057164, 0, 0, 0
322000, 1042413, 0, 0, 0
322000, 859510, 1, 0, 0
323000, 1008383, 0, 0, 0
323000, 937040, 1, 0, 0
324000, 880656, 1, 0, 0
324001, 1039986, 0, 0, 0
325000, 1031127, 0, 0, 0
325000, 906990, 1, 0, 0
326000, 1085615, 0, 0, 0
326004, 888161, 1, 0, 0
327000, 1078883, 0, 0, 0
327003, 894632, 1, 0, 0
328004, 1026969, 1, 0, 0
328006, 1126485, 0, 0, 0
329000, 998534, 1, 0, 0
329000, 1022943, 0, 0, 0
330002, 830032, 1, 0, 0
330003, 1118073, 0, 0, 0
331000, 1048785, 0, 0, 0
331005, 820493, 1, 0, 0
332000, 1065114, 1, 0, 0
332000, 965219, 0, 0, 0
333000, 1015384, 0, 0, 0
333007, 1074216, 1, 0, 0
334002, 1023371, 1, 0, 0
334003, 998164, 0, 0, 0
335000, 973763, 0, 0, 0
335000, 989332, 1, 0, 0
336000, 1063191, 1, 0, 0
336000, 995842, 0, 0, 0
337000, 989034, 0, 0, 0
337000, 1036780, 1, 0, 0
338000, 911166, 1, 0, 0
338000, 1000875, 0, 0, 0
339000, 991574, 1, 0, 0
339000, 1053263, 0, 0, 0
340000, 896600, 1, 0, 0
340000, 1049306, 0, 0, 0
341000, 1000049, 0, 0, 0
341000, 1142321, 1, 0, 0
342000, 1114787, 0, 0, 0
342003, 632693, 1, 0, 0
343000, 1052809, 0, 0, 0
343000, 714283, 1, 0, 0
344000, 1002230, 0, 0, 0
344000, 695179, 1, 0, 0
345000, 781291, 1, 0, 0
345000, 1035129, 0, 0, 0
346000, 1021570, 0, 0, 0
346000, 733665, 1, 0, 0
347003, 632594, 1, 0, 0
347004, 1003869, 0, 0, 0
348000, 1071670, 0, 0, 0
348000, 688397, 1, 0, 0
349000, 1048956, 0, 0, 0
349000, 673961, 1, 0, 0
350000, 651397, 1, 0, 0
350000, 1018000, 0, 0, 0
351003, 758277, 1, 0, 0
351003, 1019720, 0, 0, 0
352001, 1150209, 1, 0, 0
352002, 1110703, 0, 0, 0
353001, 860545, 1, 0, 0
353001, 1034545, 0, 0, 0
354000, 1050331, 0, 0, 0
354000, 771293, 1, 0, 0
355000, 1040871, 0, 0, 0
355000, 955730, 1, 0, 0
356000, 1018855, 0, 0, 0
356000, 878296, 1, 0, 0
357000, 924956, 1, 0, 0
357000, 997022, 0, 0, 0
358000, 926754, 1, 0, 0
358000, 1079903, 0, 0, 0
359000, 815876, 1, 0, 0
359000, 1029086, 0, 0, 0
360000, 1037554, 0, 0, 0
360003, 732771, 1, 0, 0
361000, 1055889, 0, 0, 0
361000, 959828, 1, 0, 0
362000, 626926, 1, 0, 0
362000, 1068592, 0, 0, 0
363000, 1053509, 0, 0, 0
363000, 737319, 1, 0, 0
364000, 1156580, 0, 0, 0
364004, 745399, 1, 0, 0
365000, 855645, 1, 0, 0
365000, 1019897, 0, 0, 0
366000, 1022385, 0, 0, 0
366000, 769032, 1, 0, 0
367000, 1102541, 0, 0, 0
367003, 771922, 1, 0, 0
368000, 828823, 1, 0, 0
368000, 1032097, 0, 0, 0
369000, 973068, 0, 0, 0
369000, 1045202, 1, 0, 0
370000, 1096880, 0, 0, 0
370000, 875423, 1, 0, 0
371000, 963958, 1, 0, 0
371000, 1028691, 0, 0, 0
372000, 1016474, 1, 0, 0
372000, 974658, 0, 0, 0
373000, 1004484, 1, 0, 0
373000, 1030522, 0, 0, 0
374000, 1006748, 0, 0, 0
374000, 1041648, 1, 0, 0
375003, 997905, 1, 0, 0
375004, 1027559, 0, 0, 0
376000, 1109175, 0, 0, 0
376000, 1138108, 1, 0, 0
377000, 1017412, 0, 0, 0
377000, 1016094, 1, 0, 0
378000, 985712, 0, 0, 0
378007, 982051, 1, 0, 0
379000, 979647, 1, 0, 0
379001, 1003896, 0, 0, 0
380000, 1061026, 1, 0, 0
380000, 1019709, 0, 0, 0
381000, 1041883, 0, 0, 0
381006, 968816, 1, 0, 0
382000, 1082259, 0, 0, 0
382000, 869908, 1, 0, 0
383001, 881983, 1, 0, 0
383002, 1117632, 0, 0, 0
384000, 990870, 1, 0, 0
384000, 994076, 0, 0, 0
385000, 979269, 1, 0, 0
385000, 974302, 0, 0, 0
386000, 810360, 1, 0, 0
386000, 1116099, 0, 0, 0
387000, 961444, 0, 0, 0
387000, 1004952, 1, 0, 0
388000, 1084435, 0, 0, 0
388000, 961930, 1, 0, 0
389000, 1103411, 0, 0, 0
389000, 842649, 1, 0, 0
390000, 1021935, 0, 0, 0
390000, 906017, 1, 0, 0
391000, 918909, 1, 0, 0
391001, 993522, 0, 0, 0
392000, 991135, 1, 0, 0
392000, 1048575, 0, 0, 0
393000, 1039392, 0, 0, 0
393000, 957901, 1, 0, 0
394000, 969211, 0, 0, 0
394002, 965636, 1, 0, 0
395002, 928318, 1, 0, 0
395002, 1059194, 0, 0, 0
396002, 959945, 1, 0, 0
396003, 1030507, 0, 0, 0
397000, 1067851, 1, 0, 0
397000, 955748, 0, 0, 0
398000, 934082, 1, 0, 0
398001, 1065510, 0, 0, 0
399000, 1041190, 0, 0, 0
399000, 910014, 1, 0, 0
400000, 1025892, 1, 0, 0
400000, 1084736, 0, 0, 0
401000, 960685, 1, 0, 0
401000, 1074220, 0, 0, 0
402000, 1011241, 0, 0, 0
402006, 976840, 1, 0, 0
403000, 974465, 1, 0, 0
403000, 1019212, 0, 0, 0
404000, 1081654, 0, 0, 0
404006, 977412, 1, 0, 0
405000, 1006375, 0, 0, 0
405007, 1020171, 1, 0, 0
406000, 1009425, 0, 0, 0
406003, 800485, 1, 0, 0
407000, 1102656, 0, 0, 0
407007, 682956, 1, 0, 0
408001, 833152, 1, 0, 0
408001, 998365, 0, 0, 0
409000, 966307, 0, 0, 0
409005, 851991, 1, 0, 0
410000, 753200, 1, 0, 0
410000, 1065964, 0, 0, 0
411005, 847776, 1, 0, 0
411006, 1033482, 0, 0, 0
412000, 1073537, 0, 0, 0
412007, 1000673, 1, 0, 0
413015, 1012322, 0, 0, 0
413015, 998419, 1, 0, 0
414000, 1073243, 0, 0, 0
414000, 1035991, 1, 0, 0
415003, 1006325, 1, 0, 0
415003, 997976, 0, 0, 0
416000, 1014874, 1, 0, 0
416000, 1000526, 0, 0, 0
417001, 1083017, 0, 0, 0
417004, 975858, 1, 0, 0
418000, 1032240, 0, 0, 0
418007, 894139, 1, 0, 0
419000, 943992, 0, 0, 0
419000, 1021196, 1, 0, 0
420000, 876889, 1, 0, 0
420000, 1062260, 0, 0, 0
421000, 1028390, 0, 0, 0
421005, 793627, 1, 0, 0
422002, 851839, 1, 0, 0
422002, 971765, 0, 0, 0
423000, 1077389, 0, 0, 0
423005, 846405, 1, 0, 0
424001, 1175027, 0, 0, 0
424006, 1000415, 1, 0, 0
425000, 1192352, 0, 0, 0
425014, 1584615, 1, 0, 0
426001, 1314968, 1, 0, 0
426002, 1293067, 0, 0, 0
427000, 1306664, 0, 0, 0
427000, 1248102, 1, 0, 0
428000, 1272166, 0, 0, 0
428000, 1326655, 1, 0, 0
429000, 1219853, 0, 0, 0
429000, 1413043, 1, 0, 0
430000, 1314524, 0, 0, 0
430010, 1359571, 1, 0, 0
431000, 1207267, 0, 0, 0
431009, 1294843, 1, 0, 0
432000, 995555, 1, 0, 0
432000, 1021731, 0, 0, 0
433000, 982039, 0, 0, 0
433005, 1072684, 1, 0, 0
434000, 1030419, 1, 0, 0
434001, 1036172, 0, 0, 0
435000, 1034204, 0, 0, 0
435000, 955532, 1, 0, 0
436001, 957177, 1, 0, 0
436001, 1008292, 0, 0, 0
437000, 818223, 1, 0, 0
437000, 1057464, 0, 0, 0
438000, 913177, 1, 0, 0
438000, 1090207, 0, 0, 0
439000, 1035209, 0, 0, 0
439000, 600697, 1, 0, 0
440000, 581974, 1, 0, 0
440001, 1101421, 0, 0, 0
441000, 1024737, 0, 0, 0
441000, 621484, 1, 0, 0
442000, 599636, 1, 0, 0
442000, 990817, 0, 0, 0
443000, 591725, 1, 0, 0
443001, 1074844, 0, 0, 0
444000, 442425, 1, 0, 0
444000, 1066270, 0, 0, 0
445000, 1029133, 0, 0, 0
445000, 416754, 1, 0, 0
446000, 1062761, 0, 0, 0
446005, 649291, 1, 0, 0
447000, 1063680, 0, 0, 0
447000, 757634, 1, 0, 0
448004, 862924, 1, 0, 0
448005, 989153, 0, 0, 0
449000, 1153058, 0, 0, 0
449008, 1117739, 1, 0, 0
450000, 1067172, 1, 0, 0
450001, 1013675, 0, 0, 0
451002, 952890, 1, 0, 0
451003, 1046802, 0, 0, 0
452007, 1088284, 0, 0, 0
452007, 935810, 1, 0, 0
453000, 921277, 1, 0, 0
453000, 1177418, 0, 0, 0
454000, 710181, 1, 0, 0
454000, 1042906, 0, 0, 0
455000, 1020181, 0, 0, 0
455000, 720375, 1, 0, 0
456000, 742069, 1, 0, 0
456000, 1077772, 0, 0, 0
457000, 783572, 1, 0, 0
457000, 1005563, 0, 0, 0
458000, 997876, 0, 0, 0
458006, 647246, 1, 0, 0
459002, 799271, 1, 0, 0
459002, 1102643, 0, 0, 0
460000, 1060741, 0, 0, 0
460000, 921656, 1, 0, 0
461000, 1036530, 0, 0, 0
461002, 995290, 1, 0, 0
462000, 1088743, 0, 0, 0
462000, 923011, 1, 0, 0
463000, 968855, 1, 0, 0
463000, 1057853, 0, 0, 0
464000, 1058604, 0, 0, 0
464000, 983548, 1, 0, 0
465000, 1095082, 0, 0, 0
465008, 1054630, 1, 0, 0
466003, 1080505, 1, 0, 0
466004, 1012583, 0, 0, 0
467000, 1043966, 1, 0, 0
467000, 975055, 0, 0, 0
468004, 955821, 1, 0, 0
468004, 1064832, 0, 0, 0
469003, 1061553, 1, 0, 0
469004, 1003324, 0, 0, 0
470000, 980479, 0, 0, 0
470000, 994641, 1, 0, 0
471000, 1107652, 0, 0, 0
471000, 1018687, 1, 0, 0
472000, 1004081, 0, 0, 0
472004, 1081596, 1, 0, 0
473000, 1167621, 1, 0, 0
473001, 1056579, 0, 0, 0
474000, 1129083, 0, 0, 0
474000, 877893, 1, 0, 0
475002, 927420, 1, 0, 0
475003, 1039217, 0, 0, 0
476000, 907847, 1, 0, 0
476001, 1027802, 0, 0, 0
477000, 1108623, 0, 0, 0
477003, 910487, 1, 0, 0
478000, 923464, 1, 0, 0
478000, 1062037, 0, 0, 0
479000, 1036934, 0, 0, 0
479000, 924605, 1, 0, 0
480000, 1083661, 0, 0, 0
480003, 920059, 1, 0, 0
480003, 4104296, 0, 0, 0
480003, 3430047, 1, 0, 0
