1000, 5545, 1, 0, 0
2000, 5804, 1, 0, 0
3000, 5301, 1, 0, 0
4002, 5245, 1, 0, 0
5011, 5238, 1, 0, 0
6007, 5451, 1, 0, 0
7000, 5491, 1, 0, 0
8011, 5783, 1, 0, 0
9000, 5633, 1, 0, 0
10000, 5003, 1, 0, 0
11000, 4986, 1, 0, 0
12000, 5288, 1, 0, 0
13000, 4983, 1, 0, 0
14000, 5116, 1, 0, 0
15000, 5353, 1, 0, 0
16000, 5469, 1, 0, 0
17000, 5440, 1, 0, 0
18000, 5296, 1, 0, 0
19000, 5085, 1, 0, 0
20000, 6504, 1, 0, 0
21000, 6895, 1, 0, 0
22000, 7102, 1, 0, 0
23000, 6589, 1, 0, 0
24006, 3629, 1, 0, 0
25000, 2745, 1, 0, 0
26000, 2758, 1, 0, 0
27000, 2777, 1, 0, 0
28006, 2759, 1, 0, 0
29008, 2762, 1, 0, 0
30007, 2765, 1, 0, 0
31000, 2765, 1, 0, 0
32006, 2749, 1, 0, 0
33000, 3382, 1, 0, 0
34000, 3728, 1, 0, 0
35000, 3513, 1, 0, 0
36000, 3310, 1, 0, 0
37000, 2743, 1, 0, 0
38000, 2784, 1, 0, 0
39012, 2764, 1, 0, 0
40003, 2759, 1, 0, 0
41000, 2772, 1, 0, 0
42005, 2723, 1, 0, 0
43020, 2707, 1, 0, 0
44001, 2721, 1, 0, 0
45007, 2718, 1, 0, 0
46005, 2718, 1, 0, 0
47000, 2727, 1, 0, 0
48007, 2756, 1, 0, 0
49000, 2700, 1, 0, 0
50007, 2701, 1, 0, 0
51000, 2748, 1, 0, 0
52001, 2760, 1, 0, 0
53000, 2779, 1, 0, 0
54005, 2719, 1, 0, 0
55009, 2724, 1, 0, 0
56000, 3342, 1, 0, 0
57008, 5259, 1, 0, 0
58006, 5639, 1, 0, 0
59000, 5141, 1, 0, 0
60000, 5492, 1, 0, 0
61000, 5247, 1, 0, 0
62000, 5452, 1, 0, 0
63000, 9236, 1, 0, 0
64000, 8833, 1, 0, 0
65000, 8767, 1, 0, 0
66000, 7490, 1, 0, 0
67000, 4583, 1, 0, 0
68003, 5469, 1, 0, 0
69000, 5613, 1, 0, 0
70000, 5391, 1, 0, 0
71000, 6438, 1, 0, 0
72000, 5322, 1, 0, 0
73003, 8662, 1, 0, 0
74003, 7756, 1, 0, 0
75000, 8036, 1, 0, 0
76000, 8221, 1, 0, 0
77007, 8773, 1, 0, 0
78000, 8933, 1, 0, 0
79011, 8451, 1, 0, 0
80000, 8448, 1, 0, 0
81000, 5148, 1, 0, 0
82000, 2756, 1, 0, 0
83007, 4097, 1, 0, 0
84000, 5364, 1, 0, 0
85000, 5144, 1, 0, 0
86000, 4912, 1, 0, 0
87000, 5102, 1, 0, 0
88000, 6053, 1, 0, 0
89000, 5773, 1, 0, 0
90000, 4408, 1, 0, 0
91000, 2895, 1, 0, 0
92007, 2772, 1, 0, 0
93000, 2783, 1, 0, 0
94002, 2790, 1, 0, 0
95008, 2777, 1, 0, 0
96008, 2790, 1, 0, 0
97008, 2765, 1, 0, 0
98012, 5088, 1, 0, 0
99004, 5013, 1, 0, 0
100000, 5360, 1, 0, 0
101004, 4658, 1, 0, 0
102000, 5179, 1, 0, 0
103000, 5145, 1, 0, 0
104012, 5072, 1, 0, 0
105000, 4736, 1, 0, 0
106000, 5288, 1, 0, 0
107000, 5742, 1, 0, 0
108000, 5410, 1, 0, 0
109000, 6508, 1, 0, 0
110000, 6311, 1, 0, 0
111016, 6290, 1, 0, 0
112000, 5539, 1, 0, 0
113009, 3361, 1, 0, 0
114010, 2688, 1, 0, 0
115000, 2730, 1, 0, 0
116000, 2819, 1, 0, 0
117002, 3470, 1, 0, 0
118000, 5379, 1, 0, 0
119004, 4828, 1, 0, 0
120000, 4498, 1, 0, 0
121000, 5289, 1, 0, 0
122012, 5357, 1, 0, 0
123004, 5428, 1, 0, 0
124000, 5126, 1, 0, 0
125000, 5064, 1, 0, 0
126000, 5503, 1, 0, 0
127012, 5309, 1, 0, 0
128000, 4784, 1, 0, 0
129000, 5281, 1, 0, 0
130004, 5353, 1, 0, 0
131000, 5763, 1, 0, 0
132003, 4542, 1, 0, 0
133000, 2819, 1, 0, 0
134000, 2795, 1, 0, 0
135000, 2780, 1, 0, 0
136001, 2794, 1, 0, 0
137008, 2801, 1, 0, 0
138000, 2796, 1, 0, 0
139003, 2760, 1, 0, 0
140000, 3920, 1, 0, 0
141002, 4862, 1, 0, 0
142003, 3455, 1, 0, 0
143003, 3155, 1, 0, 0
144000, 2792, 1, 0, 0
145011, 2778, 1, 0, 0
146000, 2772, 1, 0, 0
147010, 2769, 1, 0, 0
148001, 4777, 1, 0, 0
149000, 5509, 1, 0, 0
150000, 4850, 1, 0, 0
151000, 5053, 1, 0, 0
152000, 5932, 1, 0, 0
153005, 6065, 1, 0, 0
154000, 2828, 1, 0, 0
155009, 2748, 1, 0, 0
156000, 2734, 1, 0, 0
157005, 2715, 1, 0, 0
158010, 2687, 1, 0, 0
159004, 3250, 1, 0, 0
160000, 5225, 1, 0, 0
161000, 4967, 1, 0, 0
162012, 4793, 1, 0, 0
163004, 5037, 1, 0, 0
164000, 4399, 1, 0, 0
165004, 5170, 1, 0, 0
166012, 5003, 1, 0, 0
167001, 3166, 1, 0, 0
168009, 2720, 1, 0, 0
169000, 2784, 1, 0, 0
170000, 5211, 1, 0, 0
171000, 5181, 1, 0, 0
172000, 5587, 1, 0, 0
173000, 5505, 1, 0, 0
174000, 3265, 1, 0, 0
175004, 3500, 1, 0, 0
176013, 2748, 1, 0, 0
177000, 2767, 1, 0, 0
178018, 2762, 1, 0, 0
179012, 2772, 1, 0, 0
180008, 2755, 1, 0, 0
181005, 2813, 1, 0, 0
182016, 3424, 1, 0, 0
183000, 4962, 1, 0, 0
184005, 4478, 1, 0, 0
185008, 2740, 1, 0, 0
186000, 2717, 1, 0, 0
187000, 2748, 1, 0, 0
188014, 2798, 1, 0, 0
189013, 2781, 1, 0, 0
190001, 2754, 1, 0, 0
191006, 2758, 1, 0, 0
192000, 4730, 1, 0, 0
193004, 4878, 1, 0, 0
194000, 4664, 1, 0, 0
195000, 5481, 1, 0, 0
196000, 4316, 1, 0, 0
197004, 5271, 1, 0, 0
198000, 5032, 1, 0, 0
199000, 5658, 1, 0, 0
200003, 5563, 1, 0, 0
201008, 5810, 1, 0, 0
202000, 5337, 1, 0, 0
203000, 5133, 1, 0, 0
204000, 5126, 1, 0, 0
205000, 5716, 1, 0, 0
206012, 5681, 1, 0, 0
207004, 5417, 1, 0, 0
208000, 5293, 1, 0, 0
209000, 5331, 1, 0, 0
210000, 5510, 1, 0, 0
211000, 4796, 1, 0, 0
212000, 5550, 1, 0, 0
213005, 5435, 1, 0, 0
214000, 3537, 1, 0, 0
215000, 2835, 1, 0, 0
216010, 2741, 1, 0, 0
217005, 2675, 1, 0, 0
218006, 2741, 1, 0, 0
219011, 2731, 1, 0, 0
220000, 2691, 1, 0, 0
221000, 2808, 1, 0, 0
222000, 2697, 1, 0, 0
223000, 2787, 1, 0, 0
224000, 5293, 1, 0, 0
225000, 4149, 1, 0, 0
226000, 2748, 1, 0, 0
227006, 2728, 1, 0, 0
228000, 2753, 1, 0, 0
229011, 2782, 1, 0, 0
230010, 2794, 1, 0, 0
231006, 2781, 1, 0, 0
232012, 2773, 1, 0, 0
233000, 2733, 1, 0, 0
234000, 2723, 1, 0, 0
235003, 2734, 1, 0, 0
236004, 2820, 1, 0, 0
237004, 2806, 1, 0, 0
238000, 2824, 1, 0, 0
239010, 2833, 1, 0, 0
240000, 2778, 1, 0, 0
241000, 2774, 1, 0, 0
242006, 2770, 1, 0, 0
243000, 2734, 1, 0, 0
244006, 2742, 1, 0, 0
245007, 2760, 1, 0, 0
246001, 2782, 1, 0, 0
247000, 2792, 1, 0, 0
248003, 2780, 1, 0, 0
249004, 2781, 1, 0, 0
250001, 2741, 1, 0, 0
251000, 2768, 1, 0, 0
252000, 2756, 1, 0, 0
253008, 2759, 1, 0, 0
254013, 2780, 1, 0, 0
255010, 2759, 1, 0, 0
256010, 2708, 1, 0, 0
257004, 3921, 1, 0, 0
258012, 5162, 1, 0, 0
259004, 5408, 1, 0, 0
260000, 5228, 1, 0, 0
261004, 5125, 1, 0, 0
262012, 5331, 1, 0, 0
263004, 5152, 1, 0, 0
264000, 4513, 1, 0, 0
265009, 4246, 1, 0, 0
266001, 4259, 1, 0, 0
267004, 4620, 1, 0, 0
268000, 3861, 1, 0, 0
269008, 2702, 1, 0, 0
270010, 2708, 1, 0, 0
271000, 2725, 1, 0, 0
272004, 2774, 1, 0, 0
273000, 2796, 1, 0, 0
274000, 2781, 1, 0, 0
275000, 2776, 1, 0, 0
276011, 2784, 1, 0, 0
277006, 2786, 1, 0, 0
278004, 2792, 1, 0, 0
279000, 2774, 1, 0, 0
280003, 2785, 1, 0, 0
281003, 2798, 1, 0, 0
282000, 2781, 1, 0, 0
283000, 2806, 1, 0, 0
284000, 2835, 1, 0, 0
285000, 4196, 1, 0, 0
286012, 5137, 1, 0, 0
287004, 5023, 1, 0, 0
288000, 4451, 1, 0, 0
289008, 5253, 1, 0, 0
290012, 4925, 1, 0, 0
291010, 4855, 1, 0, 0
292000, 2744, 1, 0, 0
293009, 2723, 1, 0, 0
294000, 2897, 1, 0, 0
295005, 2745, 1, 0, 0
296001, 2725, 1, 0, 0
297000, 2721, 1, 0, 0
298000, 2764, 1, 0, 0
299004, 2753, 1, 0, 0
300012, 2783, 1, 0, 0
301000, 5419, 1, 0, 0
302012, 4777, 1, 0, 0
303004, 5418, 1, 0, 0
304000, 4914, 1, 0, 0
305000, 5321, 1, 0, 0
306012, 5518, 1, 0, 0
307000, 5345, 1, 0, 0
308000, 5362, 1, 0, 0
309008, 5614, 1, 0, 0
310000, 5616, 1, 0, 0
311000, 5543, 1, 0, 0
312000, 5402, 1, 0, 0
313000, 4010, 1, 0, 0
314000, 2798, 1, 0, 0
315009, 2777, 1, 0, 0
316013, 2840, 1, 0, 0
317018, 2859, 1, 0, 0
318017, 2838, 1, 0, 0
319000, 2830, 1, 0, 0
320010, 2821, 1, 0, 0
321009, 2764, 1, 0, 0
322010, 2729, 1, 0, 0
323000, 2724, 1, 0, 0
324000, 2742, 1, 0, 0
325006, 2790, 1, 0, 0
326002, 2784, 1, 0, 0
327013, 2778, 1, 0, 0
328000, 2903, 1, 0, 0
329000, 3561, 1, 0, 0
330003, 4264, 1, 0, 0
331019, 4175, 1, 0, 0
332005, 4076, 1, 0, 0
333004, 4695, 1, 0, 0
334000, 4650, 1, 0, 0
335000, 4952, 1, 0, 0
336012, 4816, 1, 0, 0
337000, 4835, 1, 0, 0
338012, 5487, 1, 0, 0
339012, 5174, 1, 0, 0
340008, 5360, 1, 0, 0
341000, 5556, 1, 0, 0
342000, 5340, 1, 0, 0
343000, 5284, 1, 0, 0
344000, 5292, 1, 0, 0
345000, 5466, 1, 0, 0
346004, 5421, 1, 0, 0
347000, 5348, 1, 0, 0
348004, 5792, 1, 0, 0
349008, 5407, 1, 0, 0
350012, 5552, 1, 0, 0
351001, 5271, 1, 0, 0
352000, 5539, 1, 0, 0
353000, 5332, 1, 0, 0
354000, 5563, 1, 0, 0
355000, 5477, 1, 0, 0
356000, 5552, 1, 0, 0
357001, 5645, 1, 0, 0
358000, 5441, 1, 0, 0
359000, 5554, 1, 0, 0
360000, 5202, 1, 0, 0
361000, 5388, 1, 0, 0
362000, 4689, 1, 0, 0
363007, 2772, 1, 0, 0
364004, 2762, 1, 0, 0
365000, 2742, 1, 0, 0
366000, 2712, 1, 0, 0
367000, 2715, 1, 0, 0
368000, 2689, 1, 0, 0
369010, 2879, 1, 0, 0
370000, 3051, 1, 0, 0
371000, 5852, 1, 0, 0
372000, 5196, 1, 0, 0
373000, 5321, 1, 0, 0
374000, 5423, 1, 0, 0
375000, 5282, 1, 0, 0
376000, 4784, 1, 0, 0
377000, 4588, 1, 0, 0
378000, 4696, 1, 0, 0
379000, 5254, 1, 0, 0
380008, 5162, 1, 0, 0
381012, 2829, 1, 0, 0
382001, 2779, 1, 0, 0
383010, 2802, 1, 0, 0
384006, 2826, 1, 0, 0
385000, 2786, 1, 0, 0
386000, 2789, 1, 0, 0
387003, 2782, 1, 0, 0
388011, 2753, 1, 0, 0
389006, 2762, 1, 0, 0
390000, 2776, 1, 0, 0
391005, 2764, 1, 0, 0
392004, 2751, 1, 0, 0
393004, 4466, 1, 0, 0
394000, 4845, 1, 0, 0
395000, 4893, 1, 0, 0
396000, 4928, 1, 0, 0
397000, 4753, 1, 0, 0
398012, 5159, 1, 0, 0
399004, 5642, 1, 0, 0
400000, 4730, 1, 0, 0
401000, 5451, 1, 0, 0
402000, 5582, 1, 0, 0
403004, 5550, 1, 0, 0
404000, 5483, 1, 0, 0
405000, 5578, 1, 0, 0
406000, 5460, 1, 0, 0
407000, 5508, 1, 0, 0
408000, 5177, 1, 0, 0
409000, 5424, 1, 0, 0
410000, 6050, 1, 0, 0
411004, 4733, 1, 0, 0
412000, 4761, 1, 0, 0
413000, 5594, 1, 0, 0
414004, 6816, 1, 0, 0
415000, 7978, 1, 0, 0
416008, 5951, 1, 0, 0
417000, 6738, 1, 0, 0
418000, 6538, 1, 0, 0
419000, 5671, 1, 0, 0
420000, 4182, 1, 0, 0
421000, 3329, 1, 0, 0
422000, 3083, 1, 0, 0
423000, 3831, 1, 0, 0
424011, 3194, 1, 0, 0
425004, 2755, 1, 0, 0
426015, 2751, 1, 0, 0
427006, 2900, 1, 0, 0
428004, 3829, 1, 0, 0
429002, 3903, 1, 0, 0
430000, 4406, 1, 0, 0
431000, 5624, 1, 0, 0
432000, 5349, 1, 0, 0
433000, 5541, 1, 0, 0
434000, 5257, 1, 0, 0
435000, 4412, 1, 0, 0
436005, 3568, 1, 0, 0
437000, 2717, 1, 0, 0
438003, 2733, 1, 0, 0
439007, 2797, 1, 0, 0
440003, 2776, 1, 0, 0
441004, 2784, 1, 0, 0
442000, 2760, 1, 0, 0
443002, 2719, 1, 0, 0
444011, 2733, 1, 0, 0
445011, 2700, 1, 0, 0
446012, 2780, 1, 0, 0
447000, 2801, 1, 0, 0
448000, 2775, 1, 0, 0
449000, 2796, 1, 0, 0
450000, 2777, 1, 0, 0
451010, 2785, 1, 0, 0
452000, 2783, 1, 0, 0
453009, 2787, 1, 0, 0
454007, 2776, 1, 0, 0
455004, 2784, 1, 0, 0
456000, 3954, 1, 0, 0
457004, 5067, 1, 0, 0
458012, 4946, 1, 0, 0
459004, 5154, 1, 0, 0
460000, 4573, 1, 0, 0
461004, 4751, 1, 0, 0
462008, 5347, 1, 0, 0
463004, 4912, 1, 0, 0
464000, 5353, 1, 0, 0
465000, 5190, 1, 0, 0
466000, 5230, 1, 0, 0
467000, 5243, 1, 0, 0
468000, 5627, 1, 0, 0
469000, 5779, 1, 0, 0
470000, 4646, 1, 0, 0
471001, 2785, 1, 0, 0
472012, 2792, 1, 0, 0
473019, 2794, 1, 0, 0
474000, 2772, 1, 0, 0
475013, 2771, 1, 0, 0
476000, 2771, 1, 0, 0
477006, 2791, 1, 0, 0
478004, 2750, 1, 0, 0
479010, 2721, 1, 0, 0
480000, 2744, 1, 0, 0
