1000, 1789997, 1, 0, 0
2000, 1766184, 1, 0, 0
3000, 1764538, 1, 0, 0
4000, 1790429, 1, 0, 0
5000, 1772438, 1, 0, 0
6000, 1763796, 1, 0, 0
7004, 1771200, 1, 0, 0
8000, 1775989, 1, 0, 0
9000, 1764024, 1, 0, 0
10000, 1774393, 1, 0, 0
11001, 1802156, 1, 0, 0
12000, 1921251, 1, 0, 0
13003, 1875763, 1, 0, 0
14000, 1929830, 1, 0, 0
15010, 2044126, 1, 0, 0
16009, 1944384, 1, 0, 0
17000, 2164067, 1, 0, 0
18000, 1410330, 1, 0, 0
19003, 1360211, 1, 0, 0
20006, 1332756, 1, 0, 0
21006, 1384645, 1, 0, 0
22000, 1122342, 1, 0, 0
23000, 1688369, 1, 0, 0
24000, 1773702, 1, 0, 0
25000, 1759691, 1, 0, 0
26000, 1794112, 1, 0, 0
27000, 1752974, 1, 0, 0
28000, 1777985, 1, 0, 0
29004, 1753308, 1, 0, 0
30000, 1778882, 1, 0, 0
31000, 1769338, 1, 0, 0
32000, 1751362, 1, 0, 0
33000, 1772772, 1, 0, 0
34000, 1804457, 1, 0, 0
35000, 1754613, 1, 0, 0
36000, 1771038, 1, 0, 0
37000, 1784507, 1, 0, 0
38000, 1753736, 1, 0, 0
39000, 1778433, 1, 0, 0
40000, 1766413, 1, 0, 0
41000, 1758025, 1, 0, 0
42000, 1774868, 1, 0, 0
43000, 1785758, 1, 0, 0
44000, 1791493, 1, 0, 0
45000, 1778399, 1, 0, 0
46000, 1808795, 1, 0, 0
47002, 1707664, 1, 0, 0
48000, 1996857, 1, 0, 0
49009, 2374960, 1, 0, 0
50000, 1743908, 1, 0, 0
51004, 1478923, 1, 0, 0
52002, 1488470, 1, 0, 0
53000, 1562926, 1, 0, 0
54000, 1507674, 1, 0, 0
55003, 1201031, 1, 0, 0
56006, 1445743, 1, 0, 0
57005, 1645524, 1, 0, 0
58022, 1715128, 1, 0, 0
59000, 1866057, 1, 0, 0
60004, 1909142, 1, 0, 0
61002, 1849019, 1, 0, 0
62011, 1843840, 1, 0, 0
63000, 1889810, 1, 0, 0
64000, 1807671, 1, 0, 0
65000, 1669172, 1, 0, 0
66005, 1718403, 1, 0, 0
67004, 1809805, 1, 0, 0
68001, 1762189, 1, 0, 0
69010, 1850875, 1, 0, 0
70004, 2061611, 1, 0, 0
71005, 1742227, 1, 0, 0
72007, 1846745, 1, 0, 0
73008, 1865052, 1, 0, 0
74010, 2008602, 1, 0, 0
75013, 2195181, 1, 0, 0
76010, 2132978, 1, 0, 0
77000, 2071586, 1, 0, 0
78000, 2104736, 1, 0, 0
79000, 1475800, 1, 0, 0
80000, 1123212, 1, 0, 0
81000, 1391252, 1, 0, 0
82000, 1767158, 1, 0, 0
83012, 1778541, 1, 0, 0
84000, 1795502, 1, 0, 0
85000, 1759147, 1, 0, 0
86000, 1765313, 1, 0, 0
87000, 1775705, 1, 0, 0
88000, 1776234, 1, 0, 0
89000, 1751092, 1, 0, 0
90000, 1782624, 1, 0, 0
91000, 1748510, 1, 0, 0
92000, 1756635, 1, 0, 0
93000, 1770249, 1, 0, 0
94000, 1783129, 1, 0, 0
95000, 1755634, 1, 0, 0
96000, 1775338, 1, 0, 0
97000, 1785949, 1, 0, 0
98000, 1761247, 1, 0, 0
99000, 1757134, 1, 0, 0
100000, 1793280, 1, 0, 0
101000, 1771485, 1, 0, 0
102000, 1770918, 1, 0, 0
103000, 1767938, 1, 0, 0
104000, 1774105, 1, 0, 0
105000, 1789450, 1, 0, 0
106000, 1777082, 1, 0, 0
107000, 1757871, 1, 0, 0
108000, 1768085, 1, 0, 0
109000, 1763003, 1, 0, 0
110000, 1789913, 1, 0, 0
111000, 1762862, 1, 0, 0
112000, 1773167, 1, 0, 0
113000, 1783927, 1, 0, 0
114000, 1750766, 1, 0, 0
115000, 1767040, 1, 0, 0
116000, 1787028, 1, 0, 0
117000, 1769621, 1, 0, 0
118000, 1767789, 1, 0, 0
119000, 1959483, 1, 0, 0
120000, 2131885, 1, 0, 0
121000, 1573438, 1, 0, 0
122008, 1129037, 1, 0, 0
123000, 1776113, 1, 0, 0
124000, 1747476, 1, 0, 0
125000, 1769130, 1, 0, 0
126000, 1768569, 1, 0, 0
127000, 1782029, 1, 0, 0
128000, 1780309, 1, 0, 0
129000, 1754597, 1, 0, 0
130000, 1771042, 1, 0, 0
131000, 1781151, 1, 0, 0
132000, 1753882, 1, 0, 0
133000, 1766516, 1, 0, 0
134000, 1752787, 1, 0, 0
135000, 1771214, 1, 0, 0
136000, 1754821, 1, 0, 0
137000, 1772712, 1, 0, 0
138000, 1754649, 1, 0, 0
139000, 1831989, 1, 0, 0
140000, 1766266, 1, 0, 0
141000, 1763958, 1, 0, 0
142000, 1771889, 1, 0, 0
143000, 1754356, 1, 0, 0
144000, 1792004, 1, 0, 0
145000, 1761231, 1, 0, 0
146000, 1779889, 1, 0, 0
147000, 1770127, 1, 0, 0
148000, 1767630, 1, 0, 0
149000, 1777098, 1, 0, 0
150000, 1785496, 1, 0, 0
151000, 1759837, 1, 0, 0
152008, 1771796, 1, 0, 0
153000, 1786367, 1, 0, 0
154000, 1784321, 1, 0, 0
155000, 1758553, 1, 0, 0
156000, 1749375, 1, 0, 0
157000, 1782634, 1, 0, 0
158012, 1753532, 1, 0, 0
159000, 1796658, 1, 0, 0
160012, 1755242, 1, 0, 0
161000, 1792977, 1, 0, 0
162000, 1764347, 1, 0, 0
163000, 1795069, 1, 0, 0
164000, 1767604, 1, 0, 0
165000, 1775859, 1, 0, 0
166000, 1763023, 1, 0, 0
167000, 1778641, 1, 0, 0
168000, 1780329, 1, 0, 0
169000, 1761375, 1, 0, 0
170000, 1762546, 1, 0, 0
171000, 1764785, 1, 0, 0
172000, 1776721, 1, 0, 0
173000, 1764840, 1, 0, 0
174000, 1784416, 1, 0, 0
175000, 1774143, 1, 0, 0
176012, 1760473, 1, 0, 0
177000, 1793986, 1, 0, 0
178000, 1763639, 1, 0, 0
179004, 1766547, 1, 0, 0
180000, 1779844, 1, 0, 0
181000, 1770915, 1, 0, 0
182000, 1774449, 1, 0, 0
183008, 1744269, 1, 0, 0
184000, 1774231, 1, 0, 0
185000, 1758962, 1, 0, 0
186000, 1786253, 1, 0, 0
187000, 1750267, 1, 0, 0
188000, 1771018, 1, 0, 0
189000, 1784682, 1, 0, 0
190000, 1752065, 1, 0, 0
191000, 1756639, 1, 0, 0
192000, 1775605, 1, 0, 0
193000, 1765442, 1, 0, 0
194000, 1783952, 1, 0, 0
195000, 1768763, 1, 0, 0
196000, 1769270, 1, 0, 0
197000, 1759702, 1, 0, 0
198000, 1788490, 1, 0, 0
199000, 1746870, 1, 0, 0
200000, 1768477, 1, 0, 0
201000, 1779892, 1, 0, 0
202000, 1770331, 1, 0, 0
203000, 1757672, 1, 0, 0
204000, 1765483, 1, 0, 0
205000, 1781194, 1, 0, 0
206000, 1763719, 1, 0, 0
207000, 1776763, 1, 0, 0
208000, 1784780, 1, 0, 0
209000, 1786093, 1, 0, 0
210000, 1763109, 1, 0, 0
211000, 1779472, 1, 0, 0
212000, 1751677, 1, 0, 0
213000, 1761561, 1, 0, 0
214000, 1792330, 1, 0, 0
215004, 1748160, 1, 0, 0
216000, 1781018, 1, 0, 0
217012, 1768976, 1, 0, 0
218004, 1781732, 1, 0, 0
219000, 1772956, 1, 0, 0
220000, 1776963, 1, 0, 0
221000, 1784874, 1, 0, 0
222000, 1766656, 1, 0, 0
223000, 1910042, 1, 0, 0
224000, 1722482, 1, 0, 0
225000, 1827029, 1, 0, 0
226000, 1827931, 1, 0, 0
227000, 1908623, 1, 0, 0
228000, 1903372, 1, 0, 0
229000, 1802521, 1, 0, 0
230000, 1792022, 1, 0, 0
231012, 1778148, 1, 0, 0
232000, 1800286, 1, 0, 0
233000, 1775000, 1, 0, 0
234000, 1750042, 1, 0, 0
235000, 1771955, 1, 0, 0
236000, 1764827, 1, 0, 0
237000, 1779355, 1, 0, 0
238000, 1762154, 1, 0, 0
239000, 1791267, 1, 0, 0
240000, 1770025, 1, 0, 0
241000, 1759152, 1, 0, 0
242000, 1783924, 1, 0, 0
243000, 1752124, 1, 0, 0
244000, 1763787, 1, 0, 0
245000, 1776896, 1, 0, 0
246000, 1764913, 1, 0, 0
247000, 1767839, 1, 0, 0
248000, 1772937, 1, 0, 0
249000, 1790874, 1, 0, 0
250000, 1775565, 1, 0, 0
251000, 1780785, 1, 0, 0
252000, 1788880, 1, 0, 0
253000, 1753839, 1, 0, 0
254000, 1767006, 1, 0, 0
255000, 1788080, 1, 0, 0
256000, 1772466, 1, 0, 0
257000, 1770271, 1, 0, 0
258000, 1753849, 1, 0, 0
259000, 1779016, 1, 0, 0
260000, 1754845, 1, 0, 0
261000, 1769097, 1, 0, 0
262000, 1778837, 1, 0, 0
263000, 1754092, 1, 0, 0
264004, 1780717, 1, 0, 0
265000, 1777843, 1, 0, 0
266000, 1773067, 1, 0, 0
267000, 1768806, 1, 0, 0
268000, 1767852, 1, 0, 0
269000, 1758131, 1, 0, 0
270000, 1799784, 1, 0, 0
271000, 1757243, 1, 0, 0
272000, 1781768, 1, 0, 0
273000, 1771390, 1, 0, 0
274012, 1763758, 1, 0, 0
275000, 1782655, 1, 0, 0
276000, 1771893, 1, 0, 0
277000, 1766184, 1, 0, 0
278000, 1775809, 1, 0, 0
279006, 2241024, 1, 0, 0
280004, 1646333, 1, 0, 0
281000, 1176745, 1, 0, 0
282000, 1173539, 1, 0, 0
283000, 1214667, 1, 0, 0
284000, 1771996, 1, 0, 0
285000, 1774274, 1, 0, 0
286000, 1771299, 1, 0, 0
287000, 1763737, 1, 0, 0
288000, 1769748, 1, 0, 0
289000, 1770633, 1, 0, 0
290000, 1756757, 1, 0, 0
291000, 1772176, 1, 0, 0
292000, 1759508, 1, 0, 0
293000, 1785568, 1, 0, 0
294000, 1760134, 1, 0, 0
295000, 1780469, 1, 0, 0
296012, 1775805, 1, 0, 0
297000, 1757339, 1, 0, 0
298008, 1780071, 1, 0, 0
299000, 1773951, 1, 0, 0
300000, 1751677, 1, 0, 0
301008, 1760085, 1, 0, 0
302000, 1780610, 1, 0, 0
303000, 1768482, 1, 0, 0
304000, 1775260, 1, 0, 0
305000, 1767875, 1, 0, 0
306000, 1787315, 1, 0, 0
307000, 1769663, 1, 0, 0
308000, 1757736, 1, 0, 0
309000, 1777104, 1, 0, 0
310000, 1798736, 1, 0, 0
311009, 1682723, 1, 0, 0
312000, 2086752, 1, 0, 0
313002, 2029924, 1, 0, 0
314000, 2147291, 1, 0, 0
315004, 2104400, 1, 0, 0
316000, 2082633, 1, 0, 0
317000, 1346662, 1, 0, 0
318000, 1774578, 1, 0, 0
319000, 1780278, 1, 0, 0
320000, 1777649, 1, 0, 0
321000, 1752552, 1, 0, 0
322012, 1762318, 1, 0, 0
323000, 1783696, 1, 0, 0
324000, 1753013, 1, 0, 0
325000, 1780894, 1, 0, 0
326000, 1754962, 1, 0, 0
327000, 1762336, 1, 0, 0
328004, 1757283, 1, 0, 0
329000, 1776725, 1, 0, 0
330000, 1791681, 1, 0, 0
331000, 1752339, 1, 0, 0
332000, 1767758, 1, 0, 0
333000, 1755700, 1, 0, 0
334000, 1756104, 1, 0, 0
335000, 1771051, 1, 0, 0
336008, 1765912, 1, 0, 0
337000, 1788096, 1, 0, 0
338000, 1756351, 1, 0, 0
339000, 1773789, 1, 0, 0
340000, 1774972, 1, 0, 0
341000, 1790000, 1, 0, 0
342004, 1747437, 1, 0, 0
343000, 1782739, 1, 0, 0
344000, 1403606, 1, 0, 0
345000, 1341990, 1, 0, 0
346000, 1806476, 1, 0, 0
347000, 1818377, 1, 0, 0
348012, 1944367, 1, 0, 0
349000, 2552814, 1, 0, 0
350007, 2410182, 1, 0, 0
351000, 1604680, 1, 0, 0
352000, 1180776, 1, 0, 0
353003, 1128207, 1, 0, 0
354000, 1192236, 1, 0, 0
355002, 1160512, 1, 0, 0
356012, 1983758, 1, 0, 0
357000, 1920193, 1, 0, 0
358008, 1918207, 1, 0, 0
359000, 1653433, 1, 0, 0
360000, 1504754, 1, 0, 0
361000, 1537338, 1, 0, 0
362002, 1588822, 1, 0, 0
363000, 1843111, 1, 0, 0
364001, 2007552, 1, 0, 0
365000, 2123107, 1, 0, 0
366002, 2107585, 1, 0, 0
367013, 2057579, 1, 0, 0
368004, 2018436, 1, 0, 0
369003, 2159165, 1, 0, 0
370013, 2090838, 1, 0, 0
371000, 1436636, 1, 0, 0
372000, 1755174, 1, 0, 0
373000, 1769302, 1, 0, 0
374000, 1794653, 1, 0, 0
375000, 1731873, 1, 0, 0
376000, 1772980, 1, 0, 0
377000, 1768479, 1, 0, 0
378000, 1776537, 1, 0, 0
379000, 1754868, 1, 0, 0
380000, 1775245, 1, 0, 0
381000, 1769411, 1, 0, 0
382012, 1766650, 1, 0, 0
383000, 1767914, 1, 0, 0
384000, 1764745, 1, 0, 0
385000, 1779483, 1, 0, 0
386008, 1744083, 1, 0, 0
387000, 1758741, 1, 0, 0
388000, 1787381, 1, 0, 0
389000, 1782470, 1, 0, 0
390000, 1764188, 1, 0, 0
391000, 1765295, 1, 0, 0
392000, 1760564, 1, 0, 0
393000, 1773561, 1, 0, 0
394000, 1751326, 1, 0, 0
395000, 1778351, 1, 0, 0
396000, 1774900, 1, 0, 0
397000, 1751919, 1, 0, 0
398000, 1776486, 1, 0, 0
399000, 1773161, 1, 0, 0
400012, 1775033, 1, 0, 0
401000, 1766115, 1, 0, 0
402000, 1776191, 1, 0, 0
403008, 1768284, 1, 0, 0
404000, 1784308, 1, 0, 0
405000, 1778276, 1, 0, 0
406000, 1685866, 1, 0, 0
407000, 1801649, 1, 0, 0
408000, 2205369, 1, 0, 0
409009, 2066603, 1, 0, 0
410000, 2073636, 1, 0, 0
411000, 2152643, 1, 0, 0
412010, 2146638, 1, 0, 0
413011, 2063902, 1, 0, 0
414000, 1537727, 1, 0, 0
415000, 1723999, 1, 0, 0
416000, 1766265, 1, 0, 0
417000, 1768200, 1, 0, 0
418000, 1764833, 1, 0, 0
419004, 1779502, 1, 0, 0
420000, 1780329, 1, 0, 0
421000, 1761381, 1, 0, 0
422000, 1784289, 1, 0, 0
423000, 1752363, 1, 0, 0
424000, 1790739, 1, 0, 0
425000, 1772913, 1, 0, 0
426000, 1750355, 1, 0, 0
427000, 1781398, 1, 0, 0
428000, 1770266, 1, 0, 0
429000, 1769062, 1, 0, 0
430000, 1769902, 1, 0, 0
431000, 1734109, 1, 0, 0
432000, 1776396, 1, 0, 0
433000, 1759463, 1, 0, 0
434000, 1786389, 1, 0, 0
435000, 1763503, 1, 0, 0
436000, 1777118, 1, 0, 0
437000, 1765097, 1, 0, 0
438000, 1774499, 1, 0, 0
439000, 1772491, 1, 0, 0
440008, 1744066, 1, 0, 0
441000, 1772252, 1, 0, 0
442000, 1756639, 1, 0, 0
443000, 1778030, 1, 0, 0
444004, 1757814, 1, 0, 0
445000, 1771540, 1, 0, 0
446000, 1776837, 1, 0, 0
447000, 1771205, 1, 0, 0
448000, 1765357, 1, 0, 0
449000, 1780964, 1, 0, 0
450000, 1759998, 1, 0, 0
451000, 1766603, 1, 0, 0
452012, 1779120, 1, 0, 0
453000, 1556741, 1, 0, 0
454000, 1770038, 1, 0, 0
455000, 1796594, 1, 0, 0
456000, 1765013, 1, 0, 0
457000, 1758526, 1, 0, 0
458000, 1774979, 1, 0, 0
459000, 1816672, 1, 0, 0
460000, 1723301, 1, 0, 0
461000, 1767852, 1, 0, 0
462000, 1785596, 1, 0, 0
463000, 1786197, 1, 0, 0
464009, 2227993, 1, 0, 0
465010, 1958914, 1, 0, 0
466013, 1927132, 1, 0, 0
467007, 2167238, 1, 0, 0
468010, 2135522, 1, 0, 0
469009, 2016307, 1, 0, 0
470001, 2176692, 1, 0, 0
471002, 2086292, 1, 0, 0
472009, 2071824, 1, 0, 0
473011, 2144205, 1, 0, 0
474003, 1462214, 1, 0, 0
475000, 1238188, 1, 0, 0
476000, 1304123, 1, 0, 0
477012, 1750649, 1, 0, 0
478000, 1785996, 1, 0, 0
479000, 1780605, 1, 0, 0
480000, 1749608, 1, 0, 0
480002, 3066282, 1, 0, 0
