1002, 3633, 0, 0, 0
2000, 3735, 0, 0, 0
3000, 3800, 0, 0, 0
4000, 3626, 0, 0, 0
5000, 2819, 0, 0, 0
6000, 3992, 0, 0, 0
7000, 4336, 0, 0, 0
8000, 4624, 0, 0, 0
9000, 4364, 0, 0, 0
10000, 4489, 0, 0, 0
11000, 4280, 0, 0, 0
12000, 5318, 0, 0, 0
13000, 5535, 0, 0, 0
14013, 5033, 0, 0, 0
15001, 5029, 0, 0, 0
16013, 5560, 0, 0, 0
17005, 5271, 0, 0, 0
18000, 5045, 0, 0, 0
19013, 5340, 0, 0, 0
20000, 4351, 0, 0, 0
21000, 5314, 0, 0, 0
22000, 5113, 0, 0, 0
23009, 5453, 0, 0, 0
24005, 5588, 0, 0, 0
25000, 5004, 0, 0, 0
26005, 4895, 0, 0, 0
27005, 5259, 0, 0, 0
28009, 4834, 0, 0, 0
29000, 4893, 0, 0, 0
30001, 5455, 0, 0, 0
31000, 4396, 0, 0, 0
32009, 4562, 0, 0, 0
33000, 4805, 0, 0, 0
34000, 4520, 0, 0, 0
35000, 4403, 0, 0, 0
36000, 2742, 0, 0, 0
37000, 3431, 0, 0, 0
38000, 3068, 0, 0, 0
39000, 4359, 0, 0, 0
40000, 4706, 0, 0, 0
41000, 4254, 0, 0, 0
42000, 4036, 0, 0, 0
43000, 3927, 0, 0, 0
44000, 3879, 0, 0, 0
45000, 3947, 0, 0, 0
46000, 3974, 0, 0, 0
47000, 5497, 0, 0, 0
48001, 5667, 0, 0, 0
49000, 4858, 0, 0, 0
50001, 5731, 0, 0, 0
51000, 5124, 0, 0, 0
52013, 5370, 0, 0, 0
53000, 4410, 0, 0, 0
54003, 3771, 0, 0, 0
55000, 3693, 0, 0, 0
56000, 3838, 0, 0, 0
57002, 3886, 0, 0, 0
58001, 3992, 0, 0, 0
59005, 5383, 0, 0, 0
60001, 5588, 0, 0, 0
61000, 5307, 0, 0, 0
62013, 5841, 0, 0, 0
63005, 5637, 0, 0, 0
64000, 5711, 0, 0, 0
65001, 5343, 0, 0, 0
66013, 5244, 0, 0, 0
67005, 5156, 0, 0, 0
68000, 3879, 0, 0, 0
69000, 3183, 0, 0, 0
70000, 3385, 0, 0, 0
71013, 4114, 0, 0, 0
72009, 4347, 0, 0, 0
73000, 4388, 0, 0, 0
74001, 3789, 0, 0, 0
75000, 3415, 0, 0, 0
76000, 3992, 0, 0, 0
77005, 4598, 0, 0, 0
78001, 4327, 0, 0, 0
79000, 3594, 0, 0, 0
80003, 3956, 0, 0, 0
81000, 3932, 0, 0, 0
82000, 3525, 0, 0, 0
83001, 3485, 0, 0, 0
84000, 3786, 0, 0, 0
85000, 3656, 0, 0, 0
86000, 3631, 0, 0, 0
87000, 3654, 0, 0, 0
88000, 3680, 0, 0, 0
89000, 4932, 0, 0, 0
90000, 5032, 0, 0, 0
91005, 5469, 0, 0, 0
92000, 5346, 0, 0, 0
93001, 5460, 0, 0, 0
94000, 5319, 0, 0, 0
95001, 4573, 0, 0, 0
96000, 4733, 0, 0, 0
97005, 5743, 0, 0, 0
98000, 5944, 0, 0, 0
99005, 5700, 0, 0, 0
100001, 5496, 0, 0, 0
101000, 5649, 0, 0, 0
102013, 5592, 0, 0, 0
103005, 5622, 0, 0, 0
104001, 5370, 0, 0, 0
105000, 4975, 0, 0, 0
106000, 4620, 0, 0, 0
107004, 4363, 0, 0, 0
108004, 3994, 0, 0, 0
109000, 4164, 0, 0, 0
110000, 4212, 0, 0, 0
111002, 4345, 0, 0, 0
112000, 5158, 0, 0, 0
113000, 5065, 0, 0, 0
114013, 5240, 0, 0, 0
115005, 5339, 0, 0, 0
116013, 4797, 0, 0, 0
117005, 5170, 0, 0, 0
118000, 5498, 0, 0, 0
119020, 5397, 0, 0, 0
120001, 4465, 0, 0, 0
121009, 4506, 0, 0, 0
122000, 3953, 0, 0, 0
123000, 4826, 0, 0, 0
124009, 4755, 0, 0, 0
125000, 4986, 0, 0, 0
126000, 3354, 0, 0, 0
127000, 3234, 0, 0, 0
128000, 3177, 0, 0, 0
129000, 3680, 0, 0, 0
130000, 3204, 0, 0, 0
131000, 2829, 0, 0, 0
132000, 2921, 0, 0, 0
133000, 2631, 0, 0, 0
134000, 2789, 0, 0, 0
135000, 2709, 0, 0, 0
136000, 3930, 0, 0, 0
137000, 3855, 0, 0, 0
138000, 4142, 0, 0, 0
139000, 4084, 0, 0, 0
140000, 3780, 0, 0, 0
141000, 4708, 0, 0, 0
142013, 5131, 0, 0, 0
143005, 5528, 0, 0, 0
144009, 5139, 0, 0, 0
145001, 5012, 0, 0, 0
146000, 5403, 0, 0, 0
147000, 4949, 0, 0, 0
148003, 2765, 0, 0, 0
149000, 2616, 0, 0, 0
150000, 2743, 0, 0, 0
151006, 3159, 0, 0, 0
152000, 4654, 0, 0, 0
153000, 5568, 0, 0, 0
154013, 5579, 0, 0, 0
155005, 5563, 0, 0, 0
156013, 5585, 0, 0, 0
157005, 5615, 0, 0, 0
158000, 4806, 0, 0, 0
159000, 5798, 0, 0, 0
160013, 5083, 0, 0, 0
161000, 5269, 0, 0, 0
162000, 4787, 0, 0, 0
163000, 4925, 0, 0, 0
164000, 5281, 0, 0, 0
165005, 5147, 0, 0, 0
166000, 5125, 0, 0, 0
167000, 5165, 0, 0, 0
168000, 4526, 0, 0, 0
169002, 3779, 0, 0, 0
170000, 2823, 0, 0, 0
171000, 3090, 0, 0, 0
172000, 2916, 0, 0, 0
173000, 2653, 0, 0, 0
174003, 4763, 0, 0, 0
175006, 4415, 0, 0, 0
176001, 4237, 0, 0, 0
177000, 4471, 0, 0, 0
178000, 4524, 0, 0, 0
179000, 4004, 0, 0, 0
180000, 4343, 0, 0, 0
181000, 4213, 0, 0, 0
182000, 4271, 0, 0, 0
183000, 4340, 0, 0, 0
184004, 4243, 0, 0, 0
185000, 4312, 0, 0, 0
186004, 3515, 0, 0, 0
187002, 3585, 0, 0, 0
188000, 3927, 0, 0, 0
189000, 3632, 0, 0, 0
190000, 3860, 0, 0, 0
191000, 4305, 0, 0, 0
192000, 3912, 0, 0, 0
193000, 4137, 0, 0, 0
194000, 4077, 0, 0, 0
195003, 4061, 0, 0, 0
196000, 3992, 0, 0, 0
197001, 4188, 0, 0, 0
198000, 3957, 0, 0, 0
199000, 3829, 0, 0, 0
200000, 3978, 0, 0, 0
201003, 3794, 0, 0, 0
202004, 3860, 0, 0, 0
203000, 3916, 0, 0, 0
204000, 3950, 0, 0, 0
205000, 4050, 0, 0, 0
206000, 3806, 0, 0, 0
207000, 3679, 0, 0, 0
208000, 4020, 0, 0, 0
209000, 3971, 0, 0, 0
210000, 4004, 0, 0, 0
211003, 4436, 0, 0, 0
212000, 4144, 0, 0, 0
213000, 4626, 0, 0, 0
214000, 3931, 0, 0, 0
215000, 4111, 0, 0, 0
216000, 4064, 0, 0, 0
217000, 4111, 0, 0, 0
218000, 4081, 0, 0, 0
219000, 4243, 0, 0, 0
220002, 4066, 0, 0, 0
221000, 3937, 0, 0, 0
222000, 3982, 0, 0, 0
223000, 4402, 0, 0, 0
224000, 3923, 0, 0, 0
225000, 4042, 0, 0, 0
226000, 4235, 0, 0, 0
227020, 3683, 0, 0, 0
228000, 3781, 0, 0, 0
229000, 4045, 0, 0, 0
230000, 4221, 0, 0, 0
231000, 4149, 0, 0, 0
232000, 3938, 0, 0, 0
233003, 3931, 0, 0, 0
234000, 3746, 0, 0, 0
235000, 3842, 0, 0, 0
236000, 3815, 0, 0, 0
237000, 4045, 0, 0, 0
238000, 3850, 0, 0, 0
239000, 3844, 0, 0, 0
240005, 3919, 0, 0, 0
241000, 3940, 0, 0, 0
242003, 3629, 0, 0, 0
243000, 3859, 0, 0, 0
244004, 3679, 0, 0, 0
245000, 3832, 0, 0, 0
246000, 4012, 0, 0, 0
247000, 4135, 0, 0, 0
248001, 3927, 0, 0, 0
249000, 3948, 0, 0, 0
250000, 3659, 0, 0, 0
251000, 3835, 0, 0, 0
252000, 3729, 0, 0, 0
253000, 3795, 0, 0, 0
254000, 3762, 0, 0, 0
255000, 3588, 0, 0, 0
256000, 3563, 0, 0, 0
257000, 3866, 0, 0, 0
258000, 4014, 0, 0, 0
259000, 4196, 0, 0, 0
260000, 4130, 0, 0, 0
261000, 3854, 0, 0, 0
262000, 3929, 0, 0, 0
263000, 3723, 0, 0, 0
264000, 3716, 0, 0, 0
265000, 3896, 0, 0, 0
266000, 3956, 0, 0, 0
267000, 3980, 0, 0, 0
268001, 4167, 0, 0, 0
269016, 3978, 0, 0, 0
270002, 3998, 0, 0, 0
271003, 4075, 0, 0, 0
272001, 3756, 0, 0, 0
273002, 3617, 0, 0, 0
274000, 3997, 0, 0, 0
275003, 3949, 0, 0, 0
276000, 3653, 0, 0, 0
277000, 4039, 0, 0, 0
278002, 3528, 0, 0, 0
279003, 3752, 0, 0, 0
280000, 3680, 0, 0, 0
281000, 4027, 0, 0, 0
282001, 4143, 0, 0, 0
283000, 4115, 0, 0, 0
284000, 3992, 0, 0, 0
285000, 4058, 0, 0, 0
286004, 4113, 0, 0, 0
287000, 3905, 0, 0, 0
288000, 3856, 0, 0, 0
289000, 3923, 0, 0, 0
290004, 3965, 0, 0, 0
291000, 3806, 0, 0, 0
292000, 3885, 0, 0, 0
293000, 3716, 0, 0, 0
294000, 3888, 0, 0, 0
295000, 3884, 0, 0, 0
296000, 3911, 0, 0, 0
297000, 3812, 0, 0, 0
298000, 3844, 0, 0, 0
299000, 3896, 0, 0, 0
300000, 4028, 0, 0, 0
301000, 4033, 0, 0, 0
302000, 3892, 0, 0, 0
303000, 3697, 0, 0, 0
304002, 4007, 0, 0, 0
305000, 3661, 0, 0, 0
306000, 3782, 0, 0, 0
307000, 3839, 0, 0, 0
308000, 3718, 0, 0, 0
309000, 3787, 0, 0, 0
310000, 3734, 0, 0, 0
311000, 4028, 0, 0, 0
312000, 4002, 0, 0, 0
313000, 3340, 0, 0, 0
314000, 3603, 0, 0, 0
315000, 3715, 0, 0, 0
316000, 3694, 0, 0, 0
317000, 3650, 0, 0, 0
318000, 3801, 0, 0, 0
319000, 3675, 0, 0, 0
320000, 4122, 0, 0, 0
321001, 3993, 0, 0, 0
322000, 4064, 0, 0, 0
323000, 4012, 0, 0, 0
324000, 3885, 0, 0, 0
325000, 3914, 0, 0, 0
326000, 3631, 0, 0, 0
327000, 3902, 0, 0, 0
328000, 3721, 0, 0, 0
329000, 3634, 0, 0, 0
330000, 3847, 0, 0, 0
331000, 3930, 0, 0, 0
332000, 4244, 0, 0, 0
333000, 4258, 0, 0, 0
334003, 4041, 0, 0, 0
335000, 4179, 0, 0, 0
336000, 3893, 0, 0, 0
337000, 3704, 0, 0, 0
338003, 4213, 0, 0, 0
339000, 4034, 0, 0, 0
340000, 4103, 0, 0, 0
341000, 4114, 0, 0, 0
342000, 4177, 0, 0, 0
343000, 4110, 0, 0, 0
344000, 4184, 0, 0, 0
345003, 3720, 0, 0, 0
346000, 3906, 0, 0, 0
347000, 3672, 0, 0, 0
348000, 3609, 0, 0, 0
349000, 3438, 0, 0, 0
350000, 3326, 0, 0, 0
351001, 3660, 0, 0, 0
352000, 3552, 0, 0, 0
353002, 3637, 0, 0, 0
354000, 4045, 0, 0, 0
355000, 3926, 0, 0, 0
356000, 4167, 0, 0, 0
357000, 3795, 0, 0, 0
358000, 3632, 0, 0, 0
359000, 3979, 0, 0, 0
360000, 4015, 0, 0, 0
361000, 4020, 0, 0, 0
362000, 3956, 0, 0, 0
363000, 4360, 0, 0, 0
364000, 4703, 0, 0, 0
365003, 4662, 0, 0, 0
366000, 4043, 0, 0, 0
367000, 4453, 0, 0, 0
368004, 3037, 0, 0, 0
369000, 3609, 0, 0, 0
370001, 4343, 0, 0, 0
371002, 4060, 0, 0, 0
372000, 4393, 0, 0, 0
373000, 4011, 0, 0, 0
374000, 4303, 0, 0, 0
375000, 4516, 0, 0, 0
376000, 4548, 0, 0, 0
377001, 4328, 0, 0, 0
378000, 4452, 0, 0, 0
379000, 4329, 0, 0, 0
380000, 4503, 0, 0, 0
381000, 4288, 0, 0, 0
382002, 4037, 0, 0, 0
383000, 4284, 0, 0, 0
384000, 4220, 0, 0, 0
385000, 4500, 0, 0, 0
386001, 4770, 0, 0, 0
387000, 4974, 0, 0, 0
388000, 4511, 0, 0, 0
389000, 4201, 0, 0, 0
390000, 4254, 0, 0, 0
391000, 3785, 0, 0, 0
392000, 3900, 0, 0, 0
393001, 3804, 0, 0, 0
394000, 4004, 0, 0, 0
395000, 4023, 0, 0, 0
396000, 4129, 0, 0, 0
397000, 4041, 0, 0, 0
398000, 4666, 0, 0, 0
399000, 4159, 0, 0, 0
400000, 3970, 0, 0, 0
401000, 4150, 0, 0, 0
402000, 3807, 0, 0, 0
403000, 4069, 0, 0, 0
404003, 3773, 0, 0, 0
405000, 3761, 0, 0, 0
406003, 4006, 0, 0, 0
407000, 3773, 0, 0, 0
408000, 3888, 0, 0, 0
409000, 3887, 0, 0, 0
410004, 3889, 0, 0, 0
411001, 4101, 0, 0, 0
412001, 3991, 0, 0, 0
413000, 3805, 0, 0, 0
414000, 4079, 0, 0, 0
415001, 3813, 0, 0, 0
416000, 3700, 0, 0, 0
417002, 3951, 0, 0, 0
418000, 3982, 0, 0, 0
419000, 3852, 0, 0, 0
420000, 3927, 0, 0, 0
421000, 3748, 0, 0, 0
422000, 4102, 0, 0, 0
423000, 4001, 0, 0, 0
424000, 4343, 0, 0, 0
425000, 3914, 0, 0, 0
426000, 4242, 0, 0, 0
427000, 3832, 0, 0, 0
428002, 3595, 0, 0, 0
429000, 3944, 0, 0, 0
430000, 3984, 0, 0, 0
431000, 3888, 0, 0, 0
432000, 3931, 0, 0, 0
433003, 4133, 0, 0, 0
434000, 4342, 0, 0, 0
435000, 3855, 0, 0, 0
436000, 4085, 0, 0, 0
437000, 4162, 0, 0, 0
438000, 3927, 0, 0, 0
439000, 3781, 0, 0, 0
440001, 3726, 0, 0, 0
441000, 3726, 0, 0, 0
442000, 3953, 0, 0, 0
443021, 3943, 0, 0, 0
444000, 3684, 0, 0, 0
445000, 3744, 0, 0, 0
446000, 3596, 0, 0, 0
447000, 4341, 0, 0, 0
448000, 4544, 0, 0, 0
449000, 4508, 0, 0, 0
450000, 3410, 0, 0, 0
451000, 2725, 0, 0, 0
452000, 3376, 0, 0, 0
453006, 3585, 0, 0, 0
454000, 3423, 0, 0, 0
455007, 3034, 0, 0, 0
456023, 3313, 0, 0, 0
457000, 4242, 0, 0, 0
458000, 4326, 0, 0, 0
459000, 3937, 0, 0, 0
460000, 3569, 0, 0, 0
461000, 3451, 0, 0, 0
462001, 3724, 0, 0, 0
463000, 3942, 0, 0, 0
464000, 3935, 0, 0, 0
465000, 3960, 0, 0, 0
466000, 4028, 0, 0, 0
467000, 3836, 0, 0, 0
468001, 3503, 0, 0, 0
469000, 4096, 0, 0, 0
470000, 3838, 0, 0, 0
471003, 3948, 0, 0, 0
472000, 3628, 0, 0, 0
473000, 3670, 0, 0, 0
474000, 3865, 0, 0, 0
475000, 4004, 0, 0, 0
476004, 4223, 0, 0, 0
477000, 3907, 0, 0, 0
478004, 3990, 0, 0, 0
479001, 3876, 0, 0, 0
480000, 3559, 0, 0, 0
