1001, 985237, 1, 0, 0
2011, 1036321, 1, 0, 0
3000, 1003755, 1, 0, 0
4000, 1004835, 1, 0, 0
5000, 1052414, 1, 0, 0
6000, 974941, 1, 0, 0
7003, 987852, 1, 0, 0
8000, 1012207, 1, 0, 0
9011, 980463, 1, 0, 0
10000, 1110392, 1, 0, 0
11007, 1246584, 1, 0, 0
12003, 1228914, 1, 0, 0
13000, 1791874, 1, 0, 0
14005, 1712635, 1, 0, 0
15000, 1434178, 1, 0, 0
16000, 1177853, 1, 0, 0
17000, 1297535, 1, 0, 0
18000, 1330589, 1, 0, 0
19010, 1342231, 1, 0, 0
20000, 1324531, 1, 0, 0
21002, 1212905, 1, 0, 0
22012, 1357751, 1, 0, 0
23000, 1983803, 1, 0, 0
24000, 1815373, 1, 0, 0
25004, 1886477, 1, 0, 0
26000, 1968295, 1, 0, 0
27000, 1557068, 1, 0, 0
28011, 1031257, 1, 0, 0
29000, 1020200, 1, 0, 0
30000, 975520, 1, 0, 0
31015, 946639, 1, 0, 0
32015, 971174, 1, 0, 0
33007, 968605, 1, 0, 0
34000, 983695, 1, 0, 0
35007, 1006293, 1, 0, 0
36011, 958362, 1, 0, 0
37000, 953278, 1, 0, 0
38000, 935004, 1, 0, 0
39000, 965425, 1, 0, 0
40007, 951580, 1, 0, 0
41000, 1009459, 1, 0, 0
42000, 982038, 1, 0, 0
43000, 976545, 1, 0, 0
44007, 1002757, 1, 0, 0
45000, 1005972, 1, 0, 0
46000, 996293, 1, 0, 0
47000, 1132930, 1, 0, 0
48000, 1127146, 1, 0, 0
49000, 1128509, 1, 0, 0
50000, 1103754, 1, 0, 0
51000, 1083860, 1, 0, 0
52000, 1917346, 1, 0, 0
53000, 1856000, 1, 0, 0
54000, 1802698, 1, 0, 0
55002, 2150996, 1, 0, 0
56000, 2051116, 1, 0, 0
57000, 984002, 1, 0, 0
58000, 1086624, 1, 0, 0
59000, 1072606, 1, 0, 0
60000, 1153221, 1, 0, 0
61019, 1136197, 1, 0, 0
62001, 1691720, 1, 0, 0
63000, 1963791, 1, 0, 0
64000, 1151264, 1, 0, 0
65000, 1289663, 1, 0, 0
66000, 1334302, 1, 0, 0
67000, 1321235, 1, 0, 0
68000, 1305250, 1, 0, 0
69002, 1258377, 1, 0, 0
70000, 1229501, 1, 0, 0
71000, 1204119, 1, 0, 0
72007, 959872, 1, 0, 0
73000, 982995, 1, 0, 0
74000, 960918, 1, 0, 0
75015, 963235, 1, 0, 0
76000, 989156, 1, 0, 0
77000, 995467, 1, 0, 0
78000, 984369, 1, 0, 0
79000, 998002, 1, 0, 0
80000, 985777, 1, 0, 0
81011, 981940, 1, 0, 0
82000, 990965, 1, 0, 0
83000, 985882, 1, 0, 0
84000, 1036399, 1, 0, 0
85007, 1046746, 1, 0, 0
86001, 1133363, 1, 0, 0
87000, 1102768, 1, 0, 0
88000, 1112360, 1, 0, 0
89000, 1084890, 1, 0, 0
90000, 1164666, 1, 0, 0
91015, 1006014, 1, 0, 0
92000, 996712, 1, 0, 0
93000, 994726, 1, 0, 0
94000, 977110, 1, 0, 0
95000, 980992, 1, 0, 0
96000, 1017874, 1, 0, 0
97011, 961316, 1, 0, 0
98000, 962591, 1, 0, 0
99000, 1051018, 1, 0, 0
100007, 965329, 1, 0, 0
101000, 979321, 1, 0, 0
102007, 992462, 1, 0, 0
103003, 1007402, 1, 0, 0
104000, 972081, 1, 0, 0
105003, 1027339, 1, 0, 0
106000, 984363, 1, 0, 0
107000, 992468, 1, 0, 0
108007, 993018, 1, 0, 0
109000, 1095119, 1, 0, 0
110001, 1916220, 1, 0, 0
111000, 1924177, 1, 0, 0
112000, 1831407, 1, 0, 0
113006, 1930520, 1, 0, 0
114000, 1849287, 1, 0, 0
115000, 1847445, 1, 0, 0
116000, 1949974, 1, 0, 0
117008, 1942562, 1, 0, 0
118000, 1981338, 1, 0, 0
119000, 1247428, 1, 0, 0
120013, 1066121, 1, 0, 0
121000, 1048997, 1, 0, 0
122000, 1036925, 1, 0, 0
123014, 1032308, 1, 0, 0
124000, 1045634, 1, 0, 0
125000, 1036657, 1, 0, 0
126000, 1160859, 1, 0, 0
127000, 1129895, 1, 0, 0
128000, 1120072, 1, 0, 0
129014, 1071041, 1, 0, 0
130000, 1056563, 1, 0, 0
131003, 1060402, 1, 0, 0
132000, 1062182, 1, 0, 0
133000, 1060035, 1, 0, 0
134004, 1016306, 1, 0, 0
135000, 1055768, 1, 0, 0
136000, 1096994, 1, 0, 0
137011, 1232767, 1, 0, 0
138000, 1232510, 1, 0, 0
139003, 1316488, 1, 0, 0
140003, 2004741, 1, 0, 0
141000, 1917213, 1, 0, 0
142000, 1866667, 1, 0, 0
143002, 1621907, 1, 0, 0
144000, 1563074, 1, 0, 0
145006, 1301298, 1, 0, 0
146001, 1432873, 1, 0, 0
147009, 1417501, 1, 0, 0
148007, 1355774, 1, 0, 0
149002, 1071889, 1, 0, 0
150006, 972108, 1, 0, 0
151000, 993408, 1, 0, 0
152014, 954177, 1, 0, 0
153006, 972066, 1, 0, 0
154000, 999436, 1, 0, 0
155000, 1007729, 1, 0, 0
156000, 1062884, 1, 0, 0
157000, 1022228, 1, 0, 0
158000, 979773, 1, 0, 0
159000, 982378, 1, 0, 0
160000, 969067, 1, 0, 0
161000, 1035576, 1, 0, 0
162000, 1045920, 1, 0, 0
163000, 1021688, 1, 0, 0
164002, 1045479, 1, 0, 0
165005, 1082388, 1, 0, 0
166002, 1060757, 1, 0, 0
167000, 1045846, 1, 0, 0
168000, 1101446, 1, 0, 0
169000, 1089035, 1, 0, 0
170000, 1063223, 1, 0, 0
171000, 1034797, 1, 0, 0
172000, 1047146, 1, 0, 0
173004, 1439634, 1, 0, 0
174000, 1441202, 1, 0, 0
175012, 1380057, 1, 0, 0
176000, 2287972, 1, 0, 0
177000, 1991668, 1, 0, 0
178000, 1104392, 1, 0, 0
179000, 1062020, 1, 0, 0
180000, 1056800, 1, 0, 0
181000, 1058417, 1, 0, 0
182000, 1103720, 1, 0, 0
183000, 1414144, 1, 0, 0
184000, 1636884, 1, 0, 0
185001, 1581863, 1, 0, 0
186006, 1651232, 1, 0, 0
187005, 1657868, 1, 0, 0
188000, 1591379, 1, 0, 0
189000, 1866580, 1, 0, 0
190001, 2026485, 1, 0, 0
191002, 1663747, 1, 0, 0
192000, 1041321, 1, 0, 0
193000, 1067098, 1, 0, 0
194000, 963589, 1, 0, 0
195000, 983197, 1, 0, 0
196000, 974882, 1, 0, 0
197000, 974137, 1, 0, 0
198000, 980091, 1, 0, 0
199002, 1001320, 1, 0, 0
200006, 989324, 1, 0, 0
201010, 1002125, 1, 0, 0
202010, 971809, 1, 0, 0
203000, 974938, 1, 0, 0
204000, 974993, 1, 0, 0
205000, 1013322, 1, 0, 0
206000, 1654108, 1, 0, 0
207001, 1987557, 1, 0, 0
208009, 1908796, 1, 0, 0
209005, 1996238, 1, 0, 0
210001, 2062140, 1, 0, 0
211000, 1233659, 1, 0, 0
212013, 1069368, 1, 0, 0
213000, 984760, 1, 0, 0
214006, 1003897, 1, 0, 0
215006, 969051, 1, 0, 0
216000, 966693, 1, 0, 0
217006, 963717, 1, 0, 0
218000, 991072, 1, 0, 0
219014, 946532, 1, 0, 0
220000, 1120114, 1, 0, 0
221000, 1275817, 1, 0, 0
222000, 1274804, 1, 0, 0
223007, 1141417, 1, 0, 0
224005, 1350445, 1, 0, 0
225000, 1620136, 1, 0, 0
226004, 1527334, 1, 0, 0
227000, 1590420, 1, 0, 0
228000, 1760577, 1, 0, 0
229002, 2042166, 1, 0, 0
230001, 1721445, 1, 0, 0
231003, 1393641, 1, 0, 0
232000, 1376698, 1, 0, 0
233000, 1405557, 1, 0, 0
234003, 1175468, 1, 0, 0
235000, 1181167, 1, 0, 0
236001, 1115822, 1, 0, 0
237000, 1073212, 1, 0, 0
238000, 982279, 1, 0, 0
239000, 1038703, 1, 0, 0
240001, 994844, 1, 0, 0
241014, 1012860, 1, 0, 0
242010, 999365, 1, 0, 0
243001, 1055053, 1, 0, 0
244000, 1016207, 1, 0, 0
245000, 976159, 1, 0, 0
246000, 986525, 1, 0, 0
247004, 1002026, 1, 0, 0
248000, 1042361, 1, 0, 0
249000, 1004844, 1, 0, 0
250011, 1288353, 1, 0, 0
251007, 1151380, 1, 0, 0
252000, 1290223, 1, 0, 0
253008, 2059008, 1, 0, 0
254000, 1952452, 1, 0, 0
255019, 1347058, 1, 0, 0
256000, 1169168, 1, 0, 0
257001, 1202301, 1, 0, 0
258000, 1154785, 1, 0, 0
259000, 1010574, 1, 0, 0
260008, 990430, 1, 0, 0
261005, 1003185, 1, 0, 0
262001, 1002348, 1, 0, 0
263000, 1000025, 1, 0, 0
264000, 1037447, 1, 0, 0
265000, 1137922, 1, 0, 0
266000, 1151706, 1, 0, 0
267000, 1007049, 1, 0, 0
268000, 1004608, 1, 0, 0
269000, 1004123, 1, 0, 0
270006, 979143, 1, 0, 0
271000, 1077667, 1, 0, 0
272000, 1052596, 1, 0, 0
273000, 1026559, 1, 0, 0
274000, 1049542, 1, 0, 0
275000, 1035915, 1, 0, 0
276000, 1024962, 1, 0, 0
277000, 1000169, 1, 0, 0
278000, 954744, 1, 0, 0
279014, 960773, 1, 0, 0
280000, 984258, 1, 0, 0
281014, 962821, 1, 0, 0
282006, 971848, 1, 0, 0
283014, 1003877, 1, 0, 0
284000, 1008471, 1, 0, 0
285000, 980364, 1, 0, 0
286001, 989763, 1, 0, 0
287000, 990406, 1, 0, 0
288000, 976787, 1, 0, 0
289024, 991947, 1, 0, 0
290000, 1025074, 1, 0, 0
291000, 972469, 1, 0, 0
292000, 1039474, 1, 0, 0
293000, 1040717, 1, 0, 0
294000, 1070259, 1, 0, 0
295006, 977132, 1, 0, 0
296000, 1133336, 1, 0, 0
297000, 1062910, 1, 0, 0
298000, 1100877, 1, 0, 0
299000, 1099895, 1, 0, 0
300000, 1066862, 1, 0, 0
301000, 1065319, 1, 0, 0
302022, 1001609, 1, 0, 0
303000, 1010832, 1, 0, 0
304006, 945519, 1, 0, 0
305000, 982416, 1, 0, 0
306000, 960240, 1, 0, 0
307014, 961610, 1, 0, 0
308006, 968385, 1, 0, 0
309000, 1095780, 1, 0, 0
310004, 1019590, 1, 0, 0
311000, 1005418, 1, 0, 0
312002, 957061, 1, 0, 0
313000, 991835, 1, 0, 0
314000, 1036039, 1, 0, 0
315000, 1114963, 1, 0, 0
316000, 1052713, 1, 0, 0
317009, 1227867, 1, 0, 0
318012, 1459351, 1, 0, 0
319000, 1407375, 1, 0, 0
320000, 1081927, 1, 0, 0
321000, 1066257, 1, 0, 0
322000, 1129124, 1, 0, 0
323000, 1059124, 1, 0, 0
324000, 1031452, 1, 0, 0
325000, 1066054, 1, 0, 0
326000, 1057389, 1, 0, 0
327000, 1028918, 1, 0, 0
328003, 1021180, 1, 0, 0
329000, 1203213, 1, 0, 0
330001, 1053035, 1, 0, 0
331000, 1018420, 1, 0, 0
332000, 1027338, 1, 0, 0
333007, 1246486, 1, 0, 0
334002, 1256791, 1, 0, 0
335002, 1173134, 1, 0, 0
336000, 1731406, 1, 0, 0
337000, 1786640, 1, 0, 0
338000, 1810147, 1, 0, 0
339000, 1774895, 1, 0, 0
340001, 1869392, 1, 0, 0
341003, 1779340, 1, 0, 0
342008, 1717215, 1, 0, 0
343009, 2086579, 1, 0, 0
344001, 2051147, 1, 0, 0
345000, 1240348, 1, 0, 0
346010, 1003195, 1, 0, 0
347013, 974404, 1, 0, 0
348009, 974386, 1, 0, 0
349000, 994834, 1, 0, 0
350015, 968248, 1, 0, 0
351000, 987229, 1, 0, 0
352006, 1036773, 1, 0, 0
353000, 1119224, 1, 0, 0
354014, 1024114, 1, 0, 0
355000, 1010207, 1, 0, 0
356002, 997541, 1, 0, 0
357000, 1011664, 1, 0, 0
358000, 1041038, 1, 0, 0
359000, 1584411, 1, 0, 0
360008, 1728765, 1, 0, 0
361000, 1836636, 1, 0, 0
362005, 1741819, 1, 0, 0
363000, 1735621, 1, 0, 0
364000, 1745122, 1, 0, 0
365000, 1693668, 1, 0, 0
366000, 1686186, 1, 0, 0
367000, 1779344, 1, 0, 0
368007, 1748072, 1, 0, 0
369010, 1803320, 1, 0, 0
370000, 1968905, 1, 0, 0
371000, 1556641, 1, 0, 0
372000, 1568940, 1, 0, 0
373001, 1593233, 1, 0, 0
374000, 1759725, 1, 0, 0
375003, 1635379, 1, 0, 0
376003, 1633685, 1, 0, 0
377000, 1711928, 1, 0, 0
378005, 1794782, 1, 0, 0
379001, 1772400, 1, 0, 0
380000, 2217222, 1, 0, 0
381008, 1987504, 1, 0, 0
382000, 1933059, 1, 0, 0
383000, 2045666, 1, 0, 0
384000, 2003727, 1, 0, 0
385005, 1838809, 1, 0, 0
386001, 1920048, 1, 0, 0
387000, 1868330, 1, 0, 0
388001, 1844676, 1, 0, 0
389005, 2008315, 1, 0, 0
390004, 1523959, 1, 0, 0
391003, 1421827, 1, 0, 0
392000, 1731089, 1, 0, 0
393008, 1522253, 1, 0, 0
394000, 1479054, 1, 0, 0
395000, 1589994, 1, 0, 0
396009, 1525565, 1, 0, 0
397000, 1407701, 1, 0, 0
398006, 1467693, 1, 0, 0
399011, 1508468, 1, 0, 0
400007, 1620764, 1, 0, 0
401003, 1923282, 1, 0, 0
402005, 1688325, 1, 0, 0
403004, 1679261, 1, 0, 0
404003, 1687576, 1, 0, 0
405000, 1846951, 1, 0, 0
406000, 1782918, 1, 0, 0
407001, 1628671, 1, 0, 0
408000, 1719263, 1, 0, 0
409000, 1675931, 1, 0, 0
410019, 1648974, 1, 0, 0
411003, 1890848, 1, 0, 0
412003, 2065116, 1, 0, 0
413000, 1806792, 1, 0, 0
414000, 1908860, 1, 0, 0
415000, 1821074, 1, 0, 0
416000, 1820015, 1, 0, 0
417000, 1927284, 1, 0, 0
418000, 1769577, 1, 0, 0
419006, 1773553, 1, 0, 0
420000, 1916514, 1, 0, 0
421001, 1845691, 1, 0, 0
422001, 1814484, 1, 0, 0
423011, 2057896, 1, 0, 0
424003, 2137260, 1, 0, 0
425005, 1850862, 1, 0, 0
426001, 1981099, 1, 0, 0
427002, 2019842, 1, 0, 0
428002, 1707715, 1, 0, 0
429003, 1682056, 1, 0, 0
430000, 1667964, 1, 0, 0
431000, 1607297, 1, 0, 0
432000, 1722337, 1, 0, 0
433002, 1680082, 1, 0, 0
434000, 1701027, 1, 0, 0
435006, 1987472, 1, 0, 0
436000, 2005743, 1, 0, 0
437000, 1896608, 1, 0, 0
438000, 1983286, 1, 0, 0
439000, 1968565, 1, 0, 0
440005, 1822064, 1, 0, 0
441000, 1989284, 1, 0, 0
442000, 1923715, 1, 0, 0
443000, 1890570, 1, 0, 0
444002, 1977974, 1, 0, 0
445000, 1861819, 1, 0, 0
446003, 1897366, 1, 0, 0
447006, 2165387, 1, 0, 0
448000, 1937911, 1, 0, 0
449000, 1800434, 1, 0, 0
450000, 1923608, 1, 0, 0
451004, 1937002, 1, 0, 0
452004, 1844533, 1, 0, 0
453009, 1944563, 1, 0, 0
454000, 1856656, 1, 0, 0
455007, 1720576, 1, 0, 0
456000, 1834015, 1, 0, 0
457007, 1868576, 1, 0, 0
458011, 2077726, 1, 0, 0
459000, 1892776, 1, 0, 0
460007, 1861270, 1, 0, 0
461008, 1809642, 1, 0, 0
462004, 1897474, 1, 0, 0
463000, 1889107, 1, 0, 0
464004, 1870603, 1, 0, 0
465008, 1921228, 1, 0, 0
466003, 1937357, 1, 0, 0
467003, 1885251, 1, 0, 0
468000, 1975086, 1, 0, 0
469000, 1929702, 1, 0, 0
470001, 2162793, 1, 0, 0
471011, 1972071, 1, 0, 0
472000, 1959512, 1, 0, 0
473007, 1910001, 1, 0, 0
474000, 2018372, 1, 0, 0
475006, 2005682, 1, 0, 0
476006, 1758492, 1, 0, 0
477009, 1791671, 1, 0, 0
478003, 2496426, 1, 0, 0
479007, 2566593, 1, 0, 0
480007, 2504683, 1, 0, 0
480007, 14851404, 1, 0, 0
