1000, 951318, 1, 0, 0
2000, 980119, 1, 0, 0
3000, 989127, 1, 0, 0
4002, 986743, 1, 0, 0
5011, 974288, 1, 0, 0
6007, 971248, 1, 0, 0
7000, 953541, 1, 0, 0
8011, 968719, 1, 0, 0
9000, 977928, 1, 0, 0
10000, 1025366, 1, 0, 0
11000, 1081126, 1, 0, 0
12000, 1012967, 1, 0, 0
13000, 1011632, 1, 0, 0
14000, 1005702, 1, 0, 0
15000, 1038730, 1, 0, 0
16000, 1193210, 1, 0, 0
17000, 1782945, 1, 0, 0
18000, 1740305, 1, 0, 0
19000, 1755211, 1, 0, 0
20000, 1771838, 1, 0, 0
21000, 1568435, 1, 0, 0
22000, 1542001, 1, 0, 0
23000, 1638087, 1, 0, 0
24006, 1745404, 1, 0, 0
25000, 1838069, 1, 0, 0
26000, 1966374, 1, 0, 0
27000, 2235927, 1, 0, 0
28006, 2028237, 1, 0, 0
29008, 1941095, 1, 0, 0
30007, 2047538, 1, 0, 0
31000, 2071834, 1, 0, 0
32006, 1977206, 1, 0, 0
33000, 1242594, 1, 0, 0
34000, 1145910, 1, 0, 0
35000, 1142646, 1, 0, 0
36000, 1214170, 1, 0, 0
37000, 1541245, 1, 0, 0
38000, 1855220, 1, 0, 0
39012, 1813554, 1, 0, 0
40003, 1978889, 1, 0, 0
41000, 2060393, 1, 0, 0
42005, 1533439, 1, 0, 0
43020, 1312137, 1, 0, 0
44001, 1420994, 1, 0, 0
45007, 1362381, 1, 0, 0
46005, 1457357, 1, 0, 0
47000, 1525835, 1, 0, 0
48007, 1482467, 1, 0, 0
49000, 1483025, 1, 0, 0
50007, 1501863, 1, 0, 0
51000, 1670120, 1, 0, 0
52001, 1963215, 1, 0, 0
53000, 1998620, 1, 0, 0
54005, 1449402, 1, 0, 0
55009, 1421473, 1, 0, 0
56000, 1332513, 1, 0, 0
57008, 1040175, 1, 0, 0
58006, 1032804, 1, 0, 0
59000, 1067598, 1, 0, 0
60000, 1039162, 1, 0, 0
61000, 1072958, 1, 0, 0
62000, 1052548, 1, 0, 0
63000, 1414102, 1, 0, 0
64000, 1343027, 1, 0, 0
65000, 1352823, 1, 0, 0
66000, 1278317, 1, 0, 0
67000, 1690097, 1, 0, 0
68003, 1744274, 1, 0, 0
69000, 1763658, 1, 0, 0
70000, 1759767, 1, 0, 0
71000, 1708091, 1, 0, 0
72000, 1798955, 1, 0, 0
73003, 1331347, 1, 0, 0
74003, 1344105, 1, 0, 0
75000, 1355384, 1, 0, 0
76000, 1332678, 1, 0, 0
77007, 1339726, 1, 0, 0
78000, 1358333, 1, 0, 0
79011, 1328522, 1, 0, 0
80000, 1344013, 1, 0, 0
81000, 1356872, 1, 0, 0
82000, 1253525, 1, 0, 0
83007, 1201770, 1, 0, 0
84000, 1128632, 1, 0, 0
85000, 1739971, 1, 0, 0
86000, 1731207, 1, 0, 0
87000, 1752214, 1, 0, 0
88000, 1712937, 1, 0, 0
89000, 1766201, 1, 0, 0
90000, 1988208, 1, 0, 0
91000, 2079588, 1, 0, 0
92007, 2170165, 1, 0, 0
93000, 2140216, 1, 0, 0
94002, 2092054, 1, 0, 0
95008, 2075081, 1, 0, 0
96008, 1952901, 1, 0, 0
97008, 1893435, 1, 0, 0
98012, 991437, 1, 0, 0
99004, 961494, 1, 0, 0
100000, 992963, 1, 0, 0
101004, 948970, 1, 0, 0
102000, 967437, 1, 0, 0
103000, 948358, 1, 0, 0
104012, 955064, 1, 0, 0
105000, 957596, 1, 0, 0
106000, 1010096, 1, 0, 0
107000, 1048295, 1, 0, 0
108000, 1047525, 1, 0, 0
109000, 1076307, 1, 0, 0
110000, 1064647, 1, 0, 0
111016, 1070172, 1, 0, 0
112000, 1083267, 1, 0, 0
113009, 1279713, 1, 0, 0
114010, 1230074, 1, 0, 0
115000, 1480747, 1, 0, 0
116000, 1172150, 1, 0, 0
117002, 1136643, 1, 0, 0
118000, 1019484, 1, 0, 0
119004, 952424, 1, 0, 0
120000, 983487, 1, 0, 0
121000, 960455, 1, 0, 0
122012, 958749, 1, 0, 0
123004, 963246, 1, 0, 0
124000, 974160, 1, 0, 0
125000, 951985, 1, 0, 0
126000, 1008777, 1, 0, 0
127012, 988892, 1, 0, 0
128000, 961085, 1, 0, 0
129000, 965221, 1, 0, 0
130004, 974247, 1, 0, 0
131000, 983230, 1, 0, 0
132003, 1171250, 1, 0, 0
133000, 1518493, 1, 0, 0
134000, 1689297, 1, 0, 0
135000, 1676809, 1, 0, 0
136001, 2277955, 1, 0, 0
137008, 2308652, 1, 0, 0
138000, 2481373, 1, 0, 0
139003, 1461169, 1, 0, 0
140000, 1185816, 1, 0, 0
141002, 1062585, 1, 0, 0
142003, 1228261, 1, 0, 0
143003, 1725215, 1, 0, 0
144000, 1987648, 1, 0, 0
145011, 2121147, 1, 0, 0
146000, 2100294, 1, 0, 0
147010, 2014379, 1, 0, 0
148001, 1276602, 1, 0, 0
149000, 1223322, 1, 0, 0
150000, 1753572, 1, 0, 0
151000, 1755455, 1, 0, 0
152000, 1703092, 1, 0, 0
153005, 1568916, 1, 0, 0
154000, 1589582, 1, 0, 0
155009, 1549140, 1, 0, 0
156000, 1597373, 1, 0, 0
157005, 1364278, 1, 0, 0
158010, 1285208, 1, 0, 0
159004, 1171603, 1, 0, 0
160000, 974382, 1, 0, 0
161000, 977991, 1, 0, 0
162012, 959819, 1, 0, 0
163004, 963650, 1, 0, 0
164000, 974167, 1, 0, 0
165004, 959093, 1, 0, 0
166012, 955656, 1, 0, 0
167001, 1353398, 1, 0, 0
168009, 1327915, 1, 0, 0
169000, 1266725, 1, 0, 0
170000, 1010329, 1, 0, 0
171000, 1013643, 1, 0, 0
172000, 986779, 1, 0, 0
173000, 997811, 1, 0, 0
174000, 1167730, 1, 0, 0
175004, 1191816, 1, 0, 0
176013, 1850643, 1, 0, 0
177000, 1983050, 1, 0, 0
178018, 1934289, 1, 0, 0
179012, 2070601, 1, 0, 0
180008, 1986246, 1, 0, 0
181005, 1323726, 1, 0, 0
182016, 1210157, 1, 0, 0
183000, 1106995, 1, 0, 0
184005, 1160221, 1, 0, 0
185008, 1474194, 1, 0, 0
186000, 1508360, 1, 0, 0
187000, 1678727, 1, 0, 0
188014, 1869712, 1, 0, 0
189013, 1910048, 1, 0, 0
190001, 1931969, 1, 0, 0
191006, 1881801, 1, 0, 0
192000, 1048431, 1, 0, 0
193004, 955549, 1, 0, 0
194000, 972980, 1, 0, 0
195000, 953434, 1, 0, 0
196000, 964943, 1, 0, 0
197004, 959240, 1, 0, 0
198003, 996946, 1, 0, 0
199000, 1048726, 1, 0, 0
200003, 1007176, 1, 0, 0
201008, 1002282, 1, 0, 0
202000, 982043, 1, 0, 0
203000, 986161, 1, 0, 0
204000, 988528, 1, 0, 0
205000, 998009, 1, 0, 0
206012, 976053, 1, 0, 0
207004, 975611, 1, 0, 0
208000, 967922, 1, 0, 0
209000, 980510, 1, 0, 0
210000, 1027099, 1, 0, 0
211000, 1029585, 1, 0, 0
212000, 994407, 1, 0, 0
213005, 984692, 1, 0, 0
214000, 1177018, 1, 0, 0
215000, 1218799, 1, 0, 0
216010, 1187599, 1, 0, 0
217005, 1198509, 1, 0, 0
218006, 1918290, 1, 0, 0
219011, 1551658, 1, 0, 0
220000, 1205906, 1, 0, 0
221000, 1226019, 1, 0, 0
222000, 1258046, 1, 0, 0
223000, 1186278, 1, 0, 0
224000, 1025063, 1, 0, 0
225000, 1294658, 1, 0, 0
226000, 1654171, 1, 0, 0
227006, 1424532, 1, 0, 0
228000, 1810646, 1, 0, 0
229011, 2075650, 1, 0, 0
230010, 1967891, 1, 0, 0
231006, 1628444, 1, 0, 0
232012, 1603104, 1, 0, 0
233000, 1619969, 1, 0, 0
234000, 1607607, 1, 0, 0
235003, 1787054, 1, 0, 0
236004, 2015967, 1, 0, 0
237004, 2245657, 1, 0, 0
238000, 2015095, 1, 0, 0
239010, 1979558, 1, 0, 0
240000, 1839325, 1, 0, 0
241000, 1771631, 1, 0, 0
242006, 1769341, 1, 0, 0
243000, 1720497, 1, 0, 0
244006, 1814817, 1, 0, 0
245007, 1812172, 1, 0, 0
246001, 1885851, 1, 0, 0
247000, 1891411, 1, 0, 0
248003, 1814297, 1, 0, 0
249004, 1629605, 1, 0, 0
250001, 1596073, 1, 0, 0
251000, 1928638, 1, 0, 0
252000, 1955886, 1, 0, 0
253008, 1961674, 1, 0, 0
254013, 2119824, 1, 0, 0
255010, 1905206, 1, 0, 0
256010, 1346199, 1, 0, 0
257004, 1137089, 1, 0, 0
258012, 989448, 1, 0, 0
259004, 963136, 1, 0, 0
260000, 975228, 1, 0, 0
261004, 948251, 1, 0, 0
262012, 963246, 1, 0, 0
263004, 962788, 1, 0, 0
264000, 1083665, 1, 0, 0
265009, 1133417, 1, 0, 0
266001, 1134437, 1, 0, 0
267004, 1066788, 1, 0, 0
268000, 1207415, 1, 0, 0
269008, 1357996, 1, 0, 0
270010, 1493959, 1, 0, 0
271000, 1582826, 1, 0, 0
272004, 2184577, 1, 0, 0
273000, 2105578, 1, 0, 0
274000, 2033391, 1, 0, 0
275000, 2186735, 1, 0, 0
276011, 2136051, 1, 0, 0
277006, 2021517, 1, 0, 0
278004, 2185721, 1, 0, 0
279000, 2185859, 1, 0, 0
280003, 2066685, 1, 0, 0
281003, 2173299, 1, 0, 0
282000, 2146047, 1, 0, 0
283000, 2094181, 1, 0, 0
284000, 2108273, 1, 0, 0
285000, 1292878, 1, 0, 0
286012, 957358, 1, 0, 0
287004, 959256, 1, 0, 0
288000, 977120, 1, 0, 0
289008, 956036, 1, 0, 0
290012, 959388, 1, 0, 0
291010, 1083983, 1, 0, 0
292000, 1394883, 1, 0, 0
293009, 1308222, 1, 0, 0
294000, 1262251, 1, 0, 0
295005, 1268098, 1, 0, 0
296001, 1436671, 1, 0, 0
297000, 1503564, 1, 0, 0
298000, 1783857, 1, 0, 0
299004, 1857548, 1, 0, 0
300012, 1983519, 1, 0, 0
301000, 1014804, 1, 0, 0
302012, 951441, 1, 0, 0
303004, 962010, 1, 0, 0
304000, 975183, 1, 0, 0
305000, 947750, 1, 0, 0
306012, 960869, 1, 0, 0
307000, 1042957, 1, 0, 0
308000, 972318, 1, 0, 0
309008, 960964, 1, 0, 0
310000, 973903, 1, 0, 0
311000, 957681, 1, 0, 0
312000, 972965, 1, 0, 0
313000, 1273469, 1, 0, 0
314000, 1609089, 1, 0, 0
315009, 1534397, 1, 0, 0
316013, 2472196, 1, 0, 0
317018, 2851946, 1, 0, 0
318017, 2825183, 1, 0, 0
319000, 2738770, 1, 0, 0
320010, 2687362, 1, 0, 0
321009, 2012896, 1, 0, 0
322010, 1655700, 1, 0, 0
323000, 1641171, 1, 0, 0
324000, 1645181, 1, 0, 0
325006, 2217350, 1, 0, 0
326002, 2164903, 1, 0, 0
327013, 2043258, 1, 0, 0
328000, 1441395, 1, 0, 0
329000, 1132765, 1, 0, 0
330003, 1100525, 1, 0, 0
331019, 1094644, 1, 0, 0
332005, 1152720, 1, 0, 0
333004, 1095819, 1, 0, 0
334000, 969609, 1, 0, 0
335000, 948949, 1, 0, 0
336012, 965698, 1, 0, 0
337000, 965994, 1, 0, 0
338012, 954413, 1, 0, 0
339012, 996509, 1, 0, 0
340008, 940757, 1, 0, 0
341000, 956617, 1, 0, 0
342000, 969920, 1, 0, 0
343000, 997190, 1, 0, 0
344000, 969951, 1, 0, 0
345000, 985958, 1, 0, 0
346004, 945898, 1, 0, 0
347000, 958955, 1, 0, 0
348004, 961498, 1, 0, 0
349008, 947592, 1, 0, 0
350012, 961174, 1, 0, 0
351001, 1025485, 1, 0, 0
352000, 975528, 1, 0, 0
353000, 961188, 1, 0, 0
354000, 981850, 1, 0, 0
355000, 968580, 1, 0, 0
356000, 955069, 1, 0, 0
357001, 1008846, 1, 0, 0
358000, 1037177, 1, 0, 0
359000, 1015172, 1, 0, 0
360000, 999776, 1, 0, 0
361000, 996322, 1, 0, 0
362000, 1118640, 1, 0, 0
363007, 1774533, 1, 0, 0
364004, 1740305, 1, 0, 0
365000, 1499920, 1, 0, 0
366000, 1245095, 1, 0, 0
367000, 1206078, 1, 0, 0
368000, 1168286, 1, 0, 0
369010, 1220658, 1, 0, 0
370000, 1170982, 1, 0, 0
371000, 985605, 1, 0, 0
372000, 1047556, 1, 0, 0
373000, 1068071, 1, 0, 0
374000, 1559988, 1, 0, 0
375000, 1757286, 1, 0, 0
376000, 1759898, 1, 0, 0
377000, 1758020, 1, 0, 0
378000, 1754491, 1, 0, 0
379000, 1752137, 1, 0, 0
380008, 1863960, 1, 0, 0
381012, 1903272, 1, 0, 0
382001, 2092951, 1, 0, 0
383010, 2134812, 1, 0, 0
384006, 2079430, 1, 0, 0
385000, 1938640, 1, 0, 0
386000, 1974805, 1, 0, 0
387003, 1948918, 1, 0, 0
388011, 1952424, 1, 0, 0
389006, 1986449, 1, 0, 0
390000, 2055633, 1, 0, 0
391005, 2053318, 1, 0, 0
392004, 1917847, 1, 0, 0
393004, 962466, 1, 0, 0
394000, 990447, 1, 0, 0
395000, 954796, 1, 0, 0
396000, 966069, 1, 0, 0
397000, 949241, 1, 0, 0
398012, 959768, 1, 0, 0
399004, 962282, 1, 0, 0
400000, 1075255, 1, 0, 0
401000, 988358, 1, 0, 0
402000, 973875, 1, 0, 0
403004, 969884, 1, 0, 0
404000, 990634, 1, 0, 0
405000, 1012981, 1, 0, 0
406000, 1055838, 1, 0, 0
407000, 1021109, 1, 0, 0
408000, 1047241, 1, 0, 0
409000, 1092583, 1, 0, 0
410000, 1403384, 1, 0, 0
411004, 1749695, 1, 0, 0
412000, 1753072, 1, 0, 0
413000, 1761355, 1, 0, 0
414004, 1594133, 1, 0, 0
415000, 1323095, 1, 0, 0
416008, 1081344, 1, 0, 0
417000, 1045604, 1, 0, 0
418000, 1042961, 1, 0, 0
419000, 1142888, 1, 0, 0
420000, 1203916, 1, 0, 0
421000, 1306725, 1, 0, 0
422000, 1148035, 1, 0, 0
423000, 1167449, 1, 0, 0
424011, 1300225, 1, 0, 0
425004, 1965088, 1, 0, 0
426015, 1922908, 1, 0, 0
427006, 1368455, 1, 0, 0
428004, 1114920, 1, 0, 0
429002, 1141415, 1, 0, 0
430000, 1131113, 1, 0, 0
431000, 1039613, 1, 0, 0
432000, 1021653, 1, 0, 0
433000, 1032748, 1, 0, 0
434000, 1111269, 1, 0, 0
435000, 1148888, 1, 0, 0
436005, 1310885, 1, 0, 0
437000, 1632745, 1, 0, 0
438003, 1684539, 1, 0, 0
439007, 1902890, 1, 0, 0
440003, 1967353, 1, 0, 0
441004, 1738060, 1, 0, 0
442000, 1561213, 1, 0, 0
443002, 1527640, 1, 0, 0
444011, 1678801, 1, 0, 0
445011, 1664320, 1, 0, 0
446012, 1961641, 1, 0, 0
447000, 2456348, 1, 0, 0
448000, 2127067, 1, 0, 0
449000, 2088225, 1, 0, 0
450000, 2085843, 1, 0, 0
451010, 2171709, 1, 0, 0
452000, 2116960, 1, 0, 0
453009, 2046704, 1, 0, 0
454007, 2197534, 1, 0, 0
455004, 2137332, 1, 0, 0
456000, 1353458, 1, 0, 0
457004, 961380, 1, 0, 0
458012, 976100, 1, 0, 0
459004, 962240, 1, 0, 0
460000, 967415, 1, 0, 0
461004, 967407, 1, 0, 0
462008, 954387, 1, 0, 0
463004, 961133, 1, 0, 0
464000, 1004134, 1, 0, 0
465000, 985727, 1, 0, 0
466000, 998818, 1, 0, 0
467000, 948612, 1, 0, 0
468000, 969664, 1, 0, 0
469000, 963326, 1, 0, 0
470000, 1159257, 1, 0, 0
471001, 1536050, 1, 0, 0
472012, 2191611, 1, 0, 0
473019, 2305002, 1, 0, 0
474000, 2304104, 1, 0, 0
475013, 2218268, 1, 0, 0
476000, 2273283, 1, 0, 0
477006, 2193131, 1, 0, 0
478004, 1797516, 1, 0, 0
479010, 1645411, 1, 0, 0
480000, 1702215, 1, 0, 0
480000, 253661, 1, 0, 0
