1000, 3900101, 0, 0, 0
2000, 4118638, 0, 0, 0
3000, 3489185, 0, 0, 0
4000, 4069657, 0, 0, 0
5002, 1436293, 0, 0, 0
6000, 1162008, 0, 0, 0
7000, 1144765, 0, 0, 0
8010, 1158404, 0, 0, 0
9006, 1144273, 0, 0, 0
10000, 929004, 0, 0, 0
11000, 916540, 0, 0, 0
12000, 920968, 0, 0, 0
13000, 923159, 0, 0, 0
14000, 925218, 0, 0, 0
15014, 941482, 0, 0, 0
16000, 924132, 0, 0, 0
17000, 929843, 0, 0, 0
18006, 922580, 0, 0, 0
19006, 919293, 0, 0, 0
20010, 927653, 0, 0, 0
21000, 956278, 0, 0, 0
22002, 909205, 0, 0, 0
23000, 937659, 0, 0, 0
24000, 921008, 0, 0, 0
25014, 904408, 0, 0, 0
26000, 927714, 0, 0, 0
27000, 933926, 0, 0, 0
28000, 1220947, 0, 0, 0
29005, 1098224, 0, 0, 0
30007, 1086292, 0, 0, 0
31000, 1498775, 0, 0, 0
32000, 4376536, 0, 0, 0
33000, 4406833, 0, 0, 0
34000, 3649112, 0, 0, 0
35000, 1310999, 0, 0, 0
36000, 896476, 0, 0, 0
37014, 889035, 0, 0, 0
38000, 909982, 0, 0, 0
39000, 917272, 0, 0, 0
40014, 890252, 0, 0, 0
41000, 956049, 0, 0, 0
42000, 1338478, 0, 0, 0
43000, 1236014, 0, 0, 0
44000, 1195741, 0, 0, 0
45000, 1239417, 0, 0, 0
46003, 1112890, 0, 0, 0
47001, 1405742, 0, 0, 0
48000, 1947421, 0, 0, 0
49000, 4169941, 0, 0, 0
50000, 4599986, 0, 0, 0
51000, 3617996, 0, 0, 0
52000, 3713673, 0, 0, 0
53000, 5369586, 0, 0, 0
54000, 5069479, 0, 0, 0
55000, 4108590, 0, 0, 0
56010, 3648182, 0, 0, 0
57010, 1193842, 0, 0, 0
58002, 1185975, 0, 0, 0
59010, 1200815, 0, 0, 0
60010, 1196361, 0, 0, 0
61002, 949102, 0, 0, 0
62010, 963454, 0, 0, 0
63002, 961855, 0, 0, 0
64000, 974678, 0, 0, 0
65000, 963837, 0, 0, 0
66002, 963309, 0, 0, 0
67010, 962962, 0, 0, 0
68002, 956949, 0, 0, 0
69000, 967034, 0, 0, 0
70010, 942685, 0, 0, 0
71006, 953371, 0, 0, 0
72000, 1065725, 0, 0, 0
73000, 3093125, 0, 0, 0
74000, 4226786, 0, 0, 0
75000, 4417385, 0, 0, 0
76000, 4234908, 0, 0, 0
77000, 3911853, 0, 0, 0
78000, 4486444, 0, 0, 0
79000, 4548066, 0, 0, 0
80000, 4071083, 0, 0, 0
81000, 4349582, 0, 0, 0
82000, 1668884, 0, 0, 0
83000, 1195598, 0, 0, 0
84002, 949739, 0, 0, 0
85006, 955426, 0, 0, 0
86010, 951982, 0, 0, 0
87000, 969851, 0, 0, 0
88000, 944999, 0, 0, 0
89014, 957618, 0, 0, 0
90000, 914014, 0, 0, 0
91000, 896317, 0, 0, 0
92014, 899032, 0, 0, 0
93014, 894738, 0, 0, 0
94006, 910748, 0, 0, 0
95004, 986666, 0, 0, 0
96002, 1298609, 0, 0, 0
97000, 1256966, 0, 0, 0
98000, 1126947, 0, 0, 0
99000, 1159909, 0, 0, 0
100001, 1141306, 0, 0, 0
101000, 1129874, 0, 0, 0
102002, 1138760, 0, 0, 0
103014, 921293, 0, 0, 0
104006, 889669, 0, 0, 0
105000, 901918, 0, 0, 0
106000, 881058, 0, 0, 0
107014, 883990, 0, 0, 0
108006, 888240, 0, 0, 0
109000, 927514, 0, 0, 0
110000, 880648, 0, 0, 0
111000, 894042, 0, 0, 0
112000, 883609, 0, 0, 0
113014, 880735, 0, 0, 0
114006, 887965, 0, 0, 0
115000, 927431, 0, 0, 0
116000, 883875, 0, 0, 0
117014, 885301, 0, 0, 0
118002, 884711, 0, 0, 0
119014, 890670, 0, 0, 0
120000, 895811, 0, 0, 0
121000, 1060205, 0, 0, 0
122000, 3860229, 0, 0, 0
123000, 4799059, 0, 0, 0
124000, 4054781, 0, 0, 0
125000, 3935232, 0, 0, 0
126000, 4990152, 0, 0, 0
127000, 3788641, 0, 0, 0
128000, 4913281, 0, 0, 0
129000, 4728199, 0, 0, 0
130000, 4236075, 0, 0, 0
131000, 4527324, 0, 0, 0
132000, 3418309, 0, 0, 0
133000, 3324726, 0, 0, 0
134001, 4227126, 0, 0, 0
135000, 4214919, 0, 0, 0
136000, 4589442, 0, 0, 0
137000, 5036759, 0, 0, 0
138000, 1817416, 0, 0, 0
139000, 1304610, 0, 0, 0
140002, 1287172, 0, 0, 0
141000, 1304367, 0, 0, 0
142002, 1126790, 0, 0, 0
143000, 988392, 0, 0, 0
144010, 1000712, 0, 0, 0
145000, 994659, 0, 0, 0
146002, 978079, 0, 0, 0
147000, 986459, 0, 0, 0
148002, 1016176, 0, 0, 0
149010, 997662, 0, 0, 0
150000, 996328, 0, 0, 0
151010, 984513, 0, 0, 0
152000, 981426, 0, 0, 0
153002, 982736, 0, 0, 0
154000, 1047446, 0, 0, 0
155000, 1003495, 0, 0, 0
156000, 1027180, 0, 0, 0
157000, 1013331, 0, 0, 0
158000, 968763, 0, 0, 0
159000, 971644, 0, 0, 0
160000, 957568, 0, 0, 0
161000, 985047, 0, 0, 0
162002, 994906, 0, 0, 0
163000, 1148997, 0, 0, 0
164000, 1137996, 0, 0, 0
165002, 1086661, 0, 0, 0
166000, 1083425, 0, 0, 0
167000, 1163830, 0, 0, 0
168000, 1830322, 0, 0, 0
169000, 3702120, 0, 0, 0
170000, 3933544, 0, 0, 0
171000, 3623723, 0, 0, 0
172000, 3598125, 0, 0, 0
173010, 1097688, 0, 0, 0
174000, 1082798, 0, 0, 0
175010, 1056801, 0, 0, 0
176006, 1069440, 0, 0, 0
177000, 914411, 0, 0, 0
178002, 908582, 0, 0, 0
179000, 910296, 0, 0, 0
180002, 904373, 0, 0, 0
181010, 904604, 0, 0, 0
182000, 1018348, 0, 0, 0
183000, 1263728, 0, 0, 0
184000, 1907109, 0, 0, 0
185000, 3259190, 0, 0, 0
186000, 1549351, 0, 0, 0
187003, 1065290, 0, 0, 0
188000, 1071286, 0, 0, 0
189006, 1023033, 0, 0, 0
190001, 1150810, 0, 0, 0
191000, 1082232, 0, 0, 0
192000, 1241381, 0, 0, 0
193000, 1187578, 0, 0, 0
194000, 1231518, 0, 0, 0
195000, 1280757, 0, 0, 0
196000, 1202569, 0, 0, 0
197002, 1192312, 0, 0, 0
198000, 1186297, 0, 0, 0
199000, 2410239, 0, 0, 0
200001, 3917317, 0, 0, 0
201000, 4305616, 0, 0, 0
202000, 2445314, 0, 0, 0
203000, 2222953, 0, 0, 0
204000, 1605366, 0, 0, 0
205002, 1124658, 0, 0, 0
206002, 944735, 0, 0, 0
207000, 909618, 0, 0, 0
208014, 886135, 0, 0, 0
209000, 928510, 0, 0, 0
210000, 890872, 0, 0, 0
211000, 881908, 0, 0, 0
212010, 915207, 0, 0, 0
213000, 902174, 0, 0, 0
214000, 880290, 0, 0, 0
215014, 882937, 0, 0, 0
216006, 885630, 0, 0, 0
217000, 898976, 0, 0, 0
218000, 902071, 0, 0, 0
219000, 892323, 0, 0, 0
220000, 881215, 0, 0, 0
221000, 891209, 0, 0, 0
222000, 877894, 0, 0, 0
223014, 883579, 0, 0, 0
224008, 919206, 0, 0, 0
225002, 959658, 0, 0, 0
226000, 933207, 0, 0, 0
227000, 910888, 0, 0, 0
228000, 935429, 0, 0, 0
229000, 903025, 0, 0, 0
230000, 955788, 0, 0, 0
231000, 909796, 0, 0, 0
232000, 913670, 0, 0, 0
233006, 962332, 0, 0, 0
234006, 928909, 0, 0, 0
235000, 930519, 0, 0, 0
236006, 975261, 0, 0, 0
237000, 1058975, 0, 0, 0
238000, 1103342, 0, 0, 0
239000, 1070964, 0, 0, 0
240000, 1158444, 0, 0, 0
241001, 1117111, 0, 0, 0
242000, 1065964, 0, 0, 0
243010, 1071888, 0, 0, 0
244000, 1039371, 0, 0, 0
245000, 1003146, 0, 0, 0
246000, 1032958, 0, 0, 0
247000, 1263576, 0, 0, 0
248005, 1200625, 0, 0, 0
249001, 1135046, 0, 0, 0
250000, 1061256, 0, 0, 0
251000, 1823083, 0, 0, 0
252000, 4402479, 0, 0, 0
253000, 4869835, 0, 0, 0
254000, 3997100, 0, 0, 0
255000, 4214608, 0, 0, 0
256000, 4275109, 0, 0, 0
257000, 2737039, 0, 0, 0
258000, 3095051, 0, 0, 0
259016, 3632661, 0, 0, 0
260000, 2307299, 0, 0, 0
261000, 2343481, 0, 0, 0
262000, 2409246, 0, 0, 0
263000, 1740101, 0, 0, 0
264000, 2319829, 0, 0, 0
265000, 2460219, 0, 0, 0
266000, 1830509, 0, 0, 0
267000, 1464570, 0, 0, 0
268000, 1325155, 0, 0, 0
269003, 1490416, 0, 0, 0
270000, 2493288, 0, 0, 0
271000, 1511393, 0, 0, 0
272000, 1371688, 0, 0, 0
273000, 1155056, 0, 0, 0
274000, 1150973, 0, 0, 0
275000, 1250823, 0, 0, 0
276001, 1171642, 0, 0, 0
277000, 1168905, 0, 0, 0
278000, 1224943, 0, 0, 0
279002, 1220257, 0, 0, 0
280000, 1203347, 0, 0, 0
281006, 1142779, 0, 0, 0
282000, 1221108, 0, 0, 0
283000, 1092577, 0, 0, 0
284001, 1176933, 0, 0, 0
285002, 1161481, 0, 0, 0
286002, 1188622, 0, 0, 0
287000, 1150781, 0, 0, 0
288000, 1134877, 0, 0, 0
289000, 1231666, 0, 0, 0
290000, 1259278, 0, 0, 0
291001, 1187814, 0, 0, 0
292000, 1119897, 0, 0, 0
293005, 1235789, 0, 0, 0
294000, 1192650, 0, 0, 0
295000, 1141182, 0, 0, 0
296000, 1320213, 0, 0, 0
297000, 3203918, 0, 0, 0
298000, 3767047, 0, 0, 0
299000, 2743183, 0, 0, 0
300000, 2258675, 0, 0, 0
301000, 2081509, 0, 0, 0
302000, 2152458, 0, 0, 0
303000, 2112651, 0, 0, 0
304000, 3975032, 0, 0, 0
305000, 3008431, 0, 0, 0
306000, 1949754, 0, 0, 0
307000, 1911244, 0, 0, 0
308000, 2084091, 0, 0, 0
309000, 3599376, 0, 0, 0
310000, 4235039, 0, 0, 0
311000, 3874354, 0, 0, 0
312000, 2944534, 0, 0, 0
313000, 3302201, 0, 0, 0
314010, 1453300, 0, 0, 0
315010, 1054622, 0, 0, 0
316002, 1021772, 0, 0, 0
317006, 1022789, 0, 0, 0
318000, 1015809, 0, 0, 0
319000, 1006258, 0, 0, 0
320000, 1011973, 0, 0, 0
321002, 1006873, 0, 0, 0
322000, 1080380, 0, 0, 0
323000, 1016970, 0, 0, 0
324006, 1012129, 0, 0, 0
325006, 1019510, 0, 0, 0
326000, 1023833, 0, 0, 0
327000, 1004249, 0, 0, 0
328000, 1159497, 0, 0, 0
329000, 1039037, 0, 0, 0
330000, 1046350, 0, 0, 0
331000, 1044095, 0, 0, 0
332000, 1004532, 0, 0, 0
333000, 1010358, 0, 0, 0
334000, 1035455, 0, 0, 0
335002, 1009009, 0, 0, 0
336000, 956684, 0, 0, 0
337000, 962853, 0, 0, 0
338000, 944132, 0, 0, 0
339000, 934905, 0, 0, 0
340000, 994161, 0, 0, 0
341000, 1033218, 0, 0, 0
342000, 3661235, 0, 0, 0
343015, 4879532, 0, 0, 0
344000, 3749575, 0, 0, 0
345000, 4237686, 0, 0, 0
346000, 4329473, 0, 0, 0
347000, 3032641, 0, 0, 0
348000, 2543810, 0, 0, 0
349000, 2510049, 0, 0, 0
350000, 1711025, 0, 0, 0
351001, 1339812, 0, 0, 0
352002, 1243593, 0, 0, 0
353000, 1240575, 0, 0, 0
354000, 1177488, 0, 0, 0
355000, 1230939, 0, 0, 0
356000, 1326745, 0, 0, 0
357003, 1210494, 0, 0, 0
358000, 1159401, 0, 0, 0
359000, 1226179, 0, 0, 0
360000, 1123341, 0, 0, 0
361000, 1150065, 0, 0, 0
362004, 1180044, 0, 0, 0
363000, 1297391, 0, 0, 0
364000, 1238135, 0, 0, 0
365006, 1144589, 0, 0, 0
366000, 1111919, 0, 0, 0
367000, 1091777, 0, 0, 0
368000, 1144674, 0, 0, 0
369000, 1138694, 0, 0, 0
370000, 1324229, 0, 0, 0
371000, 1588088, 0, 0, 0
372000, 1388946, 0, 0, 0
373005, 1295379, 0, 0, 0
374000, 1134342, 0, 0, 0
375000, 1071713, 0, 0, 0
376000, 1117452, 0, 0, 0
377000, 1095873, 0, 0, 0
378000, 1180546, 0, 0, 0
379000, 1136899, 0, 0, 0
380000, 1175929, 0, 0, 0
381000, 1262952, 0, 0, 0
382000, 1100716, 0, 0, 0
383000, 1035869, 0, 0, 0
384000, 1673899, 0, 0, 0
385000, 2600393, 0, 0, 0
386000, 1817836, 0, 0, 0
387000, 1521879, 0, 0, 0
388002, 1363364, 0, 0, 0
389000, 1355952, 0, 0, 0
390002, 1354863, 0, 0, 0
391000, 1215109, 0, 0, 0
392000, 1195007, 0, 0, 0
393000, 1201788, 0, 0, 0
394000, 2683626, 0, 0, 0
395000, 3892903, 0, 0, 0
396000, 3779235, 0, 0, 0
397000, 4100842, 0, 0, 0
398000, 4134858, 0, 0, 0
399000, 4507749, 0, 0, 0
400000, 2212836, 0, 0, 0
401000, 2120530, 0, 0, 0
402000, 2075349, 0, 0, 0
403002, 975260, 0, 0, 0
404014, 914962, 0, 0, 0
405000, 931960, 0, 0, 0
406000, 900305, 0, 0, 0
407000, 882793, 0, 0, 0
408006, 905479, 0, 0, 0
409000, 914847, 0, 0, 0
410000, 1035930, 0, 0, 0
411010, 993628, 0, 0, 0
412002, 988415, 0, 0, 0
413000, 974930, 0, 0, 0
414000, 960251, 0, 0, 0
415000, 990703, 0, 0, 0
416000, 964188, 0, 0, 0
417002, 923960, 0, 0, 0
418000, 962417, 0, 0, 0
419000, 953350, 0, 0, 0
420000, 928194, 0, 0, 0
421000, 964783, 0, 0, 0
422000, 1094153, 0, 0, 0
423003, 999992, 0, 0, 0
424000, 998537, 0, 0, 0
425000, 1044089, 0, 0, 0
426000, 1073949, 0, 0, 0
427000, 1099785, 0, 0, 0
428000, 1114977, 0, 0, 0
429000, 1175947, 0, 0, 0
430000, 1129508, 0, 0, 0
431000, 1090429, 0, 0, 0
432000, 1073616, 0, 0, 0
433000, 1067709, 0, 0, 0
434000, 1106687, 0, 0, 0
435000, 1135067, 0, 0, 0
436000, 1146739, 0, 0, 0
437000, 1240467, 0, 0, 0
438000, 1116917, 0, 0, 0
439002, 1081921, 0, 0, 0
440000, 1104543, 0, 0, 0
441000, 1110320, 0, 0, 0
442000, 1117655, 0, 0, 0
443000, 1132687, 0, 0, 0
444000, 1244224, 0, 0, 0
445008, 1031965, 0, 0, 0
446002, 942573, 0, 0, 0
447000, 948351, 0, 0, 0
448000, 942751, 0, 0, 0
449000, 981320, 0, 0, 0
450010, 926200, 0, 0, 0
451000, 949471, 0, 0, 0
452000, 923552, 0, 0, 0
453000, 950705, 0, 0, 0
454000, 974559, 0, 0, 0
455000, 1015080, 0, 0, 0
456006, 958493, 0, 0, 0
457000, 1044173, 0, 0, 0
458000, 1118981, 0, 0, 0
459000, 1080492, 0, 0, 0
460000, 1065537, 0, 0, 0
461000, 1159632, 0, 0, 0
462000, 1202387, 0, 0, 0
463000, 1131295, 0, 0, 0
464000, 1176666, 0, 0, 0
465000, 1219013, 0, 0, 0
466002, 1216170, 0, 0, 0
467000, 1190429, 0, 0, 0
468000, 1250762, 0, 0, 0
469001, 1166598, 0, 0, 0
470000, 1123858, 0, 0, 0
471000, 1103613, 0, 0, 0
472000, 1154801, 0, 0, 0
473000, 1087886, 0, 0, 0
474002, 1066488, 0, 0, 0
475001, 1088542, 0, 0, 0
476000, 1220568, 0, 0, 0
477001, 1208153, 0, 0, 0
478000, 1193920, 0, 0, 0
479000, 1264120, 0, 0, 0
480001, 1161205, 0, 0, 0
480003, 9747425, 0, 0, 0
