1000, 1269393, 1, 0, 0
2000, 1840108, 1, 0, 0
3019, 1905511, 1, 0, 0
4002, 1868799, 1, 0, 0
5010, 1985105, 1, 0, 0
6003, 1960052, 1, 0, 0
7005, 1959924, 1, 0, 0
8000, 2093504, 1, 0, 0
9008, 1976640, 1, 0, 0
10000, 1995587, 1, 0, 0
11010, 2045982, 1, 0, 0
12005, 2074294, 1, 0, 0
13006, 2017410, 1, 0, 0
14009, 1617859, 1, 0, 0
15000, 1041961, 1, 0, 0
16000, 993672, 1, 0, 0
17003, 1003138, 1, 0, 0
18000, 1005677, 1, 0, 0
19000, 1034556, 1, 0, 0
20001, 1032178, 1, 0, 0
21000, 1067052, 1, 0, 0
22006, 1037819, 1, 0, 0
23000, 1275272, 1, 0, 0
24004, 1336677, 1, 0, 0
25003, 1719761, 1, 0, 0
26008, 2085772, 1, 0, 0
27000, 1810583, 1, 0, 0
28000, 1020254, 1, 0, 0
29002, 1289712, 1, 0, 0
30000, 1274964, 1, 0, 0
31000, 1299555, 1, 0, 0
32016, 1273649, 1, 0, 0
33000, 1347082, 1, 0, 0
34001, 1225453, 1, 0, 0
35000, 1299527, 1, 0, 0
36000, 1288960, 1, 0, 0
37000, 1279784, 1, 0, 0
38000, 1155695, 1, 0, 0
39001, 976014, 1, 0, 0
40000, 969698, 1, 0, 0
41000, 958814, 1, 0, 0
42000, 1008457, 1, 0, 0
43000, 1010931, 1, 0, 0
44000, 1057529, 1, 0, 0
45000, 1013354, 1, 0, 0
46000, 1062500, 1, 0, 0
47001, 1082881, 1, 0, 0
48000, 1070760, 1, 0, 0
49000, 1147364, 1, 0, 0
50009, 1231845, 1, 0, 0
51010, 1355326, 1, 0, 0
52000, 1136563, 1, 0, 0
53005, 1160056, 1, 0, 0
54001, 1152713, 1, 0, 0
55000, 1155668, 1, 0, 0
56001, 1164897, 1, 0, 0
57000, 1192041, 1, 0, 0
58007, 1279223, 1, 0, 0
59000, 1069502, 1, 0, 0
60000, 1092066, 1, 0, 0
61002, 1051733, 1, 0, 0
62000, 1044851, 1, 0, 0
63000, 1034472, 1, 0, 0
64003, 1464104, 1, 0, 0
65000, 1519820, 1, 0, 0
66001, 1524315, 1, 0, 0
67008, 1457376, 1, 0, 0
68006, 1260263, 1, 0, 0
69005, 1192759, 1, 0, 0
70005, 1187040, 1, 0, 0
71007, 1267367, 1, 0, 0
72007, 1245123, 1, 0, 0
73004, 1259252, 1, 0, 0
74011, 1683748, 1, 0, 0
75000, 1990597, 1, 0, 0
76002, 1970550, 1, 0, 0
77001, 2096275, 1, 0, 0
78008, 2067397, 1, 0, 0
79011, 2035150, 1, 0, 0
80000, 1475834, 1, 0, 0
81000, 1236815, 1, 0, 0
82000, 1205009, 1, 0, 0
83005, 1227546, 1, 0, 0
84000, 1192314, 1, 0, 0
85000, 1045599, 1, 0, 0
86000, 1027774, 1, 0, 0
87002, 989013, 1, 0, 0
88000, 1024864, 1, 0, 0
89000, 969729, 1, 0, 0
90000, 1015420, 1, 0, 0
91009, 962061, 1, 0, 0
92000, 980815, 1, 0, 0
93000, 980392, 1, 0, 0
94000, 978600, 1, 0, 0
95000, 1041249, 1, 0, 0
96006, 1134701, 1, 0, 0
97000, 1409161, 1, 0, 0
98000, 1783625, 1, 0, 0
99013, 1719660, 1, 0, 0
100000, 1648133, 1, 0, 0
101000, 1787427, 1, 0, 0
102007, 1832813, 1, 0, 0
103006, 2019089, 1, 0, 0
104010, 2118012, 1, 0, 0
105010, 2074326, 1, 0, 0
106005, 2066418, 1, 0, 0
107000, 1855570, 1, 0, 0
108000, 1019531, 1, 0, 0
109019, 1201568, 1, 0, 0
110000, 1254613, 1, 0, 0
111000, 1259807, 1, 0, 0
112000, 1400964, 1, 0, 0
113000, 1283752, 1, 0, 0
114001, 1278289, 1, 0, 0
115000, 1200785, 1, 0, 0
116000, 1025614, 1, 0, 0
117000, 964743, 1, 0, 0
118000, 964903, 1, 0, 0
119000, 947818, 1, 0, 0
120000, 977825, 1, 0, 0
121000, 983487, 1, 0, 0
122000, 1034865, 1, 0, 0
123000, 1084749, 1, 0, 0
124002, 1063342, 1, 0, 0
125000, 1352394, 1, 0, 0
126009, 2071868, 1, 0, 0
127001, 2087415, 1, 0, 0
128009, 1888893, 1, 0, 0
129005, 2003384, 1, 0, 0
130004, 1587909, 1, 0, 0
131000, 1088811, 1, 0, 0
132002, 1095940, 1, 0, 0
133000, 1074551, 1, 0, 0
134008, 1415664, 1, 0, 0
135000, 1624374, 1, 0, 0
136004, 1677307, 1, 0, 0
137000, 1728974, 1, 0, 0
138009, 1680746, 1, 0, 0
139011, 1208325, 1, 0, 0
140014, 1230397, 1, 0, 0
141005, 1231677, 1, 0, 0
142000, 1248325, 1, 0, 0
143000, 1281220, 1, 0, 0
144000, 1278759, 1, 0, 0
145000, 1444087, 1, 0, 0
146007, 1351228, 1, 0, 0
147000, 1051030, 1, 0, 0
148000, 990927, 1, 0, 0
149000, 990819, 1, 0, 0
150000, 982464, 1, 0, 0
151013, 984529, 1, 0, 0
152000, 1030869, 1, 0, 0
153002, 1192818, 1, 0, 0
154002, 1370490, 1, 0, 0
155000, 1267740, 1, 0, 0
156003, 1427134, 1, 0, 0
157000, 1479775, 1, 0, 0
158000, 1163949, 1, 0, 0
159000, 1120837, 1, 0, 0
160016, 1142105, 1, 0, 0
161001, 1159675, 1, 0, 0
162000, 1285339, 1, 0, 0
163000, 1184285, 1, 0, 0
164000, 1311981, 1, 0, 0
165006, 1261319, 1, 0, 0
166001, 1328879, 1, 0, 0
167000, 1331327, 1, 0, 0
168000, 1286278, 1, 0, 0
169000, 1149321, 1, 0, 0
170000, 974932, 1, 0, 0
171000, 978881, 1, 0, 0
172000, 978227, 1, 0, 0
173000, 971210, 1, 0, 0
174000, 1021447, 1, 0, 0
175000, 1023205, 1, 0, 0
176000, 1024675, 1, 0, 0
177003, 1097126, 1, 0, 0
178007, 1211973, 1, 0, 0
179000, 1208078, 1, 0, 0
180000, 1283077, 1, 0, 0
181008, 1298463, 1, 0, 0
182000, 1742321, 1, 0, 0
183008, 1979205, 1, 0, 0
184000, 1744510, 1, 0, 0
185005, 2098517, 1, 0, 0
186011, 2129184, 1, 0, 0
187000, 1898443, 1, 0, 0
188001, 1830006, 1, 0, 0
189010, 1732941, 1, 0, 0
190004, 1774259, 1, 0, 0
191000, 1844075, 1, 0, 0
192004, 1959356, 1, 0, 0
193003, 2065817, 1, 0, 0
194007, 2078434, 1, 0, 0
195000, 1052313, 1, 0, 0
196000, 1204121, 1, 0, 0
197003, 1223689, 1, 0, 0
198008, 1339341, 1, 0, 0
199000, 1317068, 1, 0, 0
200018, 1263322, 1, 0, 0
201000, 1276150, 1, 0, 0
202000, 1244059, 1, 0, 0
203000, 1062051, 1, 0, 0
204010, 999053, 1, 0, 0
205006, 971263, 1, 0, 0
206006, 968192, 1, 0, 0
207000, 988063, 1, 0, 0
208000, 1037135, 1, 0, 0
209000, 1077305, 1, 0, 0
210000, 1014460, 1, 0, 0
211000, 991576, 1, 0, 0
212000, 1080688, 1, 0, 0
213000, 1096485, 1, 0, 0
214000, 1060656, 1, 0, 0
215006, 1311546, 1, 0, 0
216001, 1984445, 1, 0, 0
217000, 1868681, 1, 0, 0
218000, 1902509, 1, 0, 0
219008, 2016096, 1, 0, 0
220003, 1550685, 1, 0, 0
221003, 1217573, 1, 0, 0
222002, 1141213, 1, 0, 0
223000, 1080824, 1, 0, 0
224002, 1198298, 1, 0, 0
225007, 1470027, 1, 0, 0
226009, 1525531, 1, 0, 0
227002, 1923801, 1, 0, 0
228010, 1955356, 1, 0, 0
229002, 2039089, 1, 0, 0
230000, 1999478, 1, 0, 0
231012, 1884650, 1, 0, 0
232006, 1986333, 1, 0, 0
233005, 2079845, 1, 0, 0
234005, 1825586, 1, 0, 0
235025, 1163687, 1, 0, 0
236000, 1086656, 1, 0, 0
237000, 1028779, 1, 0, 0
238011, 1247116, 1, 0, 0
239014, 1765117, 1, 0, 0
240011, 1730051, 1, 0, 0
241001, 1956151, 1, 0, 0
242003, 2141291, 1, 0, 0
243006, 1919962, 1, 0, 0
244000, 1276067, 1, 0, 0
245000, 1133476, 1, 0, 0
246000, 1151727, 1, 0, 0
247000, 1068497, 1, 0, 0
248013, 1237448, 1, 0, 0
249000, 1514447, 1, 0, 0
250007, 1574424, 1, 0, 0
251000, 1551767, 1, 0, 0
252007, 1553143, 1, 0, 0
253014, 1244355, 1, 0, 0
254000, 959170, 1, 0, 0
255010, 965855, 1, 0, 0
256000, 966517, 1, 0, 0
257000, 980336, 1, 0, 0
258002, 968774, 1, 0, 0
259000, 1037416, 1, 0, 0
260000, 1078701, 1, 0, 0
261001, 1086561, 1, 0, 0
262000, 1073022, 1, 0, 0
263000, 1120672, 1, 0, 0
264000, 1244733, 1, 0, 0
265000, 1228995, 1, 0, 0
266000, 1252436, 1, 0, 0
267008, 1193204, 1, 0, 0
268006, 1169496, 1, 0, 0
269000, 1306489, 1, 0, 0
270000, 1210563, 1, 0, 0
271000, 1276799, 1, 0, 0
272000, 1250177, 1, 0, 0
273000, 1280851, 1, 0, 0
274010, 1067447, 1, 0, 0
275000, 953997, 1, 0, 0
276000, 966584, 1, 0, 0
277002, 971800, 1, 0, 0
278000, 965923, 1, 0, 0
279006, 971315, 1, 0, 0
280000, 1158927, 1, 0, 0
281000, 1684299, 1, 0, 0
282000, 1579865, 1, 0, 0
283007, 1454691, 1, 0, 0
284004, 1534184, 1, 0, 0
285011, 1461540, 1, 0, 0
286002, 1463104, 1, 0, 0
287002, 1254438, 1, 0, 0
288012, 1242202, 1, 0, 0
289000, 1336161, 1, 0, 0
290000, 1113945, 1, 0, 0
291000, 1205270, 1, 0, 0
292008, 1150963, 1, 0, 0
293004, 1127333, 1, 0, 0
294010, 1477036, 1, 0, 0
295001, 2192753, 1, 0, 0
296000, 2082199, 1, 0, 0
297001, 1094633, 1, 0, 0
298001, 1229927, 1, 0, 0
299000, 1282669, 1, 0, 0
300000, 1286930, 1, 0, 0
301006, 1312279, 1, 0, 0
302000, 1344445, 1, 0, 0
303007, 1202774, 1, 0, 0
304001, 1283820, 1, 0, 0
305000, 1278605, 1, 0, 0
306004, 1350772, 1, 0, 0
307000, 1262717, 1, 0, 0
308000, 1209774, 1, 0, 0
309000, 1274082, 1, 0, 0
310000, 1250211, 1, 0, 0
311000, 1272079, 1, 0, 0
312000, 1313366, 1, 0, 0
313003, 1415320, 1, 0, 0
314006, 1392065, 1, 0, 0
315000, 1273731, 1, 0, 0
316011, 1201188, 1, 0, 0
317000, 1243833, 1, 0, 0
318000, 1162451, 1, 0, 0
319004, 1122547, 1, 0, 0
320000, 1347407, 1, 0, 0
321005, 1734246, 1, 0, 0
322009, 1516102, 1, 0, 0
323005, 1829795, 1, 0, 0
324013, 1971375, 1, 0, 0
325000, 1958872, 1, 0, 0
326024, 1954209, 1, 0, 0
327000, 2117188, 1, 0, 0
328000, 1494243, 1, 0, 0
329006, 1441661, 1, 0, 0
330001, 1120754, 1, 0, 0
331000, 1270374, 1, 0, 0
332000, 1169760, 1, 0, 0
333000, 1229897, 1, 0, 0
334012, 1239803, 1, 0, 0
335000, 1308936, 1, 0, 0
336000, 1346968, 1, 0, 0
337000, 1351014, 1, 0, 0
338012, 1291625, 1, 0, 0
339004, 1538149, 1, 0, 0
340000, 1560290, 1, 0, 0
341004, 1483071, 1, 0, 0
342000, 1044167, 1, 0, 0
343002, 1063272, 1, 0, 0
344000, 998087, 1, 0, 0
345000, 997239, 1, 0, 0
346000, 1023696, 1, 0, 0
347003, 1017390, 1, 0, 0
348000, 983896, 1, 0, 0
349000, 1029023, 1, 0, 0
350000, 1033672, 1, 0, 0
351000, 1031712, 1, 0, 0
352002, 1109407, 1, 0, 0
353000, 1042675, 1, 0, 0
354000, 1016507, 1, 0, 0
355000, 1033694, 1, 0, 0
356002, 1042006, 1, 0, 0
357001, 1025523, 1, 0, 0
358006, 1040400, 1, 0, 0
359010, 1566552, 1, 0, 0
360007, 2143362, 1, 0, 0
361006, 2050384, 1, 0, 0
362008, 2046357, 1, 0, 0
363005, 2206339, 1, 0, 0
364000, 2030969, 1, 0, 0
365000, 1857949, 1, 0, 0
366000, 1876163, 1, 0, 0
367008, 1927012, 1, 0, 0
368005, 1856274, 1, 0, 0
369000, 1348033, 1, 0, 0
370003, 1307569, 1, 0, 0
371011, 1200932, 1, 0, 0
372013, 1265392, 1, 0, 0
373000, 1304534, 1, 0, 0
374000, 1259368, 1, 0, 0
375020, 1402140, 1, 0, 0
376000, 1394472, 1, 0, 0
377000, 1336292, 1, 0, 0
378000, 1247677, 1, 0, 0
379014, 2072243, 1, 0, 0
380000, 2172309, 1, 0, 0
381012, 2046761, 1, 0, 0
382008, 2184812, 1, 0, 0
383010, 2161570, 1, 0, 0
384000, 1659959, 1, 0, 0
385011, 1472142, 1, 0, 0
386010, 1448339, 1, 0, 0
387008, 1444692, 1, 0, 0
388024, 1461723, 1, 0, 0
389000, 1134602, 1, 0, 0
390000, 1177327, 1, 0, 0
391000, 1135794, 1, 0, 0
392000, 1189040, 1, 0, 0
393000, 1096704, 1, 0, 0
394004, 1162453, 1, 0, 0
395000, 1219835, 1, 0, 0
396012, 1053431, 1, 0, 0
397000, 1270719, 1, 0, 0
398000, 1230695, 1, 0, 0
399000, 1290165, 1, 0, 0
400000, 1321174, 1, 0, 0
401002, 1327111, 1, 0, 0
402000, 1256967, 1, 0, 0
403000, 1270288, 1, 0, 0
404000, 1223511, 1, 0, 0
405000, 1036069, 1, 0, 0
406000, 1022197, 1, 0, 0
407000, 964766, 1, 0, 0
408000, 991902, 1, 0, 0
409000, 1019157, 1, 0, 0
410005, 1035335, 1, 0, 0
411000, 1065788, 1, 0, 0
412010, 1021820, 1, 0, 0
413002, 1038291, 1, 0, 0
414000, 1010666, 1, 0, 0
415000, 1017652, 1, 0, 0
416000, 1012516, 1, 0, 0
417000, 1029238, 1, 0, 0
418000, 1007490, 1, 0, 0
419000, 977244, 1, 0, 0
420000, 987394, 1, 0, 0
421010, 987630, 1, 0, 0
422006, 986868, 1, 0, 0
423000, 1048507, 1, 0, 0
424010, 989760, 1, 0, 0
425010, 1004532, 1, 0, 0
426000, 1014424, 1, 0, 0
427000, 984343, 1, 0, 0
428000, 1068588, 1, 0, 0
429006, 1080695, 1, 0, 0
430000, 1174837, 1, 0, 0
431000, 1149844, 1, 0, 0
432009, 1265139, 1, 0, 0
433000, 1339694, 1, 0, 0
434009, 1263709, 1, 0, 0
435003, 1427728, 1, 0, 0
436000, 1394300, 1, 0, 0
437000, 1270120, 1, 0, 0
438000, 1626926, 1, 0, 0
439011, 1609511, 1, 0, 0
440003, 1576229, 1, 0, 0
441000, 1585423, 1, 0, 0
442000, 1722266, 1, 0, 0
443000, 1639643, 1, 0, 0
444010, 1575169, 1, 0, 0
445004, 1641306, 1, 0, 0
446011, 1746474, 1, 0, 0
447011, 1909842, 1, 0, 0
448000, 2096855, 1, 0, 0
449000, 1732692, 1, 0, 0
450007, 1673117, 1, 0, 0
451006, 1609928, 1, 0, 0
452000, 1488810, 1, 0, 0
453001, 1427982, 1, 0, 0
454009, 1353085, 1, 0, 0
455006, 1389105, 1, 0, 0
456000, 1253717, 1, 0, 0
457000, 1441206, 1, 0, 0
458000, 1694823, 1, 0, 0
459002, 1719932, 1, 0, 0
460006, 1709949, 1, 0, 0
461000, 1799759, 1, 0, 0
462000, 1462565, 1, 0, 0
463009, 1383994, 1, 0, 0
464000, 1368597, 1, 0, 0
465000, 1046494, 1, 0, 0
466010, 1026608, 1, 0, 0
467000, 978734, 1, 0, 0
468014, 983422, 1, 0, 0
469002, 1033427, 1, 0, 0
470005, 1268760, 1, 0, 0
471008, 1714586, 1, 0, 0
472008, 1698170, 1, 0, 0
473000, 2056323, 1, 0, 0
474000, 2344118, 1, 0, 0
475011, 2049213, 1, 0, 0
476000, 2169470, 1, 0, 0
477005, 2085513, 1, 0, 0
478003, 1941266, 1, 0, 0
479012, 2005854, 1, 0, 0
480003, 1948050, 1, 0, 0
480004, 16496572, 1, 0, 0
