1000, 1123168, 0, 0, 0
2000, 1180976, 0, 0, 0
3000, 1103975, 0, 0, 0
4001, 1203142, 0, 0, 0
5000, 1199282, 0, 0, 0
6000, 1186386, 0, 0, 0
7000, 1143163, 0, 0, 0
8000, 1092027, 0, 0, 0
9000, 1059720, 0, 0, 0
10013, 1036892, 0, 0, 0
11000, 1101782, 0, 0, 0
12000, 1157774, 0, 0, 0
13000, 1162952, 0, 0, 0
14000, 1279992, 0, 0, 0
15000, 1293119, 0, 0, 0
16000, 1214601, 0, 0, 0
17000, 1263539, 0, 0, 0
18000, 1181831, 0, 0, 0
19000, 1187014, 0, 0, 0
20000, 1257066, 0, 0, 0
21006, 1244770, 0, 0, 0
22006, 1215837, 0, 0, 0
23004, 1197363, 0, 0, 0
24000, 1105211, 0, 0, 0
25001, 1117703, 0, 0, 0
26000, 1178997, 0, 0, 0
27000, 1168945, 0, 0, 0
28000, 1151308, 0, 0, 0
29000, 1060450, 0, 0, 0
30001, 1047249, 0, 0, 0
31000, 1057864, 0, 0, 0
32006, 1040267, 0, 0, 0
33000, 1072200, 0, 0, 0
34000, 1148457, 0, 0, 0
35001, 1125226, 0, 0, 0
36000, 1157545, 0, 0, 0
37004, 1112909, 0, 0, 0
38000, 1157010, 0, 0, 0
39000, 1306957, 0, 0, 0
40000, 1227182, 0, 0, 0
41006, 1185237, 0, 0, 0
42000, 1250444, 0, 0, 0
43000, 1147502, 0, 0, 0
44001, 1157094, 0, 0, 0
45000, 1213894, 0, 0, 0
46004, 1108800, 0, 0, 0
47000, 1058884, 0, 0, 0
48000, 936596, 0, 0, 0
49004, 1243196, 0, 0, 0
50000, 1130657, 0, 0, 0
51000, 1030705, 0, 0, 0
52002, 1065217, 0, 0, 0
53000, 1136785, 0, 0, 0
54000, 1113841, 0, 0, 0
55000, 1157854, 0, 0, 0
56000, 1240295, 0, 0, 0
57000, 1099498, 0, 0, 0
58000, 1014219, 0, 0, 0
59000, 1071009, 0, 0, 0
60003, 1133492, 0, 0, 0
61000, 1101450, 0, 0, 0
62000, 1083494, 0, 0, 0
63000, 1122482, 0, 0, 0
64000, 1192667, 0, 0, 0
65000, 1051280, 0, 0, 0
66000, 1092671, 0, 0, 0
67001, 1281719, 0, 0, 0
68000, 1230122, 0, 0, 0
69000, 1148962, 0, 0, 0
70005, 1264379, 0, 0, 0
71000, 1196998, 0, 0, 0
72000, 1255831, 0, 0, 0
73000, 1128885, 0, 0, 0
74010, 899021, 0, 0, 0
75000, 943908, 0, 0, 0
76010, 891567, 0, 0, 0
77002, 903697, 0, 0, 0
78000, 912137, 0, 0, 0
79000, 894126, 0, 0, 0
80014, 896226, 0, 0, 0
81002, 900621, 0, 0, 0
82000, 1061598, 0, 0, 0
83002, 972988, 0, 0, 0
84006, 976363, 0, 0, 0
85000, 948110, 0, 0, 0
86000, 936179, 0, 0, 0
87002, 946582, 0, 0, 0
88000, 1055083, 0, 0, 0
89009, 962832, 0, 0, 0
90002, 984693, 0, 0, 0
91010, 970772, 0, 0, 0
92002, 991177, 0, 0, 0
93008, 1115908, 0, 0, 0
94000, 1176370, 0, 0, 0
95006, 1112834, 0, 0, 0
96000, 1076976, 0, 0, 0
97000, 1106433, 0, 0, 0
98002, 1070858, 0, 0, 0
99002, 1071375, 0, 0, 0
100000, 1082106, 0, 0, 0
101000, 1243946, 0, 0, 0
102000, 1149230, 0, 0, 0
103000, 1176331, 0, 0, 0
104000, 1172128, 0, 0, 0
105000, 1169386, 0, 0, 0
106000, 1088504, 0, 0, 0
107007, 1078857, 0, 0, 0
108000, 1189465, 0, 0, 0
109000, 1050560, 0, 0, 0
110000, 1032906, 0, 0, 0
111009, 999504, 0, 0, 0
112003, 1061680, 0, 0, 0
113000, 1193416, 0, 0, 0
114002, 1183076, 0, 0, 0
115002, 1093758, 0, 0, 0
116000, 1243172, 0, 0, 0
117000, 1218567, 0, 0, 0
118000, 1222372, 0, 0, 0
119000, 960316, 0, 0, 0
120002, 1095058, 0, 0, 0
121000, 1123846, 0, 0, 0
122000, 1146151, 0, 0, 0
123000, 1121636, 0, 0, 0
124000, 1003983, 0, 0, 0
125000, 971307, 0, 0, 0
126000, 1113974, 0, 0, 0
127000, 1088759, 0, 0, 0
128000, 1068392, 0, 0, 0
129000, 1095710, 0, 0, 0
130000, 1077951, 0, 0, 0
131000, 966038, 0, 0, 0
132000, 950306, 0, 0, 0
133000, 1061744, 0, 0, 0
134000, 1047681, 0, 0, 0
135000, 1014620, 0, 0, 0
136000, 944101, 0, 0, 0
137000, 896256, 0, 0, 0
138010, 897815, 0, 0, 0
139002, 897708, 0, 0, 0
140014, 897450, 0, 0, 0
141002, 894519, 0, 0, 0
142000, 1002798, 0, 0, 0
143000, 970500, 0, 0, 0
144000, 976372, 0, 0, 0
145000, 960224, 0, 0, 0
146000, 963959, 0, 0, 0
147001, 946539, 0, 0, 0
148000, 992863, 0, 0, 0
149006, 977278, 0, 0, 0
150000, 968236, 0, 0, 0
151000, 938756, 0, 0, 0
152000, 965009, 0, 0, 0
153002, 922453, 0, 0, 0
154000, 1021627, 0, 0, 0
155000, 1047671, 0, 0, 0
156000, 1075309, 0, 0, 0
157000, 1068009, 0, 0, 0
158000, 989523, 0, 0, 0
159000, 951530, 0, 0, 0
160000, 1109672, 0, 0, 0
161000, 1155058, 0, 0, 0
162002, 1096292, 0, 0, 0
163000, 1020811, 0, 0, 0
164000, 1034929, 0, 0, 0
165000, 1108595, 0, 0, 0
166000, 1099580, 0, 0, 0
167001, 1165383, 0, 0, 0
168000, 1163394, 0, 0, 0
169000, 1139342, 0, 0, 0
170007, 1090142, 0, 0, 0
171000, 1082368, 0, 0, 0
172000, 1129912, 0, 0, 0
173000, 1117855, 0, 0, 0
174005, 1196220, 0, 0, 0
175000, 1235099, 0, 0, 0
176000, 1221273, 0, 0, 0
177000, 1197371, 0, 0, 0
178000, 1071928, 0, 0, 0
179000, 1061968, 0, 0, 0
180000, 1009801, 0, 0, 0
181000, 1203247, 0, 0, 0
182000, 1217795, 0, 0, 0
183000, 1090568, 0, 0, 0
184000, 1007312, 0, 0, 0
185000, 1041748, 0, 0, 0
186000, 1006977, 0, 0, 0
187001, 981131, 0, 0, 0
188000, 1111259, 0, 0, 0
189000, 1102334, 0, 0, 0
190000, 1041621, 0, 0, 0
191000, 995187, 0, 0, 0
192003, 1113403, 0, 0, 0
193000, 1014897, 0, 0, 0
194000, 1009149, 0, 0, 0
195000, 1052038, 0, 0, 0
196000, 990302, 0, 0, 0
197000, 919312, 0, 0, 0
198000, 1011606, 0, 0, 0
199001, 1007892, 0, 0, 0
200000, 1012165, 0, 0, 0
201000, 1261897, 0, 0, 0
202000, 1158674, 0, 0, 0
203001, 1108489, 0, 0, 0
204000, 1103638, 0, 0, 0
205000, 947919, 0, 0, 0
206000, 895924, 0, 0, 0
207000, 896737, 0, 0, 0
208010, 893275, 0, 0, 0
209002, 899680, 0, 0, 0
210000, 903246, 0, 0, 0
211004, 964334, 0, 0, 0
212000, 1049494, 0, 0, 0
213014, 990618, 0, 0, 0
214010, 948193, 0, 0, 0
215000, 938710, 0, 0, 0
216002, 932334, 0, 0, 0
217010, 996216, 0, 0, 0
218000, 1015215, 0, 0, 0
219000, 1006077, 0, 0, 0
220000, 1086262, 0, 0, 0
221000, 1077480, 0, 0, 0
222005, 1084316, 0, 0, 0
223000, 1156619, 0, 0, 0
224000, 1185941, 0, 0, 0
225000, 1112092, 0, 0, 0
226000, 1132930, 0, 0, 0
227000, 1118363, 0, 0, 0
228000, 1093420, 0, 0, 0
229000, 1053565, 0, 0, 0
230004, 1189269, 0, 0, 0
231004, 1252220, 0, 0, 0
232005, 1150622, 0, 0, 0
233001, 1216577, 0, 0, 0
234000, 1256458, 0, 0, 0
235000, 1180860, 0, 0, 0
236000, 1221985, 0, 0, 0
237000, 1235268, 0, 0, 0
238000, 1201756, 0, 0, 0
239000, 1048717, 0, 0, 0
240000, 1025840, 0, 0, 0
241002, 972908, 0, 0, 0
242000, 934923, 0, 0, 0
243000, 992398, 0, 0, 0
244000, 974817, 0, 0, 0
245000, 947655, 0, 0, 0
246000, 1014857, 0, 0, 0
247000, 1309062, 0, 0, 0
248000, 1225811, 0, 0, 0
249000, 1194593, 0, 0, 0
250002, 1210120, 0, 0, 0
251000, 1007520, 0, 0, 0
252000, 930388, 0, 0, 0
253000, 1035830, 0, 0, 0
254000, 1228980, 0, 0, 0
255000, 1115889, 0, 0, 0
256000, 1070220, 0, 0, 0
257000, 1122525, 0, 0, 0
258001, 1143632, 0, 0, 0
259000, 1119159, 0, 0, 0
260002, 1110889, 0, 0, 0
261000, 1090341, 0, 0, 0
262001, 1050727, 0, 0, 0
263000, 987486, 0, 0, 0
264001, 1046839, 0, 0, 0
265000, 988389, 0, 0, 0
266001, 978312, 0, 0, 0
267004, 1144488, 0, 0, 0
268000, 1192860, 0, 0, 0
269014, 1141348, 0, 0, 0
270014, 930866, 0, 0, 0
271002, 898654, 0, 0, 0
272010, 893561, 0, 0, 0
273002, 901784, 0, 0, 0
274000, 905861, 0, 0, 0
275014, 887991, 0, 0, 0
276002, 972643, 0, 0, 0
277000, 1002233, 0, 0, 0
278000, 961228, 0, 0, 0
279000, 938507, 0, 0, 0
280000, 964958, 0, 0, 0
281000, 933631, 0, 0, 0
282000, 1095915, 0, 0, 0
283000, 1145630, 0, 0, 0
284000, 1109218, 0, 0, 0
285000, 1100258, 0, 0, 0
286000, 1222621, 0, 0, 0
287000, 1274749, 0, 0, 0
288000, 1128355, 0, 0, 0
289000, 1052280, 0, 0, 0
290000, 982770, 0, 0, 0
291000, 1031966, 0, 0, 0
292000, 1002902, 0, 0, 0
293004, 985554, 0, 0, 0
294000, 1039949, 0, 0, 0
295000, 999168, 0, 0, 0
296000, 1059489, 0, 0, 0
297000, 1174896, 0, 0, 0
298000, 1261613, 0, 0, 0
299000, 1145429, 0, 0, 0
300000, 1063629, 0, 0, 0
301000, 1038670, 0, 0, 0
302000, 1067340, 0, 0, 0
303000, 1093805, 0, 0, 0
304000, 1077196, 0, 0, 0
305000, 1139846, 0, 0, 0
306000, 1179355, 0, 0, 0
307000, 1173510, 0, 0, 0
308001, 1133943, 0, 0, 0
309000, 1194453, 0, 0, 0
310000, 1088632, 0, 0, 0
311003, 1054136, 0, 0, 0
312000, 1133212, 0, 0, 0
313000, 1143242, 0, 0, 0
314000, 1137640, 0, 0, 0
315003, 1106274, 0, 0, 0
316000, 1111998, 0, 0, 0
317000, 1076231, 0, 0, 0
318000, 1067649, 0, 0, 0
319000, 1230269, 0, 0, 0
320000, 1224641, 0, 0, 0
321005, 1221036, 0, 0, 0
322000, 1201637, 0, 0, 0
323000, 1227266, 0, 0, 0
324000, 1089528, 0, 0, 0
325001, 1118386, 0, 0, 0
326000, 1248378, 0, 0, 0
327000, 1198219, 0, 0, 0
328000, 1165390, 0, 0, 0
329003, 1176205, 0, 0, 0
330000, 1240307, 0, 0, 0
331000, 1174021, 0, 0, 0
332000, 1091337, 0, 0, 0
333000, 1178408, 0, 0, 0
334000, 1107076, 0, 0, 0
335000, 1030902, 0, 0, 0
336000, 1104007, 0, 0, 0
337000, 1149868, 0, 0, 0
338000, 1134709, 0, 0, 0
339000, 1206813, 0, 0, 0
340000, 1070172, 0, 0, 0
341001, 1091824, 0, 0, 0
342002, 950842, 0, 0, 0
343000, 1021430, 0, 0, 0
344000, 996521, 0, 0, 0
345000, 989258, 0, 0, 0
346000, 1036891, 0, 0, 0
347000, 1047506, 0, 0, 0
348000, 975611, 0, 0, 0
349000, 1096141, 0, 0, 0
350000, 1126043, 0, 0, 0
351000, 1090138, 0, 0, 0
352002, 1044829, 0, 0, 0
353000, 1155836, 0, 0, 0
354000, 1229823, 0, 0, 0
355000, 1071197, 0, 0, 0
356000, 1092443, 0, 0, 0
357002, 1009018, 0, 0, 0
358000, 990571, 0, 0, 0
359000, 954510, 0, 0, 0
360000, 1017949, 0, 0, 0
361000, 983826, 0, 0, 0
362002, 1050857, 0, 0, 0
363000, 1111598, 0, 0, 0
364002, 1032165, 0, 0, 0
365004, 941071, 0, 0, 0
366000, 1078095, 0, 0, 0
367000, 1071819, 0, 0, 0
368000, 1045150, 0, 0, 0
369000, 1149575, 0, 0, 0
370006, 1201627, 0, 0, 0
371000, 1164966, 0, 0, 0
372000, 1145900, 0, 0, 0
373005, 1217347, 0, 0, 0
374000, 1146819, 0, 0, 0
375000, 1070473, 0, 0, 0
376000, 980351, 0, 0, 0
377010, 920334, 0, 0, 0
378000, 905794, 0, 0, 0
379000, 894694, 0, 0, 0
380000, 901360, 0, 0, 0
381000, 890301, 0, 0, 0
382010, 896538, 0, 0, 0
383021, 903417, 0, 0, 0
384001, 1193550, 0, 0, 0
385000, 1112692, 0, 0, 0
386000, 1071473, 0, 0, 0
387000, 1041836, 0, 0, 0
388000, 1050712, 0, 0, 0
389000, 1011271, 0, 0, 0
390000, 1059779, 0, 0, 0
391010, 952039, 0, 0, 0
392006, 953026, 0, 0, 0
393000, 1029181, 0, 0, 0
394000, 1013595, 0, 0, 0
395014, 985569, 0, 0, 0
396005, 1076867, 0, 0, 0
397000, 1080368, 0, 0, 0
398000, 1140864, 0, 0, 0
399004, 1106205, 0, 0, 0
400000, 1106538, 0, 0, 0
401000, 1085351, 0, 0, 0
402001, 1124552, 0, 0, 0
403000, 1198654, 0, 0, 0
404000, 1102409, 0, 0, 0
405000, 1169552, 0, 0, 0
406000, 1140468, 0, 0, 0
407008, 1127774, 0, 0, 0
408001, 1166960, 0, 0, 0
409000, 1219247, 0, 0, 0
410000, 1224351, 0, 0, 0
411000, 1062754, 0, 0, 0
412000, 1075144, 0, 0, 0
413000, 1100394, 0, 0, 0
414003, 1059393, 0, 0, 0
415000, 1092561, 0, 0, 0
416000, 1099750, 0, 0, 0
417000, 1281491, 0, 0, 0
418000, 1199336, 0, 0, 0
419002, 1187313, 0, 0, 0
420000, 1309773, 0, 0, 0
421005, 1217511, 0, 0, 0
422001, 1190824, 0, 0, 0
423000, 1225294, 0, 0, 0
424002, 1168184, 0, 0, 0
425000, 1100251, 0, 0, 0
426000, 943939, 0, 0, 0
427000, 1010682, 0, 0, 0
428001, 1043946, 0, 0, 0
429000, 1084404, 0, 0, 0
430000, 1136978, 0, 0, 0
431000, 1053259, 0, 0, 0
432000, 1055241, 0, 0, 0
433002, 1207258, 0, 0, 0
434000, 1164738, 0, 0, 0
435000, 1150041, 0, 0, 0
436000, 1117015, 0, 0, 0
437001, 1059226, 0, 0, 0
438000, 1073518, 0, 0, 0
439000, 1083136, 0, 0, 0
440000, 1203007, 0, 0, 0
441000, 1169564, 0, 0, 0
442000, 1189712, 0, 0, 0
443000, 1235506, 0, 0, 0
444000, 1209274, 0, 0, 0
445004, 1071308, 0, 0, 0
446002, 1074211, 0, 0, 0
447002, 1148667, 0, 0, 0
448000, 1206300, 0, 0, 0
449000, 1218269, 0, 0, 0
450006, 1216486, 0, 0, 0
451000, 1160042, 0, 0, 0
452003, 1153286, 0, 0, 0
453000, 1250985, 0, 0, 0
454000, 1148353, 0, 0, 0
455000, 1023269, 0, 0, 0
456000, 1061546, 0, 0, 0
457000, 1034000, 0, 0, 0
458000, 984838, 0, 0, 0
459000, 985894, 0, 0, 0
460000, 1202763, 0, 0, 0
461000, 1205048, 0, 0, 0
462000, 1192966, 0, 0, 0
463000, 1253148, 0, 0, 0
464000, 1195325, 0, 0, 0
465001, 1126752, 0, 0, 0
466000, 1122177, 0, 0, 0
467000, 1137745, 0, 0, 0
468000, 1145087, 0, 0, 0
469002, 1171481, 0, 0, 0
470000, 1210336, 0, 0, 0
471007, 1134405, 0, 0, 0
472000, 1090940, 0, 0, 0
473002, 1096913, 0, 0, 0
474006, 1107130, 0, 0, 0
475000, 1079304, 0, 0, 0
476002, 1036906, 0, 0, 0
477002, 1022391, 0, 0, 0
478000, 1146214, 0, 0, 0
479000, 1120493, 0, 0, 0
480005, 1161314, 0, 0, 0
480005, 8816409, 0, 0, 0
