1000, 8216, 0, 0, 0
2000, 8854, 0, 0, 0
3000, 7748, 0, 0, 0
4000, 8614, 0, 0, 0
5001, 7990, 0, 0, 0
6000, 8189, 0, 0, 0
7006, 8212, 0, 0, 0
8000, 7315, 0, 0, 0
9000, 7781, 0, 0, 0
10001, 8224, 0, 0, 0
11000, 8166, 0, 0, 0
12005, 8492, 0, 0, 0
13000, 8535, 0, 0, 0
14002, 7643, 0, 0, 0
15001, 8001, 0, 0, 0
16002, 8000, 0, 0, 0
17000, 8116, 0, 0, 0
18001, 8469, 0, 0, 0
19002, 7841, 0, 0, 0
20001, 8261, 0, 0, 0
21003, 8206, 0, 0, 0
22001, 8250, 0, 0, 0
23011, 8196, 0, 0, 0
24000, 7353, 0, 0, 0
25000, 8031, 0, 0, 0
26000, 7907, 0, 0, 0
27002, 7866, 0, 0, 0
28005, 7864, 0, 0, 0
29001, 7730, 0, 0, 0
30000, 7584, 0, 0, 0
31004, 8182, 0, 0, 0
32001, 7597, 0, 0, 0
33002, 8217, 0, 0, 0
34006, 8276, 0, 0, 0
35001, 8010, 0, 0, 0
36000, 7985, 0, 0, 0
37000, 7362, 0, 0, 0
38000, 7348, 0, 0, 0
39000, 9145, 0, 0, 0
40001, 9814, 0, 0, 0
41000, 8287, 0, 0, 0
42000, 8041, 0, 0, 0
43000, 10777, 0, 0, 0
44001, 10031, 0, 0, 0
45008, 9756, 0, 0, 0
46000, 9579, 0, 0, 0
47000, 10522, 0, 0, 0
48000, 10245, 0, 0, 0
49000, 8671, 0, 0, 0
50000, 8151, 0, 0, 0
51000, 8124, 0, 0, 0
52001, 8371, 0, 0, 0
53001, 7947, 0, 0, 0
54000, 7434, 0, 0, 0
55000, 8082, 0, 0, 0
56000, 8221, 0, 0, 0
57008, 7630, 0, 0, 0
58002, 7522, 0, 0, 0
59009, 7627, 0, 0, 0
60001, 7417, 0, 0, 0
61000, 7008, 0, 0, 0
62007, 8140, 0, 0, 0
63003, 8655, 0, 0, 0
64000, 7616, 0, 0, 0
65002, 7907, 0, 0, 0
66002, 7658, 0, 0, 0
67000, 8069, 0, 0, 0
68003, 8455, 0, 0, 0
69000, 8218, 0, 0, 0
70006, 8263, 0, 0, 0
71000, 8376, 0, 0, 0
72001, 8240, 0, 0, 0
73000, 8919, 0, 0, 0
74001, 8325, 0, 0, 0
75003, 7634, 0, 0, 0
76000, 8136, 0, 0, 0
77000, 8137, 0, 0, 0
78001, 8508, 0, 0, 0
79001, 8625, 0, 0, 0
80001, 7775, 0, 0, 0
81000, 8400, 0, 0, 0
82005, 8091, 0, 0, 0
83001, 7442, 0, 0, 0
84000, 8204, 0, 0, 0
85004, 7730, 0, 0, 0
86001, 8299, 0, 0, 0
87002, 7071, 0, 0, 0
88000, 7843, 0, 0, 0
89000, 8236, 0, 0, 0
90002, 9282, 0, 0, 0
91014, 7896, 0, 0, 0
92004, 7593, 0, 0, 0
93001, 7802, 0, 0, 0
94000, 7905, 0, 0, 0
95000, 7763, 0, 0, 0
96001, 8481, 0, 0, 0
97001, 7980, 0, 0, 0
98000, 7577, 0, 0, 0
99002, 8050, 0, 0, 0
100000, 8153, 0, 0, 0
101002, 7929, 0, 0, 0
102002, 8485, 0, 0, 0
103000, 8345, 0, 0, 0
104003, 7975, 0, 0, 0
105001, 7701, 0, 0, 0
106002, 8661, 0, 0, 0
107002, 7815, 0, 0, 0
108002, 7969, 0, 0, 0
109000, 7654, 0, 0, 0
110001, 7863, 0, 0, 0
111000, 7724, 0, 0, 0
112000, 7977, 0, 0, 0
113010, 8127, 0, 0, 0
114001, 7929, 0, 0, 0
115000, 7937, 0, 0, 0
116000, 8276, 0, 0, 0
117002, 7967, 0, 0, 0
118000, 7848, 0, 0, 0
119000, 7750, 0, 0, 0
120002, 8040, 0, 0, 0
121000, 7884, 0, 0, 0
122000, 8180, 0, 0, 0
123000, 7347, 0, 0, 0
124000, 7525, 0, 0, 0
125000, 9137, 0, 0, 0
126000, 10738, 0, 0, 0
127000, 8044, 0, 0, 0
128000, 7458, 0, 0, 0
129001, 7921, 0, 0, 0
130000, 7739, 0, 0, 0
131004, 7921, 0, 0, 0
132005, 7723, 0, 0, 0
133000, 9150, 0, 0, 0
134002, 9977, 0, 0, 0
135001, 10700, 0, 0, 0
136000, 10307, 0, 0, 0
137000, 9983, 0, 0, 0
138001, 10195, 0, 0, 0
139002, 10669, 0, 0, 0
140000, 8685, 0, 0, 0
141001, 8692, 0, 0, 0
142002, 8141, 0, 0, 0
143000, 8391, 0, 0, 0
144000, 8217, 0, 0, 0
145001, 8108, 0, 0, 0
146000, 8570, 0, 0, 0
147000, 7687, 0, 0, 0
148000, 8120, 0, 0, 0
149005, 7978, 0, 0, 0
150001, 7574, 0, 0, 0
151000, 8422, 0, 0, 0
152000, 8816, 0, 0, 0
153000, 8150, 0, 0, 0
154018, 7841, 0, 0, 0
155001, 8276, 0, 0, 0
156003, 8049, 0, 0, 0
157002, 8017, 0, 0, 0
158000, 8202, 0, 0, 0
159003, 8563, 0, 0, 0
160005, 8083, 0, 0, 0
161001, 8011, 0, 0, 0
162000, 8393, 0, 0, 0
163003, 7578, 0, 0, 0
164000, 8205, 0, 0, 0
165000, 7981, 0, 0, 0
166000, 7993, 0, 0, 0
167001, 7553, 0, 0, 0
168001, 7872, 0, 0, 0
169000, 8943, 0, 0, 0
170000, 7410, 0, 0, 0
171000, 8375, 0, 0, 0
172000, 8508, 0, 0, 0
173003, 7939, 0, 0, 0
174000, 8492, 0, 0, 0
175000, 8032, 0, 0, 0
176005, 7952, 0, 0, 0
177000, 7512, 0, 0, 0
178000, 8626, 0, 0, 0
179002, 7871, 0, 0, 0
180000, 8416, 0, 0, 0
181004, 7766, 0, 0, 0
182004, 8487, 0, 0, 0
183001, 7912, 0, 0, 0
184000, 8235, 0, 0, 0
185000, 8354, 0, 0, 0
186004, 7865, 0, 0, 0
187000, 8717, 0, 0, 0
188001, 7591, 0, 0, 0
189000, 8166, 0, 0, 0
190000, 8275, 0, 0, 0
191001, 8026, 0, 0, 0
192000, 7832, 0, 0, 0
193000, 8707, 0, 0, 0
194000, 8908, 0, 0, 0
195000, 7876, 0, 0, 0
196000, 7895, 0, 0, 0
197003, 8516, 0, 0, 0
198000, 7334, 0, 0, 0
199019, 7220, 0, 0, 0
200003, 8193, 0, 0, 0
201000, 8577, 0, 0, 0
202000, 7904, 0, 0, 0
203006, 8091, 0, 0, 0
204005, 8323, 0, 0, 0
205001, 8059, 0, 0, 0
206000, 8009, 0, 0, 0
207000, 7492, 0, 0, 0
208000, 7942, 0, 0, 0
209008, 8333, 0, 0, 0
210000, 8476, 0, 0, 0
211000, 8534, 0, 0, 0
212000, 8326, 0, 0, 0
213000, 7635, 0, 0, 0
214000, 9167, 0, 0, 0
215001, 9660, 0, 0, 0
216000, 8142, 0, 0, 0
217003, 7975, 0, 0, 0
218000, 8086, 0, 0, 0
219002, 7958, 0, 0, 0
220000, 8009, 0, 0, 0
221003, 7706, 0, 0, 0
222000, 9300, 0, 0, 0
223000, 10068, 0, 0, 0
224003, 10227, 0, 0, 0
225000, 8302, 0, 0, 0
226000, 8528, 0, 0, 0
227000, 8310, 0, 0, 0
228000, 8587, 0, 0, 0
229000, 7649, 0, 0, 0
230000, 7783, 0, 0, 0
231001, 8682, 0, 0, 0
232004, 8630, 0, 0, 0
233000, 7542, 0, 0, 0
234003, 7810, 0, 0, 0
235002, 8084, 0, 0, 0
236000, 8035, 0, 0, 0
237000, 7451, 0, 0, 0
238000, 8462, 0, 0, 0
239002, 7830, 0, 0, 0
240000, 7855, 0, 0, 0
241009, 8176, 0, 0, 0
242002, 8053, 0, 0, 0
243008, 7724, 0, 0, 0
244003, 8355, 0, 0, 0
245004, 7972, 0, 0, 0
246000, 8459, 0, 0, 0
247000, 7968, 0, 0, 0
248000, 8105, 0, 0, 0
249005, 7799, 0, 0, 0
250000, 8473, 0, 0, 0
251000, 7599, 0, 0, 0
252000, 8384, 0, 0, 0
253005, 8087, 0, 0, 0
254000, 7866, 0, 0, 0
255001, 8132, 0, 0, 0
256000, 8351, 0, 0, 0
257002, 7886, 0, 0, 0
258003, 8392, 0, 0, 0
259007, 8647, 0, 0, 0
260004, 7415, 0, 0, 0
261002, 8330, 0, 0, 0
262000, 8136, 0, 0, 0
263002, 8511, 0, 0, 0
264001, 8423, 0, 0, 0
265000, 8060, 0, 0, 0
266000, 8490, 0, 0, 0
267000, 9440, 0, 0, 0
268000, 9179, 0, 0, 0
269002, 9017, 0, 0, 0
270003, 9271, 0, 0, 0
271000, 9232, 0, 0, 0
272003, 8837, 0, 0, 0
273000, 8263, 0, 0, 0
274000, 8037, 0, 0, 0
275001, 8121, 0, 0, 0
276000, 8601, 0, 0, 0
277005, 7363, 0, 0, 0
278010, 8149, 0, 0, 0
279001, 7314, 0, 0, 0
280003, 8147, 0, 0, 0
281000, 8097, 0, 0, 0
282002, 9316, 0, 0, 0
283000, 7887, 0, 0, 0
284000, 7904, 0, 0, 0
285005, 8759, 0, 0, 0
286001, 8177, 0, 0, 0
287005, 8207, 0, 0, 0
288001, 8333, 0, 0, 0
289007, 7688, 0, 0, 0
290002, 8376, 0, 0, 0
291002, 7914, 0, 0, 0
292000, 8933, 0, 0, 0
293000, 7585, 0, 0, 0
294000, 8431, 0, 0, 0
295002, 7674, 0, 0, 0
296001, 8630, 0, 0, 0
297000, 8310, 0, 0, 0
298004, 7764, 0, 0, 0
299000, 8701, 0, 0, 0
300000, 7182, 0, 0, 0
301000, 7995, 0, 0, 0
302000, 8080, 0, 0, 0
303002, 7975, 0, 0, 0
304005, 8513, 0, 0, 0
305003, 8486, 0, 0, 0
306000, 8034, 0, 0, 0
307001, 7314, 0, 0, 0
308000, 8674, 0, 0, 0
309001, 7531, 0, 0, 0
310002, 8481, 0, 0, 0
311001, 7746, 0, 0, 0
312000, 8193, 0, 0, 0
313001, 8485, 0, 0, 0
314000, 8084, 0, 0, 0
315004, 8495, 0, 0, 0
316004, 7979, 0, 0, 0
317000, 7701, 0, 0, 0
318000, 7841, 0, 0, 0
319004, 8175, 0, 0, 0
320000, 8187, 0, 0, 0
321001, 7842, 0, 0, 0
322004, 8799, 0, 0, 0
323000, 8154, 0, 0, 0
324000, 7926, 0, 0, 0
325001, 8397, 0, 0, 0
326002, 8456, 0, 0, 0
327000, 8378, 0, 0, 0
328002, 7768, 0, 0, 0
329000, 8776, 0, 0, 0
330000, 7795, 0, 0, 0
331002, 8460, 0, 0, 0
332008, 7896, 0, 0, 0
333000, 7342, 0, 0, 0
334001, 7774, 0, 0, 0
335000, 7952, 0, 0, 0
336000, 8210, 0, 0, 0
337001, 8262, 0, 0, 0
338000, 8065, 0, 0, 0
339003, 8481, 0, 0, 0
340002, 7898, 0, 0, 0
341000, 7681, 0, 0, 0
342000, 8184, 0, 0, 0
343000, 7968, 0, 0, 0
344000, 8562, 0, 0, 0
345000, 8473, 0, 0, 0
346000, 8413, 0, 0, 0
347000, 8080, 0, 0, 0
348000, 7988, 0, 0, 0
349000, 8051, 0, 0, 0
350001, 7247, 0, 0, 0
351003, 8381, 0, 0, 0
352001, 8347, 0, 0, 0
353000, 8096, 0, 0, 0
354000, 8262, 0, 0, 0
355000, 8620, 0, 0, 0
356006, 7746, 0, 0, 0
357005, 8022, 0, 0, 0
358003, 7853, 0, 0, 0
359004, 8149, 0, 0, 0
360003, 8280, 0, 0, 0
361000, 8318, 0, 0, 0
362000, 8630, 0, 0, 0
363000, 8182, 0, 0, 0
364001, 7497, 0, 0, 0
365001, 8438, 0, 0, 0
366000, 10566, 0, 0, 0
367000, 10393, 0, 0, 0
368000, 9463, 0, 0, 0
369000, 9546, 0, 0, 0
370001, 9489, 0, 0, 0
371007, 9677, 0, 0, 0
372006, 10422, 0, 0, 0
373000, 8283, 0, 0, 0
374005, 8311, 0, 0, 0
375001, 7964, 0, 0, 0
376001, 8335, 0, 0, 0
377001, 8330, 0, 0, 0
378000, 8808, 0, 0, 0
379001, 8536, 0, 0, 0
380000, 8153, 0, 0, 0
381000, 9052, 0, 0, 0
382000, 9146, 0, 0, 0
383000, 8730, 0, 0, 0
384001, 7859, 0, 0, 0
385003, 8885, 0, 0, 0
386000, 9125, 0, 0, 0
387000, 7873, 0, 0, 0
388002, 7371, 0, 0, 0
389000, 8126, 0, 0, 0
390000, 7903, 0, 0, 0
391005, 7689, 0, 0, 0
392001, 7789, 0, 0, 0
393003, 7763, 0, 0, 0
394001, 7870, 0, 0, 0
395000, 8630, 0, 0, 0
396002, 7933, 0, 0, 0
397004, 8993, 0, 0, 0
398004, 8478, 0, 0, 0
399000, 8422, 0, 0, 0
400000, 8107, 0, 0, 0
401000, 8048, 0, 0, 0
402000, 8391, 0, 0, 0
403000, 7753, 0, 0, 0
404000, 8292, 0, 0, 0
405000, 7770, 0, 0, 0
406002, 7750, 0, 0, 0
407000, 7873, 0, 0, 0
408002, 7918, 0, 0, 0
409000, 8076, 0, 0, 0
410003, 8195, 0, 0, 0
411000, 8420, 0, 0, 0
412002, 7856, 0, 0, 0
413000, 8457, 0, 0, 0
414000, 8307, 0, 0, 0
415000, 9273, 0, 0, 0
416000, 8903, 0, 0, 0
417002, 7557, 0, 0, 0
418001, 8155, 0, 0, 0
419002, 8801, 0, 0, 0
420004, 8550, 0, 0, 0
421000, 7744, 0, 0, 0
422000, 8927, 0, 0, 0
423005, 8664, 0, 0, 0
424000, 8025, 0, 0, 0
425001, 7903, 0, 0, 0
426002, 8097, 0, 0, 0
427001, 7577, 0, 0, 0
428001, 8332, 0, 0, 0
429000, 10037, 0, 0, 0
430002, 7543, 0, 0, 0
431001, 8155, 0, 0, 0
432004, 8868, 0, 0, 0
433005, 7909, 0, 0, 0
434001, 8324, 0, 0, 0
435000, 8760, 0, 0, 0
436006, 8100, 0, 0, 0
437002, 8393, 0, 0, 0
438001, 8339, 0, 0, 0
439007, 8125, 0, 0, 0
440000, 8530, 0, 0, 0
441003, 8847, 0, 0, 0
442001, 8612, 0, 0, 0
443005, 8027, 0, 0, 0
444006, 7781, 0, 0, 0
445001, 7912, 0, 0, 0
446000, 7938, 0, 0, 0
447000, 8114, 0, 0, 0
448000, 9317, 0, 0, 0
449000, 9252, 0, 0, 0
450005, 9011, 0, 0, 0
451001, 10433, 0, 0, 0
452000, 10658, 0, 0, 0
453004, 11156, 0, 0, 0
454004, 8320, 0, 0, 0
455000, 8098, 0, 0, 0
456000, 7721, 0, 0, 0
457002, 8459, 0, 0, 0
458000, 7751, 0, 0, 0
459002, 8302, 0, 0, 0
460000, 7719, 0, 0, 0
461000, 8149, 0, 0, 0
462000, 8984, 0, 0, 0
463000, 7589, 0, 0, 0
464000, 7973, 0, 0, 0
465000, 8419, 0, 0, 0
466001, 7823, 0, 0, 0
467001, 8548, 0, 0, 0
468000, 8319, 0, 0, 0
469003, 8233, 0, 0, 0
470009, 8165, 0, 0, 0
471004, 8255, 0, 0, 0
472000, 8071, 0, 0, 0
473000, 8656, 0, 0, 0
474000, 8298, 0, 0, 0
475000, 8177, 0, 0, 0
476000, 8270, 0, 0, 0
477003, 8193, 0, 0, 0
478002, 7690, 0, 0, 0
479000, 7940, 0, 0, 0
480000, 7463, 0, 0, 0
