1000, 3658494, 0, 0, 0
2001, 3491889, 0, 0, 0
3003, 3256336, 0, 0, 0
4000, 3474231, 0, 0, 0
5002, 3370919, 0, 0, 0
6001, 3393855, 0, 0, 0
7001, 3408864, 0, 0, 0
8001, 3353214, 0, 0, 0
9003, 3569776, 0, 0, 0
10002, 3501901, 0, 0, 0
11001, 3435790, 0, 0, 0
12001, 3353807, 0, 0, 0
13000, 3629068, 0, 0, 0
14004, 3325858, 0, 0, 0
15004, 3508998, 0, 0, 0
16006, 3302503, 0, 0, 0
17002, 3345450, 0, 0, 0
18001, 3546206, 0, 0, 0
19004, 3141816, 0, 0, 0
20000, 3397447, 0, 0, 0
21009, 3436467, 0, 0, 0
22005, 3154701, 0, 0, 0
23007, 3446935, 0, 0, 0
24004, 3343413, 0, 0, 0
25003, 3308086, 0, 0, 0
26006, 3433955, 0, 0, 0
27001, 3206497, 0, 0, 0
28007, 3315721, 0, 0, 0
29002, 3494154, 0, 0, 0
30005, 3298484, 0, 0, 0
31002, 3380634, 0, 0, 0
32005, 3268625, 0, 0, 0
33001, 3400989, 0, 0, 0
34003, 3426343, 0, 0, 0
35001, 3392650, 0, 0, 0
36000, 2395604, 0, 0, 0
37001, 1649107, 0, 0, 0
38001, 1891974, 0, 0, 0
39001, 2870525, 0, 0, 0
40001, 2741438, 0, 0, 0
41000, 2097526, 0, 0, 0
42002, 3586808, 0, 0, 0
43003, 4976070, 0, 0, 0
44000, 4637469, 0, 0, 0
45001, 4623747, 0, 0, 0
46001, 4764773, 0, 0, 0
47000, 5031569, 0, 0, 0
48001, 5149660, 0, 0, 0
49000, 3365185, 0, 0, 0
50001, 3178042, 0, 0, 0
51001, 3455004, 0, 0, 0
52003, 3534530, 0, 0, 0
53003, 3532687, 0, 0, 0
54001, 3463700, 0, 0, 0
55000, 3385022, 0, 0, 0
56000, 3639025, 0, 0, 0
57001, 3095015, 0, 0, 0
58005, 3371385, 0, 0, 0
59009, 3381559, 0, 0, 0
60003, 3449992, 0, 0, 0
61000, 3536163, 0, 0, 0
62001, 3337287, 0, 0, 0
63004, 3479899, 0, 0, 0
64000, 3704616, 0, 0, 0
65004, 2869197, 0, 0, 0
66006, 3211855, 0, 0, 0
67001, 3267266, 0, 0, 0
68006, 3399983, 0, 0, 0
69006, 3316826, 0, 0, 0
70003, 3217249, 0, 0, 0
71000, 3257692, 0, 0, 0
72002, 3483744, 0, 0, 0
73000, 3783344, 0, 0, 0
74001, 3203411, 0, 0, 0
75000, 3596555, 0, 0, 0
76005, 3403725, 0, 0, 0
77000, 3755945, 0, 0, 0
78001, 3534395, 0, 0, 0
79005, 3660808, 0, 0, 0
80005, 3483055, 0, 0, 0
81001, 3414500, 0, 0, 0
82001, 3393615, 0, 0, 0
83002, 3470675, 0, 0, 0
84000, 3546000, 0, 0, 0
85007, 3484147, 0, 0, 0
86013, 3476092, 0, 0, 0
87007, 3440997, 0, 0, 0
88000, 3616119, 0, 0, 0
89001, 3169156, 0, 0, 0
90006, 3441572, 0, 0, 0
91009, 3275639, 0, 0, 0
92017, 3387246, 0, 0, 0
93005, 3484602, 0, 0, 0
94000, 3553703, 0, 0, 0
95003, 3067066, 0, 0, 0
96003, 3398085, 0, 0, 0
97004, 3393572, 0, 0, 0
98000, 3516718, 0, 0, 0
99000, 3341755, 0, 0, 0
100002, 3697292, 0, 0, 0
101000, 3362076, 0, 0, 0
102001, 3438892, 0, 0, 0
103002, 3379480, 0, 0, 0
104006, 3501686, 0, 0, 0
105006, 3319968, 0, 0, 0
106007, 3475051, 0, 0, 0
107005, 3403024, 0, 0, 0
108000, 3337551, 0, 0, 0
109000, 3610901, 0, 0, 0
110000, 3158497, 0, 0, 0
111003, 3281534, 0, 0, 0
112000, 3129006, 0, 0, 0
113005, 3338223, 0, 0, 0
114004, 3130961, 0, 0, 0
115003, 3251407, 0, 0, 0
116000, 3619442, 0, 0, 0
117004, 2500982, 0, 0, 0
118000, 2823488, 0, 0, 0
119001, 2399433, 0, 0, 0
120001, 3409301, 0, 0, 0
121000, 3047592, 0, 0, 0
122000, 1889131, 0, 0, 0
123004, 1536650, 0, 0, 0
124000, 1881326, 0, 0, 0
125002, 3674398, 0, 0, 0
126000, 4651792, 0, 0, 0
127002, 2340187, 0, 0, 0
128000, 3125916, 0, 0, 0
129005, 3074486, 0, 0, 0
130000, 3247233, 0, 0, 0
131011, 2693858, 0, 0, 0
132009, 3287896, 0, 0, 0
133000, 3831069, 0, 0, 0
134004, 4466870, 0, 0, 0
135000, 5117449, 0, 0, 0
136005, 5238558, 0, 0, 0
137000, 4839161, 0, 0, 0
138002, 4946755, 0, 0, 0
139000, 5258507, 0, 0, 0
140004, 4079679, 0, 0, 0
141000, 3846306, 0, 0, 0
142000, 3708584, 0, 0, 0
143000, 3467116, 0, 0, 0
144002, 2987472, 0, 0, 0
145003, 3282183, 0, 0, 0
146000, 3539242, 0, 0, 0
147000, 3297524, 0, 0, 0
148009, 3207750, 0, 0, 0
149002, 3420120, 0, 0, 0
150006, 3527740, 0, 0, 0
151002, 3654360, 0, 0, 0
152000, 3739518, 0, 0, 0
153002, 3567505, 0, 0, 0
154005, 3577772, 0, 0, 0
155000, 3546096, 0, 0, 0
156010, 3439635, 0, 0, 0
157005, 3445402, 0, 0, 0
158001, 3275274, 0, 0, 0
159000, 3444000, 0, 0, 0
160001, 3382316, 0, 0, 0
161000, 3342983, 0, 0, 0
162000, 3645549, 0, 0, 0
163006, 3189041, 0, 0, 0
164000, 3520222, 0, 0, 0
165004, 3393330, 0, 0, 0
166000, 3651777, 0, 0, 0
167003, 3219106, 0, 0, 0
168002, 3539571, 0, 0, 0
169001, 3682158, 0, 0, 0
170002, 3323828, 0, 0, 0
171003, 3338298, 0, 0, 0
172001, 3539692, 0, 0, 0
173000, 3446290, 0, 0, 0
174000, 3433321, 0, 0, 0
175000, 3369463, 0, 0, 0
176003, 3463870, 0, 0, 0
177002, 3210736, 0, 0, 0
178005, 3270896, 0, 0, 0
179001, 3075487, 0, 0, 0
180000, 3463630, 0, 0, 0
181005, 2952350, 0, 0, 0
182003, 3207926, 0, 0, 0
183001, 3338445, 0, 0, 0
184004, 3278944, 0, 0, 0
185000, 3649808, 0, 0, 0
186002, 3163999, 0, 0, 0
187000, 3712380, 0, 0, 0
188002, 3176283, 0, 0, 0
189003, 3413257, 0, 0, 0
190000, 3937139, 0, 0, 0
191003, 3164690, 0, 0, 0
192000, 3495270, 0, 0, 0
193000, 3390299, 0, 0, 0
194000, 3715777, 0, 0, 0
195000, 3156056, 0, 0, 0
196003, 3483588, 0, 0, 0
197000, 3400784, 0, 0, 0
198006, 3397677, 0, 0, 0
199013, 3414426, 0, 0, 0
200000, 3356230, 0, 0, 0
201001, 3434787, 0, 0, 0
202003, 3282605, 0, 0, 0
203001, 3607467, 0, 0, 0
204000, 3392435, 0, 0, 0
205003, 3431828, 0, 0, 0
206000, 3394397, 0, 0, 0
207002, 3381881, 0, 0, 0
208000, 3591477, 0, 0, 0
209004, 3255113, 0, 0, 0
210002, 3401154, 0, 0, 0
211004, 3498259, 0, 0, 0
212001, 3438377, 0, 0, 0
213003, 3067693, 0, 0, 0
214000, 4703943, 0, 0, 0
215001, 4174324, 0, 0, 0
216002, 2649723, 0, 0, 0
217003, 3245929, 0, 0, 0
218002, 3430850, 0, 0, 0
219005, 3158852, 0, 0, 0
220000, 3421589, 0, 0, 0
221002, 2807397, 0, 0, 0
222000, 3810017, 0, 0, 0
223000, 4923876, 0, 0, 0
224002, 4700610, 0, 0, 0
225001, 3334306, 0, 0, 0
226001, 3335616, 0, 0, 0
227002, 3465035, 0, 0, 0
228000, 3789429, 0, 0, 0
229002, 3256934, 0, 0, 0
230000, 3480371, 0, 0, 0
231003, 3404484, 0, 0, 0
232004, 3462924, 0, 0, 0
233004, 3472909, 0, 0, 0
234000, 3510947, 0, 0, 0
235005, 3470531, 0, 0, 0
236000, 3672817, 0, 0, 0
237001, 3168469, 0, 0, 0
238001, 3519086, 0, 0, 0
239004, 3533223, 0, 0, 0
240000, 3402172, 0, 0, 0
241016, 3478168, 0, 0, 0
242012, 3422482, 0, 0, 0
243003, 3239256, 0, 0, 0
244001, 3055854, 0, 0, 0
245002, 3088175, 0, 0, 0
246002, 3110888, 0, 0, 0
247004, 3138244, 0, 0, 0
248000, 3312902, 0, 0, 0
249002, 2918985, 0, 0, 0
250002, 2813509, 0, 0, 0
251000, 2939000, 0, 0, 0
252000, 3339985, 0, 0, 0
253003, 2890025, 0, 0, 0
254001, 3402608, 0, 0, 0
255001, 3218636, 0, 0, 0
256000, 3381779, 0, 0, 0
257005, 3035994, 0, 0, 0
258005, 3504582, 0, 0, 0
259005, 3485816, 0, 0, 0
260001, 3576116, 0, 0, 0
261000, 3486922, 0, 0, 0
262002, 3540098, 0, 0, 0
263003, 3384127, 0, 0, 0
264004, 3464697, 0, 0, 0
265003, 3339258, 0, 0, 0
266002, 3270228, 0, 0, 0
267000, 4640881, 0, 0, 0
268000, 4557916, 0, 0, 0
269004, 4146399, 0, 0, 0
270001, 4429317, 0, 0, 0
271001, 4030762, 0, 0, 0
272001, 3650602, 0, 0, 0
273000, 3670911, 0, 0, 0
274000, 3467032, 0, 0, 0
275001, 3421158, 0, 0, 0
276003, 3464898, 0, 0, 0
277006, 3442198, 0, 0, 0
278000, 3381188, 0, 0, 0
279005, 3295782, 0, 0, 0
280002, 3338974, 0, 0, 0
281000, 3391066, 0, 0, 0
282000, 3578991, 0, 0, 0
283003, 3378484, 0, 0, 0
284000, 3688517, 0, 0, 0
285002, 3274427, 0, 0, 0
286003, 3355334, 0, 0, 0
287001, 3464500, 0, 0, 0
288000, 3585708, 0, 0, 0
289001, 3443625, 0, 0, 0
290002, 3535717, 0, 0, 0
291004, 3309916, 0, 0, 0
292002, 3567786, 0, 0, 0
293001, 3311563, 0, 0, 0
294000, 3743166, 0, 0, 0
295003, 3197285, 0, 0, 0
296008, 3456593, 0, 0, 0
297000, 3770276, 0, 0, 0
298002, 3294705, 0, 0, 0
299004, 3397216, 0, 0, 0
300000, 3370840, 0, 0, 0
301004, 3229219, 0, 0, 0
302000, 3394993, 0, 0, 0
303001, 3196603, 0, 0, 0
304005, 3354233, 0, 0, 0
305000, 3337910, 0, 0, 0
306001, 3408291, 0, 0, 0
307001, 3292467, 0, 0, 0
308000, 3592600, 0, 0, 0
309000, 3156225, 0, 0, 0
310006, 3578861, 0, 0, 0
311001, 3547695, 0, 0, 0
312010, 3505332, 0, 0, 0
313002, 3579189, 0, 0, 0
314001, 3533006, 0, 0, 0
315002, 3578868, 0, 0, 0
316003, 3801754, 0, 0, 0
317001, 3255434, 0, 0, 0
318001, 3382862, 0, 0, 0
319008, 3415803, 0, 0, 0
320000, 3831705, 0, 0, 0
321004, 3348092, 0, 0, 0
322013, 3489158, 0, 0, 0
323001, 3466900, 0, 0, 0
324000, 3603065, 0, 0, 0
325001, 3619876, 0, 0, 0
326002, 3525924, 0, 0, 0
327001, 3594236, 0, 0, 0
328003, 3549813, 0, 0, 0
329001, 3576243, 0, 0, 0
330002, 3482321, 0, 0, 0
331001, 3570361, 0, 0, 0
332004, 3331958, 0, 0, 0
333003, 3082973, 0, 0, 0
334004, 3174414, 0, 0, 0
335000, 3432212, 0, 0, 0
336000, 3223752, 0, 0, 0
337004, 3119351, 0, 0, 0
338000, 3196604, 0, 0, 0
339002, 3358808, 0, 0, 0
340000, 3170753, 0, 0, 0
341000, 3063044, 0, 0, 0
342001, 3260109, 0, 0, 0
343000, 3514931, 0, 0, 0
344000, 3450266, 0, 0, 0
345000, 3399458, 0, 0, 0
346000, 3308232, 0, 0, 0
347002, 3056737, 0, 0, 0
348000, 3314038, 0, 0, 0
349000, 3282620, 0, 0, 0
350000, 3042842, 0, 0, 0
351000, 3368403, 0, 0, 0
352000, 3312935, 0, 0, 0
353002, 3197577, 0, 0, 0
354001, 3495938, 0, 0, 0
355002, 3666418, 0, 0, 0
356002, 3524090, 0, 0, 0
357002, 3433940, 0, 0, 0
358000, 3571000, 0, 0, 0
359002, 3411039, 0, 0, 0
360000, 3523023, 0, 0, 0
361002, 3596982, 0, 0, 0
362000, 3748758, 0, 0, 0
363002, 3208745, 0, 0, 0
364003, 3119002, 0, 0, 0
365000, 3855701, 0, 0, 0
366001, 5000093, 0, 0, 0
367002, 4984843, 0, 0, 0
368002, 4491791, 0, 0, 0
369000, 4876761, 0, 0, 0
370004, 4775036, 0, 0, 0
371008, 4669914, 0, 0, 0
372002, 4727166, 0, 0, 0
373001, 3416902, 0, 0, 0
374003, 3405408, 0, 0, 0
375003, 3253988, 0, 0, 0
376001, 3614984, 0, 0, 0
377000, 3623145, 0, 0, 0
378000, 3452177, 0, 0, 0
379004, 3545326, 0, 0, 0
380001, 3440667, 0, 0, 0
381000, 3654694, 0, 0, 0
382001, 3560671, 0, 0, 0
383000, 3572344, 0, 0, 0
384000, 3365514, 0, 0, 0
385002, 3627302, 0, 0, 0
386000, 3822665, 0, 0, 0
387000, 3088903, 0, 0, 0
388007, 3220441, 0, 0, 0
389000, 3223633, 0, 0, 0
390000, 3487855, 0, 0, 0
391001, 3037467, 0, 0, 0
392006, 3073534, 0, 0, 0
393001, 2899178, 0, 0, 0
394008, 3014974, 0, 0, 0
395002, 3481569, 0, 0, 0
396005, 3345151, 0, 0, 0
397002, 3552369, 0, 0, 0
398002, 3469023, 0, 0, 0
399001, 3585292, 0, 0, 0
400003, 3521631, 0, 0, 0
401002, 3458384, 0, 0, 0
402001, 3509060, 0, 0, 0
403005, 3399412, 0, 0, 0
404001, 3420294, 0, 0, 0
405000, 3533888, 0, 0, 0
406001, 3231565, 0, 0, 0
407003, 3454994, 0, 0, 0
408001, 3423693, 0, 0, 0
409000, 3715551, 0, 0, 0
410000, 3139105, 0, 0, 0
411000, 3670711, 0, 0, 0
412003, 3150909, 0, 0, 0
413001, 3275761, 0, 0, 0
414001, 3510002, 0, 0, 0
415003, 3574914, 0, 0, 0
416000, 3605518, 0, 0, 0
417006, 3327386, 0, 0, 0
418001, 3335277, 0, 0, 0
419004, 3404835, 0, 0, 0
420001, 3307242, 0, 0, 0
421000, 3186678, 0, 0, 0
422000, 3535819, 0, 0, 0
423004, 3137146, 0, 0, 0
424000, 3466376, 0, 0, 0
425001, 2929705, 0, 0, 0
426000, 3282282, 0, 0, 0
427003, 2692764, 0, 0, 0
428000, 2977520, 0, 0, 0
429002, 4266475, 0, 0, 0
430002, 3101064, 0, 0, 0
431004, 2993925, 0, 0, 0
432004, 3659041, 0, 0, 0
433003, 3466639, 0, 0, 0
434003, 3520887, 0, 0, 0
435000, 4028376, 0, 0, 0
436001, 3234428, 0, 0, 0
437001, 3520186, 0, 0, 0
438004, 3826567, 0, 0, 0
439002, 3209280, 0, 0, 0
440000, 3493052, 0, 0, 0
441005, 3504276, 0, 0, 0
442004, 3589900, 0, 0, 0
443000, 3240872, 0, 0, 0
444003, 2885799, 0, 0, 0
445000, 2827712, 0, 0, 0
446000, 3117379, 0, 0, 0
447000, 2650347, 0, 0, 0
448000, 2350285, 0, 0, 0
449002, 2304990, 0, 0, 0
450002, 2514519, 0, 0, 0
451003, 4950937, 0, 0, 0
452000, 4821029, 0, 0, 0
453002, 5396620, 0, 0, 0
454002, 3823799, 0, 0, 0
455000, 3329687, 0, 0, 0
456000, 3087020, 0, 0, 0
457000, 3112140, 0, 0, 0
458000, 3036921, 0, 0, 0
459001, 2968600, 0, 0, 0
460000, 3226011, 0, 0, 0
461002, 3085239, 0, 0, 0
462000, 3628022, 0, 0, 0
463000, 3389640, 0, 0, 0
464002, 3360699, 0, 0, 0
465000, 3810106, 0, 0, 0
466000, 3365719, 0, 0, 0
467000, 3489343, 0, 0, 0
468000, 3826287, 0, 0, 0
469002, 3332984, 0, 0, 0
470004, 3561581, 0, 0, 0
471001, 3510180, 0, 0, 0
472000, 3335664, 0, 0, 0
473000, 3536278, 0, 0, 0
474001, 3227230, 0, 0, 0
475001, 3525104, 0, 0, 0
476000, 3516114, 0, 0, 0
477006, 3365938, 0, 0, 0
478015, 3493665, 0, 0, 0
479001, 3398246, 0, 0, 0
480002, 3392282, 0, 0, 0
480013, 44508804, 0, 0, 0
