1013, 928775, 0, 0, 0
2000, 924797, 0, 0, 0
3000, 922296, 0, 0, 0
4000, 918728, 0, 0, 0
5013, 915373, 0, 0, 0
6000, 955186, 0, 0, 0
7013, 922615, 0, 0, 0
8005, 921970, 0, 0, 0
9013, 930781, 0, 0, 0
10001, 903739, 0, 0, 0
11000, 937871, 0, 0, 0
12000, 936186, 0, 0, 0
13000, 906480, 0, 0, 0
14005, 917194, 0, 0, 0
15000, 906205, 0, 0, 0
16013, 901199, 0, 0, 0
17013, 900147, 0, 0, 0
18000, 941982, 0, 0, 0
19005, 1009229, 0, 0, 0
20013, 990268, 0, 0, 0
21000, 978504, 0, 0, 0
22003, 969831, 0, 0, 0
23000, 957122, 0, 0, 0
24000, 967665, 0, 0, 0
25009, 959886, 0, 0, 0
26005, 949002, 0, 0, 0
27013, 941954, 0, 0, 0
28009, 946209, 0, 0, 0
29009, 933493, 0, 0, 0
30000, 956403, 0, 0, 0
31005, 1011870, 0, 0, 0
32000, 973724, 0, 0, 0
33000, 980048, 0, 0, 0
34000, 1000028, 0, 0, 0
35004, 977155, 0, 0, 0
36000, 1049683, 0, 0, 0
37000, 1132260, 0, 0, 0
38000, 1100821, 0, 0, 0
39000, 1585532, 0, 0, 0
40000, 2865184, 0, 0, 0
41000, 3837955, 0, 0, 0
42000, 2971399, 0, 0, 0
43000, 2651090, 0, 0, 0
44000, 3194575, 0, 0, 0
45000, 1323263, 0, 0, 0
46000, 1092487, 0, 0, 0
47000, 1091351, 0, 0, 0
48000, 1111037, 0, 0, 0
49005, 1124212, 0, 0, 0
50006, 1126553, 0, 0, 0
51003, 1114963, 0, 0, 0
52000, 1083147, 0, 0, 0
53000, 1025213, 0, 0, 0
54000, 1016891, 0, 0, 0
55004, 1024713, 0, 0, 0
56000, 1030656, 0, 0, 0
57001, 1016986, 0, 0, 0
58000, 1186320, 0, 0, 0
59000, 1968736, 0, 0, 0
60000, 4348884, 0, 0, 0
61000, 2941253, 0, 0, 0
62000, 2098048, 0, 0, 0
63000, 1687308, 0, 0, 0
64013, 1237820, 0, 0, 0
65000, 915223, 0, 0, 0
66005, 949730, 0, 0, 0
67000, 942728, 0, 0, 0
68001, 913907, 0, 0, 0
69005, 919553, 0, 0, 0
70000, 951513, 0, 0, 0
71000, 926229, 0, 0, 0
72000, 993288, 0, 0, 0
73000, 1001293, 0, 0, 0
74000, 945109, 0, 0, 0
75000, 942406, 0, 0, 0
76000, 931904, 0, 0, 0
77000, 943271, 0, 0, 0
78009, 976120, 0, 0, 0
79001, 986859, 0, 0, 0
80000, 1037612, 0, 0, 0
81008, 983982, 0, 0, 0
82000, 1140445, 0, 0, 0
83000, 1150985, 0, 0, 0
84000, 1178676, 0, 0, 0
85000, 2598940, 0, 0, 0
86000, 3633446, 0, 0, 0
87000, 4628790, 0, 0, 0
88000, 3598479, 0, 0, 0
89000, 4293585, 0, 0, 0
90000, 3879865, 0, 0, 0
91000, 1876435, 0, 0, 0
92000, 1952990, 0, 0, 0
93000, 1994945, 0, 0, 0
94013, 948840, 0, 0, 0
95000, 939524, 0, 0, 0
96000, 930280, 0, 0, 0
97000, 923149, 0, 0, 0
98005, 923503, 0, 0, 0
99009, 919859, 0, 0, 0
100001, 1005417, 0, 0, 0
101000, 968218, 0, 0, 0
102005, 943610, 0, 0, 0
103000, 920353, 0, 0, 0
104000, 950683, 0, 0, 0
105000, 909577, 0, 0, 0
106012, 970832, 0, 0, 0
107000, 1016984, 0, 0, 0
108000, 1019423, 0, 0, 0
109005, 982064, 0, 0, 0
110000, 1102584, 0, 0, 0
111000, 1171752, 0, 0, 0
112000, 1209578, 0, 0, 0
113000, 2893437, 0, 0, 0
114000, 3968844, 0, 0, 0
115000, 4202210, 0, 0, 0
116000, 4332454, 0, 0, 0
117000, 4287539, 0, 0, 0
118000, 4722358, 0, 0, 0
119000, 3630330, 0, 0, 0
120000, 2174323, 0, 0, 0
121001, 1295737, 0, 0, 0
122000, 994106, 0, 0, 0
123000, 923687, 0, 0, 0
124013, 942102, 0, 0, 0
125000, 924034, 0, 0, 0
126009, 915012, 0, 0, 0
127000, 922556, 0, 0, 0
128000, 975335, 0, 0, 0
129013, 911728, 0, 0, 0
130005, 942592, 0, 0, 0
131001, 930233, 0, 0, 0
132000, 956503, 0, 0, 0
133009, 949836, 0, 0, 0
134005, 988904, 0, 0, 0
135000, 925669, 0, 0, 0
136000, 950536, 0, 0, 0
137000, 964471, 0, 0, 0
138013, 949957, 0, 0, 0
139004, 970460, 0, 0, 0
140000, 1004943, 0, 0, 0
141000, 1191543, 0, 0, 0
142004, 1176792, 0, 0, 0
143000, 1147801, 0, 0, 0
144001, 1248568, 0, 0, 0
145000, 1246305, 0, 0, 0
146000, 1242694, 0, 0, 0
147000, 1223289, 0, 0, 0
148005, 951035, 0, 0, 0
149000, 902219, 0, 0, 0
150013, 903119, 0, 0, 0
151009, 900498, 0, 0, 0
152000, 907552, 0, 0, 0
153000, 896562, 0, 0, 0
154000, 935654, 0, 0, 0
155000, 1187242, 0, 0, 0
156000, 1128436, 0, 0, 0
157000, 1144291, 0, 0, 0
158000, 1199937, 0, 0, 0
159000, 1153245, 0, 0, 0
160000, 1184229, 0, 0, 0
161006, 1176491, 0, 0, 0
162000, 1927344, 0, 0, 0
163000, 3764976, 0, 0, 0
164000, 4251320, 0, 0, 0
165000, 3184741, 0, 0, 0
166000, 2938726, 0, 0, 0
167000, 1583613, 0, 0, 0
168000, 953089, 0, 0, 0
169000, 960352, 0, 0, 0
170013, 935393, 0, 0, 0
171008, 920458, 0, 0, 0
172000, 931050, 0, 0, 0
173013, 899808, 0, 0, 0
174004, 914505, 0, 0, 0
175000, 905200, 0, 0, 0
176000, 1023590, 0, 0, 0
177000, 1009364, 0, 0, 0
178000, 1002701, 0, 0, 0
179012, 956324, 0, 0, 0
180000, 973182, 0, 0, 0
181004, 932615, 0, 0, 0
182000, 1007106, 0, 0, 0
183002, 995443, 0, 0, 0
184000, 1038909, 0, 0, 0
185008, 986192, 0, 0, 0
186000, 1027267, 0, 0, 0
187001, 1057210, 0, 0, 0
188003, 1074215, 0, 0, 0
189000, 1284788, 0, 0, 0
190004, 1188155, 0, 0, 0
191000, 1853510, 0, 0, 0
192000, 2039244, 0, 0, 0
193000, 4086056, 0, 0, 0
194000, 4040193, 0, 0, 0
195000, 3481228, 0, 0, 0
196000, 4795265, 0, 0, 0
197000, 4022503, 0, 0, 0
198000, 2869617, 0, 0, 0
199000, 1954544, 0, 0, 0
200000, 1685105, 0, 0, 0
201000, 1492565, 0, 0, 0
202000, 2018276, 0, 0, 0
203000, 2916773, 0, 0, 0
204000, 3683934, 0, 0, 0
205000, 3588660, 0, 0, 0
206000, 3950444, 0, 0, 0
207000, 4134672, 0, 0, 0
208000, 4302107, 0, 0, 0
209000, 4233823, 0, 0, 0
210000, 4171597, 0, 0, 0
211000, 3610735, 0, 0, 0
212000, 3719420, 0, 0, 0
213000, 3149795, 0, 0, 0
214000, 2206550, 0, 0, 0
215000, 3159434, 0, 0, 0
216000, 3700972, 0, 0, 0
217000, 2493263, 0, 0, 0
218000, 3653582, 0, 0, 0
219000, 3765899, 0, 0, 0
220000, 3830845, 0, 0, 0
221000, 4346057, 0, 0, 0
222000, 3830775, 0, 0, 0
223000, 2853106, 0, 0, 0
224000, 3385888, 0, 0, 0
225000, 2827687, 0, 0, 0
226000, 1914039, 0, 0, 0
227000, 2079191, 0, 0, 0
228000, 2836900, 0, 0, 0
229000, 2693603, 0, 0, 0
230000, 3854154, 0, 0, 0
231000, 3741738, 0, 0, 0
232000, 2963133, 0, 0, 0
233000, 3519553, 0, 0, 0
234000, 3674000, 0, 0, 0
235000, 3512148, 0, 0, 0
236000, 4172460, 0, 0, 0
237000, 4131830, 0, 0, 0
238000, 3703549, 0, 0, 0
239000, 4693824, 0, 0, 0
240000, 4409234, 0, 0, 0
241000, 4436102, 0, 0, 0
242000, 3875371, 0, 0, 0
243000, 4085354, 0, 0, 0
244000, 3917143, 0, 0, 0
245000, 4109513, 0, 0, 0
246000, 3790986, 0, 0, 0
247000, 4635118, 0, 0, 0
248000, 4605732, 0, 0, 0
249000, 4449218, 0, 0, 0
250000, 4428812, 0, 0, 0
251000, 4538938, 0, 0, 0
252000, 4101390, 0, 0, 0
253000, 4206372, 0, 0, 0
254001, 1323515, 0, 0, 0
255000, 1496748, 0, 0, 0
256000, 1216727, 0, 0, 0
257003, 1191662, 0, 0, 0
258000, 1177156, 0, 0, 0
259000, 1249282, 0, 0, 0
260000, 1182077, 0, 0, 0
261000, 1181977, 0, 0, 0
262002, 1229065, 0, 0, 0
263000, 2406260, 0, 0, 0
264000, 4474985, 0, 0, 0
265000, 3469548, 0, 0, 0
266000, 3850283, 0, 0, 0
267000, 3742251, 0, 0, 0
268000, 2776335, 0, 0, 0
269000, 2130341, 0, 0, 0
270000, 2499655, 0, 0, 0
271000, 2587921, 0, 0, 0
272000, 2541800, 0, 0, 0
273000, 3143331, 0, 0, 0
274000, 2847761, 0, 0, 0
275000, 2732221, 0, 0, 0
276000, 2961667, 0, 0, 0
277000, 4101029, 0, 0, 0
278000, 4163503, 0, 0, 0
279000, 4020422, 0, 0, 0
280000, 3061449, 0, 0, 0
281000, 4408345, 0, 0, 0
282000, 4788648, 0, 0, 0
283000, 4010022, 0, 0, 0
284000, 2824810, 0, 0, 0
285000, 2897995, 0, 0, 0
286000, 3007501, 0, 0, 0
287000, 2640665, 0, 0, 0
288000, 2972571, 0, 0, 0
289000, 2619994, 0, 0, 0
290000, 2777840, 0, 0, 0
291000, 3183903, 0, 0, 0
292000, 2774861, 0, 0, 0
293000, 1768703, 0, 0, 0
294003, 1679108, 0, 0, 0
295004, 1569818, 0, 0, 0
296000, 1268779, 0, 0, 0
297004, 1196164, 0, 0, 0
298000, 1148000, 0, 0, 0
299000, 1236296, 0, 0, 0
300003, 1158386, 0, 0, 0
301000, 2683600, 0, 0, 0
302000, 4059170, 0, 0, 0
303000, 4472347, 0, 0, 0
304000, 3730347, 0, 0, 0
305000, 2781152, 0, 0, 0
306000, 3865517, 0, 0, 0
307000, 4394616, 0, 0, 0
308000, 3750864, 0, 0, 0
309000, 3179598, 0, 0, 0
310000, 3421283, 0, 0, 0
311000, 3600923, 0, 0, 0
312000, 3673265, 0, 0, 0
313000, 4409140, 0, 0, 0
314000, 4165284, 0, 0, 0
315000, 3894201, 0, 0, 0
316000, 4390532, 0, 0, 0
317000, 3896604, 0, 0, 0
318000, 4287252, 0, 0, 0
319000, 4030029, 0, 0, 0
320000, 3829566, 0, 0, 0
321000, 4128309, 0, 0, 0
322000, 4191304, 0, 0, 0
323000, 3604395, 0, 0, 0
324000, 3923420, 0, 0, 0
325000, 4055902, 0, 0, 0
326000, 3266060, 0, 0, 0
327000, 3378383, 0, 0, 0
328000, 4039567, 0, 0, 0
329000, 3838676, 0, 0, 0
330000, 4238794, 0, 0, 0
331000, 4903729, 0, 0, 0
332000, 4582118, 0, 0, 0
333000, 4854118, 0, 0, 0
334000, 4665865, 0, 0, 0
335000, 3630955, 0, 0, 0
336000, 4934051, 0, 0, 0
337000, 4468707, 0, 0, 0
338000, 3188275, 0, 0, 0
339000, 4239845, 0, 0, 0
340000, 4160641, 0, 0, 0
341000, 3900428, 0, 0, 0
342000, 4577026, 0, 0, 0
343000, 4464469, 0, 0, 0
344000, 3691176, 0, 0, 0
345000, 4026636, 0, 0, 0
346000, 3933154, 0, 0, 0
347000, 3443808, 0, 0, 0
348000, 4827126, 0, 0, 0
349000, 4587887, 0, 0, 0
350000, 3617227, 0, 0, 0
351000, 4077055, 0, 0, 0
352000, 4153770, 0, 0, 0
353000, 3642323, 0, 0, 0
354000, 4986975, 0, 0, 0
355006, 4248321, 0, 0, 0
356000, 4160963, 0, 0, 0
357000, 4512812, 0, 0, 0
358000, 4456406, 0, 0, 0
359000, 3581441, 0, 0, 0
360000, 4119707, 0, 0, 0
361000, 4195249, 0, 0, 0
362000, 3038198, 0, 0, 0
363000, 3650154, 0, 0, 0
364000, 4570649, 0, 0, 0
365000, 3169541, 0, 0, 0
366000, 3992987, 0, 0, 0
367004, 4172368, 0, 0, 0
368000, 2578107, 0, 0, 0
369000, 2354968, 0, 0, 0
370000, 2317350, 0, 0, 0
371000, 1858975, 0, 0, 0
372000, 1315787, 0, 0, 0
373000, 1587026, 0, 0, 0
374000, 3231594, 0, 0, 0
375000, 4089721, 0, 0, 0
376000, 4050496, 0, 0, 0
377000, 3873090, 0, 0, 0
378000, 4802889, 0, 0, 0
379000, 4261746, 0, 0, 0
380000, 3455896, 0, 0, 0
381000, 3654601, 0, 0, 0
382000, 3518730, 0, 0, 0
383000, 3473155, 0, 0, 0
384000, 3637664, 0, 0, 0
385000, 4069270, 0, 0, 0
386000, 3510369, 0, 0, 0
387000, 4634555, 0, 0, 0
388000, 4054347, 0, 0, 0
389000, 3674189, 0, 0, 0
390000, 4734271, 0, 0, 0
391000, 4729876, 0, 0, 0
392000, 3852341, 0, 0, 0
393000, 4760527, 0, 0, 0
394000, 4377865, 0, 0, 0
395000, 2829767, 0, 0, 0
396000, 3309865, 0, 0, 0
397000, 3494049, 0, 0, 0
398000, 2433467, 0, 0, 0
399000, 3499305, 0, 0, 0
400000, 4359865, 0, 0, 0
401000, 4581296, 0, 0, 0
402000, 4116775, 0, 0, 0
403004, 4136596, 0, 0, 0
404000, 3460241, 0, 0, 0
405000, 3571554, 0, 0, 0
406006, 4268526, 0, 0, 0
407000, 3539569, 0, 0, 0
408000, 4123153, 0, 0, 0
409000, 4320401, 0, 0, 0
410000, 3401747, 0, 0, 0
411000, 3626122, 0, 0, 0
412000, 3974815, 0, 0, 0
413000, 3468162, 0, 0, 0
414000, 3256031, 0, 0, 0
415000, 4297013, 0, 0, 0
416000, 4167314, 0, 0, 0
417000, 4257148, 0, 0, 0
418000, 4102455, 0, 0, 0
419001, 3556512, 0, 0, 0
420000, 4049876, 0, 0, 0
421000, 4208806, 0, 0, 0
422000, 3791816, 0, 0, 0
423000, 4137585, 0, 0, 0
424000, 3711291, 0, 0, 0
425000, 4421746, 0, 0, 0
426000, 4732712, 0, 0, 0
427000, 4298508, 0, 0, 0
428000, 4155807, 0, 0, 0
429000, 3851694, 0, 0, 0
430000, 2514665, 0, 0, 0
431000, 1411401, 0, 0, 0
432000, 1394723, 0, 0, 0
433021, 1424967, 0, 0, 0
434000, 1235667, 0, 0, 0
435000, 2113040, 0, 0, 0
436000, 4025012, 0, 0, 0
437000, 3313628, 0, 0, 0
438000, 3805394, 0, 0, 0
439000, 3790145, 0, 0, 0
440000, 2674117, 0, 0, 0
441000, 3384560, 0, 0, 0
442000, 4235236, 0, 0, 0
443000, 3592564, 0, 0, 0
444000, 3713016, 0, 0, 0
445000, 4750539, 0, 0, 0
446000, 3783593, 0, 0, 0
447000, 4072005, 0, 0, 0
448000, 4021860, 0, 0, 0
449000, 3546387, 0, 0, 0
450000, 4067723, 0, 0, 0
451000, 4356571, 0, 0, 0
452000, 3532032, 0, 0, 0
453000, 4383540, 0, 0, 0
454000, 4802586, 0, 0, 0
455000, 3375562, 0, 0, 0
456000, 3789523, 0, 0, 0
457000, 4681272, 0, 0, 0
458000, 4685170, 0, 0, 0
459000, 4706714, 0, 0, 0
460000, 4862241, 0, 0, 0
461000, 3370540, 0, 0, 0
462000, 4508041, 0, 0, 0
463000, 4948728, 0, 0, 0
464000, 4371390, 0, 0, 0
465000, 5098673, 0, 0, 0
466000, 4814373, 0, 0, 0
467000, 4517195, 0, 0, 0
468000, 3479856, 0, 0, 0
469000, 4360461, 0, 0, 0
470000, 3621705, 0, 0, 0
471000, 3425376, 0, 0, 0
472000, 4451747, 0, 0, 0
473000, 3933394, 0, 0, 0
474000, 3505095, 0, 0, 0
475000, 3569703, 0, 0, 0
476000, 3598602, 0, 0, 0
477000, 3952731, 0, 0, 0
478000, 3991397, 0, 0, 0
479000, 3653466, 0, 0, 0
480000, 2713146, 0, 0, 0
480002, 3659038, 0, 0, 0
