1000, 44961355, 0, 0, 0
2001, 39304343, 0, 0, 0
3002, 46691441, 0, 0, 0
4000, 52014728, 0, 0, 0
5000, 51423676, 0, 0, 0
6000, 49043230, 0, 0, 0
7000, 79515982, 0, 0, 0
8000, 57153942, 0, 0, 0
9000, 58141448, 0, 0, 0
10000, 64160175, 0, 0, 0
11000, 62492848, 0, 0, 0
12001, 55925613, 0, 0, 0
13000, 59204206, 0, 0, 0
14000, 59511768, 0, 0, 0
15000, 49652319, 0, 0, 0
16000, 25832479, 0, 0, 0
17001, 25868901, 0, 0, 0
18000, 21408376, 0, 0, 0
19000, 21672441, 0, 0, 0
20000, 50320414, 0, 0, 0
21000, 47858752, 0, 0, 0
22000, 37648374, 0, 0, 0
23000, 43171109, 0, 0, 0
24000, 80432658, 0, 0, 0
25000, 94715719, 0, 0, 0
26000, 80496016, 0, 0, 0
27000, 63883618, 0, 0, 0
28000, 59690760, 0, 0, 0
29000, 69980460, 0, 0, 0
30000, 68999405, 0, 0, 0
31000, 66061321, 0, 0, 0
32000, 70670494, 0, 0, 0
33000, 68385729, 0, 0, 0
34000, 62804812, 0, 0, 0
35000, 66092619, 0, 0, 0
36000, 58315046, 0, 0, 0
37000, 57853825, 0, 0, 0
38000, 59150936, 0, 0, 0
39000, 56529967, 0, 0, 0
40000, 56472859, 0, 0, 0
41000, 62230501, 0, 0, 0
42000, 55794014, 0, 0, 0
43000, 51917032, 0, 0, 0
44000, 63526490, 0, 0, 0
45000, 80006988, 0, 0, 0
46000, 76072398, 0, 0, 0
47000, 77232969, 0, 0, 0
48001, 68086147, 0, 0, 0
49000, 59822014, 0, 0, 0
50011, 47731689, 0, 0, 0
51000, 26371934, 0, 0, 0
52000, 24804416, 0, 0, 0
53000, 20811926, 0, 0, 0
54000, 21617565, 0, 0, 0
55000, 25883088, 0, 0, 0
56000, 24432152, 0, 0, 0
57000, 21496570, 0, 0, 0
58000, 21116449, 0, 0, 0
59000, 49770452, 0, 0, 0
60000, 79528257, 0, 0, 0
61000, 78470331, 0, 0, 0
62000, 79689962, 0, 0, 0
63000, 68615606, 0, 0, 0
64000, 89322803, 0, 0, 0
65001, 85883875, 0, 0, 0
66001, 87735051, 0, 0, 0
67001, 70684841, 0, 0, 0
68000, 77874196, 0, 0, 0
69000, 87564991, 0, 0, 0
70001, 92615804, 0, 0, 0
71000, 77476986, 0, 0, 0
72001, 69877608, 0, 0, 0
73000, 73213046, 0, 0, 0
74001, 66708764, 0, 0, 0
75000, 63991286, 0, 0, 0
76000, 78696550, 0, 0, 0
77000, 66373259, 0, 0, 0
78000, 68731994, 0, 0, 0
79000, 64172441, 0, 0, 0
80000, 78791357, 0, 0, 0
81000, 66123949, 0, 0, 0
82000, 64499494, 0, 0, 0
83000, 68529984, 0, 0, 0
84000, 67491936, 0, 0, 0
85000, 64197711, 0, 0, 0
86000, 56946316, 0, 0, 0
87000, 54266167, 0, 0, 0
88000, 56991143, 0, 0, 0
89000, 72576554, 0, 0, 0
90000, 64468833, 0, 0, 0
91001, 68541466, 0, 0, 0
92000, 67434148, 0, 0, 0
93001, 66632086, 0, 0, 0
94000, 61300464, 0, 0, 0
95000, 62451563, 0, 0, 0
96000, 60706160, 0, 0, 0
97000, 64297757, 0, 0, 0
98001, 36415415, 0, 0, 0
99000, 28306265, 0, 0, 0
100000, 25792516, 0, 0, 0
101000, 22496342, 0, 0, 0
102000, 22087566, 0, 0, 0
103001, 37036949, 0, 0, 0
104000, 56295694, 0, 0, 0
105000, 54036012, 0, 0, 0
106000, 58813661, 0, 0, 0
107000, 57343464, 0, 0, 0
108000, 53988526, 0, 0, 0
109001, 58896469, 0, 0, 0
110000, 57591500, 0, 0, 0
111002, 55569809, 0, 0, 0
112000, 64161348, 0, 0, 0
113000, 85826004, 0, 0, 0
114000, 77015181, 0, 0, 0
115001, 77910782, 0, 0, 0
116000, 82978421, 0, 0, 0
117000, 69086298, 0, 0, 0
118000, 66601795, 0, 0, 0
119000, 68488756, 0, 0, 0
120000, 65396014, 0, 0, 0
121000, 62330379, 0, 0, 0
122000, 25809225, 0, 0, 0
123001, 24545027, 0, 0, 0
124000, 24798324, 0, 0, 0
125000, 25159085, 0, 0, 0
126000, 20548086, 0, 0, 0
127000, 22684582, 0, 0, 0
128001, 64232132, 0, 0, 0
129000, 59669212, 0, 0, 0
130000, 59976698, 0, 0, 0
131001, 65195277, 0, 0, 0
132000, 63147938, 0, 0, 0
133000, 52932553, 0, 0, 0
134000, 64944585, 0, 0, 0
135000, 81581145, 0, 0, 0
136000, 77378443, 0, 0, 0
137000, 76601594, 0, 0, 0
138000, 64734224, 0, 0, 0
139000, 53532266, 0, 0, 0
140000, 22145519, 0, 0, 0
141000, 26638950, 0, 0, 0
142000, 24887123, 0, 0, 0
143000, 20882433, 0, 0, 0
144000, 21438023, 0, 0, 0
145001, 50712937, 0, 0, 0
146000, 100437285, 0, 0, 0
147000, 68139462, 0, 0, 0
148000, 83085257, 0, 0, 0
149000, 80353561, 0, 0, 0
150000, 68175091, 0, 0, 0
151001, 63724790, 0, 0, 0
152000, 56651260, 0, 0, 0
153000, 69993426, 0, 0, 0
154000, 69860982, 0, 0, 0
155000, 65285096, 0, 0, 0
156000, 26364026, 0, 0, 0
157000, 25449273, 0, 0, 0
158000, 21984807, 0, 0, 0
159001, 21570215, 0, 0, 0
160000, 27553444, 0, 0, 0
161000, 25016136, 0, 0, 0
162000, 22241054, 0, 0, 0
163000, 21162425, 0, 0, 0
164000, 36986048, 0, 0, 0
165001, 59693508, 0, 0, 0
166000, 55964455, 0, 0, 0
167000, 55913224, 0, 0, 0
168000, 56279690, 0, 0, 0
169000, 55634883, 0, 0, 0
170000, 59191011, 0, 0, 0
171000, 58122140, 0, 0, 0
172000, 57866811, 0, 0, 0
173000, 60917224, 0, 0, 0
174000, 60867399, 0, 0, 0
175000, 55357738, 0, 0, 0
176000, 61128676, 0, 0, 0
177000, 68503484, 0, 0, 0
178000, 57853467, 0, 0, 0
179000, 21236501, 0, 0, 0
180000, 25459484, 0, 0, 0
181000, 24526349, 0, 0, 0
182000, 23206129, 0, 0, 0
183000, 20476489, 0, 0, 0
184000, 24529161, 0, 0, 0
185000, 25764834, 0, 0, 0
186001, 24843854, 0, 0, 0
187000, 20583162, 0, 0, 0
188000, 22628245, 0, 0, 0
189000, 27180962, 0, 0, 0
190000, 24760973, 0, 0, 0
191000, 21046500, 0, 0, 0
192000, 21716246, 0, 0, 0
193000, 63670429, 0, 0, 0
194001, 95293418, 0, 0, 0
195001, 58713017, 0, 0, 0
196000, 54107933, 0, 0, 0
197000, 78153702, 0, 0, 0
198001, 100986514, 0, 0, 0
199000, 85748324, 0, 0, 0
200001, 82160232, 0, 0, 0
201000, 85170254, 0, 0, 0
202000, 80055004, 0, 0, 0
203000, 72031193, 0, 0, 0
204000, 69090095, 0, 0, 0
205000, 66393218, 0, 0, 0
206000, 57227632, 0, 0, 0
207000, 55430846, 0, 0, 0
208001, 62093474, 0, 0, 0
209000, 55600125, 0, 0, 0
210000, 55755817, 0, 0, 0
211001, 59352036, 0, 0, 0
212000, 57836811, 0, 0, 0
213001, 52219056, 0, 0, 0
214000, 64559487, 0, 0, 0
215000, 58001778, 0, 0, 0
216000, 65839411, 0, 0, 0
217000, 65646810, 0, 0, 0
218001, 57010491, 0, 0, 0
219000, 54708371, 0, 0, 0
220000, 60919231, 0, 0, 0
221000, 57874221, 0, 0, 0
222000, 55438750, 0, 0, 0
223000, 63311014, 0, 0, 0
224000, 56104794, 0, 0, 0
225000, 56155876, 0, 0, 0
226000, 59878820, 0, 0, 0
227002, 55234330, 0, 0, 0
228002, 53403022, 0, 0, 0
229000, 57772631, 0, 0, 0
230001, 53972853, 0, 0, 0
231001, 53939247, 0, 0, 0
232000, 67252222, 0, 0, 0
233000, 63673273, 0, 0, 0
234000, 65071329, 0, 0, 0
235001, 71669984, 0, 0, 0
236000, 80522183, 0, 0, 0
237000, 77103052, 0, 0, 0
238000, 77038163, 0, 0, 0
239000, 69354120, 0, 0, 0
240002, 65845574, 0, 0, 0
241000, 59024899, 0, 0, 0
242000, 68456530, 0, 0, 0
243000, 72349102, 0, 0, 0
244001, 72739329, 0, 0, 0
245000, 28847844, 0, 0, 0
246000, 27232297, 0, 0, 0
247000, 25703422, 0, 0, 0
248000, 21964577, 0, 0, 0
249000, 22241392, 0, 0, 0
250001, 45963929, 0, 0, 0
251000, 44305327, 0, 0, 0
252001, 35777632, 0, 0, 0
253001, 35092548, 0, 0, 0
254000, 50435643, 0, 0, 0
255002, 52042174, 0, 0, 0
256026, 42205118, 0, 0, 0
257000, 45198689, 0, 0, 0
258001, 49319489, 0, 0, 0
259000, 49155556, 0, 0, 0
260000, 65356456, 0, 0, 0
261000, 66497716, 0, 0, 0
262000, 57172381, 0, 0, 0
263000, 55748963, 0, 0, 0
264000, 63089667, 0, 0, 0
265000, 57764526, 0, 0, 0
266000, 50977478, 0, 0, 0
267000, 59116735, 0, 0, 0
268001, 56101328, 0, 0, 0
269001, 55231633, 0, 0, 0
270000, 57253023, 0, 0, 0
271000, 56371692, 0, 0, 0
272000, 46721737, 0, 0, 0
273001, 24581521, 0, 0, 0
274000, 26064805, 0, 0, 0
275000, 24453973, 0, 0, 0
276001, 20856226, 0, 0, 0
277009, 23324593, 0, 0, 0
278000, 108215586, 0, 0, 0
279000, 82042489, 0, 0, 0
280001, 59949412, 0, 0, 0
281000, 65155361, 0, 0, 0
282001, 87504195, 0, 0, 0
283000, 84349278, 0, 0, 0
284000, 69363600, 0, 0, 0
285000, 78908870, 0, 0, 0
286000, 67492510, 0, 0, 0
287001, 64402741, 0, 0, 0
288000, 67972838, 0, 0, 0
289001, 70934459, 0, 0, 0
290000, 62007048, 0, 0, 0
291000, 66186701, 0, 0, 0
292000, 67734151, 0, 0, 0
293000, 61120819, 0, 0, 0
294000, 61822603, 0, 0, 0
295000, 69638405, 0, 0, 0
296000, 65022589, 0, 0, 0
297000, 56989678, 0, 0, 0
298000, 67185913, 0, 0, 0
299000, 59116211, 0, 0, 0
300001, 54992503, 0, 0, 0
301000, 57919551, 0, 0, 0
302002, 56421564, 0, 0, 0
303002, 62411907, 0, 0, 0
304000, 63092004, 0, 0, 0
305000, 60040695, 0, 0, 0
306000, 55992493, 0, 0, 0
307000, 50041690, 0, 0, 0
308000, 52556620, 0, 0, 0
309000, 59454389, 0, 0, 0
310000, 52900860, 0, 0, 0
311000, 54363574, 0, 0, 0
312000, 53971493, 0, 0, 0
313000, 56444187, 0, 0, 0
314000, 51970128, 0, 0, 0
315001, 59641986, 0, 0, 0
316000, 59321343, 0, 0, 0
317000, 58522826, 0, 0, 0
318000, 64096885, 0, 0, 0
319000, 58275786, 0, 0, 0
320000, 54644982, 0, 0, 0
321000, 60667787, 0, 0, 0
322001, 55729378, 0, 0, 0
323002, 53589047, 0, 0, 0
324000, 59222163, 0, 0, 0
325000, 58017344, 0, 0, 0
326000, 54562405, 0, 0, 0
327001, 57326584, 0, 0, 0
328000, 52490340, 0, 0, 0
329000, 53619620, 0, 0, 0
330000, 58841863, 0, 0, 0
331000, 54280578, 0, 0, 0
332000, 53938560, 0, 0, 0
333000, 62968165, 0, 0, 0
334000, 55039249, 0, 0, 0
335000, 55846693, 0, 0, 0
336000, 57262060, 0, 0, 0
337000, 58618206, 0, 0, 0
338000, 53658885, 0, 0, 0
339000, 58749670, 0, 0, 0
340000, 55654980, 0, 0, 0
341000, 58514120, 0, 0, 0
342000, 56728520, 0, 0, 0
343001, 58322582, 0, 0, 0
344000, 59850872, 0, 0, 0
345000, 57553957, 0, 0, 0
346000, 54733393, 0, 0, 0
347000, 59260058, 0, 0, 0
348000, 58002907, 0, 0, 0
349000, 52103370, 0, 0, 0
350000, 59523724, 0, 0, 0
351000, 54999710, 0, 0, 0
352000, 53255451, 0, 0, 0
353000, 58492537, 0, 0, 0
354001, 55938944, 0, 0, 0
355001, 55468351, 0, 0, 0
356000, 60456375, 0, 0, 0
357001, 58554597, 0, 0, 0
358000, 56166390, 0, 0, 0
359000, 59775223, 0, 0, 0
360000, 59341732, 0, 0, 0
361001, 54491592, 0, 0, 0
362001, 59531396, 0, 0, 0
363000, 55002676, 0, 0, 0
364001, 53891865, 0, 0, 0
365000, 63451195, 0, 0, 0
366000, 55662710, 0, 0, 0
367000, 54606074, 0, 0, 0
368000, 58425277, 0, 0, 0
369001, 57017601, 0, 0, 0
370000, 52573822, 0, 0, 0
371001, 53668437, 0, 0, 0
372000, 52169167, 0, 0, 0
373000, 58599819, 0, 0, 0
374001, 54095756, 0, 0, 0
375001, 55014198, 0, 0, 0
376000, 59953331, 0, 0, 0
377000, 54629177, 0, 0, 0
378000, 54637028, 0, 0, 0
379000, 58784332, 0, 0, 0
380001, 53776656, 0, 0, 0
381000, 52451487, 0, 0, 0
382001, 58742614, 0, 0, 0
383000, 53814165, 0, 0, 0
384000, 50929332, 0, 0, 0
385000, 55639204, 0, 0, 0
386000, 52719699, 0, 0, 0
387000, 51097795, 0, 0, 0
388000, 60716233, 0, 0, 0
389000, 57357794, 0, 0, 0
390000, 57478979, 0, 0, 0
391001, 62115978, 0, 0, 0
392000, 57629163, 0, 0, 0
393002, 57009741, 0, 0, 0
394000, 59173605, 0, 0, 0
395000, 51971778, 0, 0, 0
396001, 52979554, 0, 0, 0
397001, 58411634, 0, 0, 0
398000, 56587859, 0, 0, 0
399000, 63132605, 0, 0, 0
400003, 65290062, 0, 0, 0
401000, 62227411, 0, 0, 0
402001, 61664856, 0, 0, 0
403000, 64986910, 0, 0, 0
404001, 64557326, 0, 0, 0
405000, 63618006, 0, 0, 0
406000, 63048607, 0, 0, 0
407000, 55924613, 0, 0, 0
408000, 56794064, 0, 0, 0
409002, 59615674, 0, 0, 0
410000, 56810490, 0, 0, 0
411019, 55984887, 0, 0, 0
412000, 58106662, 0, 0, 0
413000, 53531330, 0, 0, 0
414000, 55336982, 0, 0, 0
415000, 54848892, 0, 0, 0
416000, 56297068, 0, 0, 0
417000, 58017221, 0, 0, 0
418000, 56469207, 0, 0, 0
419000, 56774398, 0, 0, 0
420000, 58174276, 0, 0, 0
421001, 57357556, 0, 0, 0
422000, 55541136, 0, 0, 0
423002, 56466360, 0, 0, 0
424001, 57501883, 0, 0, 0
425000, 50388982, 0, 0, 0
426000, 55172437, 0, 0, 0
427000, 56379396, 0, 0, 0
428000, 55316699, 0, 0, 0
429001, 56944768, 0, 0, 0
430000, 57313795, 0, 0, 0
431000, 53040844, 0, 0, 0
432000, 61607500, 0, 0, 0
433000, 57339233, 0, 0, 0
434000, 49119996, 0, 0, 0
435000, 54746889, 0, 0, 0
436001, 51414592, 0, 0, 0
437000, 51177277, 0, 0, 0
438001, 57838312, 0, 0, 0
439000, 56157823, 0, 0, 0
440001, 55009700, 0, 0, 0
441001, 57844151, 0, 0, 0
442000, 54899693, 0, 0, 0
443001, 54661008, 0, 0, 0
444001, 55413271, 0, 0, 0
445000, 54469021, 0, 0, 0
446000, 56478961, 0, 0, 0
447000, 55946339, 0, 0, 0
448001, 55204017, 0, 0, 0
449000, 57521016, 0, 0, 0
450000, 55960043, 0, 0, 0
451000, 58077686, 0, 0, 0
452000, 61660394, 0, 0, 0
453000, 54320902, 0, 0, 0
454001, 57012051, 0, 0, 0
455000, 59681100, 0, 0, 0
456000, 59557227, 0, 0, 0
457000, 56642336, 0, 0, 0
458000, 58338983, 0, 0, 0
459000, 55911062, 0, 0, 0
460001, 54711270, 0, 0, 0
461000, 63916857, 0, 0, 0
462000, 55901159, 0, 0, 0
463000, 52619833, 0, 0, 0
464000, 60964610, 0, 0, 0
465000, 56015558, 0, 0, 0
466000, 54649635, 0, 0, 0
467001, 55884369, 0, 0, 0
468000, 55814282, 0, 0, 0
469001, 54445566, 0, 0, 0
470000, 61822631, 0, 0, 0
471001, 58521883, 0, 0, 0
472000, 58464532, 0, 0, 0
473000, 54089078, 0, 0, 0
474000, 54982104, 0, 0, 0
475001, 61326900, 0, 0, 0
476001, 59451161, 0, 0, 0
477001, 55869229, 0, 0, 0
478000, 57782378, 0, 0, 0
479000, 55887697, 0, 0, 0
480000, 55094138, 0, 0, 0
480031, 60641432, 0, 0, 0
