1000, 1001438, 0, 0, 0
2000, 995864, 0, 0, 0
3000, 1096051, 0, 0, 0
4000, 1169712, 0, 0, 0
5000, 1093950, 0, 0, 0
6000, 1044615, 0, 0, 0
7000, 1096915, 0, 0, 0
8000, 943546, 0, 0, 0
9000, 875363, 0, 0, 0
10000, 839833, 0, 0, 0
11000, 932487, 0, 0, 0
12000, 921711, 0, 0, 0
13000, 886877, 0, 0, 0
14000, 635739, 0, 0, 0
15000, 660356, 0, 0, 0
16000, 617445, 0, 0, 0
17000, 584065, 0, 0, 0
18000, 783187, 0, 0, 0
19000, 554824, 0, 0, 0
20000, 501000, 0, 0, 0
21000, 503154, 0, 0, 0
22000, 599838, 0, 0, 0
23000, 563394, 0, 0, 0
24000, 563769, 0, 0, 0
25000, 588706, 0, 0, 0
26000, 490640, 0, 0, 0
27000, 493764, 0, 0, 0
28000, 489056, 0, 0, 0
29000, 490166, 0, 0, 0
30000, 489253, 0, 0, 0
31000, 495778, 0, 0, 0
32000, 493882, 0, 0, 0
33000, 494091, 0, 0, 0
34000, 498227, 0, 0, 0
35000, 501753, 0, 0, 0
36000, 640351, 0, 0, 0
37000, 702018, 0, 0, 0
38000, 1082309, 0, 0, 0
39000, 1059437, 0, 0, 0
40000, 983645, 0, 0, 0
41000, 996650, 0, 0, 0
42000, 998430, 0, 0, 0
43000, 932963, 0, 0, 0
44000, 956752, 0, 0, 0
45000, 987167, 0, 0, 0
46000, 928491, 0, 0, 0
47000, 893768, 0, 0, 0
48000, 951496, 0, 0, 0
49000, 919587, 0, 0, 0
50000, 981925, 0, 0, 0
51000, 991957, 0, 0, 0
52000, 1026775, 0, 0, 0
53000, 966127, 0, 0, 0
54000, 927097, 0, 0, 0
55000, 933918, 0, 0, 0
56000, 979106, 0, 0, 0
57000, 941024, 0, 0, 0
58000, 881181, 0, 0, 0
59000, 915262, 0, 0, 0
60000, 903525, 0, 0, 0
61000, 853005, 0, 0, 0
62000, 843575, 0, 0, 0
63000, 898442, 0, 0, 0
64000, 941588, 0, 0, 0
65000, 851254, 0, 0, 0
66000, 644709, 0, 0, 0
67000, 626022, 0, 0, 0
68000, 629615, 0, 0, 0
69029, 878763, 0, 0, 0
70000, 1024954, 0, 0, 0
71000, 989218, 0, 0, 0
72000, 1037460, 0, 0, 0
73000, 1065084, 0, 0, 0
74000, 1072715, 0, 0, 0
75000, 1102678, 0, 0, 0
76000, 979228, 0, 0, 0
77000, 1037192, 0, 0, 0
78000, 986544, 0, 0, 0
79000, 1046318, 0, 0, 0
80000, 1039418, 0, 0, 0
81000, 1100787, 0, 0, 0
82000, 1038825, 0, 0, 0
83000, 975301, 0, 0, 0
84005, 1021730, 0, 0, 0
85000, 1013389, 0, 0, 0
86000, 897927, 0, 0, 0
87000, 881481, 0, 0, 0
88000, 1039185, 0, 0, 0
89000, 1038887, 0, 0, 0
90000, 923770, 0, 0, 0
91000, 895779, 0, 0, 0
92000, 942525, 0, 0, 0
93000, 900355, 0, 0, 0
94000, 881707, 0, 0, 0
95000, 932183, 0, 0, 0
96000, 883368, 0, 0, 0
97000, 869982, 0, 0, 0
98000, 847744, 0, 0, 0
99000, 903472, 0, 0, 0
100000, 864105, 0, 0, 0
101000, 877874, 0, 0, 0
102000, 980868, 0, 0, 0
103000, 945134, 0, 0, 0
104000, 936163, 0, 0, 0
105000, 987873, 0, 0, 0
106000, 861764, 0, 0, 0
107000, 837881, 0, 0, 0
108000, 756889, 0, 0, 0
109000, 632360, 0, 0, 0
110000, 630265, 0, 0, 0
111000, 745294, 0, 0, 0
112000, 1083012, 0, 0, 0
113000, 1137782, 0, 0, 0
114000, 1077923, 0, 0, 0
115000, 1088071, 0, 0, 0
116000, 1142852, 0, 0, 0
117000, 1065611, 0, 0, 0
118000, 1109009, 0, 0, 0
119000, 907180, 0, 0, 0
120000, 1000469, 0, 0, 0
121000, 1083673, 0, 0, 0
122000, 1027526, 0, 0, 0
123000, 1016018, 0, 0, 0
124000, 1063348, 0, 0, 0
125000, 996159, 0, 0, 0
126000, 1039649, 0, 0, 0
127000, 924405, 0, 0, 0
128000, 980815, 0, 0, 0
129000, 1019291, 0, 0, 0
130000, 944049, 0, 0, 0
131000, 914484, 0, 0, 0
132000, 705665, 0, 0, 0
133000, 637962, 0, 0, 0
134000, 632656, 0, 0, 0
135000, 873239, 0, 0, 0
136000, 1017932, 0, 0, 0
137000, 510341, 0, 0, 0
138000, 506678, 0, 0, 0
139000, 501885, 0, 0, 0
140000, 499193, 0, 0, 0
141000, 495180, 0, 0, 0
142000, 496643, 0, 0, 0
143000, 566673, 0, 0, 0
144000, 661326, 0, 0, 0
145000, 672060, 0, 0, 0
146000, 750975, 0, 0, 0
147000, 909627, 0, 0, 0
148000, 912748, 0, 0, 0
149000, 847542, 0, 0, 0
150000, 676911, 0, 0, 0
151000, 636200, 0, 0, 0
152000, 675338, 0, 0, 0
153000, 999344, 0, 0, 0
154000, 983512, 0, 0, 0
155000, 970928, 0, 0, 0
156000, 925855, 0, 0, 0
157000, 960593, 0, 0, 0
158000, 946952, 0, 0, 0
159000, 939686, 0, 0, 0
160000, 935104, 0, 0, 0
161000, 983780, 0, 0, 0
162000, 918859, 0, 0, 0
163000, 911319, 0, 0, 0
164000, 891716, 0, 0, 0
165000, 660372, 0, 0, 0
166000, 679070, 0, 0, 0
167000, 638241, 0, 0, 0
168000, 766730, 0, 0, 0
169000, 1124672, 0, 0, 0
170000, 628404, 0, 0, 0
171000, 593216, 0, 0, 0
172000, 599610, 0, 0, 0
173000, 642347, 0, 0, 0
174000, 1198374, 0, 0, 0
175000, 1239269, 0, 0, 0
176000, 1170871, 0, 0, 0
177000, 1203913, 0, 0, 0
178000, 1183550, 0, 0, 0
179000, 1093393, 0, 0, 0
180000, 1052804, 0, 0, 0
181000, 1034901, 0, 0, 0
182000, 1057472, 0, 0, 0
183000, 975770, 0, 0, 0
184000, 936624, 0, 0, 0
185000, 881130, 0, 0, 0
186000, 844459, 0, 0, 0
187000, 899552, 0, 0, 0
188000, 868038, 0, 0, 0
189000, 844548, 0, 0, 0
190000, 891739, 0, 0, 0
191000, 961641, 0, 0, 0
192000, 973570, 0, 0, 0
193000, 913824, 0, 0, 0
194000, 1011871, 0, 0, 0
195000, 975971, 0, 0, 0
196000, 944931, 0, 0, 0
197000, 880837, 0, 0, 0
198000, 692260, 0, 0, 0
199000, 664584, 0, 0, 0
200000, 613385, 0, 0, 0
201000, 1072282, 0, 0, 0
202000, 1229565, 0, 0, 0
203000, 1250243, 0, 0, 0
204000, 1259300, 0, 0, 0
205000, 1133017, 0, 0, 0
206000, 1182133, 0, 0, 0
207000, 1026234, 0, 0, 0
208000, 1053886, 0, 0, 0
209000, 979634, 0, 0, 0
210000, 1150984, 0, 0, 0
211000, 1050759, 0, 0, 0
212000, 1134808, 0, 0, 0
213000, 1062510, 0, 0, 0
214000, 1151191, 0, 0, 0
215000, 1157070, 0, 0, 0
216000, 1001385, 0, 0, 0
217000, 1066043, 0, 0, 0
218000, 995398, 0, 0, 0
219000, 866300, 0, 0, 0
220000, 865573, 0, 0, 0
221000, 938468, 0, 0, 0
222000, 882722, 0, 0, 0
223000, 894754, 0, 0, 0
224000, 931933, 0, 0, 0
225000, 901736, 0, 0, 0
226000, 879562, 0, 0, 0
227000, 837919, 0, 0, 0
228000, 908947, 0, 0, 0
229000, 893285, 0, 0, 0
230000, 892790, 0, 0, 0
231000, 918548, 0, 0, 0
232000, 875503, 0, 0, 0
233000, 844006, 0, 0, 0
234000, 665917, 0, 0, 0
235000, 610527, 0, 0, 0
236000, 613226, 0, 0, 0
237013, 814477, 0, 0, 0
238000, 990689, 0, 0, 0
239000, 910826, 0, 0, 0
240000, 991555, 0, 0, 0
241000, 1068388, 0, 0, 0
242000, 1006942, 0, 0, 0
243000, 962931, 0, 0, 0
244000, 952334, 0, 0, 0
245000, 956351, 0, 0, 0
246000, 912670, 0, 0, 0
247000, 962822, 0, 0, 0
248000, 987794, 0, 0, 0
249000, 940422, 0, 0, 0
250000, 976886, 0, 0, 0
251000, 993316, 0, 0, 0
252000, 1051358, 0, 0, 0
253000, 914568, 0, 0, 0
254000, 888095, 0, 0, 0
255000, 901708, 0, 0, 0
256000, 1063030, 0, 0, 0
257000, 995243, 0, 0, 0
258000, 910646, 0, 0, 0
259000, 1019207, 0, 0, 0
260000, 1014948, 0, 0, 0
261000, 984899, 0, 0, 0
262000, 964458, 0, 0, 0
263000, 984598, 0, 0, 0
264000, 946997, 0, 0, 0
265000, 929660, 0, 0, 0
266000, 925415, 0, 0, 0
267000, 949852, 0, 0, 0
268000, 934111, 0, 0, 0
269000, 914670, 0, 0, 0
270000, 947097, 0, 0, 0
271000, 910725, 0, 0, 0
272000, 916127, 0, 0, 0
273000, 885591, 0, 0, 0
274000, 981894, 0, 0, 0
275000, 933619, 0, 0, 0
276000, 925913, 0, 0, 0
277000, 850694, 0, 0, 0
278000, 626799, 0, 0, 0
279000, 634641, 0, 0, 0
280000, 638329, 0, 0, 0
281000, 639089, 0, 0, 0
282009, 716676, 0, 0, 0
283000, 1236923, 0, 0, 0
284000, 1107721, 0, 0, 0
285000, 1045274, 0, 0, 0
286000, 1239128, 0, 0, 0
287000, 1287228, 0, 0, 0
288000, 1209925, 0, 0, 0
289000, 1119581, 0, 0, 0
290000, 1058576, 0, 0, 0
291000, 1064683, 0, 0, 0
292000, 1064739, 0, 0, 0
293000, 997302, 0, 0, 0
294000, 1033371, 0, 0, 0
295000, 1019138, 0, 0, 0
296000, 969594, 0, 0, 0
297000, 942405, 0, 0, 0
298000, 963254, 0, 0, 0
299000, 995614, 0, 0, 0
300000, 909638, 0, 0, 0
301000, 927718, 0, 0, 0
302000, 910239, 0, 0, 0
303000, 888006, 0, 0, 0
304000, 869587, 0, 0, 0
305000, 911202, 0, 0, 0
306000, 877562, 0, 0, 0
307000, 839704, 0, 0, 0
308000, 950078, 0, 0, 0
309000, 948258, 0, 0, 0
310000, 919438, 0, 0, 0
311000, 917340, 0, 0, 0
312000, 866018, 0, 0, 0
313000, 858839, 0, 0, 0
314000, 856356, 0, 0, 0
315000, 900459, 0, 0, 0
316000, 932632, 0, 0, 0
317000, 914050, 0, 0, 0
318000, 951134, 0, 0, 0
319000, 945831, 0, 0, 0
320000, 889462, 0, 0, 0
321000, 915703, 0, 0, 0
322000, 919992, 0, 0, 0
323000, 900794, 0, 0, 0
324000, 866814, 0, 0, 0
325000, 939608, 0, 0, 0
326000, 923662, 0, 0, 0
327000, 982468, 0, 0, 0
328000, 988067, 0, 0, 0
329000, 1011673, 0, 0, 0
330000, 1064025, 0, 0, 0
331000, 1000571, 0, 0, 0
332000, 1069486, 0, 0, 0
333000, 945625, 0, 0, 0
334000, 916493, 0, 0, 0
335000, 915238, 0, 0, 0
336000, 920181, 0, 0, 0
337000, 874923, 0, 0, 0
338000, 857228, 0, 0, 0
339000, 931854, 0, 0, 0
340000, 900302, 0, 0, 0
341000, 901255, 0, 0, 0
342000, 1006413, 0, 0, 0
343000, 942419, 0, 0, 0
344000, 903952, 0, 0, 0
345000, 893959, 0, 0, 0
346000, 1014476, 0, 0, 0
347000, 986901, 0, 0, 0
348000, 920251, 0, 0, 0
349000, 1000432, 0, 0, 0
350000, 921291, 0, 0, 0
351000, 859775, 0, 0, 0
352000, 863320, 0, 0, 0
353000, 945190, 0, 0, 0
354000, 954484, 0, 0, 0
355000, 881875, 0, 0, 0
356000, 939250, 0, 0, 0
357000, 882319, 0, 0, 0
358000, 959357, 0, 0, 0
359000, 927087, 0, 0, 0
360000, 915766, 0, 0, 0
361000, 896893, 0, 0, 0
362000, 877785, 0, 0, 0
363000, 905931, 0, 0, 0
364000, 868034, 0, 0, 0
365000, 840892, 0, 0, 0
366000, 878634, 0, 0, 0
367000, 878241, 0, 0, 0
368000, 860563, 0, 0, 0
369000, 862941, 0, 0, 0
370000, 950981, 0, 0, 0
371000, 995454, 0, 0, 0
372000, 924980, 0, 0, 0
373000, 939442, 0, 0, 0
374000, 920067, 0, 0, 0
375000, 894553, 0, 0, 0
376000, 892455, 0, 0, 0
377000, 925744, 0, 0, 0
378000, 973819, 0, 0, 0
379000, 913196, 0, 0, 0
380000, 952932, 0, 0, 0
381000, 1041655, 0, 0, 0
382000, 1005347, 0, 0, 0
383000, 860343, 0, 0, 0
384000, 908486, 0, 0, 0
385000, 860467, 0, 0, 0
386000, 942170, 0, 0, 0
387000, 1064126, 0, 0, 0
388000, 1010582, 0, 0, 0
389000, 930251, 0, 0, 0
390000, 919255, 0, 0, 0
391000, 958390, 0, 0, 0
392000, 885451, 0, 0, 0
393000, 838013, 0, 0, 0
394000, 913038, 0, 0, 0
395000, 947410, 0, 0, 0
396000, 938856, 0, 0, 0
397000, 727583, 0, 0, 0
398000, 626408, 0, 0, 0
399000, 623988, 0, 0, 0
400000, 803925, 0, 0, 0
401000, 1176899, 0, 0, 0
402000, 1057721, 0, 0, 0
403000, 1087170, 0, 0, 0
404000, 1095171, 0, 0, 0
405000, 1154863, 0, 0, 0
406000, 1074642, 0, 0, 0
407000, 1019176, 0, 0, 0
408000, 1004202, 0, 0, 0
409000, 965103, 0, 0, 0
410000, 960589, 0, 0, 0
411000, 936241, 0, 0, 0
412000, 1032484, 0, 0, 0
413000, 942956, 0, 0, 0
414000, 937576, 0, 0, 0
415000, 819310, 0, 0, 0
416000, 889774, 0, 0, 0
417000, 888861, 0, 0, 0
418000, 937912, 0, 0, 0
419000, 969578, 0, 0, 0
420000, 967716, 0, 0, 0
421000, 957066, 0, 0, 0
422000, 1031288, 0, 0, 0
423000, 1040727, 0, 0, 0
424000, 957505, 0, 0, 0
425000, 941029, 0, 0, 0
426000, 928690, 0, 0, 0
427000, 1052929, 0, 0, 0
428000, 976777, 0, 0, 0
429000, 927736, 0, 0, 0
430000, 974288, 0, 0, 0
431000, 939622, 0, 0, 0
432000, 981853, 0, 0, 0
433000, 928720, 0, 0, 0
434000, 1014305, 0, 0, 0
435000, 929409, 0, 0, 0
436000, 920496, 0, 0, 0
437000, 929643, 0, 0, 0
438000, 973822, 0, 0, 0
439000, 960161, 0, 0, 0
440000, 917101, 0, 0, 0
441000, 965185, 0, 0, 0
442000, 977431, 0, 0, 0
443000, 1003348, 0, 0, 0
444000, 993158, 0, 0, 0
445000, 1005734, 0, 0, 0
446000, 940817, 0, 0, 0
447000, 905177, 0, 0, 0
448000, 971765, 0, 0, 0
449000, 965256, 0, 0, 0
450000, 967267, 0, 0, 0
451000, 880028, 0, 0, 0
452000, 919999, 0, 0, 0
453000, 937425, 0, 0, 0
454000, 914580, 0, 0, 0
455000, 961567, 0, 0, 0
456000, 916978, 0, 0, 0
457000, 922792, 0, 0, 0
458000, 914830, 0, 0, 0
459000, 946475, 0, 0, 0
460000, 893946, 0, 0, 0
461000, 934040, 0, 0, 0
462000, 924440, 0, 0, 0
463000, 918585, 0, 0, 0
464000, 902715, 0, 0, 0
465000, 936443, 0, 0, 0
466000, 968462, 0, 0, 0
467000, 937732, 0, 0, 0
468000, 998272, 0, 0, 0
469000, 943574, 0, 0, 0
470000, 885909, 0, 0, 0
471000, 877314, 0, 0, 0
472000, 862160, 0, 0, 0
473000, 886717, 0, 0, 0
474000, 865919, 0, 0, 0
475000, 825718, 0, 0, 0
476000, 893306, 0, 0, 0
477000, 885648, 0, 0, 0
478000, 930358, 0, 0, 0
479000, 810744, 0, 0, 0
480000, 655483, 0, 0, 0
480000, 1496291, 0, 0, 0
