1000, 1399057, 1, 0, 0
2008, 1214995, 1, 0, 0
3004, 1227103, 1, 0, 0
4002, 1323422, 1, 0, 0
5000, 1266212, 1, 0, 0
6003, 1275976, 1, 0, 0
7000, 1390196, 1, 0, 0
8000, 1575727, 1, 0, 0
9004, 1703411, 1, 0, 0
10000, 1692099, 1, 0, 0
11003, 1802783, 1, 0, 0
12000, 1773628, 1, 0, 0
13004, 1714113, 1, 0, 0
14012, 1820407, 1, 0, 0
15011, 1808064, 1, 0, 0
16008, 1801376, 1, 0, 0
17010, 2158567, 1, 0, 0
18000, 1935733, 1, 0, 0
19000, 1840336, 1, 0, 0
20000, 1256705, 1, 0, 0
21003, 1137955, 1, 0, 0
22000, 1122505, 1, 0, 0
23000, 1123750, 1, 0, 0
24001, 1017427, 1, 0, 0
25007, 1298273, 1, 0, 0
26000, 1194305, 1, 0, 0
27000, 1134829, 1, 0, 0
28000, 870924, 1, 0, 0
29000, 846241, 1, 0, 0
30000, 659496, 1, 0, 0
31000, 512297, 1, 0, 0
32000, 495115, 1, 0, 0
33000, 494124, 1, 0, 0
34003, 669844, 1, 0, 0
35000, 663229, 1, 0, 0
36000, 547163, 1, 0, 0
37000, 554630, 1, 0, 0
38000, 637738, 1, 0, 0
39000, 639441, 1, 0, 0
40003, 677211, 1, 0, 0
41000, 703752, 1, 0, 0
42000, 736690, 1, 0, 0
43000, 616477, 1, 0, 0
44007, 724885, 1, 0, 0
45000, 906331, 1, 0, 0
46006, 942893, 1, 0, 0
47000, 943254, 1, 0, 0
48000, 1045440, 1, 0, 0
49000, 1030055, 1, 0, 0
50000, 1056630, 1, 0, 0
51000, 1051760, 1, 0, 0
52000, 1044655, 1, 0, 0
53000, 1140214, 1, 0, 0
54002, 924350, 1, 0, 0
55005, 897005, 1, 0, 0
56000, 1103681, 1, 0, 0
57002, 1175964, 1, 0, 0
58000, 1173589, 1, 0, 0
59003, 1107765, 1, 0, 0
60000, 1078309, 1, 0, 0
61000, 1247213, 1, 0, 0
62007, 1430389, 1, 0, 0
63008, 1474758, 1, 0, 0
64000, 1165716, 1, 0, 0
65000, 1088099, 1, 0, 0
66001, 1298076, 1, 0, 0
67006, 1068764, 1, 0, 0
68003, 967335, 1, 0, 0
69000, 732042, 1, 0, 0
70000, 757390, 1, 0, 0
71003, 784447, 1, 0, 0
72000, 855331, 1, 0, 0
73002, 777325, 1, 0, 0
74000, 915491, 1, 0, 0
75000, 953455, 1, 0, 0
76011, 1236880, 1, 0, 0
77000, 1252537, 1, 0, 0
78007, 1273043, 1, 0, 0
79000, 1344590, 1, 0, 0
80006, 1195262, 1, 0, 0
81000, 1460218, 1, 0, 0
82004, 1503343, 1, 0, 0
83000, 1474475, 1, 0, 0
84002, 1494265, 1, 0, 0
85000, 1604275, 1, 0, 0
86009, 1793538, 1, 0, 0
87000, 1781707, 1, 0, 0
88000, 1950017, 1, 0, 0
89009, 1748847, 1, 0, 0
90005, 1647370, 1, 0, 0
91000, 1795214, 1, 0, 0
92007, 1810104, 1, 0, 0
93008, 1415220, 1, 0, 0
94006, 1062422, 1, 0, 0
95000, 1110155, 1, 0, 0
96000, 1091735, 1, 0, 0
97000, 1226224, 1, 0, 0
98000, 1236028, 1, 0, 0
99000, 1224321, 1, 0, 0
100000, 1181518, 1, 0, 0
101011, 1222628, 1, 0, 0
102008, 1286367, 1, 0, 0
103000, 1284513, 1, 0, 0
104001, 1342943, 1, 0, 0
105000, 1368915, 1, 0, 0
106004, 1298869, 1, 0, 0
107000, 1284996, 1, 0, 0
108000, 923723, 1, 0, 0
109000, 1075603, 1, 0, 0
110004, 1068487, 1, 0, 0
111000, 1010912, 1, 0, 0
112000, 1438600, 1, 0, 0
113000, 1474502, 1, 0, 0
114006, 1460939, 1, 0, 0
115000, 1407301, 1, 0, 0
116008, 1250084, 1, 0, 0
117000, 1083397, 1, 0, 0
118000, 1164283, 1, 0, 0
119009, 1188726, 1, 0, 0
120000, 1376767, 1, 0, 0
121002, 1606548, 1, 0, 0
122000, 1490879, 1, 0, 0
123010, 1432702, 1, 0, 0
124000, 1460803, 1, 0, 0
125000, 1392527, 1, 0, 0
126010, 1439899, 1, 0, 0
127007, 1747003, 1, 0, 0
128000, 1834331, 1, 0, 0
129000, 1929206, 1, 0, 0
130009, 1735170, 1, 0, 0
131000, 1667606, 1, 0, 0
132002, 1518435, 1, 0, 0
133000, 1181358, 1, 0, 0
134003, 1185854, 1, 0, 0
135008, 1241413, 1, 0, 0
136000, 1202373, 1, 0, 0
137003, 1250222, 1, 0, 0
138000, 1491420, 1, 0, 0
139001, 1390748, 1, 0, 0
140000, 1465498, 1, 0, 0
141000, 1436298, 1, 0, 0
142005, 1367390, 1, 0, 0
143006, 1129777, 1, 0, 0
144000, 1139691, 1, 0, 0
145000, 1114885, 1, 0, 0
146001, 1034264, 1, 0, 0
147005, 1163714, 1, 0, 0
148000, 984666, 1, 0, 0
149000, 828413, 1, 0, 0
150000, 763492, 1, 0, 0
151000, 531502, 1, 0, 0
152000, 492561, 1, 0, 0
153000, 492760, 1, 0, 0
154000, 535942, 1, 0, 0
155000, 530447, 1, 0, 0
156000, 502263, 1, 0, 0
157000, 545481, 1, 0, 0
158000, 719032, 1, 0, 0
159000, 721375, 1, 0, 0
160000, 751708, 1, 0, 0
161004, 725190, 1, 0, 0
162000, 1163014, 1, 0, 0
163000, 1120717, 1, 0, 0
164004, 1086031, 1, 0, 0
165000, 747328, 1, 0, 0
166000, 833111, 1, 0, 0
167000, 947091, 1, 0, 0
168010, 1216682, 1, 0, 0
169010, 1549634, 1, 0, 0
170000, 1505276, 1, 0, 0
171000, 1328549, 1, 0, 0
172000, 1192569, 1, 0, 0
173003, 1163702, 1, 0, 0
174009, 1177088, 1, 0, 0
175000, 1330925, 1, 0, 0
176007, 1743583, 1, 0, 0
177007, 1619327, 1, 0, 0
178008, 1528529, 1, 0, 0
179004, 1563274, 1, 0, 0
180012, 1640165, 1, 0, 0
181010, 1691855, 1, 0, 0
182009, 1727139, 1, 0, 0
183000, 1814741, 1, 0, 0
184003, 1773057, 1, 0, 0
185010, 1669407, 1, 0, 0
186002, 1642328, 1, 0, 0
187000, 1871305, 1, 0, 0
188008, 1986170, 1, 0, 0
189004, 1907681, 1, 0, 0
190005, 1204376, 1, 0, 0
191000, 1185419, 1, 0, 0
192000, 1022921, 1, 0, 0
193000, 880499, 1, 0, 0
194000, 522008, 1, 0, 0
195000, 502926, 1, 0, 0
196000, 502187, 1, 0, 0
197002, 631751, 1, 0, 0
198000, 1639613, 1, 0, 0
199011, 1569502, 1, 0, 0
200006, 1177416, 1, 0, 0
201006, 1067346, 1, 0, 0
202000, 1221146, 1, 0, 0
203009, 1233536, 1, 0, 0
204000, 1152994, 1, 0, 0
205000, 508053, 1, 0, 0
206000, 493096, 1, 0, 0
207000, 493733, 1, 0, 0
208012, 586030, 1, 0, 0
209000, 644472, 1, 0, 0
210000, 636904, 1, 0, 0
211000, 611559, 1, 0, 0
212000, 752665, 1, 0, 0
213000, 784014, 1, 0, 0
214000, 745854, 1, 0, 0
215000, 768155, 1, 0, 0
216000, 779149, 1, 0, 0
217000, 896528, 1, 0, 0
218001, 871604, 1, 0, 0
219000, 967059, 1, 0, 0
220000, 953747, 1, 0, 0
221000, 979056, 1, 0, 0
222011, 986507, 1, 0, 0
223000, 1158816, 1, 0, 0
224012, 1295867, 1, 0, 0
225011, 1358032, 1, 0, 0
226000, 1336839, 1, 0, 0
227000, 1252111, 1, 0, 0
228005, 1270098, 1, 0, 0
229013, 1210617, 1, 0, 0
230004, 1315118, 1, 0, 0
231012, 1423467, 1, 0, 0
232014, 1709063, 1, 0, 0
233010, 1668690, 1, 0, 0
234000, 1156456, 1, 0, 0
235006, 1172181, 1, 0, 0
236000, 1168040, 1, 0, 0
237000, 1123094, 1, 0, 0
238000, 1135154, 1, 0, 0
239003, 1080074, 1, 0, 0
240000, 1069417, 1, 0, 0
241000, 1029055, 1, 0, 0
242000, 1026648, 1, 0, 0
243000, 1219959, 1, 0, 0
244001, 1191107, 1, 0, 0
245002, 1272675, 1, 0, 0
246000, 1607566, 1, 0, 0
247000, 1540886, 1, 0, 0
248000, 1486594, 1, 0, 0
249006, 1446645, 1, 0, 0
250002, 1873669, 1, 0, 0
251000, 1815860, 1, 0, 0
252000, 1699324, 1, 0, 0
253005, 1811114, 1, 0, 0
254008, 1794057, 1, 0, 0
255007, 1712121, 1, 0, 0
256000, 1997534, 1, 0, 0
257000, 1754536, 1, 0, 0
258003, 1673390, 1, 0, 0
259000, 1791444, 1, 0, 0
260006, 1738835, 1, 0, 0
261000, 1709741, 1, 0, 0
262005, 1257017, 1, 0, 0
263002, 1061655, 1, 0, 0
264007, 1034387, 1, 0, 0
265001, 825984, 1, 0, 0
266000, 734684, 1, 0, 0
267001, 724354, 1, 0, 0
268000, 573613, 1, 0, 0
269000, 661726, 1, 0, 0
270000, 814360, 1, 0, 0
271009, 1075898, 1, 0, 0
272000, 1930334, 1, 0, 0
273007, 1879073, 1, 0, 0
274001, 1829985, 1, 0, 0
275004, 1806035, 1, 0, 0
276000, 969412, 1, 0, 0
277000, 523731, 1, 0, 0
278000, 507737, 1, 0, 0
279000, 506864, 1, 0, 0
280000, 523035, 1, 0, 0
281000, 506599, 1, 0, 0
282000, 506323, 1, 0, 0
283000, 728948, 1, 0, 0
284000, 965521, 1, 0, 0
285008, 973008, 1, 0, 0
286000, 1002753, 1, 0, 0
287006, 1033784, 1, 0, 0
288000, 1035579, 1, 0, 0
289002, 1306980, 1, 0, 0
290000, 1449944, 1, 0, 0
291000, 1456179, 1, 0, 0
292000, 1413714, 1, 0, 0
293000, 1323561, 1, 0, 0
294001, 1586780, 1, 0, 0
295000, 1652261, 1, 0, 0
296000, 1588691, 1, 0, 0
297009, 1661152, 1, 0, 0
298000, 1762508, 1, 0, 0
299000, 1649396, 1, 0, 0
300000, 1296314, 1, 0, 0
301000, 1033515, 1, 0, 0
302000, 972903, 1, 0, 0
303000, 930150, 1, 0, 0
304004, 988970, 1, 0, 0
305001, 1140912, 1, 0, 0
306003, 1711890, 1, 0, 0
307000, 1790910, 1, 0, 0
308005, 1128807, 1, 0, 0
309005, 1057943, 1, 0, 0
310000, 1112003, 1, 0, 0
311000, 1147348, 1, 0, 0
312000, 904239, 1, 0, 0
313005, 1188061, 1, 0, 0
314000, 1500876, 1, 0, 0
315000, 1523596, 1, 0, 0
316010, 1434072, 1, 0, 0
317000, 1534708, 1, 0, 0
318000, 1504952, 1, 0, 0
319002, 1531404, 1, 0, 0
320000, 1516435, 1, 0, 0
321011, 1542755, 1, 0, 0
322010, 1788264, 1, 0, 0
323004, 1737947, 1, 0, 0
324007, 1597428, 1, 0, 0
325004, 1502242, 1, 0, 0
326000, 1459906, 1, 0, 0
327000, 1580287, 1, 0, 0
328000, 1576622, 1, 0, 0
329007, 1267594, 1, 0, 0
330000, 981540, 1, 0, 0
331000, 1202660, 1, 0, 0
332005, 1222120, 1, 0, 0
333000, 1218277, 1, 0, 0
334000, 1176066, 1, 0, 0
335002, 1737480, 1, 0, 0
336002, 1479867, 1, 0, 0
337000, 632710, 1, 0, 0
338000, 521196, 1, 0, 0
339000, 505503, 1, 0, 0
340000, 506091, 1, 0, 0
341007, 663729, 1, 0, 0
342001, 972195, 1, 0, 0
343000, 968743, 1, 0, 0
344000, 909692, 1, 0, 0
345003, 852647, 1, 0, 0
346000, 1004818, 1, 0, 0
347000, 1446811, 1, 0, 0
348005, 1315668, 1, 0, 0
349002, 1310918, 1, 0, 0
350010, 1506650, 1, 0, 0
351000, 1530944, 1, 0, 0
352007, 1639707, 1, 0, 0
353003, 1664935, 1, 0, 0
354019, 1420704, 1, 0, 0
355000, 1270040, 1, 0, 0
356002, 1371722, 1, 0, 0
357001, 1617095, 1, 0, 0
358006, 1619942, 1, 0, 0
359007, 1699614, 1, 0, 0
360002, 1939557, 1, 0, 0
361000, 1878893, 1, 0, 0
362009, 1155612, 1, 0, 0
363006, 1207173, 1, 0, 0
364009, 1229278, 1, 0, 0
365005, 1325355, 1, 0, 0
366002, 1304154, 1, 0, 0
367012, 1401170, 1, 0, 0
368000, 1270065, 1, 0, 0
369001, 1184988, 1, 0, 0
370000, 583040, 1, 0, 0
371000, 509756, 1, 0, 0
372000, 496758, 1, 0, 0
373000, 494666, 1, 0, 0
374000, 649512, 1, 0, 0
375004, 1467994, 1, 0, 0
376007, 1433253, 1, 0, 0
377007, 1070885, 1, 0, 0
378003, 1063633, 1, 0, 0
379003, 1005379, 1, 0, 0
380000, 1004008, 1, 0, 0
381011, 1084568, 1, 0, 0
382008, 1153273, 1, 0, 0
383000, 1118670, 1, 0, 0
384004, 1485901, 1, 0, 0
385000, 1594748, 1, 0, 0
386000, 1592917, 1, 0, 0
387001, 1701235, 1, 0, 0
388008, 1715153, 1, 0, 0
389011, 1669666, 1, 0, 0
390006, 1711830, 1, 0, 0
391003, 1524263, 1, 0, 0
392005, 1439179, 1, 0, 0
393004, 1450363, 1, 0, 0
394013, 1374380, 1, 0, 0
395000, 1440485, 1, 0, 0
396002, 1526762, 1, 0, 0
397010, 1513396, 1, 0, 0
398013, 1501026, 1, 0, 0
399008, 1817728, 1, 0, 0
400001, 1949745, 1, 0, 0
401010, 1719147, 1, 0, 0
402000, 1851399, 1, 0, 0
403002, 1549554, 1, 0, 0
404000, 1359560, 1, 0, 0
405010, 1443585, 1, 0, 0
406000, 1426277, 1, 0, 0
407000, 1337938, 1, 0, 0
408000, 1203265, 1, 0, 0
409010, 1303137, 1, 0, 0
410006, 1397709, 1, 0, 0
411000, 1478969, 1, 0, 0
412009, 1288328, 1, 0, 0
413000, 1032734, 1, 0, 0
414005, 1052037, 1, 0, 0
415000, 1221308, 1, 0, 0
416000, 1202437, 1, 0, 0
417003, 1336912, 1, 0, 0
418002, 1227871, 1, 0, 0
419000, 1286684, 1, 0, 0
420018, 1310232, 1, 0, 0
421001, 1299683, 1, 0, 0
422004, 1312210, 1, 0, 0
423007, 1331720, 1, 0, 0
424000, 1261622, 1, 0, 0
425000, 1628654, 1, 0, 0
426000, 1734855, 1, 0, 0
427000, 1621113, 1, 0, 0
428000, 1546496, 1, 0, 0
429000, 1629639, 1, 0, 0
430000, 1615885, 1, 0, 0
431009, 1563696, 1, 0, 0
432000, 1548468, 1, 0, 0
433010, 1524115, 1, 0, 0
434006, 1558477, 1, 0, 0
435007, 1788004, 1, 0, 0
436007, 1744600, 1, 0, 0
437007, 1814907, 1, 0, 0
438008, 1657227, 1, 0, 0
439001, 1793563, 1, 0, 0
440007, 1738997, 1, 0, 0
441000, 1418415, 1, 0, 0
442000, 1312905, 1, 0, 0
443001, 1295448, 1, 0, 0
444000, 1401027, 1, 0, 0
445010, 1440132, 1, 0, 0
446008, 1868333, 1, 0, 0
447008, 1734443, 1, 0, 0
448008, 1780604, 1, 0, 0
449005, 1809760, 1, 0, 0
450000, 1750728, 1, 0, 0
451000, 1521265, 1, 0, 0
452001, 1074157, 1, 0, 0
453000, 1058813, 1, 0, 0
454000, 1204783, 1, 0, 0
455000, 1197545, 1, 0, 0
456004, 1166402, 1, 0, 0
457008, 1136528, 1, 0, 0
458011, 1186586, 1, 0, 0
459007, 1694253, 1, 0, 0
460010, 1622460, 1, 0, 0
461000, 635864, 1, 0, 0
462000, 507301, 1, 0, 0
463000, 503353, 1, 0, 0
464000, 590528, 1, 0, 0
465007, 1660579, 1, 0, 0
466001, 1653380, 1, 0, 0
467009, 1388673, 1, 0, 0
468001, 1213783, 1, 0, 0
469002, 1069340, 1, 0, 0
470005, 917639, 1, 0, 0
471007, 944173, 1, 0, 0
472000, 1053957, 1, 0, 0
473000, 990038, 1, 0, 0
474000, 875256, 1, 0, 0
475000, 851342, 1, 0, 0
476000, 1099668, 1, 0, 0
477000, 1131214, 1, 0, 0
478001, 1358531, 1, 0, 0
479003, 1470613, 1, 0, 0
480003, 1602937, 1, 0, 0
480003, 13849859, 1, 0, 0
