999, 96996, 1, 0, 0
2000, 108052, 1, 0, 0
2999, 94851, 1, 0, 0
4000, 89656, 1, 0, 0
4999, 92608, 1, 0, 0
6000, 107635, 1, 0, 0
6999, 116741, 1, 0, 0
8000, 124282, 1, 0, 0
8999, 125132, 1, 0, 0
10000, 124382, 1, 0, 0
10999, 116545, 1, 0, 0
12000, 123577, 1, 0, 0
12999, 125334, 1, 0, 0
14000, 122761, 1, 0, 0
14999, 121675, 1, 0, 0
16000, 121891, 1, 0, 0
16999, 99374, 1, 0, 0
18000, 79526, 1, 0, 0
18999, 76814, 1, 0, 0
20000, 72216, 1, 0, 0
20999, 74239, 1, 0, 0
22000, 70699, 1, 0, 0
22999, 70606, 1, 0, 0
23999, 74570, 1, 0, 0
25000, 68424, 1, 0, 0
25999, 66786, 1, 0, 0
27000, 70320, 1, 0, 0
27999, 71207, 1, 0, 0
29000, 114543, 1, 0, 0
29999, 124982, 1, 0, 0
31000, 132678, 1, 0, 0
31999, 131449, 1, 0, 0
32999, 127664, 1, 0, 0
34000, 129785, 1, 0, 0
34999, 124008, 1, 0, 0
36000, 132696, 1, 0, 0
37000, 124191, 1, 0, 0
38000, 112373, 1, 0, 0
38999, 116612, 1, 0, 0
40000, 123822, 1, 0, 0
41000, 104202, 1, 0, 0
42000, 92804, 1, 0, 0
43000, 100507, 1, 0, 0
43999, 105987, 1, 0, 0
45000, 91547, 1, 0, 0
45999, 81513, 1, 0, 0
47000, 84348, 1, 0, 0
47999, 76792, 1, 0, 0
49000, 68256, 1, 0, 0
49999, 67429, 1, 0, 0
51000, 109292, 1, 0, 0
51999, 104204, 1, 0, 0
53000, 107014, 1, 0, 0
53999, 109981, 1, 0, 0
55000, 126096, 1, 0, 0
56000, 106103, 1, 0, 0
56999, 99745, 1, 0, 0
58000, 99773, 1, 0, 0
59000, 101958, 1, 0, 0
59999, 99828, 1, 0, 0
61000, 103668, 1, 0, 0
61999, 98100, 1, 0, 0
62999, 98538, 1, 0, 0
64000, 99998, 1, 0, 0
64999, 103888, 1, 0, 0
66000, 123390, 1, 0, 0
67000, 133514, 1, 0, 0
67999, 134706, 1, 0, 0
69000, 137770, 1, 0, 0
69999, 132546, 1, 0, 0
71000, 130491, 1, 0, 0
72000, 130742, 1, 0, 0
72999, 131205, 1, 0, 0
74000, 131336, 1, 0, 0
75000, 129890, 1, 0, 0
75999, 131481, 1, 0, 0
77000, 131857, 1, 0, 0
78000, 120362, 1, 0, 0
79000, 123177, 1, 0, 0
80000, 123020, 1, 0, 0
80999, 121124, 1, 0, 0
82000, 120339, 1, 0, 0
82999, 120884, 1, 0, 0
84000, 111536, 1, 0, 0
84999, 114819, 1, 0, 0
86000, 119014, 1, 0, 0
86999, 121721, 1, 0, 0
88000, 122454, 1, 0, 0
89000, 116424, 1, 0, 0
90000, 119419, 1, 0, 0
91000, 114408, 1, 0, 0
92000, 117409, 1, 0, 0
93000, 119008, 1, 0, 0
94000, 117593, 1, 0, 0
95000, 117844, 1, 0, 0
96000, 113121, 1, 0, 0
97000, 112492, 1, 0, 0
98000, 106870, 1, 0, 0
99000, 117453, 1, 0, 0
100000, 109974, 1, 0, 0
101000, 111987, 1, 0, 0
102000, 116954, 1, 0, 0
103000, 122405, 1, 0, 0
103999, 122633, 1, 0, 0
105000, 99656, 1, 0, 0
105999, 102140, 1, 0, 0
107000, 81575, 1, 0, 0
107999, 72467, 1, 0, 0
109000, 75102, 1, 0, 0
109999, 75933, 1, 0, 0
111000, 74618, 1, 0, 0
111999, 76346, 1, 0, 0
113000, 69480, 1, 0, 0
114000, 67883, 1, 0, 0
115000, 99283, 1, 0, 0
115999, 105736, 1, 0, 0
117000, 101070, 1, 0, 0
118000, 101267, 1, 0, 0
119000, 106554, 1, 0, 0
120000, 112722, 1, 0, 0
121000, 123002, 1, 0, 0
121999, 118266, 1, 0, 0
123000, 131354, 1, 0, 0
123999, 129068, 1, 0, 0
125000, 127187, 1, 0, 0
126000, 127272, 1, 0, 0
126999, 125909, 1, 0, 0
128000, 122419, 1, 0, 0
128999, 115677, 1, 0, 0
130000, 100392, 1, 0, 0
130999, 104019, 1, 0, 0
132000, 123359, 1, 0, 0
133000, 115184, 1, 0, 0
133999, 97844, 1, 0, 0
135000, 106460, 1, 0, 0
135999, 101033, 1, 0, 0
137000, 104146, 1, 0, 0
138000, 103709, 1, 0, 0
138999, 104381, 1, 0, 0
140000, 100805, 1, 0, 0
141000, 101250, 1, 0, 0
141999, 94859, 1, 0, 0
143000, 106776, 1, 0, 0
143999, 103458, 1, 0, 0
145000, 107805, 1, 0, 0
146000, 98420, 1, 0, 0
146999, 111458, 1, 0, 0
148000, 97511, 1, 0, 0
149000, 90593, 1, 0, 0
149999, 99057, 1, 0, 0
151000, 113718, 1, 0, 0
151999, 116424, 1, 0, 0
153000, 118627, 1, 0, 0
153999, 122706, 1, 0, 0
155000, 114494, 1, 0, 0
156000, 64908, 1, 0, 0
157000, 89489, 1, 0, 0
158000, 98310, 1, 0, 0
159000, 108448, 1, 0, 0
160000, 101224, 1, 0, 0
160999, 100777, 1, 0, 0
162000, 105524, 1, 0, 0
163000, 98483, 1, 0, 0
163999, 98186, 1, 0, 0
165000, 100862, 1, 0, 0
166000, 105454, 1, 0, 0
167000, 116838, 1, 0, 0
168000, 122574, 1, 0, 0
168999, 123325, 1, 0, 0
170000, 119761, 1, 0, 0
170999, 123809, 1, 0, 0
172000, 122104, 1, 0, 0
172999, 120032, 1, 0, 0
174000, 120298, 1, 0, 0
175000, 123489, 1, 0, 0
176000, 123043, 1, 0, 0
177000, 129205, 1, 0, 0
177999, 131205, 1, 0, 0
179000, 114868, 1, 0, 0
179999, 125783, 1, 0, 0
181000, 129467, 1, 0, 0
182000, 119027, 1, 0, 0
183000, 104569, 1, 0, 0
184000, 105767, 1, 0, 0
185000, 98684, 1, 0, 0
185999, 78438, 1, 0, 0
187000, 62592, 1, 0, 0
188000, 67819, 1, 0, 0
189000, 66624, 1, 0, 0
190000, 69429, 1, 0, 0
191000, 74016, 1, 0, 0
192000, 76108, 1, 0, 0
193000, 68088, 1, 0, 0
194000, 71015, 1, 0, 0
195000, 73192, 1, 0, 0
196000, 64530, 1, 0, 0
197000, 66750, 1, 0, 0
198000, 105681, 1, 0, 0
199000, 110376, 1, 0, 0
200000, 108372, 1, 0, 0
201000, 110352, 1, 0, 0
202000, 93213, 1, 0, 0
203000, 80256, 1, 0, 0
204000, 83003, 1, 0, 0
205000, 82920, 1, 0, 0
205999, 68488, 1, 0, 0
207000, 61012, 1, 0, 0
208000, 64068, 1, 0, 0
209000, 62452, 1, 0, 0
210000, 60180, 1, 0, 0
211000, 62496, 1, 0, 0
212000, 62918, 1, 0, 0
212999, 62168, 1, 0, 0
214000, 82536, 1, 0, 0
215000, 122013, 1, 0, 0
216000, 96865, 1, 0, 0
217000, 98278, 1, 0, 0
217999, 102520, 1, 0, 0
219000, 97244, 1, 0, 0
220000, 96350, 1, 0, 0
221000, 103346, 1, 0, 0
222000, 92604, 1, 0, 0
223000, 103291, 1, 0, 0
223999, 99531, 1, 0, 0
225000, 108631, 1, 0, 0
226000, 101368, 1, 0, 0
227000, 103485, 1, 0, 0
228000, 108933, 1, 0, 0
229000, 98823, 1, 0, 0
230000, 101667, 1, 0, 0
231000, 97771, 1, 0, 0
231999, 97937, 1, 0, 0
233000, 111102, 1, 0, 0
234000, 115616, 1, 0, 0
235000, 118231, 1, 0, 0
236000, 75087, 1, 0, 0
237000, 62662, 1, 0, 0
238000, 63543, 1, 0, 0
239000, 63568, 1, 0, 0
240000, 64080, 1, 0, 0
241000, 62627, 1, 0, 0
242000, 61359, 1, 0, 0
243000, 54953, 1, 0, 0
243999, 114234, 1, 0, 0
245000, 116112, 1, 0, 0
246000, 118414, 1, 0, 0
247000, 124528, 1, 0, 0
247999, 92865, 1, 0, 0
249000, 97872, 1, 0, 0
250000, 92575, 1, 0, 0
250999, 103431, 1, 0, 0
252000, 106381, 1, 0, 0
253000, 102541, 1, 0, 0
254000, 93465, 1, 0, 0
255000, 99331, 1, 0, 0
255999, 102815, 1, 0, 0
257000, 99941, 1, 0, 0
258000, 103927, 1, 0, 0
259000, 134199, 1, 0, 0
260000, 132624, 1, 0, 0
261000, 136127, 1, 0, 0
262000, 129945, 1, 0, 0
263000, 130668, 1, 0, 0
264000, 121302, 1, 0, 0
265000, 90810, 1, 0, 0
266000, 60936, 1, 0, 0
266999, 61837, 1, 0, 0
268000, 62127, 1, 0, 0
269000, 59660, 1, 0, 0
270000, 66720, 1, 0, 0
270999, 124345, 1, 0, 0
272000, 99812, 1, 0, 0
273000, 102085, 1, 0, 0
274000, 102275, 1, 0, 0
275000, 102748, 1, 0, 0
275999, 97786, 1, 0, 0
277000, 101095, 1, 0, 0
278000, 102950, 1, 0, 0
279000, 95875, 1, 0, 0
280000, 99428, 1, 0, 0
281000, 103009, 1, 0, 0
282000, 118778, 1, 0, 0
283000, 129728, 1, 0, 0
283999, 131891, 1, 0, 0
285000, 134655, 1, 0, 0
286000, 134950, 1, 0, 0
287000, 140424, 1, 0, 0
288000, 134074, 1, 0, 0
289000, 130524, 1, 0, 0
290000, 128859, 1, 0, 0
290999, 131624, 1, 0, 0
292000, 129208, 1, 0, 0
293000, 129871, 1, 0, 0
294000, 121615, 1, 0, 0
295000, 115163, 1, 0, 0
296000, 85237, 1, 0, 0
297000, 87691, 1, 0, 0
298000, 77098, 1, 0, 0
299000, 63120, 1, 0, 0
300000, 64624, 1, 0, 0
300999, 64800, 1, 0, 0
302000, 61055, 1, 0, 0
302999, 64466, 1, 0, 0
304000, 55135, 1, 0, 0
304999, 59631, 1, 0, 0
306000, 62683, 1, 0, 0
306999, 62750, 1, 0, 0
308000, 60096, 1, 0, 0
309000, 61560, 1, 0, 0
310000, 61621, 1, 0, 0
311000, 89202, 1, 0, 0
312000, 100768, 1, 0, 0
313000, 102962, 1, 0, 0
314000, 101332, 1, 0, 0
315000, 102093, 1, 0, 0
316000, 97046, 1, 0, 0
316999, 99935, 1, 0, 0
318000, 104366, 1, 0, 0
319000, 98939, 1, 0, 0
319999, 98339, 1, 0, 0
321000, 95368, 1, 0, 0
322000, 98037, 1, 0, 0
323000, 120481, 1, 0, 0
324000, 134494, 1, 0, 0
324999, 131619, 1, 0, 0
326000, 136020, 1, 0, 0
327000, 132827, 1, 0, 0
328000, 136468, 1, 0, 0
329000, 121785, 1, 0, 0
330000, 90979, 1, 0, 0
331000, 86448, 1, 0, 0
332000, 83603, 1, 0, 0
333000, 78072, 1, 0, 0
334000, 75339, 1, 0, 0
335000, 78096, 1, 0, 0
336000, 107698, 1, 0, 0
337000, 101736, 1, 0, 0
338000, 103136, 1, 0, 0
339000, 97784, 1, 0, 0
340000, 99846, 1, 0, 0
341000, 101798, 1, 0, 0
342000, 109060, 1, 0, 0
343000, 100557, 1, 0, 0
343999, 103806, 1, 0, 0
345000, 110019, 1, 0, 0
346000, 127154, 1, 0, 0
347000, 126843, 1, 0, 0
348000, 128388, 1, 0, 0
349000, 129137, 1, 0, 0
350000, 122210, 1, 0, 0
351000, 129000, 1, 0, 0
352000, 133546, 1, 0, 0
353000, 131545, 1, 0, 0
354000, 133318, 1, 0, 0
355000, 131272, 1, 0, 0
356000, 127643, 1, 0, 0
357000, 125183, 1, 0, 0
358000, 129853, 1, 0, 0
359000, 111026, 1, 0, 0
360000, 103768, 1, 0, 0
361000, 101125, 1, 0, 0
362000, 74880, 1, 0, 0
363000, 74978, 1, 0, 0
364000, 65112, 1, 0, 0
365000, 64915, 1, 0, 0
366000, 56925, 1, 0, 0
367000, 77124, 1, 0, 0
368000, 79601, 1, 0, 0
369000, 82131, 1, 0, 0
370000, 77047, 1, 0, 0
371000, 77525, 1, 0, 0
372000, 65112, 1, 0, 0
373000, 62822, 1, 0, 0
374000, 63375, 1, 0, 0
375000, 63216, 1, 0, 0
376000, 63615, 1, 0, 0
377000, 102649, 1, 0, 0
378000, 125452, 1, 0, 0
379000, 127093, 1, 0, 0
380000, 128573, 1, 0, 0
381000, 132906, 1, 0, 0
382000, 127378, 1, 0, 0
383000, 126776, 1, 0, 0
384000, 125481, 1, 0, 0
385000, 113631, 1, 0, 0
386000, 97997, 1, 0, 0
387000, 97440, 1, 0, 0
388000, 81177, 1, 0, 0
389000, 77138, 1, 0, 0
390000, 72190, 1, 0, 0
391000, 70045, 1, 0, 0
392000, 61607, 1, 0, 0
393000, 81849, 1, 0, 0
394000, 85193, 1, 0, 0
395000, 88319, 1, 0, 0
396000, 84240, 1, 0, 0
397000, 92520, 1, 0, 0
398000, 104564, 1, 0, 0
399000, 93501, 1, 0, 0
400000, 91464, 1, 0, 0
401000, 84516, 1, 0, 0
402000, 68544, 1, 0, 0
403000, 64744, 1, 0, 0
404000, 69720, 1, 0, 0
405000, 80216, 1, 0, 0
406000, 79847, 1, 0, 0
407000, 86696, 1, 0, 0
408000, 84156, 1, 0, 0
409000, 88254, 1, 0, 0
410000, 88570, 1, 0, 0
411000, 102735, 1, 0, 0
412000, 100505, 1, 0, 0
413000, 100848, 1, 0, 0
414000, 106770, 1, 0, 0
415000, 100235, 1, 0, 0
416000, 96602, 1, 0, 0
417000, 100114, 1, 0, 0
418000, 93391, 1, 0, 0
419000, 102905, 1, 0, 0
420000, 107520, 1, 0, 0
421000, 110510, 1, 0, 0
422000, 102624, 1, 0, 0
423000, 98786, 1, 0, 0
424000, 98882, 1, 0, 0
425000, 89943, 1, 0, 0
426000, 91176, 1, 0, 0
427000, 61837, 1, 0, 0
428001, 61685, 1, 0, 0
429000, 65580, 1, 0, 0
430001, 107256, 1, 0, 0
431000, 110261, 1, 0, 0
432000, 112060, 1, 0, 0
433000, 109218, 1, 0, 0
434000, 61920, 1, 0, 0
435000, 61981, 1, 0, 0
436000, 93883, 1, 0, 0
437000, 100965, 1, 0, 0
438000, 99105, 1, 0, 0
439000, 103877, 1, 0, 0
440000, 101594, 1, 0, 0
441000, 96310, 1, 0, 0
442000, 100693, 1, 0, 0
443000, 98346, 1, 0, 0
444000, 104419, 1, 0, 0
445001, 133877, 1, 0, 0
446000, 128843, 1, 0, 0
447000, 130155, 1, 0, 0
448000, 135836, 1, 0, 0
449000, 133148, 1, 0, 0
450000, 131545, 1, 0, 0
451000, 132060, 1, 0, 0
452000, 116138, 1, 0, 0
453000, 116513, 1, 0, 0
454000, 119951, 1, 0, 0
455000, 120856, 1, 0, 0
456000, 117755, 1, 0, 0
457000, 113036, 1, 0, 0
458000, 122050, 1, 0, 0
459000, 122848, 1, 0, 0
460000, 118882, 1, 0, 0
461000, 96716, 1, 0, 0
462000, 93812, 1, 0, 0
463000, 117589, 1, 0, 0
464000, 106766, 1, 0, 0
465000, 103616, 1, 0, 0
466000, 97180, 1, 0, 0
467000, 105942, 1, 0, 0
468000, 99916, 1, 0, 0
469000, 102578, 1, 0, 0
470000, 100024, 1, 0, 0
471000, 99245, 1, 0, 0
472000, 113047, 1, 0, 0
473000, 124604, 1, 0, 0
474000, 128562, 1, 0, 0
475000, 130563, 1, 0, 0
476000, 132020, 1, 0, 0
477000, 131512, 1, 0, 0
478000, 105358, 1, 0, 0
479001, 117641, 1, 0, 0
