999, 125672, 1, 0, 0
2000, 133444, 1, 0, 0
2999, 134184, 1, 0, 0
3999, 134070, 1, 0, 0
4999, 132249, 1, 0, 0
5999, 130547, 1, 0, 0
6999, 121029, 1, 0, 0
7999, 126487, 1, 0, 0
8999, 119917, 1, 0, 0
9999, 122473, 1, 0, 0
10999, 120661, 1, 0, 0
11999, 120851, 1, 0, 0
12999, 122480, 1, 0, 0
13999, 115099, 1, 0, 0
14999, 104381, 1, 0, 0
15999, 105422, 1, 0, 0
16999, 113525, 1, 0, 0
17999, 132358, 1, 0, 0
18999, 134884, 1, 0, 0
19999, 130325, 1, 0, 0
20999, 135213, 1, 0, 0
21999, 132721, 1, 0, 0
22999, 135154, 1, 0, 0
23999, 135508, 1, 0, 0
24999, 134445, 1, 0, 0
25999, 132056, 1, 0, 0
26999, 135047, 1, 0, 0
27999, 133892, 1, 0, 0
28999, 134784, 1, 0, 0
30000, 133812, 1, 0, 0
30999, 137333, 1, 0, 0
31999, 129386, 1, 0, 0
32999, 127850, 1, 0, 0
33999, 133924, 1, 0, 0
34999, 132480, 1, 0, 0
35999, 132973, 1, 0, 0
37000, 135236, 1, 0, 0
37999, 123511, 1, 0, 0
39000, 121143, 1, 0, 0
39999, 124532, 1, 0, 0
40999, 129934, 1, 0, 0
41999, 131726, 1, 0, 0
42999, 118808, 1, 0, 0
44000, 115913, 1, 0, 0
45000, 113566, 1, 0, 0
46000, 128314, 1, 0, 0
46999, 122871, 1, 0, 0
48000, 105835, 1, 0, 0
48999, 107095, 1, 0, 0
49999, 115324, 1, 0, 0
50999, 81657, 1, 0, 0
52000, 69324, 1, 0, 0
52999, 83221, 1, 0, 0
54000, 76618, 1, 0, 0
54999, 77093, 1, 0, 0
56000, 77040, 1, 0, 0
56999, 74906, 1, 0, 0
58000, 70381, 1, 0, 0
58999, 73742, 1, 0, 0
59999, 106661, 1, 0, 0
60999, 104865, 1, 0, 0
61999, 101491, 1, 0, 0
62999, 108467, 1, 0, 0
63999, 81670, 1, 0, 0
64999, 68564, 1, 0, 0
65999, 85741, 1, 0, 0
66999, 122451, 1, 0, 0
67999, 119700, 1, 0, 0
69000, 117326, 1, 0, 0
69999, 111091, 1, 0, 0
70999, 98802, 1, 0, 0
71999, 98175, 1, 0, 0
72999, 100639, 1, 0, 0
74000, 99734, 1, 0, 0
74999, 129463, 1, 0, 0
76000, 126026, 1, 0, 0
76999, 121681, 1, 0, 0
77999, 121199, 1, 0, 0
78999, 126440, 1, 0, 0
79999, 129579, 1, 0, 0
80999, 120262, 1, 0, 0
81999, 115373, 1, 0, 0
83000, 101401, 1, 0, 0
83999, 89681, 1, 0, 0
84999, 90138, 1, 0, 0
85999, 82296, 1, 0, 0
86999, 64504, 1, 0, 0
88000, 67872, 1, 0, 0
88999, 109933, 1, 0, 0
89999, 119286, 1, 0, 0
90999, 112527, 1, 0, 0
91999, 94315, 1, 0, 0
92999, 62021, 1, 0, 0
93999, 63189, 1, 0, 0
95000, 64092, 1, 0, 0
95999, 91689, 1, 0, 0
96999, 110213, 1, 0, 0
97999, 128322, 1, 0, 0
98999, 134622, 1, 0, 0
99999, 127859, 1, 0, 0
100999, 135427, 1, 0, 0
101999, 135683, 1, 0, 0
103000, 134514, 1, 0, 0
103999, 133635, 1, 0, 0
104999, 134750, 1, 0, 0
105999, 132567, 1, 0, 0
106999, 139684, 1, 0, 0
107999, 138434, 1, 0, 0
108999, 139583, 1, 0, 0
109999, 139504, 1, 0, 0
111000, 136713, 1, 0, 0
111999, 132762, 1, 0, 0
112999, 132136, 1, 0, 0
113999, 133953, 1, 0, 0
114999, 135255, 1, 0, 0
115999, 136154, 1, 0, 0
116999, 130719, 1, 0, 0
117999, 113479, 1, 0, 0
118999, 110174, 1, 0, 0
119999, 112865, 1, 0, 0
121000, 114007, 1, 0, 0
121999, 115699, 1, 0, 0
122999, 69441, 1, 0, 0
123999, 65417, 1, 0, 0
124999, 82182, 1, 0, 0
125999, 121157, 1, 0, 0
126999, 128931, 1, 0, 0
127999, 130676, 1, 0, 0
128999, 129855, 1, 0, 0
129999, 131181, 1, 0, 0
130999, 129053, 1, 0, 0
132000, 126638, 1, 0, 0
132999, 122388, 1, 0, 0
133999, 127363, 1, 0, 0
134999, 130788, 1, 0, 0
135999, 128169, 1, 0, 0
137000, 132656, 1, 0, 0
137999, 104912, 1, 0, 0
138999, 90078, 1, 0, 0
139999, 88672, 1, 0, 0
141000, 73457, 1, 0, 0
141999, 75946, 1, 0, 0
142999, 75531, 1, 0, 0
143999, 79305, 1, 0, 0
145000, 75643, 1, 0, 0
145999, 69481, 1, 0, 0
147000, 71896, 1, 0, 0
147999, 66170, 1, 0, 0
149000, 61552, 1, 0, 0
149999, 67926, 1, 0, 0
150999, 67789, 1, 0, 0
151999, 64084, 1, 0, 0
152999, 68870, 1, 0, 0
153999, 69259, 1, 0, 0
154999, 71292, 1, 0, 0
156000, 75065, 1, 0, 0
156999, 76869, 1, 0, 0
158000, 72217, 1, 0, 0
158999, 74834, 1, 0, 0
159999, 68435, 1, 0, 0
160999, 69279, 1, 0, 0
161999, 71059, 1, 0, 0
162999, 72024, 1, 0, 0
163999, 69936, 1, 0, 0
164999, 73811, 1, 0, 0
165999, 80046, 1, 0, 0
166999, 73401, 1, 0, 0
167999, 75840, 1, 0, 0
168999, 79064, 1, 0, 0
169999, 72143, 1, 0, 0
170999, 59788, 1, 0, 0
171999, 69749, 1, 0, 0
173000, 66594, 1, 0, 0
173999, 65699, 1, 0, 0
175000, 67622, 1, 0, 0
175999, 63327, 1, 0, 0
176999, 64608, 1, 0, 0
177999, 69389, 1, 0, 0
178999, 66508, 1, 0, 0
179999, 69404, 1, 0, 0
180999, 72506, 1, 0, 0
181999, 66109, 1, 0, 0
182999, 62032, 1, 0, 0
183999, 69742, 1, 0, 0
184999, 66047, 1, 0, 0
185999, 63516, 1, 0, 0
186999, 68642, 1, 0, 0
188000, 65929, 1, 0, 0
188999, 66978, 1, 0, 0
189999, 71393, 1, 0, 0
190999, 66433, 1, 0, 0
191999, 68040, 1, 0, 0
192999, 68388, 1, 0, 0
193999, 60808, 1, 0, 0
194999, 59787, 1, 0, 0
195999, 66457, 1, 0, 0
196999, 66137, 1, 0, 0
197999, 63792, 1, 0, 0
198999, 68564, 1, 0, 0
200000, 65983, 1, 0, 0
200999, 65410, 1, 0, 0
202000, 68784, 1, 0, 0
202999, 62918, 1, 0, 0
204000, 66216, 1, 0, 0
204999, 68372, 1, 0, 0
206000, 65536, 1, 0, 0
206999, 65617, 1, 0, 0
208000, 75385, 1, 0, 0
208999, 72383, 1, 0, 0
210000, 72496, 1, 0, 0
210999, 76144, 1, 0, 0
211999, 69044, 1, 0, 0
212999, 67189, 1, 0, 0
213999, 74501, 1, 0, 0
214999, 73317, 1, 0, 0
215999, 75748, 1, 0, 0
216999, 74485, 1, 0, 0
217999, 68005, 1, 0, 0
218999, 42330, 1, 0, 0
219999, 42345, 1, 0, 0
220999, 45300, 1, 0, 0
222000, 48096, 1, 0, 0
222999, 51466, 1, 0, 0
224000, 49555, 1, 0, 0
224999, 48981, 1, 0, 0
225999, 66211, 1, 0, 0
226999, 70093, 1, 0, 0
227999, 72521, 1, 0, 0
228999, 66204, 1, 0, 0
229999, 63504, 1, 0, 0
230999, 60604, 1, 0, 0
231999, 56456, 1, 0, 0
232999, 44395, 1, 0, 0
233999, 48289, 1, 0, 0
234999, 48072, 1, 0, 0
235999, 46224, 1, 0, 0
236999, 48288, 1, 0, 0
237999, 46608, 1, 0, 0
238999, 50930, 1, 0, 0
239999, 66999, 1, 0, 0
240999, 67060, 1, 0, 0
241999, 65508, 1, 0, 0
242999, 63989, 1, 0, 0
243999, 62751, 1, 0, 0
245000, 76767, 1, 0, 0
245999, 130626, 1, 0, 0
246999, 134879, 1, 0, 0
247999, 135749, 1, 0, 0
248999, 133197, 1, 0, 0
249999, 132032, 1, 0, 0
250999, 130195, 1, 0, 0
251999, 102869, 1, 0, 0
252999, 105849, 1, 0, 0
253999, 114606, 1, 0, 0
254999, 107594, 1, 0, 0
255999, 111120, 1, 0, 0
256999, 111567, 1, 0, 0
257999, 106667, 1, 0, 0
259000, 82052, 1, 0, 0
259999, 78675, 1, 0, 0
261000, 81811, 1, 0, 0
261999, 75891, 1, 0, 0
263000, 76407, 1, 0, 0
263999, 90051, 1, 0, 0
264999, 100300, 1, 0, 0
265999, 96600, 1, 0, 0
266999, 96696, 1, 0, 0
267999, 85066, 1, 0, 0
268999, 99497, 1, 0, 0
269999, 104694, 1, 0, 0
270999, 99428, 1, 0, 0
271999, 67584, 1, 0, 0
272999, 71423, 1, 0, 0
273999, 72569, 1, 0, 0
274999, 66788, 1, 0, 0
275999, 68231, 1, 0, 0
276999, 68738, 1, 0, 0
277999, 57024, 1, 0, 0
278999, 63288, 1, 0, 0
279999, 68583, 1, 0, 0
280999, 66500, 1, 0, 0
281999, 68719, 1, 0, 0
282999, 70922, 1, 0, 0
283999, 72202, 1, 0, 0
285000, 75852, 1, 0, 0
285999, 76669, 1, 0, 0
286999, 71314, 1, 0, 0
287999, 76667, 1, 0, 0
288999, 72984, 1, 0, 0
289999, 74810, 1, 0, 0
291000, 68352, 1, 0, 0
291999, 71735, 1, 0, 0
293000, 64368, 1, 0, 0
293999, 61977, 1, 0, 0
294999, 64868, 1, 0, 0
295999, 62640, 1, 0, 0
296999, 64144, 1, 0, 0
297999, 69480, 1, 0, 0
298999, 65369, 1, 0, 0
299999, 65640, 1, 0, 0
300999, 58090, 1, 0, 0
301999, 67647, 1, 0, 0
302999, 70591, 1, 0, 0
303999, 71997, 1, 0, 0
304999, 72339, 1, 0, 0
305999, 73099, 1, 0, 0
307000, 77285, 1, 0, 0
307999, 73546, 1, 0, 0
308999, 73909, 1, 0, 0
309999, 71233, 1, 0, 0
310999, 70202, 1, 0, 0
311999, 61089, 1, 0, 0
312999, 72150, 1, 0, 0
313999, 70051, 1, 0, 0
314999, 65120, 1, 0, 0
315999, 66746, 1, 0, 0
316999, 84647, 1, 0, 0
317999, 93152, 1, 0, 0
318999, 91612, 1, 0, 0
319999, 90817, 1, 0, 0
320999, 86581, 1, 0, 0
321999, 80409, 1, 0, 0
322999, 90334, 1, 0, 0
323999, 91891, 1, 0, 0
324999, 96264, 1, 0, 0
325999, 99339, 1, 0, 0
326999, 74543, 1, 0, 0
327999, 73195, 1, 0, 0
328999, 78607, 1, 0, 0
329999, 80072, 1, 0, 0
330999, 75815, 1, 0, 0
331999, 70079, 1, 0, 0
332999, 82001, 1, 0, 0
333999, 67538, 1, 0, 0
334999, 70920, 1, 0, 0
336000, 80993, 1, 0, 0
336999, 81748, 1, 0, 0
337999, 85085, 1, 0, 0
338999, 88917, 1, 0, 0
339999, 85033, 1, 0, 0
340999, 83880, 1, 0, 0
341999, 79116, 1, 0, 0
342999, 82594, 1, 0, 0
343999, 81216, 1, 0, 0
344999, 84396, 1, 0, 0
345999, 91728, 1, 0, 0
346999, 91164, 1, 0, 0
347999, 91545, 1, 0, 0
348999, 91102, 1, 0, 0
349999, 87259, 1, 0, 0
350999, 77256, 1, 0, 0
351999, 90210, 1, 0, 0
352999, 84216, 1, 0, 0
353999, 83480, 1, 0, 0
354999, 89803, 1, 0, 0
355999, 67069, 1, 0, 0
356999, 67574, 1, 0, 0
357999, 68783, 1, 0, 0
358999, 66697, 1, 0, 0
359999, 67983, 1, 0, 0
360999, 72768, 1, 0, 0
362000, 77544, 1, 0, 0
362999, 75027, 1, 0, 0
363999, 77166, 1, 0, 0
364999, 79007, 1, 0, 0
365999, 73448, 1, 0, 0
366999, 77948, 1, 0, 0
367999, 79612, 1, 0, 0
368999, 73394, 1, 0, 0
369999, 70452, 1, 0, 0
370999, 67212, 1, 0, 0
371999, 56777, 1, 0, 0
372999, 66315, 1, 0, 0
373999, 68985, 1, 0, 0
374999, 64965, 1, 0, 0
375999, 68713, 1, 0, 0
376999, 70438, 1, 0, 0
377999, 67106, 1, 0, 0
378999, 69511, 1, 0, 0
379999, 68410, 1, 0, 0
380999, 65147, 1, 0, 0
381999, 67976, 1, 0, 0
382999, 71119, 1, 0, 0
383999, 69446, 1, 0, 0
384999, 99650, 1, 0, 0
385999, 95629, 1, 0, 0
386999, 94736, 1, 0, 0
387999, 93693, 1, 0, 0
388999, 96472, 1, 0, 0
389999, 101140, 1, 0, 0
390999, 114509, 1, 0, 0
391999, 115043, 1, 0, 0
392999, 123595, 1, 0, 0
393999, 114193, 1, 0, 0
394999, 110996, 1, 0, 0
396000, 112890, 1, 0, 0
396999, 118390, 1, 0, 0
397999, 111540, 1, 0, 0
398999, 81291, 1, 0, 0
399999, 78173, 1, 0, 0
400999, 71154, 1, 0, 0
401999, 68904, 1, 0, 0
402999, 66389, 1, 0, 0
403999, 66253, 1, 0, 0
404999, 71519, 1, 0, 0
405999, 74204, 1, 0, 0
406999, 74862, 1, 0, 0
407999, 72581, 1, 0, 0
408999, 75665, 1, 0, 0
409999, 62117, 1, 0, 0
410998, 68804, 1, 0, 0
411999, 66504, 1, 0, 0
412999, 65895, 1, 0, 0
413999, 65391, 1, 0, 0
414999, 66547, 1, 0, 0
415999, 69252, 1, 0, 0
416999, 74858, 1, 0, 0
417999, 76536, 1, 0, 0
418999, 83505, 1, 0, 0
419999, 78192, 1, 0, 0
420999, 74426, 1, 0, 0
421999, 86088, 1, 0, 0
422999, 78246, 1, 0, 0
423999, 65064, 1, 0, 0
424999, 68324, 1, 0, 0
425999, 64423, 1, 0, 0
426999, 64305, 1, 0, 0
427999, 68160, 1, 0, 0
428999, 65009, 1, 0, 0
429999, 66727, 1, 0, 0
430999, 72914, 1, 0, 0
431999, 60543, 1, 0, 0
432999, 73537, 1, 0, 0
433999, 75251, 1, 0, 0
434999, 71109, 1, 0, 0
435999, 64627, 1, 0, 0
436999, 67479, 1, 0, 0
437999, 68361, 1, 0, 0
438999, 70813, 1, 0, 0
439999, 72432, 1, 0, 0
440999, 70030, 1, 0, 0
441998, 69444, 1, 0, 0
442999, 72124, 1, 0, 0
443999, 58478, 1, 0, 0
444999, 71630, 1, 0, 0
445999, 77568, 1, 0, 0
446999, 74810, 1, 0, 0
447999, 90048, 1, 0, 0
448999, 90130, 1, 0, 0
449999, 80048, 1, 0, 0
450999, 80988, 1, 0, 0
451999, 83252, 1, 0, 0
452999, 80279, 1, 0, 0
453999, 69621, 1, 0, 0
454999, 78910, 1, 0, 0
455999, 79210, 1, 0, 0
456999, 89370, 1, 0, 0
457999, 87573, 1, 0, 0
458999, 93960, 1, 0, 0
459998, 101339, 1, 0, 0
460999, 105405, 1, 0, 0
461999, 101741, 1, 0, 0
462999, 93031, 1, 0, 0
463999, 105655, 1, 0, 0
464999, 112424, 1, 0, 0
465999, 116480, 1, 0, 0
466999, 112554, 1, 0, 0
467999, 107571, 1, 0, 0
468999, 104630, 1, 0, 0
469999, 78252, 1, 0, 0
470999, 72502, 1, 0, 0
471999, 69817, 1, 0, 0
472999, 71588, 1, 0, 0
473999, 69514, 1, 0, 0
474999, 71315, 1, 0, 0
475999, 75827, 1, 0, 0
476999, 70000, 1, 0, 0
477998, 71879, 1, 0, 0
478999, 73570, 1, 0, 0
479999, 71456, 1, 0, 0
