1000, 129030, 0, 0, 0
2001, 133069, 0, 0, 0
3001, 135127, 0, 0, 0
4002, 120493, 0, 0, 0
5003, 120191, 0, 0, 0
6003, 124577, 0, 0, 0
7004, 128418, 0, 0, 0
8004, 140157, 0, 0, 0
9005, 144170, 0, 0, 0
10005, 143455, 0, 0, 0
11005, 145143, 0, 0, 0
12006, 144492, 0, 0, 0
13006, 145106, 0, 0, 0
14007, 124654, 0, 0, 0
15007, 105548, 0, 0, 0
16008, 105401, 0, 0, 0
17009, 110964, 0, 0, 0
18009, 109341, 0, 0, 0
19010, 127728, 0, 0, 0
20010, 129654, 0, 0, 0
21011, 122305, 0, 0, 0
22011, 129044, 0, 0, 0
23011, 117579, 0, 0, 0
24012, 115598, 0, 0, 0
25013, 118912, 0, 0, 0
26013, 99853, 0, 0, 0
27014, 102562, 0, 0, 0
28013, 109100, 0, 0, 0
29013, 111948, 0, 0, 0
30013, 119415, 0, 0, 0
31013, 134928, 0, 0, 0
32014, 139255, 0, 0, 0
33013, 116887, 0, 0, 0
34014, 109148, 0, 0, 0
35013, 107644, 0, 0, 0
36014, 123299, 0, 0, 0
37013, 121821, 0, 0, 0
38013, 110693, 0, 0, 0
39014, 116986, 0, 0, 0
40013, 118481, 0, 0, 0
41014, 103259, 0, 0, 0
42013, 112463, 0, 0, 0
43014, 115174, 0, 0, 0
44013, 125007, 0, 0, 0
45013, 141235, 0, 0, 0
46014, 145728, 0, 0, 0
47013, 144226, 0, 0, 0
48014, 143535, 0, 0, 0
49013, 143928, 0, 0, 0
50013, 145816, 0, 0, 0
51013, 114342, 0, 0, 0
52014, 119611, 0, 0, 0
53013, 117816, 0, 0, 0
54014, 110106, 0, 0, 0
55013, 126843, 0, 0, 0
56013, 135192, 0, 0, 0
57014, 132927, 0, 0, 0
58013, 129370, 0, 0, 0
59014, 117210, 0, 0, 0
60013, 128453, 0, 0, 0
61014, 131453, 0, 0, 0
62013, 123412, 0, 0, 0
63013, 126808, 0, 0, 0
64013, 117200, 0, 0, 0
65014, 102306, 0, 0, 0
66013, 107831, 0, 0, 0
67014, 110304, 0, 0, 0
68013, 114808, 0, 0, 0
69013, 137538, 0, 0, 0
70014, 146415, 0, 0, 0
71013, 144517, 0, 0, 0
72014, 143479, 0, 0, 0
73013, 147167, 0, 0, 0
74013, 143384, 0, 0, 0
75014, 138727, 0, 0, 0
76013, 146527, 0, 0, 0
77013, 145841, 0, 0, 0
78014, 142328, 0, 0, 0
79013, 143769, 0, 0, 0
80013, 142505, 0, 0, 0
81014, 141713, 0, 0, 0
82013, 143703, 0, 0, 0
83014, 144190, 0, 0, 0
84013, 145641, 0, 0, 0
85013, 145815, 0, 0, 0
86014, 142903, 0, 0, 0
87013, 113037, 0, 0, 0
88013, 117696, 0, 0, 0
89014, 119218, 0, 0, 0
90013, 120409, 0, 0, 0
91014, 117441, 0, 0, 0
92013, 129166, 0, 0, 0
93014, 126132, 0, 0, 0
94013, 126255, 0, 0, 0
95013, 125587, 0, 0, 0
96013, 124515, 0, 0, 0
97013, 131204, 0, 0, 0
98014, 133102, 0, 0, 0
99013, 126607, 0, 0, 0
100014, 125585, 0, 0, 0
101013, 120206, 0, 0, 0
102014, 129639, 0, 0, 0
103013, 131734, 0, 0, 0
104013, 123193, 0, 0, 0
105014, 107844, 0, 0, 0
106013, 104563, 0, 0, 0
107014, 108777, 0, 0, 0
108013, 105290, 0, 0, 0
109014, 102560, 0, 0, 0
110013, 118107, 0, 0, 0
111014, 120169, 0, 0, 0
112013, 115642, 0, 0, 0
113014, 122283, 0, 0, 0
114014, 126538, 0, 0, 0
115013, 127358, 0, 0, 0
116014, 131118, 0, 0, 0
117013, 133213, 0, 0, 0
118013, 137781, 0, 0, 0
119013, 116724, 0, 0, 0
120014, 116842, 0, 0, 0
121013, 117307, 0, 0, 0
122014, 110703, 0, 0, 0
123013, 122467, 0, 0, 0
124014, 127817, 0, 0, 0
125013, 121596, 0, 0, 0
126013, 124316, 0, 0, 0
127014, 131333, 0, 0, 0
128013, 129067, 0, 0, 0
129014, 131916, 0, 0, 0
130013, 135025, 0, 0, 0
131014, 134709, 0, 0, 0
132013, 124318, 0, 0, 0
133014, 132678, 0, 0, 0
134013, 142656, 0, 0, 0
135013, 145814, 0, 0, 0
136014, 142141, 0, 0, 0
137013, 139035, 0, 0, 0
138014, 146259, 0, 0, 0
139014, 144389, 0, 0, 0
140013, 143416, 0, 0, 0
141014, 147192, 0, 0, 0
142013, 142796, 0, 0, 0
143013, 130027, 0, 0, 0
144014, 131492, 0, 0, 0
145013, 127495, 0, 0, 0
146013, 141494, 0, 0, 0
147014, 139126, 0, 0, 0
148013, 141323, 0, 0, 0
149014, 132616, 0, 0, 0
150013, 139479, 0, 0, 0
151013, 138010, 0, 0, 0
152014, 140459, 0, 0, 0
153013, 140572, 0, 0, 0
154013, 141927, 0, 0, 0
155014, 138275, 0, 0, 0
156013, 147225, 0, 0, 0
157013, 145481, 0, 0, 0
158014, 143396, 0, 0, 0
159013, 143900, 0, 0, 0
160013, 143232, 0, 0, 0
161014, 137262, 0, 0, 0
162013, 141785, 0, 0, 0
163013, 140744, 0, 0, 0
164014, 141155, 0, 0, 0
165013, 142320, 0, 0, 0
166013, 134579, 0, 0, 0
167014, 134679, 0, 0, 0
168013, 141239, 0, 0, 0
169014, 140100, 0, 0, 0
170013, 141672, 0, 0, 0
171013, 139692, 0, 0, 0
172014, 138120, 0, 0, 0
173013, 132045, 0, 0, 0
174013, 131268, 0, 0, 0
175014, 126923, 0, 0, 0
176013, 133217, 0, 0, 0
177014, 130438, 0, 0, 0
178013, 134075, 0, 0, 0
179013, 125797, 0, 0, 0
180014, 125883, 0, 0, 0
181013, 127784, 0, 0, 0
182014, 126710, 0, 0, 0
183013, 132036, 0, 0, 0
184013, 138793, 0, 0, 0
185014, 111644, 0, 0, 0
186013, 109222, 0, 0, 0
187014, 111408, 0, 0, 0
188013, 117137, 0, 0, 0
189013, 112563, 0, 0, 0
190014, 113009, 0, 0, 0
191014, 116860, 0, 0, 0
192013, 108895, 0, 0, 0
193014, 109863, 0, 0, 0
194013, 112068, 0, 0, 0
195014, 114688, 0, 0, 0
196014, 117253, 0, 0, 0
197013, 111117, 0, 0, 0
198014, 118034, 0, 0, 0
199013, 120803, 0, 0, 0
200013, 124812, 0, 0, 0
201014, 121837, 0, 0, 0
202013, 132192, 0, 0, 0
203014, 114616, 0, 0, 0
204013, 113183, 0, 0, 0
205014, 100331, 0, 0, 0
206013, 109018, 0, 0, 0
207014, 106668, 0, 0, 0
208013, 112648, 0, 0, 0
209014, 102846, 0, 0, 0
210014, 108556, 0, 0, 0
211013, 121571, 0, 0, 0
212014, 140751, 0, 0, 0
213013, 143912, 0, 0, 0
214013, 142555, 0, 0, 0
215014, 144568, 0, 0, 0
216013, 144367, 0, 0, 0
217014, 143715, 0, 0, 0
218013, 144892, 0, 0, 0
219013, 122391, 0, 0, 0
220014, 130056, 0, 0, 0
221013, 131111, 0, 0, 0
222014, 130134, 0, 0, 0
223013, 130824, 0, 0, 0
224014, 132320, 0, 0, 0
225014, 116924, 0, 0, 0
226013, 128658, 0, 0, 0
227014, 129014, 0, 0, 0
228013, 127310, 0, 0, 0
229013, 120815, 0, 0, 0
230014, 127597, 0, 0, 0
231013, 121319, 0, 0, 0
232014, 124063, 0, 0, 0
233013, 120266, 0, 0, 0
234014, 118625, 0, 0, 0
235013, 122232, 0, 0, 0
236014, 121706, 0, 0, 0
237014, 125392, 0, 0, 0
238013, 118664, 0, 0, 0
239014, 124258, 0, 0, 0
240013, 110724, 0, 0, 0
241014, 104055, 0, 0, 0
242013, 107216, 0, 0, 0
243014, 104804, 0, 0, 0
244014, 108484, 0, 0, 0
245013, 112777, 0, 0, 0
246014, 106673, 0, 0, 0
247013, 115200, 0, 0, 0
248013, 108672, 0, 0, 0
249014, 108715, 0, 0, 0
250013, 101848, 0, 0, 0
251014, 107064, 0, 0, 0
252013, 110632, 0, 0, 0
253014, 115985, 0, 0, 0
254013, 110348, 0, 0, 0
255014, 99766, 0, 0, 0
256013, 106759, 0, 0, 0
257014, 106651, 0, 0, 0
258013, 100810, 0, 0, 0
259014, 105275, 0, 0, 0
260013, 103888, 0, 0, 0
261014, 115492, 0, 0, 0
262013, 118709, 0, 0, 0
263014, 123308, 0, 0, 0
264013, 131468, 0, 0, 0
265013, 123776, 0, 0, 0
266014, 119290, 0, 0, 0
267013, 105923, 0, 0, 0
268014, 105389, 0, 0, 0
269013, 106367, 0, 0, 0
270014, 103924, 0, 0, 0
271013, 104795, 0, 0, 0
272014, 103122, 0, 0, 0
273013, 102689, 0, 0, 0
274014, 104225, 0, 0, 0
275013, 101712, 0, 0, 0
276014, 104660, 0, 0, 0
277013, 105029, 0, 0, 0
278014, 106588, 0, 0, 0
279013, 112885, 0, 0, 0
280014, 109907, 0, 0, 0
281013, 108383, 0, 0, 0
282014, 105531, 0, 0, 0
283013, 111678, 0, 0, 0
284014, 120987, 0, 0, 0
285013, 116800, 0, 0, 0
286013, 109317, 0, 0, 0
287013, 108178, 0, 0, 0
288014, 110279, 0, 0, 0
289013, 103029, 0, 0, 0
290014, 126372, 0, 0, 0
291013, 126664, 0, 0, 0
292014, 113896, 0, 0, 0
293013, 110483, 0, 0, 0
294014, 110322, 0, 0, 0
295013, 109120, 0, 0, 0
296014, 105296, 0, 0, 0
297013, 125666, 0, 0, 0
298013, 128404, 0, 0, 0
299014, 120900, 0, 0, 0
300013, 132197, 0, 0, 0
301014, 134881, 0, 0, 0
302013, 127328, 0, 0, 0
303014, 131412, 0, 0, 0
304013, 132610, 0, 0, 0
305014, 125481, 0, 0, 0
306013, 111643, 0, 0, 0
307014, 120054, 0, 0, 0
308014, 141191, 0, 0, 0
309013, 145670, 0, 0, 0
310014, 143028, 0, 0, 0
311013, 144754, 0, 0, 0
312013, 142672, 0, 0, 0
313014, 143763, 0, 0, 0
314013, 116117, 0, 0, 0
315014, 111612, 0, 0, 0
316013, 110719, 0, 0, 0
317014, 130637, 0, 0, 0
318013, 139131, 0, 0, 0
319014, 116870, 0, 0, 0
320013, 99859, 0, 0, 0
321014, 103796, 0, 0, 0
322013, 139455, 0, 0, 0
323013, 143990, 0, 0, 0
324014, 143053, 0, 0, 0
325013, 146935, 0, 0, 0
326014, 142991, 0, 0, 0
327013, 144707, 0, 0, 0
328013, 138210, 0, 0, 0
329014, 133667, 0, 0, 0
330013, 135434, 0, 0, 0
331014, 135864, 0, 0, 0
332013, 134546, 0, 0, 0
333013, 137460, 0, 0, 0
334014, 131224, 0, 0, 0
335013, 138933, 0, 0, 0
336014, 141098, 0, 0, 0
337013, 134963, 0, 0, 0
338013, 138471, 0, 0, 0
339014, 132673, 0, 0, 0
340013, 127592, 0, 0, 0
341014, 110743, 0, 0, 0
342013, 111027, 0, 0, 0
343014, 130809, 0, 0, 0
344013, 134703, 0, 0, 0
345014, 135918, 0, 0, 0
346013, 104987, 0, 0, 0
347014, 109365, 0, 0, 0
348013, 132328, 0, 0, 0
349014, 126105, 0, 0, 0
350014, 115811, 0, 0, 0
351013, 107007, 0, 0, 0
352014, 114234, 0, 0, 0
353013, 129540, 0, 0, 0
354013, 146021, 0, 0, 0
355014, 140858, 0, 0, 0
356013, 142155, 0, 0, 0
357013, 143982, 0, 0, 0
358014, 146090, 0, 0, 0
359013, 145368, 0, 0, 0
360014, 143542, 0, 0, 0
361013, 140932, 0, 0, 0
362013, 141072, 0, 0, 0
363014, 137921, 0, 0, 0
364013, 135230, 0, 0, 0
365014, 134901, 0, 0, 0
366013, 137582, 0, 0, 0
367013, 132083, 0, 0, 0
368014, 135077, 0, 0, 0
369013, 139683, 0, 0, 0
370014, 135781, 0, 0, 0
371013, 141660, 0, 0, 0
372013, 138919, 0, 0, 0
373014, 132214, 0, 0, 0
374013, 124249, 0, 0, 0
375014, 117391, 0, 0, 0
376013, 119957, 0, 0, 0
377014, 122238, 0, 0, 0
378013, 107983, 0, 0, 0
379014, 103455, 0, 0, 0
380013, 108412, 0, 0, 0
381014, 109564, 0, 0, 0
382013, 109581, 0, 0, 0
383014, 119996, 0, 0, 0
384013, 119237, 0, 0, 0
385014, 108216, 0, 0, 0
386013, 110474, 0, 0, 0
387014, 117844, 0, 0, 0
388013, 117545, 0, 0, 0
389013, 122125, 0, 0, 0
390014, 116170, 0, 0, 0
391013, 111171, 0, 0, 0
392014, 125183, 0, 0, 0
393013, 129841, 0, 0, 0
394014, 127953, 0, 0, 0
395013, 109140, 0, 0, 0
396014, 116199, 0, 0, 0
397013, 118882, 0, 0, 0
398014, 111119, 0, 0, 0
399013, 114070, 0, 0, 0
400014, 115985, 0, 0, 0
401013, 112343, 0, 0, 0
402014, 126226, 0, 0, 0
403013, 127961, 0, 0, 0
404014, 125625, 0, 0, 0
405013, 132143, 0, 0, 0
406014, 133767, 0, 0, 0
407013, 111174, 0, 0, 0
408014, 102801, 0, 0, 0
409013, 105326, 0, 0, 0
410014, 108890, 0, 0, 0
411013, 104404, 0, 0, 0
412014, 110345, 0, 0, 0
413013, 110160, 0, 0, 0
414013, 106129, 0, 0, 0
415013, 107939, 0, 0, 0
416014, 111695, 0, 0, 0
417013, 108762, 0, 0, 0
418013, 117230, 0, 0, 0
419013, 124806, 0, 0, 0
420014, 120130, 0, 0, 0
421013, 113347, 0, 0, 0
422014, 114297, 0, 0, 0
423013, 129417, 0, 0, 0
424014, 145433, 0, 0, 0
425013, 145726, 0, 0, 0
426013, 143487, 0, 0, 0
427014, 144572, 0, 0, 0
428013, 145738, 0, 0, 0
429014, 127795, 0, 0, 0
430013, 124911, 0, 0, 0
431013, 124855, 0, 0, 0
432014, 125617, 0, 0, 0
433013, 128797, 0, 0, 0
434014, 127143, 0, 0, 0
435013, 110443, 0, 0, 0
436014, 106618, 0, 0, 0
437013, 112134, 0, 0, 0
438014, 115997, 0, 0, 0
439013, 115752, 0, 0, 0
440013, 123440, 0, 0, 0
441013, 124265, 0, 0, 0
442014, 115972, 0, 0, 0
443013, 109634, 0, 0, 0
444014, 111243, 0, 0, 0
445013, 113416, 0, 0, 0
446013, 114775, 0, 0, 0
447014, 121452, 0, 0, 0
448013, 116428, 0, 0, 0
449014, 119229, 0, 0, 0
450013, 126381, 0, 0, 0
451013, 118212, 0, 0, 0
452013, 124288, 0, 0, 0
453013, 119997, 0, 0, 0
454013, 111889, 0, 0, 0
455013, 121283, 0, 0, 0
456013, 120154, 0, 0, 0
457014, 129541, 0, 0, 0
458013, 126870, 0, 0, 0
459014, 135021, 0, 0, 0
460013, 135219, 0, 0, 0
461014, 127294, 0, 0, 0
462013, 131533, 0, 0, 0
463014, 125404, 0, 0, 0
464013, 121483, 0, 0, 0
465014, 129959, 0, 0, 0
466013, 134363, 0, 0, 0
467014, 127840, 0, 0, 0
468014, 129912, 0, 0, 0
469013, 136681, 0, 0, 0
470013, 130420, 0, 0, 0
471013, 121490, 0, 0, 0
472013, 122926, 0, 0, 0
473014, 118296, 0, 0, 0
474013, 108330, 0, 0, 0
475013, 115043, 0, 0, 0
476013, 115628, 0, 0, 0
477014, 109565, 0, 0, 0
478013, 108741, 0, 0, 0
479013, 113476, 0, 0, 0
