999, 75686, 1, 0, 0
1999, 71779, 1, 0, 0
2999, 77778, 1, 0, 0
3999, 71094, 1, 0, 0
4999, 74687, 1, 0, 0
6000, 75245, 1, 0, 0
6999, 73148, 1, 0, 0
8000, 86145, 1, 0, 0
8999, 99354, 1, 0, 0
10000, 96176, 1, 0, 0
10999, 83143, 1, 0, 0
12000, 135982, 1, 0, 0
12999, 119621, 1, 0, 0
13999, 112382, 1, 0, 0
14999, 110946, 1, 0, 0
16000, 120480, 1, 0, 0
16999, 115681, 1, 0, 0
18000, 114546, 1, 0, 0
18999, 102678, 1, 0, 0
20000, 103972, 1, 0, 0
20999, 112236, 1, 0, 0
22000, 175589, 1, 0, 0
22999, 263541, 1, 0, 0
24000, 271439, 1, 0, 0
24999, 271471, 1, 0, 0
25999, 226740, 1, 0, 0
26999, 173182, 1, 0, 0
27999, 175279, 1, 0, 0
29000, 200299, 1, 0, 0
29999, 187635, 1, 0, 0
31000, 159345, 1, 0, 0
31999, 141216, 1, 0, 0
33000, 143218, 1, 0, 0
33999, 159763, 1, 0, 0
34999, 145430, 1, 0, 0
35999, 133385, 1, 0, 0
36999, 150976, 1, 0, 0
37999, 147199, 1, 0, 0
38999, 144312, 1, 0, 0
39999, 120504, 1, 0, 0
40999, 107197, 1, 0, 0
41999, 84695, 1, 0, 0
42999, 81072, 1, 0, 0
43999, 84078, 1, 0, 0
44999, 114708, 1, 0, 0
45999, 121651, 1, 0, 0
47000, 124638, 1, 0, 0
47999, 124402, 1, 0, 0
49000, 114338, 1, 0, 0
49999, 101895, 1, 0, 0
51000, 103921, 1, 0, 0
51999, 116785, 1, 0, 0
53000, 110754, 1, 0, 0
53999, 63111, 1, 0, 0
55000, 66216, 1, 0, 0
55999, 65081, 1, 0, 0
56999, 64752, 1, 0, 0
57999, 71703, 1, 0, 0
58999, 70784, 1, 0, 0
59999, 72710, 1, 0, 0
61000, 70878, 1, 0, 0
61999, 72723, 1, 0, 0
63000, 71400, 1, 0, 0
63999, 79417, 1, 0, 0
64999, 82392, 1, 0, 0
65999, 100156, 1, 0, 0
67000, 108960, 1, 0, 0
67999, 109597, 1, 0, 0
69000, 113616, 1, 0, 0
69999, 113345, 1, 0, 0
71000, 94056, 1, 0, 0
71999, 92108, 1, 0, 0
73000, 85922, 1, 0, 0
73999, 87489, 1, 0, 0
75000, 100924, 1, 0, 0
75999, 92635, 1, 0, 0
77000, 105505, 1, 0, 0
77999, 87639, 1, 0, 0
78999, 83480, 1, 0, 0
79999, 92794, 1, 0, 0
80999, 96818, 1, 0, 0
81999, 95506, 1, 0, 0
82999, 94177, 1, 0, 0
83999, 95291, 1, 0, 0
84999, 62928, 1, 0, 0
85999, 61121, 1, 0, 0
86999, 63993, 1, 0, 0
87999, 61303, 1, 0, 0
88999, 60712, 1, 0, 0
89999, 62578, 1, 0, 0
90999, 61204, 1, 0, 0
91999, 61117, 1, 0, 0
92999, 194578, 1, 0, 0
94000, 262452, 1, 0, 0
94999, 269992, 1, 0, 0
96000, 270791, 1, 0, 0
96999, 263076, 1, 0, 0
97999, 271096, 1, 0, 0
98999, 271147, 1, 0, 0
99999, 136033, 1, 0, 0
100999, 60780, 1, 0, 0
101999, 58347, 1, 0, 0
102999, 60153, 1, 0, 0
103999, 60192, 1, 0, 0
104999, 64814, 1, 0, 0
105999, 74423, 1, 0, 0
106999, 77163, 1, 0, 0
107999, 219801, 1, 0, 0
108999, 263168, 1, 0, 0
109999, 271294, 1, 0, 0
111000, 271295, 1, 0, 0
111999, 177519, 1, 0, 0
112999, 157259, 1, 0, 0
113999, 206403, 1, 0, 0
115000, 228675, 1, 0, 0
115999, 183467, 1, 0, 0
117000, 166563, 1, 0, 0
117999, 143260, 1, 0, 0
119000, 135921, 1, 0, 0
119999, 129132, 1, 0, 0
121000, 83092, 1, 0, 0
121999, 74066, 1, 0, 0
123000, 84360, 1, 0, 0
123999, 77045, 1, 0, 0
125000, 80136, 1, 0, 0
125999, 79639, 1, 0, 0
127000, 75336, 1, 0, 0
127999, 69237, 1, 0, 0
129000, 66840, 1, 0, 0
129999, 68792, 1, 0, 0
131000, 176882, 1, 0, 0
131999, 270957, 1, 0, 0
133000, 271384, 1, 0, 0
133999, 244303, 1, 0, 0
135000, 145659, 1, 0, 0
135999, 147592, 1, 0, 0
136999, 163483, 1, 0, 0
137999, 159114, 1, 0, 0
138999, 176572, 1, 0, 0
139999, 180406, 1, 0, 0
140999, 159451, 1, 0, 0
141999, 162783, 1, 0, 0
142999, 154467, 1, 0, 0
143999, 133453, 1, 0, 0
144999, 143352, 1, 0, 0
145999, 152168, 1, 0, 0
146999, 154181, 1, 0, 0
148000, 134203, 1, 0, 0
148999, 126292, 1, 0, 0
150000, 109058, 1, 0, 0
150999, 168288, 1, 0, 0
152000, 161526, 1, 0, 0
152999, 165015, 1, 0, 0
154000, 162816, 1, 0, 0
154999, 128898, 1, 0, 0
155999, 102542, 1, 0, 0
156999, 106009, 1, 0, 0
157999, 116960, 1, 0, 0
158999, 141214, 1, 0, 0
159999, 162457, 1, 0, 0
160999, 157285, 1, 0, 0
161999, 162918, 1, 0, 0
162999, 177885, 1, 0, 0
163999, 181432, 1, 0, 0
165000, 153692, 1, 0, 0
165999, 133599, 1, 0, 0
167000, 102816, 1, 0, 0
167999, 117955, 1, 0, 0
168999, 120504, 1, 0, 0
169999, 120888, 1, 0, 0
170999, 120240, 1, 0, 0
171999, 122762, 1, 0, 0
172999, 112656, 1, 0, 0
173999, 140300, 1, 0, 0
174999, 183672, 1, 0, 0
175999, 192635, 1, 0, 0
176999, 192925, 1, 0, 0
177999, 173189, 1, 0, 0
178999, 147741, 1, 0, 0
180000, 153898, 1, 0, 0
180999, 163985, 1, 0, 0
182000, 157240, 1, 0, 0
182999, 119594, 1, 0, 0
184000, 111357, 1, 0, 0
184999, 108444, 1, 0, 0
185999, 97197, 1, 0, 0
186999, 100575, 1, 0, 0
188000, 108675, 1, 0, 0
188999, 112990, 1, 0, 0
190000, 86088, 1, 0, 0
190999, 89321, 1, 0, 0
191999, 91242, 1, 0, 0
192999, 110119, 1, 0, 0
194000, 119005, 1, 0, 0
194999, 132011, 1, 0, 0
195999, 135144, 1, 0, 0
196999, 93021, 1, 0, 0
197999, 101592, 1, 0, 0
198999, 105153, 1, 0, 0
199999, 79704, 1, 0, 0
200999, 79783, 1, 0, 0
202000, 83211, 1, 0, 0
202999, 85655, 1, 0, 0
204000, 78227, 1, 0, 0
204999, 81341, 1, 0, 0
206000, 79916, 1, 0, 0
206999, 75059, 1, 0, 0
208000, 81544, 1, 0, 0
208999, 82242, 1, 0, 0
210000, 80904, 1, 0, 0
210999, 77186, 1, 0, 0
212000, 85796, 1, 0, 0
212999, 97152, 1, 0, 0
214000, 98864, 1, 0, 0
214999, 94904, 1, 0, 0
215999, 87959, 1, 0, 0
216999, 95318, 1, 0, 0
217999, 90048, 1, 0, 0
218999, 87675, 1, 0, 0
219999, 79620, 1, 0, 0
220999, 76241, 1, 0, 0
222000, 77315, 1, 0, 0
222999, 79521, 1, 0, 0
223999, 89525, 1, 0, 0
224999, 98659, 1, 0, 0
225999, 107712, 1, 0, 0
226999, 99531, 1, 0, 0
227999, 97416, 1, 0, 0
228999, 118470, 1, 0, 0
229999, 146494, 1, 0, 0
230999, 133141, 1, 0, 0
231999, 108240, 1, 0, 0
232999, 117875, 1, 0, 0
233999, 122194, 1, 0, 0
234999, 126270, 1, 0, 0
235999, 91754, 1, 0, 0
236999, 76850, 1, 0, 0
238000, 80544, 1, 0, 0
238999, 72864, 1, 0, 0
240000, 65208, 1, 0, 0
240999, 72600, 1, 0, 0
241999, 69048, 1, 0, 0
242999, 67963, 1, 0, 0
243999, 104175, 1, 0, 0
244999, 126759, 1, 0, 0
245999, 128690, 1, 0, 0
246999, 130160, 1, 0, 0
247999, 99926, 1, 0, 0
248999, 82412, 1, 0, 0
249999, 82320, 1, 0, 0
250999, 88882, 1, 0, 0
251999, 94758, 1, 0, 0
253000, 87936, 1, 0, 0
253999, 89753, 1, 0, 0
255000, 111247, 1, 0, 0
255999, 137192, 1, 0, 0
256999, 270923, 1, 0, 0
257999, 271320, 1, 0, 0
258999, 249260, 1, 0, 0
259999, 136432, 1, 0, 0
261000, 140018, 1, 0, 0
261999, 149018, 1, 0, 0
262999, 153000, 1, 0, 0
263999, 134094, 1, 0, 0
265000, 105686, 1, 0, 0
265999, 120825, 1, 0, 0
267000, 128601, 1, 0, 0
267999, 133400, 1, 0, 0
268999, 129292, 1, 0, 0
269999, 132948, 1, 0, 0
270999, 143865, 1, 0, 0
271999, 158741, 1, 0, 0
272999, 111888, 1, 0, 0
273999, 116276, 1, 0, 0
274999, 117936, 1, 0, 0
275999, 76420, 1, 0, 0
276999, 77736, 1, 0, 0
278000, 77360, 1, 0, 0
278999, 63391, 1, 0, 0
280000, 74760, 1, 0, 0
280999, 77813, 1, 0, 0
281999, 74666, 1, 0, 0
282999, 74520, 1, 0, 0
283999, 76036, 1, 0, 0
284999, 78792, 1, 0, 0
285999, 75795, 1, 0, 0
286999, 77376, 1, 0, 0
287999, 67555, 1, 0, 0
288999, 59922, 1, 0, 0
289999, 54422, 1, 0, 0
290999, 62854, 1, 0, 0
291999, 60804, 1, 0, 0
293000, 90444, 1, 0, 0
293999, 118378, 1, 0, 0
294999, 122208, 1, 0, 0
295999, 115963, 1, 0, 0
296999, 119784, 1, 0, 0
297999, 104037, 1, 0, 0
298999, 104407, 1, 0, 0
299999, 150503, 1, 0, 0
300999, 161460, 1, 0, 0
301999, 181018, 1, 0, 0
302999, 224799, 1, 0, 0
303999, 270488, 1, 0, 0
304999, 271085, 1, 0, 0
306000, 230991, 1, 0, 0
306999, 167698, 1, 0, 0
308000, 170443, 1, 0, 0
308999, 175525, 1, 0, 0
309999, 180088, 1, 0, 0
310999, 154043, 1, 0, 0
311999, 152533, 1, 0, 0
312999, 127969, 1, 0, 0
313999, 132726, 1, 0, 0
314999, 120928, 1, 0, 0
315999, 106425, 1, 0, 0
316999, 96672, 1, 0, 0
317999, 95400, 1, 0, 0
318999, 60885, 1, 0, 0
319999, 62088, 1, 0, 0
320999, 65220, 1, 0, 0
321999, 61084, 1, 0, 0
322999, 61861, 1, 0, 0
323999, 64243, 1, 0, 0
324999, 62659, 1, 0, 0
325999, 62276, 1, 0, 0
326999, 60976, 1, 0, 0
328000, 60912, 1, 0, 0
328999, 52828, 1, 0, 0
330000, 58896, 1, 0, 0
330999, 61956, 1, 0, 0
331999, 95113, 1, 0, 0
332999, 100900, 1, 0, 0
333999, 100843, 1, 0, 0
334999, 103449, 1, 0, 0
335999, 117631, 1, 0, 0
336999, 101011, 1, 0, 0
337999, 126677, 1, 0, 0
338999, 165039, 1, 0, 0
339999, 172136, 1, 0, 0
340999, 171513, 1, 0, 0
341999, 174524, 1, 0, 0
342999, 151180, 1, 0, 0
343999, 141799, 1, 0, 0
344999, 147027, 1, 0, 0
345999, 144710, 1, 0, 0
346999, 145466, 1, 0, 0
347999, 123891, 1, 0, 0
349000, 151495, 1, 0, 0
349999, 124145, 1, 0, 0
351000, 111024, 1, 0, 0
351999, 112192, 1, 0, 0
353000, 118080, 1, 0, 0
353999, 120338, 1, 0, 0
355000, 64126, 1, 0, 0
355999, 70198, 1, 0, 0
357000, 71928, 1, 0, 0
357999, 86494, 1, 0, 0
359000, 99832, 1, 0, 0
359999, 101382, 1, 0, 0
361000, 103008, 1, 0, 0
361999, 99000, 1, 0, 0
362999, 69312, 1, 0, 0
363999, 48408, 1, 0, 0
365000, 49080, 1, 0, 0
365999, 54606, 1, 0, 0
366999, 64648, 1, 0, 0
367999, 66432, 1, 0, 0
368999, 63447, 1, 0, 0
369999, 60840, 1, 0, 0
370999, 61621, 1, 0, 0
371999, 72129, 1, 0, 0
372999, 94501, 1, 0, 0
373999, 94150, 1, 0, 0
374999, 109671, 1, 0, 0
375999, 126720, 1, 0, 0
376999, 129177, 1, 0, 0
377999, 114131, 1, 0, 0
378999, 106103, 1, 0, 0
379999, 83060, 1, 0, 0
380999, 79691, 1, 0, 0
381999, 88082, 1, 0, 0
382999, 85499, 1, 0, 0
383999, 112978, 1, 0, 0
384999, 114907, 1, 0, 0
385999, 140111, 1, 0, 0
387000, 144878, 1, 0, 0
387999, 142702, 1, 0, 0
389000, 123816, 1, 0, 0
389999, 109669, 1, 0, 0
391000, 116544, 1, 0, 0
391999, 104456, 1, 0, 0
393000, 82056, 1, 0, 0
393999, 91651, 1, 0, 0
394999, 115243, 1, 0, 0
395999, 105150, 1, 0, 0
397000, 88931, 1, 0, 0
397999, 99304, 1, 0, 0
398999, 79783, 1, 0, 0
399999, 62688, 1, 0, 0
400999, 67795, 1, 0, 0
401999, 72677, 1, 0, 0
402999, 68615, 1, 0, 0
404000, 67312, 1, 0, 0
404999, 69261, 1, 0, 0
406000, 66168, 1, 0, 0
406999, 61719, 1, 0, 0
408000, 55126, 1, 0, 0
408999, 59627, 1, 0, 0
410000, 61878, 1, 0, 0
410999, 63177, 1, 0, 0
412000, 69504, 1, 0, 0
412999, 66186, 1, 0, 0
414000, 69240, 1, 0, 0
414999, 66882, 1, 0, 0
416000, 61936, 1, 0, 0
416999, 78826, 1, 0, 0
417999, 83825, 1, 0, 0
418999, 235396, 1, 0, 0
419999, 270652, 1, 0, 0
420999, 270989, 1, 0, 0
421999, 183101, 1, 0, 0
423000, 131306, 1, 0, 0
423999, 138903, 1, 0, 0
425000, 132859, 1, 0, 0
425999, 131748, 1, 0, 0
427000, 136751, 1, 0, 0
427999, 90740, 1, 0, 0
429000, 88270, 1, 0, 0
429999, 94198, 1, 0, 0
431000, 132288, 1, 0, 0
431999, 127932, 1, 0, 0
433000, 125939, 1, 0, 0
433999, 236574, 1, 0, 0
434999, 270220, 1, 0, 0
435999, 271352, 1, 0, 0
436999, 220718, 1, 0, 0
437999, 116394, 1, 0, 0
438999, 119548, 1, 0, 0
440000, 114312, 1, 0, 0
440999, 73873, 1, 0, 0
441999, 70174, 1, 0, 0
442999, 76848, 1, 0, 0
443999, 75315, 1, 0, 0
444999, 82680, 1, 0, 0
445999, 74143, 1, 0, 0
446999, 81468, 1, 0, 0
447999, 77628, 1, 0, 0
449000, 78456, 1, 0, 0
449999, 81605, 1, 0, 0
451000, 63460, 1, 0, 0
451999, 61333, 1, 0, 0
453000, 73968, 1, 0, 0
453999, 89945, 1, 0, 0
454999, 89729, 1, 0, 0
455999, 79080, 1, 0, 0
456999, 87831, 1, 0, 0
457999, 71376, 1, 0, 0
458999, 62894, 1, 0, 0
459999, 65376, 1, 0, 0
460999, 61405, 1, 0, 0
462000, 62616, 1, 0, 0
462999, 65105, 1, 0, 0
464000, 62112, 1, 0, 0
464999, 59531, 1, 0, 0
466000, 59935, 1, 0, 0
466999, 59932, 1, 0, 0
468000, 54128, 1, 0, 0
468999, 93037, 1, 0, 0
470000, 99840, 1, 0, 0
470999, 104080, 1, 0, 0
472000, 134959, 1, 0, 0
472999, 143480, 1, 0, 0
474000, 143627, 1, 0, 0
474999, 110039, 1, 0, 0
475999, 71443, 1, 0, 0
476999, 75391, 1, 0, 0
477999, 72728, 1, 0, 0
478999, 68072, 1, 0, 0
479999, 69257, 1, 0, 0
