1010, 1237071, 1, 0, 0
2000, 1189533, 1, 0, 0
3005, 1401380, 1, 0, 0
4005, 1319702, 1, 0, 0
5000, 1290642, 1, 0, 0
6000, 1350098, 1, 0, 0
7000, 1085366, 1, 0, 0
8001, 810325, 1, 0, 0
9000, 654750, 1, 0, 0
10000, 478199, 1, 0, 0
11000, 463542, 1, 0, 0
12000, 462960, 1, 0, 0
13000, 873513, 1, 0, 0
14000, 839811, 1, 0, 0
15001, 822311, 1, 0, 0
16003, 835272, 1, 0, 0
17000, 788201, 1, 0, 0
18000, 833234, 1, 0, 0
19000, 717762, 1, 0, 0
20000, 746769, 1, 0, 0
21000, 796432, 1, 0, 0
22005, 814382, 1, 0, 0
23006, 800532, 1, 0, 0
24000, 726956, 1, 0, 0
25002, 650025, 1, 0, 0
26000, 756635, 1, 0, 0
27000, 1034956, 1, 0, 0
28000, 1092414, 1, 0, 0
29000, 879042, 1, 0, 0
30001, 960570, 1, 0, 0
31000, 1289639, 1, 0, 0
32000, 1265262, 1, 0, 0
33000, 1241627, 1, 0, 0
34007, 1183911, 1, 0, 0
35000, 1024186, 1, 0, 0
36000, 720327, 1, 0, 0
37000, 705616, 1, 0, 0
38004, 693604, 1, 0, 0
39003, 813817, 1, 0, 0
40004, 922942, 1, 0, 0
41000, 933183, 1, 0, 0
42000, 861784, 1, 0, 0
43000, 861220, 1, 0, 0
44004, 948692, 1, 0, 0
45005, 1049496, 1, 0, 0
46006, 928488, 1, 0, 0
47009, 1043160, 1, 0, 0
48006, 1394925, 1, 0, 0
49001, 1227605, 1, 0, 0
50000, 1102549, 1, 0, 0
51000, 1129587, 1, 0, 0
52008, 1458205, 1, 0, 0
53005, 1409760, 1, 0, 0
54000, 1181854, 1, 0, 0
55008, 1103452, 1, 0, 0
56000, 1109997, 1, 0, 0
57000, 1135619, 1, 0, 0
58000, 1094132, 1, 0, 0
59004, 1305155, 1, 0, 0
60000, 1204738, 1, 0, 0
61003, 1002966, 1, 0, 0
62000, 959656, 1, 0, 0
63000, 1003715, 1, 0, 0
64006, 971505, 1, 0, 0
65003, 973985, 1, 0, 0
66000, 1084241, 1, 0, 0
67009, 1063226, 1, 0, 0
68000, 1044509, 1, 0, 0
69000, 966605, 1, 0, 0
70000, 1081403, 1, 0, 0
71007, 1068892, 1, 0, 0
72002, 1170412, 1, 0, 0
73000, 1141759, 1, 0, 0
74000, 1197034, 1, 0, 0
75000, 1285754, 1, 0, 0
76002, 1557860, 1, 0, 0
77011, 1546814, 1, 0, 0
78001, 1704200, 1, 0, 0
79006, 1750526, 1, 0, 0
80006, 1459324, 1, 0, 0
81000, 1642800, 1, 0, 0
82003, 1402513, 1, 0, 0
83006, 1366968, 1, 0, 0
84000, 1429809, 1, 0, 0
85005, 1706170, 1, 0, 0
86009, 1629637, 1, 0, 0
87011, 1722383, 1, 0, 0
88000, 1807300, 1, 0, 0
89000, 1176886, 1, 0, 0
90003, 1221174, 1, 0, 0
91008, 1156604, 1, 0, 0
92004, 1147176, 1, 0, 0
93014, 1718290, 1, 0, 0
94000, 2126748, 1, 0, 0
95002, 1584727, 1, 0, 0
96005, 1230048, 1, 0, 0
97000, 1276845, 1, 0, 0
98009, 1292386, 1, 0, 0
99004, 1423168, 1, 0, 0
100009, 2071184, 1, 0, 0
101000, 2042640, 1, 0, 0
102020, 2031113, 1, 0, 0
103009, 2151858, 1, 0, 0
104000, 1484934, 1, 0, 0
105000, 518363, 1, 0, 0
106000, 479983, 1, 0, 0
107000, 462497, 1, 0, 0
108000, 461174, 1, 0, 0
109002, 555965, 1, 0, 0
110000, 627327, 1, 0, 0
111000, 575093, 1, 0, 0
112003, 533309, 1, 0, 0
113000, 627357, 1, 0, 0
114000, 708104, 1, 0, 0
115000, 682178, 1, 0, 0
116003, 702942, 1, 0, 0
117002, 782632, 1, 0, 0
118000, 603764, 1, 0, 0
119000, 601904, 1, 0, 0
120002, 597164, 1, 0, 0
121006, 1087910, 1, 0, 0
122003, 1119733, 1, 0, 0
123000, 1149323, 1, 0, 0
124000, 1208748, 1, 0, 0
125010, 1317234, 1, 0, 0
126006, 1500770, 1, 0, 0
127000, 1449873, 1, 0, 0
128000, 1084816, 1, 0, 0
129001, 1036248, 1, 0, 0
130002, 1024951, 1, 0, 0
131000, 1015526, 1, 0, 0
132003, 1044710, 1, 0, 0
133006, 1061583, 1, 0, 0
134005, 1079947, 1, 0, 0
135002, 1177820, 1, 0, 0
136006, 1038788, 1, 0, 0
137008, 1004061, 1, 0, 0
138003, 1014789, 1, 0, 0
139002, 965972, 1, 0, 0
140002, 932310, 1, 0, 0
141000, 923236, 1, 0, 0
142000, 847606, 1, 0, 0
143000, 865940, 1, 0, 0
144004, 851310, 1, 0, 0
145000, 901602, 1, 0, 0
146000, 927200, 1, 0, 0
147000, 988414, 1, 0, 0
148005, 932091, 1, 0, 0
149000, 872347, 1, 0, 0
150000, 873712, 1, 0, 0
151000, 1016275, 1, 0, 0
152009, 1086175, 1, 0, 0
153000, 1166715, 1, 0, 0
154000, 767265, 1, 0, 0
155000, 736284, 1, 0, 0
156000, 689637, 1, 0, 0
157004, 1090822, 1, 0, 0
158002, 1362525, 1, 0, 0
159009, 1266174, 1, 0, 0
160000, 1504686, 1, 0, 0
161006, 1460156, 1, 0, 0
162000, 1362265, 1, 0, 0
163000, 1379827, 1, 0, 0
164003, 1171201, 1, 0, 0
165005, 1099440, 1, 0, 0
166000, 1299087, 1, 0, 0
167000, 1200996, 1, 0, 0
168000, 1170661, 1, 0, 0
169004, 1188661, 1, 0, 0
170007, 1336871, 1, 0, 0
171007, 1375547, 1, 0, 0
172000, 1435240, 1, 0, 0
173001, 1455467, 1, 0, 0
174000, 1543461, 1, 0, 0
175008, 1486076, 1, 0, 0
176011, 1462812, 1, 0, 0
177002, 1156446, 1, 0, 0
178001, 988544, 1, 0, 0
179003, 964758, 1, 0, 0
180000, 854908, 1, 0, 0
181008, 879102, 1, 0, 0
182001, 1071835, 1, 0, 0
183004, 998300, 1, 0, 0
184001, 946023, 1, 0, 0
185008, 1293112, 1, 0, 0
186003, 1363547, 1, 0, 0
187000, 1371160, 1, 0, 0
188006, 1584613, 1, 0, 0
189000, 1789050, 1, 0, 0
190000, 1635059, 1, 0, 0
191010, 1585204, 1, 0, 0
192006, 1488400, 1, 0, 0
193005, 1440518, 1, 0, 0
194006, 1507234, 1, 0, 0
195003, 1460812, 1, 0, 0
196010, 1463827, 1, 0, 0
197000, 1621767, 1, 0, 0
198004, 1640577, 1, 0, 0
199003, 1272546, 1, 0, 0
200000, 1185309, 1, 0, 0
201000, 1060212, 1, 0, 0
202000, 1056144, 1, 0, 0
203001, 1128809, 1, 0, 0
204000, 1102495, 1, 0, 0
205008, 1331377, 1, 0, 0
206001, 1101347, 1, 0, 0
207000, 1107107, 1, 0, 0
208000, 1085861, 1, 0, 0
209000, 1079674, 1, 0, 0
210000, 721396, 1, 0, 0
211005, 797393, 1, 0, 0
212000, 969996, 1, 0, 0
213000, 807874, 1, 0, 0
214000, 749026, 1, 0, 0
215007, 1116216, 1, 0, 0
216001, 1192543, 1, 0, 0
217008, 1170276, 1, 0, 0
218002, 1147065, 1, 0, 0
219007, 1191936, 1, 0, 0
220010, 1203614, 1, 0, 0
221008, 1349783, 1, 0, 0
222000, 1721333, 1, 0, 0
223010, 1366681, 1, 0, 0
224000, 1014121, 1, 0, 0
225000, 1065717, 1, 0, 0
226000, 924929, 1, 0, 0
227009, 908251, 1, 0, 0
228000, 871695, 1, 0, 0
229000, 982674, 1, 0, 0
230005, 1112451, 1, 0, 0
231009, 1302749, 1, 0, 0
232006, 1242182, 1, 0, 0
233000, 1041639, 1, 0, 0
234000, 967060, 1, 0, 0
235003, 964084, 1, 0, 0
236000, 898695, 1, 0, 0
237000, 971320, 1, 0, 0
238000, 1747598, 1, 0, 0
239008, 1728483, 1, 0, 0
240002, 1834693, 1, 0, 0
241006, 2087973, 1, 0, 0
242000, 2037843, 1, 0, 0
243004, 2023711, 1, 0, 0
244011, 2081133, 1, 0, 0
245006, 2045482, 1, 0, 0
246004, 2047630, 1, 0, 0
247002, 1590975, 1, 0, 0
248000, 1035245, 1, 0, 0
249000, 463253, 1, 0, 0
250000, 461800, 1, 0, 0
251006, 509445, 1, 0, 0
252007, 1093192, 1, 0, 0
253004, 1126337, 1, 0, 0
254000, 916157, 1, 0, 0
255000, 707337, 1, 0, 0
256014, 539930, 1, 0, 0
257000, 473909, 1, 0, 0
258000, 459396, 1, 0, 0
259000, 475894, 1, 0, 0
260000, 464843, 1, 0, 0
261000, 483082, 1, 0, 0
262000, 541093, 1, 0, 0
263000, 525146, 1, 0, 0
264000, 506037, 1, 0, 0
265000, 526104, 1, 0, 0
266000, 776474, 1, 0, 0
267000, 882591, 1, 0, 0
268008, 943735, 1, 0, 0
269000, 1271594, 1, 0, 0
270002, 1205360, 1, 0, 0
271003, 957569, 1, 0, 0
272007, 1110093, 1, 0, 0
273000, 1085480, 1, 0, 0
274000, 1074695, 1, 0, 0
275006, 1431161, 1, 0, 0
276003, 1400119, 1, 0, 0
277000, 1149980, 1, 0, 0
278001, 1172142, 1, 0, 0
279007, 1257669, 1, 0, 0
280000, 1324983, 1, 0, 0
281000, 944835, 1, 0, 0
282000, 833582, 1, 0, 0
283000, 815430, 1, 0, 0
284004, 845479, 1, 0, 0
285000, 898843, 1, 0, 0
286000, 819643, 1, 0, 0
287000, 826925, 1, 0, 0
288002, 811400, 1, 0, 0
289000, 810192, 1, 0, 0
290007, 1007934, 1, 0, 0
291006, 1193022, 1, 0, 0
292000, 985430, 1, 0, 0
293000, 718935, 1, 0, 0
294000, 553767, 1, 0, 0
295000, 659720, 1, 0, 0
296000, 961186, 1, 0, 0
297005, 967170, 1, 0, 0
298002, 1602573, 1, 0, 0
299005, 1552963, 1, 0, 0
300000, 1316160, 1, 0, 0
301010, 1291639, 1, 0, 0
302000, 1378886, 1, 0, 0
303009, 1508973, 1, 0, 0
304000, 1206831, 1, 0, 0
305000, 997108, 1, 0, 0
306008, 970262, 1, 0, 0
307000, 987736, 1, 0, 0
308000, 1008337, 1, 0, 0
309000, 1192418, 1, 0, 0
310020, 1294836, 1, 0, 0
311000, 871690, 1, 0, 0
312000, 846729, 1, 0, 0
313005, 814972, 1, 0, 0
314000, 866587, 1, 0, 0
315000, 933584, 1, 0, 0
316000, 920794, 1, 0, 0
317000, 955556, 1, 0, 0
318000, 955890, 1, 0, 0
319000, 932209, 1, 0, 0
320021, 929949, 1, 0, 0
321000, 1059890, 1, 0, 0
322000, 955808, 1, 0, 0
323001, 931503, 1, 0, 0
324000, 1432107, 1, 0, 0
325000, 1910036, 1, 0, 0
326000, 1832195, 1, 0, 0
327006, 1977589, 1, 0, 0
328000, 1842719, 1, 0, 0
329010, 1751667, 1, 0, 0
330000, 1997861, 1, 0, 0
331009, 1806438, 1, 0, 0
332025, 1794441, 1, 0, 0
333000, 1942289, 1, 0, 0
334000, 1859210, 1, 0, 0
335003, 1833708, 1, 0, 0
336006, 1521360, 1, 0, 0
337009, 1395947, 1, 0, 0
338006, 1298655, 1, 0, 0
339001, 1185132, 1, 0, 0
340000, 1101874, 1, 0, 0
341000, 1140019, 1, 0, 0
342008, 1273670, 1, 0, 0
343000, 1251691, 1, 0, 0
344008, 1921411, 1, 0, 0
345000, 1314740, 1, 0, 0
346000, 1028251, 1, 0, 0
347000, 902345, 1, 0, 0
348000, 461731, 1, 0, 0
349000, 457961, 1, 0, 0
350000, 475045, 1, 0, 0
351000, 464798, 1, 0, 0
352000, 464259, 1, 0, 0
353004, 517168, 1, 0, 0
354000, 745695, 1, 0, 0
355007, 743286, 1, 0, 0
356000, 812112, 1, 0, 0
357000, 836150, 1, 0, 0
358000, 856000, 1, 0, 0
359000, 791964, 1, 0, 0
360000, 861609, 1, 0, 0
360000, 250491, 1, 0, 0
