1000, 581455, 0, 0, 0
2000, 708103, 0, 0, 0
3001, 747195, 0, 0, 0
4000, 936861, 0, 0, 0
5000, 505864, 0, 0, 0
6001, 497543, 0, 0, 0
7000, 446882, 0, 0, 0
8000, 846064, 0, 0, 0
9000, 1045703, 0, 0, 0
10001, 764285, 0, 0, 0
11000, 678859, 0, 0, 0
12000, 711180, 0, 0, 0
13000, 606856, 0, 0, 0
14000, 602834, 0, 0, 0
15000, 671555, 0, 0, 0
16000, 634486, 0, 0, 0
17000, 624142, 0, 0, 0
18002, 588637, 0, 0, 0
19000, 557207, 0, 0, 0
20000, 518786, 0, 0, 0
21000, 525642, 0, 0, 0
22000, 558251, 0, 0, 0
23000, 538183, 0, 0, 0
24000, 565760, 0, 0, 0
25000, 575964, 0, 0, 0
26000, 532217, 0, 0, 0
27001, 505816, 0, 0, 0
28011, 490890, 0, 0, 0
29000, 508869, 0, 0, 0
30000, 468010, 0, 0, 0
31001, 581246, 0, 0, 0
32001, 571933, 0, 0, 0
33000, 493886, 0, 0, 0
34000, 478170, 0, 0, 0
35000, 527082, 0, 0, 0
36001, 501650, 0, 0, 0
37000, 451506, 0, 0, 0
38000, 597441, 0, 0, 0
39002, 555387, 0, 0, 0
40000, 535628, 0, 0, 0
41000, 582372, 0, 0, 0
42000, 596224, 0, 0, 0
43002, 529845, 0, 0, 0
44000, 526411, 0, 0, 0
45000, 501439, 0, 0, 0
46000, 455516, 0, 0, 0
47000, 521872, 0, 0, 0
48000, 501007, 0, 0, 0
49000, 518958, 0, 0, 0
50000, 548294, 0, 0, 0
51000, 491477, 0, 0, 0
52000, 512839, 0, 0, 0
53001, 518995, 0, 0, 0
54000, 560513, 0, 0, 0
55000, 542796, 0, 0, 0
56000, 530901, 0, 0, 0
57000, 479754, 0, 0, 0
58000, 467862, 0, 0, 0
59000, 478840, 0, 0, 0
60001, 488769, 0, 0, 0
61001, 462354, 0, 0, 0
62000, 485985, 0, 0, 0
63000, 454855, 0, 0, 0
64000, 444948, 0, 0, 0
65000, 468471, 0, 0, 0
66001, 454542, 0, 0, 0
67000, 475104, 0, 0, 0
68000, 470613, 0, 0, 0
69000, 466447, 0, 0, 0
70000, 441601, 0, 0, 0
71000, 544636, 0, 0, 0
72000, 476589, 0, 0, 0
73021, 455321, 0, 0, 0
74000, 854560, 0, 0, 0
75000, 889145, 0, 0, 0
76001, 786843, 0, 0, 0
77001, 792354, 0, 0, 0
78001, 698954, 0, 0, 0
79000, 562635, 0, 0, 0
80001, 515940, 0, 0, 0
81000, 501197, 0, 0, 0
82000, 631504, 0, 0, 0
83001, 536551, 0, 0, 0
84000, 537931, 0, 0, 0
85000, 579190, 0, 0, 0
86000, 663125, 0, 0, 0
87000, 569328, 0, 0, 0
88000, 588529, 0, 0, 0
89000, 574895, 0, 0, 0
90000, 510830, 0, 0, 0
91000, 471269, 0, 0, 0
92001, 509273, 0, 0, 0
93001, 564340, 0, 0, 0
94000, 477361, 0, 0, 0
95001, 502032, 0, 0, 0
96000, 505688, 0, 0, 0
97000, 499509, 0, 0, 0
98000, 565543, 0, 0, 0
99000, 510934, 0, 0, 0
100000, 469121, 0, 0, 0
101000, 505200, 0, 0, 0
102001, 490268, 0, 0, 0
103000, 457211, 0, 0, 0
104000, 481263, 0, 0, 0
105001, 477065, 0, 0, 0
106000, 459220, 0, 0, 0
107000, 582647, 0, 0, 0
108001, 583981, 0, 0, 0
109001, 479139, 0, 0, 0
110000, 478030, 0, 0, 0
111001, 460714, 0, 0, 0
112000, 448521, 0, 0, 0
113000, 507516, 0, 0, 0
114001, 505358, 0, 0, 0
115000, 502561, 0, 0, 0
116000, 483991, 0, 0, 0
117001, 510380, 0, 0, 0
118000, 482509, 0, 0, 0
119000, 520250, 0, 0, 0
120001, 561345, 0, 0, 0
121000, 602453, 0, 0, 0
122000, 588365, 0, 0, 0
123000, 545322, 0, 0, 0
124001, 551317, 0, 0, 0
125000, 477314, 0, 0, 0
126000, 496364, 0, 0, 0
127000, 448349, 0, 0, 0
128000, 489611, 0, 0, 0
129000, 534448, 0, 0, 0
130000, 451075, 0, 0, 0
131000, 474754, 0, 0, 0
132000, 961996, 0, 0, 0
133001, 865591, 0, 0, 0
134000, 933195, 0, 0, 0
135001, 940156, 0, 0, 0
136001, 634529, 0, 0, 0
137001, 573286, 0, 0, 0
138001, 557609, 0, 0, 0
139000, 571135, 0, 0, 0
140000, 523336, 0, 0, 0
141000, 557032, 0, 0, 0
142000, 596596, 0, 0, 0
143001, 586568, 0, 0, 0
144000, 581872, 0, 0, 0
145000, 661751, 0, 0, 0
146002, 569095, 0, 0, 0
147000, 558101, 0, 0, 0
148000, 548200, 0, 0, 0
149001, 617926, 0, 0, 0
150000, 536906, 0, 0, 0
151000, 531178, 0, 0, 0
152000, 556231, 0, 0, 0
153001, 568279, 0, 0, 0
154000, 670826, 0, 0, 0
155004, 930162, 0, 0, 0
156000, 769971, 0, 0, 0
157000, 500168, 0, 0, 0
158000, 486478, 0, 0, 0
159000, 508551, 0, 0, 0
160000, 487896, 0, 0, 0
161001, 447724, 0, 0, 0
162001, 476130, 0, 0, 0
163000, 437378, 0, 0, 0
164000, 451956, 0, 0, 0
165000, 487925, 0, 0, 0
166000, 462463, 0, 0, 0
167000, 497322, 0, 0, 0
168000, 489306, 0, 0, 0
169000, 804531, 0, 0, 0
170000, 753072, 0, 0, 0
171000, 810164, 0, 0, 0
172000, 678807, 0, 0, 0
173000, 631937, 0, 0, 0
174000, 645102, 0, 0, 0
175001, 684080, 0, 0, 0
176000, 659933, 0, 0, 0
177000, 586086, 0, 0, 0
178000, 521472, 0, 0, 0
179000, 526362, 0, 0, 0
180000, 547709, 0, 0, 0
181000, 565204, 0, 0, 0
182001, 536159, 0, 0, 0
183000, 512277, 0, 0, 0
184000, 539304, 0, 0, 0
185000, 485251, 0, 0, 0
186000, 465112, 0, 0, 0
187000, 505453, 0, 0, 0
188001, 572689, 0, 0, 0
189000, 522993, 0, 0, 0
190000, 629474, 0, 0, 0
191000, 583301, 0, 0, 0
192001, 494110, 0, 0, 0
193001, 476300, 0, 0, 0
194000, 602186, 0, 0, 0
195000, 532253, 0, 0, 0
196000, 444639, 0, 0, 0
197000, 505747, 0, 0, 0
198002, 473577, 0, 0, 0
199000, 483576, 0, 0, 0
200001, 478506, 0, 0, 0
201000, 448473, 0, 0, 0
202000, 509487, 0, 0, 0
203002, 557916, 0, 0, 0
204002, 500563, 0, 0, 0
205001, 478459, 0, 0, 0
206000, 494675, 0, 0, 0
207001, 481737, 0, 0, 0
208000, 450502, 0, 0, 0
209000, 587782, 0, 0, 0
210001, 544308, 0, 0, 0
211000, 517187, 0, 0, 0
212000, 513513, 0, 0, 0
213000, 483618, 0, 0, 0
214000, 461680, 0, 0, 0
215001, 523023, 0, 0, 0
216001, 465648, 0, 0, 0
217001, 436377, 0, 0, 0
218002, 541456, 0, 0, 0
219000, 547630, 0, 0, 0
220001, 511600, 0, 0, 0
221001, 551748, 0, 0, 0
222000, 503474, 0, 0, 0
223000, 501902, 0, 0, 0
224000, 466430, 0, 0, 0
225000, 524619, 0, 0, 0
226000, 461165, 0, 0, 0
227000, 523414, 0, 0, 0
228000, 709777, 0, 0, 0
229000, 659422, 0, 0, 0
230001, 628945, 0, 0, 0
231000, 638128, 0, 0, 0
232000, 642020, 0, 0, 0
233000, 598380, 0, 0, 0
234000, 537209, 0, 0, 0
235000, 525170, 0, 0, 0
236000, 562584, 0, 0, 0
237002, 553726, 0, 0, 0
238000, 574065, 0, 0, 0
239001, 549344, 0, 0, 0
240000, 535147, 0, 0, 0
241001, 588292, 0, 0, 0
242001, 574262, 0, 0, 0
243000, 548492, 0, 0, 0
244001, 647402, 0, 0, 0
245000, 638191, 0, 0, 0
246001, 521405, 0, 0, 0
247000, 526960, 0, 0, 0
248001, 532392, 0, 0, 0
249000, 571890, 0, 0, 0
250001, 605390, 0, 0, 0
251001, 580574, 0, 0, 0
252000, 568143, 0, 0, 0
253000, 511902, 0, 0, 0
254000, 508289, 0, 0, 0
255001, 465686, 0, 0, 0
256016, 527235, 0, 0, 0
257000, 543765, 0, 0, 0
258002, 534771, 0, 0, 0
259001, 502639, 0, 0, 0
260000, 563254, 0, 0, 0
261000, 486884, 0, 0, 0
262001, 496526, 0, 0, 0
263001, 517564, 0, 0, 0
264000, 471759, 0, 0, 0
265000, 504100, 0, 0, 0
266000, 500018, 0, 0, 0
267000, 515188, 0, 0, 0
268001, 499067, 0, 0, 0
269005, 514466, 0, 0, 0
270001, 526182, 0, 0, 0
271000, 457569, 0, 0, 0
272000, 476038, 0, 0, 0
273000, 474671, 0, 0, 0
274000, 466676, 0, 0, 0
275000, 499246, 0, 0, 0
276000, 484192, 0, 0, 0
277000, 475804, 0, 0, 0
278000, 467683, 0, 0, 0
279000, 476706, 0, 0, 0
280000, 438156, 0, 0, 0
281003, 566848, 0, 0, 0
282000, 532411, 0, 0, 0
283000, 558626, 0, 0, 0
284000, 562216, 0, 0, 0
285000, 603707, 0, 0, 0
286001, 546289, 0, 0, 0
287000, 506074, 0, 0, 0
288001, 565837, 0, 0, 0
289000, 505213, 0, 0, 0
290000, 492766, 0, 0, 0
291000, 502024, 0, 0, 0
292000, 483542, 0, 0, 0
293000, 481052, 0, 0, 0
294000, 512300, 0, 0, 0
295000, 482388, 0, 0, 0
296000, 501368, 0, 0, 0
297000, 512164, 0, 0, 0
298000, 492749, 0, 0, 0
299000, 457413, 0, 0, 0
300001, 506868, 0, 0, 0
301000, 500267, 0, 0, 0
302000, 462636, 0, 0, 0
303000, 492510, 0, 0, 0
304000, 456617, 0, 0, 0
305001, 450751, 0, 0, 0
306000, 513605, 0, 0, 0
307000, 477149, 0, 0, 0
308001, 463044, 0, 0, 0
309000, 518883, 0, 0, 0
310000, 496676, 0, 0, 0
311000, 513413, 0, 0, 0
312002, 525896, 0, 0, 0
313000, 551513, 0, 0, 0
314000, 536045, 0, 0, 0
315001, 525724, 0, 0, 0
316001, 474826, 0, 0, 0
317000, 476681, 0, 0, 0
318001, 482605, 0, 0, 0
319000, 450726, 0, 0, 0
320001, 457028, 0, 0, 0
321002, 479317, 0, 0, 0
322000, 528559, 0, 0, 0
323001, 514344, 0, 0, 0
324000, 530122, 0, 0, 0
325000, 499387, 0, 0, 0
326000, 478278, 0, 0, 0
327001, 518301, 0, 0, 0
328000, 453519, 0, 0, 0
329001, 582367, 0, 0, 0
330000, 577415, 0, 0, 0
331001, 504527, 0, 0, 0
332000, 504417, 0, 0, 0
333000, 570941, 0, 0, 0
334000, 543385, 0, 0, 0
335000, 482547, 0, 0, 0
336001, 526599, 0, 0, 0
337001, 534742, 0, 0, 0
338000, 513658, 0, 0, 0
339001, 501456, 0, 0, 0
340000, 485357, 0, 0, 0
341000, 464813, 0, 0, 0
342000, 482148, 0, 0, 0
343000, 484619, 0, 0, 0
344002, 439064, 0, 0, 0
345001, 500418, 0, 0, 0
346000, 481754, 0, 0, 0
347001, 440386, 0, 0, 0
348001, 489536, 0, 0, 0
349001, 472250, 0, 0, 0
350000, 468735, 0, 0, 0
351000, 470206, 0, 0, 0
352000, 438859, 0, 0, 0
353000, 474574, 0, 0, 0
354001, 479691, 0, 0, 0
355001, 477421, 0, 0, 0
356000, 476012, 0, 0, 0
357001, 489223, 0, 0, 0
358001, 475682, 0, 0, 0
359001, 498709, 0, 0, 0
360001, 465651, 0, 0, 0
