1000, 103525, 0, 0, 0
2000, 104590, 0, 0, 0
3000, 102985, 0, 0, 0
4000, 104301, 0, 0, 0
5001, 100110, 0, 0, 0
6000, 99414, 0, 0, 0
7000, 98871, 0, 0, 0
8000, 101643, 0, 0, 0
9000, 99373, 0, 0, 0
10000, 191515, 0, 0, 0
11002, 424680, 0, 0, 0
12001, 354051, 0, 0, 0
13000, 173046, 0, 0, 0
14003, 187396, 0, 0, 0
15000, 193094, 0, 0, 0
16000, 186806, 0, 0, 0
17000, 184178, 0, 0, 0
18000, 175860, 0, 0, 0
19000, 136822, 0, 0, 0
20000, 106567, 0, 0, 0
21000, 109445, 0, 0, 0
22000, 103126, 0, 0, 0
23000, 102548, 0, 0, 0
24000, 103714, 0, 0, 0
25000, 103053, 0, 0, 0
26000, 103679, 0, 0, 0
27000, 98866, 0, 0, 0
28000, 100673, 0, 0, 0
29000, 99651, 0, 0, 0
30000, 98298, 0, 0, 0
31000, 133425, 0, 0, 0
32000, 197951, 0, 0, 0
33000, 195137, 0, 0, 0
34000, 199120, 0, 0, 0
35000, 191449, 0, 0, 0
36000, 149331, 0, 0, 0
37000, 131370, 0, 0, 0
38000, 131770, 0, 0, 0
39000, 199883, 0, 0, 0
40001, 198147, 0, 0, 0
41001, 206898, 0, 0, 0
42000, 238121, 0, 0, 0
43000, 153560, 0, 0, 0
44000, 135882, 0, 0, 0
45000, 173026, 0, 0, 0
46000, 203902, 0, 0, 0
47000, 197520, 0, 0, 0
48000, 189218, 0, 0, 0
49000, 187794, 0, 0, 0
50000, 171277, 0, 0, 0
51000, 215687, 0, 0, 0
52000, 470571, 0, 0, 0
53000, 209691, 0, 0, 0
54000, 197744, 0, 0, 0
55000, 197803, 0, 0, 0
56001, 223461, 0, 0, 0
57000, 229485, 0, 0, 0
58000, 208390, 0, 0, 0
59000, 196338, 0, 0, 0
60000, 206516, 0, 0, 0
61000, 397411, 0, 0, 0
62000, 476332, 0, 0, 0
63000, 455488, 0, 0, 0
64000, 388024, 0, 0, 0
65000, 233887, 0, 0, 0
66000, 231841, 0, 0, 0
67000, 233455, 0, 0, 0
68001, 223234, 0, 0, 0
69000, 193330, 0, 0, 0
70000, 182844, 0, 0, 0
71000, 183130, 0, 0, 0
72000, 185717, 0, 0, 0
73000, 208683, 0, 0, 0
74001, 336669, 0, 0, 0
75000, 176558, 0, 0, 0
76001, 193033, 0, 0, 0
77000, 201432, 0, 0, 0
78001, 208259, 0, 0, 0
79000, 207004, 0, 0, 0
80000, 202168, 0, 0, 0
81000, 190875, 0, 0, 0
82000, 188602, 0, 0, 0
83001, 185971, 0, 0, 0
84000, 215313, 0, 0, 0
85000, 260101, 0, 0, 0
86000, 209030, 0, 0, 0
87001, 207707, 0, 0, 0
88001, 208903, 0, 0, 0
89001, 111743, 0, 0, 0
90000, 101489, 0, 0, 0
91000, 98850, 0, 0, 0
92000, 99888, 0, 0, 0
93000, 102482, 0, 0, 0
94000, 99710, 0, 0, 0
95000, 108159, 0, 0, 0
96000, 105433, 0, 0, 0
97000, 102969, 0, 0, 0
98000, 104941, 0, 0, 0
99000, 102409, 0, 0, 0
100000, 104053, 0, 0, 0
101000, 100992, 0, 0, 0
102000, 98196, 0, 0, 0
103000, 99809, 0, 0, 0
104000, 99889, 0, 0, 0
105000, 101988, 0, 0, 0
106001, 158610, 0, 0, 0
107000, 167778, 0, 0, 0
108000, 170716, 0, 0, 0
109000, 159411, 0, 0, 0
110000, 138247, 0, 0, 0
111000, 136445, 0, 0, 0
112000, 129225, 0, 0, 0
113000, 126602, 0, 0, 0
114000, 127526, 0, 0, 0
115000, 135324, 0, 0, 0
116001, 159662, 0, 0, 0
117000, 144206, 0, 0, 0
118000, 149507, 0, 0, 0
119000, 154467, 0, 0, 0
120000, 157528, 0, 0, 0
121000, 154253, 0, 0, 0
122000, 150222, 0, 0, 0
123000, 150418, 0, 0, 0
124000, 205074, 0, 0, 0
125000, 217977, 0, 0, 0
126000, 203582, 0, 0, 0
127000, 235938, 0, 0, 0
128000, 186632, 0, 0, 0
129000, 186864, 0, 0, 0
130000, 179144, 0, 0, 0
131000, 172614, 0, 0, 0
132000, 165023, 0, 0, 0
133000, 164418, 0, 0, 0
134000, 172668, 0, 0, 0
135000, 181033, 0, 0, 0
136000, 171510, 0, 0, 0
137000, 207773, 0, 0, 0
138000, 176639, 0, 0, 0
139001, 168333, 0, 0, 0
140001, 177042, 0, 0, 0
141001, 222612, 0, 0, 0
142000, 218964, 0, 0, 0
143000, 205515, 0, 0, 0
144001, 189720, 0, 0, 0
145000, 176061, 0, 0, 0
146000, 280310, 0, 0, 0
147000, 442616, 0, 0, 0
148000, 521984, 0, 0, 0
149000, 504125, 0, 0, 0
150001, 295718, 0, 0, 0
151000, 226634, 0, 0, 0
152000, 230020, 0, 0, 0
153000, 245876, 0, 0, 0
154000, 225716, 0, 0, 0
155001, 228791, 0, 0, 0
156000, 226779, 0, 0, 0
157000, 228635, 0, 0, 0
158000, 417122, 0, 0, 0
159000, 281046, 0, 0, 0
160000, 203243, 0, 0, 0
161000, 202054, 0, 0, 0
162001, 211642, 0, 0, 0
163000, 199664, 0, 0, 0
164000, 207415, 0, 0, 0
165001, 446768, 0, 0, 0
166000, 363171, 0, 0, 0
167001, 229000, 0, 0, 0
168000, 204681, 0, 0, 0
169000, 192493, 0, 0, 0
170000, 112669, 0, 0, 0
171000, 101286, 0, 0, 0
172000, 101412, 0, 0, 0
173000, 101212, 0, 0, 0
174000, 104044, 0, 0, 0
175000, 101057, 0, 0, 0
176000, 98487, 0, 0, 0
177000, 101568, 0, 0, 0
178000, 100257, 0, 0, 0
179000, 100733, 0, 0, 0
180000, 119437, 0, 0, 0
181000, 146963, 0, 0, 0
182000, 149144, 0, 0, 0
183000, 147931, 0, 0, 0
184000, 143154, 0, 0, 0
185000, 136464, 0, 0, 0
186000, 127298, 0, 0, 0
187000, 130209, 0, 0, 0
188000, 131183, 0, 0, 0
189000, 136050, 0, 0, 0
190000, 138721, 0, 0, 0
191000, 169829, 0, 0, 0
192000, 163941, 0, 0, 0
193001, 152599, 0, 0, 0
194000, 163413, 0, 0, 0
195000, 181118, 0, 0, 0
196000, 174317, 0, 0, 0
197000, 162825, 0, 0, 0
198000, 171804, 0, 0, 0
199001, 179004, 0, 0, 0
200000, 163776, 0, 0, 0
201001, 209651, 0, 0, 0
202000, 176111, 0, 0, 0
203000, 169166, 0, 0, 0
204000, 175886, 0, 0, 0
205000, 218759, 0, 0, 0
206000, 371072, 0, 0, 0
207000, 298961, 0, 0, 0
208000, 290858, 0, 0, 0
209001, 446221, 0, 0, 0
210000, 425356, 0, 0, 0
211000, 415512, 0, 0, 0
212000, 518132, 0, 0, 0
213001, 495531, 0, 0, 0
214000, 447779, 0, 0, 0
215000, 487034, 0, 0, 0
216000, 474021, 0, 0, 0
217000, 473647, 0, 0, 0
218000, 516586, 0, 0, 0
219000, 486522, 0, 0, 0
220000, 405912, 0, 0, 0
221000, 488059, 0, 0, 0
222000, 457950, 0, 0, 0
223000, 461628, 0, 0, 0
224000, 493849, 0, 0, 0
225001, 453053, 0, 0, 0
226000, 458615, 0, 0, 0
227000, 483402, 0, 0, 0
228000, 434032, 0, 0, 0
229000, 457495, 0, 0, 0
230000, 466488, 0, 0, 0
231000, 479546, 0, 0, 0
232001, 443189, 0, 0, 0
233000, 498579, 0, 0, 0
234000, 347043, 0, 0, 0
235000, 324655, 0, 0, 0
236000, 313360, 0, 0, 0
237000, 296791, 0, 0, 0
238000, 313378, 0, 0, 0
239001, 290581, 0, 0, 0
240001, 389032, 0, 0, 0
241000, 471051, 0, 0, 0
242001, 399936, 0, 0, 0
243000, 482178, 0, 0, 0
244000, 386967, 0, 0, 0
245000, 292536, 0, 0, 0
246001, 422575, 0, 0, 0
247000, 484257, 0, 0, 0
248001, 444648, 0, 0, 0
249000, 505421, 0, 0, 0
250000, 447449, 0, 0, 0
251001, 428604, 0, 0, 0
252001, 279342, 0, 0, 0
253000, 278299, 0, 0, 0
254000, 320404, 0, 0, 0
255000, 294247, 0, 0, 0
256000, 300582, 0, 0, 0
257010, 383587, 0, 0, 0
258000, 260873, 0, 0, 0
259000, 212607, 0, 0, 0
260000, 202341, 0, 0, 0
261001, 195952, 0, 0, 0
262000, 189961, 0, 0, 0
263000, 187995, 0, 0, 0
264000, 166942, 0, 0, 0
265000, 169367, 0, 0, 0
266000, 185980, 0, 0, 0
267001, 215244, 0, 0, 0
268000, 430331, 0, 0, 0
269000, 312777, 0, 0, 0
270000, 376660, 0, 0, 0
271001, 438004, 0, 0, 0
272000, 401124, 0, 0, 0
273001, 369359, 0, 0, 0
274001, 436750, 0, 0, 0
275000, 431548, 0, 0, 0
276001, 481184, 0, 0, 0
277000, 491776, 0, 0, 0
278001, 453395, 0, 0, 0
279008, 457008, 0, 0, 0
280000, 278087, 0, 0, 0
281000, 227586, 0, 0, 0
282001, 205246, 0, 0, 0
283001, 197567, 0, 0, 0
284000, 214667, 0, 0, 0
285000, 200652, 0, 0, 0
286000, 194323, 0, 0, 0
287000, 193098, 0, 0, 0
288000, 186477, 0, 0, 0
289000, 186005, 0, 0, 0
290000, 109735, 0, 0, 0
291000, 101979, 0, 0, 0
292000, 101454, 0, 0, 0
293000, 104080, 0, 0, 0
294000, 102729, 0, 0, 0
295000, 103643, 0, 0, 0
296000, 97131, 0, 0, 0
297000, 100106, 0, 0, 0
298000, 100831, 0, 0, 0
299000, 99384, 0, 0, 0
300000, 102330, 0, 0, 0
301000, 424381, 0, 0, 0
302000, 479868, 0, 0, 0
303000, 270643, 0, 0, 0
304000, 228434, 0, 0, 0
305000, 221036, 0, 0, 0
306001, 215246, 0, 0, 0
307000, 190083, 0, 0, 0
308000, 194716, 0, 0, 0
309000, 207179, 0, 0, 0
310000, 182008, 0, 0, 0
311001, 217675, 0, 0, 0
312001, 190571, 0, 0, 0
313000, 190156, 0, 0, 0
314000, 195662, 0, 0, 0
315000, 201751, 0, 0, 0
316000, 198553, 0, 0, 0
317001, 189528, 0, 0, 0
318000, 160068, 0, 0, 0
319000, 165875, 0, 0, 0
320000, 169326, 0, 0, 0
321000, 202525, 0, 0, 0
322000, 252290, 0, 0, 0
323000, 216324, 0, 0, 0
324000, 167636, 0, 0, 0
325000, 154405, 0, 0, 0
326000, 152458, 0, 0, 0
327000, 162782, 0, 0, 0
328000, 173485, 0, 0, 0
329000, 181096, 0, 0, 0
330001, 179403, 0, 0, 0
331000, 172293, 0, 0, 0
332000, 205907, 0, 0, 0
333000, 198299, 0, 0, 0
334000, 187746, 0, 0, 0
335000, 187471, 0, 0, 0
336000, 189027, 0, 0, 0
337000, 188397, 0, 0, 0
338000, 193593, 0, 0, 0
339000, 203461, 0, 0, 0
340000, 202467, 0, 0, 0
341000, 196069, 0, 0, 0
342000, 185492, 0, 0, 0
343000, 277249, 0, 0, 0
344000, 373383, 0, 0, 0
345000, 357869, 0, 0, 0
346000, 348353, 0, 0, 0
347000, 428321, 0, 0, 0
348000, 481494, 0, 0, 0
349000, 450994, 0, 0, 0
350000, 484346, 0, 0, 0
351001, 470664, 0, 0, 0
352000, 439475, 0, 0, 0
353001, 443988, 0, 0, 0
354001, 544736, 0, 0, 0
355000, 414508, 0, 0, 0
356000, 423488, 0, 0, 0
357000, 254793, 0, 0, 0
358000, 205178, 0, 0, 0
359000, 204538, 0, 0, 0
360000, 215486, 0, 0, 0
