1001, 442245, 0, 0, 0
2000, 423905, 0, 0, 0
3000, 486885, 0, 0, 0
4000, 410311, 0, 0, 0
5000, 444185, 0, 0, 0
6000, 507896, 0, 0, 0
7001, 457773, 0, 0, 0
8000, 461627, 0, 0, 0
9000, 464589, 0, 0, 0
10000, 499949, 0, 0, 0
11000, 519956, 0, 0, 0
12000, 413912, 0, 0, 0
13000, 501798, 0, 0, 0
14001, 536609, 0, 0, 0
15000, 411843, 0, 0, 0
16000, 524311, 0, 0, 0
17000, 575382, 0, 0, 0
18001, 589006, 0, 0, 0
19001, 574533, 0, 0, 0
20001, 570343, 0, 0, 0
21001, 594451, 0, 0, 0
22000, 600805, 0, 0, 0
23000, 549415, 0, 0, 0
24000, 522368, 0, 0, 0
25003, 486689, 0, 0, 0
26002, 499429, 0, 0, 0
27000, 455209, 0, 0, 0
28000, 514216, 0, 0, 0
29000, 558280, 0, 0, 0
30000, 556594, 0, 0, 0
31001, 436292, 0, 0, 0
32000, 534046, 0, 0, 0
33000, 531375, 0, 0, 0
34000, 451828, 0, 0, 0
35000, 623049, 0, 0, 0
36000, 593231, 0, 0, 0
37000, 677438, 0, 0, 0
38000, 522342, 0, 0, 0
39001, 535366, 0, 0, 0
40000, 485779, 0, 0, 0
41000, 493977, 0, 0, 0
42000, 490430, 0, 0, 0
43000, 512154, 0, 0, 0
44000, 529727, 0, 0, 0
45000, 548329, 0, 0, 0
46000, 461523, 0, 0, 0
47000, 469130, 0, 0, 0
48001, 468100, 0, 0, 0
49000, 454755, 0, 0, 0
50001, 438879, 0, 0, 0
51000, 495001, 0, 0, 0
52000, 526310, 0, 0, 0
53000, 571807, 0, 0, 0
54000, 459667, 0, 0, 0
55000, 490032, 0, 0, 0
56000, 460547, 0, 0, 0
57000, 475653, 0, 0, 0
58001, 516060, 0, 0, 0
59001, 486323, 0, 0, 0
60000, 489666, 0, 0, 0
61000, 476837, 0, 0, 0
62000, 524584, 0, 0, 0
63000, 441521, 0, 0, 0
64000, 639604, 0, 0, 0
65002, 706283, 0, 0, 0
66001, 722324, 0, 0, 0
67000, 710493, 0, 0, 0
68000, 590212, 0, 0, 0
69001, 610890, 0, 0, 0
70000, 560721, 0, 0, 0
71001, 562357, 0, 0, 0
72001, 523758, 0, 0, 0
73000, 463760, 0, 0, 0
74000, 688504, 0, 0, 0
75000, 659736, 0, 0, 0
76000, 629277, 0, 0, 0
77001, 627581, 0, 0, 0
78000, 552676, 0, 0, 0
79000, 465817, 0, 0, 0
80000, 424911, 0, 0, 0
81000, 474475, 0, 0, 0
82001, 458110, 0, 0, 0
83000, 437337, 0, 0, 0
84000, 567939, 0, 0, 0
85000, 500030, 0, 0, 0
86002, 505214, 0, 0, 0
87000, 508412, 0, 0, 0
88001, 478268, 0, 0, 0
89000, 452859, 0, 0, 0
90001, 501660, 0, 0, 0
91000, 463587, 0, 0, 0
92000, 468375, 0, 0, 0
93001, 491105, 0, 0, 0
94000, 508800, 0, 0, 0
95000, 462822, 0, 0, 0
96000, 512318, 0, 0, 0
97000, 495740, 0, 0, 0
98000, 473051, 0, 0, 0
99000, 548263, 0, 0, 0
100001, 457082, 0, 0, 0
101000, 526430, 0, 0, 0
102001, 550416, 0, 0, 0
103000, 463190, 0, 0, 0
104000, 509736, 0, 0, 0
105000, 518136, 0, 0, 0
106001, 444094, 0, 0, 0
107001, 468396, 0, 0, 0
108000, 513304, 0, 0, 0
109000, 500249, 0, 0, 0
110000, 477830, 0, 0, 0
111000, 554204, 0, 0, 0
112001, 511962, 0, 0, 0
113000, 504241, 0, 0, 0
114000, 560967, 0, 0, 0
115000, 461570, 0, 0, 0
116000, 465151, 0, 0, 0
117000, 455883, 0, 0, 0
118000, 460302, 0, 0, 0
119001, 427093, 0, 0, 0
120000, 464756, 0, 0, 0
121000, 464750, 0, 0, 0
122000, 423992, 0, 0, 0
123000, 458422, 0, 0, 0
124000, 431356, 0, 0, 0
125000, 410587, 0, 0, 0
126000, 510919, 0, 0, 0
127000, 460391, 0, 0, 0
128000, 456931, 0, 0, 0
129001, 516322, 0, 0, 0
130000, 439367, 0, 0, 0
131001, 479005, 0, 0, 0
132001, 599559, 0, 0, 0
133000, 738284, 0, 0, 0
134000, 915449, 0, 0, 0
135002, 784613, 0, 0, 0
136000, 724491, 0, 0, 0
137000, 629401, 0, 0, 0
138001, 541521, 0, 0, 0
139001, 555840, 0, 0, 0
140001, 545318, 0, 0, 0
141000, 559691, 0, 0, 0
142001, 505636, 0, 0, 0
143001, 543669, 0, 0, 0
144000, 508521, 0, 0, 0
145000, 468072, 0, 0, 0
146000, 485194, 0, 0, 0
147000, 455414, 0, 0, 0
148000, 446802, 0, 0, 0
149000, 482515, 0, 0, 0
150000, 467219, 0, 0, 0
151000, 526474, 0, 0, 0
152001, 563966, 0, 0, 0
153001, 558761, 0, 0, 0
154001, 531871, 0, 0, 0
155000, 553782, 0, 0, 0
156000, 454157, 0, 0, 0
157001, 450101, 0, 0, 0
158001, 502555, 0, 0, 0
159000, 533402, 0, 0, 0
160002, 552693, 0, 0, 0
161000, 489475, 0, 0, 0
162001, 509766, 0, 0, 0
163000, 513012, 0, 0, 0
164000, 422988, 0, 0, 0
165000, 533585, 0, 0, 0
166000, 501112, 0, 0, 0
167000, 410441, 0, 0, 0
168000, 524671, 0, 0, 0
169001, 494380, 0, 0, 0
170000, 434287, 0, 0, 0
171000, 500437, 0, 0, 0
172000, 470181, 0, 0, 0
173000, 451540, 0, 0, 0
174002, 499986, 0, 0, 0
175001, 528483, 0, 0, 0
176000, 490702, 0, 0, 0
177000, 500728, 0, 0, 0
178000, 500950, 0, 0, 0
179000, 453204, 0, 0, 0
180000, 468607, 0, 0, 0
181000, 470812, 0, 0, 0
182000, 436361, 0, 0, 0
183000, 482384, 0, 0, 0
184000, 463766, 0, 0, 0
185001, 458342, 0, 0, 0
186000, 479302, 0, 0, 0
187000, 472795, 0, 0, 0
188000, 467697, 0, 0, 0
189000, 446563, 0, 0, 0
190000, 452050, 0, 0, 0
191000, 523990, 0, 0, 0
192000, 469044, 0, 0, 0
193001, 480659, 0, 0, 0
194000, 515065, 0, 0, 0
195000, 457605, 0, 0, 0
196000, 497039, 0, 0, 0
197000, 541554, 0, 0, 0
198000, 448742, 0, 0, 0
199000, 591048, 0, 0, 0
200001, 720855, 0, 0, 0
201001, 765481, 0, 0, 0
202000, 716249, 0, 0, 0
203000, 848504, 0, 0, 0
204001, 826344, 0, 0, 0
205000, 630807, 0, 0, 0
206002, 608379, 0, 0, 0
207002, 705050, 0, 0, 0
208001, 623370, 0, 0, 0
209001, 609368, 0, 0, 0
210000, 615901, 0, 0, 0
211001, 697238, 0, 0, 0
212002, 771450, 0, 0, 0
213001, 783334, 0, 0, 0
214026, 791604, 0, 0, 0
215000, 603414, 0, 0, 0
216002, 593476, 0, 0, 0
217000, 604881, 0, 0, 0
218000, 639993, 0, 0, 0
219000, 524361, 0, 0, 0
220000, 604887, 0, 0, 0
221000, 642795, 0, 0, 0
222001, 582229, 0, 0, 0
223000, 548275, 0, 0, 0
224000, 531621, 0, 0, 0
225000, 549800, 0, 0, 0
226000, 469564, 0, 0, 0
227000, 603122, 0, 0, 0
228000, 616779, 0, 0, 0
229001, 546347, 0, 0, 0
230000, 537314, 0, 0, 0
231000, 554724, 0, 0, 0
232000, 454542, 0, 0, 0
233000, 457519, 0, 0, 0
234001, 523622, 0, 0, 0
235000, 456000, 0, 0, 0
236000, 443903, 0, 0, 0
237001, 463751, 0, 0, 0
238000, 461741, 0, 0, 0
239000, 440789, 0, 0, 0
240000, 450618, 0, 0, 0
241000, 432793, 0, 0, 0
242000, 416220, 0, 0, 0
243000, 478326, 0, 0, 0
244000, 447787, 0, 0, 0
245000, 470597, 0, 0, 0
246000, 503136, 0, 0, 0
247000, 458642, 0, 0, 0
248000, 486949, 0, 0, 0
249000, 489066, 0, 0, 0
250001, 421015, 0, 0, 0
251000, 489331, 0, 0, 0
252000, 524827, 0, 0, 0
253000, 441677, 0, 0, 0
254000, 509945, 0, 0, 0
255001, 639341, 0, 0, 0
256001, 563015, 0, 0, 0
257000, 787377, 0, 0, 0
258000, 832137, 0, 0, 0
259000, 616789, 0, 0, 0
260000, 586237, 0, 0, 0
261001, 585131, 0, 0, 0
262002, 588898, 0, 0, 0
263001, 469466, 0, 0, 0
264001, 536968, 0, 0, 0
265001, 548894, 0, 0, 0
266002, 544507, 0, 0, 0
267000, 484740, 0, 0, 0
268001, 523150, 0, 0, 0
269000, 472529, 0, 0, 0
270001, 452104, 0, 0, 0
271000, 524347, 0, 0, 0
272001, 494143, 0, 0, 0
273000, 484822, 0, 0, 0
274000, 523100, 0, 0, 0
275000, 473235, 0, 0, 0
276000, 447571, 0, 0, 0
277000, 500076, 0, 0, 0
278000, 503259, 0, 0, 0
279000, 503394, 0, 0, 0
280000, 551585, 0, 0, 0
281000, 543805, 0, 0, 0
282000, 447827, 0, 0, 0
283001, 544133, 0, 0, 0
284000, 628577, 0, 0, 0
285001, 574883, 0, 0, 0
286000, 621970, 0, 0, 0
287000, 738766, 0, 0, 0
288000, 661730, 0, 0, 0
289000, 566032, 0, 0, 0
290001, 543252, 0, 0, 0
291000, 522035, 0, 0, 0
292001, 527826, 0, 0, 0
293000, 550714, 0, 0, 0
294001, 492913, 0, 0, 0
295000, 529559, 0, 0, 0
296001, 522532, 0, 0, 0
297000, 581621, 0, 0, 0
298000, 564623, 0, 0, 0
299000, 549848, 0, 0, 0
300000, 592167, 0, 0, 0
301000, 576297, 0, 0, 0
302001, 540777, 0, 0, 0
303000, 543020, 0, 0, 0
304000, 556901, 0, 0, 0
305000, 652231, 0, 0, 0
306000, 675010, 0, 0, 0
307000, 713991, 0, 0, 0
308000, 708252, 0, 0, 0
309001, 625789, 0, 0, 0
310001, 605791, 0, 0, 0
311000, 626936, 0, 0, 0
312000, 632626, 0, 0, 0
313001, 606915, 0, 0, 0
314001, 666028, 0, 0, 0
315000, 532506, 0, 0, 0
316000, 487287, 0, 0, 0
317000, 524680, 0, 0, 0
318000, 500788, 0, 0, 0
319000, 473631, 0, 0, 0
320001, 516711, 0, 0, 0
321000, 449550, 0, 0, 0
322000, 442726, 0, 0, 0
323000, 521079, 0, 0, 0
324001, 476409, 0, 0, 0
325000, 474439, 0, 0, 0
326001, 541540, 0, 0, 0
327000, 520122, 0, 0, 0
328002, 457111, 0, 0, 0
329001, 489985, 0, 0, 0
330000, 483455, 0, 0, 0
331001, 462731, 0, 0, 0
332000, 492162, 0, 0, 0
333001, 491662, 0, 0, 0
334000, 464268, 0, 0, 0
335000, 462454, 0, 0, 0
336000, 471520, 0, 0, 0
337001, 465608, 0, 0, 0
338000, 490308, 0, 0, 0
339000, 436480, 0, 0, 0
340000, 425993, 0, 0, 0
341000, 473998, 0, 0, 0
342001, 519454, 0, 0, 0
343001, 505176, 0, 0, 0
344000, 579776, 0, 0, 0
345001, 542218, 0, 0, 0
346001, 528337, 0, 0, 0
347000, 552952, 0, 0, 0
348000, 518245, 0, 0, 0
349000, 500463, 0, 0, 0
350000, 455257, 0, 0, 0
351000, 487281, 0, 0, 0
352001, 454163, 0, 0, 0
353000, 563904, 0, 0, 0
354000, 516514, 0, 0, 0
355000, 589794, 0, 0, 0
356000, 555242, 0, 0, 0
357000, 539024, 0, 0, 0
358000, 531243, 0, 0, 0
359000, 509307, 0, 0, 0
360000, 562102, 0, 0, 0
