1000, 1787707, 1, 0, 0
2000, 1709509, 1, 0, 0
3000, 1748798, 1, 0, 0
4000, 1700504, 1, 0, 0
5000, 1700634, 1, 0, 0
6000, 1700721, 1, 0, 0
7000, 1698032, 1, 0, 0
8000, 1749329, 1, 0, 0
9000, 1698723, 1, 0, 0
10000, 1702715, 1, 0, 0
11000, 1700124, 1, 0, 0
12000, 2138211, 1, 0, 0
13000, 2063173, 1, 0, 0
14000, 1979761, 1, 0, 0
15000, 2028294, 1, 0, 0
16002, 2064656, 1, 0, 0
17000, 2039774, 1, 0, 0
18000, 2082748, 1, 0, 0
19001, 2038048, 1, 0, 0
20000, 1992230, 1, 0, 0
21000, 1740214, 1, 0, 0
22000, 1706657, 1, 0, 0
23000, 1698979, 1, 0, 0
24000, 1743134, 1, 0, 0
25000, 1698512, 1, 0, 0
26000, 1699948, 1, 0, 0
27000, 1698179, 1, 0, 0
28000, 1696512, 1, 0, 0
29000, 1696954, 1, 0, 0
30000, 1695488, 1, 0, 0
31000, 1702877, 1, 0, 0
32000, 1697563, 1, 0, 0
33000, 1695148, 1, 0, 0
34000, 1753299, 1, 0, 0
35000, 1752473, 1, 0, 0
36000, 1699087, 1, 0, 0
37000, 1700789, 1, 0, 0
38000, 1701339, 1, 0, 0
39000, 1749840, 1, 0, 0
40000, 1700788, 1, 0, 0
41000, 1707281, 1, 0, 0
42000, 1702241, 1, 0, 0
43000, 1752040, 1, 0, 0
44000, 1708123, 1, 0, 0
45000, 1745671, 1, 0, 0
46000, 1705228, 1, 0, 0
47000, 1699911, 1, 0, 0
48000, 1701723, 1, 0, 0
49000, 1700796, 1, 0, 0
50000, 1980958, 1, 0, 0
51000, 1911259, 1, 0, 0
52000, 1760217, 1, 0, 0
53000, 1843308, 1, 0, 0
54000, 1745165, 1, 0, 0
55000, 1712491, 1, 0, 0
56000, 1997752, 1, 0, 0
57000, 1884961, 1, 0, 0
58000, 1845664, 1, 0, 0
59000, 1780452, 1, 0, 0
60000, 1699515, 1, 0, 0
61000, 1700595, 1, 0, 0
62000, 1702138, 1, 0, 0
63000, 1749364, 1, 0, 0
64000, 1700305, 1, 0, 0
65000, 1699926, 1, 0, 0
66000, 1705128, 1, 0, 0
67000, 2277428, 1, 0, 0
68000, 2067210, 1, 0, 0
69000, 1975284, 1, 0, 0
70000, 1854415, 1, 0, 0
71000, 1704718, 1, 0, 0
72000, 1695859, 1, 0, 0
73000, 1701450, 1, 0, 0
74000, 1700389, 1, 0, 0
75000, 1751648, 1, 0, 0
76000, 1702038, 1, 0, 0
77000, 1700659, 1, 0, 0
78000, 1751973, 1, 0, 0
79000, 1706239, 1, 0, 0
80000, 1750723, 1, 0, 0
81000, 1707659, 1, 0, 0
82000, 1701797, 1, 0, 0
83000, 1705943, 1, 0, 0
84000, 1751848, 1, 0, 0
85000, 1708695, 1, 0, 0
86000, 1704183, 1, 0, 0
87000, 1698921, 1, 0, 0
88000, 1700308, 1, 0, 0
89000, 1749014, 1, 0, 0
90000, 1758223, 1, 0, 0
91000, 1705907, 1, 0, 0
92000, 1706763, 1, 0, 0
93000, 1922610, 1, 0, 0
94000, 2112992, 1, 0, 0
95000, 2050575, 1, 0, 0
96000, 2011712, 1, 0, 0
97002, 2124099, 1, 0, 0
98000, 1720040, 1, 0, 0
99000, 1705637, 1, 0, 0
100000, 1745946, 1, 0, 0
101000, 1706846, 1, 0, 0
102000, 1699191, 1, 0, 0
103000, 1691082, 1, 0, 0
104000, 1693231, 1, 0, 0
105000, 1688920, 1, 0, 0
106000, 1697616, 1, 0, 0
107000, 1692789, 1, 0, 0
108000, 1697122, 1, 0, 0
109000, 1689647, 1, 0, 0
110000, 1695198, 1, 0, 0
111000, 1753341, 1, 0, 0
112000, 1703535, 1, 0, 0
113000, 1698722, 1, 0, 0
114000, 1753269, 1, 0, 0
115000, 1707868, 1, 0, 0
116000, 1701765, 1, 0, 0
117000, 1695652, 1, 0, 0
118000, 1700717, 1, 0, 0
119000, 1697432, 1, 0, 0
120000, 1699755, 1, 0, 0
121000, 1795894, 1, 0, 0
122000, 1706145, 1, 0, 0
123000, 1703941, 1, 0, 0
124000, 1715399, 1, 0, 0
125000, 1696057, 1, 0, 0
126000, 1698290, 1, 0, 0
127000, 1698735, 1, 0, 0
128000, 1696602, 1, 0, 0
129000, 1695699, 1, 0, 0
130000, 1696564, 1, 0, 0
131000, 1700891, 1, 0, 0
132000, 1739613, 1, 0, 0
133000, 1702971, 1, 0, 0
134000, 1705874, 1, 0, 0
135000, 1700585, 1, 0, 0
136000, 1700078, 1, 0, 0
137000, 1698462, 1, 0, 0
138000, 1698566, 1, 0, 0
139000, 1700248, 1, 0, 0
140000, 1701350, 1, 0, 0
141000, 1701198, 1, 0, 0
142000, 1745590, 1, 0, 0
143000, 1753091, 1, 0, 0
144000, 1700551, 1, 0, 0
145000, 1705517, 1, 0, 0
146000, 1701595, 1, 0, 0
147000, 1699692, 1, 0, 0
148000, 1702091, 1, 0, 0
149000, 1699289, 1, 0, 0
150000, 1751302, 1, 0, 0
151000, 1704302, 1, 0, 0
152000, 1702350, 1, 0, 0
153000, 1748683, 1, 0, 0
154000, 1707669, 1, 0, 0
155000, 1746470, 1, 0, 0
156000, 1706773, 1, 0, 0
157000, 1708656, 1, 0, 0
158000, 1703532, 1, 0, 0
159000, 1700015, 1, 0, 0
160000, 1753833, 1, 0, 0
161000, 1708037, 1, 0, 0
162000, 1701901, 1, 0, 0
163000, 1697325, 1, 0, 0
164000, 1751779, 1, 0, 0
165000, 1704733, 1, 0, 0
166000, 1697095, 1, 0, 0
167000, 1695674, 1, 0, 0
168000, 1698658, 1, 0, 0
169000, 1696553, 1, 0, 0
170000, 1699270, 1, 0, 0
171000, 1700103, 1, 0, 0
172000, 1700877, 1, 0, 0
173000, 1701920, 1, 0, 0
174000, 1743193, 1, 0, 0
175000, 1705751, 1, 0, 0
176000, 1747780, 1, 0, 0
177000, 1703270, 1, 0, 0
178000, 1703441, 1, 0, 0
179000, 1700119, 1, 0, 0
180000, 1700212, 1, 0, 0
181000, 1700834, 1, 0, 0
182000, 1693996, 1, 0, 0
183000, 1699639, 1, 0, 0
184000, 1751624, 1, 0, 0
185000, 1747245, 1, 0, 0
186000, 1705198, 1, 0, 0
187000, 1701795, 1, 0, 0
188000, 1701465, 1, 0, 0
189000, 1702907, 1, 0, 0
190000, 1699334, 1, 0, 0
191000, 1756752, 1, 0, 0
192000, 1704367, 1, 0, 0
193000, 1696109, 1, 0, 0
194000, 1708560, 1, 0, 0
195010, 1710595, 1, 0, 0
196000, 1797883, 1, 0, 0
197000, 1711804, 1, 0, 0
198000, 1703789, 1, 0, 0
199000, 1699867, 1, 0, 0
200000, 1943339, 1, 0, 0
201000, 1905961, 1, 0, 0
202002, 1847800, 1, 0, 0
203000, 1966964, 1, 0, 0
204000, 1902288, 1, 0, 0
205000, 1703397, 1, 0, 0
206000, 1699951, 1, 0, 0
207000, 1740864, 1, 0, 0
208000, 1703995, 1, 0, 0
209000, 1700092, 1, 0, 0
210000, 1699020, 1, 0, 0
211000, 1703820, 1, 0, 0
212000, 1703449, 1, 0, 0
213000, 1701372, 1, 0, 0
214000, 1703761, 1, 0, 0
215000, 1701305, 1, 0, 0
216000, 1701242, 1, 0, 0
217000, 1744043, 1, 0, 0
218000, 1707948, 1, 0, 0
219000, 1731437, 1, 0, 0
220000, 1704652, 1, 0, 0
221000, 1704355, 1, 0, 0
222000, 1704989, 1, 0, 0
223000, 1706902, 1, 0, 0
224000, 1703155, 1, 0, 0
225000, 1704540, 1, 0, 0
226000, 1709915, 1, 0, 0
227000, 1703199, 1, 0, 0
228000, 1803296, 1, 0, 0
229000, 1707910, 1, 0, 0
230000, 1696036, 1, 0, 0
231000, 1700579, 1, 0, 0
232000, 1728499, 1, 0, 0
233000, 1719975, 1, 0, 0
234000, 1703371, 1, 0, 0
235000, 1703843, 1, 0, 0
236000, 1707812, 1, 0, 0
237000, 1746991, 1, 0, 0
238000, 1749999, 1, 0, 0
239000, 1707584, 1, 0, 0
240000, 1700961, 1, 0, 0
241000, 1701232, 1, 0, 0
242000, 1748112, 1, 0, 0
243000, 1705116, 1, 0, 0
244000, 1702838, 1, 0, 0
245000, 1701811, 1, 0, 0
246000, 1700405, 1, 0, 0
247000, 1703285, 1, 0, 0
248000, 1751616, 1, 0, 0
249000, 1745741, 1, 0, 0
250000, 1706166, 1, 0, 0
251000, 1707121, 1, 0, 0
252000, 1704301, 1, 0, 0
253000, 1703944, 1, 0, 0
254000, 1700749, 1, 0, 0
255000, 1750197, 1, 0, 0
256000, 1705761, 1, 0, 0
257000, 1698752, 1, 0, 0
258000, 1706647, 1, 0, 0
259000, 1700340, 1, 0, 0
260000, 1746409, 1, 0, 0
261000, 1709605, 1, 0, 0
262000, 1708853, 1, 0, 0
263000, 1753093, 1, 0, 0
264000, 1705863, 1, 0, 0
265000, 1699745, 1, 0, 0
266000, 1705614, 1, 0, 0
267000, 1703583, 1, 0, 0
268000, 1745798, 1, 0, 0
269000, 1708200, 1, 0, 0
270000, 1738488, 1, 0, 0
271000, 1783570, 1, 0, 0
272000, 1837048, 1, 0, 0
273000, 1826255, 1, 0, 0
274000, 1818478, 1, 0, 0
275000, 1880351, 1, 0, 0
276000, 1861686, 1, 0, 0
277000, 1799858, 1, 0, 0
278000, 1805781, 1, 0, 0
279000, 1709856, 1, 0, 0
280000, 1709565, 1, 0, 0
281000, 1745756, 1, 0, 0
282000, 1720833, 1, 0, 0
283000, 1700570, 1, 0, 0
284000, 1747489, 1, 0, 0
285000, 1700808, 1, 0, 0
286000, 1706608, 1, 0, 0
287000, 1696934, 1, 0, 0
288000, 1697336, 1, 0, 0
289000, 1699488, 1, 0, 0
290000, 1698067, 1, 0, 0
291000, 1750129, 1, 0, 0
292000, 1748886, 1, 0, 0
293000, 1705871, 1, 0, 0
294000, 1701905, 1, 0, 0
295000, 1708414, 1, 0, 0
296000, 1751845, 1, 0, 0
297000, 1697554, 1, 0, 0
298000, 1696816, 1, 0, 0
299000, 1697001, 1, 0, 0
300000, 1747375, 1, 0, 0
301000, 1711221, 1, 0, 0
302000, 1705502, 1, 0, 0
303000, 1748864, 1, 0, 0
304000, 1702345, 1, 0, 0
305000, 1755919, 1, 0, 0
306000, 1705979, 1, 0, 0
307000, 1706880, 1, 0, 0
308000, 1715148, 1, 0, 0
309000, 1706258, 1, 0, 0
310000, 1744967, 1, 0, 0
311000, 1705150, 1, 0, 0
312000, 1706534, 1, 0, 0
313000, 1744493, 1, 0, 0
314000, 1707557, 1, 0, 0
315000, 1700946, 1, 0, 0
316000, 1743890, 1, 0, 0
317000, 1703648, 1, 0, 0
318000, 1704583, 1, 0, 0
319000, 1754757, 1, 0, 0
320000, 1703582, 1, 0, 0
321000, 1696191, 1, 0, 0
322000, 1695713, 1, 0, 0
323000, 1756305, 1, 0, 0
324000, 2057033, 1, 0, 0
325000, 1853551, 1, 0, 0
326000, 1926159, 1, 0, 0
327000, 1942628, 1, 0, 0
328000, 1906602, 1, 0, 0
329000, 1888008, 1, 0, 0
330000, 1817485, 1, 0, 0
331000, 1724723, 1, 0, 0
332000, 1775571, 1, 0, 0
333000, 1709280, 1, 0, 0
334000, 1705649, 1, 0, 0
335000, 1744698, 1, 0, 0
336000, 1707057, 1, 0, 0
337000, 1758541, 1, 0, 0
338000, 1709866, 1, 0, 0
339000, 1710026, 1, 0, 0
340000, 1713350, 1, 0, 0
341000, 1703070, 1, 0, 0
342000, 1751291, 1, 0, 0
343000, 1712525, 1, 0, 0
344000, 1705728, 1, 0, 0
345000, 1701591, 1, 0, 0
346000, 1743840, 1, 0, 0
347000, 1746834, 1, 0, 0
348000, 1702605, 1, 0, 0
349000, 1701793, 1, 0, 0
350000, 1700886, 1, 0, 0
351000, 1747679, 1, 0, 0
352000, 1706478, 1, 0, 0
353000, 1709102, 1, 0, 0
354000, 1705812, 1, 0, 0
355000, 1703277, 1, 0, 0
356000, 1706609, 1, 0, 0
357000, 1736132, 1, 0, 0
358000, 1751946, 1, 0, 0
359000, 1699123, 1, 0, 0
360000, 1702118, 1, 0, 0
360001, 2395666, 1, 0, 0
