1000, 470403, 0, 0, 0
2000, 514451, 0, 0, 0
3000, 527949, 0, 0, 0
4000, 482546, 0, 0, 0
5000, 483435, 0, 0, 0
6001, 497106, 0, 0, 0
7000, 213118, 0, 0, 0
8000, 190498, 0, 0, 0
9000, 228644, 0, 0, 0
10000, 223640, 0, 0, 0
11000, 241057, 0, 0, 0
12000, 187749, 0, 0, 0
13000, 230758, 0, 0, 0
14001, 656814, 0, 0, 0
15001, 848194, 0, 0, 0
16000, 799993, 0, 0, 0
17007, 776179, 0, 0, 0
18000, 696561, 0, 0, 0
19000, 577577, 0, 0, 0
20001, 555176, 0, 0, 0
21001, 528064, 0, 0, 0
22001, 475500, 0, 0, 0
23000, 474888, 0, 0, 0
24001, 481305, 0, 0, 0
25000, 462163, 0, 0, 0
26000, 452866, 0, 0, 0
27000, 478475, 0, 0, 0
28001, 442648, 0, 0, 0
29000, 425282, 0, 0, 0
30000, 468300, 0, 0, 0
31000, 465450, 0, 0, 0
32000, 453985, 0, 0, 0
33000, 491141, 0, 0, 0
34000, 563581, 0, 0, 0
35000, 558259, 0, 0, 0
36000, 553629, 0, 0, 0
37000, 495209, 0, 0, 0
38000, 484616, 0, 0, 0
39000, 506852, 0, 0, 0
40000, 469250, 0, 0, 0
41000, 499267, 0, 0, 0
42000, 537810, 0, 0, 0
43000, 223040, 0, 0, 0
44000, 209063, 0, 0, 0
45000, 210870, 0, 0, 0
46000, 536556, 0, 0, 0
47000, 508379, 0, 0, 0
48000, 525531, 0, 0, 0
49000, 605451, 0, 0, 0
50000, 565821, 0, 0, 0
51010, 557714, 0, 0, 0
52000, 638057, 0, 0, 0
53000, 667554, 0, 0, 0
54000, 552304, 0, 0, 0
55000, 571670, 0, 0, 0
56000, 540312, 0, 0, 0
57000, 518298, 0, 0, 0
58001, 489576, 0, 0, 0
59000, 520507, 0, 0, 0
60000, 514567, 0, 0, 0
61000, 450630, 0, 0, 0
62001, 497801, 0, 0, 0
63000, 449297, 0, 0, 0
64000, 451780, 0, 0, 0
65000, 463259, 0, 0, 0
66001, 434868, 0, 0, 0
67000, 425517, 0, 0, 0
68000, 564132, 0, 0, 0
69000, 228194, 0, 0, 0
70001, 190956, 0, 0, 0
71000, 233609, 0, 0, 0
72001, 567908, 0, 0, 0
73000, 535161, 0, 0, 0
74000, 528684, 0, 0, 0
75000, 572647, 0, 0, 0
76000, 553407, 0, 0, 0
77001, 570839, 0, 0, 0
78000, 591316, 0, 0, 0
79000, 537838, 0, 0, 0
80000, 550905, 0, 0, 0
81001, 530541, 0, 0, 0
82000, 497672, 0, 0, 0
83000, 500340, 0, 0, 0
84001, 509450, 0, 0, 0
85001, 522509, 0, 0, 0
86001, 538909, 0, 0, 0
87000, 528064, 0, 0, 0
88000, 513156, 0, 0, 0
89000, 506302, 0, 0, 0
90000, 524604, 0, 0, 0
91001, 443986, 0, 0, 0
92000, 520846, 0, 0, 0
93000, 609853, 0, 0, 0
94000, 526466, 0, 0, 0
95001, 522903, 0, 0, 0
96000, 531618, 0, 0, 0
97000, 533888, 0, 0, 0
98000, 489457, 0, 0, 0
99000, 479023, 0, 0, 0
100000, 503953, 0, 0, 0
101000, 472473, 0, 0, 0
102002, 475691, 0, 0, 0
103001, 495256, 0, 0, 0
104000, 489949, 0, 0, 0
105000, 497205, 0, 0, 0
106001, 500926, 0, 0, 0
107000, 447417, 0, 0, 0
108001, 478009, 0, 0, 0
109000, 533784, 0, 0, 0
110000, 513318, 0, 0, 0
111001, 490513, 0, 0, 0
112000, 531285, 0, 0, 0
113000, 480786, 0, 0, 0
114000, 467017, 0, 0, 0
115000, 489700, 0, 0, 0
116000, 459250, 0, 0, 0
117000, 467271, 0, 0, 0
118000, 527949, 0, 0, 0
119000, 477338, 0, 0, 0
120001, 497549, 0, 0, 0
121001, 506082, 0, 0, 0
122000, 477371, 0, 0, 0
123001, 460564, 0, 0, 0
124001, 541590, 0, 0, 0
125000, 484063, 0, 0, 0
126000, 576594, 0, 0, 0
127001, 572250, 0, 0, 0
128000, 579357, 0, 0, 0
129000, 561542, 0, 0, 0
130000, 533212, 0, 0, 0
131001, 482559, 0, 0, 0
132000, 455745, 0, 0, 0
133000, 542493, 0, 0, 0
134001, 500550, 0, 0, 0
135000, 481205, 0, 0, 0
136001, 543367, 0, 0, 0
137001, 498505, 0, 0, 0
138000, 483199, 0, 0, 0
139000, 535409, 0, 0, 0
140000, 512232, 0, 0, 0
141000, 572677, 0, 0, 0
142000, 561220, 0, 0, 0
143000, 575820, 0, 0, 0
144000, 532059, 0, 0, 0
145001, 467600, 0, 0, 0
146000, 527379, 0, 0, 0
147000, 486237, 0, 0, 0
148008, 481746, 0, 0, 0
149000, 462832, 0, 0, 0
150000, 443888, 0, 0, 0
151000, 448357, 0, 0, 0
152000, 577292, 0, 0, 0
153000, 532499, 0, 0, 0
154000, 529320, 0, 0, 0
155000, 494318, 0, 0, 0
156000, 303335, 0, 0, 0
157000, 222728, 0, 0, 0
158001, 207228, 0, 0, 0
159000, 326712, 0, 0, 0
160000, 685019, 0, 0, 0
161000, 698253, 0, 0, 0
162000, 745800, 0, 0, 0
163000, 782827, 0, 0, 0
164000, 681551, 0, 0, 0
165000, 574559, 0, 0, 0
166000, 620016, 0, 0, 0
167000, 670754, 0, 0, 0
168001, 633845, 0, 0, 0
169000, 659484, 0, 0, 0
170001, 711041, 0, 0, 0
171000, 678684, 0, 0, 0
172000, 586520, 0, 0, 0
173000, 596978, 0, 0, 0
174002, 585893, 0, 0, 0
175000, 551221, 0, 0, 0
176000, 695491, 0, 0, 0
177000, 603891, 0, 0, 0
178000, 551755, 0, 0, 0
179000, 548325, 0, 0, 0
180001, 557456, 0, 0, 0
181000, 562066, 0, 0, 0
182000, 487825, 0, 0, 0
183000, 506166, 0, 0, 0
184001, 539821, 0, 0, 0
185001, 526854, 0, 0, 0
186000, 488159, 0, 0, 0
187001, 488615, 0, 0, 0
188001, 483941, 0, 0, 0
189000, 450393, 0, 0, 0
190000, 485193, 0, 0, 0
191000, 497392, 0, 0, 0
192000, 467138, 0, 0, 0
193000, 596145, 0, 0, 0
194000, 548436, 0, 0, 0
195000, 600446, 0, 0, 0
196000, 571159, 0, 0, 0
197000, 470816, 0, 0, 0
198000, 464270, 0, 0, 0
199000, 508748, 0, 0, 0
200000, 486678, 0, 0, 0
201000, 479935, 0, 0, 0
202001, 516823, 0, 0, 0
203001, 504992, 0, 0, 0
204000, 506887, 0, 0, 0
205000, 494209, 0, 0, 0
206000, 543150, 0, 0, 0
207001, 551150, 0, 0, 0
208001, 524527, 0, 0, 0
209000, 553897, 0, 0, 0
210000, 522833, 0, 0, 0
211000, 479662, 0, 0, 0
212000, 532139, 0, 0, 0
213000, 484761, 0, 0, 0
214000, 576948, 0, 0, 0
215000, 621549, 0, 0, 0
216003, 621835, 0, 0, 0
217000, 534776, 0, 0, 0
218001, 516573, 0, 0, 0
219000, 489567, 0, 0, 0
220001, 469696, 0, 0, 0
221001, 493568, 0, 0, 0
222000, 492157, 0, 0, 0
223000, 505351, 0, 0, 0
224001, 511615, 0, 0, 0
225000, 514111, 0, 0, 0
226001, 489163, 0, 0, 0
227000, 524658, 0, 0, 0
228000, 531584, 0, 0, 0
229000, 514844, 0, 0, 0
230000, 579124, 0, 0, 0
231000, 469937, 0, 0, 0
232000, 467718, 0, 0, 0
233001, 482258, 0, 0, 0
234000, 475381, 0, 0, 0
235000, 485265, 0, 0, 0
236000, 496440, 0, 0, 0
237000, 520647, 0, 0, 0
238000, 468249, 0, 0, 0
239001, 522858, 0, 0, 0
240000, 527525, 0, 0, 0
241001, 522280, 0, 0, 0
242000, 538334, 0, 0, 0
243000, 463562, 0, 0, 0
244000, 461872, 0, 0, 0
245000, 438322, 0, 0, 0
246000, 281871, 0, 0, 0
247000, 200126, 0, 0, 0
248000, 219037, 0, 0, 0
249000, 204404, 0, 0, 0
250001, 300395, 0, 0, 0
251000, 560203, 0, 0, 0
252000, 533966, 0, 0, 0
253000, 540422, 0, 0, 0
254001, 612098, 0, 0, 0
255000, 560984, 0, 0, 0
256000, 543856, 0, 0, 0
257000, 527020, 0, 0, 0
258000, 522488, 0, 0, 0
259001, 475331, 0, 0, 0
260000, 522519, 0, 0, 0
261000, 479746, 0, 0, 0
262002, 509817, 0, 0, 0
263001, 297357, 0, 0, 0
264000, 243783, 0, 0, 0
265000, 240576, 0, 0, 0
266000, 192239, 0, 0, 0
267000, 226587, 0, 0, 0
268001, 572967, 0, 0, 0
269001, 520675, 0, 0, 0
270001, 552015, 0, 0, 0
271000, 612205, 0, 0, 0
272000, 552207, 0, 0, 0
273000, 543302, 0, 0, 0
274001, 706982, 0, 0, 0
275001, 628371, 0, 0, 0
276001, 590706, 0, 0, 0
277000, 523275, 0, 0, 0
278000, 520161, 0, 0, 0
279000, 501927, 0, 0, 0
280000, 451782, 0, 0, 0
281000, 573378, 0, 0, 0
282001, 571778, 0, 0, 0
283001, 549179, 0, 0, 0
284000, 608877, 0, 0, 0
285000, 528993, 0, 0, 0
286001, 490037, 0, 0, 0
287000, 535458, 0, 0, 0
288001, 482322, 0, 0, 0
289000, 450296, 0, 0, 0
290000, 536571, 0, 0, 0
291000, 491741, 0, 0, 0
292000, 489186, 0, 0, 0
293000, 496985, 0, 0, 0
294000, 503304, 0, 0, 0
295000, 511692, 0, 0, 0
296001, 481527, 0, 0, 0
297000, 504387, 0, 0, 0
298000, 514656, 0, 0, 0
299000, 493015, 0, 0, 0
300001, 495880, 0, 0, 0
301000, 500065, 0, 0, 0
302000, 495457, 0, 0, 0
303000, 492737, 0, 0, 0
304000, 477817, 0, 0, 0
305000, 489147, 0, 0, 0
306000, 464043, 0, 0, 0
307001, 479872, 0, 0, 0
308000, 483276, 0, 0, 0
309000, 469606, 0, 0, 0
310000, 472090, 0, 0, 0
311000, 475263, 0, 0, 0
312000, 216194, 0, 0, 0
313000, 220508, 0, 0, 0
314000, 208431, 0, 0, 0
315000, 210424, 0, 0, 0
316000, 335333, 0, 0, 0
317001, 588051, 0, 0, 0
318000, 663299, 0, 0, 0
319001, 646855, 0, 0, 0
320000, 633177, 0, 0, 0
321000, 609999, 0, 0, 0
322000, 661493, 0, 0, 0
323000, 725597, 0, 0, 0
324000, 588949, 0, 0, 0
325001, 607009, 0, 0, 0
326000, 615529, 0, 0, 0
327001, 655356, 0, 0, 0
328000, 606474, 0, 0, 0
329001, 574840, 0, 0, 0
330001, 569523, 0, 0, 0
331000, 599775, 0, 0, 0
332001, 562250, 0, 0, 0
333000, 508241, 0, 0, 0
334000, 571322, 0, 0, 0
335001, 545284, 0, 0, 0
336000, 564385, 0, 0, 0
337000, 562814, 0, 0, 0
338000, 546728, 0, 0, 0
339001, 551684, 0, 0, 0
340000, 658805, 0, 0, 0
341000, 504640, 0, 0, 0
342001, 515508, 0, 0, 0
343001, 568820, 0, 0, 0
344000, 526864, 0, 0, 0
345000, 515453, 0, 0, 0
346001, 518357, 0, 0, 0
347000, 538088, 0, 0, 0
348000, 462977, 0, 0, 0
349000, 571434, 0, 0, 0
350001, 600985, 0, 0, 0
351000, 558361, 0, 0, 0
352001, 648313, 0, 0, 0
353001, 584945, 0, 0, 0
354002, 570403, 0, 0, 0
355000, 574927, 0, 0, 0
356001, 552660, 0, 0, 0
357002, 561963, 0, 0, 0
358000, 491461, 0, 0, 0
359000, 457857, 0, 0, 0
360001, 503362, 0, 0, 0
