1007, 1613592, 1, 0, 0
2004, 1080676, 1, 0, 0
3005, 1026899, 1, 0, 0
4000, 1124739, 1, 0, 0
5001, 1138593, 1, 0, 0
6003, 1038251, 1, 0, 0
7000, 1033005, 1, 0, 0
8005, 1353383, 1, 0, 0
9001, 1168022, 1, 0, 0
10000, 1152215, 1, 0, 0
11007, 1059782, 1, 0, 0
12000, 981545, 1, 0, 0
13000, 1065067, 1, 0, 0
14001, 976000, 1, 0, 0
15000, 873210, 1, 0, 0
16000, 637776, 1, 0, 0
17000, 655533, 1, 0, 0
18000, 687308, 1, 0, 0
19008, 1194680, 1, 0, 0
20000, 2017175, 1, 0, 0
21005, 2062277, 1, 0, 0
22008, 2054103, 1, 0, 0
23000, 1990311, 1, 0, 0
24007, 1077363, 1, 0, 0
25000, 992413, 1, 0, 0
26000, 971075, 1, 0, 0
27000, 586681, 1, 0, 0
28000, 455167, 1, 0, 0
29000, 458032, 1, 0, 0
30001, 566301, 1, 0, 0
31000, 661189, 1, 0, 0
32000, 487262, 1, 0, 0
33022, 473382, 1, 0, 0
34000, 685941, 1, 0, 0
35000, 669871, 1, 0, 0
36000, 741702, 1, 0, 0
37002, 786886, 1, 0, 0
38000, 1065465, 1, 0, 0
39008, 880382, 1, 0, 0
40000, 792227, 1, 0, 0
41000, 673630, 1, 0, 0
42000, 768170, 1, 0, 0
43000, 903918, 1, 0, 0
44000, 830126, 1, 0, 0
45000, 1038600, 1, 0, 0
46000, 1178597, 1, 0, 0
47000, 1231643, 1, 0, 0
48005, 1848065, 1, 0, 0
49002, 1825095, 1, 0, 0
50000, 1835216, 1, 0, 0
51007, 1820568, 1, 0, 0
52000, 1412998, 1, 0, 0
53008, 1308179, 1, 0, 0
54000, 1384635, 1, 0, 0
55011, 1366850, 1, 0, 0
56009, 1294236, 1, 0, 0
57000, 1533881, 1, 0, 0
58000, 1614985, 1, 0, 0
59002, 1843418, 1, 0, 0
60007, 2112636, 1, 0, 0
61000, 1824998, 1, 0, 0
62004, 957227, 1, 0, 0
63000, 1013542, 1, 0, 0
64003, 967405, 1, 0, 0
65003, 912554, 1, 0, 0
66000, 1042245, 1, 0, 0
67007, 1912946, 1, 0, 0
68007, 2184825, 1, 0, 0
69009, 1988932, 1, 0, 0
70011, 2110601, 1, 0, 0
71000, 2102086, 1, 0, 0
72000, 2062105, 1, 0, 0
73011, 2117582, 1, 0, 0
74000, 1252959, 1, 0, 0
75000, 493589, 1, 0, 0
76000, 478059, 1, 0, 0
77000, 461236, 1, 0, 0
78000, 459466, 1, 0, 0
79000, 479077, 1, 0, 0
80000, 462972, 1, 0, 0
81000, 465352, 1, 0, 0
82000, 508273, 1, 0, 0
83000, 466078, 1, 0, 0
84000, 464729, 1, 0, 0
85000, 486372, 1, 0, 0
86000, 459740, 1, 0, 0
87000, 505349, 1, 0, 0
88000, 660857, 1, 0, 0
89003, 833209, 1, 0, 0
90002, 881561, 1, 0, 0
91000, 888080, 1, 0, 0
92000, 662992, 1, 0, 0
93000, 802767, 1, 0, 0
94019, 833732, 1, 0, 0
95000, 819239, 1, 0, 0
96000, 723512, 1, 0, 0
97002, 764544, 1, 0, 0
98000, 860548, 1, 0, 0
99000, 857715, 1, 0, 0
100000, 701019, 1, 0, 0
101006, 732377, 1, 0, 0
102004, 1003431, 1, 0, 0
103000, 925435, 1, 0, 0
104006, 1065114, 1, 0, 0
105003, 1221655, 1, 0, 0
106005, 1821631, 1, 0, 0
107000, 1883952, 1, 0, 0
108009, 1987093, 1, 0, 0
109000, 1958904, 1, 0, 0
110000, 1869157, 1, 0, 0
111000, 2051641, 1, 0, 0
112003, 2298855, 1, 0, 0
113000, 1241052, 1, 0, 0
114001, 1225426, 1, 0, 0
115000, 1187745, 1, 0, 0
116008, 1129431, 1, 0, 0
117000, 1182360, 1, 0, 0
118004, 1163609, 1, 0, 0
119000, 1423640, 1, 0, 0
120008, 2374176, 1, 0, 0
121000, 1982638, 1, 0, 0
122000, 1020343, 1, 0, 0
123005, 1078100, 1, 0, 0
124000, 1069321, 1, 0, 0
125000, 981793, 1, 0, 0
126000, 1164366, 1, 0, 0
127004, 1769283, 1, 0, 0
128000, 2011082, 1, 0, 0
129006, 1828544, 1, 0, 0
130010, 1999310, 1, 0, 0
131000, 2041244, 1, 0, 0
132005, 1579191, 1, 0, 0
133009, 1157587, 1, 0, 0
134005, 1111460, 1, 0, 0
135002, 1152854, 1, 0, 0
136000, 1027598, 1, 0, 0
137002, 1443207, 1, 0, 0
138006, 1477088, 1, 0, 0
139000, 1467634, 1, 0, 0
140004, 1461244, 1, 0, 0
141002, 1559492, 1, 0, 0
142011, 1495803, 1, 0, 0
143004, 1486533, 1, 0, 0
144006, 1625674, 1, 0, 0
145004, 2084361, 1, 0, 0
146011, 2065424, 1, 0, 0
147000, 537006, 1, 0, 0
148000, 457671, 1, 0, 0
149000, 459523, 1, 0, 0
150000, 596512, 1, 0, 0
151000, 591788, 1, 0, 0
152000, 568592, 1, 0, 0
153004, 647839, 1, 0, 0
154000, 863457, 1, 0, 0
155003, 859541, 1, 0, 0
156000, 893048, 1, 0, 0
157000, 912009, 1, 0, 0
158008, 912148, 1, 0, 0
159006, 1035758, 1, 0, 0
160000, 1041611, 1, 0, 0
161005, 1103534, 1, 0, 0
162000, 1093801, 1, 0, 0
163007, 1057885, 1, 0, 0
164001, 1034082, 1, 0, 0
165007, 1066741, 1, 0, 0
166003, 916345, 1, 0, 0
167002, 946946, 1, 0, 0
168010, 1390960, 1, 0, 0
169006, 1349458, 1, 0, 0
170010, 1402320, 1, 0, 0
171000, 1584722, 1, 0, 0
172006, 1732393, 1, 0, 0
173001, 1989305, 1, 0, 0
174000, 2188411, 1, 0, 0
175000, 2033699, 1, 0, 0
176012, 2090940, 1, 0, 0
177000, 1821535, 1, 0, 0
178001, 1762879, 1, 0, 0
179003, 1838009, 1, 0, 0
180000, 1846057, 1, 0, 0
181004, 1608275, 1, 0, 0
182004, 1617898, 1, 0, 0
183006, 1676728, 1, 0, 0
184000, 1636555, 1, 0, 0
185011, 2008648, 1, 0, 0
186005, 2021377, 1, 0, 0
187000, 1951321, 1, 0, 0
188008, 2036257, 1, 0, 0
189006, 2033677, 1, 0, 0
190000, 1821075, 1, 0, 0
191006, 1845856, 1, 0, 0
192010, 1762524, 1, 0, 0
193006, 1811519, 1, 0, 0
194008, 1839831, 1, 0, 0
195010, 2069612, 1, 0, 0
196000, 2109837, 1, 0, 0
197012, 2454960, 1, 0, 0
198010, 2162328, 1, 0, 0
199000, 2168635, 1, 0, 0
200011, 2136302, 1, 0, 0
201002, 2143957, 1, 0, 0
202000, 1513739, 1, 0, 0
203005, 1387109, 1, 0, 0
204000, 1291757, 1, 0, 0
205000, 1320157, 1, 0, 0
206001, 1737271, 1, 0, 0
207000, 1850801, 1, 0, 0
208003, 2228917, 1, 0, 0
209007, 2199273, 1, 0, 0
210000, 1997380, 1, 0, 0
211000, 1175508, 1, 0, 0
212000, 1146309, 1, 0, 0
213006, 1126477, 1, 0, 0
214000, 979802, 1, 0, 0
215000, 478794, 1, 0, 0
216000, 461597, 1, 0, 0
217000, 459063, 1, 0, 0
218010, 802461, 1, 0, 0
219010, 2205982, 1, 0, 0
220008, 2100319, 1, 0, 0
221006, 2172935, 1, 0, 0
222007, 2145281, 1, 0, 0
223008, 2052438, 1, 0, 0
224000, 1790023, 1, 0, 0
225000, 1501031, 1, 0, 0
226000, 1291128, 1, 0, 0
227000, 1321101, 1, 0, 0
228008, 1351186, 1, 0, 0
229000, 1728011, 1, 0, 0
230006, 2117055, 1, 0, 0
231002, 2148737, 1, 0, 0
232000, 1361951, 1, 0, 0
233000, 1112916, 1, 0, 0
234003, 1075184, 1, 0, 0
235000, 972143, 1, 0, 0
236000, 479855, 1, 0, 0
237000, 461153, 1, 0, 0
238000, 462103, 1, 0, 0
239000, 477245, 1, 0, 0
240000, 461461, 1, 0, 0
241000, 462622, 1, 0, 0
242000, 881559, 1, 0, 0
243000, 2045656, 1, 0, 0
244002, 1935179, 1, 0, 0
245006, 1983636, 1, 0, 0
246002, 1797528, 1, 0, 0
247001, 1632017, 1, 0, 0
248000, 1667271, 1, 0, 0
249000, 1657792, 1, 0, 0
250001, 1624269, 1, 0, 0
251025, 685988, 1, 0, 0
252000, 474793, 1, 0, 0
253000, 466121, 1, 0, 0
254000, 489678, 1, 0, 0
255004, 871033, 1, 0, 0
256003, 771448, 1, 0, 0
257000, 615659, 1, 0, 0
258001, 650350, 1, 0, 0
259000, 766397, 1, 0, 0
260006, 733304, 1, 0, 0
261004, 809748, 1, 0, 0
262000, 828924, 1, 0, 0
263000, 1153401, 1, 0, 0
264004, 1219977, 1, 0, 0
265000, 1000073, 1, 0, 0
266000, 939337, 1, 0, 0
267000, 1020718, 1, 0, 0
268001, 1037642, 1, 0, 0
269007, 957710, 1, 0, 0
270019, 876487, 1, 0, 0
271000, 945560, 1, 0, 0
272005, 932880, 1, 0, 0
273000, 924604, 1, 0, 0
274000, 737349, 1, 0, 0
275000, 850139, 1, 0, 0
276005, 971624, 1, 0, 0
277006, 824250, 1, 0, 0
278003, 838774, 1, 0, 0
279000, 830019, 1, 0, 0
280003, 832806, 1, 0, 0
281003, 883309, 1, 0, 0
282003, 841485, 1, 0, 0
283002, 831549, 1, 0, 0
284000, 773608, 1, 0, 0
285004, 821704, 1, 0, 0
286000, 917936, 1, 0, 0
287003, 843803, 1, 0, 0
288000, 883029, 1, 0, 0
289000, 870954, 1, 0, 0
290000, 802655, 1, 0, 0
291003, 772345, 1, 0, 0
292000, 1355948, 1, 0, 0
293001, 1339449, 1, 0, 0
294000, 1318454, 1, 0, 0
295009, 1351574, 1, 0, 0
296001, 1328141, 1, 0, 0
297000, 1864255, 1, 0, 0
298011, 2008160, 1, 0, 0
299006, 1916253, 1, 0, 0
300009, 1957334, 1, 0, 0
301000, 2024275, 1, 0, 0
302010, 1897990, 1, 0, 0
303008, 1639046, 1, 0, 0
304005, 1512631, 1, 0, 0
305005, 1443174, 1, 0, 0
306000, 1394296, 1, 0, 0
307002, 1575582, 1, 0, 0
308004, 1825303, 1, 0, 0
309000, 1984693, 1, 0, 0
310000, 2067855, 1, 0, 0
311012, 2022357, 1, 0, 0
312005, 2078071, 1, 0, 0
313000, 931331, 1, 0, 0
314000, 819579, 1, 0, 0
315000, 799849, 1, 0, 0
316000, 803097, 1, 0, 0
317008, 894306, 1, 0, 0
318000, 1314410, 1, 0, 0
319000, 1342504, 1, 0, 0
320008, 1335961, 1, 0, 0
321010, 1305322, 1, 0, 0
322000, 940997, 1, 0, 0
323000, 962155, 1, 0, 0
324000, 1026240, 1, 0, 0
325000, 1118337, 1, 0, 0
326000, 2024400, 1, 0, 0
327002, 2071252, 1, 0, 0
328010, 2018259, 1, 0, 0
329003, 2157972, 1, 0, 0
330004, 1784885, 1, 0, 0
331000, 599774, 1, 0, 0
332000, 477556, 1, 0, 0
333000, 465210, 1, 0, 0
334000, 460591, 1, 0, 0
335000, 536607, 1, 0, 0
336000, 665280, 1, 0, 0
337002, 627575, 1, 0, 0
338000, 544519, 1, 0, 0
339000, 612835, 1, 0, 0
340000, 697311, 1, 0, 0
341001, 678389, 1, 0, 0
342000, 698806, 1, 0, 0
343000, 779612, 1, 0, 0
344001, 904776, 1, 0, 0
345000, 904162, 1, 0, 0
346001, 793628, 1, 0, 0
347003, 838769, 1, 0, 0
348007, 822499, 1, 0, 0
349000, 882477, 1, 0, 0
350000, 950572, 1, 0, 0
351000, 924080, 1, 0, 0
352000, 786150, 1, 0, 0
353003, 811577, 1, 0, 0
354000, 995166, 1, 0, 0
355000, 898344, 1, 0, 0
356000, 866324, 1, 0, 0
357000, 944062, 1, 0, 0
358006, 1315782, 1, 0, 0
359007, 1267166, 1, 0, 0
360002, 1257526, 1, 0, 0
360002, 12483873, 1, 0, 0
