1000, 12463, 0, 0, 0
2000, 11941, 0, 0, 0
3000, 12376, 0, 0, 0
4000, 12334, 0, 0, 0
5000, 12371, 0, 0, 0
6001, 12319, 0, 0, 0
7001, 11553, 0, 0, 0
8000, 11707, 0, 0, 0
9000, 9311, 0, 0, 0
10000, 6968, 0, 0, 0
11000, 6696, 0, 0, 0
12000, 6482, 0, 0, 0
13000, 11711, 0, 0, 0
14001, 11826, 0, 0, 0
15000, 11610, 0, 0, 0
16000, 10846, 0, 0, 0
17001, 11597, 0, 0, 0
18001, 12131, 0, 0, 0
19000, 11929, 0, 0, 0
20002, 11330, 0, 0, 0
21000, 11996, 0, 0, 0
22001, 11103, 0, 0, 0
23000, 12111, 0, 0, 0
24000, 11650, 0, 0, 0
25000, 11364, 0, 0, 0
26000, 11563, 0, 0, 0
27000, 12112, 0, 0, 0
28000, 11955, 0, 0, 0
29000, 11653, 0, 0, 0
30000, 12126, 0, 0, 0
31000, 12121, 0, 0, 0
32001, 12451, 0, 0, 0
33000, 12125, 0, 0, 0
34001, 12187, 0, 0, 0
35000, 10765, 0, 0, 0
36000, 11696, 0, 0, 0
37000, 11250, 0, 0, 0
38001, 11663, 0, 0, 0
39001, 11922, 0, 0, 0
40002, 11678, 0, 0, 0
41000, 11545, 0, 0, 0
42001, 11426, 0, 0, 0
43001, 11345, 0, 0, 0
44001, 12017, 0, 0, 0
45001, 12412, 0, 0, 0
46000, 12178, 0, 0, 0
47000, 12328, 0, 0, 0
48001, 12040, 0, 0, 0
49001, 12327, 0, 0, 0
50000, 11784, 0, 0, 0
51001, 12420, 0, 0, 0
52000, 11763, 0, 0, 0
53000, 12216, 0, 0, 0
54000, 12244, 0, 0, 0
55000, 12087, 0, 0, 0
56000, 12064, 0, 0, 0
57001, 11944, 0, 0, 0
58001, 11987, 0, 0, 0
59000, 12197, 0, 0, 0
60001, 12217, 0, 0, 0
61000, 11703, 0, 0, 0
62001, 12490, 0, 0, 0
63000, 11990, 0, 0, 0
64000, 12123, 0, 0, 0
65000, 11602, 0, 0, 0
66000, 11711, 0, 0, 0
67000, 12089, 0, 0, 0
68000, 12282, 0, 0, 0
69000, 11701, 0, 0, 0
70000, 12278, 0, 0, 0
71001, 11878, 0, 0, 0
72000, 12506, 0, 0, 0
73001, 12130, 0, 0, 0
74000, 12354, 0, 0, 0
75001, 11997, 0, 0, 0
76000, 12462, 0, 0, 0
77001, 12122, 0, 0, 0
78010, 12780, 0, 0, 0
79000, 12561, 0, 0, 0
80001, 12654, 0, 0, 0
81001, 12306, 0, 0, 0
82000, 12528, 0, 0, 0
83000, 12379, 0, 0, 0
84000, 12786, 0, 0, 0
85000, 12336, 0, 0, 0
86001, 12384, 0, 0, 0
87001, 12197, 0, 0, 0
88000, 12559, 0, 0, 0
89000, 11732, 0, 0, 0
90001, 12072, 0, 0, 0
91001, 12037, 0, 0, 0
92000, 12390, 0, 0, 0
93023, 12712, 0, 0, 0
94000, 12787, 0, 0, 0
95000, 12430, 0, 0, 0
96000, 12743, 0, 0, 0
97003, 11910, 0, 0, 0
98002, 12070, 0, 0, 0
99000, 12386, 0, 0, 0
100000, 12795, 0, 0, 0
101000, 12608, 0, 0, 0
102029, 12311, 0, 0, 0
103001, 12622, 0, 0, 0
104000, 11890, 0, 0, 0
105000, 7260, 0, 0, 0
106000, 6989, 0, 0, 0
107000, 7577, 0, 0, 0
108000, 6687, 0, 0, 0
109000, 8978, 0, 0, 0
110000, 11370, 0, 0, 0
111001, 10507, 0, 0, 0
112002, 10332, 0, 0, 0
113001, 11079, 0, 0, 0
114000, 12162, 0, 0, 0
115000, 11908, 0, 0, 0
116000, 11426, 0, 0, 0
117001, 12316, 0, 0, 0
118000, 11538, 0, 0, 0
119000, 10685, 0, 0, 0
120000, 10802, 0, 0, 0
121000, 12356, 0, 0, 0
122000, 12446, 0, 0, 0
123001, 12227, 0, 0, 0
124000, 12303, 0, 0, 0
125001, 12004, 0, 0, 0
126001, 12534, 0, 0, 0
127000, 12645, 0, 0, 0
128000, 12148, 0, 0, 0
129000, 11895, 0, 0, 0
130001, 12071, 0, 0, 0
131001, 12432, 0, 0, 0
132001, 12039, 0, 0, 0
133001, 12668, 0, 0, 0
134000, 12300, 0, 0, 0
135000, 12780, 0, 0, 0
136000, 12274, 0, 0, 0
137000, 12156, 0, 0, 0
138000, 11807, 0, 0, 0
139000, 12024, 0, 0, 0
140000, 11749, 0, 0, 0
141001, 11974, 0, 0, 0
142000, 11259, 0, 0, 0
143001, 11878, 0, 0, 0
144000, 11998, 0, 0, 0
145000, 11990, 0, 0, 0
146001, 12183, 0, 0, 0
147000, 12265, 0, 0, 0
148001, 12134, 0, 0, 0
149001, 12296, 0, 0, 0
150000, 12117, 0, 0, 0
151000, 12397, 0, 0, 0
152000, 12183, 0, 0, 0
153000, 11942, 0, 0, 0
154002, 11799, 0, 0, 0
155000, 11616, 0, 0, 0
156000, 10796, 0, 0, 0
157000, 11976, 0, 0, 0
158000, 12505, 0, 0, 0
159000, 12237, 0, 0, 0
160000, 12077, 0, 0, 0
161001, 12359, 0, 0, 0
162000, 12403, 0, 0, 0
163001, 12124, 0, 0, 0
164000, 12406, 0, 0, 0
165000, 12416, 0, 0, 0
166000, 12638, 0, 0, 0
167000, 12586, 0, 0, 0
168000, 11808, 0, 0, 0
169001, 12070, 0, 0, 0
170000, 12415, 0, 0, 0
171002, 12416, 0, 0, 0
172000, 12697, 0, 0, 0
173001, 12049, 0, 0, 0
174001, 12254, 0, 0, 0
175000, 12387, 0, 0, 0
176002, 12592, 0, 0, 0
177001, 11858, 0, 0, 0
178000, 11972, 0, 0, 0
179001, 12074, 0, 0, 0
180000, 11405, 0, 0, 0
181014, 11949, 0, 0, 0
182000, 11725, 0, 0, 0
183001, 12282, 0, 0, 0
184000, 12094, 0, 0, 0
185001, 12151, 0, 0, 0
186001, 12233, 0, 0, 0
187001, 12226, 0, 0, 0
188014, 12459, 0, 0, 0
189000, 13029, 0, 0, 0
190001, 12818, 0, 0, 0
191000, 12211, 0, 0, 0
192001, 12485, 0, 0, 0
193000, 12780, 0, 0, 0
194000, 12553, 0, 0, 0
195000, 12706, 0, 0, 0
196001, 12587, 0, 0, 0
197000, 12502, 0, 0, 0
198000, 13041, 0, 0, 0
199000, 12226, 0, 0, 0
200001, 12589, 0, 0, 0
201000, 12497, 0, 0, 0
202000, 11946, 0, 0, 0
203001, 12134, 0, 0, 0
204000, 12305, 0, 0, 0
205000, 12476, 0, 0, 0
206000, 12429, 0, 0, 0
207000, 12144, 0, 0, 0
208001, 12360, 0, 0, 0
209000, 11588, 0, 0, 0
210001, 11390, 0, 0, 0
211000, 11513, 0, 0, 0
212000, 11937, 0, 0, 0
213000, 11447, 0, 0, 0
214001, 11942, 0, 0, 0
215000, 12450, 0, 0, 0
216000, 12112, 0, 0, 0
217000, 11972, 0, 0, 0
218000, 12399, 0, 0, 0
219000, 12348, 0, 0, 0
220001, 12814, 0, 0, 0
221001, 12244, 0, 0, 0
222001, 12312, 0, 0, 0
223001, 12064, 0, 0, 0
224000, 12133, 0, 0, 0
225000, 12073, 0, 0, 0
226000, 12176, 0, 0, 0
227001, 12220, 0, 0, 0
228000, 11923, 0, 0, 0
229000, 12146, 0, 0, 0
230000, 12318, 0, 0, 0
231000, 12298, 0, 0, 0
232000, 12548, 0, 0, 0
233000, 11100, 0, 0, 0
234000, 11884, 0, 0, 0
235000, 12111, 0, 0, 0
236001, 12282, 0, 0, 0
237000, 11773, 0, 0, 0
238001, 12692, 0, 0, 0
239000, 12629, 0, 0, 0
240000, 12663, 0, 0, 0
241000, 12474, 0, 0, 0
242001, 13027, 0, 0, 0
243000, 12231, 0, 0, 0
244000, 12585, 0, 0, 0
245000, 12615, 0, 0, 0
246000, 12438, 0, 0, 0
247000, 11588, 0, 0, 0
248000, 11691, 0, 0, 0
249000, 7086, 0, 0, 0
250000, 6590, 0, 0, 0
251000, 6901, 0, 0, 0
252001, 12422, 0, 0, 0
253000, 12225, 0, 0, 0
254002, 11818, 0, 0, 0
255000, 11048, 0, 0, 0
256023, 7952, 0, 0, 0
257000, 7036, 0, 0, 0
258000, 6999, 0, 0, 0
259000, 6735, 0, 0, 0
260000, 9760, 0, 0, 0
261000, 8982, 0, 0, 0
262001, 10934, 0, 0, 0
263001, 11155, 0, 0, 0
264000, 10495, 0, 0, 0
265000, 10768, 0, 0, 0
266000, 11162, 0, 0, 0
267000, 11583, 0, 0, 0
268003, 11613, 0, 0, 0
269000, 12130, 0, 0, 0
270000, 11957, 0, 0, 0
271000, 11864, 0, 0, 0
272000, 12124, 0, 0, 0
273001, 12396, 0, 0, 0
274000, 11999, 0, 0, 0
275000, 11962, 0, 0, 0
276000, 11845, 0, 0, 0
277001, 11843, 0, 0, 0
278001, 12111, 0, 0, 0
279000, 11959, 0, 0, 0
280000, 12053, 0, 0, 0
281000, 11883, 0, 0, 0
282000, 12387, 0, 0, 0
283000, 11030, 0, 0, 0
284000, 12129, 0, 0, 0
285001, 11834, 0, 0, 0
286000, 11949, 0, 0, 0
287000, 11413, 0, 0, 0
288000, 11791, 0, 0, 0
289001, 11924, 0, 0, 0
290001, 12116, 0, 0, 0
291001, 12354, 0, 0, 0
292000, 11563, 0, 0, 0
293000, 11630, 0, 0, 0
294000, 10236, 0, 0, 0
295000, 11477, 0, 0, 0
296001, 12729, 0, 0, 0
297000, 12001, 0, 0, 0
298000, 12325, 0, 0, 0
299000, 12592, 0, 0, 0
300000, 11925, 0, 0, 0
301001, 12045, 0, 0, 0
302000, 12121, 0, 0, 0
303000, 12434, 0, 0, 0
304001, 11671, 0, 0, 0
305000, 11788, 0, 0, 0
306001, 11656, 0, 0, 0
307001, 11917, 0, 0, 0
308000, 12091, 0, 0, 0
309000, 12831, 0, 0, 0
310028, 12269, 0, 0, 0
311000, 11591, 0, 0, 0
312001, 12349, 0, 0, 0
313001, 11585, 0, 0, 0
314000, 11976, 0, 0, 0
315001, 12029, 0, 0, 0
316000, 12221, 0, 0, 0
317000, 12101, 0, 0, 0
318000, 12146, 0, 0, 0
319000, 11869, 0, 0, 0
320027, 11567, 0, 0, 0
321000, 12648, 0, 0, 0
322000, 11965, 0, 0, 0
323000, 12144, 0, 0, 0
324000, 12825, 0, 0, 0
325001, 12853, 0, 0, 0
326000, 12512, 0, 0, 0
327000, 12259, 0, 0, 0
328000, 12687, 0, 0, 0
329001, 12190, 0, 0, 0
330000, 13534, 0, 0, 0
331002, 13222, 0, 0, 0
332025, 12231, 0, 0, 0
333001, 12586, 0, 0, 0
334001, 12608, 0, 0, 0
335000, 12561, 0, 0, 0
336001, 12411, 0, 0, 0
337000, 12001, 0, 0, 0
338001, 12142, 0, 0, 0
339000, 12001, 0, 0, 0
340000, 12225, 0, 0, 0
341000, 12316, 0, 0, 0
342000, 12774, 0, 0, 0
343001, 12289, 0, 0, 0
344000, 12669, 0, 0, 0
345000, 12471, 0, 0, 0
346000, 12045, 0, 0, 0
347000, 10914, 0, 0, 0
348001, 7310, 0, 0, 0
349000, 6731, 0, 0, 0
350001, 6733, 0, 0, 0
351000, 6859, 0, 0, 0
352001, 6602, 0, 0, 0
353001, 7202, 0, 0, 0
354000, 11241, 0, 0, 0
355000, 11622, 0, 0, 0
356000, 11379, 0, 0, 0
357000, 11860, 0, 0, 0
358000, 12097, 0, 0, 0
359000, 11111, 0, 0, 0
360001, 12001, 0, 0, 0
