1001, 535699, 0, 0, 0
2000, 494439, 0, 0, 0
3000, 514375, 0, 0, 0
4001, 447985, 0, 0, 0
5000, 433446, 0, 0, 0
6000, 488902, 0, 0, 0
7001, 447965, 0, 0, 0
8000, 424955, 0, 0, 0
9002, 477851, 0, 0, 0
10000, 452964, 0, 0, 0
11000, 435546, 0, 0, 0
12002, 482448, 0, 0, 0
13001, 490509, 0, 0, 0
14002, 504342, 0, 0, 0
15001, 563242, 0, 0, 0
16000, 592286, 0, 0, 0
17000, 595690, 0, 0, 0
18021, 668458, 0, 0, 0
19001, 645978, 0, 0, 0
20000, 528306, 0, 0, 0
21000, 546556, 0, 0, 0
22001, 498725, 0, 0, 0
23000, 451500, 0, 0, 0
24001, 454516, 0, 0, 0
25001, 437215, 0, 0, 0
26000, 434261, 0, 0, 0
27000, 494014, 0, 0, 0
28000, 508041, 0, 0, 0
29000, 423507, 0, 0, 0
30000, 460847, 0, 0, 0
31000, 505267, 0, 0, 0
32001, 382472, 0, 0, 0
33000, 516720, 0, 0, 0
34001, 493294, 0, 0, 0
35000, 487185, 0, 0, 0
36003, 545338, 0, 0, 0
37001, 477036, 0, 0, 0
38001, 607999, 0, 0, 0
39001, 534091, 0, 0, 0
40000, 588624, 0, 0, 0
41002, 555039, 0, 0, 0
42000, 657378, 0, 0, 0
43000, 504612, 0, 0, 0
44002, 537463, 0, 0, 0
45000, 511369, 0, 0, 0
46000, 512955, 0, 0, 0
47000, 496634, 0, 0, 0
48001, 498539, 0, 0, 0
49001, 480673, 0, 0, 0
50001, 496688, 0, 0, 0
51001, 508887, 0, 0, 0
52000, 520732, 0, 0, 0
53001, 488026, 0, 0, 0
54000, 481476, 0, 0, 0
55001, 558715, 0, 0, 0
56000, 507195, 0, 0, 0
57000, 508114, 0, 0, 0
58000, 490124, 0, 0, 0
59000, 527281, 0, 0, 0
60000, 448375, 0, 0, 0
61000, 464048, 0, 0, 0
62000, 516829, 0, 0, 0
63000, 496155, 0, 0, 0
64000, 449751, 0, 0, 0
65000, 529623, 0, 0, 0
66000, 479032, 0, 0, 0
67000, 512777, 0, 0, 0
68000, 481817, 0, 0, 0
69000, 433845, 0, 0, 0
70000, 438340, 0, 0, 0
71002, 487814, 0, 0, 0
72000, 433255, 0, 0, 0
73001, 426075, 0, 0, 0
74000, 469304, 0, 0, 0
75000, 431678, 0, 0, 0
76000, 444088, 0, 0, 0
77001, 526841, 0, 0, 0
78001, 493329, 0, 0, 0
79000, 411972, 0, 0, 0
80001, 495012, 0, 0, 0
81000, 515256, 0, 0, 0
82000, 408613, 0, 0, 0
83000, 529099, 0, 0, 0
84000, 508453, 0, 0, 0
85000, 408289, 0, 0, 0
86000, 582838, 0, 0, 0
87000, 574862, 0, 0, 0
88001, 581342, 0, 0, 0
89001, 569383, 0, 0, 0
90000, 532858, 0, 0, 0
91000, 659101, 0, 0, 0
92001, 533563, 0, 0, 0
93001, 578644, 0, 0, 0
94000, 699735, 0, 0, 0
95001, 534823, 0, 0, 0
96000, 520830, 0, 0, 0
97001, 515722, 0, 0, 0
98001, 505494, 0, 0, 0
99000, 506972, 0, 0, 0
100001, 473687, 0, 0, 0
101000, 419453, 0, 0, 0
102000, 420487, 0, 0, 0
103000, 426951, 0, 0, 0
104001, 409941, 0, 0, 0
105000, 415739, 0, 0, 0
106000, 510760, 0, 0, 0
107000, 482693, 0, 0, 0
108000, 412884, 0, 0, 0
109000, 505317, 0, 0, 0
110000, 438385, 0, 0, 0
111000, 414270, 0, 0, 0
112000, 536088, 0, 0, 0
113000, 480395, 0, 0, 0
114000, 508097, 0, 0, 0
115000, 458595, 0, 0, 0
116001, 499226, 0, 0, 0
117000, 482220, 0, 0, 0
118000, 417132, 0, 0, 0
119000, 562354, 0, 0, 0
120001, 511368, 0, 0, 0
121000, 564392, 0, 0, 0
122000, 580663, 0, 0, 0
123000, 562453, 0, 0, 0
124000, 615439, 0, 0, 0
125000, 608653, 0, 0, 0
126000, 591166, 0, 0, 0
127000, 536522, 0, 0, 0
128001, 524685, 0, 0, 0
129001, 530639, 0, 0, 0
130000, 563515, 0, 0, 0
131001, 548407, 0, 0, 0
132001, 563815, 0, 0, 0
133000, 546776, 0, 0, 0
134001, 533407, 0, 0, 0
135000, 551650, 0, 0, 0
136000, 462491, 0, 0, 0
137000, 484079, 0, 0, 0
138000, 482966, 0, 0, 0
139000, 453818, 0, 0, 0
140000, 480192, 0, 0, 0
141000, 515748, 0, 0, 0
142001, 501644, 0, 0, 0
143001, 490277, 0, 0, 0
144000, 510467, 0, 0, 0
145000, 473619, 0, 0, 0
146000, 539264, 0, 0, 0
147000, 620780, 0, 0, 0
148000, 561030, 0, 0, 0
149000, 556701, 0, 0, 0
150000, 551173, 0, 0, 0
151001, 522417, 0, 0, 0
152001, 434816, 0, 0, 0
153000, 501174, 0, 0, 0
154000, 488559, 0, 0, 0
155000, 483208, 0, 0, 0
156001, 486015, 0, 0, 0
157000, 522987, 0, 0, 0
158000, 505089, 0, 0, 0
159000, 514693, 0, 0, 0
160001, 488760, 0, 0, 0
161001, 475377, 0, 0, 0
162015, 495513, 0, 0, 0
163000, 492651, 0, 0, 0
164000, 476398, 0, 0, 0
165001, 497006, 0, 0, 0
166000, 470995, 0, 0, 0
167001, 463598, 0, 0, 0
168000, 495806, 0, 0, 0
169000, 468398, 0, 0, 0
170000, 511592, 0, 0, 0
171001, 548494, 0, 0, 0
172000, 523330, 0, 0, 0
173001, 531268, 0, 0, 0
174000, 529523, 0, 0, 0
175000, 484789, 0, 0, 0
176001, 446788, 0, 0, 0
177000, 432880, 0, 0, 0
178001, 526703, 0, 0, 0
179000, 529402, 0, 0, 0
180000, 515422, 0, 0, 0
181000, 457862, 0, 0, 0
182000, 439681, 0, 0, 0
183000, 418985, 0, 0, 0
184000, 519356, 0, 0, 0
185000, 503817, 0, 0, 0
186001, 458356, 0, 0, 0
187000, 555601, 0, 0, 0
188002, 588677, 0, 0, 0
189000, 803144, 0, 0, 0
190000, 698510, 0, 0, 0
191000, 701798, 0, 0, 0
192000, 516685, 0, 0, 0
193000, 489183, 0, 0, 0
194001, 448093, 0, 0, 0
195000, 541971, 0, 0, 0
196000, 507489, 0, 0, 0
197000, 567770, 0, 0, 0
198000, 561458, 0, 0, 0
199000, 495921, 0, 0, 0
200000, 466913, 0, 0, 0
201000, 466964, 0, 0, 0
202000, 443534, 0, 0, 0
203000, 449019, 0, 0, 0
204000, 433316, 0, 0, 0
205000, 410713, 0, 0, 0
206001, 497947, 0, 0, 0
207001, 580969, 0, 0, 0
208000, 585138, 0, 0, 0
209001, 462150, 0, 0, 0
210000, 475378, 0, 0, 0
211000, 414605, 0, 0, 0
212001, 750791, 0, 0, 0
213000, 666943, 0, 0, 0
214002, 607258, 0, 0, 0
215000, 641613, 0, 0, 0
216001, 592762, 0, 0, 0
217000, 563128, 0, 0, 0
218000, 553652, 0, 0, 0
219001, 573380, 0, 0, 0
220000, 527264, 0, 0, 0
221001, 532527, 0, 0, 0
222000, 619820, 0, 0, 0
223000, 531879, 0, 0, 0
224000, 576001, 0, 0, 0
225000, 655054, 0, 0, 0
226000, 548897, 0, 0, 0
227001, 552075, 0, 0, 0
228000, 521540, 0, 0, 0
229000, 476991, 0, 0, 0
230000, 461783, 0, 0, 0
231000, 468919, 0, 0, 0
232000, 491203, 0, 0, 0
233002, 460209, 0, 0, 0
234001, 461742, 0, 0, 0
235000, 510063, 0, 0, 0
236000, 458245, 0, 0, 0
237000, 479287, 0, 0, 0
238000, 470044, 0, 0, 0
239000, 432517, 0, 0, 0
240000, 476262, 0, 0, 0
241000, 439998, 0, 0, 0
242000, 424980, 0, 0, 0
243000, 479208, 0, 0, 0
244000, 477501, 0, 0, 0
245001, 467964, 0, 0, 0
246000, 500923, 0, 0, 0
247000, 570563, 0, 0, 0
248001, 545308, 0, 0, 0
249001, 707578, 0, 0, 0
250000, 784320, 0, 0, 0
251000, 934894, 0, 0, 0
252000, 862935, 0, 0, 0
253001, 681670, 0, 0, 0
254000, 744356, 0, 0, 0
255002, 666389, 0, 0, 0
256000, 547734, 0, 0, 0
257002, 566993, 0, 0, 0
258001, 579049, 0, 0, 0
259000, 540794, 0, 0, 0
260000, 552764, 0, 0, 0
261000, 520532, 0, 0, 0
262000, 524280, 0, 0, 0
263000, 410625, 0, 0, 0
264000, 513795, 0, 0, 0
265000, 487513, 0, 0, 0
266000, 407963, 0, 0, 0
267002, 746778, 0, 0, 0
268000, 779103, 0, 0, 0
269000, 758011, 0, 0, 0
270000, 749965, 0, 0, 0
271000, 1038121, 0, 0, 0
272001, 1124082, 0, 0, 0
273000, 716757, 0, 0, 0
274000, 727066, 0, 0, 0
275001, 600911, 0, 0, 0
276000, 523529, 0, 0, 0
277000, 493541, 0, 0, 0
278001, 489298, 0, 0, 0
279001, 500461, 0, 0, 0
280001, 496535, 0, 0, 0
281000, 582490, 0, 0, 0
282002, 536079, 0, 0, 0
283000, 490467, 0, 0, 0
284001, 472109, 0, 0, 0
285000, 490039, 0, 0, 0
286000, 500229, 0, 0, 0
287000, 524384, 0, 0, 0
288002, 524652, 0, 0, 0
289000, 490566, 0, 0, 0
290000, 537065, 0, 0, 0
291000, 529874, 0, 0, 0
292000, 525346, 0, 0, 0
293000, 575851, 0, 0, 0
294000, 504066, 0, 0, 0
295000, 523575, 0, 0, 0
296001, 537939, 0, 0, 0
297000, 656591, 0, 0, 0
298001, 485692, 0, 0, 0
299001, 533885, 0, 0, 0
300000, 572956, 0, 0, 0
301000, 464752, 0, 0, 0
302001, 441388, 0, 0, 0
303000, 488468, 0, 0, 0
304001, 477276, 0, 0, 0
305000, 457016, 0, 0, 0
306000, 497761, 0, 0, 0
307001, 469625, 0, 0, 0
308000, 458064, 0, 0, 0
309000, 470929, 0, 0, 0
310001, 482388, 0, 0, 0
311001, 479916, 0, 0, 0
312000, 484826, 0, 0, 0
313000, 457443, 0, 0, 0
314000, 480340, 0, 0, 0
315000, 494386, 0, 0, 0
316000, 482519, 0, 0, 0
317000, 485741, 0, 0, 0
318000, 524133, 0, 0, 0
319000, 492126, 0, 0, 0
320000, 463786, 0, 0, 0
321000, 448421, 0, 0, 0
322000, 426925, 0, 0, 0
323001, 446964, 0, 0, 0
324000, 483638, 0, 0, 0
325001, 438615, 0, 0, 0
326001, 480412, 0, 0, 0
327001, 480952, 0, 0, 0
328001, 456634, 0, 0, 0
329000, 463141, 0, 0, 0
330001, 531291, 0, 0, 0
331001, 493494, 0, 0, 0
332000, 488896, 0, 0, 0
333000, 522039, 0, 0, 0
334001, 503837, 0, 0, 0
335001, 483561, 0, 0, 0
336000, 518125, 0, 0, 0
337000, 488751, 0, 0, 0
338000, 465235, 0, 0, 0
339000, 512445, 0, 0, 0
340001, 485519, 0, 0, 0
341005, 462870, 0, 0, 0
342000, 435923, 0, 0, 0
343001, 458619, 0, 0, 0
344001, 447466, 0, 0, 0
345001, 443753, 0, 0, 0
346000, 436589, 0, 0, 0
347001, 478868, 0, 0, 0
348000, 453759, 0, 0, 0
349000, 430654, 0, 0, 0
350001, 493992, 0, 0, 0
351000, 444118, 0, 0, 0
352001, 453564, 0, 0, 0
353000, 487901, 0, 0, 0
354001, 467310, 0, 0, 0
355000, 451326, 0, 0, 0
356000, 463379, 0, 0, 0
357000, 431120, 0, 0, 0
358000, 488511, 0, 0, 0
359000, 483708, 0, 0, 0
360000, 478149, 0, 0, 0
