1000, 505369, 0, 0, 0
2002, 498599, 0, 0, 0
3000, 469530, 0, 0, 0
4000, 163409, 0, 0, 0
5000, 105435, 0, 0, 0
6001, 109533, 0, 0, 0
7000, 108844, 0, 0, 0
8000, 106052, 0, 0, 0
9000, 106005, 0, 0, 0
10000, 102272, 0, 0, 0
11000, 103951, 0, 0, 0
12000, 103303, 0, 0, 0
13000, 103536, 0, 0, 0
14000, 116554, 0, 0, 0
15000, 171146, 0, 0, 0
16000, 135458, 0, 0, 0
17001, 134133, 0, 0, 0
18000, 134402, 0, 0, 0
19000, 131770, 0, 0, 0
20000, 126985, 0, 0, 0
21000, 126881, 0, 0, 0
22000, 125624, 0, 0, 0
23000, 130021, 0, 0, 0
24001, 132160, 0, 0, 0
25000, 158142, 0, 0, 0
26000, 132508, 0, 0, 0
27001, 145683, 0, 0, 0
28000, 145659, 0, 0, 0
29000, 134575, 0, 0, 0
30000, 129872, 0, 0, 0
31000, 130462, 0, 0, 0
32000, 128049, 0, 0, 0
33000, 131326, 0, 0, 0
34001, 129901, 0, 0, 0
35000, 158803, 0, 0, 0
36001, 135023, 0, 0, 0
37000, 137005, 0, 0, 0
38000, 145812, 0, 0, 0
39001, 176674, 0, 0, 0
40000, 147124, 0, 0, 0
41000, 144448, 0, 0, 0
42000, 148093, 0, 0, 0
43000, 147210, 0, 0, 0
44000, 140813, 0, 0, 0
45001, 171246, 0, 0, 0
46000, 152188, 0, 0, 0
47001, 149387, 0, 0, 0
48000, 177569, 0, 0, 0
49000, 146057, 0, 0, 0
50000, 150746, 0, 0, 0
51000, 141630, 0, 0, 0
52000, 143939, 0, 0, 0
53000, 146878, 0, 0, 0
54000, 162080, 0, 0, 0
55000, 164737, 0, 0, 0
56001, 386592, 0, 0, 0
57000, 520726, 0, 0, 0
58000, 459953, 0, 0, 0
59001, 641950, 0, 0, 0
60000, 651168, 0, 0, 0
61000, 713841, 0, 0, 0
62000, 189309, 0, 0, 0
63000, 140617, 0, 0, 0
64000, 142183, 0, 0, 0
65000, 243655, 0, 0, 0
66000, 162266, 0, 0, 0
67000, 161448, 0, 0, 0
68000, 154982, 0, 0, 0
69000, 154279, 0, 0, 0
70000, 154104, 0, 0, 0
71000, 251664, 0, 0, 0
72000, 367224, 0, 0, 0
73000, 162893, 0, 0, 0
74000, 158980, 0, 0, 0
75000, 151233, 0, 0, 0
76000, 154573, 0, 0, 0
77000, 156404, 0, 0, 0
78000, 177912, 0, 0, 0
79000, 159031, 0, 0, 0
80000, 185644, 0, 0, 0
81000, 250810, 0, 0, 0
82001, 189119, 0, 0, 0
83001, 193978, 0, 0, 0
84000, 217733, 0, 0, 0
85000, 194211, 0, 0, 0
86000, 186967, 0, 0, 0
87000, 171955, 0, 0, 0
88000, 174083, 0, 0, 0
89001, 172676, 0, 0, 0
90000, 199088, 0, 0, 0
91000, 342348, 0, 0, 0
92000, 531527, 0, 0, 0
93001, 526684, 0, 0, 0
94000, 547952, 0, 0, 0
95000, 503059, 0, 0, 0
96000, 507822, 0, 0, 0
97001, 568679, 0, 0, 0
98001, 488701, 0, 0, 0
99000, 502121, 0, 0, 0
100001, 641951, 0, 0, 0
101000, 538991, 0, 0, 0
102001, 542848, 0, 0, 0
103001, 522790, 0, 0, 0
104000, 544829, 0, 0, 0
105000, 533630, 0, 0, 0
106000, 512320, 0, 0, 0
107000, 505176, 0, 0, 0
108000, 465821, 0, 0, 0
109000, 491735, 0, 0, 0
110000, 470136, 0, 0, 0
111001, 474827, 0, 0, 0
112000, 520465, 0, 0, 0
113000, 538784, 0, 0, 0
114000, 475273, 0, 0, 0
115000, 522216, 0, 0, 0
116001, 512146, 0, 0, 0
117002, 450733, 0, 0, 0
118000, 465565, 0, 0, 0
119001, 483795, 0, 0, 0
120000, 487277, 0, 0, 0
121000, 505880, 0, 0, 0
122000, 497300, 0, 0, 0
123000, 470032, 0, 0, 0
124000, 462761, 0, 0, 0
125000, 427048, 0, 0, 0
126000, 436624, 0, 0, 0
127001, 453797, 0, 0, 0
128000, 437206, 0, 0, 0
129000, 445618, 0, 0, 0
130000, 561815, 0, 0, 0
131001, 586680, 0, 0, 0
132001, 589655, 0, 0, 0
133001, 595531, 0, 0, 0
134000, 583875, 0, 0, 0
135000, 510436, 0, 0, 0
136001, 446143, 0, 0, 0
137000, 491399, 0, 0, 0
138000, 485079, 0, 0, 0
139000, 508899, 0, 0, 0
140001, 238350, 0, 0, 0
141000, 159883, 0, 0, 0
142000, 146195, 0, 0, 0
143000, 152403, 0, 0, 0
144000, 198583, 0, 0, 0
145001, 175083, 0, 0, 0
146000, 159685, 0, 0, 0
147000, 140607, 0, 0, 0
148001, 140826, 0, 0, 0
149000, 140204, 0, 0, 0
150000, 133932, 0, 0, 0
151000, 134573, 0, 0, 0
152000, 134545, 0, 0, 0
153000, 137711, 0, 0, 0
154000, 166762, 0, 0, 0
155001, 278961, 0, 0, 0
156000, 172085, 0, 0, 0
157000, 177825, 0, 0, 0
158001, 177993, 0, 0, 0
159000, 176971, 0, 0, 0
160000, 170522, 0, 0, 0
161000, 202848, 0, 0, 0
162000, 177714, 0, 0, 0
163000, 175398, 0, 0, 0
164000, 189249, 0, 0, 0
165001, 518107, 0, 0, 0
166000, 522138, 0, 0, 0
167000, 474500, 0, 0, 0
168000, 447459, 0, 0, 0
169000, 468525, 0, 0, 0
170000, 476958, 0, 0, 0
171000, 452194, 0, 0, 0
172000, 517874, 0, 0, 0
173000, 480764, 0, 0, 0
174000, 483036, 0, 0, 0
175000, 510284, 0, 0, 0
176001, 503771, 0, 0, 0
177000, 503156, 0, 0, 0
178000, 532855, 0, 0, 0
179000, 521076, 0, 0, 0
180002, 596873, 0, 0, 0
181000, 569160, 0, 0, 0
182001, 557323, 0, 0, 0
183001, 600010, 0, 0, 0
184002, 509824, 0, 0, 0
185000, 584947, 0, 0, 0
186000, 630587, 0, 0, 0
187001, 558735, 0, 0, 0
188000, 519350, 0, 0, 0
189002, 503804, 0, 0, 0
190000, 457210, 0, 0, 0
191000, 476031, 0, 0, 0
192000, 497239, 0, 0, 0
193000, 474127, 0, 0, 0
194001, 492098, 0, 0, 0
195000, 468075, 0, 0, 0
196002, 442086, 0, 0, 0
197002, 464693, 0, 0, 0
198001, 558094, 0, 0, 0
199001, 540923, 0, 0, 0
200000, 567294, 0, 0, 0
201000, 577080, 0, 0, 0
202000, 573891, 0, 0, 0
203000, 627654, 0, 0, 0
204000, 551677, 0, 0, 0
205000, 509239, 0, 0, 0
206001, 508406, 0, 0, 0
207000, 464370, 0, 0, 0
208000, 447071, 0, 0, 0
209000, 456464, 0, 0, 0
210000, 436598, 0, 0, 0
211001, 413949, 0, 0, 0
212000, 458870, 0, 0, 0
213000, 344992, 0, 0, 0
214000, 157633, 0, 0, 0
215000, 145430, 0, 0, 0
216001, 150820, 0, 0, 0
217000, 177672, 0, 0, 0
218000, 144469, 0, 0, 0
219000, 148296, 0, 0, 0
220000, 150825, 0, 0, 0
221000, 147511, 0, 0, 0
222000, 144157, 0, 0, 0
223000, 140094, 0, 0, 0
224000, 142380, 0, 0, 0
225000, 142091, 0, 0, 0
226000, 156141, 0, 0, 0
227000, 149404, 0, 0, 0
228000, 195919, 0, 0, 0
229000, 157536, 0, 0, 0
230000, 160513, 0, 0, 0
231000, 142256, 0, 0, 0
232000, 148865, 0, 0, 0
233000, 138454, 0, 0, 0
234000, 155606, 0, 0, 0
235001, 164155, 0, 0, 0
236000, 164992, 0, 0, 0
237000, 161504, 0, 0, 0
238000, 304178, 0, 0, 0
239000, 534236, 0, 0, 0
240001, 533871, 0, 0, 0
241000, 458063, 0, 0, 0
242000, 476386, 0, 0, 0
243000, 476688, 0, 0, 0
244000, 449126, 0, 0, 0
245001, 487142, 0, 0, 0
246000, 561067, 0, 0, 0
247000, 541235, 0, 0, 0
248000, 186790, 0, 0, 0
249000, 156274, 0, 0, 0
250000, 144958, 0, 0, 0
251000, 146845, 0, 0, 0
252000, 170515, 0, 0, 0
253001, 139992, 0, 0, 0
254000, 138595, 0, 0, 0
255000, 140509, 0, 0, 0
256000, 153905, 0, 0, 0
257000, 154430, 0, 0, 0
258000, 137124, 0, 0, 0
259000, 143531, 0, 0, 0
260000, 141574, 0, 0, 0
261000, 140708, 0, 0, 0
262000, 163805, 0, 0, 0
263000, 150876, 0, 0, 0
264000, 140521, 0, 0, 0
265000, 145175, 0, 0, 0
266000, 157920, 0, 0, 0
267000, 143391, 0, 0, 0
268000, 145482, 0, 0, 0
269000, 150736, 0, 0, 0
270000, 155091, 0, 0, 0
271000, 150571, 0, 0, 0
272000, 150519, 0, 0, 0
273005, 234451, 0, 0, 0
274000, 200173, 0, 0, 0
275000, 185771, 0, 0, 0
276000, 182454, 0, 0, 0
277000, 178729, 0, 0, 0
278000, 180444, 0, 0, 0
279000, 205623, 0, 0, 0
280000, 191842, 0, 0, 0
281000, 195091, 0, 0, 0
282000, 166751, 0, 0, 0
283002, 241787, 0, 0, 0
284000, 204967, 0, 0, 0
285001, 176657, 0, 0, 0
286001, 179768, 0, 0, 0
287000, 181549, 0, 0, 0
288000, 170957, 0, 0, 0
289000, 166020, 0, 0, 0
290000, 170845, 0, 0, 0
291000, 185302, 0, 0, 0
292000, 200314, 0, 0, 0
293000, 256481, 0, 0, 0
294000, 314347, 0, 0, 0
295002, 297998, 0, 0, 0
296001, 450826, 0, 0, 0
297000, 294777, 0, 0, 0
298000, 250464, 0, 0, 0
299000, 282716, 0, 0, 0
300000, 256319, 0, 0, 0
301000, 253711, 0, 0, 0
302000, 245469, 0, 0, 0
303000, 247192, 0, 0, 0
304000, 513232, 0, 0, 0
305002, 466040, 0, 0, 0
306001, 476790, 0, 0, 0
307000, 600273, 0, 0, 0
308000, 508006, 0, 0, 0
309000, 503044, 0, 0, 0
310000, 531940, 0, 0, 0
311000, 496921, 0, 0, 0
312001, 515646, 0, 0, 0
313000, 517074, 0, 0, 0
314000, 515566, 0, 0, 0
315000, 508667, 0, 0, 0
316000, 470745, 0, 0, 0
317000, 567756, 0, 0, 0
318000, 545585, 0, 0, 0
319000, 496160, 0, 0, 0
320000, 440904, 0, 0, 0
321000, 488147, 0, 0, 0
322000, 521648, 0, 0, 0
323001, 528067, 0, 0, 0
324000, 552705, 0, 0, 0
325000, 526808, 0, 0, 0
326000, 575781, 0, 0, 0
327000, 550387, 0, 0, 0
328001, 545634, 0, 0, 0
329000, 654234, 0, 0, 0
330000, 526862, 0, 0, 0
331000, 487808, 0, 0, 0
332001, 509644, 0, 0, 0
333001, 474940, 0, 0, 0
334001, 497710, 0, 0, 0
335001, 534562, 0, 0, 0
336000, 509566, 0, 0, 0
337000, 453504, 0, 0, 0
338000, 459953, 0, 0, 0
339000, 452713, 0, 0, 0
340001, 454159, 0, 0, 0
341001, 468190, 0, 0, 0
342000, 430440, 0, 0, 0
343000, 445918, 0, 0, 0
344000, 617827, 0, 0, 0
345001, 653931, 0, 0, 0
346000, 569196, 0, 0, 0
347000, 703263, 0, 0, 0
348001, 750716, 0, 0, 0
349000, 590155, 0, 0, 0
350001, 534079, 0, 0, 0
351000, 559264, 0, 0, 0
352000, 530095, 0, 0, 0
353000, 572941, 0, 0, 0
354000, 708004, 0, 0, 0
355000, 628719, 0, 0, 0
356002, 575551, 0, 0, 0
357001, 573086, 0, 0, 0
358000, 492499, 0, 0, 0
359000, 429234, 0, 0, 0
360000, 435651, 0, 0, 0
