1000, 2958, 1, 0, 0
2000, 2943, 1, 0, 0
3000, 2942, 1, 0, 0
4000, 3481, 1, 0, 0
5000, 3612, 1, 0, 0
6000, 2983, 1, 0, 0
7000, 2990, 1, 0, 0
8000, 2990, 1, 0, 0
9002, 2978, 1, 0, 0
10000, 3593, 1, 0, 0
11000, 3014, 1, 0, 0
12000, 3037, 1, 0, 0
13000, 3018, 1, 0, 0
14000, 3007, 1, 0, 0
15006, 3910, 1, 0, 0
16000, 2649, 1, 0, 0
17002, 2621, 1, 0, 0
18009, 2653, 1, 0, 0
19000, 2635, 1, 0, 0
20001, 2629, 1, 0, 0
21003, 2619, 1, 0, 0
22009, 2649, 1, 0, 0
23013, 2620, 1, 0, 0
24002, 2618, 1, 0, 0
25008, 2597, 1, 0, 0
26000, 2624, 1, 0, 0
27009, 2631, 1, 0, 0
28003, 2644, 1, 0, 0
29003, 2626, 1, 0, 0
30002, 2621, 1, 0, 0
31000, 2632, 1, 0, 0
32000, 2632, 1, 0, 0
33000, 2576, 1, 0, 0
34000, 3519, 1, 0, 0
35000, 3024, 1, 0, 0
36000, 3009, 1, 0, 0
37000, 3007, 1, 0, 0
38000, 3013, 1, 0, 0
39000, 3022, 1, 0, 0
40000, 3019, 1, 0, 0
41000, 3023, 1, 0, 0
42000, 3015, 1, 0, 0
43008, 3622, 1, 0, 0
44000, 2681, 1, 0, 0
45000, 2685, 1, 0, 0
46000, 2653, 1, 0, 0
47003, 2628, 1, 0, 0
48000, 2654, 1, 0, 0
49004, 2650, 1, 0, 0
50002, 2693, 1, 0, 0
51002, 2665, 1, 0, 0
52000, 2651, 1, 0, 0
53000, 2683, 1, 0, 0
54000, 2687, 1, 0, 0
55001, 2695, 1, 0, 0
56000, 2646, 1, 0, 0
57005, 2647, 1, 0, 0
58011, 2652, 1, 0, 0
59005, 2647, 1, 0, 0
60009, 2641, 1, 0, 0
61000, 2631, 1, 0, 0
62000, 2619, 1, 0, 0
63000, 2611, 1, 0, 0
64000, 2656, 1, 0, 0
65000, 2655, 1, 0, 0
66003, 2627, 1, 0, 0
67002, 2618, 1, 0, 0
68004, 2740, 1, 0, 0
69000, 2692, 1, 0, 0
70000, 2635, 1, 0, 0
71000, 2629, 1, 0, 0
72000, 2610, 1, 0, 0
73000, 2865, 1, 0, 0
74000, 3018, 1, 0, 0
75000, 3013, 1, 0, 0
76000, 3021, 1, 0, 0
77000, 3448, 1, 0, 0
78000, 3047, 1, 0, 0
79000, 3035, 1, 0, 0
80000, 3011, 1, 0, 0
81000, 3007, 1, 0, 0
82000, 3000, 1, 0, 0
83000, 3006, 1, 0, 0
84000, 3003, 1, 0, 0
85000, 2995, 1, 0, 0
86000, 2992, 1, 0, 0
87000, 2995, 1, 0, 0
88000, 3562, 1, 0, 0
89000, 3009, 1, 0, 0
90000, 3018, 1, 0, 0
91000, 3006, 1, 0, 0
92000, 3007, 1, 0, 0
93000, 3006, 1, 0, 0
94000, 3016, 1, 0, 0
95000, 3025, 1, 0, 0
96000, 2997, 1, 0, 0
97000, 2995, 1, 0, 0
98000, 3588, 1, 0, 0
99000, 3014, 1, 0, 0
100000, 3594, 1, 0, 0
101000, 3402, 1, 0, 0
102000, 2997, 1, 0, 0
103000, 3015, 1, 0, 0
104000, 3012, 1, 0, 0
105000, 3004, 1, 0, 0
106000, 3017, 1, 0, 0
107000, 2997, 1, 0, 0
108000, 3063, 1, 0, 0
109000, 3882, 1, 0, 0
110000, 4020, 1, 0, 0
111000, 3007, 1, 0, 0
112000, 3001, 1, 0, 0
113000, 3009, 1, 0, 0
114000, 3003, 1, 0, 0
115000, 4385, 1, 0, 0
116000, 3025, 1, 0, 0
117000, 3009, 1, 0, 0
118000, 3013, 1, 0, 0
119000, 4412, 1, 0, 0
120000, 3566, 1, 0, 0
121000, 3035, 1, 0, 0
122000, 3049, 1, 0, 0
123000, 3020, 1, 0, 0
124000, 3020, 1, 0, 0
125000, 3567, 1, 0, 0
126000, 3022, 1, 0, 0
127000, 3021, 1, 0, 0
128000, 3012, 1, 0, 0
129000, 4341, 1, 0, 0
130000, 2997, 1, 0, 0
131000, 3000, 1, 0, 0
132000, 4319, 1, 0, 0
133000, 3004, 1, 0, 0
134000, 3007, 1, 0, 0
135000, 3025, 1, 0, 0
136000, 3015, 1, 0, 0
137000, 3013, 1, 0, 0
138001, 3015, 1, 0, 0
139000, 3550, 1, 0, 0
140000, 3032, 1, 0, 0
141000, 3011, 1, 0, 0
142000, 2993, 1, 0, 0
143000, 2998, 1, 0, 0
144000, 3012, 1, 0, 0
145000, 3019, 1, 0, 0
146000, 3572, 1, 0, 0
147000, 2994, 1, 0, 0
148000, 3014, 1, 0, 0
149000, 4198, 1, 0, 0
150008, 5264, 1, 0, 0
151003, 2708, 1, 0, 0
152000, 2654, 1, 0, 0
153005, 2634, 1, 0, 0
154000, 2644, 1, 0, 0
155008, 2645, 1, 0, 0
156000, 2565, 1, 0, 0
157000, 2996, 1, 0, 0
158000, 3052, 1, 0, 0
159000, 3015, 1, 0, 0
160000, 3022, 1, 0, 0
161000, 3023, 1, 0, 0
162000, 3020, 1, 0, 0
163000, 3010, 1, 0, 0
164000, 3009, 1, 0, 0
165000, 3009, 1, 0, 0
166000, 4015, 1, 0, 0
167000, 5723, 1, 0, 0
168000, 3025, 1, 0, 0
169000, 3012, 1, 0, 0
170000, 3018, 1, 0, 0
171000, 3020, 1, 0, 0
172000, 3031, 1, 0, 0
173000, 3597, 1, 0, 0
174000, 3016, 1, 0, 0
175000, 3016, 1, 0, 0
176000, 4579, 1, 0, 0
177002, 6324, 1, 0, 0
178000, 4345, 1, 0, 0
179009, 2684, 1, 0, 0
180008, 2650, 1, 0, 0
181004, 2651, 1, 0, 0
182000, 2642, 1, 0, 0
183007, 2639, 1, 0, 0
184000, 2624, 1, 0, 0
185000, 2630, 1, 0, 0
186000, 2551, 1, 0, 0
187000, 2557, 1, 0, 0
188000, 3411, 1, 0, 0
189000, 3053, 1, 0, 0
190000, 3039, 1, 0, 0
191000, 3223, 1, 0, 0
192000, 3711, 1, 0, 0
193000, 3014, 1, 0, 0
194000, 3023, 1, 0, 0
195000, 3027, 1, 0, 0
196000, 3026, 1, 0, 0
197000, 3020, 1, 0, 0
198000, 3034, 1, 0, 0
199000, 3014, 1, 0, 0
200000, 3018, 1, 0, 0
201000, 3017, 1, 0, 0
202000, 3559, 1, 0, 0
203000, 3005, 1, 0, 0
204000, 3001, 1, 0, 0
205000, 3010, 1, 0, 0
206000, 2999, 1, 0, 0
207000, 3014, 1, 0, 0
208000, 3006, 1, 0, 0
209000, 3029, 1, 0, 0
210000, 3017, 1, 0, 0
211000, 3005, 1, 0, 0
212000, 3624, 1, 0, 0
213000, 3025, 1, 0, 0
214000, 3006, 1, 0, 0
215000, 3004, 1, 0, 0
216000, 3018, 1, 0, 0
217000, 2994, 1, 0, 0
218000, 2998, 1, 0, 0
219000, 2990, 1, 0, 0
220000, 4143, 1, 0, 0
221000, 3853, 1, 0, 0
222000, 3041, 1, 0, 0
223000, 4391, 1, 0, 0
224000, 4431, 1, 0, 0
225000, 3014, 1, 0, 0
226000, 3013, 1, 0, 0
227000, 3005, 1, 0, 0
228000, 3030, 1, 0, 0
229000, 3582, 1, 0, 0
230000, 2999, 1, 0, 0
231000, 2982, 1, 0, 0
232000, 2987, 1, 0, 0
233000, 4020, 1, 0, 0
234000, 3477, 1, 0, 0
235000, 3010, 1, 0, 0
236000, 3016, 1, 0, 0
237004, 3512, 1, 0, 0
238001, 6320, 1, 0, 0
239000, 4457, 1, 0, 0
240000, 2982, 1, 0, 0
241000, 3000, 1, 0, 0
242000, 3005, 1, 0, 0
243000, 3535, 1, 0, 0
244000, 3022, 1, 0, 0
245000, 3034, 1, 0, 0
246000, 3030, 1, 0, 0
247000, 3020, 1, 0, 0
248000, 3016, 1, 0, 0
249000, 3018, 1, 0, 0
250000, 3018, 1, 0, 0
251000, 3029, 1, 0, 0
252000, 3027, 1, 0, 0
253000, 3901, 1, 0, 0
254000, 4547, 1, 0, 0
255000, 3001, 1, 0, 0
256000, 3009, 1, 0, 0
257000, 3002, 1, 0, 0
258000, 2995, 1, 0, 0
259000, 4053, 1, 0, 0
260000, 2997, 1, 0, 0
261000, 3003, 1, 0, 0
262000, 2991, 1, 0, 0
263000, 3882, 1, 0, 0
264000, 3281, 1, 0, 0
265000, 2636, 1, 0, 0
266000, 2638, 1, 0, 0
267000, 2625, 1, 0, 0
268001, 2617, 1, 0, 0
269000, 2617, 1, 0, 0
270004, 2661, 1, 0, 0
271000, 2646, 1, 0, 0
272000, 2635, 1, 0, 0
273000, 2562, 1, 0, 0
274000, 3044, 1, 0, 0
275000, 3045, 1, 0, 0
276000, 3533, 1, 0, 0
277000, 3027, 1, 0, 0
278000, 3031, 1, 0, 0
279000, 3026, 1, 0, 0
280000, 3047, 1, 0, 0
281000, 3048, 1, 0, 0
282000, 3041, 1, 0, 0
283000, 3019, 1, 0, 0
284000, 3017, 1, 0, 0
285000, 3039, 1, 0, 0
286000, 3442, 1, 0, 0
287000, 3156, 1, 0, 0
288000, 3009, 1, 0, 0
289000, 3013, 1, 0, 0
290000, 3000, 1, 0, 0
291000, 3017, 1, 0, 0
292000, 3018, 1, 0, 0
293000, 3029, 1, 0, 0
294000, 3014, 1, 0, 0
295000, 3016, 1, 0, 0
296000, 3019, 1, 0, 0
297021, 3552, 1, 0, 0
298000, 3587, 1, 0, 0
299000, 3017, 1, 0, 0
300000, 3003, 1, 0, 0
301000, 3007, 1, 0, 0
302000, 2990, 1, 0, 0
303000, 3005, 1, 0, 0
304000, 2999, 1, 0, 0
305000, 2997, 1, 0, 0
306000, 2994, 1, 0, 0
307000, 3541, 1, 0, 0
308000, 3996, 1, 0, 0
309000, 3015, 1, 0, 0
310000, 3002, 1, 0, 0
311000, 3009, 1, 0, 0
312000, 2996, 1, 0, 0
313000, 3013, 1, 0, 0
314000, 3002, 1, 0, 0
315000, 3173, 1, 0, 0
316000, 3828, 1, 0, 0
317000, 3227, 1, 0, 0
318000, 4299, 1, 0, 0
319000, 3017, 1, 0, 0
320000, 3599, 1, 0, 0
321000, 2999, 1, 0, 0
322000, 2993, 1, 0, 0
323000, 2996, 1, 0, 0
324004, 4509, 1, 0, 0
325000, 4711, 1, 0, 0
326000, 3002, 1, 0, 0
327000, 3316, 1, 0, 0
328001, 4372, 1, 0, 0
329010, 2704, 1, 0, 0
330000, 2640, 1, 0, 0
331000, 2635, 1, 0, 0
332010, 2653, 1, 0, 0
333006, 2630, 1, 0, 0
334004, 2702, 1, 0, 0
335001, 2703, 1, 0, 0
336000, 2578, 1, 0, 0
337000, 2921, 1, 0, 0
338000, 3520, 1, 0, 0
339000, 3007, 1, 0, 0
340000, 3012, 1, 0, 0
341000, 2996, 1, 0, 0
342000, 2999, 1, 0, 0
343000, 3005, 1, 0, 0
344000, 2988, 1, 0, 0
345000, 3011, 1, 0, 0
346000, 3022, 1, 0, 0
347000, 3012, 1, 0, 0
348000, 3534, 1, 0, 0
349000, 3024, 1, 0, 0
350000, 3008, 1, 0, 0
351000, 3015, 1, 0, 0
352000, 2997, 1, 0, 0
353000, 3025, 1, 0, 0
354000, 3031, 1, 0, 0
355000, 3014, 1, 0, 0
356000, 3008, 1, 0, 0
357000, 3012, 1, 0, 0
358000, 3938, 1, 0, 0
359000, 3083, 1, 0, 0
360001, 3007, 1, 0, 0
