1001, 552842, 0, 0, 0
2000, 572367, 0, 0, 0
3000, 518891, 0, 0, 0
4001, 555574, 0, 0, 0
5000, 442889, 0, 0, 0
6000, 470150, 0, 0, 0
7000, 528133, 0, 0, 0
8000, 529942, 0, 0, 0
9000, 513760, 0, 0, 0
10000, 634140, 0, 0, 0
11012, 420261, 0, 0, 0
12001, 531274, 0, 0, 0
13001, 462698, 0, 0, 0
14000, 475761, 0, 0, 0
15001, 1047523, 0, 0, 0
16001, 1021530, 0, 0, 0
17002, 938133, 0, 0, 0
18001, 992939, 0, 0, 0
19000, 936241, 0, 0, 0
20000, 906151, 0, 0, 0
21000, 672581, 0, 0, 0
22000, 693216, 0, 0, 0
23000, 632363, 0, 0, 0
24001, 640899, 0, 0, 0
25000, 643260, 0, 0, 0
26000, 580220, 0, 0, 0
27001, 552723, 0, 0, 0
28000, 492653, 0, 0, 0
29000, 475852, 0, 0, 0
30000, 446886, 0, 0, 0
31001, 471311, 0, 0, 0
32000, 547867, 0, 0, 0
33000, 485088, 0, 0, 0
34001, 447710, 0, 0, 0
35000, 527564, 0, 0, 0
36000, 495220, 0, 0, 0
37000, 463056, 0, 0, 0
38000, 450540, 0, 0, 0
39001, 478106, 0, 0, 0
40000, 489567, 0, 0, 0
41000, 518747, 0, 0, 0
42000, 453914, 0, 0, 0
43000, 455786, 0, 0, 0
44000, 508337, 0, 0, 0
45000, 480710, 0, 0, 0
46001, 458878, 0, 0, 0
47001, 491574, 0, 0, 0
48000, 492700, 0, 0, 0
49000, 461049, 0, 0, 0
50000, 460958, 0, 0, 0
51000, 474949, 0, 0, 0
52000, 477383, 0, 0, 0
53001, 471367, 0, 0, 0
54000, 475500, 0, 0, 0
55000, 474417, 0, 0, 0
56001, 538692, 0, 0, 0
57002, 518570, 0, 0, 0
58000, 479594, 0, 0, 0
59001, 548617, 0, 0, 0
60000, 525163, 0, 0, 0
61000, 583250, 0, 0, 0
62000, 562070, 0, 0, 0
63000, 581953, 0, 0, 0
64000, 521274, 0, 0, 0
65000, 499115, 0, 0, 0
66001, 524706, 0, 0, 0
67001, 563688, 0, 0, 0
68000, 537398, 0, 0, 0
69001, 548848, 0, 0, 0
70000, 499265, 0, 0, 0
71001, 567537, 0, 0, 0
72000, 557331, 0, 0, 0
73001, 588866, 0, 0, 0
74000, 554234, 0, 0, 0
75001, 482703, 0, 0, 0
76000, 558262, 0, 0, 0
77000, 541968, 0, 0, 0
78000, 507550, 0, 0, 0
79000, 545213, 0, 0, 0
80001, 524457, 0, 0, 0
81000, 448172, 0, 0, 0
82001, 520782, 0, 0, 0
83001, 534697, 0, 0, 0
84000, 550479, 0, 0, 0
85001, 516459, 0, 0, 0
86000, 602091, 0, 0, 0
87000, 545194, 0, 0, 0
88000, 515188, 0, 0, 0
89000, 584069, 0, 0, 0
90002, 532556, 0, 0, 0
91000, 465426, 0, 0, 0
92001, 493328, 0, 0, 0
93000, 487561, 0, 0, 0
94000, 504380, 0, 0, 0
95000, 507701, 0, 0, 0
96001, 474959, 0, 0, 0
97001, 471848, 0, 0, 0
98000, 483781, 0, 0, 0
99001, 472706, 0, 0, 0
100000, 463520, 0, 0, 0
101000, 530433, 0, 0, 0
102000, 531474, 0, 0, 0
103000, 518155, 0, 0, 0
104000, 528168, 0, 0, 0
105001, 506383, 0, 0, 0
106001, 571943, 0, 0, 0
107001, 533974, 0, 0, 0
108001, 549823, 0, 0, 0
109000, 526964, 0, 0, 0
110000, 445046, 0, 0, 0
111000, 490486, 0, 0, 0
112000, 470309, 0, 0, 0
113000, 472481, 0, 0, 0
114002, 542505, 0, 0, 0
115000, 544747, 0, 0, 0
116000, 549118, 0, 0, 0
117000, 537242, 0, 0, 0
118000, 502107, 0, 0, 0
119000, 465031, 0, 0, 0
120000, 465972, 0, 0, 0
121000, 582029, 0, 0, 0
122000, 551055, 0, 0, 0
123000, 539826, 0, 0, 0
124000, 526946, 0, 0, 0
125000, 504534, 0, 0, 0
126018, 530432, 0, 0, 0
127001, 595018, 0, 0, 0
128000, 626327, 0, 0, 0
129001, 537905, 0, 0, 0
130002, 548135, 0, 0, 0
131000, 495320, 0, 0, 0
132000, 503563, 0, 0, 0
133009, 578407, 0, 0, 0
134000, 649064, 0, 0, 0
135001, 817927, 0, 0, 0
136001, 811945, 0, 0, 0
137001, 679746, 0, 0, 0
138000, 520516, 0, 0, 0
139000, 513410, 0, 0, 0
140000, 566444, 0, 0, 0
141000, 534431, 0, 0, 0
142000, 499272, 0, 0, 0
143000, 540078, 0, 0, 0
144000, 499478, 0, 0, 0
145000, 542200, 0, 0, 0
146001, 569928, 0, 0, 0
147000, 538609, 0, 0, 0
148001, 518043, 0, 0, 0
149002, 610436, 0, 0, 0
150000, 595952, 0, 0, 0
151000, 539587, 0, 0, 0
152000, 553809, 0, 0, 0
153000, 530861, 0, 0, 0
154000, 521942, 0, 0, 0
155001, 464851, 0, 0, 0
156000, 498729, 0, 0, 0
157000, 494020, 0, 0, 0
158001, 488650, 0, 0, 0
159000, 516670, 0, 0, 0
160000, 513274, 0, 0, 0
161001, 414942, 0, 0, 0
162000, 464208, 0, 0, 0
163001, 486447, 0, 0, 0
164001, 461068, 0, 0, 0
165001, 480419, 0, 0, 0
166000, 455176, 0, 0, 0
167000, 493443, 0, 0, 0
168001, 542291, 0, 0, 0
169000, 606313, 0, 0, 0
170000, 536168, 0, 0, 0
171000, 629178, 0, 0, 0
172001, 633046, 0, 0, 0
173001, 474905, 0, 0, 0
174000, 439475, 0, 0, 0
175001, 514399, 0, 0, 0
176000, 504125, 0, 0, 0
177000, 448223, 0, 0, 0
178001, 500633, 0, 0, 0
179002, 444915, 0, 0, 0
180000, 442957, 0, 0, 0
181000, 526917, 0, 0, 0
182000, 516620, 0, 0, 0
183000, 433572, 0, 0, 0
184000, 755859, 0, 0, 0
185001, 802578, 0, 0, 0
186001, 849397, 0, 0, 0
187000, 821548, 0, 0, 0
188000, 660655, 0, 0, 0
189000, 648233, 0, 0, 0
190000, 509978, 0, 0, 0
191000, 500816, 0, 0, 0
192000, 456724, 0, 0, 0
193000, 449094, 0, 0, 0
194000, 469577, 0, 0, 0
195000, 521603, 0, 0, 0
196000, 452891, 0, 0, 0
197000, 490452, 0, 0, 0
198000, 473047, 0, 0, 0
199000, 460852, 0, 0, 0
200000, 492332, 0, 0, 0
201000, 418742, 0, 0, 0
202000, 440228, 0, 0, 0
203000, 477577, 0, 0, 0
204000, 444029, 0, 0, 0
205000, 473429, 0, 0, 0
206000, 488224, 0, 0, 0
207001, 513726, 0, 0, 0
208000, 461287, 0, 0, 0
209000, 497226, 0, 0, 0
210001, 433106, 0, 0, 0
211000, 399270, 0, 0, 0
212000, 447852, 0, 0, 0
213000, 441876, 0, 0, 0
214001, 463161, 0, 0, 0
215000, 448663, 0, 0, 0
216000, 466919, 0, 0, 0
217000, 457067, 0, 0, 0
218001, 452176, 0, 0, 0
219001, 441658, 0, 0, 0
220001, 478816, 0, 0, 0
221000, 505639, 0, 0, 0
222001, 484851, 0, 0, 0
223000, 464294, 0, 0, 0
224000, 525538, 0, 0, 0
225000, 571551, 0, 0, 0
226000, 433755, 0, 0, 0
227000, 636863, 0, 0, 0
228001, 984016, 0, 0, 0
229001, 973907, 0, 0, 0
230000, 865828, 0, 0, 0
231001, 559477, 0, 0, 0
232000, 502136, 0, 0, 0
233001, 471510, 0, 0, 0
234000, 495084, 0, 0, 0
235000, 484724, 0, 0, 0
236000, 457303, 0, 0, 0
237002, 489165, 0, 0, 0
238000, 474318, 0, 0, 0
239000, 458874, 0, 0, 0
240000, 578331, 0, 0, 0
241000, 472840, 0, 0, 0
242018, 471092, 0, 0, 0
243001, 561422, 0, 0, 0
244000, 529068, 0, 0, 0
245000, 482064, 0, 0, 0
246000, 549010, 0, 0, 0
247000, 521906, 0, 0, 0
248001, 503524, 0, 0, 0
249000, 515378, 0, 0, 0
250000, 507391, 0, 0, 0
251000, 430695, 0, 0, 0
252001, 477175, 0, 0, 0
253001, 492752, 0, 0, 0
254000, 467425, 0, 0, 0
255000, 501485, 0, 0, 0
256000, 565916, 0, 0, 0
257000, 704470, 0, 0, 0
258000, 643547, 0, 0, 0
259000, 599794, 0, 0, 0
260000, 509134, 0, 0, 0
261000, 471614, 0, 0, 0
262000, 509972, 0, 0, 0
263000, 467033, 0, 0, 0
264001, 476461, 0, 0, 0
265000, 517566, 0, 0, 0
266000, 472067, 0, 0, 0
267000, 467651, 0, 0, 0
268000, 481238, 0, 0, 0
269000, 492959, 0, 0, 0
270000, 513267, 0, 0, 0
271001, 507645, 0, 0, 0
272001, 477549, 0, 0, 0
273001, 457748, 0, 0, 0
274000, 487400, 0, 0, 0
275000, 441941, 0, 0, 0
276000, 457683, 0, 0, 0
277000, 474800, 0, 0, 0
278001, 472671, 0, 0, 0
279000, 451193, 0, 0, 0
280000, 492892, 0, 0, 0
281000, 451264, 0, 0, 0
282001, 476055, 0, 0, 0
283001, 525767, 0, 0, 0
284000, 550925, 0, 0, 0
285002, 513546, 0, 0, 0
286001, 514817, 0, 0, 0
287000, 510542, 0, 0, 0
288000, 499747, 0, 0, 0
289000, 439908, 0, 0, 0
290000, 495973, 0, 0, 0
291000, 503797, 0, 0, 0
292000, 423373, 0, 0, 0
293000, 509588, 0, 0, 0
294001, 524510, 0, 0, 0
295001, 419492, 0, 0, 0
296000, 527738, 0, 0, 0
297000, 530394, 0, 0, 0
298000, 427535, 0, 0, 0
299000, 590419, 0, 0, 0
300000, 583355, 0, 0, 0
301001, 519222, 0, 0, 0
302000, 623135, 0, 0, 0
303001, 623884, 0, 0, 0
304001, 677256, 0, 0, 0
305000, 590412, 0, 0, 0
306001, 641221, 0, 0, 0
307000, 597626, 0, 0, 0
308000, 577795, 0, 0, 0
309000, 610272, 0, 0, 0
310000, 549197, 0, 0, 0
311000, 568833, 0, 0, 0
312000, 563455, 0, 0, 0
313001, 541851, 0, 0, 0
314002, 524277, 0, 0, 0
315001, 526240, 0, 0, 0
316001, 487405, 0, 0, 0
317000, 461889, 0, 0, 0
318001, 451258, 0, 0, 0
319001, 488412, 0, 0, 0
320000, 436506, 0, 0, 0
321001, 486413, 0, 0, 0
322000, 500035, 0, 0, 0
323000, 480454, 0, 0, 0
324000, 475995, 0, 0, 0
325000, 480005, 0, 0, 0
326000, 499450, 0, 0, 0
327001, 552816, 0, 0, 0
328000, 534256, 0, 0, 0
329000, 538223, 0, 0, 0
330000, 517613, 0, 0, 0
331001, 512343, 0, 0, 0
332001, 489002, 0, 0, 0
333000, 445969, 0, 0, 0
334000, 517988, 0, 0, 0
335002, 480805, 0, 0, 0
336000, 477503, 0, 0, 0
337000, 458713, 0, 0, 0
338000, 468817, 0, 0, 0
339001, 472767, 0, 0, 0
340001, 539852, 0, 0, 0
341015, 500884, 0, 0, 0
342001, 501258, 0, 0, 0
343001, 495628, 0, 0, 0
344000, 491650, 0, 0, 0
345000, 469761, 0, 0, 0
346000, 499844, 0, 0, 0
347000, 463063, 0, 0, 0
348000, 468521, 0, 0, 0
349000, 490203, 0, 0, 0
350000, 463847, 0, 0, 0
351000, 477513, 0, 0, 0
352000, 484293, 0, 0, 0
353000, 474813, 0, 0, 0
354000, 472314, 0, 0, 0
355000, 491476, 0, 0, 0
356001, 503407, 0, 0, 0
357000, 451799, 0, 0, 0
358001, 484652, 0, 0, 0
359000, 474146, 0, 0, 0
360000, 444208, 0, 0, 0
