1000, 513665, 0, 0, 0
2000, 520706, 0, 0, 0
3000, 491969, 0, 0, 0
4001, 507450, 0, 0, 0
5001, 538945, 0, 0, 0
6000, 468645, 0, 0, 0
7000, 518307, 0, 0, 0
8000, 452128, 0, 0, 0
9000, 418144, 0, 0, 0
10000, 449646, 0, 0, 0
11002, 516724, 0, 0, 0
12000, 539325, 0, 0, 0
13000, 507120, 0, 0, 0
14001, 374787, 0, 0, 0
15000, 452102, 0, 0, 0
16000, 454288, 0, 0, 0
17000, 388067, 0, 0, 0
18001, 423412, 0, 0, 0
19000, 442761, 0, 0, 0
20000, 367798, 0, 0, 0
21000, 498539, 0, 0, 0
22000, 822813, 0, 0, 0
23000, 851502, 0, 0, 0
24000, 910967, 0, 0, 0
25000, 864691, 0, 0, 0
26000, 800714, 0, 0, 0
27000, 595758, 0, 0, 0
28000, 856566, 0, 0, 0
29001, 843104, 0, 0, 0
30000, 915250, 0, 0, 0
31000, 941559, 0, 0, 0
32000, 1012371, 0, 0, 0
33000, 1065137, 0, 0, 0
34000, 747221, 0, 0, 0
35000, 716026, 0, 0, 0
36000, 620292, 0, 0, 0
37000, 697767, 0, 0, 0
38000, 670635, 0, 0, 0
39000, 737681, 0, 0, 0
40000, 700214, 0, 0, 0
41001, 722971, 0, 0, 0
42022, 607439, 0, 0, 0
43000, 538394, 0, 0, 0
44001, 516017, 0, 0, 0
45003, 463687, 0, 0, 0
46001, 482819, 0, 0, 0
47001, 437566, 0, 0, 0
48000, 451681, 0, 0, 0
49000, 431927, 0, 0, 0
50000, 432854, 0, 0, 0
51000, 447983, 0, 0, 0
52000, 460085, 0, 0, 0
53000, 552531, 0, 0, 0
54001, 558170, 0, 0, 0
55000, 571990, 0, 0, 0
56001, 584291, 0, 0, 0
57001, 472303, 0, 0, 0
58000, 508811, 0, 0, 0
59000, 491063, 0, 0, 0
60000, 490973, 0, 0, 0
61001, 477323, 0, 0, 0
62001, 474301, 0, 0, 0
63000, 510592, 0, 0, 0
64000, 517362, 0, 0, 0
65001, 494852, 0, 0, 0
66000, 518703, 0, 0, 0
67001, 535953, 0, 0, 0
68000, 459128, 0, 0, 0
69002, 511003, 0, 0, 0
70000, 519310, 0, 0, 0
71000, 489363, 0, 0, 0
72000, 482603, 0, 0, 0
73000, 478775, 0, 0, 0
74000, 444640, 0, 0, 0
75000, 440467, 0, 0, 0
76001, 538944, 0, 0, 0
77000, 507353, 0, 0, 0
78001, 514461, 0, 0, 0
79000, 514188, 0, 0, 0
80001, 486921, 0, 0, 0
81000, 439681, 0, 0, 0
82000, 481366, 0, 0, 0
83000, 492894, 0, 0, 0
84001, 449918, 0, 0, 0
85001, 479089, 0, 0, 0
86000, 500207, 0, 0, 0
87000, 465517, 0, 0, 0
88000, 482942, 0, 0, 0
89000, 423212, 0, 0, 0
90000, 382954, 0, 0, 0
91000, 576048, 0, 0, 0
92000, 618207, 0, 0, 0
93000, 609282, 0, 0, 0
94001, 597902, 0, 0, 0
95000, 616719, 0, 0, 0
96000, 499666, 0, 0, 0
97001, 435583, 0, 0, 0
98001, 481430, 0, 0, 0
99002, 465985, 0, 0, 0
100000, 454669, 0, 0, 0
101000, 538469, 0, 0, 0
102000, 504067, 0, 0, 0
103001, 447211, 0, 0, 0
104000, 498812, 0, 0, 0
105000, 452614, 0, 0, 0
106001, 450041, 0, 0, 0
107001, 446305, 0, 0, 0
108000, 447296, 0, 0, 0
109000, 455969, 0, 0, 0
110001, 444944, 0, 0, 0
111000, 439025, 0, 0, 0
112001, 471226, 0, 0, 0
113000, 469945, 0, 0, 0
114000, 499474, 0, 0, 0
115000, 384600, 0, 0, 0
116000, 487322, 0, 0, 0
117000, 460492, 0, 0, 0
118000, 381420, 0, 0, 0
119000, 569269, 0, 0, 0
120002, 721178, 0, 0, 0
121000, 720832, 0, 0, 0
122000, 705776, 0, 0, 0
123000, 548340, 0, 0, 0
124000, 486153, 0, 0, 0
125000, 473367, 0, 0, 0
126000, 465696, 0, 0, 0
127000, 504173, 0, 0, 0
128000, 509740, 0, 0, 0
129001, 464776, 0, 0, 0
130000, 576087, 0, 0, 0
131000, 446135, 0, 0, 0
132000, 466057, 0, 0, 0
133000, 374563, 0, 0, 0
134001, 551202, 0, 0, 0
135000, 602005, 0, 0, 0
136000, 862738, 0, 0, 0
137000, 940234, 0, 0, 0
138000, 554949, 0, 0, 0
139000, 502568, 0, 0, 0
140001, 534880, 0, 0, 0
141000, 470052, 0, 0, 0
142000, 532960, 0, 0, 0
143000, 586672, 0, 0, 0
144002, 479109, 0, 0, 0
145000, 495470, 0, 0, 0
146000, 465889, 0, 0, 0
147000, 444962, 0, 0, 0
148000, 386533, 0, 0, 0
149001, 518633, 0, 0, 0
150000, 548233, 0, 0, 0
151000, 715194, 0, 0, 0
152001, 604995, 0, 0, 0
153000, 639489, 0, 0, 0
154000, 602981, 0, 0, 0
155001, 555180, 0, 0, 0
156000, 581407, 0, 0, 0
157002, 555760, 0, 0, 0
158001, 465615, 0, 0, 0
159000, 513219, 0, 0, 0
160000, 481155, 0, 0, 0
161000, 493853, 0, 0, 0
162000, 471528, 0, 0, 0
163001, 468145, 0, 0, 0
164001, 439894, 0, 0, 0
165001, 552182, 0, 0, 0
166000, 522973, 0, 0, 0
167000, 509853, 0, 0, 0
168000, 582829, 0, 0, 0
169000, 492449, 0, 0, 0
170000, 467606, 0, 0, 0
171001, 515842, 0, 0, 0
172000, 499178, 0, 0, 0
173000, 547238, 0, 0, 0
174002, 515300, 0, 0, 0
175001, 485301, 0, 0, 0
176000, 521971, 0, 0, 0
177000, 515912, 0, 0, 0
178000, 490527, 0, 0, 0
179000, 465990, 0, 0, 0
180001, 483569, 0, 0, 0
181000, 500808, 0, 0, 0
182000, 489442, 0, 0, 0
183001, 492240, 0, 0, 0
184000, 490373, 0, 0, 0
185001, 521865, 0, 0, 0
186001, 593739, 0, 0, 0
187000, 625023, 0, 0, 0
188000, 559007, 0, 0, 0
189000, 582431, 0, 0, 0
190000, 529482, 0, 0, 0
191002, 498166, 0, 0, 0
192005, 542058, 0, 0, 0
193000, 519566, 0, 0, 0
194001, 483616, 0, 0, 0
195001, 495802, 0, 0, 0
196000, 487857, 0, 0, 0
197000, 468516, 0, 0, 0
198000, 504205, 0, 0, 0
199000, 454909, 0, 0, 0
200000, 451994, 0, 0, 0
201001, 473724, 0, 0, 0
202000, 455969, 0, 0, 0
203001, 425310, 0, 0, 0
204000, 435408, 0, 0, 0
205000, 477151, 0, 0, 0
206000, 414296, 0, 0, 0
207000, 396461, 0, 0, 0
208000, 703484, 0, 0, 0
209000, 696994, 0, 0, 0
210000, 660012, 0, 0, 0
211001, 765792, 0, 0, 0
212001, 762138, 0, 0, 0
213000, 741025, 0, 0, 0
214001, 891790, 0, 0, 0
215000, 892542, 0, 0, 0
216001, 834915, 0, 0, 0
217001, 629540, 0, 0, 0
218000, 702967, 0, 0, 0
219001, 817382, 0, 0, 0
220000, 726821, 0, 0, 0
221000, 776800, 0, 0, 0
222001, 802066, 0, 0, 0
223001, 874666, 0, 0, 0
224000, 480960, 0, 0, 0
225000, 459367, 0, 0, 0
226000, 464570, 0, 0, 0
227001, 465143, 0, 0, 0
228000, 445627, 0, 0, 0
229000, 486499, 0, 0, 0
230000, 444437, 0, 0, 0
231001, 440606, 0, 0, 0
232000, 477675, 0, 0, 0
233000, 460954, 0, 0, 0
234000, 436168, 0, 0, 0
235000, 468351, 0, 0, 0
236000, 476296, 0, 0, 0
237001, 456329, 0, 0, 0
238000, 465291, 0, 0, 0
239000, 446323, 0, 0, 0
240000, 418459, 0, 0, 0
241001, 543529, 0, 0, 0
242002, 512113, 0, 0, 0
243000, 480617, 0, 0, 0
244001, 505804, 0, 0, 0
245000, 461044, 0, 0, 0
246001, 460528, 0, 0, 0
247000, 483512, 0, 0, 0
248000, 475243, 0, 0, 0
249000, 440160, 0, 0, 0
250000, 506143, 0, 0, 0
251001, 451131, 0, 0, 0
252000, 477405, 0, 0, 0
253001, 489290, 0, 0, 0
254000, 479418, 0, 0, 0
255000, 517660, 0, 0, 0
256000, 468756, 0, 0, 0
257001, 472975, 0, 0, 0
258000, 505208, 0, 0, 0
259000, 539683, 0, 0, 0
260001, 495791, 0, 0, 0
261001, 527004, 0, 0, 0
262001, 554830, 0, 0, 0
263001, 500028, 0, 0, 0
264000, 594303, 0, 0, 0
265000, 500665, 0, 0, 0
266000, 486739, 0, 0, 0
267001, 495123, 0, 0, 0
268001, 508666, 0, 0, 0
269001, 456649, 0, 0, 0
270000, 500061, 0, 0, 0
271000, 471198, 0, 0, 0
272000, 448998, 0, 0, 0
273000, 470970, 0, 0, 0
274000, 439977, 0, 0, 0
275001, 440939, 0, 0, 0
276000, 429681, 0, 0, 0
277000, 503970, 0, 0, 0
278000, 403462, 0, 0, 0
279000, 394765, 0, 0, 0
280003, 713432, 0, 0, 0
281001, 699790, 0, 0, 0
282000, 743869, 0, 0, 0
283000, 774124, 0, 0, 0
284001, 632012, 0, 0, 0
285001, 629526, 0, 0, 0
286000, 646586, 0, 0, 0
287000, 528312, 0, 0, 0
288000, 582150, 0, 0, 0
289000, 563105, 0, 0, 0
290001, 582461, 0, 0, 0
291000, 496847, 0, 0, 0
292000, 491525, 0, 0, 0
293001, 543097, 0, 0, 0
294002, 591017, 0, 0, 0
295001, 484208, 0, 0, 0
296000, 561937, 0, 0, 0
297000, 501444, 0, 0, 0
298000, 496189, 0, 0, 0
299001, 556496, 0, 0, 0
300000, 532806, 0, 0, 0
301001, 469634, 0, 0, 0
302001, 488725, 0, 0, 0
303001, 482093, 0, 0, 0
304000, 476203, 0, 0, 0
305000, 468766, 0, 0, 0
306000, 455658, 0, 0, 0
307000, 466855, 0, 0, 0
308000, 474576, 0, 0, 0
309000, 453144, 0, 0, 0
310000, 372572, 0, 0, 0
311000, 453187, 0, 0, 0
312002, 468496, 0, 0, 0
313001, 468620, 0, 0, 0
314000, 483919, 0, 0, 0
315000, 467262, 0, 0, 0
316000, 450253, 0, 0, 0
317001, 436656, 0, 0, 0
318000, 442006, 0, 0, 0
319000, 395332, 0, 0, 0
320003, 427008, 0, 0, 0
321001, 666971, 0, 0, 0
322001, 818502, 0, 0, 0
323003, 858894, 0, 0, 0
324000, 830693, 0, 0, 0
325000, 651626, 0, 0, 0
326000, 600079, 0, 0, 0
327001, 492780, 0, 0, 0
328000, 676691, 0, 0, 0
329003, 590068, 0, 0, 0
330000, 657690, 0, 0, 0
331001, 679423, 0, 0, 0
332000, 551903, 0, 0, 0
333000, 542787, 0, 0, 0
334001, 554385, 0, 0, 0
335001, 486524, 0, 0, 0
336001, 497534, 0, 0, 0
337000, 490852, 0, 0, 0
338000, 489838, 0, 0, 0
339000, 522066, 0, 0, 0
340000, 499831, 0, 0, 0
341000, 445747, 0, 0, 0
342000, 431146, 0, 0, 0
343000, 453373, 0, 0, 0
344000, 557062, 0, 0, 0
345000, 529611, 0, 0, 0
346000, 553578, 0, 0, 0
347001, 856629, 0, 0, 0
348000, 786348, 0, 0, 0
349000, 743813, 0, 0, 0
350019, 769591, 0, 0, 0
351000, 775077, 0, 0, 0
352001, 705849, 0, 0, 0
353000, 547213, 0, 0, 0
354000, 509819, 0, 0, 0
355000, 488867, 0, 0, 0
356000, 452359, 0, 0, 0
357001, 476185, 0, 0, 0
358001, 519879, 0, 0, 0
359001, 494923, 0, 0, 0
360001, 511060, 0, 0, 0
