1000, 2724, 1, 0, 0
2010, 2727, 1, 0, 0
3007, 2712, 1, 0, 0
4006, 2720, 1, 0, 0
5005, 2707, 1, 0, 0
6000, 2716, 1, 0, 0
7007, 2714, 1, 0, 0
8012, 2765, 1, 0, 0
9002, 2745, 1, 0, 0
10000, 2755, 1, 0, 0
11001, 2732, 1, 0, 0
12000, 2692, 1, 0, 0
13000, 2513, 1, 0, 0
14000, 2452, 1, 0, 0
15000, 2456, 1, 0, 0
16000, 2443, 1, 0, 0
17000, 2429, 1, 0, 0
18000, 2457, 1, 0, 0
19000, 2457, 1, 0, 0
20000, 2444, 1, 0, 0
21000, 2437, 1, 0, 0
22000, 2481, 1, 0, 0
23000, 2469, 1, 0, 0
24000, 2457, 1, 0, 0
25000, 2458, 1, 0, 0
26000, 2437, 1, 0, 0
27000, 2489, 1, 0, 0
28000, 2465, 1, 0, 0
29000, 2574, 1, 0, 0
30000, 2560, 1, 0, 0
31000, 2559, 1, 0, 0
32000, 2521, 1, 0, 0
33000, 2493, 1, 0, 0
34000, 2509, 1, 0, 0
35003, 2648, 1, 0, 0
36000, 2655, 1, 0, 0
37000, 2628, 1, 0, 0
38002, 2625, 1, 0, 0
39000, 2643, 1, 0, 0
40000, 2645, 1, 0, 0
41000, 2635, 1, 0, 0
42009, 2658, 1, 0, 0
43006, 2706, 1, 0, 0
44000, 2703, 1, 0, 0
45005, 2773, 1, 0, 0
46004, 2759, 1, 0, 0
47000, 2734, 1, 0, 0
48006, 2750, 1, 0, 0
49002, 2789, 1, 0, 0
50000, 2834, 1, 0, 0
51000, 2815, 1, 0, 0
52000, 2704, 1, 0, 0
53000, 2710, 1, 0, 0
54000, 2696, 1, 0, 0
55000, 2683, 1, 0, 0
56000, 2691, 1, 0, 0
57006, 2708, 1, 0, 0
58010, 2704, 1, 0, 0
59000, 2706, 1, 0, 0
60000, 2723, 1, 0, 0
61000, 2823, 1, 0, 0
62000, 2734, 1, 0, 0
63000, 2700, 1, 0, 0
64000, 2703, 1, 0, 0
65000, 2692, 1, 0, 0
66009, 2692, 1, 0, 0
67006, 2712, 1, 0, 0
68002, 2696, 1, 0, 0
69004, 2717, 1, 0, 0
70000, 2720, 1, 0, 0
71008, 2704, 1, 0, 0
72005, 2730, 1, 0, 0
73000, 2749, 1, 0, 0
74000, 2741, 1, 0, 0
75000, 2717, 1, 0, 0
76003, 2714, 1, 0, 0
77000, 2700, 1, 0, 0
78000, 2734, 1, 0, 0
79000, 2737, 1, 0, 0
80004, 2775, 1, 0, 0
81004, 2751, 1, 0, 0
82012, 2750, 1, 0, 0
83005, 2751, 1, 0, 0
84006, 2708, 1, 0, 0
85010, 2696, 1, 0, 0
86005, 2689, 1, 0, 0
87000, 2671, 1, 0, 0
88000, 2411, 1, 0, 0
89000, 2400, 1, 0, 0
90000, 2404, 1, 0, 0
91001, 2599, 1, 0, 0
92000, 2647, 1, 0, 0
93007, 2663, 1, 0, 0
94000, 2649, 1, 0, 0
95000, 2674, 1, 0, 0
96000, 2716, 1, 0, 0
97007, 2744, 1, 0, 0
98003, 2750, 1, 0, 0
99003, 2752, 1, 0, 0
100000, 2743, 1, 0, 0
101009, 2725, 1, 0, 0
102000, 2730, 1, 0, 0
103005, 2749, 1, 0, 0
104000, 2712, 1, 0, 0
105002, 2754, 1, 0, 0
106001, 2749, 1, 0, 0
107002, 2785, 1, 0, 0
108008, 2823, 1, 0, 0
109001, 2735, 1, 0, 0
110006, 2728, 1, 0, 0
111004, 2753, 1, 0, 0
112012, 2752, 1, 0, 0
113000, 2767, 1, 0, 0
114000, 2580, 1, 0, 0
115000, 2449, 1, 0, 0
116000, 2458, 1, 0, 0
117000, 2432, 1, 0, 0
118000, 2419, 1, 0, 0
119000, 2521, 1, 0, 0
120000, 2635, 1, 0, 0
121000, 2648, 1, 0, 0
122000, 2619, 1, 0, 0
123001, 2666, 1, 0, 0
124000, 2704, 1, 0, 0
125000, 2693, 1, 0, 0
126000, 2720, 1, 0, 0
127010, 2718, 1, 0, 0
128008, 2695, 1, 0, 0
129000, 2741, 1, 0, 0
130000, 2689, 1, 0, 0
131000, 2510, 1, 0, 0
132000, 2432, 1, 0, 0
133000, 2421, 1, 0, 0
134001, 2522, 1, 0, 0
135000, 2609, 1, 0, 0
136000, 2605, 1, 0, 0
137000, 2596, 1, 0, 0
138000, 2684, 1, 0, 0
139001, 2706, 1, 0, 0
140003, 2704, 1, 0, 0
141000, 2718, 1, 0, 0
142000, 2669, 1, 0, 0
143000, 2657, 1, 0, 0
144004, 2719, 1, 0, 0
145000, 2705, 1, 0, 0
146000, 2542, 1, 0, 0
147000, 2464, 1, 0, 0
148000, 2430, 1, 0, 0
149000, 2458, 1, 0, 0
150000, 2660, 1, 0, 0
151000, 2640, 1, 0, 0
152000, 2630, 1, 0, 0
153001, 2647, 1, 0, 0
154000, 2679, 1, 0, 0
155000, 2672, 1, 0, 0
156004, 2690, 1, 0, 0
157005, 2710, 1, 0, 0
158002, 2706, 1, 0, 0
159000, 2700, 1, 0, 0
160008, 2679, 1, 0, 0
161000, 2732, 1, 0, 0
162003, 2724, 1, 0, 0
163000, 2731, 1, 0, 0
164001, 2721, 1, 0, 0
165003, 2695, 1, 0, 0
166000, 2704, 1, 0, 0
167004, 2687, 1, 0, 0
168005, 2699, 1, 0, 0
169003, 2720, 1, 0, 0
170000, 2708, 1, 0, 0
171002, 2690, 1, 0, 0
172000, 2685, 1, 0, 0
173000, 2666, 1, 0, 0
174006, 2680, 1, 0, 0
175000, 2688, 1, 0, 0
176001, 2696, 1, 0, 0
177010, 2700, 1, 0, 0
178000, 2740, 1, 0, 0
179001, 2715, 1, 0, 0
180011, 2732, 1, 0, 0
181001, 2723, 1, 0, 0
182001, 2712, 1, 0, 0
183002, 2746, 1, 0, 0
184006, 2699, 1, 0, 0
185003, 2691, 1, 0, 0
186000, 2676, 1, 0, 0
187000, 2678, 1, 0, 0
188000, 2662, 1, 0, 0
189000, 2651, 1, 0, 0
190003, 2705, 1, 0, 0
191005, 2698, 1, 0, 0
192004, 2714, 1, 0, 0
193002, 2717, 1, 0, 0
194000, 2729, 1, 0, 0
195004, 2726, 1, 0, 0
196000, 2734, 1, 0, 0
197009, 2734, 1, 0, 0
198000, 2745, 1, 0, 0
199001, 2753, 1, 0, 0
200004, 2753, 1, 0, 0
201005, 2759, 1, 0, 0
202002, 2740, 1, 0, 0
203000, 2712, 1, 0, 0
204000, 2512, 1, 0, 0
205000, 2460, 1, 0, 0
206000, 2444, 1, 0, 0
207000, 2449, 1, 0, 0
208000, 2622, 1, 0, 0
209000, 2652, 1, 0, 0
210000, 2636, 1, 0, 0
211000, 2638, 1, 0, 0
212000, 2636, 1, 0, 0
213000, 2584, 1, 0, 0
214000, 2577, 1, 0, 0
215000, 2576, 1, 0, 0
216000, 2619, 1, 0, 0
217000, 2650, 1, 0, 0
218000, 2623, 1, 0, 0
219001, 2639, 1, 0, 0
220000, 2616, 1, 0, 0
221000, 2623, 1, 0, 0
222000, 2578, 1, 0, 0
223000, 2616, 1, 0, 0
224010, 2737, 1, 0, 0
225009, 2738, 1, 0, 0
226011, 2725, 1, 0, 0
227000, 2777, 1, 0, 0
228002, 2779, 1, 0, 0
229000, 2769, 1, 0, 0
230004, 2728, 1, 0, 0
231005, 2742, 1, 0, 0
232005, 2735, 1, 0, 0
233000, 2731, 1, 0, 0
234010, 2732, 1, 0, 0
235007, 2743, 1, 0, 0
236008, 2760, 1, 0, 0
237003, 2760, 1, 0, 0
238010, 2732, 1, 0, 0
239001, 2757, 1, 0, 0
240000, 2733, 1, 0, 0
241000, 2702, 1, 0, 0
242008, 2695, 1, 0, 0
243001, 2703, 1, 0, 0
244000, 2705, 1, 0, 0
245000, 2736, 1, 0, 0
246000, 2753, 1, 0, 0
247010, 2759, 1, 0, 0
248001, 2758, 1, 0, 0
249004, 2752, 1, 0, 0
250010, 2777, 1, 0, 0
251000, 2731, 1, 0, 0
252000, 2770, 1, 0, 0
253007, 2740, 1, 0, 0
254010, 2756, 1, 0, 0
255004, 2755, 1, 0, 0
256007, 2773, 1, 0, 0
257001, 2726, 1, 0, 0
258000, 2755, 1, 0, 0
259001, 2712, 1, 0, 0
260005, 2740, 1, 0, 0
261007, 2687, 1, 0, 0
262000, 2674, 1, 0, 0
263003, 2679, 1, 0, 0
264002, 2684, 1, 0, 0
265000, 2690, 1, 0, 0
266005, 2695, 1, 0, 0
267011, 2704, 1, 0, 0
268005, 2727, 1, 0, 0
269010, 2723, 1, 0, 0
270000, 2722, 1, 0, 0
271006, 2729, 1, 0, 0
272006, 2753, 1, 0, 0
273000, 2748, 1, 0, 0
274006, 2761, 1, 0, 0
275003, 2738, 1, 0, 0
276000, 2521, 1, 0, 0
277000, 2471, 1, 0, 0
278000, 2428, 1, 0, 0
279000, 2427, 1, 0, 0
280000, 2628, 1, 0, 0
281000, 2660, 1, 0, 0
282000, 2613, 1, 0, 0
283000, 2614, 1, 0, 0
284000, 2681, 1, 0, 0
285001, 2656, 1, 0, 0
286004, 2666, 1, 0, 0
287000, 2686, 1, 0, 0
288000, 2688, 1, 0, 0
289006, 2697, 1, 0, 0
290002, 2710, 1, 0, 0
291000, 2702, 1, 0, 0
292006, 2730, 1, 0, 0
293000, 2696, 1, 0, 0
294004, 2673, 1, 0, 0
295006, 2692, 1, 0, 0
296006, 2727, 1, 0, 0
297000, 2736, 1, 0, 0
298007, 2717, 1, 0, 0
299000, 2704, 1, 0, 0
300012, 2711, 1, 0, 0
301007, 2699, 1, 0, 0
302000, 2728, 1, 0, 0
303010, 2728, 1, 0, 0
304000, 2724, 1, 0, 0
305002, 2748, 1, 0, 0
306010, 2792, 1, 0, 0
307000, 2771, 1, 0, 0
308008, 2744, 1, 0, 0
309003, 2755, 1, 0, 0
310008, 2756, 1, 0, 0
311011, 2754, 1, 0, 0
312003, 2735, 1, 0, 0
313009, 2735, 1, 0, 0
314010, 2734, 1, 0, 0
315000, 2740, 1, 0, 0
316000, 2731, 1, 0, 0
317000, 2520, 1, 0, 0
318000, 2433, 1, 0, 0
319000, 2435, 1, 0, 0
320000, 2421, 1, 0, 0
321000, 2612, 1, 0, 0
322001, 2616, 1, 0, 0
323000, 2565, 1, 0, 0
324000, 2591, 1, 0, 0
325005, 2676, 1, 0, 0
326000, 2684, 1, 0, 0
327000, 2666, 1, 0, 0
328000, 2638, 1, 0, 0
329000, 2639, 1, 0, 0
330000, 2647, 1, 0, 0
331000, 2658, 1, 0, 0
332004, 2696, 1, 0, 0
333000, 2667, 1, 0, 0
334001, 2689, 1, 0, 0
335001, 2728, 1, 0, 0
336005, 2716, 1, 0, 0
337009, 2747, 1, 0, 0
338011, 2740, 1, 0, 0
339005, 2724, 1, 0, 0
340000, 2713, 1, 0, 0
341009, 2747, 1, 0, 0
342000, 2747, 1, 0, 0
343000, 2772, 1, 0, 0
344009, 2698, 1, 0, 0
345001, 2686, 1, 0, 0
346000, 2669, 1, 0, 0
347002, 2621, 1, 0, 0
348000, 2633, 1, 0, 0
349000, 2615, 1, 0, 0
350008, 2606, 1, 0, 0
351000, 2611, 1, 0, 0
352000, 2626, 1, 0, 0
353005, 2690, 1, 0, 0
354007, 2688, 1, 0, 0
355008, 2721, 1, 0, 0
356000, 2739, 1, 0, 0
357004, 2724, 1, 0, 0
358000, 2721, 1, 0, 0
359002, 2708, 1, 0, 0
360004, 2715, 1, 0, 0
