1001, 431925, 0, 0, 0
2000, 448158, 0, 0, 0
3000, 470122, 0, 0, 0
4002, 539664, 0, 0, 0
5000, 482614, 0, 0, 0
6003, 550608, 0, 0, 0
7001, 524398, 0, 0, 0
8000, 466114, 0, 0, 0
9000, 497317, 0, 0, 0
10000, 462842, 0, 0, 0
11000, 444322, 0, 0, 0
12000, 484099, 0, 0, 0
13000, 426990, 0, 0, 0
14000, 393218, 0, 0, 0
15000, 524866, 0, 0, 0
16000, 485929, 0, 0, 0
17000, 536806, 0, 0, 0
18000, 521298, 0, 0, 0
19000, 517944, 0, 0, 0
20000, 515009, 0, 0, 0
21000, 541651, 0, 0, 0
22000, 484309, 0, 0, 0
23000, 428134, 0, 0, 0
24000, 456898, 0, 0, 0
25001, 458952, 0, 0, 0
26000, 460190, 0, 0, 0
27000, 478827, 0, 0, 0
28001, 482499, 0, 0, 0
29000, 454783, 0, 0, 0
30000, 498451, 0, 0, 0
31000, 469800, 0, 0, 0
32000, 481449, 0, 0, 0
33001, 498431, 0, 0, 0
34001, 511175, 0, 0, 0
35001, 513381, 0, 0, 0
36000, 529472, 0, 0, 0
37000, 455008, 0, 0, 0
38001, 463559, 0, 0, 0
39000, 452739, 0, 0, 0
40000, 448521, 0, 0, 0
41000, 398686, 0, 0, 0
42001, 453443, 0, 0, 0
43001, 659736, 0, 0, 0
44000, 928424, 0, 0, 0
45000, 828951, 0, 0, 0
46000, 823314, 0, 0, 0
47000, 815367, 0, 0, 0
48000, 744167, 0, 0, 0
49000, 771243, 0, 0, 0
50000, 646514, 0, 0, 0
51000, 720657, 0, 0, 0
52001, 686337, 0, 0, 0
53000, 693247, 0, 0, 0
54000, 765111, 0, 0, 0
55001, 510213, 0, 0, 0
56000, 444177, 0, 0, 0
57000, 480018, 0, 0, 0
58001, 476552, 0, 0, 0
59000, 453889, 0, 0, 0
60000, 468370, 0, 0, 0
61001, 467661, 0, 0, 0
62000, 443918, 0, 0, 0
63000, 471270, 0, 0, 0
64000, 459802, 0, 0, 0
65000, 474441, 0, 0, 0
66002, 509492, 0, 0, 0
67001, 499098, 0, 0, 0
68001, 482628, 0, 0, 0
69000, 471490, 0, 0, 0
70000, 450991, 0, 0, 0
71001, 451388, 0, 0, 0
72000, 508336, 0, 0, 0
73000, 475230, 0, 0, 0
74000, 498104, 0, 0, 0
75001, 503279, 0, 0, 0
76001, 505852, 0, 0, 0
77000, 490593, 0, 0, 0
78000, 510007, 0, 0, 0
79000, 518866, 0, 0, 0
80000, 447119, 0, 0, 0
81001, 497212, 0, 0, 0
82000, 443059, 0, 0, 0
83001, 473782, 0, 0, 0
84000, 495366, 0, 0, 0
85000, 508158, 0, 0, 0
86000, 479422, 0, 0, 0
87001, 491168, 0, 0, 0
88000, 477546, 0, 0, 0
89000, 447525, 0, 0, 0
90001, 477853, 0, 0, 0
91001, 463104, 0, 0, 0
92000, 460889, 0, 0, 0
93000, 462148, 0, 0, 0
94000, 464498, 0, 0, 0
95000, 440992, 0, 0, 0
96001, 484768, 0, 0, 0
97001, 494921, 0, 0, 0
98001, 456599, 0, 0, 0
99000, 468421, 0, 0, 0
100001, 451096, 0, 0, 0
101000, 422119, 0, 0, 0
102001, 448277, 0, 0, 0
103000, 427153, 0, 0, 0
104000, 419853, 0, 0, 0
105000, 450482, 0, 0, 0
106000, 418493, 0, 0, 0
107000, 381716, 0, 0, 0
108000, 701696, 0, 0, 0
109000, 743203, 0, 0, 0
110001, 752193, 0, 0, 0
111001, 699471, 0, 0, 0
112000, 544157, 0, 0, 0
113000, 483600, 0, 0, 0
114000, 492378, 0, 0, 0
115001, 457830, 0, 0, 0
116000, 475578, 0, 0, 0
117001, 473614, 0, 0, 0
118000, 467604, 0, 0, 0
119001, 452733, 0, 0, 0
120000, 435703, 0, 0, 0
121001, 442027, 0, 0, 0
122000, 418803, 0, 0, 0
123014, 390556, 0, 0, 0
124000, 631889, 0, 0, 0
125001, 545648, 0, 0, 0
126001, 611451, 0, 0, 0
127000, 656683, 0, 0, 0
128002, 783522, 0, 0, 0
129000, 739908, 0, 0, 0
130000, 597421, 0, 0, 0
131000, 667820, 0, 0, 0
132001, 552925, 0, 0, 0
133001, 550145, 0, 0, 0
134000, 558754, 0, 0, 0
135001, 568087, 0, 0, 0
136000, 537181, 0, 0, 0
137008, 619748, 0, 0, 0
138000, 573810, 0, 0, 0
139000, 594729, 0, 0, 0
140002, 562788, 0, 0, 0
141000, 600486, 0, 0, 0
142001, 517543, 0, 0, 0
143000, 566574, 0, 0, 0
144000, 581289, 0, 0, 0
145001, 549856, 0, 0, 0
146000, 516986, 0, 0, 0
147004, 563655, 0, 0, 0
148000, 533611, 0, 0, 0
149001, 470008, 0, 0, 0
150000, 534183, 0, 0, 0
151001, 473437, 0, 0, 0
152001, 513301, 0, 0, 0
153001, 500903, 0, 0, 0
154000, 524631, 0, 0, 0
155000, 491017, 0, 0, 0
156000, 480444, 0, 0, 0
157000, 523455, 0, 0, 0
158000, 494081, 0, 0, 0
159000, 559139, 0, 0, 0
160000, 518403, 0, 0, 0
161000, 515495, 0, 0, 0
162000, 515018, 0, 0, 0
163000, 549074, 0, 0, 0
164000, 478058, 0, 0, 0
165000, 441299, 0, 0, 0
166000, 473430, 0, 0, 0
167001, 496030, 0, 0, 0
168000, 496974, 0, 0, 0
169001, 517089, 0, 0, 0
170000, 501421, 0, 0, 0
171001, 484444, 0, 0, 0
172000, 552038, 0, 0, 0
173001, 507757, 0, 0, 0
174000, 494930, 0, 0, 0
175000, 525973, 0, 0, 0
176000, 503848, 0, 0, 0
177001, 460736, 0, 0, 0
178002, 516560, 0, 0, 0
179000, 555057, 0, 0, 0
180000, 484203, 0, 0, 0
181000, 536340, 0, 0, 0
182001, 516899, 0, 0, 0
183001, 583669, 0, 0, 0
184000, 595670, 0, 0, 0
185000, 567493, 0, 0, 0
186000, 543927, 0, 0, 0
187000, 498586, 0, 0, 0
188000, 511160, 0, 0, 0
189000, 496648, 0, 0, 0
190000, 472585, 0, 0, 0
191000, 503014, 0, 0, 0
192001, 837501, 0, 0, 0
193001, 777192, 0, 0, 0
194000, 778810, 0, 0, 0
195001, 571051, 0, 0, 0
196000, 577403, 0, 0, 0
197002, 659452, 0, 0, 0
198000, 648748, 0, 0, 0
199002, 691808, 0, 0, 0
200000, 604087, 0, 0, 0
201000, 588973, 0, 0, 0
202000, 574975, 0, 0, 0
203000, 573218, 0, 0, 0
204001, 610861, 0, 0, 0
205000, 526553, 0, 0, 0
206000, 531419, 0, 0, 0
207000, 512487, 0, 0, 0
208001, 547808, 0, 0, 0
209000, 657400, 0, 0, 0
210000, 584470, 0, 0, 0
211000, 676646, 0, 0, 0
212000, 615586, 0, 0, 0
213001, 574221, 0, 0, 0
214000, 548288, 0, 0, 0
215000, 609540, 0, 0, 0
216000, 466134, 0, 0, 0
217000, 539807, 0, 0, 0
218000, 580206, 0, 0, 0
219000, 522578, 0, 0, 0
220000, 516287, 0, 0, 0
221000, 585956, 0, 0, 0
222000, 569710, 0, 0, 0
223001, 581903, 0, 0, 0
224002, 515717, 0, 0, 0
225000, 552272, 0, 0, 0
226000, 519155, 0, 0, 0
227001, 479869, 0, 0, 0
228000, 502216, 0, 0, 0
229000, 584747, 0, 0, 0
230000, 571125, 0, 0, 0
231000, 664688, 0, 0, 0
232000, 699507, 0, 0, 0
233001, 702481, 0, 0, 0
234000, 638061, 0, 0, 0
235000, 596755, 0, 0, 0
236000, 627412, 0, 0, 0
237000, 603815, 0, 0, 0
238000, 600083, 0, 0, 0
239000, 514072, 0, 0, 0
240000, 475582, 0, 0, 0
241000, 559494, 0, 0, 0
242000, 517052, 0, 0, 0
243000, 631710, 0, 0, 0
244000, 510650, 0, 0, 0
245001, 545588, 0, 0, 0
246001, 505699, 0, 0, 0
247000, 490027, 0, 0, 0
248000, 524065, 0, 0, 0
249001, 518058, 0, 0, 0
250000, 516751, 0, 0, 0
251000, 579514, 0, 0, 0
252001, 548515, 0, 0, 0
253000, 485541, 0, 0, 0
254000, 630650, 0, 0, 0
255001, 581883, 0, 0, 0
256000, 511235, 0, 0, 0
257001, 577332, 0, 0, 0
258000, 497425, 0, 0, 0
259001, 513152, 0, 0, 0
260000, 510652, 0, 0, 0
261000, 518221, 0, 0, 0
262001, 497466, 0, 0, 0
263000, 446153, 0, 0, 0
264001, 499835, 0, 0, 0
265000, 478573, 0, 0, 0
266001, 523868, 0, 0, 0
267001, 566359, 0, 0, 0
268000, 551848, 0, 0, 0
269001, 531834, 0, 0, 0
270001, 570009, 0, 0, 0
271000, 561286, 0, 0, 0
272000, 614844, 0, 0, 0
273001, 546598, 0, 0, 0
274000, 515936, 0, 0, 0
275000, 525842, 0, 0, 0
276000, 518256, 0, 0, 0
277000, 545899, 0, 0, 0
278001, 559989, 0, 0, 0
279001, 524088, 0, 0, 0
280001, 497564, 0, 0, 0
281000, 501066, 0, 0, 0
282001, 479346, 0, 0, 0
283001, 508993, 0, 0, 0
284001, 463451, 0, 0, 0
285000, 480429, 0, 0, 0
286000, 516773, 0, 0, 0
287000, 465343, 0, 0, 0
288000, 473733, 0, 0, 0
289000, 496115, 0, 0, 0
290001, 470130, 0, 0, 0
291000, 449024, 0, 0, 0
292001, 495139, 0, 0, 0
293000, 467122, 0, 0, 0
294004, 477903, 0, 0, 0
295000, 449788, 0, 0, 0
296000, 472784, 0, 0, 0
297000, 475074, 0, 0, 0
298001, 458843, 0, 0, 0
299001, 459004, 0, 0, 0
300001, 452928, 0, 0, 0
301000, 460740, 0, 0, 0
302000, 444660, 0, 0, 0
303001, 454713, 0, 0, 0
304001, 451234, 0, 0, 0
305001, 461418, 0, 0, 0
306000, 490373, 0, 0, 0
307000, 483847, 0, 0, 0
308001, 626137, 0, 0, 0
309000, 580297, 0, 0, 0
310000, 489385, 0, 0, 0
311000, 489544, 0, 0, 0
312001, 479043, 0, 0, 0
313001, 441459, 0, 0, 0
314000, 456976, 0, 0, 0
315000, 472382, 0, 0, 0
316000, 494230, 0, 0, 0
317000, 454522, 0, 0, 0
318001, 467188, 0, 0, 0
319000, 479306, 0, 0, 0
320000, 484500, 0, 0, 0
321000, 490300, 0, 0, 0
322000, 442903, 0, 0, 0
323000, 444552, 0, 0, 0
324000, 485761, 0, 0, 0
325001, 488532, 0, 0, 0
326000, 483872, 0, 0, 0
327000, 557160, 0, 0, 0
328000, 490142, 0, 0, 0
329001, 469795, 0, 0, 0
330000, 526326, 0, 0, 0
331000, 460132, 0, 0, 0
332000, 439352, 0, 0, 0
333001, 475713, 0, 0, 0
334001, 527777, 0, 0, 0
335000, 542855, 0, 0, 0
336001, 473988, 0, 0, 0
337000, 572983, 0, 0, 0
338000, 515365, 0, 0, 0
339000, 505802, 0, 0, 0
340000, 436342, 0, 0, 0
341000, 449223, 0, 0, 0
342000, 380745, 0, 0, 0
343000, 438628, 0, 0, 0
344001, 448191, 0, 0, 0
345000, 392263, 0, 0, 0
346000, 431076, 0, 0, 0
347001, 519341, 0, 0, 0
348000, 471826, 0, 0, 0
349000, 515604, 0, 0, 0
350001, 552252, 0, 0, 0
351000, 532355, 0, 0, 0
352000, 510118, 0, 0, 0
353000, 544120, 0, 0, 0
354001, 512186, 0, 0, 0
355000, 495094, 0, 0, 0
356000, 529555, 0, 0, 0
357000, 498656, 0, 0, 0
358001, 443683, 0, 0, 0
359000, 490158, 0, 0, 0
360000, 444913, 0, 0, 0
