1000, 550550, 1, 0, 0
2024, 503022, 1, 0, 0
3000, 574419, 1, 0, 0
4000, 782472, 1, 0, 0
5002, 752613, 1, 0, 0
6000, 1156420, 1, 0, 0
7025, 977190, 1, 0, 0
8000, 834236, 1, 0, 0
9002, 629106, 1, 0, 0
10008, 667825, 1, 0, 0
11000, 626894, 1, 0, 0
12005, 668492, 1, 0, 0
13000, 753043, 1, 0, 0
14000, 755977, 1, 0, 0
15003, 902521, 1, 0, 0
16000, 880320, 1, 0, 0
17004, 988661, 1, 0, 0
18000, 977570, 1, 0, 0
19000, 1073680, 1, 0, 0
20000, 1062475, 1, 0, 0
21003, 1073968, 1, 0, 0
22001, 982803, 1, 0, 0
23007, 1042456, 1, 0, 0
24000, 1021757, 1, 0, 0
25004, 991577, 1, 0, 0
26000, 948487, 1, 0, 0
27006, 1007058, 1, 0, 0
28000, 1165280, 1, 0, 0
29000, 1184666, 1, 0, 0
30002, 1500266, 1, 0, 0
31000, 1376919, 1, 0, 0
32001, 1443812, 1, 0, 0
33000, 1549030, 1, 0, 0
34000, 1648113, 1, 0, 0
35000, 1962394, 1, 0, 0
36009, 2038042, 1, 0, 0
37002, 1004089, 1, 0, 0
38000, 1031522, 1, 0, 0
39000, 970183, 1, 0, 0
40003, 1012244, 1, 0, 0
41006, 993412, 1, 0, 0
42000, 1083082, 1, 0, 0
43000, 2110156, 1, 0, 0
44003, 2092924, 1, 0, 0
45003, 1135703, 1, 0, 0
46000, 530029, 1, 0, 0
47000, 662565, 1, 0, 0
48000, 622076, 1, 0, 0
49013, 626208, 1, 0, 0
50000, 1020050, 1, 0, 0
51000, 970243, 1, 0, 0
52000, 761798, 1, 0, 0
53005, 855034, 1, 0, 0
54000, 964858, 1, 0, 0
55002, 998857, 1, 0, 0
56000, 864148, 1, 0, 0
57004, 857032, 1, 0, 0
58000, 1476928, 1, 0, 0
59016, 1482419, 1, 0, 0
60000, 1506686, 1, 0, 0
61000, 1458256, 1, 0, 0
62007, 1444938, 1, 0, 0
63000, 2181918, 1, 0, 0
64009, 1866899, 1, 0, 0
65000, 1957017, 1, 0, 0
66002, 1966664, 1, 0, 0
67003, 1622416, 1, 0, 0
68000, 1445515, 1, 0, 0
69000, 1410612, 1, 0, 0
70000, 1387105, 1, 0, 0
71000, 1394463, 1, 0, 0
72002, 1423243, 1, 0, 0
73000, 1589324, 1, 0, 0
74008, 1403510, 1, 0, 0
75000, 1401514, 1, 0, 0
76004, 1387624, 1, 0, 0
77009, 1431081, 1, 0, 0
78001, 1191702, 1, 0, 0
79000, 1084512, 1, 0, 0
80000, 1132898, 1, 0, 0
81000, 1597733, 1, 0, 0
82000, 1396971, 1, 0, 0
83000, 1415764, 1, 0, 0
84000, 1398782, 1, 0, 0
85000, 1963822, 1, 0, 0
86005, 2169734, 1, 0, 0
87004, 2120232, 1, 0, 0
88000, 2119235, 1, 0, 0
89003, 1965575, 1, 0, 0
90006, 1044433, 1, 0, 0
91003, 1113250, 1, 0, 0
92000, 1055339, 1, 0, 0
93005, 1034606, 1, 0, 0
94003, 1035985, 1, 0, 0
95000, 1006752, 1, 0, 0
96000, 1104118, 1, 0, 0
97022, 1126763, 1, 0, 0
98001, 1120265, 1, 0, 0
99009, 1164081, 1, 0, 0
100005, 1536949, 1, 0, 0
101000, 1454150, 1, 0, 0
102009, 1503710, 1, 0, 0
103000, 1487570, 1, 0, 0
104007, 1446956, 1, 0, 0
105002, 1712810, 1, 0, 0
106000, 1808351, 1, 0, 0
107000, 1542543, 1, 0, 0
108006, 1728584, 1, 0, 0
109007, 1834181, 1, 0, 0
110004, 1866644, 1, 0, 0
111000, 2035531, 1, 0, 0
112000, 1916959, 1, 0, 0
113012, 1647937, 1, 0, 0
114000, 1756834, 1, 0, 0
115000, 1727605, 1, 0, 0
116002, 1695969, 1, 0, 0
117000, 2077031, 1, 0, 0
118003, 2047727, 1, 0, 0
119001, 1911616, 1, 0, 0
120000, 1968914, 1, 0, 0
121010, 1920720, 1, 0, 0
122007, 2221686, 1, 0, 0
123000, 2242037, 1, 0, 0
124006, 2146628, 1, 0, 0
125000, 2084658, 1, 0, 0
126003, 1604194, 1, 0, 0
127000, 1532329, 1, 0, 0
128000, 539933, 1, 0, 0
129000, 535881, 1, 0, 0
130000, 623278, 1, 0, 0
131000, 626744, 1, 0, 0
132000, 943147, 1, 0, 0
133004, 938795, 1, 0, 0
134000, 951009, 1, 0, 0
135030, 930079, 1, 0, 0
136000, 910228, 1, 0, 0
137000, 793064, 1, 0, 0
138000, 807562, 1, 0, 0
139000, 820738, 1, 0, 0
140006, 879365, 1, 0, 0
141007, 938770, 1, 0, 0
142004, 969575, 1, 0, 0
143000, 812368, 1, 0, 0
144000, 847800, 1, 0, 0
145005, 897637, 1, 0, 0
146006, 925178, 1, 0, 0
147000, 895182, 1, 0, 0
148005, 922346, 1, 0, 0
149000, 809114, 1, 0, 0
150000, 772875, 1, 0, 0
151000, 1071257, 1, 0, 0
152003, 1173207, 1, 0, 0
153000, 1035333, 1, 0, 0
154000, 869705, 1, 0, 0
155000, 869475, 1, 0, 0
156000, 918355, 1, 0, 0
157001, 972988, 1, 0, 0
158002, 1073277, 1, 0, 0
159000, 1112274, 1, 0, 0
160000, 1192650, 1, 0, 0
161006, 1078853, 1, 0, 0
162001, 1003714, 1, 0, 0
163000, 650894, 1, 0, 0
164000, 622366, 1, 0, 0
165000, 659200, 1, 0, 0
166000, 745843, 1, 0, 0
167001, 999324, 1, 0, 0
168000, 937756, 1, 0, 0
169006, 895180, 1, 0, 0
170002, 976147, 1, 0, 0
171002, 1232821, 1, 0, 0
172000, 1184936, 1, 0, 0
173006, 1920063, 1, 0, 0
174000, 2082054, 1, 0, 0
175007, 1590392, 1, 0, 0
176000, 1235548, 1, 0, 0
177000, 1209178, 1, 0, 0
178001, 1213983, 1, 0, 0
179007, 1303730, 1, 0, 0
180004, 1231243, 1, 0, 0
181000, 1217778, 1, 0, 0
182000, 1666032, 1, 0, 0
183001, 1723094, 1, 0, 0
184000, 1794420, 1, 0, 0
185009, 1788168, 1, 0, 0
186000, 1523089, 1, 0, 0
187000, 1095840, 1, 0, 0
188001, 1227084, 1, 0, 0
189000, 1156491, 1, 0, 0
190000, 1051852, 1, 0, 0
191000, 955185, 1, 0, 0
192005, 894908, 1, 0, 0
193002, 850661, 1, 0, 0
194000, 986777, 1, 0, 0
195000, 1473704, 1, 0, 0
196007, 1496800, 1, 0, 0
197007, 1508699, 1, 0, 0
198003, 1469872, 1, 0, 0
199000, 1346521, 1, 0, 0
200006, 1303636, 1, 0, 0
201010, 1346794, 1, 0, 0
202000, 1352445, 1, 0, 0
203006, 1529776, 1, 0, 0
204012, 2139224, 1, 0, 0
205000, 2070996, 1, 0, 0
206001, 2139382, 1, 0, 0
207011, 2154549, 1, 0, 0
208004, 2096719, 1, 0, 0
209007, 2190585, 1, 0, 0
210001, 2135076, 1, 0, 0
211000, 1229587, 1, 0, 0
212000, 1239291, 1, 0, 0
213000, 1211283, 1, 0, 0
214004, 1278003, 1, 0, 0
215008, 1233393, 1, 0, 0
216001, 1238399, 1, 0, 0
217006, 1209544, 1, 0, 0
218000, 1246456, 1, 0, 0
219004, 1223592, 1, 0, 0
220000, 1230466, 1, 0, 0
221000, 1324607, 1, 0, 0
222000, 1450597, 1, 0, 0
223000, 1306248, 1, 0, 0
224002, 1324020, 1, 0, 0
225000, 1334667, 1, 0, 0
226005, 1287436, 1, 0, 0
227001, 870761, 1, 0, 0
228000, 993733, 1, 0, 0
229000, 1226788, 1, 0, 0
230000, 1104650, 1, 0, 0
231000, 931260, 1, 0, 0
232000, 906419, 1, 0, 0
233000, 881685, 1, 0, 0
234006, 913601, 1, 0, 0
235002, 1163054, 1, 0, 0
236000, 1268913, 1, 0, 0
237000, 1337418, 1, 0, 0
238002, 1543857, 1, 0, 0
239009, 1504203, 1, 0, 0
240000, 1574518, 1, 0, 0
241003, 1545670, 1, 0, 0
242009, 1506598, 1, 0, 0
243005, 1565277, 1, 0, 0
244016, 1635022, 1, 0, 0
245000, 1381371, 1, 0, 0
246001, 1415855, 1, 0, 0
247004, 1417323, 1, 0, 0
248006, 1299480, 1, 0, 0
249003, 1244888, 1, 0, 0
250000, 1265872, 1, 0, 0
251000, 1237062, 1, 0, 0
252008, 1416184, 1, 0, 0
253005, 2184474, 1, 0, 0
254003, 2120884, 1, 0, 0
255010, 2183651, 1, 0, 0
256010, 2165308, 1, 0, 0
257000, 2100317, 1, 0, 0
258006, 2202300, 1, 0, 0
259011, 2142051, 1, 0, 0
260000, 1253398, 1, 0, 0
261000, 1272685, 1, 0, 0
262000, 1250059, 1, 0, 0
263000, 1363550, 1, 0, 0
264002, 1284861, 1, 0, 0
265007, 1265687, 1, 0, 0
266005, 1236021, 1, 0, 0
267000, 1270873, 1, 0, 0
268002, 1361699, 1, 0, 0
269000, 1812374, 1, 0, 0
270003, 1814167, 1, 0, 0
271003, 1664054, 1, 0, 0
272007, 1816575, 1, 0, 0
273001, 1680053, 1, 0, 0
274000, 1652872, 1, 0, 0
275000, 1632010, 1, 0, 0
276000, 1685787, 1, 0, 0
277000, 1647582, 1, 0, 0
278007, 1369285, 1, 0, 0
279005, 1489326, 1, 0, 0
280000, 1612693, 1, 0, 0
281000, 1560227, 1, 0, 0
282007, 1778940, 1, 0, 0
283000, 1669024, 1, 0, 0
284000, 1705886, 1, 0, 0
285009, 2204591, 1, 0, 0
286000, 2175061, 1, 0, 0
287000, 1212039, 1, 0, 0
288007, 1176681, 1, 0, 0
289007, 1194424, 1, 0, 0
290003, 1146390, 1, 0, 0
291000, 1188948, 1, 0, 0
292002, 1080315, 1, 0, 0
293001, 1445613, 1, 0, 0
294000, 1908747, 1, 0, 0
295000, 1762009, 1, 0, 0
296004, 1242895, 1, 0, 0
297000, 1288228, 1, 0, 0
298000, 1246691, 1, 0, 0
299008, 1210061, 1, 0, 0
300000, 1338683, 1, 0, 0
301008, 1242668, 1, 0, 0
302008, 1520867, 1, 0, 0
303000, 1762694, 1, 0, 0
304001, 1820214, 1, 0, 0
305001, 2100688, 1, 0, 0
306000, 2184041, 1, 0, 0
307009, 2168452, 1, 0, 0
308000, 2135052, 1, 0, 0
309004, 2213364, 1, 0, 0
310011, 2220157, 1, 0, 0
311000, 2219446, 1, 0, 0
312000, 1022689, 1, 0, 0
313000, 1015207, 1, 0, 0
314002, 970616, 1, 0, 0
315010, 1065697, 1, 0, 0
316000, 1985106, 1, 0, 0
317008, 1790377, 1, 0, 0
318006, 1800955, 1, 0, 0
319002, 2109771, 1, 0, 0
320011, 1981594, 1, 0, 0
321000, 2013754, 1, 0, 0
322005, 1570930, 1, 0, 0
323011, 1529415, 1, 0, 0
324002, 1566282, 1, 0, 0
325000, 1542280, 1, 0, 0
326006, 1436392, 1, 0, 0
327000, 1767265, 1, 0, 0
328008, 2127441, 1, 0, 0
329007, 2172304, 1, 0, 0
330007, 2479156, 1, 0, 0
331004, 1800193, 1, 0, 0
332000, 1740410, 1, 0, 0
333006, 1815610, 1, 0, 0
334000, 1779391, 1, 0, 0
335010, 1773710, 1, 0, 0
336000, 2080820, 1, 0, 0
337000, 1886602, 1, 0, 0
338000, 1814601, 1, 0, 0
339000, 1873541, 1, 0, 0
340000, 1873324, 1, 0, 0
341000, 1300689, 1, 0, 0
342000, 485452, 1, 0, 0
343000, 660609, 1, 0, 0
344000, 691783, 1, 0, 0
345005, 685782, 1, 0, 0
346002, 835232, 1, 0, 0
347000, 842797, 1, 0, 0
348003, 831309, 1, 0, 0
349002, 851643, 1, 0, 0
350000, 659089, 1, 0, 0
351000, 677689, 1, 0, 0
352000, 730672, 1, 0, 0
353000, 704793, 1, 0, 0
354000, 676345, 1, 0, 0
355000, 686065, 1, 0, 0
356002, 681626, 1, 0, 0
357000, 664363, 1, 0, 0
358000, 950475, 1, 0, 0
359000, 1022794, 1, 0, 0
360000, 715277, 1, 0, 0
360000, 249768, 1, 0, 0
