1014, 493024, 0, 0, 0
2000, 455368, 0, 0, 0
3000, 463976, 0, 0, 0
4000, 481389, 0, 0, 0
5000, 470082, 0, 0, 0
6001, 440719, 0, 0, 0
7000, 458413, 0, 0, 0
8000, 473715, 0, 0, 0
9001, 556309, 0, 0, 0
10000, 524189, 0, 0, 0
11000, 566467, 0, 0, 0
12000, 443823, 0, 0, 0
13001, 439776, 0, 0, 0
14000, 574935, 0, 0, 0
15001, 530712, 0, 0, 0
16000, 507434, 0, 0, 0
17000, 537350, 0, 0, 0
18000, 517212, 0, 0, 0
19000, 515902, 0, 0, 0
20000, 460667, 0, 0, 0
21000, 417716, 0, 0, 0
22000, 1081669, 0, 0, 0
23000, 654553, 0, 0, 0
24000, 385311, 0, 0, 0
25000, 522169, 0, 0, 0
26000, 443579, 0, 0, 0
27000, 385648, 0, 0, 0
28000, 1022459, 0, 0, 0
29000, 967389, 0, 0, 0
30001, 848306, 0, 0, 0
31001, 699710, 0, 0, 0
32000, 563529, 0, 0, 0
33002, 521536, 0, 0, 0
34001, 538187, 0, 0, 0
35000, 533378, 0, 0, 0
36000, 456261, 0, 0, 0
37000, 503504, 0, 0, 0
38000, 531893, 0, 0, 0
39000, 464651, 0, 0, 0
40000, 477379, 0, 0, 0
41000, 512400, 0, 0, 0
42000, 463415, 0, 0, 0
43000, 443355, 0, 0, 0
44001, 520112, 0, 0, 0
45000, 441940, 0, 0, 0
46000, 500435, 0, 0, 0
47000, 509633, 0, 0, 0
48000, 477271, 0, 0, 0
49001, 458137, 0, 0, 0
50001, 526555, 0, 0, 0
51000, 473118, 0, 0, 0
52001, 508870, 0, 0, 0
53000, 471407, 0, 0, 0
54001, 477688, 0, 0, 0
55000, 468364, 0, 0, 0
56000, 379063, 0, 0, 0
57001, 883068, 0, 0, 0
58000, 791803, 0, 0, 0
59000, 796515, 0, 0, 0
60000, 862089, 0, 0, 0
61000, 704832, 0, 0, 0
62001, 550589, 0, 0, 0
63000, 535480, 0, 0, 0
64000, 527999, 0, 0, 0
65000, 726843, 0, 0, 0
66001, 569706, 0, 0, 0
67000, 587537, 0, 0, 0
68001, 640335, 0, 0, 0
69001, 563500, 0, 0, 0
70000, 528910, 0, 0, 0
71000, 533431, 0, 0, 0
72000, 486070, 0, 0, 0
73001, 449613, 0, 0, 0
74000, 465759, 0, 0, 0
75000, 459965, 0, 0, 0
76000, 436933, 0, 0, 0
77000, 494767, 0, 0, 0
78000, 524899, 0, 0, 0
79000, 499595, 0, 0, 0
80000, 529249, 0, 0, 0
81000, 519401, 0, 0, 0
82000, 482677, 0, 0, 0
83028, 486242, 0, 0, 0
84000, 479674, 0, 0, 0
85000, 466077, 0, 0, 0
86001, 519944, 0, 0, 0
87000, 468863, 0, 0, 0
88000, 462984, 0, 0, 0
89000, 407513, 0, 0, 0
90000, 512733, 0, 0, 0
91000, 1128419, 0, 0, 0
92000, 1015545, 0, 0, 0
93000, 1001441, 0, 0, 0
94000, 978907, 0, 0, 0
95000, 947129, 0, 0, 0
96001, 645393, 0, 0, 0
97000, 653474, 0, 0, 0
98000, 531297, 0, 0, 0
99001, 465306, 0, 0, 0
100001, 456777, 0, 0, 0
101001, 461397, 0, 0, 0
102001, 460993, 0, 0, 0
103000, 469205, 0, 0, 0
104000, 495039, 0, 0, 0
105000, 479982, 0, 0, 0
106000, 507139, 0, 0, 0
107000, 518749, 0, 0, 0
108001, 469502, 0, 0, 0
109000, 442647, 0, 0, 0
110000, 458330, 0, 0, 0
111000, 473200, 0, 0, 0
112000, 478961, 0, 0, 0
113002, 468754, 0, 0, 0
114000, 536109, 0, 0, 0
115000, 480171, 0, 0, 0
116000, 497822, 0, 0, 0
117000, 487477, 0, 0, 0
118000, 431796, 0, 0, 0
119000, 460436, 0, 0, 0
120000, 470808, 0, 0, 0
121000, 438940, 0, 0, 0
122000, 423996, 0, 0, 0
123000, 464494, 0, 0, 0
124000, 477212, 0, 0, 0
125000, 381600, 0, 0, 0
126000, 577907, 0, 0, 0
127000, 964991, 0, 0, 0
128000, 1028290, 0, 0, 0
129002, 932354, 0, 0, 0
130001, 911973, 0, 0, 0
131000, 636358, 0, 0, 0
132000, 622450, 0, 0, 0
133000, 602710, 0, 0, 0
134001, 665938, 0, 0, 0
135000, 649706, 0, 0, 0
136000, 615115, 0, 0, 0
137001, 580344, 0, 0, 0
138000, 648558, 0, 0, 0
139000, 594679, 0, 0, 0
140000, 519447, 0, 0, 0
141000, 541164, 0, 0, 0
142000, 482659, 0, 0, 0
143001, 484575, 0, 0, 0
144021, 559588, 0, 0, 0
145000, 493367, 0, 0, 0
146000, 471765, 0, 0, 0
147002, 478070, 0, 0, 0
148000, 519083, 0, 0, 0
149002, 494421, 0, 0, 0
150000, 522185, 0, 0, 0
151000, 453096, 0, 0, 0
152000, 450340, 0, 0, 0
153000, 476462, 0, 0, 0
154001, 482697, 0, 0, 0
155000, 394872, 0, 0, 0
156000, 571680, 0, 0, 0
157001, 715937, 0, 0, 0
158001, 680794, 0, 0, 0
159001, 720603, 0, 0, 0
160000, 833828, 0, 0, 0
161000, 669901, 0, 0, 0
162000, 686101, 0, 0, 0
163000, 736513, 0, 0, 0
164002, 652070, 0, 0, 0
165000, 517024, 0, 0, 0
166000, 528184, 0, 0, 0
167000, 427676, 0, 0, 0
168001, 474469, 0, 0, 0
169000, 448910, 0, 0, 0
170000, 469880, 0, 0, 0
171001, 513346, 0, 0, 0
172001, 595523, 0, 0, 0
173001, 628034, 0, 0, 0
174000, 583471, 0, 0, 0
175000, 480642, 0, 0, 0
176000, 485295, 0, 0, 0
177000, 440788, 0, 0, 0
178001, 486857, 0, 0, 0
179000, 421475, 0, 0, 0
180001, 446661, 0, 0, 0
181000, 503407, 0, 0, 0
182001, 492400, 0, 0, 0
183001, 534730, 0, 0, 0
184000, 544537, 0, 0, 0
185000, 600050, 0, 0, 0
186001, 718982, 0, 0, 0
187000, 671187, 0, 0, 0
188000, 497106, 0, 0, 0
189000, 456112, 0, 0, 0
190017, 492525, 0, 0, 0
191002, 475384, 0, 0, 0
192000, 454585, 0, 0, 0
193000, 454848, 0, 0, 0
194000, 507422, 0, 0, 0
195000, 451075, 0, 0, 0
196000, 461681, 0, 0, 0
197000, 462641, 0, 0, 0
198001, 456274, 0, 0, 0
199000, 476342, 0, 0, 0
200000, 514798, 0, 0, 0
201001, 480634, 0, 0, 0
202000, 448113, 0, 0, 0
203001, 487826, 0, 0, 0
204000, 404284, 0, 0, 0
205000, 458510, 0, 0, 0
206000, 540971, 0, 0, 0
207001, 522101, 0, 0, 0
208001, 461960, 0, 0, 0
209011, 533195, 0, 0, 0
210001, 501330, 0, 0, 0
211000, 510573, 0, 0, 0
212000, 500476, 0, 0, 0
213000, 457587, 0, 0, 0
214000, 400806, 0, 0, 0
215001, 545286, 0, 0, 0
216000, 597285, 0, 0, 0
217000, 508950, 0, 0, 0
218000, 469190, 0, 0, 0
219001, 500502, 0, 0, 0
220000, 480834, 0, 0, 0
221001, 475343, 0, 0, 0
222002, 576668, 0, 0, 0
223001, 571021, 0, 0, 0
224000, 548512, 0, 0, 0
225000, 601957, 0, 0, 0
226000, 495587, 0, 0, 0
227000, 460200, 0, 0, 0
228000, 471464, 0, 0, 0
229000, 443910, 0, 0, 0
230000, 426318, 0, 0, 0
231000, 465897, 0, 0, 0
232001, 426491, 0, 0, 0
233000, 431624, 0, 0, 0
234000, 475327, 0, 0, 0
235001, 390576, 0, 0, 0
236000, 448295, 0, 0, 0
237000, 483771, 0, 0, 0
238000, 377230, 0, 0, 0
239001, 575157, 0, 0, 0
240000, 827436, 0, 0, 0
241000, 831197, 0, 0, 0
242000, 754195, 0, 0, 0
243000, 505989, 0, 0, 0
244000, 456022, 0, 0, 0
245000, 380730, 0, 0, 0
246000, 480558, 0, 0, 0
247000, 452991, 0, 0, 0
248000, 381207, 0, 0, 0
249000, 571545, 0, 0, 0
250001, 472464, 0, 0, 0
251000, 461364, 0, 0, 0
252001, 492441, 0, 0, 0
253000, 473385, 0, 0, 0
254000, 446949, 0, 0, 0
255001, 478001, 0, 0, 0
256000, 531436, 0, 0, 0
257001, 649802, 0, 0, 0
258000, 642900, 0, 0, 0
259000, 619714, 0, 0, 0
260001, 562727, 0, 0, 0
261000, 532359, 0, 0, 0
262000, 503871, 0, 0, 0
263000, 493664, 0, 0, 0
264000, 458661, 0, 0, 0
265000, 524536, 0, 0, 0
266000, 495904, 0, 0, 0
267001, 460907, 0, 0, 0
268001, 489029, 0, 0, 0
269001, 545497, 0, 0, 0
270001, 538622, 0, 0, 0
271000, 470794, 0, 0, 0
272000, 453779, 0, 0, 0
273000, 404479, 0, 0, 0
274001, 656540, 0, 0, 0
275000, 654452, 0, 0, 0
276000, 523371, 0, 0, 0
277001, 619473, 0, 0, 0
278000, 658340, 0, 0, 0
279000, 617321, 0, 0, 0
280000, 601857, 0, 0, 0
281000, 577425, 0, 0, 0
282000, 544118, 0, 0, 0
283000, 549522, 0, 0, 0
284000, 595607, 0, 0, 0
285000, 479003, 0, 0, 0
286000, 532690, 0, 0, 0
287001, 539035, 0, 0, 0
288001, 570024, 0, 0, 0
289001, 575851, 0, 0, 0
290000, 569874, 0, 0, 0
291000, 514409, 0, 0, 0
292001, 515337, 0, 0, 0
293002, 515046, 0, 0, 0
294001, 570223, 0, 0, 0
295000, 503798, 0, 0, 0
296001, 473095, 0, 0, 0
297000, 569859, 0, 0, 0
298000, 548553, 0, 0, 0
299000, 521074, 0, 0, 0
300000, 515559, 0, 0, 0
301000, 471789, 0, 0, 0
302000, 479615, 0, 0, 0
303001, 516683, 0, 0, 0
304000, 465714, 0, 0, 0
305001, 475076, 0, 0, 0
306000, 477533, 0, 0, 0
307000, 458442, 0, 0, 0
308000, 456721, 0, 0, 0
309000, 479892, 0, 0, 0
310000, 464456, 0, 0, 0
311001, 442351, 0, 0, 0
312000, 492562, 0, 0, 0
313000, 461762, 0, 0, 0
314000, 465030, 0, 0, 0
315000, 485237, 0, 0, 0
316001, 471250, 0, 0, 0
317029, 489190, 0, 0, 0
318000, 460891, 0, 0, 0
319000, 487859, 0, 0, 0
320031, 569414, 0, 0, 0
321000, 476880, 0, 0, 0
322000, 501898, 0, 0, 0
323001, 513159, 0, 0, 0
324000, 532634, 0, 0, 0
325000, 590820, 0, 0, 0
326001, 556265, 0, 0, 0
327001, 533147, 0, 0, 0
328000, 499699, 0, 0, 0
329000, 542760, 0, 0, 0
330001, 517566, 0, 0, 0
331000, 492751, 0, 0, 0
332000, 468416, 0, 0, 0
333001, 484293, 0, 0, 0
334000, 486589, 0, 0, 0
335001, 470101, 0, 0, 0
336001, 571146, 0, 0, 0
337000, 536673, 0, 0, 0
338000, 534225, 0, 0, 0
339000, 534562, 0, 0, 0
340000, 573876, 0, 0, 0
341001, 570808, 0, 0, 0
342001, 671525, 0, 0, 0
343001, 690334, 0, 0, 0
344000, 648185, 0, 0, 0
345000, 570263, 0, 0, 0
346012, 574744, 0, 0, 0
347000, 530916, 0, 0, 0
348002, 509604, 0, 0, 0
349001, 530899, 0, 0, 0
350000, 563432, 0, 0, 0
351000, 539643, 0, 0, 0
352000, 519959, 0, 0, 0
353000, 533220, 0, 0, 0
354000, 464657, 0, 0, 0
355001, 464290, 0, 0, 0
356001, 463805, 0, 0, 0
357000, 466945, 0, 0, 0
358001, 473428, 0, 0, 0
359000, 478257, 0, 0, 0
360000, 462676, 0, 0, 0
