1000, 695485, 0, 0, 0
2003, 661304, 0, 0, 0
3000, 581392, 0, 0, 0
4000, 604403, 0, 0, 0
5000, 573213, 0, 0, 0
6000, 552365, 0, 0, 0
7000, 489389, 0, 0, 0
8001, 470095, 0, 0, 0
9001, 509404, 0, 0, 0
10000, 510381, 0, 0, 0
11000, 477070, 0, 0, 0
12000, 528385, 0, 0, 0
13001, 472502, 0, 0, 0
14001, 618099, 0, 0, 0
15000, 607291, 0, 0, 0
16000, 612264, 0, 0, 0
17000, 560440, 0, 0, 0
18001, 534384, 0, 0, 0
19000, 507297, 0, 0, 0
20001, 501036, 0, 0, 0
21000, 540538, 0, 0, 0
22000, 578784, 0, 0, 0
23001, 546231, 0, 0, 0
24000, 531065, 0, 0, 0
25001, 555806, 0, 0, 0
26000, 477422, 0, 0, 0
27000, 467657, 0, 0, 0
28000, 424222, 0, 0, 0
29000, 547368, 0, 0, 0
30000, 467463, 0, 0, 0
31001, 472232, 0, 0, 0
32000, 536933, 0, 0, 0
33001, 472769, 0, 0, 0
34000, 463494, 0, 0, 0
35000, 489925, 0, 0, 0
36000, 458906, 0, 0, 0
37001, 463010, 0, 0, 0
38000, 489393, 0, 0, 0
39000, 466200, 0, 0, 0
40000, 450849, 0, 0, 0
41000, 473405, 0, 0, 0
42000, 461618, 0, 0, 0
43000, 459723, 0, 0, 0
44001, 494462, 0, 0, 0
45000, 489467, 0, 0, 0
46000, 498808, 0, 0, 0
47000, 624745, 0, 0, 0
48000, 615872, 0, 0, 0
49000, 640543, 0, 0, 0
50002, 782833, 0, 0, 0
51000, 538434, 0, 0, 0
52000, 548973, 0, 0, 0
53000, 521562, 0, 0, 0
54000, 534120, 0, 0, 0
55000, 494948, 0, 0, 0
56000, 515431, 0, 0, 0
57000, 546643, 0, 0, 0
58001, 434210, 0, 0, 0
59000, 550995, 0, 0, 0
60001, 618569, 0, 0, 0
61000, 607207, 0, 0, 0
62000, 536260, 0, 0, 0
63001, 667506, 0, 0, 0
64000, 593187, 0, 0, 0
65000, 535856, 0, 0, 0
66000, 540170, 0, 0, 0
67000, 537542, 0, 0, 0
68000, 508770, 0, 0, 0
69000, 534274, 0, 0, 0
70000, 575038, 0, 0, 0
71001, 567510, 0, 0, 0
72001, 549233, 0, 0, 0
73000, 535467, 0, 0, 0
74000, 496730, 0, 0, 0
75000, 491719, 0, 0, 0
76000, 545294, 0, 0, 0
77000, 584910, 0, 0, 0
78000, 557972, 0, 0, 0
79000, 877848, 0, 0, 0
80001, 878737, 0, 0, 0
81001, 672001, 0, 0, 0
82001, 563201, 0, 0, 0
83000, 552691, 0, 0, 0
84000, 516995, 0, 0, 0
85000, 460243, 0, 0, 0
86000, 451034, 0, 0, 0
87001, 554422, 0, 0, 0
88000, 532247, 0, 0, 0
89000, 506603, 0, 0, 0
90001, 694062, 0, 0, 0
91000, 610363, 0, 0, 0
92001, 604701, 0, 0, 0
93000, 528598, 0, 0, 0
94000, 453247, 0, 0, 0
95000, 467905, 0, 0, 0
96000, 516779, 0, 0, 0
97001, 567902, 0, 0, 0
98000, 565506, 0, 0, 0
99000, 555247, 0, 0, 0
100000, 520392, 0, 0, 0
101001, 438543, 0, 0, 0
102001, 421265, 0, 0, 0
103000, 505874, 0, 0, 0
104001, 480791, 0, 0, 0
105000, 443012, 0, 0, 0
106000, 550192, 0, 0, 0
107000, 508308, 0, 0, 0
108000, 492706, 0, 0, 0
109000, 521443, 0, 0, 0
110000, 432299, 0, 0, 0
111000, 422835, 0, 0, 0
112000, 468949, 0, 0, 0
113000, 531792, 0, 0, 0
114000, 501618, 0, 0, 0
115001, 542737, 0, 0, 0
116000, 458418, 0, 0, 0
117000, 511979, 0, 0, 0
118002, 614494, 0, 0, 0
119000, 607552, 0, 0, 0
120001, 581616, 0, 0, 0
121000, 619230, 0, 0, 0
122000, 671512, 0, 0, 0
123000, 634162, 0, 0, 0
124000, 570775, 0, 0, 0
125000, 569195, 0, 0, 0
126002, 545532, 0, 0, 0
127000, 535366, 0, 0, 0
128001, 543222, 0, 0, 0
129001, 439544, 0, 0, 0
130000, 524054, 0, 0, 0
131000, 499379, 0, 0, 0
132001, 448358, 0, 0, 0
133000, 581497, 0, 0, 0
134000, 701101, 0, 0, 0
135000, 719873, 0, 0, 0
136001, 701565, 0, 0, 0
137000, 513405, 0, 0, 0
138001, 504348, 0, 0, 0
139000, 449867, 0, 0, 0
140003, 477668, 0, 0, 0
141000, 497156, 0, 0, 0
142001, 473714, 0, 0, 0
143000, 460213, 0, 0, 0
144001, 465182, 0, 0, 0
145000, 459289, 0, 0, 0
146000, 504239, 0, 0, 0
147001, 510884, 0, 0, 0
148001, 494048, 0, 0, 0
149001, 483578, 0, 0, 0
150000, 466180, 0, 0, 0
151000, 488777, 0, 0, 0
152000, 468844, 0, 0, 0
153000, 493239, 0, 0, 0
154001, 492646, 0, 0, 0
155000, 474304, 0, 0, 0
156000, 541517, 0, 0, 0
157001, 515921, 0, 0, 0
158000, 483522, 0, 0, 0
159000, 427096, 0, 0, 0
160000, 446908, 0, 0, 0
161000, 461059, 0, 0, 0
162001, 456131, 0, 0, 0
163000, 556280, 0, 0, 0
164000, 539481, 0, 0, 0
165002, 527720, 0, 0, 0
166000, 464190, 0, 0, 0
167021, 464085, 0, 0, 0
168001, 512207, 0, 0, 0
169000, 450623, 0, 0, 0
170002, 497724, 0, 0, 0
171001, 1010410, 0, 0, 0
172000, 921893, 0, 0, 0
173000, 1039213, 0, 0, 0
174001, 962395, 0, 0, 0
175003, 668188, 0, 0, 0
176000, 551550, 0, 0, 0
177000, 465224, 0, 0, 0
178000, 530822, 0, 0, 0
179001, 566117, 0, 0, 0
180000, 530013, 0, 0, 0
181000, 583526, 0, 0, 0
182000, 540088, 0, 0, 0
183002, 541570, 0, 0, 0
184000, 490294, 0, 0, 0
185000, 505258, 0, 0, 0
186000, 460920, 0, 0, 0
187000, 437199, 0, 0, 0
188001, 567747, 0, 0, 0
189000, 459937, 0, 0, 0
190001, 472737, 0, 0, 0
191000, 651567, 0, 0, 0
192001, 582207, 0, 0, 0
193000, 615084, 0, 0, 0
194000, 684051, 0, 0, 0
195000, 544618, 0, 0, 0
196000, 480337, 0, 0, 0
197000, 482092, 0, 0, 0
198001, 455393, 0, 0, 0
199000, 442137, 0, 0, 0
200000, 492584, 0, 0, 0
201000, 464792, 0, 0, 0
202000, 450639, 0, 0, 0
203000, 478659, 0, 0, 0
204000, 489837, 0, 0, 0
205000, 449449, 0, 0, 0
206000, 480520, 0, 0, 0
207001, 471907, 0, 0, 0
208000, 557176, 0, 0, 0
209001, 574386, 0, 0, 0
210001, 566228, 0, 0, 0
211000, 581641, 0, 0, 0
212000, 545286, 0, 0, 0
213000, 601101, 0, 0, 0
214000, 555002, 0, 0, 0
215000, 496841, 0, 0, 0
216000, 517307, 0, 0, 0
217000, 475825, 0, 0, 0
218000, 455818, 0, 0, 0
219001, 533608, 0, 0, 0
220000, 494129, 0, 0, 0
221000, 442556, 0, 0, 0
222001, 582839, 0, 0, 0
223002, 470532, 0, 0, 0
224000, 508874, 0, 0, 0
225001, 568384, 0, 0, 0
226002, 597897, 0, 0, 0
227000, 562325, 0, 0, 0
228000, 625787, 0, 0, 0
229000, 579198, 0, 0, 0
230000, 497608, 0, 0, 0
231001, 552496, 0, 0, 0
232000, 541582, 0, 0, 0
233000, 483182, 0, 0, 0
234000, 436873, 0, 0, 0
235000, 474114, 0, 0, 0
236000, 466222, 0, 0, 0
237000, 439038, 0, 0, 0
238001, 572663, 0, 0, 0
239000, 540877, 0, 0, 0
240000, 500589, 0, 0, 0
241000, 544657, 0, 0, 0
242001, 562675, 0, 0, 0
243000, 517332, 0, 0, 0
244000, 581012, 0, 0, 0
245001, 469738, 0, 0, 0
246000, 473494, 0, 0, 0
247000, 511670, 0, 0, 0
248000, 493822, 0, 0, 0
249000, 468071, 0, 0, 0
250000, 467216, 0, 0, 0
251000, 468402, 0, 0, 0
252000, 520493, 0, 0, 0
253000, 467330, 0, 0, 0
254000, 532846, 0, 0, 0
255000, 509699, 0, 0, 0
256000, 549786, 0, 0, 0
257000, 477161, 0, 0, 0
258000, 478043, 0, 0, 0
259000, 471663, 0, 0, 0
260000, 484807, 0, 0, 0
261000, 465796, 0, 0, 0
262000, 454540, 0, 0, 0
263000, 508296, 0, 0, 0
264000, 454149, 0, 0, 0
265000, 487499, 0, 0, 0
266001, 474193, 0, 0, 0
267000, 449896, 0, 0, 0
268000, 497531, 0, 0, 0
269000, 490672, 0, 0, 0
270000, 464421, 0, 0, 0
271001, 500217, 0, 0, 0
272000, 473446, 0, 0, 0
273000, 478808, 0, 0, 0
274001, 477072, 0, 0, 0
275000, 467887, 0, 0, 0
276001, 462142, 0, 0, 0
277001, 488799, 0, 0, 0
278000, 461232, 0, 0, 0
279000, 462016, 0, 0, 0
280000, 475347, 0, 0, 0
281000, 448851, 0, 0, 0
282000, 467040, 0, 0, 0
283000, 487980, 0, 0, 0
284000, 470753, 0, 0, 0
285000, 447267, 0, 0, 0
286000, 503129, 0, 0, 0
287001, 469819, 0, 0, 0
288000, 473114, 0, 0, 0
289002, 490051, 0, 0, 0
290000, 468162, 0, 0, 0
291001, 482501, 0, 0, 0
292000, 556076, 0, 0, 0
293001, 564756, 0, 0, 0
294001, 553642, 0, 0, 0
295001, 531683, 0, 0, 0
296000, 491721, 0, 0, 0
297001, 446278, 0, 0, 0
298000, 501903, 0, 0, 0
299000, 607539, 0, 0, 0
300000, 559230, 0, 0, 0
301001, 532615, 0, 0, 0
302000, 484119, 0, 0, 0
303000, 463864, 0, 0, 0
304000, 530099, 0, 0, 0
305001, 476014, 0, 0, 0
306000, 479479, 0, 0, 0
307000, 470621, 0, 0, 0
308000, 465183, 0, 0, 0
309000, 458131, 0, 0, 0
310001, 477122, 0, 0, 0
311001, 479838, 0, 0, 0
312000, 464356, 0, 0, 0
313001, 495383, 0, 0, 0
314000, 506185, 0, 0, 0
315000, 467656, 0, 0, 0
316001, 492533, 0, 0, 0
317000, 457493, 0, 0, 0
318001, 452742, 0, 0, 0
319001, 523111, 0, 0, 0
320000, 489602, 0, 0, 0
321000, 490556, 0, 0, 0
322000, 498432, 0, 0, 0
323000, 466615, 0, 0, 0
324000, 469711, 0, 0, 0
325000, 478396, 0, 0, 0
326001, 448325, 0, 0, 0
327000, 499137, 0, 0, 0
328001, 515477, 0, 0, 0
329000, 417403, 0, 0, 0
330000, 549221, 0, 0, 0
331001, 831455, 0, 0, 0
332002, 674027, 0, 0, 0
333001, 667153, 0, 0, 0
334000, 705648, 0, 0, 0
335001, 566973, 0, 0, 0
336000, 574880, 0, 0, 0
337000, 483860, 0, 0, 0
338000, 516010, 0, 0, 0
339000, 482068, 0, 0, 0
340001, 541435, 0, 0, 0
341000, 615429, 0, 0, 0
342000, 557979, 0, 0, 0
343000, 554471, 0, 0, 0
344001, 624355, 0, 0, 0
345000, 493579, 0, 0, 0
346000, 460931, 0, 0, 0
347000, 519011, 0, 0, 0
348000, 477523, 0, 0, 0
349000, 458728, 0, 0, 0
350001, 505841, 0, 0, 0
351000, 495506, 0, 0, 0
352000, 461490, 0, 0, 0
353001, 481345, 0, 0, 0
354000, 478660, 0, 0, 0
355000, 457083, 0, 0, 0
356000, 499952, 0, 0, 0
357000, 460469, 0, 0, 0
358000, 489773, 0, 0, 0
359001, 521424, 0, 0, 0
360001, 532227, 0, 0, 0
