1000, 12297, 0, 0, 0
2001, 12402, 0, 0, 0
3000, 12811, 0, 0, 0
4000, 12954, 0, 0, 0
5001, 12469, 0, 0, 0
6000, 12451, 0, 0, 0
7000, 12060, 0, 0, 0
8001, 12095, 0, 0, 0
9000, 12540, 0, 0, 0
10000, 12796, 0, 0, 0
11000, 12747, 0, 0, 0
12000, 12495, 0, 0, 0
13002, 12739, 0, 0, 0
14000, 11896, 0, 0, 0
15000, 12492, 0, 0, 0
16001, 11939, 0, 0, 0
17004, 12722, 0, 0, 0
18000, 12406, 0, 0, 0
19000, 12506, 0, 0, 0
20000, 12576, 0, 0, 0
21000, 12569, 0, 0, 0
22001, 12250, 0, 0, 0
23000, 12295, 0, 0, 0
24000, 12156, 0, 0, 0
25000, 12376, 0, 0, 0
26000, 10297, 0, 0, 0
27001, 6921, 0, 0, 0
28000, 7033, 0, 0, 0
29000, 6675, 0, 0, 0
30001, 10649, 0, 0, 0
31000, 11982, 0, 0, 0
32001, 10985, 0, 0, 0
33000, 11519, 0, 0, 0
34000, 10898, 0, 0, 0
35000, 11289, 0, 0, 0
36000, 11617, 0, 0, 0
37000, 11944, 0, 0, 0
38000, 12403, 0, 0, 0
39001, 12396, 0, 0, 0
40000, 12239, 0, 0, 0
41000, 12480, 0, 0, 0
42000, 12509, 0, 0, 0
43000, 11989, 0, 0, 0
44001, 12495, 0, 0, 0
45000, 11815, 0, 0, 0
46000, 11778, 0, 0, 0
47001, 11908, 0, 0, 0
48000, 12516, 0, 0, 0
49001, 11451, 0, 0, 0
50000, 12670, 0, 0, 0
51000, 12493, 0, 0, 0
52000, 12122, 0, 0, 0
53001, 12608, 0, 0, 0
54000, 12811, 0, 0, 0
55000, 11943, 0, 0, 0
56000, 12395, 0, 0, 0
57000, 12996, 0, 0, 0
58000, 12242, 0, 0, 0
59000, 12687, 0, 0, 0
60000, 12534, 0, 0, 0
61000, 12500, 0, 0, 0
62001, 12197, 0, 0, 0
63000, 12202, 0, 0, 0
64001, 12356, 0, 0, 0
65010, 11340, 0, 0, 0
66000, 11394, 0, 0, 0
67001, 11764, 0, 0, 0
68000, 12052, 0, 0, 0
69000, 12295, 0, 0, 0
70000, 12579, 0, 0, 0
71000, 12447, 0, 0, 0
72000, 12407, 0, 0, 0
73000, 12346, 0, 0, 0
74000, 12100, 0, 0, 0
75001, 12434, 0, 0, 0
76002, 11232, 0, 0, 0
77000, 11328, 0, 0, 0
78002, 10794, 0, 0, 0
79000, 12194, 0, 0, 0
80001, 12605, 0, 0, 0
81000, 12269, 0, 0, 0
82000, 11473, 0, 0, 0
83000, 11535, 0, 0, 0
84000, 11850, 0, 0, 0
85000, 12442, 0, 0, 0
86001, 12248, 0, 0, 0
87001, 11813, 0, 0, 0
88000, 9078, 0, 0, 0
89000, 6499, 0, 0, 0
90000, 7480, 0, 0, 0
91000, 6814, 0, 0, 0
92001, 7215, 0, 0, 0
93001, 10690, 0, 0, 0
94001, 10962, 0, 0, 0
95000, 9444, 0, 0, 0
96001, 10881, 0, 0, 0
97000, 11662, 0, 0, 0
98000, 12134, 0, 0, 0
99000, 11948, 0, 0, 0
100000, 12441, 0, 0, 0
101000, 12652, 0, 0, 0
102000, 10032, 0, 0, 0
103000, 7851, 0, 0, 0
104000, 6573, 0, 0, 0
105001, 10178, 0, 0, 0
106000, 11579, 0, 0, 0
107000, 12251, 0, 0, 0
108000, 11919, 0, 0, 0
109001, 11818, 0, 0, 0
110002, 12002, 0, 0, 0
111000, 12425, 0, 0, 0
112000, 12239, 0, 0, 0
113000, 12776, 0, 0, 0
114000, 12534, 0, 0, 0
115001, 12842, 0, 0, 0
116000, 12738, 0, 0, 0
117001, 12312, 0, 0, 0
118000, 8741, 0, 0, 0
119000, 7467, 0, 0, 0
120000, 7240, 0, 0, 0
121001, 6785, 0, 0, 0
122001, 11462, 0, 0, 0
123000, 12534, 0, 0, 0
124000, 12404, 0, 0, 0
125000, 12114, 0, 0, 0
126000, 12455, 0, 0, 0
127000, 12315, 0, 0, 0
128000, 12370, 0, 0, 0
129000, 8853, 0, 0, 0
130000, 7385, 0, 0, 0
131000, 6549, 0, 0, 0
132000, 9667, 0, 0, 0
133001, 11853, 0, 0, 0
134000, 11650, 0, 0, 0
135000, 11796, 0, 0, 0
136000, 12342, 0, 0, 0
137000, 11619, 0, 0, 0
138001, 10980, 0, 0, 0
139000, 10898, 0, 0, 0
140001, 11713, 0, 0, 0
141001, 12017, 0, 0, 0
142000, 11790, 0, 0, 0
143001, 11559, 0, 0, 0
144000, 11598, 0, 0, 0
145000, 12326, 0, 0, 0
146000, 12377, 0, 0, 0
147001, 12032, 0, 0, 0
148000, 12203, 0, 0, 0
149000, 11717, 0, 0, 0
150000, 12342, 0, 0, 0
151000, 12512, 0, 0, 0
152001, 12351, 0, 0, 0
153000, 11262, 0, 0, 0
154001, 12833, 0, 0, 0
155000, 12242, 0, 0, 0
156000, 12701, 0, 0, 0
157000, 12210, 0, 0, 0
158000, 12807, 0, 0, 0
159000, 12904, 0, 0, 0
160000, 12734, 0, 0, 0
161000, 12408, 0, 0, 0
162001, 12652, 0, 0, 0
163000, 12694, 0, 0, 0
164001, 12828, 0, 0, 0
165000, 12638, 0, 0, 0
166001, 12638, 0, 0, 0
167000, 12527, 0, 0, 0
168000, 12444, 0, 0, 0
169000, 12768, 0, 0, 0
170001, 7522, 0, 0, 0
171001, 6847, 0, 0, 0
172010, 6936, 0, 0, 0
173001, 12350, 0, 0, 0
174000, 12884, 0, 0, 0
175000, 12424, 0, 0, 0
176000, 12517, 0, 0, 0
177001, 12571, 0, 0, 0
178000, 12766, 0, 0, 0
179000, 12533, 0, 0, 0
180001, 12509, 0, 0, 0
181000, 12561, 0, 0, 0
182000, 9073, 0, 0, 0
183000, 7399, 0, 0, 0
184000, 6838, 0, 0, 0
185001, 6911, 0, 0, 0
186001, 12140, 0, 0, 0
187000, 11726, 0, 0, 0
188000, 10520, 0, 0, 0
189000, 11470, 0, 0, 0
190000, 11973, 0, 0, 0
191000, 11438, 0, 0, 0
192000, 12318, 0, 0, 0
193000, 12645, 0, 0, 0
194001, 12788, 0, 0, 0
195000, 12573, 0, 0, 0
196000, 12551, 0, 0, 0
197000, 13339, 0, 0, 0
198000, 12343, 0, 0, 0
199000, 12454, 0, 0, 0
200001, 12239, 0, 0, 0
201000, 12332, 0, 0, 0
202001, 12154, 0, 0, 0
203000, 12432, 0, 0, 0
204001, 12612, 0, 0, 0
205000, 8095, 0, 0, 0
206000, 7445, 0, 0, 0
207000, 6649, 0, 0, 0
208000, 10527, 0, 0, 0
209000, 12461, 0, 0, 0
210002, 12350, 0, 0, 0
211001, 12570, 0, 0, 0
212000, 12594, 0, 0, 0
213000, 13125, 0, 0, 0
214000, 12719, 0, 0, 0
215000, 12721, 0, 0, 0
216001, 12528, 0, 0, 0
217000, 12212, 0, 0, 0
218000, 12707, 0, 0, 0
219000, 12559, 0, 0, 0
220000, 8604, 0, 0, 0
221000, 7179, 0, 0, 0
222000, 6720, 0, 0, 0
223000, 7561, 0, 0, 0
224000, 7161, 0, 0, 0
225000, 6817, 0, 0, 0
226000, 9537, 0, 0, 0
227000, 10708, 0, 0, 0
228001, 9708, 0, 0, 0
229000, 10881, 0, 0, 0
230000, 12278, 0, 0, 0
231000, 12084, 0, 0, 0
232000, 12605, 0, 0, 0
233000, 12371, 0, 0, 0
234001, 11319, 0, 0, 0
235001, 8702, 0, 0, 0
236001, 7467, 0, 0, 0
237001, 6504, 0, 0, 0
238000, 8782, 0, 0, 0
239000, 11460, 0, 0, 0
240000, 10826, 0, 0, 0
241000, 11675, 0, 0, 0
242000, 11599, 0, 0, 0
243000, 11054, 0, 0, 0
244000, 12204, 0, 0, 0
245000, 11876, 0, 0, 0
246001, 11356, 0, 0, 0
247000, 11744, 0, 0, 0
248000, 12274, 0, 0, 0
249000, 12229, 0, 0, 0
250000, 12060, 0, 0, 0
251000, 11584, 0, 0, 0
252000, 11923, 0, 0, 0
253001, 12165, 0, 0, 0
254001, 12858, 0, 0, 0
255000, 12235, 0, 0, 0
256001, 12636, 0, 0, 0
257000, 12766, 0, 0, 0
258000, 12531, 0, 0, 0
259000, 12559, 0, 0, 0
260001, 12584, 0, 0, 0
261000, 12577, 0, 0, 0
262001, 12626, 0, 0, 0
263000, 12665, 0, 0, 0
264000, 12863, 0, 0, 0
265001, 12659, 0, 0, 0
266000, 12704, 0, 0, 0
267000, 12485, 0, 0, 0
268000, 12476, 0, 0, 0
269000, 12686, 0, 0, 0
270000, 12727, 0, 0, 0
271000, 12315, 0, 0, 0
272000, 12088, 0, 0, 0
273001, 12691, 0, 0, 0
274000, 12450, 0, 0, 0
275000, 12711, 0, 0, 0
276000, 12019, 0, 0, 0
277000, 8667, 0, 0, 0
278000, 7493, 0, 0, 0
279000, 6953, 0, 0, 0
280001, 7720, 0, 0, 0
281001, 11102, 0, 0, 0
282000, 10715, 0, 0, 0
283021, 11199, 0, 0, 0
284000, 12211, 0, 0, 0
285000, 12615, 0, 0, 0
286000, 12096, 0, 0, 0
287000, 12500, 0, 0, 0
288000, 12360, 0, 0, 0
289000, 12848, 0, 0, 0
290001, 12917, 0, 0, 0
291000, 12544, 0, 0, 0
292000, 12789, 0, 0, 0
293000, 12371, 0, 0, 0
294000, 12603, 0, 0, 0
295001, 12516, 0, 0, 0
296000, 11931, 0, 0, 0
297000, 12371, 0, 0, 0
298001, 12425, 0, 0, 0
299000, 12265, 0, 0, 0
300000, 12459, 0, 0, 0
301000, 12262, 0, 0, 0
302000, 12440, 0, 0, 0
303001, 12840, 0, 0, 0
304000, 12526, 0, 0, 0
305001, 12349, 0, 0, 0
306001, 8042, 0, 0, 0
307000, 7286, 0, 0, 0
308000, 7369, 0, 0, 0
309000, 6679, 0, 0, 0
310000, 11932, 0, 0, 0
311000, 12896, 0, 0, 0
312000, 11935, 0, 0, 0
313000, 12176, 0, 0, 0
314001, 12334, 0, 0, 0
315000, 12540, 0, 0, 0
316000, 12569, 0, 0, 0
317000, 11794, 0, 0, 0
318000, 12931, 0, 0, 0
319001, 13351, 0, 0, 0
320000, 12968, 0, 0, 0
321000, 12966, 0, 0, 0
322000, 13115, 0, 0, 0
323001, 12905, 0, 0, 0
324000, 12454, 0, 0, 0
325001, 11911, 0, 0, 0
326000, 12171, 0, 0, 0
327001, 12296, 0, 0, 0
328000, 8565, 0, 0, 0
329000, 7748, 0, 0, 0
330000, 6470, 0, 0, 0
331001, 9548, 0, 0, 0
332001, 12178, 0, 0, 0
333000, 11856, 0, 0, 0
334000, 11064, 0, 0, 0
335000, 11291, 0, 0, 0
336001, 12112, 0, 0, 0
337000, 12054, 0, 0, 0
338000, 11838, 0, 0, 0
339001, 11610, 0, 0, 0
340000, 11915, 0, 0, 0
341000, 12399, 0, 0, 0
342000, 13077, 0, 0, 0
343000, 12148, 0, 0, 0
344000, 12880, 0, 0, 0
345000, 12735, 0, 0, 0
346001, 12775, 0, 0, 0
347000, 12712, 0, 0, 0
348001, 12676, 0, 0, 0
349000, 12856, 0, 0, 0
350000, 12704, 0, 0, 0
351000, 12354, 0, 0, 0
352001, 12963, 0, 0, 0
353000, 12912, 0, 0, 0
354000, 12363, 0, 0, 0
355001, 12186, 0, 0, 0
356001, 12472, 0, 0, 0
357001, 13073, 0, 0, 0
358000, 12475, 0, 0, 0
359001, 12708, 0, 0, 0
360000, 12773, 0, 0, 0
