1001, 12646, 0, 0, 0
2001, 12252, 0, 0, 0
3000, 12567, 0, 0, 0
4000, 12347, 0, 0, 0
5000, 12495, 0, 0, 0
6000, 12211, 0, 0, 0
7001, 11986, 0, 0, 0
8000, 11961, 0, 0, 0
9001, 12000, 0, 0, 0
10000, 12525, 0, 0, 0
11000, 11894, 0, 0, 0
12002, 11716, 0, 0, 0
13000, 12314, 0, 0, 0
14000, 12065, 0, 0, 0
15000, 11372, 0, 0, 0
16000, 11244, 0, 0, 0
17000, 11291, 0, 0, 0
18001, 11320, 0, 0, 0
19001, 12218, 0, 0, 0
20000, 12690, 0, 0, 0
21000, 12897, 0, 0, 0
22001, 12922, 0, 0, 0
23000, 12705, 0, 0, 0
24000, 11797, 0, 0, 0
25001, 11975, 0, 0, 0
26001, 12126, 0, 0, 0
27000, 8888, 0, 0, 0
28000, 7709, 0, 0, 0
29000, 6633, 0, 0, 0
30000, 8430, 0, 0, 0
31001, 11023, 0, 0, 0
32001, 10622, 0, 0, 0
33025, 10057, 0, 0, 0
34001, 11735, 0, 0, 0
35000, 12284, 0, 0, 0
36000, 11700, 0, 0, 0
37000, 11400, 0, 0, 0
38000, 12151, 0, 0, 0
39001, 12003, 0, 0, 0
40000, 11388, 0, 0, 0
41000, 11781, 0, 0, 0
42000, 11612, 0, 0, 0
43000, 11828, 0, 0, 0
44000, 11877, 0, 0, 0
45001, 12501, 0, 0, 0
46000, 12352, 0, 0, 0
47000, 12290, 0, 0, 0
48000, 12607, 0, 0, 0
49000, 12285, 0, 0, 0
50000, 12775, 0, 0, 0
51000, 12631, 0, 0, 0
52000, 11999, 0, 0, 0
53000, 12086, 0, 0, 0
54001, 11725, 0, 0, 0
55000, 12372, 0, 0, 0
56000, 11934, 0, 0, 0
57000, 12374, 0, 0, 0
58000, 12555, 0, 0, 0
59000, 12574, 0, 0, 0
60000, 12834, 0, 0, 0
61001, 11749, 0, 0, 0
62000, 12068, 0, 0, 0
63001, 12415, 0, 0, 0
64000, 12366, 0, 0, 0
65000, 12094, 0, 0, 0
66000, 11915, 0, 0, 0
67001, 12456, 0, 0, 0
68001, 12757, 0, 0, 0
69000, 12240, 0, 0, 0
70001, 12756, 0, 0, 0
71000, 12707, 0, 0, 0
72000, 12551, 0, 0, 0
73001, 12682, 0, 0, 0
74000, 12022, 0, 0, 0
75000, 6976, 0, 0, 0
76000, 6955, 0, 0, 0
77000, 7121, 0, 0, 0
78000, 6453, 0, 0, 0
79000, 7230, 0, 0, 0
80000, 6812, 0, 0, 0
81000, 6479, 0, 0, 0
82000, 9443, 0, 0, 0
83000, 10063, 0, 0, 0
84001, 9822, 0, 0, 0
85001, 10592, 0, 0, 0
86000, 10162, 0, 0, 0
87002, 9372, 0, 0, 0
88000, 11743, 0, 0, 0
89000, 11645, 0, 0, 0
90001, 12029, 0, 0, 0
91000, 11848, 0, 0, 0
92002, 11436, 0, 0, 0
93000, 11482, 0, 0, 0
94020, 12004, 0, 0, 0
95000, 11828, 0, 0, 0
96001, 11930, 0, 0, 0
97000, 11173, 0, 0, 0
98000, 12116, 0, 0, 0
99001, 12029, 0, 0, 0
100000, 11504, 0, 0, 0
101006, 11411, 0, 0, 0
102000, 12598, 0, 0, 0
103000, 11984, 0, 0, 0
104000, 12072, 0, 0, 0
105000, 12181, 0, 0, 0
106001, 12652, 0, 0, 0
107000, 12549, 0, 0, 0
108000, 12844, 0, 0, 0
109000, 12546, 0, 0, 0
110000, 12648, 0, 0, 0
111000, 12761, 0, 0, 0
112000, 12739, 0, 0, 0
113002, 12154, 0, 0, 0
114000, 12133, 0, 0, 0
115000, 12268, 0, 0, 0
116000, 12154, 0, 0, 0
117000, 12347, 0, 0, 0
118000, 12367, 0, 0, 0
119002, 12444, 0, 0, 0
120000, 12729, 0, 0, 0
121001, 12477, 0, 0, 0
122000, 11437, 0, 0, 0
123000, 12987, 0, 0, 0
124001, 12337, 0, 0, 0
125000, 12135, 0, 0, 0
126000, 12226, 0, 0, 0
127000, 12596, 0, 0, 0
128001, 12509, 0, 0, 0
129000, 12816, 0, 0, 0
130000, 12394, 0, 0, 0
131000, 12149, 0, 0, 0
132000, 12138, 0, 0, 0
133000, 11740, 0, 0, 0
134000, 11774, 0, 0, 0
135001, 12748, 0, 0, 0
136001, 12297, 0, 0, 0
137001, 12603, 0, 0, 0
138001, 12192, 0, 0, 0
139001, 12765, 0, 0, 0
140000, 12280, 0, 0, 0
141000, 12928, 0, 0, 0
142001, 12641, 0, 0, 0
143000, 12857, 0, 0, 0
144000, 12544, 0, 0, 0
145000, 12763, 0, 0, 0
146000, 12520, 0, 0, 0
147000, 8259, 0, 0, 0
148000, 6928, 0, 0, 0
149000, 6654, 0, 0, 0
150000, 11014, 0, 0, 0
151001, 10597, 0, 0, 0
152000, 10759, 0, 0, 0
153000, 11457, 0, 0, 0
154000, 12349, 0, 0, 0
155000, 11996, 0, 0, 0
156000, 11388, 0, 0, 0
157000, 11780, 0, 0, 0
158000, 10824, 0, 0, 0
159000, 10835, 0, 0, 0
160000, 12089, 0, 0, 0
161000, 12106, 0, 0, 0
162000, 11939, 0, 0, 0
163000, 11320, 0, 0, 0
164000, 12352, 0, 0, 0
165000, 12382, 0, 0, 0
166000, 11863, 0, 0, 0
167000, 11679, 0, 0, 0
168001, 12259, 0, 0, 0
169001, 11793, 0, 0, 0
170000, 12359, 0, 0, 0
171001, 12795, 0, 0, 0
172001, 12363, 0, 0, 0
173000, 12610, 0, 0, 0
174001, 12836, 0, 0, 0
175000, 12820, 0, 0, 0
176001, 12625, 0, 0, 0
177000, 12748, 0, 0, 0
178001, 12758, 0, 0, 0
179000, 12775, 0, 0, 0
180000, 12368, 0, 0, 0
181000, 12651, 0, 0, 0
182000, 12558, 0, 0, 0
183001, 12279, 0, 0, 0
184000, 12868, 0, 0, 0
185000, 13044, 0, 0, 0
186000, 12843, 0, 0, 0
187001, 12621, 0, 0, 0
188001, 12507, 0, 0, 0
189000, 12738, 0, 0, 0
190001, 12479, 0, 0, 0
191001, 12844, 0, 0, 0
192000, 12432, 0, 0, 0
193000, 12738, 0, 0, 0
194001, 12782, 0, 0, 0
195000, 12789, 0, 0, 0
196000, 12770, 0, 0, 0
197000, 12624, 0, 0, 0
198001, 12357, 0, 0, 0
199001, 12761, 0, 0, 0
200001, 12445, 0, 0, 0
201000, 12902, 0, 0, 0
202000, 12277, 0, 0, 0
203000, 12907, 0, 0, 0
204000, 12284, 0, 0, 0
205000, 12218, 0, 0, 0
206001, 12389, 0, 0, 0
207000, 12893, 0, 0, 0
208000, 12794, 0, 0, 0
209000, 12770, 0, 0, 0
210000, 11229, 0, 0, 0
211000, 11893, 0, 0, 0
212000, 12427, 0, 0, 0
213000, 12100, 0, 0, 0
214000, 11111, 0, 0, 0
215000, 6986, 0, 0, 0
216000, 7649, 0, 0, 0
217000, 6635, 0, 0, 0
218001, 9715, 0, 0, 0
219000, 12612, 0, 0, 0
220000, 12870, 0, 0, 0
221001, 12960, 0, 0, 0
222000, 12475, 0, 0, 0
223001, 12606, 0, 0, 0
224000, 12719, 0, 0, 0
225000, 12011, 0, 0, 0
226000, 12508, 0, 0, 0
227000, 12042, 0, 0, 0
228001, 11978, 0, 0, 0
229001, 12782, 0, 0, 0
230000, 12799, 0, 0, 0
231000, 12725, 0, 0, 0
232000, 11508, 0, 0, 0
233001, 12470, 0, 0, 0
234000, 12454, 0, 0, 0
235000, 11443, 0, 0, 0
236000, 6906, 0, 0, 0
237000, 7474, 0, 0, 0
238000, 6425, 0, 0, 0
239001, 7052, 0, 0, 0
240001, 7671, 0, 0, 0
241000, 6532, 0, 0, 0
242000, 10124, 0, 0, 0
243001, 13390, 0, 0, 0
244001, 12714, 0, 0, 0
245001, 12343, 0, 0, 0
246000, 12641, 0, 0, 0
247001, 12361, 0, 0, 0
248000, 12686, 0, 0, 0
249000, 12864, 0, 0, 0
250000, 12655, 0, 0, 0
251027, 9006, 0, 0, 0
252000, 7584, 0, 0, 0
253001, 6869, 0, 0, 0
254000, 7157, 0, 0, 0
255000, 12092, 0, 0, 0
256000, 11377, 0, 0, 0
257000, 10722, 0, 0, 0
258000, 11530, 0, 0, 0
259000, 12029, 0, 0, 0
260000, 11467, 0, 0, 0
261000, 11626, 0, 0, 0
262000, 11374, 0, 0, 0
263000, 12533, 0, 0, 0
264000, 12699, 0, 0, 0
265001, 12052, 0, 0, 0
266000, 12226, 0, 0, 0
267000, 12271, 0, 0, 0
268000, 12396, 0, 0, 0
269000, 12162, 0, 0, 0
270024, 12056, 0, 0, 0
271000, 12232, 0, 0, 0
272000, 12607, 0, 0, 0
273000, 12198, 0, 0, 0
274000, 10656, 0, 0, 0
275001, 11959, 0, 0, 0
276000, 12660, 0, 0, 0
277000, 12026, 0, 0, 0
278001, 11960, 0, 0, 0
279001, 11491, 0, 0, 0
280000, 12149, 0, 0, 0
281001, 12188, 0, 0, 0
282000, 12262, 0, 0, 0
283000, 12062, 0, 0, 0
284001, 11722, 0, 0, 0
285001, 11016, 0, 0, 0
286000, 12446, 0, 0, 0
287000, 12395, 0, 0, 0
288000, 12331, 0, 0, 0
289000, 12039, 0, 0, 0
290002, 11574, 0, 0, 0
291000, 11903, 0, 0, 0
292000, 12575, 0, 0, 0
293002, 12542, 0, 0, 0
294000, 12437, 0, 0, 0
295000, 12240, 0, 0, 0
296001, 12328, 0, 0, 0
297001, 12438, 0, 0, 0
298000, 12465, 0, 0, 0
299000, 11742, 0, 0, 0
300000, 12639, 0, 0, 0
301001, 12978, 0, 0, 0
302000, 12913, 0, 0, 0
303000, 12305, 0, 0, 0
304000, 12579, 0, 0, 0
305001, 12698, 0, 0, 0
306002, 12174, 0, 0, 0
307000, 12197, 0, 0, 0
308000, 12997, 0, 0, 0
309000, 12459, 0, 0, 0
310002, 12601, 0, 0, 0
311000, 12468, 0, 0, 0
312000, 12983, 0, 0, 0
313000, 11670, 0, 0, 0
314000, 12091, 0, 0, 0
315000, 12041, 0, 0, 0
316000, 11986, 0, 0, 0
317000, 12094, 0, 0, 0
318000, 12768, 0, 0, 0
319000, 12396, 0, 0, 0
320000, 12285, 0, 0, 0
321000, 11916, 0, 0, 0
322000, 11051, 0, 0, 0
323001, 12366, 0, 0, 0
324002, 12140, 0, 0, 0
325000, 12548, 0, 0, 0
326000, 12905, 0, 0, 0
327000, 12418, 0, 0, 0
328000, 12800, 0, 0, 0
329001, 12593, 0, 0, 0
330000, 12066, 0, 0, 0
331000, 8586, 0, 0, 0
332000, 6860, 0, 0, 0
333000, 7590, 0, 0, 0
334001, 6838, 0, 0, 0
335000, 8280, 0, 0, 0
336000, 11184, 0, 0, 0
337000, 11558, 0, 0, 0
338000, 10898, 0, 0, 0
339000, 10925, 0, 0, 0
340002, 11838, 0, 0, 0
341000, 11531, 0, 0, 0
342001, 12207, 0, 0, 0
343001, 11662, 0, 0, 0
344001, 11702, 0, 0, 0
345000, 12251, 0, 0, 0
346000, 12094, 0, 0, 0
347001, 11577, 0, 0, 0
348000, 12272, 0, 0, 0
349001, 11842, 0, 0, 0
350000, 12258, 0, 0, 0
351000, 12334, 0, 0, 0
352000, 11048, 0, 0, 0
353000, 11553, 0, 0, 0
354000, 12741, 0, 0, 0
355001, 12451, 0, 0, 0
356001, 11764, 0, 0, 0
357001, 11651, 0, 0, 0
358000, 12400, 0, 0, 0
359000, 12396, 0, 0, 0
360000, 12435, 0, 0, 0
