1000, 5774, 0, 0, 0
2000, 5540, 0, 0, 0
3000, 5545, 0, 0, 0
4000, 5654, 0, 0, 0
5000, 5586, 0, 0, 0
6000, 5424, 0, 0, 0
7000, 5359, 0, 0, 0
8000, 5503, 0, 0, 0
9001, 5496, 0, 0, 0
10000, 5412, 0, 0, 0
11001, 5469, 0, 0, 0
12000, 7927, 0, 0, 0
13000, 7884, 0, 0, 0
14000, 7386, 0, 0, 0
15001, 7860, 0, 0, 0
16000, 8168, 0, 0, 0
17000, 7791, 0, 0, 0
18001, 7868, 0, 0, 0
19000, 7485, 0, 0, 0
20000, 7364, 0, 0, 0
21000, 4896, 0, 0, 0
22000, 4788, 0, 0, 0
23001, 4802, 0, 0, 0
24000, 4861, 0, 0, 0
25000, 4837, 0, 0, 0
26000, 4810, 0, 0, 0
27000, 4841, 0, 0, 0
28000, 4837, 0, 0, 0
29000, 4831, 0, 0, 0
30000, 4797, 0, 0, 0
31000, 4802, 0, 0, 0
32000, 4800, 0, 0, 0
33000, 4821, 0, 0, 0
34000, 4914, 0, 0, 0
35000, 5955, 0, 0, 0
36000, 5830, 0, 0, 0
37001, 5678, 0, 0, 0
38000, 5554, 0, 0, 0
39000, 5546, 0, 0, 0
40000, 5478, 0, 0, 0
41000, 5368, 0, 0, 0
42000, 5405, 0, 0, 0
43000, 5309, 0, 0, 0
44001, 5093, 0, 0, 0
45001, 5278, 0, 0, 0
46000, 5214, 0, 0, 0
47000, 5181, 0, 0, 0
48001, 5217, 0, 0, 0
49000, 5286, 0, 0, 0
50000, 7458, 0, 0, 0
51001, 7488, 0, 0, 0
52000, 7024, 0, 0, 0
53000, 7191, 0, 0, 0
54000, 6689, 0, 0, 0
55000, 6536, 0, 0, 0
56001, 7724, 0, 0, 0
57000, 7344, 0, 0, 0
58001, 7025, 0, 0, 0
59000, 5891, 0, 0, 0
60000, 5813, 0, 0, 0
61000, 5688, 0, 0, 0
62000, 5738, 0, 0, 0
63001, 5615, 0, 0, 0
64000, 5645, 0, 0, 0
65000, 5596, 0, 0, 0
66000, 5651, 0, 0, 0
67000, 7955, 0, 0, 0
68000, 7660, 0, 0, 0
69000, 7386, 0, 0, 0
70000, 5700, 0, 0, 0
71000, 5480, 0, 0, 0
72000, 5390, 0, 0, 0
73000, 5351, 0, 0, 0
74001, 5281, 0, 0, 0
75000, 5282, 0, 0, 0
76000, 5181, 0, 0, 0
77000, 5188, 0, 0, 0
78000, 5522, 0, 0, 0
79000, 5686, 0, 0, 0
80000, 5430, 0, 0, 0
81001, 5606, 0, 0, 0
82000, 5593, 0, 0, 0
83000, 5604, 0, 0, 0
84001, 5514, 0, 0, 0
85000, 5311, 0, 0, 0
86000, 5254, 0, 0, 0
87000, 5181, 0, 0, 0
88000, 5208, 0, 0, 0
89000, 5318, 0, 0, 0
90000, 5444, 0, 0, 0
91000, 5811, 0, 0, 0
92000, 5709, 0, 0, 0
93001, 7039, 0, 0, 0
94000, 7902, 0, 0, 0
95000, 7824, 0, 0, 0
96001, 7525, 0, 0, 0
97000, 7928, 0, 0, 0
98000, 4854, 0, 0, 0
99000, 4807, 0, 0, 0
100000, 4847, 0, 0, 0
101000, 4828, 0, 0, 0
102000, 4823, 0, 0, 0
103000, 4830, 0, 0, 0
104000, 4847, 0, 0, 0
105000, 4821, 0, 0, 0
106000, 4849, 0, 0, 0
107000, 4831, 0, 0, 0
108000, 4814, 0, 0, 0
109000, 4821, 0, 0, 0
110000, 4841, 0, 0, 0
111000, 5395, 0, 0, 0
112000, 5419, 0, 0, 0
113001, 5458, 0, 0, 0
114000, 5120, 0, 0, 0
115000, 5096, 0, 0, 0
116000, 5142, 0, 0, 0
117001, 5126, 0, 0, 0
118001, 5153, 0, 0, 0
119001, 5132, 0, 0, 0
120001, 5147, 0, 0, 0
121000, 5319, 0, 0, 0
122000, 6600, 0, 0, 0
123000, 6487, 0, 0, 0
124000, 5619, 0, 0, 0
125000, 4836, 0, 0, 0
126000, 4843, 0, 0, 0
127000, 4824, 0, 0, 0
128000, 4799, 0, 0, 0
129000, 4829, 0, 0, 0
130000, 4827, 0, 0, 0
131001, 4835, 0, 0, 0
132000, 4805, 0, 0, 0
133000, 4781, 0, 0, 0
134000, 4822, 0, 0, 0
135000, 4817, 0, 0, 0
136000, 4798, 0, 0, 0
137000, 4800, 0, 0, 0
138000, 4827, 0, 0, 0
139000, 4805, 0, 0, 0
140000, 4776, 0, 0, 0
141000, 4810, 0, 0, 0
142000, 4821, 0, 0, 0
143000, 5159, 0, 0, 0
144000, 5148, 0, 0, 0
145000, 5161, 0, 0, 0
146000, 5149, 0, 0, 0
147000, 5119, 0, 0, 0
148000, 5124, 0, 0, 0
149002, 5077, 0, 0, 0
150000, 5125, 0, 0, 0
151000, 5084, 0, 0, 0
152001, 5191, 0, 0, 0
153001, 5660, 0, 0, 0
154001, 5726, 0, 0, 0
155000, 5552, 0, 0, 0
156000, 5424, 0, 0, 0
157000, 5409, 0, 0, 0
158000, 5407, 0, 0, 0
159000, 5436, 0, 0, 0
160000, 5871, 0, 0, 0
161000, 5887, 0, 0, 0
162000, 5256, 0, 0, 0
163000, 5260, 0, 0, 0
164000, 4886, 0, 0, 0
165000, 4822, 0, 0, 0
166000, 4837, 0, 0, 0
167000, 4836, 0, 0, 0
168000, 4827, 0, 0, 0
169000, 4825, 0, 0, 0
170000, 4800, 0, 0, 0
171001, 4822, 0, 0, 0
172000, 4836, 0, 0, 0
173000, 4836, 0, 0, 0
174000, 4915, 0, 0, 0
175000, 5103, 0, 0, 0
176000, 5037, 0, 0, 0
177001, 5089, 0, 0, 0
178000, 5078, 0, 0, 0
179001, 5097, 0, 0, 0
180000, 4987, 0, 0, 0
181001, 5028, 0, 0, 0
182000, 5028, 0, 0, 0
183000, 4999, 0, 0, 0
184000, 5024, 0, 0, 0
185000, 5181, 0, 0, 0
186000, 5134, 0, 0, 0
187000, 5135, 0, 0, 0
188000, 5119, 0, 0, 0
189000, 5126, 0, 0, 0
190000, 5177, 0, 0, 0
191000, 5124, 0, 0, 0
192000, 5155, 0, 0, 0
193000, 5207, 0, 0, 0
194000, 5334, 0, 0, 0
195013, 5450, 0, 0, 0
196000, 5741, 0, 0, 0
197000, 6021, 0, 0, 0
198001, 6227, 0, 0, 0
199001, 6363, 0, 0, 0
200000, 7426, 0, 0, 0
201000, 7279, 0, 0, 0
202000, 7066, 0, 0, 0
203000, 7511, 0, 0, 0
204001, 6808, 0, 0, 0
205000, 5227, 0, 0, 0
206000, 4893, 0, 0, 0
207000, 4832, 0, 0, 0
208000, 4784, 0, 0, 0
209000, 4836, 0, 0, 0
210000, 4791, 0, 0, 0
211000, 4817, 0, 0, 0
212000, 4818, 0, 0, 0
213000, 4848, 0, 0, 0
214000, 4818, 0, 0, 0
215000, 4805, 0, 0, 0
216000, 4797, 0, 0, 0
217000, 4876, 0, 0, 0
218000, 5101, 0, 0, 0
219000, 5051, 0, 0, 0
220000, 5077, 0, 0, 0
221000, 5056, 0, 0, 0
222000, 5049, 0, 0, 0
223000, 5034, 0, 0, 0
224000, 5015, 0, 0, 0
225000, 5020, 0, 0, 0
226001, 5007, 0, 0, 0
227000, 5010, 0, 0, 0
228000, 5213, 0, 0, 0
229000, 5450, 0, 0, 0
230000, 5500, 0, 0, 0
231000, 5473, 0, 0, 0
232001, 5419, 0, 0, 0
233000, 5342, 0, 0, 0
234000, 5270, 0, 0, 0
235000, 5381, 0, 0, 0
236000, 5479, 0, 0, 0
237000, 5428, 0, 0, 0
238001, 5592, 0, 0, 0
239000, 5317, 0, 0, 0
240000, 5157, 0, 0, 0
241001, 5228, 0, 0, 0
242000, 5254, 0, 0, 0
243000, 5307, 0, 0, 0
244001, 5260, 0, 0, 0
245000, 5230, 0, 0, 0
246000, 5330, 0, 0, 0
247000, 5345, 0, 0, 0
248000, 5332, 0, 0, 0
249000, 5412, 0, 0, 0
250001, 5143, 0, 0, 0
251000, 5093, 0, 0, 0
252000, 5071, 0, 0, 0
253001, 5091, 0, 0, 0
254000, 5051, 0, 0, 0
255000, 5054, 0, 0, 0
256000, 5045, 0, 0, 0
257000, 5037, 0, 0, 0
258000, 5048, 0, 0, 0
259000, 5084, 0, 0, 0
260000, 5097, 0, 0, 0
261000, 5058, 0, 0, 0
262000, 5100, 0, 0, 0
263001, 5317, 0, 0, 0
264000, 5370, 0, 0, 0
265000, 5302, 0, 0, 0
266001, 5247, 0, 0, 0
267000, 5369, 0, 0, 0
268000, 5418, 0, 0, 0
269000, 5323, 0, 0, 0
270000, 5573, 0, 0, 0
271001, 6544, 0, 0, 0
272000, 7303, 0, 0, 0
273000, 7422, 0, 0, 0
274001, 7157, 0, 0, 0
275000, 7376, 0, 0, 0
276000, 7223, 0, 0, 0
277000, 6953, 0, 0, 0
278000, 6258, 0, 0, 0
279000, 5412, 0, 0, 0
280000, 5390, 0, 0, 0
281000, 5467, 0, 0, 0
282000, 5201, 0, 0, 0
283000, 5152, 0, 0, 0
284001, 5131, 0, 0, 0
285001, 5092, 0, 0, 0
286001, 5167, 0, 0, 0
287000, 5089, 0, 0, 0
288000, 5053, 0, 0, 0
289000, 5096, 0, 0, 0
290000, 5081, 0, 0, 0
291000, 5200, 0, 0, 0
292000, 5508, 0, 0, 0
293000, 5437, 0, 0, 0
294001, 5756, 0, 0, 0
295000, 6250, 0, 0, 0
296000, 6178, 0, 0, 0
297000, 5437, 0, 0, 0
298000, 5272, 0, 0, 0
299000, 5344, 0, 0, 0
300000, 5276, 0, 0, 0
301000, 5330, 0, 0, 0
302000, 5442, 0, 0, 0
303000, 5499, 0, 0, 0
304000, 5451, 0, 0, 0
305000, 5438, 0, 0, 0
306000, 5468, 0, 0, 0
307000, 5710, 0, 0, 0
308001, 5571, 0, 0, 0
309000, 5296, 0, 0, 0
310001, 5192, 0, 0, 0
311000, 5148, 0, 0, 0
312000, 5207, 0, 0, 0
313000, 5327, 0, 0, 0
314000, 5426, 0, 0, 0
315001, 5441, 0, 0, 0
316000, 5796, 0, 0, 0
317000, 6567, 0, 0, 0
318000, 6280, 0, 0, 0
319000, 5908, 0, 0, 0
320000, 5712, 0, 0, 0
321000, 5907, 0, 0, 0
322000, 6011, 0, 0, 0
323000, 6559, 0, 0, 0
324000, 7586, 0, 0, 0
325000, 7086, 0, 0, 0
326000, 7142, 0, 0, 0
327000, 7282, 0, 0, 0
328000, 7310, 0, 0, 0
329000, 7319, 0, 0, 0
330001, 7361, 0, 0, 0
331001, 6995, 0, 0, 0
332000, 5904, 0, 0, 0
333000, 5597, 0, 0, 0
334000, 5365, 0, 0, 0
335000, 5396, 0, 0, 0
336000, 5316, 0, 0, 0
337000, 5278, 0, 0, 0
338001, 5380, 0, 0, 0
339000, 5373, 0, 0, 0
340001, 5327, 0, 0, 0
341000, 5258, 0, 0, 0
342000, 5198, 0, 0, 0
343000, 5334, 0, 0, 0
344000, 5364, 0, 0, 0
345000, 5296, 0, 0, 0
346000, 5495, 0, 0, 0
347000, 5284, 0, 0, 0
348000, 5832, 0, 0, 0
349000, 6058, 0, 0, 0
350000, 5916, 0, 0, 0
351000, 5545, 0, 0, 0
352000, 5190, 0, 0, 0
353000, 5216, 0, 0, 0
354000, 5198, 0, 0, 0
355000, 5122, 0, 0, 0
356000, 5088, 0, 0, 0
357000, 5088, 0, 0, 0
358000, 5009, 0, 0, 0
359001, 4993, 0, 0, 0
360000, 4987, 0, 0, 0
