1000, 492759, 0, 0, 0
2002, 486479, 0, 0, 0
3000, 460221, 0, 0, 0
4000, 158399, 0, 0, 0
5000, 100546, 0, 0, 0
6001, 104665, 0, 0, 0
7000, 103963, 0, 0, 0
8000, 101177, 0, 0, 0
9000, 101152, 0, 0, 0
10000, 97409, 0, 0, 0
11000, 99079, 0, 0, 0
12000, 98420, 0, 0, 0
13000, 98675, 0, 0, 0
14000, 111681, 0, 0, 0
15000, 165973, 0, 0, 0
16000, 130451, 0, 0, 0
17001, 129119, 0, 0, 0
18000, 129407, 0, 0, 0
19000, 126779, 0, 0, 0
20000, 122006, 0, 0, 0
21000, 121876, 0, 0, 0
22000, 120648, 0, 0, 0
23000, 125032, 0, 0, 0
24001, 127150, 0, 0, 0
25000, 153044, 0, 0, 0
26000, 127496, 0, 0, 0
27001, 140670, 0, 0, 0
28000, 140588, 0, 0, 0
29000, 129585, 0, 0, 0
30000, 124877, 0, 0, 0
31000, 125467, 0, 0, 0
32000, 123076, 0, 0, 0
33000, 126329, 0, 0, 0
34001, 124891, 0, 0, 0
35000, 153691, 0, 0, 0
36001, 129991, 0, 0, 0
37000, 131994, 0, 0, 0
38000, 140769, 0, 0, 0
39001, 171516, 0, 0, 0
40000, 142032, 0, 0, 0
41000, 139367, 0, 0, 0
42000, 143004, 0, 0, 0
43000, 142116, 0, 0, 0
44000, 135780, 0, 0, 0
45001, 166110, 0, 0, 0
46000, 147090, 0, 0, 0
47001, 144310, 0, 0, 0
48000, 172400, 0, 0, 0
49000, 140994, 0, 0, 0
50000, 145668, 0, 0, 0
51000, 136567, 0, 0, 0
52000, 138892, 0, 0, 0
53000, 141807, 0, 0, 0
54000, 156927, 0, 0, 0
55000, 159563, 0, 0, 0
56001, 378389, 0, 0, 0
57000, 508106, 0, 0, 0
58000, 447514, 0, 0, 0
59001, 630003, 0, 0, 0
60000, 641125, 0, 0, 0
61000, 703841, 0, 0, 0
62000, 183855, 0, 0, 0
63000, 135586, 0, 0, 0
64000, 137120, 0, 0, 0
65000, 238166, 0, 0, 0
66000, 157091, 0, 0, 0
67000, 156292, 0, 0, 0
68000, 149823, 0, 0, 0
69000, 149121, 0, 0, 0
70000, 148989, 0, 0, 0
71000, 246115, 0, 0, 0
72000, 360174, 0, 0, 0
73000, 157703, 0, 0, 0
74000, 153813, 0, 0, 0
75000, 146113, 0, 0, 0
76000, 149427, 0, 0, 0
77000, 151261, 0, 0, 0
78000, 172699, 0, 0, 0
79000, 153889, 0, 0, 0
80000, 180400, 0, 0, 0
81000, 244935, 0, 0, 0
82001, 183839, 0, 0, 0
83001, 188693, 0, 0, 0
84000, 212285, 0, 0, 0
85000, 188897, 0, 0, 0
86000, 181659, 0, 0, 0
87000, 166742, 0, 0, 0
88000, 168875, 0, 0, 0
89001, 167476, 0, 0, 0
90000, 193778, 0, 0, 0
91000, 334724, 0, 0, 0
92000, 519712, 0, 0, 0
93001, 514919, 0, 0, 0
94000, 535908, 0, 0, 0
95000, 491078, 0, 0, 0
96000, 495672, 0, 0, 0
97001, 556034, 0, 0, 0
98001, 476584, 0, 0, 0
99000, 489761, 0, 0, 0
100001, 628776, 0, 0, 0
101000, 526561, 0, 0, 0
102001, 530937, 0, 0, 0
103001, 510931, 0, 0, 0
104000, 532239, 0, 0, 0
105000, 521037, 0, 0, 0
106000, 499887, 0, 0, 0
107000, 492722, 0, 0, 0
108000, 453775, 0, 0, 0
109000, 479717, 0, 0, 0
110000, 458182, 0, 0, 0
111001, 462603, 0, 0, 0
112000, 508270, 0, 0, 0
113000, 526019, 0, 0, 0
114000, 463124, 0, 0, 0
115000, 509757, 0, 0, 0
116001, 499619, 0, 0, 0
117002, 438739, 0, 0, 0
118000, 453147, 0, 0, 0
119001, 471273, 0, 0, 0
120000, 474713, 0, 0, 0
121000, 493553, 0, 0, 0
122000, 484366, 0, 0, 0
123000, 457094, 0, 0, 0
124000, 449921, 0, 0, 0
125000, 414871, 0, 0, 0
126000, 424062, 0, 0, 0
127001, 441338, 0, 0, 0
128000, 424773, 0, 0, 0
129000, 434137, 0, 0, 0
130000, 550082, 0, 0, 0
131001, 574827, 0, 0, 0
132001, 577551, 0, 0, 0
133001, 583736, 0, 0, 0
134000, 572361, 0, 0, 0
135000, 497587, 0, 0, 0
136001, 433982, 0, 0, 0
137000, 478608, 0, 0, 0
138000, 472290, 0, 0, 0
139000, 497665, 0, 0, 0
140001, 232904, 0, 0, 0
141000, 155019, 0, 0, 0
142000, 141336, 0, 0, 0
143000, 147561, 0, 0, 0
144000, 193155, 0, 0, 0
145001, 169870, 0, 0, 0
146000, 154551, 0, 0, 0
147000, 135570, 0, 0, 0
148001, 135798, 0, 0, 0
149000, 135146, 0, 0, 0
150000, 128891, 0, 0, 0
151000, 129540, 0, 0, 0
152000, 129519, 0, 0, 0
153000, 132635, 0, 0, 0
154000, 161599, 0, 0, 0
155001, 273167, 0, 0, 0
156000, 166853, 0, 0, 0
157000, 172620, 0, 0, 0
158001, 172734, 0, 0, 0
159000, 171685, 0, 0, 0
160000, 165337, 0, 0, 0
161000, 197501, 0, 0, 0
162000, 172504, 0, 0, 0
163000, 170160, 0, 0, 0
164000, 183934, 0, 0, 0
165001, 507772, 0, 0, 0
166000, 510036, 0, 0, 0
167000, 461701, 0, 0, 0
168000, 435060, 0, 0, 0
169000, 456192, 0, 0, 0
170000, 464718, 0, 0, 0
171000, 439972, 0, 0, 0
172000, 505414, 0, 0, 0
173000, 468637, 0, 0, 0
174000, 471808, 0, 0, 0
175000, 497933, 0, 0, 0
176001, 491578, 0, 0, 0
177000, 490944, 0, 0, 0
178000, 520278, 0, 0, 0
179000, 510157, 0, 0, 0
180002, 585436, 0, 0, 0
181000, 557258, 0, 0, 0
182001, 544983, 0, 0, 0
183001, 588976, 0, 0, 0
184002, 498990, 0, 0, 0
185000, 574614, 0, 0, 0
186000, 619250, 0, 0, 0
187001, 546901, 0, 0, 0
188000, 507366, 0, 0, 0
189002, 491554, 0, 0, 0
190000, 444779, 0, 0, 0
191000, 463754, 0, 0, 0
192000, 484670, 0, 0, 0
193000, 461677, 0, 0, 0
194001, 479694, 0, 0, 0
195000, 455383, 0, 0, 0
196002, 429818, 0, 0, 0
197002, 452695, 0, 0, 0
198001, 545672, 0, 0, 0
199001, 528639, 0, 0, 0
200000, 555375, 0, 0, 0
201000, 565514, 0, 0, 0
202000, 562208, 0, 0, 0
203000, 615002, 0, 0, 0
204000, 539208, 0, 0, 0
205000, 497127, 0, 0, 0
206001, 496042, 0, 0, 0
207000, 452201, 0, 0, 0
208000, 434756, 0, 0, 0
209000, 443929, 0, 0, 0
210000, 424299, 0, 0, 0
211001, 401594, 0, 0, 0
212000, 447385, 0, 0, 0
213000, 338863, 0, 0, 0
214000, 152767, 0, 0, 0
215000, 140586, 0, 0, 0
216001, 145980, 0, 0, 0
217000, 172661, 0, 0, 0
218000, 139434, 0, 0, 0
219000, 143238, 0, 0, 0
220000, 145724, 0, 0, 0
221000, 142399, 0, 0, 0
222000, 139121, 0, 0, 0
223000, 135058, 0, 0, 0
224000, 137310, 0, 0, 0
225000, 137017, 0, 0, 0
226000, 151052, 0, 0, 0
227000, 144325, 0, 0, 0
228000, 190603, 0, 0, 0
229000, 152411, 0, 0, 0
230000, 155383, 0, 0, 0
231000, 137213, 0, 0, 0
232000, 143774, 0, 0, 0
233000, 133406, 0, 0, 0
234000, 150498, 0, 0, 0
235001, 158965, 0, 0, 0
236000, 159809, 0, 0, 0
237000, 156363, 0, 0, 0
238000, 296528, 0, 0, 0
239000, 521718, 0, 0, 0
240001, 520929, 0, 0, 0
241000, 445396, 0, 0, 0
242000, 463682, 0, 0, 0
243000, 463889, 0, 0, 0
244000, 436740, 0, 0, 0
245001, 475080, 0, 0, 0
246000, 549132, 0, 0, 0
247000, 532323, 0, 0, 0
248000, 181749, 0, 0, 0
249000, 151401, 0, 0, 0
250000, 140138, 0, 0, 0
251000, 141990, 0, 0, 0
252000, 165479, 0, 0, 0
253001, 134933, 0, 0, 0
254000, 133552, 0, 0, 0
255000, 135469, 0, 0, 0
256000, 148838, 0, 0, 0
257000, 149311, 0, 0, 0
258000, 132087, 0, 0, 0
259000, 138442, 0, 0, 0
260000, 136495, 0, 0, 0
261000, 135615, 0, 0, 0
262000, 158713, 0, 0, 0
263000, 145756, 0, 0, 0
264000, 135446, 0, 0, 0
265000, 140062, 0, 0, 0
266000, 152817, 0, 0, 0
267000, 138330, 0, 0, 0
268000, 140416, 0, 0, 0
269000, 145665, 0, 0, 0
270000, 149973, 0, 0, 0
271000, 145453, 0, 0, 0
272000, 145420, 0, 0, 0
273005, 228990, 0, 0, 0
274000, 194828, 0, 0, 0
275000, 180501, 0, 0, 0
276000, 177207, 0, 0, 0
277000, 173471, 0, 0, 0
278000, 175180, 0, 0, 0
279000, 200264, 0, 0, 0
280000, 186520, 0, 0, 0
281000, 189758, 0, 0, 0
282000, 161527, 0, 0, 0
283002, 236275, 0, 0, 0
284000, 199585, 0, 0, 0
285001, 171421, 0, 0, 0
286001, 174535, 0, 0, 0
287000, 176306, 0, 0, 0
288000, 165751, 0, 0, 0
289000, 160860, 0, 0, 0
290000, 165650, 0, 0, 0
291000, 180085, 0, 0, 0
292000, 194988, 0, 0, 0
293000, 250806, 0, 0, 0
294000, 308003, 0, 0, 0
295002, 292104, 0, 0, 0
296001, 442571, 0, 0, 0
297000, 288869, 0, 0, 0
298000, 244776, 0, 0, 0
299000, 276879, 0, 0, 0
300000, 250669, 0, 0, 0
301000, 247993, 0, 0, 0
302000, 239871, 0, 0, 0
303000, 241586, 0, 0, 0
304000, 501962, 0, 0, 0
305002, 453700, 0, 0, 0
306001, 464509, 0, 0, 0
307000, 587176, 0, 0, 0
308000, 495635, 0, 0, 0
309000, 491165, 0, 0, 0
310000, 519598, 0, 0, 0
311000, 484915, 0, 0, 0
312001, 503516, 0, 0, 0
313000, 505011, 0, 0, 0
314000, 503340, 0, 0, 0
315000, 496339, 0, 0, 0
316000, 459617, 0, 0, 0
317001, 555615, 0, 0, 0
318000, 533696, 0, 0, 0
319000, 483410, 0, 0, 0
320000, 428241, 0, 0, 0
321000, 475922, 0, 0, 0
322000, 509940, 0, 0, 0
323001, 515910, 0, 0, 0
324000, 540337, 0, 0, 0
325000, 515977, 0, 0, 0
326000, 563650, 0, 0, 0
327000, 538737, 0, 0, 0
328001, 533684, 0, 0, 0
329000, 641213, 0, 0, 0
330000, 514893, 0, 0, 0
331000, 475798, 0, 0, 0
332001, 497403, 0, 0, 0
333001, 462850, 0, 0, 0
334001, 485699, 0, 0, 0
335001, 522198, 0, 0, 0
336000, 497178, 0, 0, 0
337000, 441408, 0, 0, 0
338000, 447543, 0, 0, 0
339000, 440165, 0, 0, 0
340001, 441609, 0, 0, 0
341001, 455665, 0, 0, 0
342000, 418064, 0, 0, 0
343000, 433101, 0, 0, 0
344000, 604973, 0, 0, 0
345001, 641673, 0, 0, 0
346000, 558142, 0, 0, 0
347000, 692073, 0, 0, 0
348001, 738939, 0, 0, 0
349000, 578437, 0, 0, 0
350001, 522153, 0, 0, 0
351000, 547274, 0, 0, 0
352000, 518444, 0, 0, 0
353000, 561097, 0, 0, 0
354000, 695420, 0, 0, 0
355000, 616656, 0, 0, 0
356002, 563475, 0, 0, 0
357001, 560494, 0, 0, 0
358000, 480351, 0, 0, 0
359000, 416914, 0, 0, 0
360000, 423332, 0, 0, 0
