1000, 151435, 0, 0, 0
2000, 162358, 0, 0, 0
3000, 192746, 0, 0, 0
4000, 177778, 0, 0, 0
5000, 187040, 0, 0, 0
6000, 284117, 0, 0, 0
7000, 310593, 0, 0, 0
8000, 523493, 0, 0, 0
9000, 468673, 0, 0, 0
10000, 512838, 0, 0, 0
11000, 463364, 0, 0, 0
12000, 455532, 0, 0, 0
13000, 488507, 0, 0, 0
14000, 437906, 0, 0, 0
15000, 451823, 0, 0, 0
16000, 462253, 0, 0, 0
17000, 460298, 0, 0, 0
18000, 410065, 0, 0, 0
19000, 429660, 0, 0, 0
20000, 455204, 0, 0, 0
21000, 508126, 0, 0, 0
22000, 547999, 0, 0, 0
23000, 537267, 0, 0, 0
24001, 529684, 0, 0, 0
25000, 522547, 0, 0, 0
26000, 488653, 0, 0, 0
27000, 495673, 0, 0, 0
28000, 460361, 0, 0, 0
29000, 487957, 0, 0, 0
30000, 457640, 0, 0, 0
31000, 486274, 0, 0, 0
32000, 449595, 0, 0, 0
33000, 432697, 0, 0, 0
34000, 450698, 0, 0, 0
35000, 446982, 0, 0, 0
36000, 530985, 0, 0, 0
37000, 552322, 0, 0, 0
38001, 676850, 0, 0, 0
39001, 685050, 0, 0, 0
40001, 752693, 0, 0, 0
41000, 232359, 0, 0, 0
42000, 178142, 0, 0, 0
43000, 156491, 0, 0, 0
44000, 161170, 0, 0, 0
45000, 152883, 0, 0, 0
46000, 148903, 0, 0, 0
47000, 111753, 0, 0, 0
48000, 99116, 0, 0, 0
49000, 100474, 0, 0, 0
50000, 114062, 0, 0, 0
51000, 103765, 0, 0, 0
52000, 102745, 0, 0, 0
53000, 102232, 0, 0, 0
54000, 101252, 0, 0, 0
55000, 102486, 0, 0, 0
56000, 98881, 0, 0, 0
57000, 100790, 0, 0, 0
58000, 99132, 0, 0, 0
59000, 100004, 0, 0, 0
60000, 102760, 0, 0, 0
61001, 144700, 0, 0, 0
62000, 126410, 0, 0, 0
63000, 131434, 0, 0, 0
64001, 147015, 0, 0, 0
65000, 122508, 0, 0, 0
66000, 119945, 0, 0, 0
67000, 117091, 0, 0, 0
68000, 121030, 0, 0, 0
69000, 119829, 0, 0, 0
70000, 118786, 0, 0, 0
71000, 163649, 0, 0, 0
72000, 132800, 0, 0, 0
73000, 138613, 0, 0, 0
74000, 136607, 0, 0, 0
75000, 133557, 0, 0, 0
76000, 138515, 0, 0, 0
77000, 149970, 0, 0, 0
78000, 148718, 0, 0, 0
79000, 164452, 0, 0, 0
80000, 195628, 0, 0, 0
81000, 241032, 0, 0, 0
82000, 319205, 0, 0, 0
83000, 225027, 0, 0, 0
84000, 260864, 0, 0, 0
85000, 227952, 0, 0, 0
86000, 259637, 0, 0, 0
87000, 187956, 0, 0, 0
88001, 174161, 0, 0, 0
89001, 200567, 0, 0, 0
90000, 200541, 0, 0, 0
91000, 207381, 0, 0, 0
92000, 389834, 0, 0, 0
93001, 518568, 0, 0, 0
94000, 486517, 0, 0, 0
95000, 580120, 0, 0, 0
96000, 566262, 0, 0, 0
97000, 467231, 0, 0, 0
98000, 513407, 0, 0, 0
99000, 531772, 0, 0, 0
100000, 466096, 0, 0, 0
101001, 516156, 0, 0, 0
102002, 496865, 0, 0, 0
103000, 449193, 0, 0, 0
104000, 481898, 0, 0, 0
105000, 459868, 0, 0, 0
106002, 463695, 0, 0, 0
107001, 486269, 0, 0, 0
108001, 446255, 0, 0, 0
109000, 422408, 0, 0, 0
110000, 446793, 0, 0, 0
111000, 442095, 0, 0, 0
112000, 424839, 0, 0, 0
113000, 451634, 0, 0, 0
114000, 466969, 0, 0, 0
115000, 442390, 0, 0, 0
116000, 465694, 0, 0, 0
117000, 364731, 0, 0, 0
118000, 118941, 0, 0, 0
119000, 99540, 0, 0, 0
120000, 113916, 0, 0, 0
121000, 101957, 0, 0, 0
122000, 102856, 0, 0, 0
123000, 102284, 0, 0, 0
124000, 101783, 0, 0, 0
125000, 102700, 0, 0, 0
126000, 99006, 0, 0, 0
127000, 100026, 0, 0, 0
128001, 100137, 0, 0, 0
129000, 100105, 0, 0, 0
130000, 103764, 0, 0, 0
131000, 154397, 0, 0, 0
132000, 124520, 0, 0, 0
133001, 130088, 0, 0, 0
134000, 129190, 0, 0, 0
135000, 130498, 0, 0, 0
136000, 125830, 0, 0, 0
137000, 133895, 0, 0, 0
138000, 129546, 0, 0, 0
139000, 123637, 0, 0, 0
140001, 134644, 0, 0, 0
141000, 277572, 0, 0, 0
142000, 208031, 0, 0, 0
143000, 221443, 0, 0, 0
144001, 495035, 0, 0, 0
145000, 297790, 0, 0, 0
146000, 188265, 0, 0, 0
147000, 178115, 0, 0, 0
148000, 222606, 0, 0, 0
149001, 224692, 0, 0, 0
150001, 219783, 0, 0, 0
151000, 297734, 0, 0, 0
152000, 283046, 0, 0, 0
153000, 343663, 0, 0, 0
154000, 326658, 0, 0, 0
155001, 315901, 0, 0, 0
156000, 398286, 0, 0, 0
157000, 469714, 0, 0, 0
158000, 436346, 0, 0, 0
159000, 441096, 0, 0, 0
160000, 413930, 0, 0, 0
161000, 394349, 0, 0, 0
162000, 419477, 0, 0, 0
163000, 105499, 0, 0, 0
164000, 100831, 0, 0, 0
165001, 103094, 0, 0, 0
166000, 99333, 0, 0, 0
167000, 97548, 0, 0, 0
168000, 100251, 0, 0, 0
169000, 100624, 0, 0, 0
170000, 98564, 0, 0, 0
171000, 115479, 0, 0, 0
172000, 102701, 0, 0, 0
173000, 102387, 0, 0, 0
174000, 102650, 0, 0, 0
175000, 103564, 0, 0, 0
176000, 101727, 0, 0, 0
177000, 99427, 0, 0, 0
178000, 98487, 0, 0, 0
179000, 99891, 0, 0, 0
180000, 100161, 0, 0, 0
181000, 101446, 0, 0, 0
182000, 112514, 0, 0, 0
183000, 102324, 0, 0, 0
184000, 102399, 0, 0, 0
185001, 103806, 0, 0, 0
186000, 103180, 0, 0, 0
187000, 100813, 0, 0, 0
188000, 99300, 0, 0, 0
189000, 100828, 0, 0, 0
190000, 99255, 0, 0, 0
191000, 99419, 0, 0, 0
192000, 124845, 0, 0, 0
193000, 354287, 0, 0, 0
194000, 150747, 0, 0, 0
195000, 142496, 0, 0, 0
196001, 145829, 0, 0, 0
197000, 133081, 0, 0, 0
198000, 135839, 0, 0, 0
199000, 136593, 0, 0, 0
200000, 136865, 0, 0, 0
201000, 165867, 0, 0, 0
202001, 225518, 0, 0, 0
203000, 191024, 0, 0, 0
204000, 191031, 0, 0, 0
205000, 186356, 0, 0, 0
206000, 404435, 0, 0, 0
207000, 434080, 0, 0, 0
208000, 424376, 0, 0, 0
209000, 547516, 0, 0, 0
210001, 474608, 0, 0, 0
211000, 503063, 0, 0, 0
212000, 484660, 0, 0, 0
213000, 439146, 0, 0, 0
214000, 444289, 0, 0, 0
215000, 451364, 0, 0, 0
216000, 446426, 0, 0, 0
217000, 425382, 0, 0, 0
218000, 451751, 0, 0, 0
219002, 474359, 0, 0, 0
220000, 433590, 0, 0, 0
221000, 243689, 0, 0, 0
222000, 101646, 0, 0, 0
223000, 103485, 0, 0, 0
224000, 103370, 0, 0, 0
225000, 103804, 0, 0, 0
226000, 100300, 0, 0, 0
227000, 99279, 0, 0, 0
228000, 99552, 0, 0, 0
229000, 98780, 0, 0, 0
230000, 99592, 0, 0, 0
231000, 101809, 0, 0, 0
232000, 146626, 0, 0, 0
233000, 124857, 0, 0, 0
234000, 140570, 0, 0, 0
235000, 121107, 0, 0, 0
236000, 119659, 0, 0, 0
237001, 116107, 0, 0, 0
238000, 116934, 0, 0, 0
239000, 118044, 0, 0, 0
240000, 115689, 0, 0, 0
241000, 116065, 0, 0, 0
242000, 136606, 0, 0, 0
243000, 117797, 0, 0, 0
244000, 125220, 0, 0, 0
245000, 123547, 0, 0, 0
246000, 121729, 0, 0, 0
247000, 122198, 0, 0, 0
248000, 119729, 0, 0, 0
249000, 119576, 0, 0, 0
250001, 121810, 0, 0, 0
251001, 170816, 0, 0, 0
252000, 181815, 0, 0, 0
253000, 223390, 0, 0, 0
254001, 201433, 0, 0, 0
255000, 208106, 0, 0, 0
256001, 212033, 0, 0, 0
257000, 493829, 0, 0, 0
258000, 474677, 0, 0, 0
259001, 478214, 0, 0, 0
260000, 512371, 0, 0, 0
261000, 525730, 0, 0, 0
262000, 513983, 0, 0, 0
263000, 505216, 0, 0, 0
264002, 468918, 0, 0, 0
265000, 454458, 0, 0, 0
266000, 530456, 0, 0, 0
267000, 471969, 0, 0, 0
268000, 440256, 0, 0, 0
269000, 519406, 0, 0, 0
270000, 505527, 0, 0, 0
271000, 479025, 0, 0, 0
272000, 494495, 0, 0, 0
273000, 455472, 0, 0, 0
274000, 474402, 0, 0, 0
275001, 492033, 0, 0, 0
276000, 480468, 0, 0, 0
277000, 463010, 0, 0, 0
278001, 454920, 0, 0, 0
279002, 421607, 0, 0, 0
280001, 441038, 0, 0, 0
281000, 427284, 0, 0, 0
282000, 431253, 0, 0, 0
283000, 460594, 0, 0, 0
284000, 527150, 0, 0, 0
285000, 523046, 0, 0, 0
286000, 226656, 0, 0, 0
287000, 98125, 0, 0, 0
288000, 99180, 0, 0, 0
289001, 108943, 0, 0, 0
290001, 108161, 0, 0, 0
291000, 101860, 0, 0, 0
292000, 102439, 0, 0, 0
293000, 101751, 0, 0, 0
294000, 103212, 0, 0, 0
295000, 98750, 0, 0, 0
296000, 100010, 0, 0, 0
297000, 99259, 0, 0, 0
298000, 101792, 0, 0, 0
299000, 99638, 0, 0, 0
300000, 114982, 0, 0, 0
301000, 102649, 0, 0, 0
302000, 102170, 0, 0, 0
303000, 104653, 0, 0, 0
304000, 101960, 0, 0, 0
305000, 101868, 0, 0, 0
306000, 97915, 0, 0, 0
307000, 100413, 0, 0, 0
308000, 99132, 0, 0, 0
309000, 99525, 0, 0, 0
310000, 103853, 0, 0, 0
311000, 181650, 0, 0, 0
312000, 170666, 0, 0, 0
313000, 178603, 0, 0, 0
314000, 167129, 0, 0, 0
315002, 188867, 0, 0, 0
316000, 313702, 0, 0, 0
317000, 342796, 0, 0, 0
318000, 479468, 0, 0, 0
319000, 445229, 0, 0, 0
320000, 474739, 0, 0, 0
321000, 417881, 0, 0, 0
322000, 419068, 0, 0, 0
323000, 427142, 0, 0, 0
324001, 444670, 0, 0, 0
325000, 419934, 0, 0, 0
326000, 450784, 0, 0, 0
327000, 430021, 0, 0, 0
328000, 371583, 0, 0, 0
329000, 102103, 0, 0, 0
330000, 100708, 0, 0, 0
331000, 99701, 0, 0, 0
332000, 113676, 0, 0, 0
333000, 101898, 0, 0, 0
334000, 101036, 0, 0, 0
335000, 103384, 0, 0, 0
336000, 100692, 0, 0, 0
337000, 102225, 0, 0, 0
338000, 99808, 0, 0, 0
339000, 99433, 0, 0, 0
340000, 100582, 0, 0, 0
341000, 100775, 0, 0, 0
342000, 103461, 0, 0, 0
343000, 114581, 0, 0, 0
344000, 102212, 0, 0, 0
345000, 103563, 0, 0, 0
346000, 105155, 0, 0, 0
347000, 105130, 0, 0, 0
348000, 102160, 0, 0, 0
349000, 98738, 0, 0, 0
350000, 99778, 0, 0, 0
351000, 99562, 0, 0, 0
352000, 99224, 0, 0, 0
353000, 114741, 0, 0, 0
354000, 138544, 0, 0, 0
355000, 131291, 0, 0, 0
356001, 134613, 0, 0, 0
357000, 133744, 0, 0, 0
358000, 144861, 0, 0, 0
359000, 117218, 0, 0, 0
360000, 121647, 0, 0, 0
