1000, 1544146, 1, 0, 0
2005, 1218422, 1, 0, 0
3012, 1260853, 1, 0, 0
4008, 1287537, 1, 0, 0
5005, 1283301, 1, 0, 0
6000, 1249083, 1, 0, 0
7004, 1288729, 1, 0, 0
8003, 1207337, 1, 0, 0
9000, 1006553, 1, 0, 0
10000, 719660, 1, 0, 0
11000, 472128, 1, 0, 0
12000, 472179, 1, 0, 0
13000, 533030, 1, 0, 0
14000, 577118, 1, 0, 0
15000, 509576, 1, 0, 0
16000, 514667, 1, 0, 0
17000, 763530, 1, 0, 0
18001, 749319, 1, 0, 0
19002, 734685, 1, 0, 0
20000, 781927, 1, 0, 0
21000, 976861, 1, 0, 0
22000, 962579, 1, 0, 0
23000, 849898, 1, 0, 0
24000, 837361, 1, 0, 0
25000, 832671, 1, 0, 0
26003, 808807, 1, 0, 0
27001, 939534, 1, 0, 0
28003, 1045416, 1, 0, 0
29000, 1030587, 1, 0, 0
30008, 1180112, 1, 0, 0
31001, 1253683, 1, 0, 0
32009, 1174620, 1, 0, 0
33006, 1119040, 1, 0, 0
34000, 1061907, 1, 0, 0
35000, 955425, 1, 0, 0
36000, 984181, 1, 0, 0
37003, 1013612, 1, 0, 0
38001, 997480, 1, 0, 0
39000, 937815, 1, 0, 0
40000, 1083724, 1, 0, 0
41001, 1567207, 1, 0, 0
42008, 1690061, 1, 0, 0
43000, 1791736, 1, 0, 0
44011, 1845745, 1, 0, 0
45003, 1567087, 1, 0, 0
46000, 949635, 1, 0, 0
47004, 967764, 1, 0, 0
48000, 1038630, 1, 0, 0
49004, 687968, 1, 0, 0
50000, 1048053, 1, 0, 0
51000, 1078610, 1, 0, 0
52000, 1043480, 1, 0, 0
53006, 1408504, 1, 0, 0
54013, 1877876, 1, 0, 0
55002, 1240326, 1, 0, 0
56000, 1147782, 1, 0, 0
57000, 1165195, 1, 0, 0
58000, 1097958, 1, 0, 0
59008, 1075765, 1, 0, 0
60004, 1357596, 1, 0, 0
61010, 1345885, 1, 0, 0
62008, 1543976, 1, 0, 0
63002, 1685277, 1, 0, 0
64005, 1853207, 1, 0, 0
65004, 1945209, 1, 0, 0
66001, 1931674, 1, 0, 0
67009, 1876628, 1, 0, 0
68002, 1041634, 1, 0, 0
69000, 1057413, 1, 0, 0
70000, 1024663, 1, 0, 0
71012, 1276970, 1, 0, 0
72000, 1862454, 1, 0, 0
73001, 1813115, 1, 0, 0
74010, 1888361, 1, 0, 0
75003, 1871153, 1, 0, 0
76006, 1857714, 1, 0, 0
77000, 1819826, 1, 0, 0
78000, 1505101, 1, 0, 0
79000, 1335939, 1, 0, 0
80008, 1311223, 1, 0, 0
81004, 1352280, 1, 0, 0
82000, 1236792, 1, 0, 0
83001, 1299803, 1, 0, 0
84000, 1405191, 1, 0, 0
85002, 1429921, 1, 0, 0
86000, 1549989, 1, 0, 0
87001, 1770203, 1, 0, 0
88008, 1886478, 1, 0, 0
89001, 1845641, 1, 0, 0
90005, 1144675, 1, 0, 0
91002, 1028617, 1, 0, 0
92001, 1084084, 1, 0, 0
93011, 1149041, 1, 0, 0
94006, 1322544, 1, 0, 0
95000, 639133, 1, 0, 0
96000, 486598, 1, 0, 0
97000, 472132, 1, 0, 0
98000, 474684, 1, 0, 0
99000, 633144, 1, 0, 0
100000, 719510, 1, 0, 0
101000, 660308, 1, 0, 0
102000, 644813, 1, 0, 0
103000, 691504, 1, 0, 0
104002, 580552, 1, 0, 0
105000, 698130, 1, 0, 0
106003, 700864, 1, 0, 0
107000, 764813, 1, 0, 0
108000, 662655, 1, 0, 0
109000, 475280, 1, 0, 0
110000, 570436, 1, 0, 0
111000, 1059023, 1, 0, 0
112000, 1009641, 1, 0, 0
113000, 1021080, 1, 0, 0
114000, 1063638, 1, 0, 0
115001, 1255180, 1, 0, 0
116007, 1419074, 1, 0, 0
117000, 1333914, 1, 0, 0
118004, 1400813, 1, 0, 0
119005, 1244084, 1, 0, 0
120007, 1259577, 1, 0, 0
121000, 1313200, 1, 0, 0
122000, 1392983, 1, 0, 0
123009, 1413076, 1, 0, 0
124002, 1315528, 1, 0, 0
125000, 1234210, 1, 0, 0
126009, 1295840, 1, 0, 0
127000, 1410478, 1, 0, 0
128000, 1281139, 1, 0, 0
129000, 1343049, 1, 0, 0
130003, 1258908, 1, 0, 0
131000, 1055067, 1, 0, 0
132000, 1037142, 1, 0, 0
133000, 929922, 1, 0, 0
134008, 1024208, 1, 0, 0
135004, 953032, 1, 0, 0
136000, 1000523, 1, 0, 0
137007, 1148645, 1, 0, 0
138000, 1327387, 1, 0, 0
139000, 1232393, 1, 0, 0
140000, 1016645, 1, 0, 0
141000, 922624, 1, 0, 0
142000, 903987, 1, 0, 0
143000, 722179, 1, 0, 0
144006, 947960, 1, 0, 0
145003, 1141506, 1, 0, 0
146000, 1138266, 1, 0, 0
147000, 957073, 1, 0, 0
148008, 934407, 1, 0, 0
149005, 1423631, 1, 0, 0
150000, 1357750, 1, 0, 0
151000, 1136858, 1, 0, 0
152005, 1186127, 1, 0, 0
153000, 1164947, 1, 0, 0
154000, 1028286, 1, 0, 0
155003, 1418822, 1, 0, 0
156003, 1568317, 1, 0, 0
157009, 1600687, 1, 0, 0
158010, 1560888, 1, 0, 0
159004, 1418461, 1, 0, 0
160003, 1107350, 1, 0, 0
161010, 1179665, 1, 0, 0
162000, 1454593, 1, 0, 0
163009, 1376113, 1, 0, 0
164006, 1808075, 1, 0, 0
165001, 1954652, 1, 0, 0
166000, 1868832, 1, 0, 0
167006, 1112254, 1, 0, 0
168001, 976966, 1, 0, 0
169000, 620139, 1, 0, 0
170000, 468808, 1, 0, 0
171000, 469308, 1, 0, 0
172000, 483624, 1, 0, 0
173000, 473668, 1, 0, 0
174000, 471799, 1, 0, 0
175000, 487095, 1, 0, 0
176000, 470687, 1, 0, 0
177000, 490427, 1, 0, 0
178000, 494255, 1, 0, 0
179000, 471016, 1, 0, 0
180000, 471219, 1, 0, 0
181000, 510019, 1, 0, 0
182000, 543993, 1, 0, 0
183000, 558678, 1, 0, 0
184000, 550164, 1, 0, 0
185000, 678601, 1, 0, 0
186000, 769848, 1, 0, 0
187001, 995600, 1, 0, 0
188000, 1098743, 1, 0, 0
189000, 1173377, 1, 0, 0
190000, 1221183, 1, 0, 0
191002, 1353410, 1, 0, 0
192004, 1467294, 1, 0, 0
193002, 1483241, 1, 0, 0
194008, 1426512, 1, 0, 0
195005, 1458855, 1, 0, 0
196003, 1523351, 1, 0, 0
197007, 1483129, 1, 0, 0
198003, 1578433, 1, 0, 0
199006, 1580376, 1, 0, 0
200002, 1574897, 1, 0, 0
201009, 1482439, 1, 0, 0
202000, 1430871, 1, 0, 0
203000, 1354534, 1, 0, 0
204000, 1305801, 1, 0, 0
205004, 1147046, 1, 0, 0
206000, 1093481, 1, 0, 0
207000, 1277263, 1, 0, 0
208003, 1463535, 1, 0, 0
209007, 1398802, 1, 0, 0
210011, 1574712, 1, 0, 0
211000, 1703992, 1, 0, 0
212004, 1671683, 1, 0, 0
213000, 1580547, 1, 0, 0
214000, 1528414, 1, 0, 0
215008, 1439359, 1, 0, 0
216000, 1470072, 1, 0, 0
217000, 1612715, 1, 0, 0
218008, 1482943, 1, 0, 0
219000, 1461697, 1, 0, 0
220002, 1348921, 1, 0, 0
221007, 1360243, 1, 0, 0
222002, 1364472, 1, 0, 0
223008, 1342492, 1, 0, 0
224009, 1354336, 1, 0, 0
225000, 1530800, 1, 0, 0
226008, 1538088, 1, 0, 0
227000, 1163045, 1, 0, 0
228011, 1236718, 1, 0, 0
229001, 1812286, 1, 0, 0
230000, 1756687, 1, 0, 0
231012, 1827733, 1, 0, 0
232003, 1789262, 1, 0, 0
233005, 1655324, 1, 0, 0
234000, 1654162, 1, 0, 0
235000, 1616434, 1, 0, 0
236010, 1781867, 1, 0, 0
237009, 1693991, 1, 0, 0
238008, 1254860, 1, 0, 0
239000, 1220312, 1, 0, 0
240000, 1298859, 1, 0, 0
241006, 1235823, 1, 0, 0
242001, 1204033, 1, 0, 0
243004, 1276789, 1, 0, 0
244000, 1399977, 1, 0, 0
245000, 1271086, 1, 0, 0
246000, 1316888, 1, 0, 0
247004, 1256708, 1, 0, 0
248000, 1254896, 1, 0, 0
249000, 962046, 1, 0, 0
250000, 627662, 1, 0, 0
251000, 633891, 1, 0, 0
252000, 599429, 1, 0, 0
253001, 833536, 1, 0, 0
254000, 898894, 1, 0, 0
255001, 898261, 1, 0, 0
256000, 682259, 1, 0, 0
257009, 1582484, 1, 0, 0
258005, 1796188, 1, 0, 0
259000, 1833562, 1, 0, 0
260004, 1807046, 1, 0, 0
261008, 1754185, 1, 0, 0
262009, 1801473, 1, 0, 0
263000, 1773012, 1, 0, 0
264000, 1792569, 1, 0, 0
265000, 1632709, 1, 0, 0
266008, 1561839, 1, 0, 0
267008, 1566786, 1, 0, 0
268000, 1693586, 1, 0, 0
269010, 1796770, 1, 0, 0
270011, 1690072, 1, 0, 0
271000, 1812670, 1, 0, 0
272011, 1796843, 1, 0, 0
273012, 1790363, 1, 0, 0
274000, 1890584, 1, 0, 0
275004, 1981203, 1, 0, 0
276007, 1623169, 1, 0, 0
277006, 1677398, 1, 0, 0
278002, 1723891, 1, 0, 0
279000, 1650715, 1, 0, 0
280007, 1914243, 1, 0, 0
281006, 1867193, 1, 0, 0
282010, 1636300, 1, 0, 0
283008, 1733359, 1, 0, 0
284001, 1648126, 1, 0, 0
285007, 1642674, 1, 0, 0
286000, 1544100, 1, 0, 0
287007, 1218934, 1, 0, 0
288000, 1225011, 1, 0, 0
289000, 1204524, 1, 0, 0
290000, 1171888, 1, 0, 0
291000, 1351769, 1, 0, 0
292011, 1452315, 1, 0, 0
293011, 1558439, 1, 0, 0
294011, 1987443, 1, 0, 0
295004, 1728408, 1, 0, 0
296000, 1149733, 1, 0, 0
297007, 1113604, 1, 0, 0
298008, 1196178, 1, 0, 0
299003, 1138830, 1, 0, 0
300000, 973846, 1, 0, 0
301009, 1089559, 1, 0, 0
302000, 1567761, 1, 0, 0
303000, 1469847, 1, 0, 0
304000, 1759831, 1, 0, 0
305000, 1931418, 1, 0, 0
306000, 1736553, 1, 0, 0
307000, 1428064, 1, 0, 0
308000, 1275290, 1, 0, 0
309000, 1113555, 1, 0, 0
310021, 1199522, 1, 0, 0
311004, 1200771, 1, 0, 0
312006, 1109549, 1, 0, 0
313000, 1111583, 1, 0, 0
314002, 1101439, 1, 0, 0
315000, 1183939, 1, 0, 0
316000, 1331787, 1, 0, 0
317000, 1375533, 1, 0, 0
318004, 1987592, 1, 0, 0
319000, 1446370, 1, 0, 0
320000, 858725, 1, 0, 0
321005, 753511, 1, 0, 0
322000, 756934, 1, 0, 0
323000, 753778, 1, 0, 0
324000, 1503662, 1, 0, 0
325000, 1636846, 1, 0, 0
326004, 1366412, 1, 0, 0
327000, 1009242, 1, 0, 0
328000, 986907, 1, 0, 0
329002, 1027088, 1, 0, 0
330000, 1028345, 1, 0, 0
331000, 1080987, 1, 0, 0
332000, 1054780, 1, 0, 0
333019, 1099725, 1, 0, 0
334001, 1095911, 1, 0, 0
335000, 1094754, 1, 0, 0
336007, 1097898, 1, 0, 0
337009, 1078127, 1, 0, 0
338002, 1199441, 1, 0, 0
339004, 1741005, 1, 0, 0
340006, 1888453, 1, 0, 0
341002, 1917778, 1, 0, 0
342000, 1908943, 1, 0, 0
343004, 1871794, 1, 0, 0
344009, 1900491, 1, 0, 0
345005, 1917216, 1, 0, 0
346008, 1840458, 1, 0, 0
347007, 1943734, 1, 0, 0
348006, 1910711, 1, 0, 0
349000, 2185852, 1, 0, 0
350000, 1918768, 1, 0, 0
351001, 1925394, 1, 0, 0
352000, 1885865, 1, 0, 0
353006, 1997612, 1, 0, 0
354000, 2002988, 1, 0, 0
355000, 1909549, 1, 0, 0
356010, 1900845, 1, 0, 0
357001, 1909276, 1, 0, 0
358000, 1915370, 1, 0, 0
359001, 1984239, 1, 0, 0
360010, 1950001, 1, 0, 0
360010, 11543825, 1, 0, 0
