1000, 468054, 0, 0, 0
2000, 557869, 0, 0, 0
3000, 551551, 0, 0, 0
4001, 517821, 0, 0, 0
5001, 583314, 0, 0, 0
6002, 586613, 0, 0, 0
7000, 518538, 0, 0, 0
8000, 580388, 0, 0, 0
9001, 525712, 0, 0, 0
10001, 473221, 0, 0, 0
11002, 578844, 0, 0, 0
12000, 529999, 0, 0, 0
13001, 513363, 0, 0, 0
14001, 558097, 0, 0, 0
15001, 628008, 0, 0, 0
16001, 556353, 0, 0, 0
17001, 512723, 0, 0, 0
18001, 519565, 0, 0, 0
19000, 451185, 0, 0, 0
20001, 549230, 0, 0, 0
21000, 594776, 0, 0, 0
22000, 616878, 0, 0, 0
23000, 582741, 0, 0, 0
24001, 598674, 0, 0, 0
25001, 604679, 0, 0, 0
26000, 562766, 0, 0, 0
27000, 685098, 0, 0, 0
28001, 607704, 0, 0, 0
29001, 582121, 0, 0, 0
30000, 541032, 0, 0, 0
31000, 608389, 0, 0, 0
32000, 487866, 0, 0, 0
33000, 485300, 0, 0, 0
34001, 502354, 0, 0, 0
35001, 556368, 0, 0, 0
36000, 512289, 0, 0, 0
37000, 533351, 0, 0, 0
38001, 561008, 0, 0, 0
39000, 545284, 0, 0, 0
40001, 516805, 0, 0, 0
41000, 531852, 0, 0, 0
42000, 481338, 0, 0, 0
43001, 502567, 0, 0, 0
44001, 560663, 0, 0, 0
45001, 512157, 0, 0, 0
46000, 520793, 0, 0, 0
47001, 529031, 0, 0, 0
48000, 551115, 0, 0, 0
49001, 492155, 0, 0, 0
50001, 503761, 0, 0, 0
51000, 435228, 0, 0, 0
52001, 535576, 0, 0, 0
53000, 544540, 0, 0, 0
54001, 557544, 0, 0, 0
55000, 567880, 0, 0, 0
56000, 514199, 0, 0, 0
57001, 483120, 0, 0, 0
58000, 485845, 0, 0, 0
59000, 491738, 0, 0, 0
60000, 464343, 0, 0, 0
61000, 522743, 0, 0, 0
62001, 586386, 0, 0, 0
63000, 578984, 0, 0, 0
64000, 511647, 0, 0, 0
65000, 491183, 0, 0, 0
66001, 531825, 0, 0, 0
67000, 499588, 0, 0, 0
68022, 458882, 0, 0, 0
69000, 469664, 0, 0, 0
70001, 471752, 0, 0, 0
71000, 482120, 0, 0, 0
72000, 481285, 0, 0, 0
73000, 464934, 0, 0, 0
74000, 502423, 0, 0, 0
75000, 542130, 0, 0, 0
76000, 694539, 0, 0, 0
77000, 635331, 0, 0, 0
78001, 688934, 0, 0, 0
79001, 654128, 0, 0, 0
80000, 555178, 0, 0, 0
81000, 568655, 0, 0, 0
82000, 543524, 0, 0, 0
83000, 520021, 0, 0, 0
84001, 572907, 0, 0, 0
85000, 555306, 0, 0, 0
86001, 518658, 0, 0, 0
87001, 498760, 0, 0, 0
88000, 575087, 0, 0, 0
89000, 473559, 0, 0, 0
90001, 476397, 0, 0, 0
91000, 500688, 0, 0, 0
92001, 474176, 0, 0, 0
93000, 464588, 0, 0, 0
94000, 523349, 0, 0, 0
95001, 458065, 0, 0, 0
96000, 437093, 0, 0, 0
97000, 496377, 0, 0, 0
98000, 443464, 0, 0, 0
99000, 431168, 0, 0, 0
100001, 499053, 0, 0, 0
101000, 458736, 0, 0, 0
102001, 475251, 0, 0, 0
103000, 462984, 0, 0, 0
104001, 397135, 0, 0, 0
105000, 425613, 0, 0, 0
106000, 498831, 0, 0, 0
107000, 477320, 0, 0, 0
108000, 491338, 0, 0, 0
109000, 492112, 0, 0, 0
110000, 538591, 0, 0, 0
111000, 504008, 0, 0, 0
112000, 554539, 0, 0, 0
113000, 553635, 0, 0, 0
114000, 526100, 0, 0, 0
115025, 527230, 0, 0, 0
116000, 460382, 0, 0, 0
117000, 496438, 0, 0, 0
118000, 465022, 0, 0, 0
119000, 559935, 0, 0, 0
120000, 576641, 0, 0, 0
121000, 507782, 0, 0, 0
122000, 520707, 0, 0, 0
123000, 505072, 0, 0, 0
124000, 597993, 0, 0, 0
125000, 588549, 0, 0, 0
126000, 616571, 0, 0, 0
127000, 605359, 0, 0, 0
128000, 608307, 0, 0, 0
129000, 509871, 0, 0, 0
130001, 495328, 0, 0, 0
131000, 544295, 0, 0, 0
132001, 514063, 0, 0, 0
133000, 568192, 0, 0, 0
134000, 493090, 0, 0, 0
135000, 464321, 0, 0, 0
136000, 528028, 0, 0, 0
137027, 556770, 0, 0, 0
138000, 532552, 0, 0, 0
139000, 518160, 0, 0, 0
140000, 549565, 0, 0, 0
141001, 598372, 0, 0, 0
142000, 498394, 0, 0, 0
143000, 545660, 0, 0, 0
144000, 565268, 0, 0, 0
145000, 556745, 0, 0, 0
146000, 529876, 0, 0, 0
147001, 545312, 0, 0, 0
148000, 471290, 0, 0, 0
149000, 487689, 0, 0, 0
150002, 571283, 0, 0, 0
151001, 534888, 0, 0, 0
152001, 513264, 0, 0, 0
153000, 551203, 0, 0, 0
154001, 542899, 0, 0, 0
155000, 528398, 0, 0, 0
156001, 575081, 0, 0, 0
157001, 520009, 0, 0, 0
158000, 556697, 0, 0, 0
159000, 571039, 0, 0, 0
160000, 561922, 0, 0, 0
161001, 557987, 0, 0, 0
162002, 487047, 0, 0, 0
163000, 514808, 0, 0, 0
164001, 460964, 0, 0, 0
165000, 481885, 0, 0, 0
166000, 520604, 0, 0, 0
167000, 503193, 0, 0, 0
168000, 505375, 0, 0, 0
169008, 507308, 0, 0, 0
170001, 464271, 0, 0, 0
171001, 496676, 0, 0, 0
172000, 536159, 0, 0, 0
173000, 452359, 0, 0, 0
174000, 500448, 0, 0, 0
175000, 541582, 0, 0, 0
176000, 522514, 0, 0, 0
177001, 560786, 0, 0, 0
178000, 569694, 0, 0, 0
179000, 515167, 0, 0, 0
180000, 479856, 0, 0, 0
181000, 531792, 0, 0, 0
182000, 486803, 0, 0, 0
183001, 453243, 0, 0, 0
184000, 516710, 0, 0, 0
185000, 490395, 0, 0, 0
186001, 476491, 0, 0, 0
187000, 495528, 0, 0, 0
188000, 545907, 0, 0, 0
189000, 518564, 0, 0, 0
190001, 541561, 0, 0, 0
191000, 534358, 0, 0, 0
192001, 526119, 0, 0, 0
193000, 536688, 0, 0, 0
194001, 477559, 0, 0, 0
195000, 473125, 0, 0, 0
196001, 476512, 0, 0, 0
197000, 443271, 0, 0, 0
198002, 460789, 0, 0, 0
199001, 512666, 0, 0, 0
200000, 475757, 0, 0, 0
201000, 493208, 0, 0, 0
202000, 541101, 0, 0, 0
203001, 484719, 0, 0, 0
204000, 494011, 0, 0, 0
205001, 507243, 0, 0, 0
206000, 488224, 0, 0, 0
207001, 454189, 0, 0, 0
208001, 488484, 0, 0, 0
209000, 467895, 0, 0, 0
210000, 538253, 0, 0, 0
211001, 596430, 0, 0, 0
212000, 563500, 0, 0, 0
213001, 544015, 0, 0, 0
214000, 551603, 0, 0, 0
215000, 501955, 0, 0, 0
216000, 455382, 0, 0, 0
217000, 479866, 0, 0, 0
218000, 556091, 0, 0, 0
219000, 484143, 0, 0, 0
220000, 477559, 0, 0, 0
221001, 486543, 0, 0, 0
222000, 443585, 0, 0, 0
223000, 471393, 0, 0, 0
224000, 469685, 0, 0, 0
225001, 531519, 0, 0, 0
226000, 572071, 0, 0, 0
227028, 507091, 0, 0, 0
228000, 494075, 0, 0, 0
229001, 489626, 0, 0, 0
230000, 516677, 0, 0, 0
231000, 475290, 0, 0, 0
232000, 496302, 0, 0, 0
233000, 462490, 0, 0, 0
234000, 441534, 0, 0, 0
235001, 463669, 0, 0, 0
236000, 475086, 0, 0, 0
237000, 444060, 0, 0, 0
238001, 504603, 0, 0, 0
239001, 471774, 0, 0, 0
240000, 467629, 0, 0, 0
241002, 526749, 0, 0, 0
242000, 527669, 0, 0, 0
243002, 525241, 0, 0, 0
244000, 663951, 0, 0, 0
245000, 570769, 0, 0, 0
246000, 555157, 0, 0, 0
247000, 489618, 0, 0, 0
248000, 526852, 0, 0, 0
249001, 516962, 0, 0, 0
250000, 471063, 0, 0, 0
251000, 502468, 0, 0, 0
252000, 483150, 0, 0, 0
253001, 486450, 0, 0, 0
254000, 509327, 0, 0, 0
255001, 439004, 0, 0, 0
256000, 389495, 0, 0, 0
257001, 583639, 0, 0, 0
258000, 565153, 0, 0, 0
259000, 523085, 0, 0, 0
260001, 616527, 0, 0, 0
261000, 555330, 0, 0, 0
262000, 565024, 0, 0, 0
263001, 597425, 0, 0, 0
264000, 615216, 0, 0, 0
265000, 542863, 0, 0, 0
266000, 582878, 0, 0, 0
267001, 542233, 0, 0, 0
268000, 468139, 0, 0, 0
269002, 470974, 0, 0, 0
270001, 536058, 0, 0, 0
271000, 509802, 0, 0, 0
272003, 518188, 0, 0, 0
273000, 642978, 0, 0, 0
274000, 503847, 0, 0, 0
275000, 509956, 0, 0, 0
276000, 630516, 0, 0, 0
277001, 603224, 0, 0, 0
278000, 595965, 0, 0, 0
279000, 645138, 0, 0, 0
280000, 652672, 0, 0, 0
281000, 624032, 0, 0, 0
282000, 590723, 0, 0, 0
283000, 657643, 0, 0, 0
284001, 546060, 0, 0, 0
285000, 535453, 0, 0, 0
286001, 537656, 0, 0, 0
287000, 529718, 0, 0, 0
288000, 478195, 0, 0, 0
289000, 539776, 0, 0, 0
290000, 511883, 0, 0, 0
291000, 497770, 0, 0, 0
292000, 490715, 0, 0, 0
293000, 484485, 0, 0, 0
294001, 468805, 0, 0, 0
295000, 518683, 0, 0, 0
296000, 560230, 0, 0, 0
297000, 596029, 0, 0, 0
298000, 535324, 0, 0, 0
299000, 552818, 0, 0, 0
300000, 562141, 0, 0, 0
301000, 504339, 0, 0, 0
302000, 568343, 0, 0, 0
303001, 627929, 0, 0, 0
304001, 578651, 0, 0, 0
305001, 739676, 0, 0, 0
306001, 686932, 0, 0, 0
307001, 572994, 0, 0, 0
308000, 558301, 0, 0, 0
309000, 486819, 0, 0, 0
310001, 492051, 0, 0, 0
311000, 524658, 0, 0, 0
312000, 497861, 0, 0, 0
313000, 475774, 0, 0, 0
314000, 498739, 0, 0, 0
315001, 529619, 0, 0, 0
316000, 485602, 0, 0, 0
317000, 528577, 0, 0, 0
318000, 501632, 0, 0, 0
319000, 477772, 0, 0, 0
320001, 491535, 0, 0, 0
321000, 468926, 0, 0, 0
322001, 438977, 0, 0, 0
323000, 492733, 0, 0, 0
324000, 463092, 0, 0, 0
325000, 452837, 0, 0, 0
326000, 498931, 0, 0, 0
327001, 471751, 0, 0, 0
328001, 446740, 0, 0, 0
329000, 495634, 0, 0, 0
330000, 429283, 0, 0, 0
331001, 426137, 0, 0, 0
332000, 530752, 0, 0, 0
333000, 482854, 0, 0, 0
334020, 493116, 0, 0, 0
335000, 482322, 0, 0, 0
336001, 490692, 0, 0, 0
337000, 528257, 0, 0, 0
338001, 549080, 0, 0, 0
339000, 514655, 0, 0, 0
340001, 512748, 0, 0, 0
341000, 535446, 0, 0, 0
342001, 565589, 0, 0, 0
343000, 531560, 0, 0, 0
344001, 566231, 0, 0, 0
345000, 482839, 0, 0, 0
346001, 475154, 0, 0, 0
347000, 513936, 0, 0, 0
348000, 495499, 0, 0, 0
349000, 453601, 0, 0, 0
350000, 521956, 0, 0, 0
351000, 497012, 0, 0, 0
352000, 478832, 0, 0, 0
353000, 556282, 0, 0, 0
354000, 504511, 0, 0, 0
355000, 556351, 0, 0, 0
356000, 622886, 0, 0, 0
357001, 574365, 0, 0, 0
358001, 538389, 0, 0, 0
359000, 564626, 0, 0, 0
360000, 485004, 0, 0, 0
