1000, 2620, 1, 0, 0
2012, 2602, 1, 0, 0
3004, 2613, 1, 0, 0
4000, 2617, 1, 0, 0
5002, 2623, 1, 0, 0
6003, 2616, 1, 0, 0
7004, 2651, 1, 0, 0
8000, 2614, 1, 0, 0
9000, 2617, 1, 0, 0
10000, 2636, 1, 0, 0
11000, 2611, 1, 0, 0
12000, 2617, 1, 0, 0
13000, 2607, 1, 0, 0
14000, 2599, 1, 0, 0
15002, 2632, 1, 0, 0
16000, 2635, 1, 0, 0
17007, 2619, 1, 0, 0
18000, 2591, 1, 0, 0
19003, 2616, 1, 0, 0
20000, 2617, 1, 0, 0
21003, 2597, 1, 0, 0
22000, 2599, 1, 0, 0
23003, 2611, 1, 0, 0
24007, 2610, 1, 0, 0
25000, 2621, 1, 0, 0
26000, 2610, 1, 0, 0
27000, 2603, 1, 0, 0
28000, 2623, 1, 0, 0
29000, 2602, 1, 0, 0
30000, 2614, 1, 0, 0
31005, 2626, 1, 0, 0
32000, 2609, 1, 0, 0
33005, 2607, 1, 0, 0
34006, 2602, 1, 0, 0
35008, 2608, 1, 0, 0
36000, 2603, 1, 0, 0
37010, 2594, 1, 0, 0
38003, 2611, 1, 0, 0
39005, 2653, 1, 0, 0
40006, 2646, 1, 0, 0
41000, 2619, 1, 0, 0
42008, 2612, 1, 0, 0
43011, 2636, 1, 0, 0
44000, 2604, 1, 0, 0
45009, 2598, 1, 0, 0
46008, 2631, 1, 0, 0
47003, 2607, 1, 0, 0
48000, 2640, 1, 0, 0
49009, 2621, 1, 0, 0
50009, 2631, 1, 0, 0
51004, 2631, 1, 0, 0
52008, 2629, 1, 0, 0
53006, 2671, 1, 0, 0
54002, 2647, 1, 0, 0
55006, 2658, 1, 0, 0
56002, 2643, 1, 0, 0
57000, 2614, 1, 0, 0
58009, 2602, 1, 0, 0
59005, 2677, 1, 0, 0
60000, 2671, 1, 0, 0
61005, 2646, 1, 0, 0
62000, 2643, 1, 0, 0
63010, 2622, 1, 0, 0
64010, 2616, 1, 0, 0
65000, 2601, 1, 0, 0
66000, 2649, 1, 0, 0
67003, 2629, 1, 0, 0
68000, 2619, 1, 0, 0
69006, 2623, 1, 0, 0
70006, 2623, 1, 0, 0
71010, 2630, 1, 0, 0
72010, 2615, 1, 0, 0
73005, 2623, 1, 0, 0
74000, 2615, 1, 0, 0
75007, 2593, 1, 0, 0
76005, 2614, 1, 0, 0
77009, 2618, 1, 0, 0
78000, 2640, 1, 0, 0
79004, 2636, 1, 0, 0
80000, 2638, 1, 0, 0
81008, 2638, 1, 0, 0
82006, 2624, 1, 0, 0
83002, 2612, 1, 0, 0
84000, 2623, 1, 0, 0
85000, 2635, 1, 0, 0
86006, 2627, 1, 0, 0
87000, 2634, 1, 0, 0
88006, 2640, 1, 0, 0
89004, 2634, 1, 0, 0
90001, 2647, 1, 0, 0
91006, 2622, 1, 0, 0
92002, 2629, 1, 0, 0
93009, 2648, 1, 0, 0
94003, 2626, 1, 0, 0
95003, 2625, 1, 0, 0
96000, 2650, 1, 0, 0
97008, 2659, 1, 0, 0
98000, 2649, 1, 0, 0
99006, 2632, 1, 0, 0
100004, 2600, 1, 0, 0
101004, 2612, 1, 0, 0
102005, 2636, 1, 0, 0
103008, 2633, 1, 0, 0
104000, 2607, 1, 0, 0
105000, 2691, 1, 0, 0
106000, 2695, 1, 0, 0
107000, 2701, 1, 0, 0
108000, 2609, 1, 0, 0
109005, 2617, 1, 0, 0
110000, 2612, 1, 0, 0
111008, 2607, 1, 0, 0
112001, 2634, 1, 0, 0
113005, 2616, 1, 0, 0
114000, 2642, 1, 0, 0
115000, 2650, 1, 0, 0
116008, 2614, 1, 0, 0
117010, 2604, 1, 0, 0
118007, 2619, 1, 0, 0
119001, 2617, 1, 0, 0
120000, 2614, 1, 0, 0
121001, 2598, 1, 0, 0
122002, 2618, 1, 0, 0
123000, 2633, 1, 0, 0
124009, 2636, 1, 0, 0
125008, 2599, 1, 0, 0
126000, 2609, 1, 0, 0
127003, 2622, 1, 0, 0
128008, 2634, 1, 0, 0
129005, 2610, 1, 0, 0
130007, 2612, 1, 0, 0
131005, 2624, 1, 0, 0
132006, 2615, 1, 0, 0
133000, 2622, 1, 0, 0
134000, 2624, 1, 0, 0
135006, 2621, 1, 0, 0
136000, 2633, 1, 0, 0
137000, 2630, 1, 0, 0
138000, 2609, 1, 0, 0
139000, 2611, 1, 0, 0
140000, 2643, 1, 0, 0
141003, 2616, 1, 0, 0
142009, 2627, 1, 0, 0
143000, 2622, 1, 0, 0
144000, 2592, 1, 0, 0
145011, 2602, 1, 0, 0
146002, 2603, 1, 0, 0
147000, 2592, 1, 0, 0
148000, 2627, 1, 0, 0
149008, 2602, 1, 0, 0
150000, 2611, 1, 0, 0
151010, 2635, 1, 0, 0
152003, 2617, 1, 0, 0
153008, 2581, 1, 0, 0
154000, 2601, 1, 0, 0
155003, 2630, 1, 0, 0
156001, 2625, 1, 0, 0
157000, 2620, 1, 0, 0
158008, 2595, 1, 0, 0
159005, 2614, 1, 0, 0
160004, 2614, 1, 0, 0
161003, 2632, 1, 0, 0
162001, 2628, 1, 0, 0
163004, 2622, 1, 0, 0
164003, 2641, 1, 0, 0
165000, 2648, 1, 0, 0
166000, 2629, 1, 0, 0
167005, 2620, 1, 0, 0
168000, 2619, 1, 0, 0
169003, 2617, 1, 0, 0
170003, 2619, 1, 0, 0
171000, 2627, 1, 0, 0
172004, 2612, 1, 0, 0
173009, 2627, 1, 0, 0
174000, 2637, 1, 0, 0
175009, 2630, 1, 0, 0
176010, 2616, 1, 0, 0
177000, 2612, 1, 0, 0
178007, 2611, 1, 0, 0
179011, 2623, 1, 0, 0
180008, 2635, 1, 0, 0
181006, 2630, 1, 0, 0
182008, 2612, 1, 0, 0
183002, 2641, 1, 0, 0
184000, 2630, 1, 0, 0
185007, 2602, 1, 0, 0
186000, 2611, 1, 0, 0
187000, 2616, 1, 0, 0
188009, 2626, 1, 0, 0
189004, 2607, 1, 0, 0
190001, 2585, 1, 0, 0
191000, 2594, 1, 0, 0
192000, 2618, 1, 0, 0
193000, 2617, 1, 0, 0
194000, 2653, 1, 0, 0
195006, 2617, 1, 0, 0
196002, 2637, 1, 0, 0
197001, 2666, 1, 0, 0
198000, 2629, 1, 0, 0
199000, 2627, 1, 0, 0
200000, 2616, 1, 0, 0
201001, 2638, 1, 0, 0
202013, 2633, 1, 0, 0
203000, 2627, 1, 0, 0
204011, 2625, 1, 0, 0
205010, 2657, 1, 0, 0
206004, 2640, 1, 0, 0
207000, 2620, 1, 0, 0
208009, 2599, 1, 0, 0
209000, 2633, 1, 0, 0
210006, 2637, 1, 0, 0
211009, 2625, 1, 0, 0
212002, 2639, 1, 0, 0
213000, 2660, 1, 0, 0
214005, 2656, 1, 0, 0
215000, 2607, 1, 0, 0
216011, 2615, 1, 0, 0
217003, 2621, 1, 0, 0
218000, 2645, 1, 0, 0
219000, 2654, 1, 0, 0
220000, 2651, 1, 0, 0
221005, 2638, 1, 0, 0
222009, 2633, 1, 0, 0
223000, 2653, 1, 0, 0
224000, 2725, 1, 0, 0
225000, 2715, 1, 0, 0
226000, 2672, 1, 0, 0
227000, 2617, 1, 0, 0
228000, 2609, 1, 0, 0
229000, 2611, 1, 0, 0
230000, 2622, 1, 0, 0
231000, 2625, 1, 0, 0
232000, 2607, 1, 0, 0
233000, 2606, 1, 0, 0
234004, 2620, 1, 0, 0
235000, 2617, 1, 0, 0
236000, 2631, 1, 0, 0
237000, 2612, 1, 0, 0
238000, 2620, 1, 0, 0
239005, 2621, 1, 0, 0
240000, 2625, 1, 0, 0
241000, 2602, 1, 0, 0
242005, 2611, 1, 0, 0
243006, 2620, 1, 0, 0
244008, 2611, 1, 0, 0
245010, 2616, 1, 0, 0
246009, 2601, 1, 0, 0
247010, 2605, 1, 0, 0
248006, 2592, 1, 0, 0
249000, 2610, 1, 0, 0
250003, 2619, 1, 0, 0
251000, 2643, 1, 0, 0
252008, 2658, 1, 0, 0
253000, 2642, 1, 0, 0
254000, 2624, 1, 0, 0
255002, 2637, 1, 0, 0
256000, 2620, 1, 0, 0
257000, 2616, 1, 0, 0
258000, 2616, 1, 0, 0
259007, 2621, 1, 0, 0
260000, 2617, 1, 0, 0
261004, 2619, 1, 0, 0
262003, 2614, 1, 0, 0
263006, 2614, 1, 0, 0
264006, 2598, 1, 0, 0
265003, 2602, 1, 0, 0
266007, 2604, 1, 0, 0
267007, 2609, 1, 0, 0
268004, 2618, 1, 0, 0
269005, 2604, 1, 0, 0
270000, 2596, 1, 0, 0
271005, 2614, 1, 0, 0
272003, 2640, 1, 0, 0
273000, 2618, 1, 0, 0
274002, 2632, 1, 0, 0
275000, 2615, 1, 0, 0
276000, 2617, 1, 0, 0
277000, 2621, 1, 0, 0
278000, 2624, 1, 0, 0
279000, 2615, 1, 0, 0
280000, 2612, 1, 0, 0
281003, 2611, 1, 0, 0
282000, 2600, 1, 0, 0
283000, 2614, 1, 0, 0
284006, 2622, 1, 0, 0
285000, 2620, 1, 0, 0
286000, 2601, 1, 0, 0
287003, 2612, 1, 0, 0
288000, 2617, 1, 0, 0
289000, 2629, 1, 0, 0
290000, 2607, 1, 0, 0
291003, 2602, 1, 0, 0
292000, 2603, 1, 0, 0
293000, 2606, 1, 0, 0
294000, 2611, 1, 0, 0
295000, 2620, 1, 0, 0
296000, 2625, 1, 0, 0
297003, 2618, 1, 0, 0
298007, 2620, 1, 0, 0
299000, 2628, 1, 0, 0
300000, 2626, 1, 0, 0
301009, 2641, 1, 0, 0
302008, 2614, 1, 0, 0
303000, 2617, 1, 0, 0
304003, 2632, 1, 0, 0
305007, 2625, 1, 0, 0
306000, 2628, 1, 0, 0
307000, 2618, 1, 0, 0
308009, 2612, 1, 0, 0
309000, 2611, 1, 0, 0
310004, 2608, 1, 0, 0
311010, 2625, 1, 0, 0
312000, 2606, 1, 0, 0
313001, 2620, 1, 0, 0
314008, 2600, 1, 0, 0
315000, 2588, 1, 0, 0
316000, 2606, 1, 0, 0
317009, 2629, 1, 0, 0
318009, 2631, 1, 0, 0
319004, 2606, 1, 0, 0
320004, 2602, 1, 0, 0
321000, 2629, 1, 0, 0
322000, 2602, 1, 0, 0
323000, 2602, 1, 0, 0
324002, 2609, 1, 0, 0
325005, 2625, 1, 0, 0
326000, 2629, 1, 0, 0
327004, 2626, 1, 0, 0
328004, 2632, 1, 0, 0
329006, 2628, 1, 0, 0
330000, 2626, 1, 0, 0
331010, 2604, 1, 0, 0
332001, 2610, 1, 0, 0
333001, 2597, 1, 0, 0
334009, 2664, 1, 0, 0
335007, 2631, 1, 0, 0
336000, 2600, 1, 0, 0
337000, 2606, 1, 0, 0
338000, 2617, 1, 0, 0
339000, 2604, 1, 0, 0
340005, 2603, 1, 0, 0
341009, 2616, 1, 0, 0
342008, 2627, 1, 0, 0
343010, 2618, 1, 0, 0
344000, 2628, 1, 0, 0
345004, 2632, 1, 0, 0
346004, 2633, 1, 0, 0
347000, 2639, 1, 0, 0
348000, 2624, 1, 0, 0
349000, 2612, 1, 0, 0
350001, 2616, 1, 0, 0
351009, 2611, 1, 0, 0
352004, 2619, 1, 0, 0
353002, 2672, 1, 0, 0
354006, 2641, 1, 0, 0
355002, 2635, 1, 0, 0
356000, 2622, 1, 0, 0
357009, 2604, 1, 0, 0
358002, 2625, 1, 0, 0
359000, 2605, 1, 0, 0
360005, 2598, 1, 0, 0
