1000, 5285, 0, 0, 0
2000, 5226, 0, 0, 0
3000, 5245, 0, 0, 0
4001, 5251, 0, 0, 0
5000, 6937, 0, 0, 0
6000, 7206, 0, 0, 0
7001, 7118, 0, 0, 0
8000, 7786, 0, 0, 0
9000, 5599, 0, 0, 0
10000, 5273, 0, 0, 0
11000, 5239, 0, 0, 0
12000, 5235, 0, 0, 0
13000, 5266, 0, 0, 0
14000, 5331, 0, 0, 0
15001, 5298, 0, 0, 0
16000, 5307, 0, 0, 0
17000, 7609, 0, 0, 0
18000, 7644, 0, 0, 0
19000, 7744, 0, 0, 0
20000, 6974, 0, 0, 0
21001, 5313, 0, 0, 0
22000, 5339, 0, 0, 0
23000, 5303, 0, 0, 0
24000, 5235, 0, 0, 0
25000, 5304, 0, 0, 0
26000, 5133, 0, 0, 0
27000, 4863, 0, 0, 0
28000, 4850, 0, 0, 0
29000, 4847, 0, 0, 0
30000, 4825, 0, 0, 0
31000, 4861, 0, 0, 0
32000, 4805, 0, 0, 0
33000, 4824, 0, 0, 0
34000, 4817, 0, 0, 0
35001, 4810, 0, 0, 0
36000, 4816, 0, 0, 0
37000, 4839, 0, 0, 0
38001, 4841, 0, 0, 0
39000, 5030, 0, 0, 0
40000, 5047, 0, 0, 0
41000, 5056, 0, 0, 0
42000, 4986, 0, 0, 0
43000, 4972, 0, 0, 0
44000, 4972, 0, 0, 0
45000, 4968, 0, 0, 0
46000, 4969, 0, 0, 0
47000, 4940, 0, 0, 0
48000, 4895, 0, 0, 0
49000, 4936, 0, 0, 0
50000, 4972, 0, 0, 0
51000, 5012, 0, 0, 0
52002, 5257, 0, 0, 0
53000, 5335, 0, 0, 0
54000, 5329, 0, 0, 0
55000, 5309, 0, 0, 0
56001, 5665, 0, 0, 0
57000, 5759, 0, 0, 0
58000, 5437, 0, 0, 0
59000, 5466, 0, 0, 0
60000, 5684, 0, 0, 0
61000, 5670, 0, 0, 0
62000, 5581, 0, 0, 0
63000, 5093, 0, 0, 0
64000, 5220, 0, 0, 0
65001, 5309, 0, 0, 0
66000, 5264, 0, 0, 0
67000, 5203, 0, 0, 0
68000, 5158, 0, 0, 0
69000, 5159, 0, 0, 0
70000, 5114, 0, 0, 0
71000, 5441, 0, 0, 0
72000, 5907, 0, 0, 0
73000, 6793, 0, 0, 0
74000, 6889, 0, 0, 0
75000, 5866, 0, 0, 0
76000, 5464, 0, 0, 0
77000, 5392, 0, 0, 0
78000, 5443, 0, 0, 0
79000, 5360, 0, 0, 0
80001, 5419, 0, 0, 0
81001, 5443, 0, 0, 0
82001, 5617, 0, 0, 0
83001, 5330, 0, 0, 0
84000, 5302, 0, 0, 0
85000, 5248, 0, 0, 0
86000, 5331, 0, 0, 0
87000, 5329, 0, 0, 0
88001, 5356, 0, 0, 0
89000, 5419, 0, 0, 0
90000, 5496, 0, 0, 0
91000, 5447, 0, 0, 0
92000, 5436, 0, 0, 0
93000, 5740, 0, 0, 0
94001, 5615, 0, 0, 0
95000, 6216, 0, 0, 0
96000, 7140, 0, 0, 0
97001, 6904, 0, 0, 0
98000, 6627, 0, 0, 0
99000, 5353, 0, 0, 0
100000, 5286, 0, 0, 0
101000, 5100, 0, 0, 0
102000, 5116, 0, 0, 0
103000, 4900, 0, 0, 0
104000, 4857, 0, 0, 0
105000, 4852, 0, 0, 0
106000, 4842, 0, 0, 0
107000, 4830, 0, 0, 0
108000, 4817, 0, 0, 0
109000, 4844, 0, 0, 0
110000, 4824, 0, 0, 0
111000, 4840, 0, 0, 0
112000, 4813, 0, 0, 0
113000, 4838, 0, 0, 0
114020, 4816, 0, 0, 0
115000, 4919, 0, 0, 0
116000, 4904, 0, 0, 0
117000, 4890, 0, 0, 0
118000, 4894, 0, 0, 0
119000, 4939, 0, 0, 0
120000, 5008, 0, 0, 0
121000, 5009, 0, 0, 0
122000, 5013, 0, 0, 0
123000, 5026, 0, 0, 0
124000, 4992, 0, 0, 0
125000, 5114, 0, 0, 0
126001, 5332, 0, 0, 0
127000, 7446, 0, 0, 0
128000, 7530, 0, 0, 0
129000, 7399, 0, 0, 0
130000, 7401, 0, 0, 0
131002, 5995, 0, 0, 0
132000, 5402, 0, 0, 0
133000, 5393, 0, 0, 0
134000, 5373, 0, 0, 0
135000, 4852, 0, 0, 0
136000, 4847, 0, 0, 0
137000, 4879, 0, 0, 0
138000, 4863, 0, 0, 0
139000, 4839, 0, 0, 0
140000, 4868, 0, 0, 0
141000, 4872, 0, 0, 0
142000, 4859, 0, 0, 0
143000, 4857, 0, 0, 0
144000, 4842, 0, 0, 0
145000, 4835, 0, 0, 0
146000, 4831, 0, 0, 0
147000, 4928, 0, 0, 0
148001, 5203, 0, 0, 0
149000, 5190, 0, 0, 0
150000, 5171, 0, 0, 0
151000, 5170, 0, 0, 0
152000, 5180, 0, 0, 0
153000, 5108, 0, 0, 0
154000, 5165, 0, 0, 0
155000, 5173, 0, 0, 0
156000, 5089, 0, 0, 0
157001, 5090, 0, 0, 0
158000, 5184, 0, 0, 0
159000, 5069, 0, 0, 0
160000, 5017, 0, 0, 0
161000, 5033, 0, 0, 0
162000, 5016, 0, 0, 0
163000, 5037, 0, 0, 0
164000, 5025, 0, 0, 0
165000, 5026, 0, 0, 0
166000, 5044, 0, 0, 0
167000, 5012, 0, 0, 0
168000, 5043, 0, 0, 0
169000, 5107, 0, 0, 0
170000, 5144, 0, 0, 0
171001, 5180, 0, 0, 0
172000, 5159, 0, 0, 0
173000, 5150, 0, 0, 0
174000, 5138, 0, 0, 0
175000, 5102, 0, 0, 0
176000, 5047, 0, 0, 0
177000, 5067, 0, 0, 0
178000, 5071, 0, 0, 0
179000, 5245, 0, 0, 0
180000, 5428, 0, 0, 0
181000, 5282, 0, 0, 0
182001, 5282, 0, 0, 0
183000, 5221, 0, 0, 0
184001, 5093, 0, 0, 0
185000, 5133, 0, 0, 0
186000, 5098, 0, 0, 0
187000, 5106, 0, 0, 0
188000, 5108, 0, 0, 0
189000, 5088, 0, 0, 0
190000, 5199, 0, 0, 0
191000, 5141, 0, 0, 0
192001, 5139, 0, 0, 0
193001, 5333, 0, 0, 0
194000, 5319, 0, 0, 0
195000, 5320, 0, 0, 0
196000, 5253, 0, 0, 0
197000, 5242, 0, 0, 0
198000, 5284, 0, 0, 0
199000, 5275, 0, 0, 0
200000, 5311, 0, 0, 0
201000, 5432, 0, 0, 0
202000, 5314, 0, 0, 0
203000, 5341, 0, 0, 0
204000, 5502, 0, 0, 0
205000, 5519, 0, 0, 0
206001, 5436, 0, 0, 0
207000, 5408, 0, 0, 0
208000, 5402, 0, 0, 0
209000, 5400, 0, 0, 0
210000, 5130, 0, 0, 0
211000, 5108, 0, 0, 0
212001, 5209, 0, 0, 0
213000, 5167, 0, 0, 0
214000, 5125, 0, 0, 0
215000, 5165, 0, 0, 0
216000, 5137, 0, 0, 0
217000, 5197, 0, 0, 0
218001, 5175, 0, 0, 0
219000, 5126, 0, 0, 0
220000, 5085, 0, 0, 0
221000, 5127, 0, 0, 0
222000, 5170, 0, 0, 0
223000, 5679, 0, 0, 0
224000, 5476, 0, 0, 0
225000, 5391, 0, 0, 0
226000, 5116, 0, 0, 0
227000, 5097, 0, 0, 0
228000, 5288, 0, 0, 0
229000, 5306, 0, 0, 0
230000, 5299, 0, 0, 0
231000, 5303, 0, 0, 0
232000, 5201, 0, 0, 0
233000, 5143, 0, 0, 0
234001, 5844, 0, 0, 0
235001, 5692, 0, 0, 0
236000, 5688, 0, 0, 0
237001, 5704, 0, 0, 0
238000, 5748, 0, 0, 0
239000, 5313, 0, 0, 0
240000, 5304, 0, 0, 0
241000, 5290, 0, 0, 0
242000, 5337, 0, 0, 0
243001, 5362, 0, 0, 0
244000, 5550, 0, 0, 0
245000, 5505, 0, 0, 0
246000, 5401, 0, 0, 0
247000, 5468, 0, 0, 0
248000, 5572, 0, 0, 0
249001, 5696, 0, 0, 0
250000, 5464, 0, 0, 0
251000, 5730, 0, 0, 0
252000, 5792, 0, 0, 0
253000, 5767, 0, 0, 0
254000, 5465, 0, 0, 0
255030, 5638, 0, 0, 0
256001, 5646, 0, 0, 0
257000, 5583, 0, 0, 0
258000, 5586, 0, 0, 0
259000, 5505, 0, 0, 0
260002, 6689, 0, 0, 0
261001, 7011, 0, 0, 0
262000, 6566, 0, 0, 0
263000, 6939, 0, 0, 0
264000, 6978, 0, 0, 0
265000, 7157, 0, 0, 0
266000, 7677, 0, 0, 0
267000, 5919, 0, 0, 0
268000, 5288, 0, 0, 0
269000, 5350, 0, 0, 0
270000, 5355, 0, 0, 0
271001, 5330, 0, 0, 0
272000, 5332, 0, 0, 0
273000, 5279, 0, 0, 0
274001, 5199, 0, 0, 0
275000, 5261, 0, 0, 0
276001, 5651, 0, 0, 0
277000, 6961, 0, 0, 0
278001, 7741, 0, 0, 0
279000, 7697, 0, 0, 0
280000, 7932, 0, 0, 0
281000, 6248, 0, 0, 0
282000, 5469, 0, 0, 0
283000, 5539, 0, 0, 0
284000, 5367, 0, 0, 0
285001, 5363, 0, 0, 0
286000, 5313, 0, 0, 0
287000, 4909, 0, 0, 0
288000, 4818, 0, 0, 0
289000, 4865, 0, 0, 0
290000, 4842, 0, 0, 0
291000, 4847, 0, 0, 0
292000, 4841, 0, 0, 0
293000, 4853, 0, 0, 0
294000, 4850, 0, 0, 0
295000, 4855, 0, 0, 0
296000, 4873, 0, 0, 0
297000, 4856, 0, 0, 0
298000, 4837, 0, 0, 0
299000, 4850, 0, 0, 0
300000, 4999, 0, 0, 0
301000, 5011, 0, 0, 0
302000, 5061, 0, 0, 0
303000, 4999, 0, 0, 0
304000, 5002, 0, 0, 0
305000, 5011, 0, 0, 0
306001, 4971, 0, 0, 0
307000, 4968, 0, 0, 0
308000, 4997, 0, 0, 0
309000, 4961, 0, 0, 0
310000, 5037, 0, 0, 0
311000, 4960, 0, 0, 0
312000, 4975, 0, 0, 0
313000, 4995, 0, 0, 0
314000, 5021, 0, 0, 0
315000, 5021, 0, 0, 0
316001, 5023, 0, 0, 0
317000, 4992, 0, 0, 0
318000, 4979, 0, 0, 0
319000, 4986, 0, 0, 0
320000, 4960, 0, 0, 0
321000, 5007, 0, 0, 0
322000, 5008, 0, 0, 0
323000, 5011, 0, 0, 0
324001, 5046, 0, 0, 0
325000, 5029, 0, 0, 0
326001, 5044, 0, 0, 0
327000, 5016, 0, 0, 0
328000, 5026, 0, 0, 0
329000, 5027, 0, 0, 0
330000, 5016, 0, 0, 0
331000, 5088, 0, 0, 0
332000, 5334, 0, 0, 0
333000, 5461, 0, 0, 0
334000, 5581, 0, 0, 0
335001, 5600, 0, 0, 0
336000, 5485, 0, 0, 0
337001, 5736, 0, 0, 0
338000, 5886, 0, 0, 0
339001, 5982, 0, 0, 0
340000, 5922, 0, 0, 0
341001, 6117, 0, 0, 0
342000, 6740, 0, 0, 0
343000, 6490, 0, 0, 0
344000, 5321, 0, 0, 0
345001, 5396, 0, 0, 0
346000, 5431, 0, 0, 0
347001, 5350, 0, 0, 0
348000, 5340, 0, 0, 0
349000, 5321, 0, 0, 0
350000, 5094, 0, 0, 0
351000, 5040, 0, 0, 0
352000, 5238, 0, 0, 0
353000, 5303, 0, 0, 0
354000, 5419, 0, 0, 0
355000, 5252, 0, 0, 0
356001, 5765, 0, 0, 0
357001, 7886, 0, 0, 0
358000, 7529, 0, 0, 0
359000, 5306, 0, 0, 0
360000, 4861, 0, 0, 0
