1000, 419436, 0, 0, 0
2000, 476602, 0, 0, 0
3000, 443895, 0, 0, 0
4000, 468674, 0, 0, 0
5001, 444833, 0, 0, 0
6000, 467537, 0, 0, 0
7000, 486377, 0, 0, 0
8000, 483203, 0, 0, 0
9000, 497261, 0, 0, 0
10000, 488990, 0, 0, 0
11000, 469336, 0, 0, 0
12000, 440763, 0, 0, 0
13001, 524955, 0, 0, 0
14000, 480293, 0, 0, 0
15000, 456519, 0, 0, 0
16000, 505623, 0, 0, 0
17000, 482235, 0, 0, 0
18000, 474775, 0, 0, 0
19001, 523286, 0, 0, 0
20000, 496658, 0, 0, 0
21000, 508721, 0, 0, 0
22000, 529761, 0, 0, 0
23001, 501894, 0, 0, 0
24001, 473968, 0, 0, 0
25000, 503162, 0, 0, 0
26000, 458690, 0, 0, 0
27001, 391301, 0, 0, 0
28030, 453133, 0, 0, 0
29001, 564133, 0, 0, 0
30000, 545351, 0, 0, 0
31000, 511070, 0, 0, 0
32001, 522074, 0, 0, 0
33000, 505837, 0, 0, 0
34002, 513543, 0, 0, 0
35000, 514288, 0, 0, 0
36000, 583749, 0, 0, 0
37001, 539642, 0, 0, 0
38000, 559659, 0, 0, 0
39000, 566198, 0, 0, 0
40000, 554637, 0, 0, 0
41000, 588442, 0, 0, 0
42000, 508626, 0, 0, 0
43000, 528798, 0, 0, 0
44000, 554479, 0, 0, 0
45000, 500156, 0, 0, 0
46000, 513779, 0, 0, 0
47000, 504288, 0, 0, 0
48000, 504851, 0, 0, 0
49000, 463952, 0, 0, 0
50000, 461140, 0, 0, 0
51001, 443174, 0, 0, 0
52000, 436281, 0, 0, 0
53000, 442631, 0, 0, 0
54000, 454475, 0, 0, 0
55000, 453119, 0, 0, 0
56000, 455825, 0, 0, 0
57001, 469795, 0, 0, 0
58000, 448545, 0, 0, 0
59001, 493841, 0, 0, 0
60000, 438409, 0, 0, 0
61000, 436228, 0, 0, 0
62001, 468269, 0, 0, 0
63000, 464198, 0, 0, 0
64001, 459709, 0, 0, 0
65000, 469065, 0, 0, 0
66000, 459174, 0, 0, 0
67000, 455407, 0, 0, 0
68001, 490969, 0, 0, 0
69001, 478636, 0, 0, 0
70001, 455608, 0, 0, 0
71001, 508557, 0, 0, 0
72000, 456910, 0, 0, 0
73000, 441385, 0, 0, 0
74001, 469671, 0, 0, 0
75000, 469530, 0, 0, 0
76000, 471601, 0, 0, 0
77001, 517924, 0, 0, 0
78000, 473994, 0, 0, 0
79000, 476958, 0, 0, 0
80001, 519330, 0, 0, 0
81000, 475720, 0, 0, 0
82000, 472372, 0, 0, 0
83000, 489546, 0, 0, 0
84000, 486263, 0, 0, 0
85001, 475529, 0, 0, 0
86000, 484167, 0, 0, 0
87000, 488087, 0, 0, 0
88001, 521187, 0, 0, 0
89000, 488621, 0, 0, 0
90000, 504354, 0, 0, 0
91000, 495495, 0, 0, 0
92000, 498827, 0, 0, 0
93000, 478818, 0, 0, 0
94000, 495968, 0, 0, 0
95000, 454687, 0, 0, 0
96000, 461271, 0, 0, 0
97000, 485794, 0, 0, 0
98001, 466894, 0, 0, 0
99000, 445655, 0, 0, 0
100000, 484647, 0, 0, 0
101000, 453256, 0, 0, 0
102001, 511770, 0, 0, 0
103001, 543329, 0, 0, 0
104000, 520978, 0, 0, 0
105000, 500265, 0, 0, 0
106000, 504315, 0, 0, 0
107000, 481768, 0, 0, 0
108001, 428691, 0, 0, 0
109000, 470904, 0, 0, 0
110000, 477372, 0, 0, 0
111001, 470342, 0, 0, 0
112000, 507252, 0, 0, 0
113000, 465630, 0, 0, 0
114001, 523419, 0, 0, 0
115001, 545277, 0, 0, 0
116000, 488577, 0, 0, 0
117001, 459330, 0, 0, 0
118000, 465304, 0, 0, 0
119000, 458725, 0, 0, 0
120000, 418940, 0, 0, 0
121000, 466386, 0, 0, 0
122000, 481985, 0, 0, 0
123000, 468245, 0, 0, 0
124001, 532158, 0, 0, 0
125000, 513176, 0, 0, 0
126000, 460142, 0, 0, 0
127000, 450230, 0, 0, 0
128000, 449277, 0, 0, 0
129000, 367584, 0, 0, 0
130000, 544188, 0, 0, 0
131002, 626582, 0, 0, 0
132001, 674846, 0, 0, 0
133000, 637313, 0, 0, 0
134000, 641344, 0, 0, 0
135000, 572423, 0, 0, 0
136001, 534170, 0, 0, 0
137000, 568923, 0, 0, 0
138001, 544788, 0, 0, 0
139001, 530654, 0, 0, 0
140000, 627356, 0, 0, 0
141000, 637529, 0, 0, 0
142001, 606359, 0, 0, 0
143000, 648465, 0, 0, 0
144000, 576272, 0, 0, 0
145000, 551076, 0, 0, 0
146000, 491733, 0, 0, 0
147001, 498998, 0, 0, 0
148001, 481104, 0, 0, 0
149000, 455890, 0, 0, 0
150000, 489580, 0, 0, 0
151000, 445911, 0, 0, 0
152000, 461897, 0, 0, 0
153001, 471708, 0, 0, 0
154000, 558578, 0, 0, 0
155000, 526658, 0, 0, 0
156002, 548517, 0, 0, 0
157000, 786615, 0, 0, 0
158000, 778597, 0, 0, 0
159000, 710301, 0, 0, 0
160000, 638754, 0, 0, 0
161000, 694608, 0, 0, 0
162000, 529135, 0, 0, 0
163000, 537699, 0, 0, 0
164000, 638016, 0, 0, 0
165000, 579057, 0, 0, 0
166000, 546201, 0, 0, 0
167000, 591077, 0, 0, 0
168000, 559841, 0, 0, 0
169000, 551858, 0, 0, 0
170000, 553103, 0, 0, 0
171002, 625326, 0, 0, 0
172000, 587507, 0, 0, 0
173000, 638705, 0, 0, 0
174000, 638779, 0, 0, 0
175000, 545731, 0, 0, 0
176000, 496989, 0, 0, 0
177000, 555058, 0, 0, 0
178000, 498239, 0, 0, 0
179001, 490165, 0, 0, 0
180000, 497927, 0, 0, 0
181000, 535792, 0, 0, 0
182000, 617454, 0, 0, 0
183000, 594703, 0, 0, 0
184000, 694653, 0, 0, 0
185000, 644307, 0, 0, 0
186000, 512022, 0, 0, 0
187000, 576126, 0, 0, 0
188000, 464789, 0, 0, 0
189000, 440744, 0, 0, 0
190000, 464643, 0, 0, 0
191000, 457021, 0, 0, 0
192001, 463200, 0, 0, 0
193000, 486044, 0, 0, 0
194000, 497480, 0, 0, 0
195000, 629218, 0, 0, 0
196000, 615361, 0, 0, 0
197001, 680141, 0, 0, 0
198000, 625888, 0, 0, 0
199000, 534983, 0, 0, 0
200001, 514817, 0, 0, 0
201001, 503755, 0, 0, 0
202001, 500253, 0, 0, 0
203000, 483604, 0, 0, 0
204000, 479812, 0, 0, 0
205000, 461941, 0, 0, 0
206000, 536666, 0, 0, 0
207001, 572247, 0, 0, 0
208000, 494391, 0, 0, 0
209001, 519388, 0, 0, 0
210002, 451273, 0, 0, 0
211000, 434242, 0, 0, 0
212000, 457840, 0, 0, 0
213001, 542507, 0, 0, 0
214000, 503401, 0, 0, 0
215001, 555203, 0, 0, 0
216000, 474005, 0, 0, 0
217000, 467485, 0, 0, 0
218000, 492452, 0, 0, 0
219002, 477443, 0, 0, 0
220000, 450539, 0, 0, 0
221000, 488061, 0, 0, 0
222000, 469316, 0, 0, 0
223000, 446650, 0, 0, 0
224000, 574092, 0, 0, 0
225001, 503891, 0, 0, 0
226000, 522059, 0, 0, 0
227001, 492951, 0, 0, 0
228000, 481767, 0, 0, 0
229000, 493884, 0, 0, 0
230000, 507815, 0, 0, 0
231001, 497411, 0, 0, 0
232000, 484740, 0, 0, 0
233000, 538276, 0, 0, 0
234000, 560656, 0, 0, 0
235000, 518132, 0, 0, 0
236001, 555070, 0, 0, 0
237001, 543924, 0, 0, 0
238001, 469788, 0, 0, 0
239024, 492511, 0, 0, 0
240001, 472816, 0, 0, 0
241000, 450484, 0, 0, 0
242000, 485896, 0, 0, 0
243000, 490701, 0, 0, 0
244000, 519904, 0, 0, 0
245001, 514105, 0, 0, 0
246000, 552585, 0, 0, 0
247001, 586780, 0, 0, 0
248000, 550518, 0, 0, 0
249001, 592006, 0, 0, 0
250002, 542539, 0, 0, 0
251000, 460796, 0, 0, 0
252000, 497174, 0, 0, 0
253000, 464032, 0, 0, 0
254002, 476131, 0, 0, 0
255001, 508189, 0, 0, 0
256000, 496215, 0, 0, 0
257001, 488208, 0, 0, 0
258001, 499243, 0, 0, 0
259000, 567602, 0, 0, 0
260000, 512866, 0, 0, 0
261001, 531646, 0, 0, 0
262001, 582758, 0, 0, 0
263000, 551604, 0, 0, 0
264000, 546061, 0, 0, 0
265000, 555894, 0, 0, 0
266002, 526557, 0, 0, 0
267000, 492464, 0, 0, 0
268000, 514479, 0, 0, 0
269001, 551821, 0, 0, 0
270000, 639721, 0, 0, 0
271001, 637606, 0, 0, 0
272000, 857504, 0, 0, 0
273000, 1067009, 0, 0, 0
274000, 818400, 0, 0, 0
275001, 795806, 0, 0, 0
276000, 739026, 0, 0, 0
277001, 595086, 0, 0, 0
278001, 491725, 0, 0, 0
279001, 506771, 0, 0, 0
280000, 473739, 0, 0, 0
281000, 453382, 0, 0, 0
282001, 539523, 0, 0, 0
283001, 489477, 0, 0, 0
284001, 489085, 0, 0, 0
285001, 489095, 0, 0, 0
286000, 535332, 0, 0, 0
287000, 702492, 0, 0, 0
288000, 659742, 0, 0, 0
289000, 615261, 0, 0, 0
290001, 532230, 0, 0, 0
291000, 491700, 0, 0, 0
292000, 534197, 0, 0, 0
293000, 602761, 0, 0, 0
294000, 545184, 0, 0, 0
295001, 539224, 0, 0, 0
296001, 494579, 0, 0, 0
297000, 486088, 0, 0, 0
298002, 520454, 0, 0, 0
299000, 448668, 0, 0, 0
300000, 433362, 0, 0, 0
301000, 550847, 0, 0, 0
302000, 514713, 0, 0, 0
303000, 502274, 0, 0, 0
304001, 530968, 0, 0, 0
305000, 448372, 0, 0, 0
306000, 453705, 0, 0, 0
307000, 470340, 0, 0, 0
308001, 455747, 0, 0, 0
309000, 445722, 0, 0, 0
310000, 446420, 0, 0, 0
311000, 431673, 0, 0, 0
312000, 450621, 0, 0, 0
313000, 483283, 0, 0, 0
314002, 461687, 0, 0, 0
315000, 518413, 0, 0, 0
316001, 541977, 0, 0, 0
317000, 442081, 0, 0, 0
318000, 439925, 0, 0, 0
319000, 478235, 0, 0, 0
320001, 456018, 0, 0, 0
321001, 458734, 0, 0, 0
322000, 498496, 0, 0, 0
323001, 481069, 0, 0, 0
324000, 462521, 0, 0, 0
325000, 481788, 0, 0, 0
326000, 479599, 0, 0, 0
327001, 448554, 0, 0, 0
328000, 469305, 0, 0, 0
329000, 446497, 0, 0, 0
330000, 421259, 0, 0, 0
331000, 465044, 0, 0, 0
332000, 450172, 0, 0, 0
333001, 470764, 0, 0, 0
334000, 546978, 0, 0, 0
335001, 451648, 0, 0, 0
336000, 435065, 0, 0, 0
337001, 532143, 0, 0, 0
338001, 474437, 0, 0, 0
339000, 508101, 0, 0, 0
340000, 493861, 0, 0, 0
341000, 493928, 0, 0, 0
342001, 522744, 0, 0, 0
343001, 553534, 0, 0, 0
344000, 548690, 0, 0, 0
345001, 507225, 0, 0, 0
346000, 558705, 0, 0, 0
347000, 509720, 0, 0, 0
348000, 488138, 0, 0, 0
349001, 526183, 0, 0, 0
350000, 439754, 0, 0, 0
351000, 422911, 0, 0, 0
352000, 486287, 0, 0, 0
353000, 497976, 0, 0, 0
354000, 463519, 0, 0, 0
355000, 475337, 0, 0, 0
356001, 504966, 0, 0, 0
357000, 519872, 0, 0, 0
358000, 565634, 0, 0, 0
359001, 547951, 0, 0, 0
360000, 517625, 0, 0, 0
