1000, 456286, 1, 0, 0
2000, 458554, 1, 0, 0
3000, 538801, 1, 0, 0
4000, 658398, 1, 0, 0
5000, 552810, 1, 0, 0
6000, 510123, 1, 0, 0
7000, 580056, 1, 0, 0
8000, 572199, 1, 0, 0
9000, 613191, 1, 0, 0
10002, 627929, 1, 0, 0
11004, 784671, 1, 0, 0
12000, 760703, 1, 0, 0
13005, 799675, 1, 0, 0
14000, 815451, 1, 0, 0
15019, 886115, 1, 0, 0
16001, 928498, 1, 0, 0
17002, 924418, 1, 0, 0
18002, 979843, 1, 0, 0
19000, 830622, 1, 0, 0
20000, 712667, 1, 0, 0
21004, 881754, 1, 0, 0
22000, 857957, 1, 0, 0
23004, 822506, 1, 0, 0
24000, 820035, 1, 0, 0
25000, 1134000, 1, 0, 0
26008, 1312596, 1, 0, 0
27000, 1317728, 1, 0, 0
28002, 1007913, 1, 0, 0
29001, 1003295, 1, 0, 0
30006, 975773, 1, 0, 0
31000, 989157, 1, 0, 0
32000, 865121, 1, 0, 0
33001, 939653, 1, 0, 0
34000, 907594, 1, 0, 0
35008, 914351, 1, 0, 0
36000, 901258, 1, 0, 0
37000, 835990, 1, 0, 0
38000, 1034179, 1, 0, 0
39000, 1177733, 1, 0, 0
40007, 1002747, 1, 0, 0
41000, 1045141, 1, 0, 0
42000, 1029859, 1, 0, 0
43001, 1090738, 1, 0, 0
44005, 1131906, 1, 0, 0
45000, 1249845, 1, 0, 0
46000, 1118177, 1, 0, 0
47000, 1104550, 1, 0, 0
48000, 1115148, 1, 0, 0
49000, 1207989, 1, 0, 0
50008, 1194073, 1, 0, 0
51008, 1251489, 1, 0, 0
52002, 1220703, 1, 0, 0
53003, 1440292, 1, 0, 0
54005, 1409961, 1, 0, 0
55000, 1459988, 1, 0, 0
56001, 1643333, 1, 0, 0
57009, 1744057, 1, 0, 0
58000, 1635786, 1, 0, 0
59001, 1618653, 1, 0, 0
60001, 1718811, 1, 0, 0
61001, 1688016, 1, 0, 0
62000, 887823, 1, 0, 0
63000, 456953, 1, 0, 0
64000, 456296, 1, 0, 0
65000, 519115, 1, 0, 0
66000, 595542, 1, 0, 0
67000, 554910, 1, 0, 0
68000, 529395, 1, 0, 0
69000, 700098, 1, 0, 0
70000, 693351, 1, 0, 0
71000, 835456, 1, 0, 0
72000, 958982, 1, 0, 0
73000, 989444, 1, 0, 0
74000, 1296563, 1, 0, 0
75000, 1232178, 1, 0, 0
76010, 1494814, 1, 0, 0
77000, 1633658, 1, 0, 0
78007, 1575975, 1, 0, 0
79000, 1659799, 1, 0, 0
80000, 1546234, 1, 0, 0
81002, 1165874, 1, 0, 0
82009, 1197068, 1, 0, 0
83005, 1197322, 1, 0, 0
84010, 1052515, 1, 0, 0
85005, 1366296, 1, 0, 0
86000, 1431671, 1, 0, 0
87006, 1362581, 1, 0, 0
88000, 1556942, 1, 0, 0
89004, 1515616, 1, 0, 0
90000, 551716, 1, 0, 0
91000, 460330, 1, 0, 0
92000, 459878, 1, 0, 0
93000, 478440, 1, 0, 0
94000, 459839, 1, 0, 0
95000, 483071, 1, 0, 0
96000, 656685, 1, 0, 0
97003, 866900, 1, 0, 0
98003, 882225, 1, 0, 0
99001, 968268, 1, 0, 0
100005, 1432112, 1, 0, 0
101003, 1374605, 1, 0, 0
102006, 1050332, 1, 0, 0
103000, 948774, 1, 0, 0
104002, 920300, 1, 0, 0
105002, 1330316, 1, 0, 0
106005, 1698564, 1, 0, 0
107004, 1641137, 1, 0, 0
108000, 1519905, 1, 0, 0
109000, 1062429, 1, 0, 0
110000, 1102310, 1, 0, 0
111001, 1058433, 1, 0, 0
112008, 1100039, 1, 0, 0
113000, 1055610, 1, 0, 0
114000, 1022617, 1, 0, 0
115021, 508578, 1, 0, 0
116000, 476999, 1, 0, 0
117000, 463447, 1, 0, 0
118000, 474161, 1, 0, 0
119000, 457545, 1, 0, 0
120000, 456092, 1, 0, 0
121006, 522752, 1, 0, 0
122002, 765846, 1, 0, 0
123000, 745302, 1, 0, 0
124000, 720155, 1, 0, 0
125004, 745578, 1, 0, 0
126003, 1285697, 1, 0, 0
127006, 1681591, 1, 0, 0
128000, 1693506, 1, 0, 0
129006, 1682188, 1, 0, 0
130001, 1605534, 1, 0, 0
131010, 1727734, 1, 0, 0
132010, 1715503, 1, 0, 0
133000, 1653228, 1, 0, 0
134000, 1775274, 1, 0, 0
135005, 1719083, 1, 0, 0
136003, 1720945, 1, 0, 0
137000, 1689578, 1, 0, 0
138000, 988096, 1, 0, 0
139005, 980849, 1, 0, 0
140003, 1013909, 1, 0, 0
141001, 924568, 1, 0, 0
142001, 875094, 1, 0, 0
143006, 1045943, 1, 0, 0
144003, 1068255, 1, 0, 0
145001, 1052029, 1, 0, 0
146000, 786625, 1, 0, 0
147000, 965637, 1, 0, 0
148000, 1024806, 1, 0, 0
149002, 1113773, 1, 0, 0
150000, 1311632, 1, 0, 0
151000, 1079981, 1, 0, 0
152000, 843774, 1, 0, 0
153000, 707687, 1, 0, 0
154000, 635211, 1, 0, 0
155001, 579098, 1, 0, 0
156000, 564907, 1, 0, 0
157000, 511021, 1, 0, 0
158000, 490095, 1, 0, 0
159000, 471073, 1, 0, 0
160000, 462463, 1, 0, 0
161000, 502024, 1, 0, 0
162000, 481618, 1, 0, 0
163000, 486931, 1, 0, 0
164000, 543208, 1, 0, 0
165000, 717221, 1, 0, 0
166000, 856093, 1, 0, 0
167009, 966801, 1, 0, 0
168000, 1040909, 1, 0, 0
169000, 680177, 1, 0, 0
170000, 459171, 1, 0, 0
171000, 458169, 1, 0, 0
172000, 697004, 1, 0, 0
173000, 935935, 1, 0, 0
174003, 933644, 1, 0, 0
175000, 1032657, 1, 0, 0
176000, 1000494, 1, 0, 0
177002, 1201954, 1, 0, 0
178000, 1402092, 1, 0, 0
179004, 1538375, 1, 0, 0
180008, 1604948, 1, 0, 0
181000, 1633358, 1, 0, 0
182004, 1803157, 1, 0, 0
183009, 1773107, 1, 0, 0
184000, 1049533, 1, 0, 0
185000, 988562, 1, 0, 0
186001, 978648, 1, 0, 0
187008, 1180258, 1, 0, 0
188000, 1674258, 1, 0, 0
189010, 1558559, 1, 0, 0
190011, 1367159, 1, 0, 0
191000, 1417238, 1, 0, 0
192000, 1404766, 1, 0, 0
193000, 1336604, 1, 0, 0
194000, 473816, 1, 0, 0
195000, 459143, 1, 0, 0
196000, 461858, 1, 0, 0
197002, 537408, 1, 0, 0
198000, 609903, 1, 0, 0
199000, 581249, 1, 0, 0
200000, 574693, 1, 0, 0
201000, 546168, 1, 0, 0
202000, 588214, 1, 0, 0
203000, 586558, 1, 0, 0
204000, 618746, 1, 0, 0
205000, 665104, 1, 0, 0
206000, 695831, 1, 0, 0
207000, 672175, 1, 0, 0
208000, 688789, 1, 0, 0
209005, 772990, 1, 0, 0
210001, 788854, 1, 0, 0
211000, 734925, 1, 0, 0
212001, 713408, 1, 0, 0
213005, 781168, 1, 0, 0
214000, 681647, 1, 0, 0
215000, 693776, 1, 0, 0
216000, 724489, 1, 0, 0
217000, 730229, 1, 0, 0
218006, 867917, 1, 0, 0
219000, 917206, 1, 0, 0
220000, 939779, 1, 0, 0
221008, 1199305, 1, 0, 0
222010, 1218580, 1, 0, 0
223003, 1499567, 1, 0, 0
224003, 1793202, 1, 0, 0
225005, 1967233, 1, 0, 0
226008, 1809093, 1, 0, 0
227011, 1749411, 1, 0, 0
228000, 1739341, 1, 0, 0
229009, 1846734, 1, 0, 0
230000, 1782533, 1, 0, 0
231001, 1783333, 1, 0, 0
232000, 1229710, 1, 0, 0
233001, 929413, 1, 0, 0
234000, 610207, 1, 0, 0
235000, 462363, 1, 0, 0
236000, 459623, 1, 0, 0
237000, 694529, 1, 0, 0
238000, 958008, 1, 0, 0
239000, 959649, 1, 0, 0
240000, 880832, 1, 0, 0
241002, 996513, 1, 0, 0
242000, 1194693, 1, 0, 0
243000, 1272395, 1, 0, 0
244002, 1265275, 1, 0, 0
245000, 1338049, 1, 0, 0
246009, 1270811, 1, 0, 0
247006, 1333579, 1, 0, 0
248006, 1497255, 1, 0, 0
249002, 1793879, 1, 0, 0
250006, 1677296, 1, 0, 0
251007, 1478810, 1, 0, 0
252000, 1378066, 1, 0, 0
253000, 937126, 1, 0, 0
254000, 918968, 1, 0, 0
255005, 831952, 1, 0, 0
256000, 755735, 1, 0, 0
257000, 470652, 1, 0, 0
258000, 460855, 1, 0, 0
259000, 461105, 1, 0, 0
260005, 790689, 1, 0, 0
261000, 1380055, 1, 0, 0
262000, 1289148, 1, 0, 0
263000, 1000782, 1, 0, 0
264000, 1046016, 1, 0, 0
265006, 1069397, 1, 0, 0
266000, 926503, 1, 0, 0
267000, 476110, 1, 0, 0
268000, 460742, 1, 0, 0
269000, 458796, 1, 0, 0
270000, 474253, 1, 0, 0
271000, 456305, 1, 0, 0
272027, 483850, 1, 0, 0
273000, 1107921, 1, 0, 0
274000, 1104277, 1, 0, 0
275003, 1064961, 1, 0, 0
276009, 1592253, 1, 0, 0
277009, 1766882, 1, 0, 0
278002, 1697113, 1, 0, 0
279000, 1060271, 1, 0, 0
280000, 874168, 1, 0, 0
281000, 616860, 1, 0, 0
282000, 632389, 1, 0, 0
283000, 543465, 1, 0, 0
284000, 479850, 1, 0, 0
285000, 468127, 1, 0, 0
286000, 551032, 1, 0, 0
287000, 708193, 1, 0, 0
288000, 825026, 1, 0, 0
289004, 838956, 1, 0, 0
290000, 858524, 1, 0, 0
291000, 953695, 1, 0, 0
292002, 991131, 1, 0, 0
293000, 1088882, 1, 0, 0
294000, 1101586, 1, 0, 0
295000, 832311, 1, 0, 0
296000, 755869, 1, 0, 0
297000, 760805, 1, 0, 0
298000, 846195, 1, 0, 0
299001, 886189, 1, 0, 0
300000, 1071767, 1, 0, 0
301000, 1055124, 1, 0, 0
302010, 1624667, 1, 0, 0
303011, 1658503, 1, 0, 0
304000, 1707043, 1, 0, 0
305000, 1716326, 1, 0, 0
306001, 1970699, 1, 0, 0
307000, 1802717, 1, 0, 0
308000, 1701815, 1, 0, 0
309005, 1046708, 1, 0, 0
310000, 1023965, 1, 0, 0
311000, 995684, 1, 0, 0
312000, 963741, 1, 0, 0
313000, 991529, 1, 0, 0
314000, 960956, 1, 0, 0
315011, 1389430, 1, 0, 0
316000, 1461451, 1, 0, 0
317005, 1104390, 1, 0, 0
318000, 1001706, 1, 0, 0
319000, 1163476, 1, 0, 0
320003, 1255180, 1, 0, 0
321002, 1134959, 1, 0, 0
322000, 1197393, 1, 0, 0
323000, 1268577, 1, 0, 0
324003, 1581707, 1, 0, 0
325001, 1660759, 1, 0, 0
326001, 1762852, 1, 0, 0
327008, 1723522, 1, 0, 0
328004, 1273608, 1, 0, 0
329000, 1172130, 1, 0, 0
330000, 1045025, 1, 0, 0
331008, 1058636, 1, 0, 0
332000, 1087694, 1, 0, 0
333000, 1030851, 1, 0, 0
334010, 1143485, 1, 0, 0
335010, 1545951, 1, 0, 0
336000, 1679599, 1, 0, 0
337002, 1676728, 1, 0, 0
338010, 1627658, 1, 0, 0
339006, 1648915, 1, 0, 0
340000, 1721690, 1, 0, 0
341000, 1459391, 1, 0, 0
342000, 1327017, 1, 0, 0
343006, 1319260, 1, 0, 0
344003, 1207866, 1, 0, 0
345006, 1254704, 1, 0, 0
346004, 1266202, 1, 0, 0
347000, 1290904, 1, 0, 0
348000, 1251686, 1, 0, 0
349009, 1339770, 1, 0, 0
350004, 1485026, 1, 0, 0
351007, 1450256, 1, 0, 0
352000, 1495678, 1, 0, 0
353001, 1136884, 1, 0, 0
354000, 1016480, 1, 0, 0
355006, 811988, 1, 0, 0
356000, 856549, 1, 0, 0
357005, 812236, 1, 0, 0
358000, 915989, 1, 0, 0
359005, 1622475, 1, 0, 0
360007, 1572492, 1, 0, 0
360007, 10270381, 1, 0, 0
