1008, 1767891, 1, 0, 0
2006, 1747387, 1, 0, 0
3000, 509186, 1, 0, 0
4000, 465856, 1, 0, 0
5000, 479844, 1, 0, 0
6000, 465984, 1, 0, 0
7000, 467201, 1, 0, 0
8000, 480885, 1, 0, 0
9000, 465041, 1, 0, 0
10004, 484765, 1, 0, 0
11000, 701884, 1, 0, 0
12000, 569159, 1, 0, 0
13000, 496396, 1, 0, 0
14016, 539190, 1, 0, 0
15000, 507953, 1, 0, 0
16000, 478477, 1, 0, 0
17000, 496469, 1, 0, 0
18000, 468606, 1, 0, 0
19000, 492985, 1, 0, 0
20000, 482961, 1, 0, 0
21000, 468345, 1, 0, 0
22000, 471233, 1, 0, 0
23000, 629360, 1, 0, 0
24000, 798300, 1, 0, 0
25000, 804833, 1, 0, 0
26000, 826082, 1, 0, 0
27002, 910623, 1, 0, 0
28000, 1059458, 1, 0, 0
29000, 1037918, 1, 0, 0
30001, 836907, 1, 0, 0
31002, 873213, 1, 0, 0
32000, 771079, 1, 0, 0
33000, 734256, 1, 0, 0
34003, 899033, 1, 0, 0
35000, 902151, 1, 0, 0
36002, 903444, 1, 0, 0
37000, 861211, 1, 0, 0
38004, 1217080, 1, 0, 0
39001, 1423321, 1, 0, 0
40000, 1225213, 1, 0, 0
41000, 920656, 1, 0, 0
42007, 962626, 1, 0, 0
43000, 934864, 1, 0, 0
44000, 1010347, 1, 0, 0
45006, 1654198, 1, 0, 0
46000, 1643604, 1, 0, 0
47000, 1734322, 1, 0, 0
48000, 1204595, 1, 0, 0
49003, 981444, 1, 0, 0
50005, 1006082, 1, 0, 0
51000, 1013348, 1, 0, 0
52006, 994847, 1, 0, 0
53000, 1006896, 1, 0, 0
54000, 1294504, 1, 0, 0
55004, 1000281, 1, 0, 0
56000, 995326, 1, 0, 0
57005, 1209686, 1, 0, 0
58000, 1228027, 1, 0, 0
59006, 1012662, 1, 0, 0
60000, 1017845, 1, 0, 0
61000, 1097977, 1, 0, 0
62000, 1014653, 1, 0, 0
63000, 1382522, 1, 0, 0
64000, 1569093, 1, 0, 0
65003, 1532863, 1, 0, 0
66003, 1515227, 1, 0, 0
67006, 1353212, 1, 0, 0
68000, 1227161, 1, 0, 0
69003, 1355494, 1, 0, 0
70000, 1297911, 1, 0, 0
71002, 1257152, 1, 0, 0
72004, 1268370, 1, 0, 0
73000, 1070206, 1, 0, 0
74000, 968660, 1, 0, 0
75011, 781728, 1, 0, 0
76000, 730255, 1, 0, 0
77003, 645583, 1, 0, 0
78000, 728377, 1, 0, 0
79006, 934566, 1, 0, 0
80000, 1202810, 1, 0, 0
81000, 1075232, 1, 0, 0
82000, 1072777, 1, 0, 0
83000, 1102679, 1, 0, 0
84005, 1060833, 1, 0, 0
85000, 886143, 1, 0, 0
86000, 996944, 1, 0, 0
87000, 1058089, 1, 0, 0
88011, 1091034, 1, 0, 0
89000, 1164106, 1, 0, 0
90000, 1030359, 1, 0, 0
91000, 981536, 1, 0, 0
92000, 775733, 1, 0, 0
93000, 697395, 1, 0, 0
94000, 538874, 1, 0, 0
95000, 540777, 1, 0, 0
96000, 540833, 1, 0, 0
97000, 466954, 1, 0, 0
98000, 466563, 1, 0, 0
99000, 509062, 1, 0, 0
100000, 474205, 1, 0, 0
101000, 470266, 1, 0, 0
102001, 532871, 1, 0, 0
103000, 567033, 1, 0, 0
104002, 569843, 1, 0, 0
105000, 581872, 1, 0, 0
106000, 505621, 1, 0, 0
107000, 465641, 1, 0, 0
108000, 465638, 1, 0, 0
109000, 495927, 1, 0, 0
110000, 465300, 1, 0, 0
111000, 467433, 1, 0, 0
112000, 483743, 1, 0, 0
113000, 464474, 1, 0, 0
114000, 466848, 1, 0, 0
115000, 646008, 1, 0, 0
116000, 696423, 1, 0, 0
117000, 970199, 1, 0, 0
118000, 973334, 1, 0, 0
119000, 771874, 1, 0, 0
120006, 823813, 1, 0, 0
121006, 967210, 1, 0, 0
122000, 1013162, 1, 0, 0
123000, 758128, 1, 0, 0
124000, 641443, 1, 0, 0
125000, 917392, 1, 0, 0
126001, 928675, 1, 0, 0
127000, 935500, 1, 0, 0
128003, 891930, 1, 0, 0
129004, 966704, 1, 0, 0
130008, 955157, 1, 0, 0
131000, 991302, 1, 0, 0
132006, 981458, 1, 0, 0
133000, 982494, 1, 0, 0
134007, 1183031, 1, 0, 0
135004, 1808673, 1, 0, 0
136001, 1779878, 1, 0, 0
137000, 1765710, 1, 0, 0
138000, 1859527, 1, 0, 0
139000, 1272532, 1, 0, 0
140000, 940433, 1, 0, 0
141000, 793574, 1, 0, 0
142000, 466603, 1, 0, 0
143000, 479435, 1, 0, 0
144000, 466608, 1, 0, 0
145000, 466578, 1, 0, 0
146000, 498624, 1, 0, 0
147000, 472323, 1, 0, 0
148000, 468697, 1, 0, 0
149000, 482310, 1, 0, 0
150000, 466995, 1, 0, 0
151000, 480953, 1, 0, 0
152000, 565731, 1, 0, 0
153000, 643109, 1, 0, 0
154000, 631041, 1, 0, 0
155000, 726658, 1, 0, 0
156002, 841110, 1, 0, 0
157000, 773623, 1, 0, 0
158001, 904789, 1, 0, 0
159005, 944712, 1, 0, 0
160000, 839910, 1, 0, 0
161000, 776784, 1, 0, 0
162000, 918405, 1, 0, 0
163000, 909827, 1, 0, 0
164000, 925097, 1, 0, 0
165001, 951374, 1, 0, 0
166008, 1112464, 1, 0, 0
167000, 1603376, 1, 0, 0
168000, 1632316, 1, 0, 0
169000, 636006, 1, 0, 0
170000, 642042, 1, 0, 0
171000, 619179, 1, 0, 0
172000, 771428, 1, 0, 0
173003, 1097917, 1, 0, 0
174005, 1059104, 1, 0, 0
175000, 1065612, 1, 0, 0
176000, 1033954, 1, 0, 0
177000, 945445, 1, 0, 0
178004, 1004502, 1, 0, 0
179000, 1491141, 1, 0, 0
180000, 1326842, 1, 0, 0
181000, 1363282, 1, 0, 0
182000, 1410561, 1, 0, 0
183000, 1493051, 1, 0, 0
184003, 1696397, 1, 0, 0
185000, 1753238, 1, 0, 0
186000, 1541459, 1, 0, 0
187000, 1559378, 1, 0, 0
188010, 1781168, 1, 0, 0
189005, 1559645, 1, 0, 0
190005, 1537746, 1, 0, 0
191000, 1536691, 1, 0, 0
192003, 1487804, 1, 0, 0
193000, 1541562, 1, 0, 0
194003, 1522003, 1, 0, 0
195000, 1639481, 1, 0, 0
196011, 1673742, 1, 0, 0
197005, 1663981, 1, 0, 0
198005, 1852086, 1, 0, 0
199000, 1743988, 1, 0, 0
200000, 1761233, 1, 0, 0
201001, 1589519, 1, 0, 0
202009, 1381578, 1, 0, 0
203000, 1400017, 1, 0, 0
204009, 1350981, 1, 0, 0
205004, 1403150, 1, 0, 0
206003, 1392233, 1, 0, 0
207000, 1534229, 1, 0, 0
208000, 1248369, 1, 0, 0
209004, 1169754, 1, 0, 0
210010, 1243006, 1, 0, 0
211008, 1358006, 1, 0, 0
212006, 1307496, 1, 0, 0
213000, 1323745, 1, 0, 0
214000, 1337196, 1, 0, 0
215000, 1008092, 1, 0, 0
216002, 942661, 1, 0, 0
217000, 1026286, 1, 0, 0
218004, 1068136, 1, 0, 0
219006, 941109, 1, 0, 0
220001, 931476, 1, 0, 0
221000, 1092053, 1, 0, 0
222000, 1021489, 1, 0, 0
223001, 912256, 1, 0, 0
224006, 771395, 1, 0, 0
225000, 777840, 1, 0, 0
226000, 805433, 1, 0, 0
227000, 836133, 1, 0, 0
228000, 617507, 1, 0, 0
229000, 695325, 1, 0, 0
230004, 727140, 1, 0, 0
231000, 812268, 1, 0, 0
232000, 680369, 1, 0, 0
233000, 663068, 1, 0, 0
234002, 654946, 1, 0, 0
235000, 733857, 1, 0, 0
236000, 714727, 1, 0, 0
237002, 709557, 1, 0, 0
238000, 670672, 1, 0, 0
239006, 829511, 1, 0, 0
240000, 1109660, 1, 0, 0
241000, 993360, 1, 0, 0
242001, 1626540, 1, 0, 0
243000, 1742510, 1, 0, 0
244003, 1489819, 1, 0, 0
245008, 1433885, 1, 0, 0
246004, 1348765, 1, 0, 0
247000, 1218093, 1, 0, 0
248009, 1466133, 1, 0, 0
249005, 1329920, 1, 0, 0
250000, 1285454, 1, 0, 0
251004, 1216401, 1, 0, 0
252000, 1220006, 1, 0, 0
253008, 1230271, 1, 0, 0
254000, 1373970, 1, 0, 0
255000, 1500475, 1, 0, 0
256008, 1539531, 1, 0, 0
257000, 1848300, 1, 0, 0
258000, 1831196, 1, 0, 0
259007, 1783087, 1, 0, 0
260000, 1756426, 1, 0, 0
261000, 1746874, 1, 0, 0
262004, 1476441, 1, 0, 0
263005, 1515144, 1, 0, 0
264000, 1534671, 1, 0, 0
265000, 1496885, 1, 0, 0
266002, 1482050, 1, 0, 0
267005, 1547915, 1, 0, 0
268000, 1336354, 1, 0, 0
269008, 1368750, 1, 0, 0
270000, 1402306, 1, 0, 0
271000, 1368932, 1, 0, 0
272006, 1421911, 1, 0, 0
273009, 1419081, 1, 0, 0
274000, 1378178, 1, 0, 0
275006, 1721225, 1, 0, 0
276000, 1929117, 1, 0, 0
277000, 1362258, 1, 0, 0
278000, 1155079, 1, 0, 0
279000, 1148621, 1, 0, 0
280000, 1098518, 1, 0, 0
281008, 1113943, 1, 0, 0
282000, 1136903, 1, 0, 0
283000, 1225005, 1, 0, 0
284004, 1640040, 1, 0, 0
285000, 1610155, 1, 0, 0
286000, 1493391, 1, 0, 0
287000, 1550221, 1, 0, 0
288004, 1218364, 1, 0, 0
289000, 1091696, 1, 0, 0
290000, 1187274, 1, 0, 0
291000, 1288046, 1, 0, 0
292010, 1319784, 1, 0, 0
293000, 1321109, 1, 0, 0
294000, 1301170, 1, 0, 0
295011, 1762004, 1, 0, 0
296000, 1849883, 1, 0, 0
297009, 1487052, 1, 0, 0
298000, 1367222, 1, 0, 0
299010, 1412204, 1, 0, 0
300000, 1474908, 1, 0, 0
301006, 1506349, 1, 0, 0
302006, 1409690, 1, 0, 0
303000, 1405028, 1, 0, 0
304002, 1759917, 1, 0, 0
305001, 1853958, 1, 0, 0
306010, 1821791, 1, 0, 0
307006, 1766315, 1, 0, 0
308000, 1814826, 1, 0, 0
309000, 1762798, 1, 0, 0
310005, 1643716, 1, 0, 0
311003, 2040693, 1, 0, 0
312008, 1776932, 1, 0, 0
313004, 1707065, 1, 0, 0
314000, 1818349, 1, 0, 0
315005, 1630635, 1, 0, 0
316010, 1512872, 1, 0, 0
317000, 1593424, 1, 0, 0
318000, 1555723, 1, 0, 0
319010, 1486946, 1, 0, 0
320000, 1433395, 1, 0, 0
321010, 1493713, 1, 0, 0
322003, 1372165, 1, 0, 0
323005, 1449895, 1, 0, 0
324000, 1402498, 1, 0, 0
325006, 1370329, 1, 0, 0
326000, 1354695, 1, 0, 0
327000, 1214050, 1, 0, 0
328007, 1221511, 1, 0, 0
329008, 1702950, 1, 0, 0
330007, 1550004, 1, 0, 0
331011, 1398111, 1, 0, 0
332011, 1488067, 1, 0, 0
333011, 1629392, 1, 0, 0
334011, 1694873, 1, 0, 0
335000, 1754507, 1, 0, 0
336009, 1683156, 1, 0, 0
337008, 1652194, 1, 0, 0
338008, 1956728, 1, 0, 0
339005, 1892350, 1, 0, 0
340002, 1247042, 1, 0, 0
341005, 996532, 1, 0, 0
342007, 993736, 1, 0, 0
343000, 939998, 1, 0, 0
344000, 1459972, 1, 0, 0
345004, 1899074, 1, 0, 0
346011, 1847330, 1, 0, 0
347001, 1270258, 1, 0, 0
348000, 813456, 1, 0, 0
349000, 632299, 1, 0, 0
350000, 607651, 1, 0, 0
351002, 619942, 1, 0, 0
352000, 794377, 1, 0, 0
353000, 784073, 1, 0, 0
354003, 1014333, 1, 0, 0
355000, 1137333, 1, 0, 0
356001, 1027466, 1, 0, 0
357001, 1188967, 1, 0, 0
358000, 1258179, 1, 0, 0
359005, 1088747, 1, 0, 0
360010, 1281222, 1, 0, 0
360010, 11668991, 1, 0, 0
