1002, 212471, 0, 0, 0
2001, 202678, 0, 0, 0
3000, 200843, 0, 0, 0
4001, 219317, 0, 0, 0
5000, 212951, 0, 0, 0
6000, 214786, 0, 0, 0
7000, 174193, 0, 0, 0
8000, 165076, 0, 0, 0
9000, 247742, 0, 0, 0
10000, 364006, 0, 0, 0
11000, 345474, 0, 0, 0
12000, 80735, 0, 0, 0
13000, 87148, 0, 0, 0
14000, 106626, 0, 0, 0
15000, 106030, 0, 0, 0
16000, 107700, 0, 0, 0
17000, 104756, 0, 0, 0
18000, 108475, 0, 0, 0
19000, 104107, 0, 0, 0
20000, 105878, 0, 0, 0
21000, 104719, 0, 0, 0
22000, 104283, 0, 0, 0
23000, 108056, 0, 0, 0
24000, 379497, 0, 0, 0
25000, 473236, 0, 0, 0
26001, 291369, 0, 0, 0
27000, 207107, 0, 0, 0
28000, 204047, 0, 0, 0
29000, 208627, 0, 0, 0
30000, 195770, 0, 0, 0
31000, 190904, 0, 0, 0
32000, 166057, 0, 0, 0
33000, 153480, 0, 0, 0
34000, 156037, 0, 0, 0
35000, 170674, 0, 0, 0
36001, 192584, 0, 0, 0
37000, 201667, 0, 0, 0
38001, 199812, 0, 0, 0
39021, 210051, 0, 0, 0
40000, 210625, 0, 0, 0
41000, 203122, 0, 0, 0
42000, 204835, 0, 0, 0
43002, 194379, 0, 0, 0
44000, 181096, 0, 0, 0
45000, 236504, 0, 0, 0
46000, 213090, 0, 0, 0
47001, 203118, 0, 0, 0
48000, 200846, 0, 0, 0
49000, 199114, 0, 0, 0
50000, 266998, 0, 0, 0
51000, 478109, 0, 0, 0
52001, 383524, 0, 0, 0
53000, 205465, 0, 0, 0
54002, 218655, 0, 0, 0
55000, 218756, 0, 0, 0
56000, 257011, 0, 0, 0
57000, 216370, 0, 0, 0
58000, 231904, 0, 0, 0
59000, 339558, 0, 0, 0
60000, 310305, 0, 0, 0
61000, 291643, 0, 0, 0
62000, 298264, 0, 0, 0
63000, 259708, 0, 0, 0
64000, 465899, 0, 0, 0
65023, 514857, 0, 0, 0
66001, 490509, 0, 0, 0
67000, 375490, 0, 0, 0
68000, 261504, 0, 0, 0
69000, 263500, 0, 0, 0
70001, 297320, 0, 0, 0
71000, 271935, 0, 0, 0
72001, 266181, 0, 0, 0
73000, 324439, 0, 0, 0
74000, 423779, 0, 0, 0
75000, 428136, 0, 0, 0
76000, 485480, 0, 0, 0
77001, 484572, 0, 0, 0
78000, 467709, 0, 0, 0
79000, 488388, 0, 0, 0
80000, 483385, 0, 0, 0
81000, 425946, 0, 0, 0
82000, 369289, 0, 0, 0
83000, 332824, 0, 0, 0
84000, 350459, 0, 0, 0
85000, 291912, 0, 0, 0
86000, 383406, 0, 0, 0
87001, 447705, 0, 0, 0
88001, 433445, 0, 0, 0
89000, 122392, 0, 0, 0
90000, 113945, 0, 0, 0
91000, 105595, 0, 0, 0
92000, 107167, 0, 0, 0
93000, 107089, 0, 0, 0
94000, 106143, 0, 0, 0
95001, 103968, 0, 0, 0
96000, 100112, 0, 0, 0
97000, 103722, 0, 0, 0
98000, 102449, 0, 0, 0
99000, 101900, 0, 0, 0
100000, 118546, 0, 0, 0
101000, 147063, 0, 0, 0
102000, 140488, 0, 0, 0
103000, 148767, 0, 0, 0
104000, 141784, 0, 0, 0
105000, 139810, 0, 0, 0
106000, 136855, 0, 0, 0
107000, 129486, 0, 0, 0
108001, 137935, 0, 0, 0
109000, 136847, 0, 0, 0
110000, 138170, 0, 0, 0
111000, 163622, 0, 0, 0
112000, 142361, 0, 0, 0
113000, 138436, 0, 0, 0
114000, 212014, 0, 0, 0
115000, 195918, 0, 0, 0
116002, 197982, 0, 0, 0
117000, 188003, 0, 0, 0
118000, 165202, 0, 0, 0
119000, 142618, 0, 0, 0
120000, 145429, 0, 0, 0
121000, 157702, 0, 0, 0
122000, 235130, 0, 0, 0
123000, 207900, 0, 0, 0
124000, 230410, 0, 0, 0
125000, 220746, 0, 0, 0
126000, 172888, 0, 0, 0
127000, 163057, 0, 0, 0
128001, 153165, 0, 0, 0
129000, 169493, 0, 0, 0
130001, 191722, 0, 0, 0
131001, 176517, 0, 0, 0
132000, 225069, 0, 0, 0
133000, 182886, 0, 0, 0
134000, 173165, 0, 0, 0
135000, 179966, 0, 0, 0
136000, 178192, 0, 0, 0
137000, 200626, 0, 0, 0
138001, 193506, 0, 0, 0
139000, 185606, 0, 0, 0
140000, 183039, 0, 0, 0
141000, 180941, 0, 0, 0
142000, 180099, 0, 0, 0
143000, 251877, 0, 0, 0
144001, 220370, 0, 0, 0
145001, 224433, 0, 0, 0
146000, 234825, 0, 0, 0
147000, 351613, 0, 0, 0
148000, 373682, 0, 0, 0
149008, 391795, 0, 0, 0
150001, 249546, 0, 0, 0
151000, 244336, 0, 0, 0
152000, 208487, 0, 0, 0
153002, 194176, 0, 0, 0
154000, 269344, 0, 0, 0
155000, 217638, 0, 0, 0
156000, 194115, 0, 0, 0
157000, 187141, 0, 0, 0
158000, 245714, 0, 0, 0
159000, 388753, 0, 0, 0
160001, 396627, 0, 0, 0
161000, 363281, 0, 0, 0
162000, 407977, 0, 0, 0
163000, 449972, 0, 0, 0
164000, 457888, 0, 0, 0
165000, 472046, 0, 0, 0
166000, 493601, 0, 0, 0
167000, 445110, 0, 0, 0
168001, 509038, 0, 0, 0
169000, 485482, 0, 0, 0
170000, 428903, 0, 0, 0
171000, 400461, 0, 0, 0
172000, 385613, 0, 0, 0
173000, 284392, 0, 0, 0
174001, 288501, 0, 0, 0
175001, 382324, 0, 0, 0
176001, 500035, 0, 0, 0
177000, 400770, 0, 0, 0
178000, 504884, 0, 0, 0
179000, 472936, 0, 0, 0
180000, 456030, 0, 0, 0
181000, 490230, 0, 0, 0
182000, 462806, 0, 0, 0
183000, 284236, 0, 0, 0
184000, 337802, 0, 0, 0
185001, 387000, 0, 0, 0
186000, 353581, 0, 0, 0
187012, 447195, 0, 0, 0
188002, 474995, 0, 0, 0
189000, 467823, 0, 0, 0
190000, 335926, 0, 0, 0
191001, 346534, 0, 0, 0
192000, 272170, 0, 0, 0
193000, 218926, 0, 0, 0
194000, 212407, 0, 0, 0
195001, 351373, 0, 0, 0
196000, 428853, 0, 0, 0
197000, 376648, 0, 0, 0
198000, 121899, 0, 0, 0
199000, 104429, 0, 0, 0
200000, 103567, 0, 0, 0
201000, 104344, 0, 0, 0
202000, 104730, 0, 0, 0
203000, 106164, 0, 0, 0
204000, 102016, 0, 0, 0
205000, 100266, 0, 0, 0
206000, 103007, 0, 0, 0
207000, 103337, 0, 0, 0
208000, 103226, 0, 0, 0
209000, 138099, 0, 0, 0
210000, 178729, 0, 0, 0
211000, 164318, 0, 0, 0
212000, 167082, 0, 0, 0
213000, 160550, 0, 0, 0
214000, 157025, 0, 0, 0
215000, 155682, 0, 0, 0
216001, 150355, 0, 0, 0
217000, 164156, 0, 0, 0
218000, 138053, 0, 0, 0
219000, 136123, 0, 0, 0
220000, 158143, 0, 0, 0
221000, 147975, 0, 0, 0
222000, 150089, 0, 0, 0
223000, 152490, 0, 0, 0
224000, 149760, 0, 0, 0
225001, 145736, 0, 0, 0
226000, 146983, 0, 0, 0
227000, 146710, 0, 0, 0
228000, 139561, 0, 0, 0
229001, 135869, 0, 0, 0
230000, 166037, 0, 0, 0
231000, 176611, 0, 0, 0
232000, 170762, 0, 0, 0
233025, 191292, 0, 0, 0
234000, 489754, 0, 0, 0
235000, 475020, 0, 0, 0
236000, 476311, 0, 0, 0
237000, 481473, 0, 0, 0
238000, 465809, 0, 0, 0
239014, 499297, 0, 0, 0
240000, 482957, 0, 0, 0
241013, 478175, 0, 0, 0
242000, 479397, 0, 0, 0
243000, 490454, 0, 0, 0
244000, 443578, 0, 0, 0
245000, 490676, 0, 0, 0
246000, 514176, 0, 0, 0
247002, 486629, 0, 0, 0
248000, 393371, 0, 0, 0
249001, 347740, 0, 0, 0
250000, 286829, 0, 0, 0
251000, 208891, 0, 0, 0
252000, 261080, 0, 0, 0
253000, 237601, 0, 0, 0
254000, 225521, 0, 0, 0
255001, 240686, 0, 0, 0
256000, 219860, 0, 0, 0
257001, 300317, 0, 0, 0
258000, 468446, 0, 0, 0
259000, 440876, 0, 0, 0
260000, 201747, 0, 0, 0
261001, 208369, 0, 0, 0
262000, 200332, 0, 0, 0
263000, 240242, 0, 0, 0
264000, 208837, 0, 0, 0
265000, 212290, 0, 0, 0
266000, 470224, 0, 0, 0
267001, 481379, 0, 0, 0
268001, 458250, 0, 0, 0
269000, 275436, 0, 0, 0
270000, 222289, 0, 0, 0
271000, 188214, 0, 0, 0
272000, 160028, 0, 0, 0
273000, 160076, 0, 0, 0
274005, 115634, 0, 0, 0
275000, 108507, 0, 0, 0
276000, 103757, 0, 0, 0
277000, 105870, 0, 0, 0
278000, 105160, 0, 0, 0
279000, 105261, 0, 0, 0
280000, 102697, 0, 0, 0
281000, 101193, 0, 0, 0
282000, 104149, 0, 0, 0
283000, 101985, 0, 0, 0
284000, 102043, 0, 0, 0
285000, 127092, 0, 0, 0
286000, 137215, 0, 0, 0
287000, 131670, 0, 0, 0
288000, 137153, 0, 0, 0
289000, 131255, 0, 0, 0
290000, 134123, 0, 0, 0
291000, 134615, 0, 0, 0
292000, 134239, 0, 0, 0
293000, 133743, 0, 0, 0
294000, 135794, 0, 0, 0
295000, 136804, 0, 0, 0
296000, 144791, 0, 0, 0
297000, 140123, 0, 0, 0
298000, 137176, 0, 0, 0
299000, 135526, 0, 0, 0
300000, 138264, 0, 0, 0
301000, 134996, 0, 0, 0
302000, 131153, 0, 0, 0
303000, 139484, 0, 0, 0
304001, 136165, 0, 0, 0
305000, 137888, 0, 0, 0
306000, 157944, 0, 0, 0
307000, 154994, 0, 0, 0
308000, 177298, 0, 0, 0
309000, 196945, 0, 0, 0
310000, 194780, 0, 0, 0
311000, 192963, 0, 0, 0
312000, 191784, 0, 0, 0
313000, 198547, 0, 0, 0
314000, 198145, 0, 0, 0
315000, 183368, 0, 0, 0
316000, 171037, 0, 0, 0
317001, 208388, 0, 0, 0
318001, 190803, 0, 0, 0
319001, 182653, 0, 0, 0
320000, 189997, 0, 0, 0
321000, 175345, 0, 0, 0
322000, 161849, 0, 0, 0
323000, 148197, 0, 0, 0
324000, 153915, 0, 0, 0
325000, 166936, 0, 0, 0
326000, 157772, 0, 0, 0
327012, 175333, 0, 0, 0
328000, 168369, 0, 0, 0
329002, 158568, 0, 0, 0
330000, 164190, 0, 0, 0
331000, 180330, 0, 0, 0
332000, 199870, 0, 0, 0
333000, 192043, 0, 0, 0
334000, 183726, 0, 0, 0
335000, 179301, 0, 0, 0
336000, 151369, 0, 0, 0
337001, 151409, 0, 0, 0
338000, 196469, 0, 0, 0
339000, 219659, 0, 0, 0
340001, 213658, 0, 0, 0
341000, 215816, 0, 0, 0
342000, 234624, 0, 0, 0
343000, 499410, 0, 0, 0
344000, 465654, 0, 0, 0
345001, 462366, 0, 0, 0
346001, 487635, 0, 0, 0
347001, 461880, 0, 0, 0
348000, 420859, 0, 0, 0
349001, 509719, 0, 0, 0
350000, 509061, 0, 0, 0
351000, 409323, 0, 0, 0
352000, 468378, 0, 0, 0
353001, 475157, 0, 0, 0
354000, 456801, 0, 0, 0
355000, 376012, 0, 0, 0
356000, 301003, 0, 0, 0
357000, 212974, 0, 0, 0
358000, 196969, 0, 0, 0
359000, 205671, 0, 0, 0
360000, 246623, 0, 0, 0
