1000, 2701, 1, 0, 0
2000, 2668, 1, 0, 0
3000, 2643, 1, 0, 0
4000, 2628, 1, 0, 0
5000, 2608, 1, 0, 0
6000, 2620, 1, 0, 0
7000, 2627, 1, 0, 0
8000, 2616, 1, 0, 0
9000, 2620, 1, 0, 0
10002, 2603, 1, 0, 0
11004, 2626, 1, 0, 0
12000, 2618, 1, 0, 0
13005, 2606, 1, 0, 0
14000, 2617, 1, 0, 0
15019, 2628, 1, 0, 0
16001, 2625, 1, 0, 0
17002, 2647, 1, 0, 0
18002, 2650, 1, 0, 0
19000, 2638, 1, 0, 0
20000, 2611, 1, 0, 0
21004, 2635, 1, 0, 0
22000, 2639, 1, 0, 0
23004, 2634, 1, 0, 0
24000, 2623, 1, 0, 0
25000, 2643, 1, 0, 0
26008, 2654, 1, 0, 0
27000, 2652, 1, 0, 0
28002, 2643, 1, 0, 0
29001, 2632, 1, 0, 0
30006, 2627, 1, 0, 0
31000, 2621, 1, 0, 0
32000, 2623, 1, 0, 0
33001, 2624, 1, 0, 0
34000, 2622, 1, 0, 0
35008, 2618, 1, 0, 0
36000, 2618, 1, 0, 0
37000, 2623, 1, 0, 0
38000, 2632, 1, 0, 0
39000, 2644, 1, 0, 0
40007, 2636, 1, 0, 0
41000, 2645, 1, 0, 0
42000, 2620, 1, 0, 0
43001, 2608, 1, 0, 0
44005, 2604, 1, 0, 0
45000, 2619, 1, 0, 0
46000, 2616, 1, 0, 0
47000, 2618, 1, 0, 0
48000, 2624, 1, 0, 0
49000, 2626, 1, 0, 0
50008, 2620, 1, 0, 0
51008, 2619, 1, 0, 0
52002, 2607, 1, 0, 0
53003, 2610, 1, 0, 0
54005, 2605, 1, 0, 0
55000, 2616, 1, 0, 0
56001, 2604, 1, 0, 0
57009, 2635, 1, 0, 0
58000, 2621, 1, 0, 0
59001, 2623, 1, 0, 0
60001, 2645, 1, 0, 0
61001, 2653, 1, 0, 0
62000, 2671, 1, 0, 0
63000, 2719, 1, 0, 0
64000, 2728, 1, 0, 0
65000, 2702, 1, 0, 0
66000, 2624, 1, 0, 0
67000, 2610, 1, 0, 0
68000, 2612, 1, 0, 0
69000, 2623, 1, 0, 0
70000, 2627, 1, 0, 0
71000, 2639, 1, 0, 0
72000, 2653, 1, 0, 0
73000, 2650, 1, 0, 0
74000, 2645, 1, 0, 0
75000, 2642, 1, 0, 0
76010, 2626, 1, 0, 0
77000, 2608, 1, 0, 0
78007, 2635, 1, 0, 0
79000, 2616, 1, 0, 0
80000, 2600, 1, 0, 0
81002, 2613, 1, 0, 0
82009, 2626, 1, 0, 0
83005, 2622, 1, 0, 0
84010, 2609, 1, 0, 0
85005, 2611, 1, 0, 0
86000, 2602, 1, 0, 0
87006, 2651, 1, 0, 0
88000, 2647, 1, 0, 0
89004, 2630, 1, 0, 0
90000, 2613, 1, 0, 0
91000, 2651, 1, 0, 0
92000, 2647, 1, 0, 0
93000, 2610, 1, 0, 0
94000, 2679, 1, 0, 0
95000, 2713, 1, 0, 0
96000, 2636, 1, 0, 0
97003, 2615, 1, 0, 0
98003, 2619, 1, 0, 0
99001, 2617, 1, 0, 0
100006, 2638, 1, 0, 0
101003, 2612, 1, 0, 0
102006, 2633, 1, 0, 0
103000, 2635, 1, 0, 0
104002, 2627, 1, 0, 0
105002, 2642, 1, 0, 0
106005, 2631, 1, 0, 0
107004, 2633, 1, 0, 0
108000, 2648, 1, 0, 0
109000, 2634, 1, 0, 0
110000, 2634, 1, 0, 0
111001, 2639, 1, 0, 0
112008, 2628, 1, 0, 0
113000, 2632, 1, 0, 0
114000, 2627, 1, 0, 0
115021, 2613, 1, 0, 0
116000, 2597, 1, 0, 0
117000, 2589, 1, 0, 0
118000, 2633, 1, 0, 0
119000, 2712, 1, 0, 0
120000, 2729, 1, 0, 0
121006, 2681, 1, 0, 0
122002, 2620, 1, 0, 0
123000, 2619, 1, 0, 0
124000, 2613, 1, 0, 0
125004, 2615, 1, 0, 0
126003, 2643, 1, 0, 0
127006, 2613, 1, 0, 0
128000, 2622, 1, 0, 0
129006, 2631, 1, 0, 0
130001, 2624, 1, 0, 0
131010, 2623, 1, 0, 0
132010, 2613, 1, 0, 0
133000, 2665, 1, 0, 0
134000, 2639, 1, 0, 0
135005, 2646, 1, 0, 0
136003, 2642, 1, 0, 0
137000, 2631, 1, 0, 0
138000, 2628, 1, 0, 0
139005, 2619, 1, 0, 0
140003, 2624, 1, 0, 0
141001, 2632, 1, 0, 0
142001, 2629, 1, 0, 0
143006, 2626, 1, 0, 0
144003, 2608, 1, 0, 0
145001, 2608, 1, 0, 0
146000, 2628, 1, 0, 0
147000, 2632, 1, 0, 0
148000, 2627, 1, 0, 0
149002, 2640, 1, 0, 0
150000, 2617, 1, 0, 0
151000, 2628, 1, 0, 0
152000, 2622, 1, 0, 0
153000, 2613, 1, 0, 0
154000, 2609, 1, 0, 0
155002, 2619, 1, 0, 0
156000, 2614, 1, 0, 0
157000, 2618, 1, 0, 0
158000, 2611, 1, 0, 0
159000, 2632, 1, 0, 0
160000, 2621, 1, 0, 0
161000, 2627, 1, 0, 0
162000, 2617, 1, 0, 0
163000, 2619, 1, 0, 0
164000, 2637, 1, 0, 0
165000, 2620, 1, 0, 0
166000, 2627, 1, 0, 0
167009, 2615, 1, 0, 0
168000, 2616, 1, 0, 0
169000, 2657, 1, 0, 0
170000, 2661, 1, 0, 0
171000, 2683, 1, 0, 0
172000, 2649, 1, 0, 0
173000, 2622, 1, 0, 0
174003, 2618, 1, 0, 0
175000, 2621, 1, 0, 0
176001, 2620, 1, 0, 0
177002, 2651, 1, 0, 0
178000, 2639, 1, 0, 0
179004, 2648, 1, 0, 0
180008, 2677, 1, 0, 0
181000, 2643, 1, 0, 0
182004, 2637, 1, 0, 0
183009, 2633, 1, 0, 0
184000, 2639, 1, 0, 0
185000, 2628, 1, 0, 0
186002, 2636, 1, 0, 0
187008, 2637, 1, 0, 0
188000, 2636, 1, 0, 0
189010, 2614, 1, 0, 0
190011, 2630, 1, 0, 0
191000, 2638, 1, 0, 0
192000, 2613, 1, 0, 0
193000, 2601, 1, 0, 0
194000, 2644, 1, 0, 0
195000, 2661, 1, 0, 0
196000, 2625, 1, 0, 0
197002, 2630, 1, 0, 0
198000, 2617, 1, 0, 0
199000, 2610, 1, 0, 0
200000, 2612, 1, 0, 0
201000, 2639, 1, 0, 0
202000, 2634, 1, 0, 0
203000, 2619, 1, 0, 0
204000, 2631, 1, 0, 0
205000, 2623, 1, 0, 0
206000, 2619, 1, 0, 0
207000, 2616, 1, 0, 0
208000, 2610, 1, 0, 0
209005, 2615, 1, 0, 0
210001, 2627, 1, 0, 0
211000, 2626, 1, 0, 0
212001, 2608, 1, 0, 0
213005, 2633, 1, 0, 0
214000, 2620, 1, 0, 0
215000, 2611, 1, 0, 0
216000, 2607, 1, 0, 0
217000, 2609, 1, 0, 0
218006, 2618, 1, 0, 0
219000, 2622, 1, 0, 0
220000, 2625, 1, 0, 0
221008, 2608, 1, 0, 0
222010, 2601, 1, 0, 0
223003, 2624, 1, 0, 0
224004, 2634, 1, 0, 0
225005, 2642, 1, 0, 0
226008, 2657, 1, 0, 0
227011, 2658, 1, 0, 0
228000, 2641, 1, 0, 0
229009, 2618, 1, 0, 0
230000, 2643, 1, 0, 0
231001, 2651, 1, 0, 0
232000, 2623, 1, 0, 0
233001, 2616, 1, 0, 0
234000, 2594, 1, 0, 0
235000, 2613, 1, 0, 0
236000, 2653, 1, 0, 0
237000, 2666, 1, 0, 0
238000, 2614, 1, 0, 0
239000, 2622, 1, 0, 0
240000, 2608, 1, 0, 0
241002, 2611, 1, 0, 0
242000, 2654, 1, 0, 0
243000, 2638, 1, 0, 0
244002, 2623, 1, 0, 0
245000, 2621, 1, 0, 0
246009, 2606, 1, 0, 0
247006, 2609, 1, 0, 0
248006, 2645, 1, 0, 0
249002, 2684, 1, 0, 0
250006, 2668, 1, 0, 0
251007, 2658, 1, 0, 0
252000, 2649, 1, 0, 0
253000, 2625, 1, 0, 0
254000, 2629, 1, 0, 0
255005, 2598, 1, 0, 0
256000, 2621, 1, 0, 0
257000, 2698, 1, 0, 0
258000, 2628, 1, 0, 0
259000, 2618, 1, 0, 0
260005, 2619, 1, 0, 0
261000, 2611, 1, 0, 0
262000, 2619, 1, 0, 0
263000, 2642, 1, 0, 0
264000, 2633, 1, 0, 0
265006, 2628, 1, 0, 0
266000, 2636, 1, 0, 0
267000, 2616, 1, 0, 0
268000, 2639, 1, 0, 0
269000, 2661, 1, 0, 0
270000, 2640, 1, 0, 0
271000, 2732, 1, 0, 0
272027, 2687, 1, 0, 0
273000, 2639, 1, 0, 0
274000, 2628, 1, 0, 0
275003, 2632, 1, 0, 0
276009, 2639, 1, 0, 0
277009, 2605, 1, 0, 0
278002, 2618, 1, 0, 0
279000, 2639, 1, 0, 0
280000, 2640, 1, 0, 0
281000, 2618, 1, 0, 0
282000, 2622, 1, 0, 0
283000, 2612, 1, 0, 0
284000, 2625, 1, 0, 0
285000, 2620, 1, 0, 0
286000, 2617, 1, 0, 0
287000, 2626, 1, 0, 0
288000, 2615, 1, 0, 0
289004, 2603, 1, 0, 0
290000, 2617, 1, 0, 0
291000, 2631, 1, 0, 0
292002, 2625, 1, 0, 0
293000, 2628, 1, 0, 0
294000, 2656, 1, 0, 0
295000, 2626, 1, 0, 0
296000, 2610, 1, 0, 0
297000, 2614, 1, 0, 0
298000, 2644, 1, 0, 0
299001, 2620, 1, 0, 0
300000, 2636, 1, 0, 0
301000, 2641, 1, 0, 0
302010, 2604, 1, 0, 0
303011, 2626, 1, 0, 0
304000, 2620, 1, 0, 0
305000, 2612, 1, 0, 0
306001, 2635, 1, 0, 0
307000, 2652, 1, 0, 0
308000, 2631, 1, 0, 0
309005, 2637, 1, 0, 0
310000, 2631, 1, 0, 0
311000, 2633, 1, 0, 0
312000, 2634, 1, 0, 0
313000, 2650, 1, 0, 0
314000, 2631, 1, 0, 0
315011, 2611, 1, 0, 0
316000, 2609, 1, 0, 0
317006, 2640, 1, 0, 0
318000, 2628, 1, 0, 0
319000, 2618, 1, 0, 0
320004, 2637, 1, 0, 0
321002, 2611, 1, 0, 0
322000, 2622, 1, 0, 0
323000, 2616, 1, 0, 0
324003, 2614, 1, 0, 0
325001, 2610, 1, 0, 0
326001, 2630, 1, 0, 0
327008, 2641, 1, 0, 0
328004, 2636, 1, 0, 0
329000, 2655, 1, 0, 0
330000, 2642, 1, 0, 0
331008, 2654, 1, 0, 0
332000, 2637, 1, 0, 0
333000, 2634, 1, 0, 0
334010, 2621, 1, 0, 0
335010, 2627, 1, 0, 0
336000, 2621, 1, 0, 0
337002, 2640, 1, 0, 0
338010, 2630, 1, 0, 0
339007, 2691, 1, 0, 0
340000, 2696, 1, 0, 0
341000, 2668, 1, 0, 0
342000, 2613, 1, 0, 0
343006, 2618, 1, 0, 0
344003, 2613, 1, 0, 0
345006, 2617, 1, 0, 0
346004, 2661, 1, 0, 0
347000, 2636, 1, 0, 0
348000, 2607, 1, 0, 0
349009, 2615, 1, 0, 0
350004, 2618, 1, 0, 0
351007, 2620, 1, 0, 0
352000, 2632, 1, 0, 0
353001, 2643, 1, 0, 0
354000, 2638, 1, 0, 0
355006, 2625, 1, 0, 0
356000, 2616, 1, 0, 0
357005, 2624, 1, 0, 0
358000, 2624, 1, 0, 0
359005, 2646, 1, 0, 0
360007, 2628, 1, 0, 0
