1008, 1765298, 1, 0, 0
2006, 1744802, 1, 0, 0
3000, 506641, 1, 0, 0
4000, 463317, 1, 0, 0
5000, 477318, 1, 0, 0
6000, 463460, 1, 0, 0
7000, 464682, 1, 0, 0
8000, 478356, 1, 0, 0
9000, 462493, 1, 0, 0
10004, 482232, 1, 0, 0
11000, 699297, 1, 0, 0
12000, 566593, 1, 0, 0
13000, 493870, 1, 0, 0
14016, 536672, 1, 0, 0
15000, 505424, 1, 0, 0
16000, 475964, 1, 0, 0
17000, 493948, 1, 0, 0
18000, 466096, 1, 0, 0
19000, 490466, 1, 0, 0
20000, 480444, 1, 0, 0
21000, 465824, 1, 0, 0
22000, 468714, 1, 0, 0
23000, 626808, 1, 0, 0
24000, 795741, 1, 0, 0
25000, 802273, 1, 0, 0
26000, 823494, 1, 0, 0
27002, 908043, 1, 0, 0
28000, 1056878, 1, 0, 0
29000, 1035357, 1, 0, 0
30001, 834339, 1, 0, 0
31002, 870639, 1, 0, 0
32000, 768510, 1, 0, 0
33000, 731677, 1, 0, 0
34003, 896442, 1, 0, 0
35000, 899571, 1, 0, 0
36002, 900838, 1, 0, 0
37000, 858619, 1, 0, 0
38004, 1214519, 1, 0, 0
39001, 1420742, 1, 0, 0
40000, 1222622, 1, 0, 0
41000, 918071, 1, 0, 0
42007, 960039, 1, 0, 0
43000, 932274, 1, 0, 0
44000, 1007747, 1, 0, 0
45006, 1651585, 1, 0, 0
46000, 1640998, 1, 0, 0
47000, 1731710, 1, 0, 0
48000, 1202021, 1, 0, 0
49003, 978871, 1, 0, 0
50005, 1003492, 1, 0, 0
51000, 1010777, 1, 0, 0
52006, 992283, 1, 0, 0
53000, 1004325, 1, 0, 0
54000, 1291885, 1, 0, 0
55004, 997687, 1, 0, 0
56000, 992737, 1, 0, 0
57005, 1207114, 1, 0, 0
58000, 1225458, 1, 0, 0
59006, 1010079, 1, 0, 0
60000, 1015245, 1, 0, 0
61000, 1095368, 1, 0, 0
62000, 1012064, 1, 0, 0
63000, 1379923, 1, 0, 0
64000, 1566471, 1, 0, 0
65003, 1530272, 1, 0, 0
66003, 1512636, 1, 0, 0
67006, 1350631, 1, 0, 0
68000, 1224548, 1, 0, 0
69003, 1352878, 1, 0, 0
70000, 1295328, 1, 0, 0
71002, 1254584, 1, 0, 0
72004, 1265795, 1, 0, 0
73000, 1067610, 1, 0, 0
74000, 966086, 1, 0, 0
75011, 779139, 1, 0, 0
76000, 727689, 1, 0, 0
77003, 643021, 1, 0, 0
78000, 725816, 1, 0, 0
79006, 931986, 1, 0, 0
80000, 1200236, 1, 0, 0
81000, 1072644, 1, 0, 0
82000, 1070186, 1, 0, 0
83000, 1100102, 1, 0, 0
84005, 1058262, 1, 0, 0
85000, 883550, 1, 0, 0
86000, 994342, 1, 0, 0
87000, 1055463, 1, 0, 0
88011, 1088436, 1, 0, 0
89000, 1161530, 1, 0, 0
90000, 1027756, 1, 0, 0
91000, 978955, 1, 0, 0
92000, 773140, 1, 0, 0
93000, 694816, 1, 0, 0
94000, 536341, 1, 0, 0
95000, 538228, 1, 0, 0
96000, 538307, 1, 0, 0
97000, 464436, 1, 0, 0
98000, 464045, 1, 0, 0
99000, 506530, 1, 0, 0
100000, 471696, 1, 0, 0
101000, 467735, 1, 0, 0
102001, 530342, 1, 0, 0
103000, 564485, 1, 0, 0
104002, 567287, 1, 0, 0
105000, 579319, 1, 0, 0
106000, 503099, 1, 0, 0
107000, 463102, 1, 0, 0
108000, 463092, 1, 0, 0
109000, 493407, 1, 0, 0
110000, 462771, 1, 0, 0
111000, 464925, 1, 0, 0
112000, 481222, 1, 0, 0
113000, 461945, 1, 0, 0
114000, 464344, 1, 0, 0
115000, 643438, 1, 0, 0
116000, 693839, 1, 0, 0
117000, 967619, 1, 0, 0
118000, 970735, 1, 0, 0
119000, 769296, 1, 0, 0
120006, 821226, 1, 0, 0
121006, 964626, 1, 0, 0
122000, 1010568, 1, 0, 0
123000, 755558, 1, 0, 0
124000, 638879, 1, 0, 0
125000, 914798, 1, 0, 0
126001, 926088, 1, 0, 0
127000, 932902, 1, 0, 0
128003, 889345, 1, 0, 0
129004, 964104, 1, 0, 0
130008, 952555, 1, 0, 0
131000, 988707, 1, 0, 0
132006, 978867, 1, 0, 0
133000, 979894, 1, 0, 0
134007, 1180450, 1, 0, 0
135004, 1806066, 1, 0, 0
136001, 1777289, 1, 0, 0
137000, 1763125, 1, 0, 0
138000, 1856923, 1, 0, 0
139000, 1269950, 1, 0, 0
140000, 937841, 1, 0, 0
141000, 790995, 1, 0, 0
142000, 464085, 1, 0, 0
143000, 476923, 1, 0, 0
144000, 464111, 1, 0, 0
145000, 464079, 1, 0, 0
146000, 496117, 1, 0, 0
147000, 469805, 1, 0, 0
148000, 466197, 1, 0, 0
149000, 479814, 1, 0, 0
150000, 464504, 1, 0, 0
151000, 478448, 1, 0, 0
152000, 563194, 1, 0, 0
153000, 640527, 1, 0, 0
154000, 628488, 1, 0, 0
155000, 724105, 1, 0, 0
156002, 838533, 1, 0, 0
157000, 771056, 1, 0, 0
158001, 902202, 1, 0, 0
159005, 942144, 1, 0, 0
160000, 837340, 1, 0, 0
161000, 774210, 1, 0, 0
162000, 915801, 1, 0, 0
163000, 907218, 1, 0, 0
164000, 922506, 1, 0, 0
165001, 948791, 1, 0, 0
166008, 1109864, 1, 0, 0
167000, 1600778, 1, 0, 0
168000, 1629686, 1, 0, 0
169000, 633431, 1, 0, 0
170000, 639477, 1, 0, 0
171000, 616619, 1, 0, 0
172000, 768846, 1, 0, 0
173003, 1095317, 1, 0, 0
174005, 1056501, 1, 0, 0
175000, 1063020, 1, 0, 0
176000, 1031347, 1, 0, 0
177000, 942872, 1, 0, 0
178004, 1001918, 1, 0, 0
179000, 1488553, 1, 0, 0
180000, 1324276, 1, 0, 0
181000, 1360654, 1, 0, 0
182000, 1407941, 1, 0, 0
183000, 1490433, 1, 0, 0
184003, 1693753, 1, 0, 0
185000, 1750627, 1, 0, 0
186000, 1538851, 1, 0, 0
187000, 1556785, 1, 0, 0
188010, 1778560, 1, 0, 0
189005, 1557070, 1, 0, 0
190005, 1535150, 1, 0, 0
191000, 1534065, 1, 0, 0
192003, 1485198, 1, 0, 0
193000, 1538988, 1, 0, 0
194003, 1519430, 1, 0, 0
195000, 1636845, 1, 0, 0
196011, 1671103, 1, 0, 0
197005, 1661392, 1, 0, 0
198005, 1849490, 1, 0, 0
199000, 1741395, 1, 0, 0
200000, 1758627, 1, 0, 0
201001, 1586933, 1, 0, 0
202009, 1378996, 1, 0, 0
203000, 1397441, 1, 0, 0
204009, 1348408, 1, 0, 0
205004, 1400577, 1, 0, 0
206003, 1389643, 1, 0, 0
207000, 1531648, 1, 0, 0
208000, 1245782, 1, 0, 0
209004, 1167149, 1, 0, 0
210010, 1240390, 1, 0, 0
211008, 1355408, 1, 0, 0
212006, 1304904, 1, 0, 0
213000, 1321153, 1, 0, 0
214000, 1334612, 1, 0, 0
215000, 1005488, 1, 0, 0
216002, 940077, 1, 0, 0
217000, 1023701, 1, 0, 0
218004, 1065531, 1, 0, 0
219006, 938521, 1, 0, 0
220001, 928892, 1, 0, 0
221000, 1089449, 1, 0, 0
222000, 1018907, 1, 0, 0
223001, 909678, 1, 0, 0
224006, 768821, 1, 0, 0
225000, 775257, 1, 0, 0
226000, 802842, 1, 0, 0
227000, 833556, 1, 0, 0
228000, 614958, 1, 0, 0
229000, 692760, 1, 0, 0
230004, 724576, 1, 0, 0
231000, 809688, 1, 0, 0
232000, 677781, 1, 0, 0
233000, 660489, 1, 0, 0
234002, 652374, 1, 0, 0
235000, 731284, 1, 0, 0
236000, 712144, 1, 0, 0
237002, 706982, 1, 0, 0
238000, 668104, 1, 0, 0
239006, 826928, 1, 0, 0
240000, 1107065, 1, 0, 0
241000, 990772, 1, 0, 0
242001, 1623946, 1, 0, 0
243000, 1739913, 1, 0, 0
244003, 1487212, 1, 0, 0
245008, 1431301, 1, 0, 0
246004, 1346139, 1, 0, 0
247000, 1215467, 1, 0, 0
248009, 1463521, 1, 0, 0
249005, 1327337, 1, 0, 0
250000, 1282884, 1, 0, 0
251004, 1213792, 1, 0, 0
252000, 1217385, 1, 0, 0
253008, 1227669, 1, 0, 0
254000, 1371359, 1, 0, 0
255000, 1497889, 1, 0, 0
256008, 1536949, 1, 0, 0
257000, 1845708, 1, 0, 0
258000, 1828562, 1, 0, 0
259007, 1780476, 1, 0, 0
260000, 1753799, 1, 0, 0
261000, 1744237, 1, 0, 0
262004, 1473817, 1, 0, 0
263005, 1512499, 1, 0, 0
264000, 1532049, 1, 0, 0
265000, 1494298, 1, 0, 0
266002, 1479431, 1, 0, 0
267005, 1545304, 1, 0, 0
268000, 1333755, 1, 0, 0
269008, 1366167, 1, 0, 0
270000, 1399702, 1, 0, 0
271000, 1366328, 1, 0, 0
272006, 1419308, 1, 0, 0
273009, 1416490, 1, 0, 0
274000, 1375595, 1, 0, 0
275006, 1718617, 1, 0, 0
276000, 1926521, 1, 0, 0
277000, 1359654, 1, 0, 0
278000, 1152476, 1, 0, 0
279000, 1145950, 1, 0, 0
280000, 1096002, 1, 0, 0
281008, 1111342, 1, 0, 0
282000, 1134292, 1, 0, 0
283000, 1222394, 1, 0, 0
284004, 1637422, 1, 0, 0
285000, 1607534, 1, 0, 0
286000, 1490788, 1, 0, 0
287000, 1547629, 1, 0, 0
288004, 1215761, 1, 0, 0
289000, 1089110, 1, 0, 0
290000, 1184686, 1, 0, 0
291000, 1285469, 1, 0, 0
292010, 1317208, 1, 0, 0
293000, 1318524, 1, 0, 0
294000, 1298585, 1, 0, 0
295011, 1759383, 1, 0, 0
296000, 1847244, 1, 0, 0
297009, 1484438, 1, 0, 0
298000, 1364638, 1, 0, 0
299010, 1409627, 1, 0, 0
300000, 1472334, 1, 0, 0
301006, 1503752, 1, 0, 0
302006, 1407119, 1, 0, 0
303000, 1402430, 1, 0, 0
304002, 1757262, 1, 0, 0
305001, 1851276, 1, 0, 0
306010, 1819163, 1, 0, 0
307006, 1763694, 1, 0, 0
308000, 1812179, 1, 0, 0
309000, 1760108, 1, 0, 0
310005, 1641077, 1, 0, 0
311003, 2038095, 1, 0, 0
312008, 1774343, 1, 0, 0
313004, 1704476, 1, 0, 0
314000, 1815728, 1, 0, 0
315005, 1628029, 1, 0, 0
316010, 1510254, 1, 0, 0
317000, 1590802, 1, 0, 0
318000, 1553127, 1, 0, 0
319010, 1484345, 1, 0, 0
320000, 1430794, 1, 0, 0
321010, 1491094, 1, 0, 0
322003, 1369584, 1, 0, 0
323005, 1447279, 1, 0, 0
324000, 1399922, 1, 0, 0
325006, 1367738, 1, 0, 0
326000, 1352111, 1, 0, 0
327000, 1211437, 1, 0, 0
328007, 1218918, 1, 0, 0
329008, 1700366, 1, 0, 0
330007, 1547409, 1, 0, 0
331011, 1395552, 1, 0, 0
332011, 1485486, 1, 0, 0
333011, 1626809, 1, 0, 0
334011, 1692287, 1, 0, 0
335000, 1751908, 1, 0, 0
336009, 1680563, 1, 0, 0
337008, 1649616, 1, 0, 0
338008, 1954132, 1, 0, 0
339005, 1889752, 1, 0, 0
340002, 1244449, 1, 0, 0
341005, 993938, 1, 0, 0
342007, 991130, 1, 0, 0
343000, 937398, 1, 0, 0
344000, 1457360, 1, 0, 0
345004, 1896440, 1, 0, 0
346011, 1844717, 1, 0, 0
347001, 1267645, 1, 0, 0
348000, 810859, 1, 0, 0
349000, 629729, 1, 0, 0
350000, 605078, 1, 0, 0
351002, 617369, 1, 0, 0
352000, 791785, 1, 0, 0
353000, 781484, 1, 0, 0
354003, 1011752, 1, 0, 0
355000, 1134726, 1, 0, 0
356001, 1024891, 1, 0, 0
357001, 1186380, 1, 0, 0
358000, 1255569, 1, 0, 0
359005, 1086175, 1, 0, 0
360010, 1278645, 1, 0, 0
360010, 11667206, 1, 0, 0
