1000, 112141, 0, 0, 0
2000, 100199, 0, 0, 0
3000, 98881, 0, 0, 0
4000, 101669, 0, 0, 0
5000, 97915, 0, 0, 0
6000, 98871, 0, 0, 0
7000, 96454, 0, 0, 0
8000, 95846, 0, 0, 0
9000, 97677, 0, 0, 0
10000, 97370, 0, 0, 0
11000, 99791, 0, 0, 0
12000, 109806, 0, 0, 0
13000, 100203, 0, 0, 0
14000, 101992, 0, 0, 0
15000, 102158, 0, 0, 0
16000, 100402, 0, 0, 0
17000, 99240, 0, 0, 0
18000, 96655, 0, 0, 0
19000, 96297, 0, 0, 0
20001, 96840, 0, 0, 0
21000, 98607, 0, 0, 0
22000, 108417, 0, 0, 0
23000, 104175, 0, 0, 0
24000, 99320, 0, 0, 0
25000, 100294, 0, 0, 0
26001, 99700, 0, 0, 0
27000, 101186, 0, 0, 0
28001, 98128, 0, 0, 0
29000, 96169, 0, 0, 0
30000, 96699, 0, 0, 0
31000, 99244, 0, 0, 0
32000, 98027, 0, 0, 0
33000, 110453, 0, 0, 0
34000, 99878, 0, 0, 0
35000, 98628, 0, 0, 0
36001, 100104, 0, 0, 0
37000, 101120, 0, 0, 0
38000, 99038, 0, 0, 0
39000, 95476, 0, 0, 0
40000, 97316, 0, 0, 0
41000, 98917, 0, 0, 0
42000, 98678, 0, 0, 0
43000, 100083, 0, 0, 0
44000, 108496, 0, 0, 0
45000, 100998, 0, 0, 0
46000, 100912, 0, 0, 0
47000, 100812, 0, 0, 0
48000, 99686, 0, 0, 0
49000, 98641, 0, 0, 0
50000, 96658, 0, 0, 0
51000, 97827, 0, 0, 0
52000, 97613, 0, 0, 0
53000, 96812, 0, 0, 0
54000, 110804, 0, 0, 0
55000, 99901, 0, 0, 0
56000, 100151, 0, 0, 0
57000, 99689, 0, 0, 0
58000, 98967, 0, 0, 0
59000, 99284, 0, 0, 0
60000, 95662, 0, 0, 0
61000, 95214, 0, 0, 0
62000, 96261, 0, 0, 0
63000, 97788, 0, 0, 0
64000, 99977, 0, 0, 0
65001, 108418, 0, 0, 0
66000, 99400, 0, 0, 0
67000, 101041, 0, 0, 0
68000, 101560, 0, 0, 0
69000, 99271, 0, 0, 0
70000, 97648, 0, 0, 0
71000, 95763, 0, 0, 0
72000, 97369, 0, 0, 0
73000, 97359, 0, 0, 0
74000, 97929, 0, 0, 0
75000, 111248, 0, 0, 0
76000, 99943, 0, 0, 0
77000, 98787, 0, 0, 0
78000, 99446, 0, 0, 0
79000, 99095, 0, 0, 0
80000, 99075, 0, 0, 0
81000, 97114, 0, 0, 0
82000, 96912, 0, 0, 0
83000, 97151, 0, 0, 0
84000, 97807, 0, 0, 0
85000, 98275, 0, 0, 0
86000, 110103, 0, 0, 0
87000, 102251, 0, 0, 0
88000, 99403, 0, 0, 0
89000, 99144, 0, 0, 0
90000, 98863, 0, 0, 0
91000, 100650, 0, 0, 0
92000, 96646, 0, 0, 0
93000, 97031, 0, 0, 0
94000, 97794, 0, 0, 0
95000, 97737, 0, 0, 0
96000, 100306, 0, 0, 0
97000, 111058, 0, 0, 0
98000, 98997, 0, 0, 0
99000, 101901, 0, 0, 0
100000, 99542, 0, 0, 0
101000, 100134, 0, 0, 0
102000, 98765, 0, 0, 0
103000, 96063, 0, 0, 0
104000, 97434, 0, 0, 0
105000, 97902, 0, 0, 0
106001, 98008, 0, 0, 0
107000, 111414, 0, 0, 0
108000, 100490, 0, 0, 0
109000, 100490, 0, 0, 0
110000, 102292, 0, 0, 0
111000, 99119, 0, 0, 0
112000, 101034, 0, 0, 0
113000, 95754, 0, 0, 0
114000, 96647, 0, 0, 0
115000, 96459, 0, 0, 0
116001, 97168, 0, 0, 0
117000, 98740, 0, 0, 0
118000, 110418, 0, 0, 0
119000, 98815, 0, 0, 0
120000, 100594, 0, 0, 0
121001, 100818, 0, 0, 0
122000, 100279, 0, 0, 0
123000, 99564, 0, 0, 0
124000, 95240, 0, 0, 0
125000, 96910, 0, 0, 0
126000, 96570, 0, 0, 0
127000, 97347, 0, 0, 0
128000, 111260, 0, 0, 0
129000, 101263, 0, 0, 0
130000, 99504, 0, 0, 0
131000, 99288, 0, 0, 0
132000, 101065, 0, 0, 0
133000, 100425, 0, 0, 0
134000, 97774, 0, 0, 0
135001, 96350, 0, 0, 0
136000, 97539, 0, 0, 0
137000, 96599, 0, 0, 0
138000, 97002, 0, 0, 0
139000, 110903, 0, 0, 0
140000, 98951, 0, 0, 0
141000, 98561, 0, 0, 0
142000, 100208, 0, 0, 0
143001, 99061, 0, 0, 0
144000, 98937, 0, 0, 0
145000, 95064, 0, 0, 0
146000, 97682, 0, 0, 0
147000, 95469, 0, 0, 0
148000, 96978, 0, 0, 0
149000, 100420, 0, 0, 0
150000, 110263, 0, 0, 0
151000, 98920, 0, 0, 0
152000, 99894, 0, 0, 0
153000, 100377, 0, 0, 0
154000, 99443, 0, 0, 0
155000, 97855, 0, 0, 0
156000, 95784, 0, 0, 0
157000, 97875, 0, 0, 0
158000, 96992, 0, 0, 0
159000, 97067, 0, 0, 0
160000, 111675, 0, 0, 0
161000, 101661, 0, 0, 0
162000, 98085, 0, 0, 0
163000, 100748, 0, 0, 0
164000, 99809, 0, 0, 0
165000, 99322, 0, 0, 0
166001, 96382, 0, 0, 0
167000, 98290, 0, 0, 0
168000, 97368, 0, 0, 0
169000, 97902, 0, 0, 0
170000, 99282, 0, 0, 0
171000, 108910, 0, 0, 0
172001, 99120, 0, 0, 0
173000, 98801, 0, 0, 0
174000, 101264, 0, 0, 0
175000, 98527, 0, 0, 0
176000, 98257, 0, 0, 0
177000, 95584, 0, 0, 0
178000, 96335, 0, 0, 0
179000, 97754, 0, 0, 0
180000, 95364, 0, 0, 0
181001, 108138, 0, 0, 0
182000, 101774, 0, 0, 0
183000, 98378, 0, 0, 0
184000, 99238, 0, 0, 0
185000, 97585, 0, 0, 0
186000, 99777, 0, 0, 0
187000, 96095, 0, 0, 0
188000, 95809, 0, 0, 0
189000, 97646, 0, 0, 0
190000, 98608, 0, 0, 0
191000, 98383, 0, 0, 0
192000, 111250, 0, 0, 0
193000, 96929, 0, 0, 0
194000, 98823, 0, 0, 0
195000, 98443, 0, 0, 0
196000, 101312, 0, 0, 0
197000, 98114, 0, 0, 0
198000, 93875, 0, 0, 0
199000, 95767, 0, 0, 0
200000, 95293, 0, 0, 0
201000, 97373, 0, 0, 0
202019, 104698, 0, 0, 0
203000, 105797, 0, 0, 0
204000, 100380, 0, 0, 0
205000, 100693, 0, 0, 0
206000, 98828, 0, 0, 0
207001, 101458, 0, 0, 0
208000, 96080, 0, 0, 0
209001, 95575, 0, 0, 0
210000, 96020, 0, 0, 0
211000, 96127, 0, 0, 0
212000, 95846, 0, 0, 0
213000, 109437, 0, 0, 0
214000, 99868, 0, 0, 0
215000, 99192, 0, 0, 0
216000, 99776, 0, 0, 0
217000, 97417, 0, 0, 0
218000, 100069, 0, 0, 0
219000, 96440, 0, 0, 0
220001, 96808, 0, 0, 0
221000, 97158, 0, 0, 0
222000, 97139, 0, 0, 0
223000, 97809, 0, 0, 0
224000, 111689, 0, 0, 0
225000, 98634, 0, 0, 0
226000, 101091, 0, 0, 0
227000, 99390, 0, 0, 0
228000, 98588, 0, 0, 0
229000, 97679, 0, 0, 0
230000, 94210, 0, 0, 0
231001, 94556, 0, 0, 0
232000, 95537, 0, 0, 0
233000, 95893, 0, 0, 0
234000, 109841, 0, 0, 0
235000, 99929, 0, 0, 0
236000, 97762, 0, 0, 0
237000, 100960, 0, 0, 0
238000, 98252, 0, 0, 0
239000, 98854, 0, 0, 0
240000, 95991, 0, 0, 0
241000, 94685, 0, 0, 0
242000, 95787, 0, 0, 0
243000, 97414, 0, 0, 0
244000, 97105, 0, 0, 0
245000, 108494, 0, 0, 0
246000, 97835, 0, 0, 0
247000, 99077, 0, 0, 0
248000, 99044, 0, 0, 0
249000, 98432, 0, 0, 0
250000, 96331, 0, 0, 0
251000, 95538, 0, 0, 0
252000, 97607, 0, 0, 0
253000, 95189, 0, 0, 0
254000, 96011, 0, 0, 0
255000, 105810, 0, 0, 0
256000, 103219, 0, 0, 0
257000, 97582, 0, 0, 0
258001, 99895, 0, 0, 0
259000, 99133, 0, 0, 0
260000, 98034, 0, 0, 0
261000, 94463, 0, 0, 0
262000, 94568, 0, 0, 0
263000, 96509, 0, 0, 0
264000, 95894, 0, 0, 0
265000, 96182, 0, 0, 0
266000, 108988, 0, 0, 0
267000, 98407, 0, 0, 0
268000, 99108, 0, 0, 0
269000, 100214, 0, 0, 0
270000, 99530, 0, 0, 0
271000, 99390, 0, 0, 0
272000, 94968, 0, 0, 0
273001, 97639, 0, 0, 0
274000, 96356, 0, 0, 0
275000, 97796, 0, 0, 0
276000, 98891, 0, 0, 0
277000, 110054, 0, 0, 0
278000, 97847, 0, 0, 0
279000, 99216, 0, 0, 0
280000, 97610, 0, 0, 0
281000, 99251, 0, 0, 0
282000, 96437, 0, 0, 0
283000, 95310, 0, 0, 0
284000, 96246, 0, 0, 0
285000, 95879, 0, 0, 0
286000, 96030, 0, 0, 0
287000, 110947, 0, 0, 0
288000, 98363, 0, 0, 0
289000, 100362, 0, 0, 0
290000, 100852, 0, 0, 0
291000, 97828, 0, 0, 0
292000, 97743, 0, 0, 0
293000, 94597, 0, 0, 0
294000, 95089, 0, 0, 0
295000, 95985, 0, 0, 0
296000, 95523, 0, 0, 0
297000, 98619, 0, 0, 0
298000, 112041, 0, 0, 0
299000, 100168, 0, 0, 0
300000, 100095, 0, 0, 0
301000, 100045, 0, 0, 0
302000, 98983, 0, 0, 0
303000, 95662, 0, 0, 0
304001, 92912, 0, 0, 0
305000, 96991, 0, 0, 0
306000, 96407, 0, 0, 0
307000, 95264, 0, 0, 0
308000, 108868, 0, 0, 0
309000, 100817, 0, 0, 0
310000, 97405, 0, 0, 0
311000, 99713, 0, 0, 0
312000, 96584, 0, 0, 0
313000, 100486, 0, 0, 0
314000, 95974, 0, 0, 0
315000, 94603, 0, 0, 0
316000, 95841, 0, 0, 0
317000, 95814, 0, 0, 0
318000, 97988, 0, 0, 0
319000, 111909, 0, 0, 0
320000, 99836, 0, 0, 0
321000, 99166, 0, 0, 0
322000, 99228, 0, 0, 0
323000, 97423, 0, 0, 0
324000, 98183, 0, 0, 0
325000, 94144, 0, 0, 0
326000, 97507, 0, 0, 0
327000, 97784, 0, 0, 0
328000, 96056, 0, 0, 0
329000, 104506, 0, 0, 0
330000, 102931, 0, 0, 0
331000, 96917, 0, 0, 0
332000, 99957, 0, 0, 0
333000, 99356, 0, 0, 0
334000, 98610, 0, 0, 0
335000, 95993, 0, 0, 0
336000, 92679, 0, 0, 0
337000, 97369, 0, 0, 0
338000, 95200, 0, 0, 0
339000, 94723, 0, 0, 0
340000, 112586, 0, 0, 0
341000, 99772, 0, 0, 0
342000, 99563, 0, 0, 0
343000, 100652, 0, 0, 0
344000, 99461, 0, 0, 0
345000, 99534, 0, 0, 0
346000, 95035, 0, 0, 0
347000, 95761, 0, 0, 0
348000, 97040, 0, 0, 0
349000, 96550, 0, 0, 0
350000, 99234, 0, 0, 0
351000, 109234, 0, 0, 0
352000, 98188, 0, 0, 0
353000, 98983, 0, 0, 0
354000, 99786, 0, 0, 0
355000, 99357, 0, 0, 0
356000, 98476, 0, 0, 0
357000, 95609, 0, 0, 0
358000, 98156, 0, 0, 0
359000, 95820, 0, 0, 0
360000, 94265, 0, 0, 0
