1000, 98008, 0, 0, 0
2000, 108774, 0, 0, 0
3000, 103230, 0, 0, 0
4000, 100455, 0, 0, 0
5000, 103369, 0, 0, 0
6000, 102342, 0, 0, 0
7000, 100485, 0, 0, 0
8000, 98797, 0, 0, 0
9000, 97956, 0, 0, 0
10000, 99746, 0, 0, 0
11000, 98368, 0, 0, 0
12000, 98274, 0, 0, 0
13000, 271131, 0, 0, 0
14002, 465699, 0, 0, 0
15000, 457431, 0, 0, 0
16000, 496612, 0, 0, 0
17000, 460685, 0, 0, 0
18000, 381587, 0, 0, 0
19000, 315363, 0, 0, 0
20000, 198145, 0, 0, 0
21000, 204207, 0, 0, 0
22000, 183985, 0, 0, 0
23000, 184943, 0, 0, 0
24000, 278976, 0, 0, 0
25000, 191267, 0, 0, 0
26000, 158961, 0, 0, 0
27000, 192630, 0, 0, 0
28000, 179372, 0, 0, 0
29000, 177043, 0, 0, 0
30000, 178157, 0, 0, 0
31000, 175355, 0, 0, 0
32001, 177902, 0, 0, 0
33000, 169666, 0, 0, 0
34000, 182444, 0, 0, 0
35000, 297194, 0, 0, 0
36001, 226955, 0, 0, 0
37001, 230077, 0, 0, 0
38000, 238403, 0, 0, 0
39000, 256435, 0, 0, 0
40000, 281060, 0, 0, 0
41000, 294669, 0, 0, 0
42000, 194507, 0, 0, 0
43000, 172723, 0, 0, 0
44000, 97926, 0, 0, 0
45000, 107783, 0, 0, 0
46000, 103147, 0, 0, 0
47001, 100239, 0, 0, 0
48000, 102840, 0, 0, 0
49000, 99597, 0, 0, 0
50000, 100346, 0, 0, 0
51000, 98318, 0, 0, 0
52000, 97774, 0, 0, 0
53000, 96820, 0, 0, 0
54000, 98010, 0, 0, 0
55000, 99067, 0, 0, 0
56000, 167073, 0, 0, 0
57000, 215007, 0, 0, 0
58000, 210003, 0, 0, 0
59000, 216509, 0, 0, 0
60000, 172414, 0, 0, 0
61000, 144649, 0, 0, 0
62000, 140529, 0, 0, 0
63001, 151072, 0, 0, 0
64000, 168755, 0, 0, 0
65000, 159852, 0, 0, 0
66000, 170038, 0, 0, 0
67000, 187526, 0, 0, 0
68000, 159047, 0, 0, 0
69000, 163311, 0, 0, 0
70000, 174265, 0, 0, 0
71000, 169571, 0, 0, 0
72000, 209306, 0, 0, 0
73000, 280962, 0, 0, 0
74000, 288096, 0, 0, 0
75000, 413176, 0, 0, 0
76000, 461836, 0, 0, 0
77001, 426915, 0, 0, 0
78000, 107614, 0, 0, 0
79000, 99742, 0, 0, 0
80001, 100687, 0, 0, 0
81000, 101450, 0, 0, 0
82000, 100182, 0, 0, 0
83000, 97130, 0, 0, 0
84000, 97455, 0, 0, 0
85000, 97669, 0, 0, 0
86000, 97444, 0, 0, 0
87000, 95569, 0, 0, 0
88000, 119450, 0, 0, 0
89000, 152964, 0, 0, 0
90000, 140955, 0, 0, 0
91000, 140902, 0, 0, 0
92000, 129041, 0, 0, 0
93000, 126878, 0, 0, 0
94000, 120300, 0, 0, 0
95001, 118708, 0, 0, 0
96000, 121948, 0, 0, 0
97000, 123131, 0, 0, 0
98000, 120778, 0, 0, 0
99000, 140194, 0, 0, 0
100000, 134442, 0, 0, 0
101000, 133405, 0, 0, 0
102000, 130992, 0, 0, 0
103000, 131131, 0, 0, 0
104001, 134174, 0, 0, 0
105000, 126181, 0, 0, 0
106001, 131937, 0, 0, 0
107000, 128211, 0, 0, 0
108000, 131632, 0, 0, 0
109000, 133220, 0, 0, 0
110000, 152455, 0, 0, 0
111000, 145767, 0, 0, 0
112000, 142013, 0, 0, 0
113001, 146050, 0, 0, 0
114000, 141703, 0, 0, 0
115000, 130410, 0, 0, 0
116000, 122641, 0, 0, 0
117000, 122797, 0, 0, 0
118000, 122433, 0, 0, 0
119000, 123968, 0, 0, 0
120000, 147928, 0, 0, 0
121001, 160285, 0, 0, 0
122000, 150286, 0, 0, 0
123000, 154632, 0, 0, 0
124001, 154747, 0, 0, 0
125000, 151104, 0, 0, 0
126001, 144080, 0, 0, 0
127000, 144205, 0, 0, 0
128000, 147876, 0, 0, 0
129000, 158250, 0, 0, 0
130000, 186310, 0, 0, 0
131000, 241634, 0, 0, 0
132000, 192343, 0, 0, 0
133000, 203577, 0, 0, 0
134000, 255664, 0, 0, 0
135000, 243599, 0, 0, 0
136001, 231113, 0, 0, 0
137001, 214131, 0, 0, 0
138000, 254545, 0, 0, 0
139000, 463922, 0, 0, 0
140000, 483050, 0, 0, 0
141000, 423773, 0, 0, 0
142000, 330539, 0, 0, 0
143000, 207716, 0, 0, 0
144000, 196135, 0, 0, 0
145000, 207285, 0, 0, 0
146000, 199253, 0, 0, 0
147001, 172573, 0, 0, 0
148000, 167746, 0, 0, 0
149000, 167388, 0, 0, 0
150000, 171876, 0, 0, 0
151000, 172956, 0, 0, 0
152000, 155726, 0, 0, 0
153000, 165409, 0, 0, 0
154000, 143230, 0, 0, 0
155001, 140572, 0, 0, 0
156000, 141465, 0, 0, 0
157000, 143502, 0, 0, 0
158000, 143244, 0, 0, 0
159000, 137419, 0, 0, 0
160000, 152675, 0, 0, 0
161000, 148858, 0, 0, 0
162000, 142866, 0, 0, 0
163001, 202006, 0, 0, 0
164001, 474160, 0, 0, 0
165000, 488362, 0, 0, 0
166000, 485274, 0, 0, 0
167000, 491160, 0, 0, 0
168000, 209777, 0, 0, 0
169000, 196856, 0, 0, 0
170000, 186905, 0, 0, 0
171000, 183890, 0, 0, 0
172000, 177957, 0, 0, 0
173001, 181635, 0, 0, 0
174000, 137118, 0, 0, 0
175000, 100468, 0, 0, 0
176000, 99328, 0, 0, 0
177000, 100888, 0, 0, 0
178000, 98814, 0, 0, 0
179000, 101090, 0, 0, 0
180000, 98240, 0, 0, 0
181000, 97735, 0, 0, 0
182001, 97623, 0, 0, 0
183000, 99331, 0, 0, 0
184000, 98988, 0, 0, 0
185000, 191887, 0, 0, 0
186000, 248008, 0, 0, 0
187000, 238716, 0, 0, 0
188000, 172398, 0, 0, 0
189000, 166076, 0, 0, 0
190000, 168291, 0, 0, 0
191000, 147739, 0, 0, 0
192000, 141777, 0, 0, 0
193001, 145227, 0, 0, 0
194000, 145974, 0, 0, 0
195027, 161274, 0, 0, 0
196000, 168185, 0, 0, 0
197000, 169295, 0, 0, 0
198000, 161167, 0, 0, 0
199000, 179002, 0, 0, 0
200000, 174298, 0, 0, 0
201000, 179608, 0, 0, 0
202000, 191825, 0, 0, 0
203000, 285321, 0, 0, 0
204000, 274450, 0, 0, 0
205000, 241640, 0, 0, 0
206000, 367487, 0, 0, 0
207001, 454456, 0, 0, 0
208002, 475347, 0, 0, 0
209000, 511124, 0, 0, 0
210000, 357162, 0, 0, 0
211000, 206681, 0, 0, 0
212001, 187769, 0, 0, 0
213000, 182917, 0, 0, 0
214000, 177547, 0, 0, 0
215001, 167105, 0, 0, 0
216000, 166680, 0, 0, 0
217000, 213445, 0, 0, 0
218000, 211871, 0, 0, 0
219000, 224083, 0, 0, 0
220000, 195291, 0, 0, 0
221000, 175009, 0, 0, 0
222000, 169661, 0, 0, 0
223000, 168964, 0, 0, 0
224001, 196334, 0, 0, 0
225000, 245628, 0, 0, 0
226000, 254724, 0, 0, 0
227000, 221643, 0, 0, 0
228000, 425743, 0, 0, 0
229000, 383672, 0, 0, 0
230001, 430948, 0, 0, 0
231001, 372103, 0, 0, 0
232000, 307394, 0, 0, 0
233000, 228322, 0, 0, 0
234000, 206196, 0, 0, 0
235000, 255437, 0, 0, 0
236000, 261110, 0, 0, 0
237000, 209960, 0, 0, 0
238000, 247122, 0, 0, 0
239001, 215276, 0, 0, 0
240000, 212023, 0, 0, 0
241000, 239983, 0, 0, 0
242001, 240035, 0, 0, 0
243000, 233421, 0, 0, 0
244000, 204733, 0, 0, 0
245000, 196610, 0, 0, 0
246000, 260058, 0, 0, 0
247000, 226843, 0, 0, 0
248000, 183088, 0, 0, 0
249000, 230896, 0, 0, 0
250001, 225141, 0, 0, 0
251001, 288163, 0, 0, 0
252000, 281677, 0, 0, 0
253000, 230112, 0, 0, 0
254000, 193419, 0, 0, 0
255001, 203091, 0, 0, 0
256000, 196952, 0, 0, 0
257000, 172855, 0, 0, 0
258000, 174617, 0, 0, 0
259000, 131881, 0, 0, 0
260000, 106519, 0, 0, 0
261000, 98838, 0, 0, 0
262000, 100306, 0, 0, 0
263000, 100057, 0, 0, 0
264000, 100135, 0, 0, 0
265000, 99101, 0, 0, 0
266000, 96992, 0, 0, 0
267000, 97560, 0, 0, 0
268000, 97726, 0, 0, 0
269000, 97535, 0, 0, 0
270001, 112434, 0, 0, 0
271000, 293752, 0, 0, 0
272000, 276433, 0, 0, 0
273001, 262983, 0, 0, 0
274000, 162666, 0, 0, 0
275000, 162034, 0, 0, 0
276000, 150012, 0, 0, 0
277000, 140530, 0, 0, 0
278000, 146880, 0, 0, 0
279000, 150822, 0, 0, 0
280000, 143323, 0, 0, 0
281000, 175557, 0, 0, 0
282000, 165790, 0, 0, 0
283000, 170776, 0, 0, 0
284000, 170638, 0, 0, 0
285000, 184491, 0, 0, 0
286000, 214536, 0, 0, 0
287001, 188517, 0, 0, 0
288000, 195031, 0, 0, 0
289000, 176896, 0, 0, 0
290000, 139128, 0, 0, 0
291000, 147352, 0, 0, 0
292000, 188950, 0, 0, 0
293000, 169408, 0, 0, 0
294000, 175442, 0, 0, 0
295000, 178469, 0, 0, 0
296001, 181013, 0, 0, 0
297000, 175553, 0, 0, 0
298001, 170864, 0, 0, 0
299000, 167029, 0, 0, 0
300000, 153816, 0, 0, 0
301000, 96762, 0, 0, 0
302001, 105828, 0, 0, 0
303000, 103381, 0, 0, 0
304000, 98850, 0, 0, 0
305000, 101419, 0, 0, 0
306000, 100245, 0, 0, 0
307000, 100899, 0, 0, 0
308000, 96720, 0, 0, 0
309000, 94537, 0, 0, 0
310000, 98692, 0, 0, 0
311000, 96666, 0, 0, 0
312000, 96750, 0, 0, 0
313000, 109383, 0, 0, 0
314000, 102779, 0, 0, 0
315000, 101297, 0, 0, 0
316000, 102280, 0, 0, 0
317000, 100989, 0, 0, 0
318000, 100002, 0, 0, 0
319000, 97256, 0, 0, 0
320000, 97204, 0, 0, 0
321000, 99012, 0, 0, 0
322000, 97799, 0, 0, 0
323000, 102857, 0, 0, 0
324000, 154181, 0, 0, 0
325001, 154321, 0, 0, 0
326000, 153746, 0, 0, 0
327000, 140580, 0, 0, 0
328000, 142725, 0, 0, 0
329000, 138170, 0, 0, 0
330001, 135146, 0, 0, 0
331000, 136843, 0, 0, 0
332000, 134461, 0, 0, 0
333000, 136285, 0, 0, 0
334000, 194321, 0, 0, 0
335001, 173118, 0, 0, 0
336000, 170509, 0, 0, 0
337000, 167138, 0, 0, 0
338000, 166395, 0, 0, 0
339000, 168460, 0, 0, 0
340000, 193768, 0, 0, 0
341001, 199610, 0, 0, 0
342000, 197208, 0, 0, 0
343000, 183611, 0, 0, 0
344000, 185919, 0, 0, 0
345000, 252035, 0, 0, 0
346001, 206050, 0, 0, 0
347001, 206093, 0, 0, 0
348000, 189743, 0, 0, 0
349000, 173381, 0, 0, 0
350000, 176874, 0, 0, 0
351000, 180851, 0, 0, 0
352000, 168703, 0, 0, 0
353000, 175809, 0, 0, 0
354000, 171425, 0, 0, 0
355000, 172497, 0, 0, 0
356001, 220131, 0, 0, 0
357000, 218665, 0, 0, 0
358000, 216564, 0, 0, 0
359000, 218782, 0, 0, 0
360000, 202894, 0, 0, 0
