1000, 1313406, 1, 0, 0
2009, 1256294, 1, 0, 0
3006, 1278489, 1, 0, 0
4005, 945005, 1, 0, 0
5001, 968523, 1, 0, 0
6000, 959804, 1, 0, 0
7000, 931514, 1, 0, 0
8009, 992239, 1, 0, 0
9000, 1356811, 1, 0, 0
10000, 1178882, 1, 0, 0
11001, 1019930, 1, 0, 0
12000, 1115501, 1, 0, 0
13002, 1088119, 1, 0, 0
14000, 1036650, 1, 0, 0
15002, 913165, 1, 0, 0
16000, 995765, 1, 0, 0
17000, 1204133, 1, 0, 0
18000, 1360815, 1, 0, 0
19000, 1139188, 1, 0, 0
20002, 815541, 1, 0, 0
21005, 855311, 1, 0, 0
22000, 866543, 1, 0, 0
23000, 793796, 1, 0, 0
24000, 787277, 1, 0, 0
25004, 803186, 1, 0, 0
26000, 755816, 1, 0, 0
27000, 797377, 1, 0, 0
28000, 910935, 1, 0, 0
29000, 931347, 1, 0, 0
30004, 885370, 1, 0, 0
31000, 906017, 1, 0, 0
32005, 1362253, 1, 0, 0
33020, 1507640, 1, 0, 0
34000, 1192024, 1, 0, 0
35000, 1220295, 1, 0, 0
36000, 1200132, 1, 0, 0
37000, 1189128, 1, 0, 0
38000, 1119573, 1, 0, 0
39002, 1073220, 1, 0, 0
40007, 1114151, 1, 0, 0
41007, 1812610, 1, 0, 0
42003, 1666835, 1, 0, 0
43007, 1030257, 1, 0, 0
44002, 1083466, 1, 0, 0
45000, 1119719, 1, 0, 0
46001, 1047851, 1, 0, 0
47005, 1118899, 1, 0, 0
48000, 1244282, 1, 0, 0
49004, 1374615, 1, 0, 0
50001, 1899221, 1, 0, 0
51000, 1780863, 1, 0, 0
52000, 1002523, 1, 0, 0
53006, 1019776, 1, 0, 0
54000, 964605, 1, 0, 0
55001, 935666, 1, 0, 0
56002, 1748226, 1, 0, 0
57003, 1645836, 1, 0, 0
58007, 1609835, 1, 0, 0
59005, 1677607, 1, 0, 0
60002, 1285704, 1, 0, 0
61000, 962108, 1, 0, 0
62000, 979774, 1, 0, 0
63000, 969747, 1, 0, 0
64000, 1324644, 1, 0, 0
65000, 1299120, 1, 0, 0
66004, 1586426, 1, 0, 0
67004, 1593686, 1, 0, 0
68021, 1765730, 1, 0, 0
69010, 2027526, 1, 0, 0
70001, 1905358, 1, 0, 0
71001, 1996814, 1, 0, 0
72005, 2014784, 1, 0, 0
73000, 1958306, 1, 0, 0
74000, 1747824, 1, 0, 0
75000, 909535, 1, 0, 0
76000, 716254, 1, 0, 0
77000, 709884, 1, 0, 0
78000, 747425, 1, 0, 0
79000, 794160, 1, 0, 0
80006, 775708, 1, 0, 0
81000, 1016891, 1, 0, 0
82002, 996134, 1, 0, 0
83000, 864715, 1, 0, 0
84000, 835916, 1, 0, 0
85003, 1538676, 1, 0, 0
86000, 1449457, 1, 0, 0
87004, 1269661, 1, 0, 0
88009, 1280776, 1, 0, 0
89005, 1281006, 1, 0, 0
90000, 1286359, 1, 0, 0
91004, 1299221, 1, 0, 0
92001, 1358148, 1, 0, 0
93007, 1452538, 1, 0, 0
94005, 1383093, 1, 0, 0
95000, 1417730, 1, 0, 0
96012, 1910657, 1, 0, 0
97004, 2017282, 1, 0, 0
98007, 1977754, 1, 0, 0
99000, 1969247, 1, 0, 0
100000, 1859964, 1, 0, 0
101004, 1693092, 1, 0, 0
102000, 695435, 1, 0, 0
103000, 479394, 1, 0, 0
104000, 478360, 1, 0, 0
105009, 535765, 1, 0, 0
106008, 1752315, 1, 0, 0
107006, 1723734, 1, 0, 0
108000, 1141943, 1, 0, 0
109006, 1050056, 1, 0, 0
110000, 1012717, 1, 0, 0
111000, 973737, 1, 0, 0
112000, 978277, 1, 0, 0
113000, 1061929, 1, 0, 0
114006, 1063762, 1, 0, 0
115031, 1185728, 1, 0, 0
116001, 1322986, 1, 0, 0
117000, 1243557, 1, 0, 0
118003, 1274993, 1, 0, 0
119002, 1044165, 1, 0, 0
120005, 1118910, 1, 0, 0
121000, 1156107, 1, 0, 0
122000, 1314751, 1, 0, 0
123000, 1156576, 1, 0, 0
124003, 735745, 1, 0, 0
125000, 869328, 1, 0, 0
126000, 1045585, 1, 0, 0
127004, 810134, 1, 0, 0
128000, 841256, 1, 0, 0
129002, 1159307, 1, 0, 0
130000, 1295968, 1, 0, 0
131001, 1251752, 1, 0, 0
132003, 1133190, 1, 0, 0
133000, 1217952, 1, 0, 0
134009, 1210676, 1, 0, 0
135000, 1254035, 1, 0, 0
136000, 1138318, 1, 0, 0
137025, 1111041, 1, 0, 0
138002, 1176448, 1, 0, 0
139000, 1150836, 1, 0, 0
140000, 1154407, 1, 0, 0
141000, 1002943, 1, 0, 0
142001, 1096066, 1, 0, 0
143004, 1084973, 1, 0, 0
144002, 1106615, 1, 0, 0
145000, 1084674, 1, 0, 0
146009, 1032991, 1, 0, 0
147004, 1375174, 1, 0, 0
148004, 1285284, 1, 0, 0
149000, 1126190, 1, 0, 0
150000, 1085312, 1, 0, 0
151006, 1156096, 1, 0, 0
152001, 1141971, 1, 0, 0
153008, 1163306, 1, 0, 0
154004, 1321807, 1, 0, 0
155000, 1177445, 1, 0, 0
156006, 1197676, 1, 0, 0
157000, 1172925, 1, 0, 0
158006, 1038697, 1, 0, 0
159000, 1077634, 1, 0, 0
160002, 1044954, 1, 0, 0
161008, 1133260, 1, 0, 0
162000, 1234989, 1, 0, 0
163000, 1319956, 1, 0, 0
164000, 1311301, 1, 0, 0
165003, 1300600, 1, 0, 0
166002, 1362814, 1, 0, 0
167000, 1439104, 1, 0, 0
168003, 1409432, 1, 0, 0
169005, 1655189, 1, 0, 0
170009, 1623158, 1, 0, 0
171000, 1486192, 1, 0, 0
172000, 1596396, 1, 0, 0
173003, 1460486, 1, 0, 0
174000, 1220750, 1, 0, 0
175000, 1250245, 1, 0, 0
176002, 1181010, 1, 0, 0
177009, 1154625, 1, 0, 0
178007, 1348158, 1, 0, 0
179000, 1204545, 1, 0, 0
180004, 1260452, 1, 0, 0
181004, 1359236, 1, 0, 0
182006, 1338287, 1, 0, 0
183000, 1309228, 1, 0, 0
184006, 1357011, 1, 0, 0
185003, 1362815, 1, 0, 0
186000, 1447568, 1, 0, 0
187000, 922454, 1, 0, 0
188000, 1057976, 1, 0, 0
189001, 1018705, 1, 0, 0
190000, 1028603, 1, 0, 0
191004, 1050739, 1, 0, 0
192000, 1051550, 1, 0, 0
193006, 1743439, 1, 0, 0
194000, 1740752, 1, 0, 0
195000, 1626025, 1, 0, 0
196007, 1690354, 1, 0, 0
197011, 1688679, 1, 0, 0
198001, 1637715, 1, 0, 0
199000, 1634943, 1, 0, 0
200000, 1298155, 1, 0, 0
201001, 1230845, 1, 0, 0
202008, 1556698, 1, 0, 0
203000, 1458120, 1, 0, 0
204007, 1361149, 1, 0, 0
205010, 1438735, 1, 0, 0
206000, 1574997, 1, 0, 0
207009, 1842582, 1, 0, 0
208007, 1891244, 1, 0, 0
209009, 1055534, 1, 0, 0
210000, 1023897, 1, 0, 0
211000, 1167854, 1, 0, 0
212004, 1031484, 1, 0, 0
213000, 968355, 1, 0, 0
214004, 952496, 1, 0, 0
215000, 1399119, 1, 0, 0
216000, 1347750, 1, 0, 0
217004, 1335209, 1, 0, 0
218005, 1724718, 1, 0, 0
219010, 1739833, 1, 0, 0
220001, 1922340, 1, 0, 0
221005, 1921229, 1, 0, 0
222009, 1914506, 1, 0, 0
223009, 1944117, 1, 0, 0
224000, 1311747, 1, 0, 0
225009, 1175593, 1, 0, 0
226003, 1099672, 1, 0, 0
227000, 1177692, 1, 0, 0
228000, 1545491, 1, 0, 0
229001, 1490272, 1, 0, 0
230000, 1750593, 1, 0, 0
231007, 1638336, 1, 0, 0
232002, 1708612, 1, 0, 0
233000, 1714435, 1, 0, 0
234000, 1783912, 1, 0, 0
235000, 1919229, 1, 0, 0
236000, 1865019, 1, 0, 0
237001, 1875335, 1, 0, 0
238000, 2252755, 1, 0, 0
239004, 1959400, 1, 0, 0
240000, 1926981, 1, 0, 0
241000, 1608288, 1, 0, 0
242005, 1114067, 1, 0, 0
243000, 1054494, 1, 0, 0
244000, 753358, 1, 0, 0
245005, 734900, 1, 0, 0
246000, 953411, 1, 0, 0
247002, 1087685, 1, 0, 0
248000, 1463022, 1, 0, 0
249003, 1465903, 1, 0, 0
250002, 1437205, 1, 0, 0
251008, 1573035, 1, 0, 0
252000, 1667704, 1, 0, 0
253000, 1640828, 1, 0, 0
254000, 496491, 1, 0, 0
255000, 475866, 1, 0, 0
256000, 475379, 1, 0, 0
257006, 988319, 1, 0, 0
258002, 1156283, 1, 0, 0
259000, 1112850, 1, 0, 0
260001, 1114719, 1, 0, 0
261004, 939626, 1, 0, 0
262000, 787992, 1, 0, 0
263001, 958792, 1, 0, 0
264000, 906721, 1, 0, 0
265000, 911310, 1, 0, 0
266000, 927830, 1, 0, 0
267000, 1000028, 1, 0, 0
268003, 1388721, 1, 0, 0
269006, 1430950, 1, 0, 0
270008, 1268509, 1, 0, 0
271000, 1158176, 1, 0, 0
272000, 1024486, 1, 0, 0
273000, 864517, 1, 0, 0
274005, 925565, 1, 0, 0
275003, 944650, 1, 0, 0
276000, 949845, 1, 0, 0
277003, 810369, 1, 0, 0
278000, 745359, 1, 0, 0
279000, 700908, 1, 0, 0
280002, 807657, 1, 0, 0
281001, 956081, 1, 0, 0
282003, 868134, 1, 0, 0
283000, 954697, 1, 0, 0
284000, 947710, 1, 0, 0
285007, 1075894, 1, 0, 0
286006, 1195726, 1, 0, 0
287004, 1316659, 1, 0, 0
288001, 1198205, 1, 0, 0
289007, 1291082, 1, 0, 0
290008, 1474811, 1, 0, 0
291003, 1389889, 1, 0, 0
292008, 1395817, 1, 0, 0
293002, 1386498, 1, 0, 0
294000, 1386579, 1, 0, 0
295008, 1529050, 1, 0, 0
296000, 1001322, 1, 0, 0
297000, 919133, 1, 0, 0
298000, 943037, 1, 0, 0
299008, 930894, 1, 0, 0
300003, 984239, 1, 0, 0
301002, 1198229, 1, 0, 0
302000, 1217755, 1, 0, 0
303000, 788988, 1, 0, 0
304000, 720695, 1, 0, 0
305000, 722890, 1, 0, 0
306000, 730103, 1, 0, 0
307000, 1098137, 1, 0, 0
308000, 1230185, 1, 0, 0
309000, 1485573, 1, 0, 0
310000, 1639771, 1, 0, 0
311003, 1604248, 1, 0, 0
312010, 1505872, 1, 0, 0
313010, 1438306, 1, 0, 0
314009, 1449629, 1, 0, 0
315011, 1523913, 1, 0, 0
316007, 1436435, 1, 0, 0
317000, 1511849, 1, 0, 0
318000, 1833104, 1, 0, 0
319007, 1795771, 1, 0, 0
320003, 1857465, 1, 0, 0
321002, 1827358, 1, 0, 0
322001, 1773244, 1, 0, 0
323004, 1896734, 1, 0, 0
324007, 1842366, 1, 0, 0
325001, 1689429, 1, 0, 0
326007, 2043239, 1, 0, 0
327000, 1780532, 1, 0, 0
328000, 1739884, 1, 0, 0
329000, 1865979, 1, 0, 0
330003, 1852866, 1, 0, 0
331006, 1780587, 1, 0, 0
332008, 1590686, 1, 0, 0
333000, 1531279, 1, 0, 0
334018, 1556610, 1, 0, 0
335006, 1629645, 1, 0, 0
336003, 1232045, 1, 0, 0
337004, 1214417, 1, 0, 0
338009, 1207654, 1, 0, 0
339001, 1170270, 1, 0, 0
340008, 1094061, 1, 0, 0
341000, 1093760, 1, 0, 0
342003, 1045907, 1, 0, 0
343007, 1080020, 1, 0, 0
344000, 1378260, 1, 0, 0
345000, 1658962, 1, 0, 0
346010, 1612834, 1, 0, 0
347000, 1558599, 1, 0, 0
348000, 1489407, 1, 0, 0
349006, 1449876, 1, 0, 0
350002, 1539499, 1, 0, 0
351004, 1495385, 1, 0, 0
352003, 1473344, 1, 0, 0
353000, 1459882, 1, 0, 0
354008, 956061, 1, 0, 0
355000, 902404, 1, 0, 0
356000, 880473, 1, 0, 0
357009, 879653, 1, 0, 0
358006, 1050556, 1, 0, 0
359007, 1290182, 1, 0, 0
360000, 1725215, 1, 0, 0
360000, 12186897, 1, 0, 0
