1001, 12094, 0, 0, 0
2001, 12203, 0, 0, 0
3001, 11888, 0, 0, 0
4001, 12522, 0, 0, 0
5000, 12568, 0, 0, 0
6000, 13005, 0, 0, 0
7001, 12544, 0, 0, 0
8000, 12242, 0, 0, 0
9000, 12558, 0, 0, 0
10001, 12394, 0, 0, 0
11000, 12506, 0, 0, 0
12001, 11503, 0, 0, 0
13000, 11701, 0, 0, 0
14000, 12073, 0, 0, 0
15000, 12130, 0, 0, 0
16001, 11628, 0, 0, 0
17001, 11800, 0, 0, 0
18001, 11799, 0, 0, 0
19000, 12268, 0, 0, 0
20005, 11871, 0, 0, 0
21000, 12328, 0, 0, 0
22000, 12652, 0, 0, 0
23000, 11515, 0, 0, 0
24000, 12420, 0, 0, 0
25000, 12636, 0, 0, 0
26000, 11814, 0, 0, 0
27000, 12553, 0, 0, 0
28000, 12399, 0, 0, 0
29000, 12382, 0, 0, 0
30000, 12919, 0, 0, 0
31000, 12511, 0, 0, 0
32000, 12501, 0, 0, 0
33000, 12819, 0, 0, 0
34000, 11117, 0, 0, 0
35000, 12351, 0, 0, 0
36001, 12344, 0, 0, 0
37000, 12064, 0, 0, 0
38002, 11899, 0, 0, 0
39000, 12259, 0, 0, 0
40000, 12481, 0, 0, 0
41000, 12650, 0, 0, 0
42001, 12498, 0, 0, 0
43000, 12672, 0, 0, 0
44012, 12461, 0, 0, 0
45000, 11983, 0, 0, 0
46001, 11963, 0, 0, 0
47000, 12091, 0, 0, 0
48000, 12367, 0, 0, 0
49002, 12585, 0, 0, 0
50000, 12615, 0, 0, 0
51001, 12216, 0, 0, 0
52001, 12270, 0, 0, 0
53000, 11853, 0, 0, 0
54000, 7507, 0, 0, 0
55001, 7274, 0, 0, 0
56000, 6266, 0, 0, 0
57000, 7028, 0, 0, 0
58001, 8320, 0, 0, 0
59000, 7029, 0, 0, 0
60001, 7380, 0, 0, 0
61000, 8142, 0, 0, 0
62000, 7876, 0, 0, 0
63001, 8505, 0, 0, 0
64000, 9053, 0, 0, 0
65001, 8090, 0, 0, 0
66000, 10428, 0, 0, 0
67000, 11237, 0, 0, 0
68001, 11418, 0, 0, 0
69000, 11002, 0, 0, 0
70002, 12347, 0, 0, 0
71000, 12140, 0, 0, 0
72001, 12275, 0, 0, 0
73000, 12259, 0, 0, 0
74000, 11920, 0, 0, 0
75000, 12150, 0, 0, 0
76000, 12447, 0, 0, 0
77002, 12709, 0, 0, 0
78000, 12225, 0, 0, 0
79001, 11743, 0, 0, 0
80000, 12186, 0, 0, 0
81000, 12458, 0, 0, 0
82001, 11820, 0, 0, 0
83000, 11874, 0, 0, 0
84000, 12709, 0, 0, 0
85000, 11911, 0, 0, 0
86000, 12404, 0, 0, 0
87000, 12702, 0, 0, 0
88001, 12101, 0, 0, 0
89001, 12558, 0, 0, 0
90000, 12186, 0, 0, 0
91000, 12387, 0, 0, 0
92000, 12932, 0, 0, 0
93001, 12258, 0, 0, 0
94018, 12830, 0, 0, 0
95000, 12364, 0, 0, 0
96000, 12157, 0, 0, 0
97000, 11903, 0, 0, 0
98000, 11543, 0, 0, 0
99000, 11977, 0, 0, 0
100000, 12271, 0, 0, 0
101001, 12228, 0, 0, 0
102001, 12590, 0, 0, 0
103000, 12285, 0, 0, 0
104001, 11644, 0, 0, 0
105000, 11929, 0, 0, 0
106001, 12179, 0, 0, 0
107001, 11966, 0, 0, 0
108001, 11449, 0, 0, 0
109002, 12143, 0, 0, 0
110000, 10933, 0, 0, 0
111000, 12367, 0, 0, 0
112000, 12603, 0, 0, 0
113001, 11965, 0, 0, 0
114000, 11841, 0, 0, 0
115000, 12218, 0, 0, 0
116000, 12415, 0, 0, 0
117000, 12469, 0, 0, 0
118000, 11923, 0, 0, 0
119001, 12298, 0, 0, 0
120000, 12728, 0, 0, 0
121000, 12724, 0, 0, 0
122001, 12678, 0, 0, 0
123000, 12772, 0, 0, 0
124000, 12138, 0, 0, 0
125000, 12432, 0, 0, 0
126000, 12191, 0, 0, 0
127000, 12893, 0, 0, 0
128000, 12628, 0, 0, 0
129000, 12724, 0, 0, 0
130000, 12784, 0, 0, 0
131000, 12672, 0, 0, 0
132000, 12528, 0, 0, 0
133000, 12389, 0, 0, 0
134000, 12237, 0, 0, 0
135000, 12459, 0, 0, 0
136000, 12168, 0, 0, 0
137001, 11618, 0, 0, 0
138000, 11933, 0, 0, 0
139001, 12213, 0, 0, 0
140000, 11788, 0, 0, 0
141001, 11943, 0, 0, 0
142000, 12782, 0, 0, 0
143000, 12235, 0, 0, 0
144001, 11953, 0, 0, 0
145000, 12192, 0, 0, 0
146001, 12219, 0, 0, 0
147001, 12343, 0, 0, 0
148000, 11715, 0, 0, 0
149000, 11796, 0, 0, 0
150001, 12050, 0, 0, 0
151001, 12698, 0, 0, 0
152000, 12209, 0, 0, 0
153001, 11858, 0, 0, 0
154000, 12332, 0, 0, 0
155000, 12208, 0, 0, 0
156000, 11912, 0, 0, 0
157000, 12369, 0, 0, 0
158000, 12219, 0, 0, 0
159001, 12337, 0, 0, 0
160001, 12851, 0, 0, 0
161000, 12550, 0, 0, 0
162000, 12613, 0, 0, 0
163000, 12628, 0, 0, 0
164000, 12826, 0, 0, 0
165000, 13014, 0, 0, 0
166000, 12402, 0, 0, 0
167000, 12504, 0, 0, 0
168000, 12581, 0, 0, 0
169000, 12562, 0, 0, 0
170000, 12183, 0, 0, 0
171000, 12276, 0, 0, 0
172000, 12418, 0, 0, 0
173000, 12526, 0, 0, 0
174000, 12725, 0, 0, 0
175000, 12296, 0, 0, 0
176000, 12457, 0, 0, 0
177000, 12224, 0, 0, 0
178000, 12010, 0, 0, 0
179001, 12083, 0, 0, 0
180001, 11999, 0, 0, 0
181001, 12375, 0, 0, 0
182000, 12514, 0, 0, 0
183000, 12699, 0, 0, 0
184001, 12697, 0, 0, 0
185001, 12493, 0, 0, 0
186000, 12566, 0, 0, 0
187001, 12939, 0, 0, 0
188000, 12410, 0, 0, 0
189000, 12359, 0, 0, 0
190000, 12737, 0, 0, 0
191000, 12583, 0, 0, 0
192001, 12877, 0, 0, 0
193000, 12954, 0, 0, 0
194000, 10481, 0, 0, 0
195000, 7052, 0, 0, 0
196000, 6543, 0, 0, 0
197001, 7799, 0, 0, 0
198000, 12414, 0, 0, 0
199000, 11476, 0, 0, 0
200001, 11633, 0, 0, 0
201002, 11282, 0, 0, 0
202000, 12119, 0, 0, 0
203000, 12395, 0, 0, 0
204000, 12230, 0, 0, 0
205002, 12207, 0, 0, 0
206000, 12213, 0, 0, 0
207000, 11903, 0, 0, 0
208000, 12604, 0, 0, 0
209001, 12227, 0, 0, 0
210001, 12557, 0, 0, 0
211001, 12135, 0, 0, 0
212000, 11791, 0, 0, 0
213001, 12374, 0, 0, 0
214000, 12211, 0, 0, 0
215000, 12038, 0, 0, 0
216000, 12417, 0, 0, 0
217000, 12708, 0, 0, 0
218000, 12250, 0, 0, 0
219001, 12418, 0, 0, 0
220000, 12340, 0, 0, 0
221000, 12522, 0, 0, 0
222001, 12641, 0, 0, 0
223001, 12849, 0, 0, 0
224000, 12589, 0, 0, 0
225000, 12329, 0, 0, 0
226000, 12697, 0, 0, 0
227001, 12527, 0, 0, 0
228000, 12267, 0, 0, 0
229000, 11431, 0, 0, 0
230000, 12420, 0, 0, 0
231000, 12243, 0, 0, 0
232001, 12367, 0, 0, 0
233000, 12184, 0, 0, 0
234001, 12614, 0, 0, 0
235000, 12568, 0, 0, 0
236000, 12351, 0, 0, 0
237014, 12615, 0, 0, 0
238000, 12269, 0, 0, 0
239000, 12394, 0, 0, 0
240000, 12053, 0, 0, 0
241001, 12713, 0, 0, 0
242001, 12284, 0, 0, 0
243001, 12152, 0, 0, 0
244000, 12624, 0, 0, 0
245000, 12537, 0, 0, 0
246001, 12223, 0, 0, 0
247003, 12255, 0, 0, 0
248000, 12405, 0, 0, 0
249000, 12237, 0, 0, 0
250001, 12245, 0, 0, 0
251001, 12377, 0, 0, 0
252000, 11843, 0, 0, 0
253001, 12871, 0, 0, 0
254001, 12346, 0, 0, 0
255001, 12587, 0, 0, 0
256000, 12787, 0, 0, 0
257000, 12898, 0, 0, 0
258000, 12195, 0, 0, 0
259001, 12451, 0, 0, 0
260000, 12231, 0, 0, 0
261000, 12709, 0, 0, 0
262000, 12870, 0, 0, 0
263000, 12462, 0, 0, 0
264000, 12642, 0, 0, 0
265000, 12815, 0, 0, 0
266001, 12607, 0, 0, 0
267000, 13007, 0, 0, 0
268000, 12596, 0, 0, 0
269000, 12697, 0, 0, 0
270000, 11926, 0, 0, 0
271000, 12290, 0, 0, 0
272000, 12803, 0, 0, 0
273000, 12347, 0, 0, 0
274000, 12423, 0, 0, 0
275000, 12502, 0, 0, 0
276000, 12238, 0, 0, 0
277001, 12408, 0, 0, 0
278001, 12351, 0, 0, 0
279000, 12561, 0, 0, 0
280000, 12324, 0, 0, 0
281001, 12282, 0, 0, 0
282000, 13259, 0, 0, 0
283000, 12567, 0, 0, 0
284000, 11873, 0, 0, 0
285001, 12645, 0, 0, 0
286000, 12193, 0, 0, 0
287000, 12210, 0, 0, 0
288001, 12950, 0, 0, 0
289000, 12970, 0, 0, 0
290000, 12559, 0, 0, 0
291000, 12422, 0, 0, 0
292000, 12503, 0, 0, 0
293001, 12544, 0, 0, 0
294000, 12744, 0, 0, 0
295001, 11310, 0, 0, 0
296000, 11449, 0, 0, 0
297000, 11103, 0, 0, 0
298000, 11819, 0, 0, 0
299000, 12629, 0, 0, 0
300000, 12526, 0, 0, 0
301001, 12450, 0, 0, 0
302000, 12112, 0, 0, 0
303000, 11599, 0, 0, 0
304026, 11533, 0, 0, 0
305000, 12048, 0, 0, 0
306000, 11922, 0, 0, 0
307001, 12615, 0, 0, 0
308000, 12339, 0, 0, 0
309000, 12134, 0, 0, 0
310000, 12426, 0, 0, 0
311000, 12241, 0, 0, 0
312001, 11564, 0, 0, 0
313000, 11757, 0, 0, 0
314000, 12339, 0, 0, 0
315000, 12280, 0, 0, 0
316001, 12512, 0, 0, 0
317000, 12552, 0, 0, 0
318001, 12172, 0, 0, 0
319000, 10962, 0, 0, 0
320000, 7102, 0, 0, 0
321000, 6434, 0, 0, 0
322001, 8256, 0, 0, 0
323000, 11678, 0, 0, 0
324000, 11763, 0, 0, 0
325000, 11587, 0, 0, 0
326000, 11821, 0, 0, 0
327010, 12178, 0, 0, 0
328000, 11600, 0, 0, 0
329000, 12309, 0, 0, 0
330000, 12246, 0, 0, 0
331000, 11593, 0, 0, 0
332000, 11335, 0, 0, 0
333000, 12532, 0, 0, 0
334001, 12828, 0, 0, 0
335001, 12374, 0, 0, 0
336000, 12173, 0, 0, 0
337000, 12152, 0, 0, 0
338001, 12452, 0, 0, 0
339000, 12602, 0, 0, 0
340000, 12902, 0, 0, 0
341001, 12879, 0, 0, 0
342000, 12407, 0, 0, 0
343000, 11933, 0, 0, 0
344000, 11379, 0, 0, 0
345002, 10725, 0, 0, 0
346000, 11900, 0, 0, 0
347000, 11972, 0, 0, 0
348001, 12437, 0, 0, 0
349000, 12079, 0, 0, 0
350000, 11827, 0, 0, 0
351000, 12320, 0, 0, 0
352001, 12501, 0, 0, 0
353000, 12612, 0, 0, 0
354000, 12313, 0, 0, 0
355001, 11413, 0, 0, 0
356000, 12029, 0, 0, 0
357001, 12192, 0, 0, 0
358000, 12340, 0, 0, 0
359001, 12317, 0, 0, 0
360001, 12066, 0, 0, 0
