1001, 604746, 0, 0, 0
2000, 707905, 0, 0, 0
3006, 536096, 0, 0, 0
4001, 634493, 0, 0, 0
5000, 617153, 0, 0, 0
6000, 611824, 0, 0, 0
7000, 580130, 0, 0, 0
8000, 533407, 0, 0, 0
9000, 522753, 0, 0, 0
10001, 510221, 0, 0, 0
11002, 478031, 0, 0, 0
12000, 463044, 0, 0, 0
13000, 512785, 0, 0, 0
14001, 484387, 0, 0, 0
15002, 441581, 0, 0, 0
16001, 463861, 0, 0, 0
17000, 460325, 0, 0, 0
18000, 438687, 0, 0, 0
19001, 494629, 0, 0, 0
20000, 527417, 0, 0, 0
21000, 454236, 0, 0, 0
22000, 504611, 0, 0, 0
23000, 467613, 0, 0, 0
24001, 477005, 0, 0, 0
25000, 494196, 0, 0, 0
26000, 438250, 0, 0, 0
27001, 469274, 0, 0, 0
28000, 446677, 0, 0, 0
29000, 537851, 0, 0, 0
30000, 567057, 0, 0, 0
31000, 592817, 0, 0, 0
32000, 560907, 0, 0, 0
33000, 533370, 0, 0, 0
34000, 488978, 0, 0, 0
35001, 524130, 0, 0, 0
36000, 535893, 0, 0, 0
37000, 571025, 0, 0, 0
38000, 506290, 0, 0, 0
39000, 464551, 0, 0, 0
40000, 516985, 0, 0, 0
41001, 490472, 0, 0, 0
42000, 446825, 0, 0, 0
43000, 579784, 0, 0, 0
44000, 524760, 0, 0, 0
45000, 533893, 0, 0, 0
46000, 507509, 0, 0, 0
47001, 460815, 0, 0, 0
48000, 448458, 0, 0, 0
49000, 472666, 0, 0, 0
50000, 475067, 0, 0, 0
51000, 500477, 0, 0, 0
52000, 377374, 0, 0, 0
53001, 494775, 0, 0, 0
54000, 415978, 0, 0, 0
55000, 439117, 0, 0, 0
56001, 715038, 0, 0, 0
57000, 702716, 0, 0, 0
58000, 690757, 0, 0, 0
59000, 676412, 0, 0, 0
60000, 595591, 0, 0, 0
61000, 540227, 0, 0, 0
62001, 518184, 0, 0, 0
63001, 516203, 0, 0, 0
64000, 486011, 0, 0, 0
65001, 455460, 0, 0, 0
66000, 495981, 0, 0, 0
67001, 462720, 0, 0, 0
68000, 554511, 0, 0, 0
69000, 550841, 0, 0, 0
70000, 505387, 0, 0, 0
71000, 459065, 0, 0, 0
72001, 540850, 0, 0, 0
73000, 476195, 0, 0, 0
74001, 452037, 0, 0, 0
75000, 491178, 0, 0, 0
76000, 431188, 0, 0, 0
77000, 424160, 0, 0, 0
78000, 488256, 0, 0, 0
79000, 478816, 0, 0, 0
80000, 445244, 0, 0, 0
81000, 501366, 0, 0, 0
82000, 527607, 0, 0, 0
83000, 589618, 0, 0, 0
84000, 392072, 0, 0, 0
85000, 464959, 0, 0, 0
86000, 411196, 0, 0, 0
87000, 396312, 0, 0, 0
88015, 864109, 0, 0, 0
89000, 811460, 0, 0, 0
90001, 828900, 0, 0, 0
91000, 960223, 0, 0, 0
92001, 822895, 0, 0, 0
93001, 872629, 0, 0, 0
94001, 608248, 0, 0, 0
95001, 522153, 0, 0, 0
96001, 504249, 0, 0, 0
97000, 482572, 0, 0, 0
98000, 481322, 0, 0, 0
99002, 444167, 0, 0, 0
100001, 509969, 0, 0, 0
101000, 476058, 0, 0, 0
102000, 476273, 0, 0, 0
103000, 504132, 0, 0, 0
104000, 467815, 0, 0, 0
105000, 468682, 0, 0, 0
106001, 484657, 0, 0, 0
107000, 472630, 0, 0, 0
108000, 513492, 0, 0, 0
109000, 468164, 0, 0, 0
110000, 486640, 0, 0, 0
111001, 488520, 0, 0, 0
112000, 473926, 0, 0, 0
113000, 451948, 0, 0, 0
114000, 487559, 0, 0, 0
115000, 438928, 0, 0, 0
116001, 468391, 0, 0, 0
117000, 510280, 0, 0, 0
118001, 482010, 0, 0, 0
119000, 478314, 0, 0, 0
120000, 477154, 0, 0, 0
121000, 439695, 0, 0, 0
122000, 450122, 0, 0, 0
123000, 479604, 0, 0, 0
124000, 459351, 0, 0, 0
125001, 441425, 0, 0, 0
126000, 463838, 0, 0, 0
127001, 528942, 0, 0, 0
128001, 511156, 0, 0, 0
129000, 538843, 0, 0, 0
130001, 522170, 0, 0, 0
131000, 527549, 0, 0, 0
132001, 538342, 0, 0, 0
133000, 488034, 0, 0, 0
134001, 488345, 0, 0, 0
135000, 524861, 0, 0, 0
136001, 509111, 0, 0, 0
137000, 492909, 0, 0, 0
138003, 545243, 0, 0, 0
139000, 574190, 0, 0, 0
140000, 553792, 0, 0, 0
141001, 476391, 0, 0, 0
142001, 555497, 0, 0, 0
143002, 492960, 0, 0, 0
144001, 457070, 0, 0, 0
145001, 543558, 0, 0, 0
146000, 516510, 0, 0, 0
147000, 646551, 0, 0, 0
148001, 568254, 0, 0, 0
149002, 521497, 0, 0, 0
150000, 510136, 0, 0, 0
151000, 451015, 0, 0, 0
152000, 549605, 0, 0, 0
153000, 508143, 0, 0, 0
154000, 552787, 0, 0, 0
155000, 492369, 0, 0, 0
156000, 489650, 0, 0, 0
157000, 495842, 0, 0, 0
158000, 485792, 0, 0, 0
159000, 435138, 0, 0, 0
160000, 488215, 0, 0, 0
161001, 465333, 0, 0, 0
162000, 460193, 0, 0, 0
163001, 490239, 0, 0, 0
164000, 494472, 0, 0, 0
165000, 388533, 0, 0, 0
166000, 577876, 0, 0, 0
167000, 582825, 0, 0, 0
168000, 575426, 0, 0, 0
169000, 696061, 0, 0, 0
170000, 638088, 0, 0, 0
171000, 610217, 0, 0, 0
172000, 650966, 0, 0, 0
173000, 556749, 0, 0, 0
174000, 484542, 0, 0, 0
175000, 500737, 0, 0, 0
176000, 523963, 0, 0, 0
177000, 564133, 0, 0, 0
178001, 505645, 0, 0, 0
179000, 488314, 0, 0, 0
180000, 550033, 0, 0, 0
181000, 494315, 0, 0, 0
182000, 458416, 0, 0, 0
183001, 541240, 0, 0, 0
184000, 475874, 0, 0, 0
185000, 516658, 0, 0, 0
186000, 517410, 0, 0, 0
187000, 454408, 0, 0, 0
188000, 465578, 0, 0, 0
189001, 558857, 0, 0, 0
190000, 525059, 0, 0, 0
191000, 515362, 0, 0, 0
192000, 513331, 0, 0, 0
193001, 489726, 0, 0, 0
194000, 448031, 0, 0, 0
195001, 470943, 0, 0, 0
196000, 433488, 0, 0, 0
197001, 454116, 0, 0, 0
198000, 462925, 0, 0, 0
199000, 585491, 0, 0, 0
200000, 532646, 0, 0, 0
201000, 576743, 0, 0, 0
202001, 518106, 0, 0, 0
203001, 446659, 0, 0, 0
204001, 530422, 0, 0, 0
205001, 494405, 0, 0, 0
206000, 503022, 0, 0, 0
207000, 503921, 0, 0, 0
208000, 485935, 0, 0, 0
209000, 499145, 0, 0, 0
210000, 472899, 0, 0, 0
211000, 494623, 0, 0, 0
212000, 388885, 0, 0, 0
213002, 528645, 0, 0, 0
214000, 628357, 0, 0, 0
215000, 696417, 0, 0, 0
216000, 698710, 0, 0, 0
217001, 710448, 0, 0, 0
218000, 622299, 0, 0, 0
219000, 589371, 0, 0, 0
220024, 572633, 0, 0, 0
221000, 556322, 0, 0, 0
222000, 549470, 0, 0, 0
223000, 480656, 0, 0, 0
224001, 558399, 0, 0, 0
225000, 585092, 0, 0, 0
226000, 546681, 0, 0, 0
227000, 563836, 0, 0, 0
228001, 562659, 0, 0, 0
229000, 579927, 0, 0, 0
230000, 498863, 0, 0, 0
231000, 547854, 0, 0, 0
232000, 515974, 0, 0, 0
233000, 579664, 0, 0, 0
234000, 545124, 0, 0, 0
235000, 550999, 0, 0, 0
236001, 529936, 0, 0, 0
237000, 556973, 0, 0, 0
238000, 517094, 0, 0, 0
239000, 479664, 0, 0, 0
240001, 507013, 0, 0, 0
241000, 482359, 0, 0, 0
242002, 492848, 0, 0, 0
243001, 538303, 0, 0, 0
244000, 578749, 0, 0, 0
245000, 561010, 0, 0, 0
246000, 568799, 0, 0, 0
247000, 579015, 0, 0, 0
248000, 506555, 0, 0, 0
249000, 548055, 0, 0, 0
250001, 553190, 0, 0, 0
251000, 524700, 0, 0, 0
252001, 574092, 0, 0, 0
253001, 537475, 0, 0, 0
254000, 530308, 0, 0, 0
255000, 556701, 0, 0, 0
256000, 523421, 0, 0, 0
257000, 494067, 0, 0, 0
258000, 546876, 0, 0, 0
259001, 478760, 0, 0, 0
260000, 535901, 0, 0, 0
261000, 525593, 0, 0, 0
262000, 563425, 0, 0, 0
263001, 553938, 0, 0, 0
264000, 509158, 0, 0, 0
265001, 573205, 0, 0, 0
266000, 542566, 0, 0, 0
267000, 454354, 0, 0, 0
268000, 538535, 0, 0, 0
269000, 520776, 0, 0, 0
270001, 570658, 0, 0, 0
271000, 575486, 0, 0, 0
272001, 538337, 0, 0, 0
273000, 508687, 0, 0, 0
274000, 468499, 0, 0, 0
275000, 456906, 0, 0, 0
276001, 481457, 0, 0, 0
277015, 569701, 0, 0, 0
278001, 579941, 0, 0, 0
279000, 605615, 0, 0, 0
280000, 579043, 0, 0, 0
281000, 553541, 0, 0, 0
282001, 543726, 0, 0, 0
283000, 566075, 0, 0, 0
284002, 535166, 0, 0, 0
285001, 539608, 0, 0, 0
286001, 520915, 0, 0, 0
287001, 542097, 0, 0, 0
288000, 492935, 0, 0, 0
289001, 451881, 0, 0, 0
290001, 470420, 0, 0, 0
291000, 474163, 0, 0, 0
292000, 461639, 0, 0, 0
293000, 494635, 0, 0, 0
294000, 475877, 0, 0, 0
295000, 501568, 0, 0, 0
296000, 492602, 0, 0, 0
297000, 496552, 0, 0, 0
298001, 487317, 0, 0, 0
299000, 514626, 0, 0, 0
300000, 485261, 0, 0, 0
301000, 452805, 0, 0, 0
302000, 558095, 0, 0, 0
303000, 463966, 0, 0, 0
304000, 702825, 0, 0, 0
305000, 758769, 0, 0, 0
306014, 757889, 0, 0, 0
307001, 678022, 0, 0, 0
308001, 599414, 0, 0, 0
309001, 531748, 0, 0, 0
310001, 522709, 0, 0, 0
311000, 493284, 0, 0, 0
312000, 553267, 0, 0, 0
313001, 511477, 0, 0, 0
314000, 469145, 0, 0, 0
315000, 511477, 0, 0, 0
316000, 519519, 0, 0, 0
317000, 478248, 0, 0, 0
318000, 506497, 0, 0, 0
319000, 440412, 0, 0, 0
320000, 437467, 0, 0, 0
321000, 460240, 0, 0, 0
322001, 419124, 0, 0, 0
323000, 457243, 0, 0, 0
324000, 565808, 0, 0, 0
325000, 486184, 0, 0, 0
326000, 420708, 0, 0, 0
327000, 489880, 0, 0, 0
328000, 460590, 0, 0, 0
329000, 455299, 0, 0, 0
330000, 400629, 0, 0, 0
331001, 497791, 0, 0, 0
332000, 435910, 0, 0, 0
333000, 416894, 0, 0, 0
334000, 667632, 0, 0, 0
335000, 676044, 0, 0, 0
336000, 638662, 0, 0, 0
337000, 645166, 0, 0, 0
338000, 571014, 0, 0, 0
339000, 659626, 0, 0, 0
340000, 672091, 0, 0, 0
341001, 622848, 0, 0, 0
342001, 586650, 0, 0, 0
343000, 620890, 0, 0, 0
344000, 613759, 0, 0, 0
345001, 547291, 0, 0, 0
346000, 510960, 0, 0, 0
347000, 570369, 0, 0, 0
348000, 626963, 0, 0, 0
349000, 605157, 0, 0, 0
350000, 576889, 0, 0, 0
351011, 599230, 0, 0, 0
352001, 578475, 0, 0, 0
353000, 549358, 0, 0, 0
354000, 549354, 0, 0, 0
355000, 582234, 0, 0, 0
356000, 553762, 0, 0, 0
357001, 540286, 0, 0, 0
358001, 543018, 0, 0, 0
359000, 424656, 0, 0, 0
360000, 462544, 0, 0, 0
