1000, 184185, 0, 0, 0
2000, 174956, 0, 0, 0
3000, 183261, 0, 0, 0
4001, 183397, 0, 0, 0
5000, 373182, 0, 0, 0
6000, 461687, 0, 0, 0
7001, 452730, 0, 0, 0
8000, 500582, 0, 0, 0
9000, 223461, 0, 0, 0
10000, 188850, 0, 0, 0
11000, 183793, 0, 0, 0
12000, 176474, 0, 0, 0
13000, 193568, 0, 0, 0
14001, 189367, 0, 0, 0
15001, 191235, 0, 0, 0
16000, 187347, 0, 0, 0
17000, 460053, 0, 0, 0
18000, 475594, 0, 0, 0
19000, 477503, 0, 0, 0
20000, 408459, 0, 0, 0
21001, 202034, 0, 0, 0
22000, 191999, 0, 0, 0
23000, 195245, 0, 0, 0
24000, 182923, 0, 0, 0
25000, 188362, 0, 0, 0
26000, 159130, 0, 0, 0
27000, 104072, 0, 0, 0
28000, 110552, 0, 0, 0
29000, 107040, 0, 0, 0
30000, 106818, 0, 0, 0
31000, 108086, 0, 0, 0
32000, 107385, 0, 0, 0
33000, 103915, 0, 0, 0
34000, 102458, 0, 0, 0
35001, 102603, 0, 0, 0
36000, 102573, 0, 0, 0
37000, 102502, 0, 0, 0
38001, 105888, 0, 0, 0
39000, 158278, 0, 0, 0
40000, 140813, 0, 0, 0
41000, 141140, 0, 0, 0
42000, 130897, 0, 0, 0
43000, 124685, 0, 0, 0
44000, 123247, 0, 0, 0
45000, 123179, 0, 0, 0
46000, 122319, 0, 0, 0
47000, 121290, 0, 0, 0
48000, 115002, 0, 0, 0
49000, 128691, 0, 0, 0
50000, 126644, 0, 0, 0
51000, 131351, 0, 0, 0
52002, 179235, 0, 0, 0
53000, 197296, 0, 0, 0
54000, 203649, 0, 0, 0
55000, 193250, 0, 0, 0
56001, 259603, 0, 0, 0
57000, 284031, 0, 0, 0
58000, 218012, 0, 0, 0
59000, 224094, 0, 0, 0
60000, 278186, 0, 0, 0
61000, 259375, 0, 0, 0
62000, 242027, 0, 0, 0
63000, 157949, 0, 0, 0
64000, 176887, 0, 0, 0
65001, 189451, 0, 0, 0
66000, 182872, 0, 0, 0
67000, 180581, 0, 0, 0
68000, 167858, 0, 0, 0
69000, 160229, 0, 0, 0
70000, 155128, 0, 0, 0
71000, 223510, 0, 0, 0
72000, 305934, 0, 0, 0
73000, 478581, 0, 0, 0
74000, 477231, 0, 0, 0
75000, 283908, 0, 0, 0
76000, 230001, 0, 0, 0
77000, 212354, 0, 0, 0
78000, 212813, 0, 0, 0
79000, 200893, 0, 0, 0
80001, 210314, 0, 0, 0
81001, 218041, 0, 0, 0
82001, 256827, 0, 0, 0
83001, 201268, 0, 0, 0
84000, 188499, 0, 0, 0
85000, 182861, 0, 0, 0
86000, 201709, 0, 0, 0
87000, 200827, 0, 0, 0
88001, 197546, 0, 0, 0
89000, 210967, 0, 0, 0
90000, 220784, 0, 0, 0
91000, 222720, 0, 0, 0
92000, 204807, 0, 0, 0
93000, 260865, 0, 0, 0
94001, 242762, 0, 0, 0
95000, 354898, 0, 0, 0
96000, 517383, 0, 0, 0
97001, 410187, 0, 0, 0
98000, 343210, 0, 0, 0
99000, 205485, 0, 0, 0
100000, 187599, 0, 0, 0
101000, 147171, 0, 0, 0
102000, 151733, 0, 0, 0
103000, 111346, 0, 0, 0
104000, 110064, 0, 0, 0
105000, 103624, 0, 0, 0
106000, 104360, 0, 0, 0
107000, 104453, 0, 0, 0
108000, 104180, 0, 0, 0
109000, 103855, 0, 0, 0
110000, 102061, 0, 0, 0
111000, 102229, 0, 0, 0
112000, 100345, 0, 0, 0
113000, 100867, 0, 0, 0
114020, 107836, 0, 0, 0
115000, 122496, 0, 0, 0
116000, 117426, 0, 0, 0
117000, 120366, 0, 0, 0
118000, 119139, 0, 0, 0
119000, 124075, 0, 0, 0
120000, 139981, 0, 0, 0
121000, 131924, 0, 0, 0
122000, 134234, 0, 0, 0
123000, 137043, 0, 0, 0
124000, 133789, 0, 0, 0
125000, 162367, 0, 0, 0
126001, 198924, 0, 0, 0
127000, 480737, 0, 0, 0
128000, 460329, 0, 0, 0
129000, 456310, 0, 0, 0
130000, 442161, 0, 0, 0
131002, 311281, 0, 0, 0
132000, 207589, 0, 0, 0
133000, 208896, 0, 0, 0
134000, 198547, 0, 0, 0
135000, 102061, 0, 0, 0
136000, 106975, 0, 0, 0
137000, 112169, 0, 0, 0
138000, 104006, 0, 0, 0
139000, 105318, 0, 0, 0
140000, 106221, 0, 0, 0
141000, 104906, 0, 0, 0
142000, 101507, 0, 0, 0
143000, 100568, 0, 0, 0
144000, 101950, 0, 0, 0
145000, 100672, 0, 0, 0
146000, 101359, 0, 0, 0
147000, 125193, 0, 0, 0
148000, 174892, 0, 0, 0
149000, 168057, 0, 0, 0
150000, 169140, 0, 0, 0
151000, 162472, 0, 0, 0
152000, 160006, 0, 0, 0
153000, 154945, 0, 0, 0
154000, 165834, 0, 0, 0
155000, 160122, 0, 0, 0
156000, 156716, 0, 0, 0
157001, 150389, 0, 0, 0
158000, 173392, 0, 0, 0
159001, 152841, 0, 0, 0
160000, 136934, 0, 0, 0
161000, 140752, 0, 0, 0
162000, 142772, 0, 0, 0
163000, 145395, 0, 0, 0
164000, 140665, 0, 0, 0
165000, 137757, 0, 0, 0
166000, 138981, 0, 0, 0
167000, 137278, 0, 0, 0
168000, 136791, 0, 0, 0
169000, 158640, 0, 0, 0
170000, 157368, 0, 0, 0
171001, 167578, 0, 0, 0
172000, 162587, 0, 0, 0
173000, 157609, 0, 0, 0
174000, 155942, 0, 0, 0
175000, 149213, 0, 0, 0
176000, 140306, 0, 0, 0
177000, 141750, 0, 0, 0
178000, 147992, 0, 0, 0
179000, 185517, 0, 0, 0
180000, 219009, 0, 0, 0
181000, 189247, 0, 0, 0
182001, 187802, 0, 0, 0
183000, 179081, 0, 0, 0
184001, 154706, 0, 0, 0
185000, 157530, 0, 0, 0
186000, 146650, 0, 0, 0
187000, 156533, 0, 0, 0
188000, 149814, 0, 0, 0
189000, 149416, 0, 0, 0
190000, 170351, 0, 0, 0
191000, 159091, 0, 0, 0
192001, 165119, 0, 0, 0
193001, 202773, 0, 0, 0
194000, 190938, 0, 0, 0
195000, 194561, 0, 0, 0
196000, 183916, 0, 0, 0
197000, 176525, 0, 0, 0
198000, 194264, 0, 0, 0
199000, 184511, 0, 0, 0
200000, 182638, 0, 0, 0
201000, 218104, 0, 0, 0
202000, 195149, 0, 0, 0
203000, 200550, 0, 0, 0
204000, 235035, 0, 0, 0
205000, 222986, 0, 0, 0
206001, 220180, 0, 0, 0
207000, 210162, 0, 0, 0
208000, 215584, 0, 0, 0
209000, 210644, 0, 0, 0
210000, 154638, 0, 0, 0
211000, 155787, 0, 0, 0
212001, 184327, 0, 0, 0
213000, 159991, 0, 0, 0
214000, 156674, 0, 0, 0
215000, 167541, 0, 0, 0
216000, 158231, 0, 0, 0
217000, 164567, 0, 0, 0
218001, 157514, 0, 0, 0
219000, 152465, 0, 0, 0
220000, 151447, 0, 0, 0
221000, 152922, 0, 0, 0
222000, 167408, 0, 0, 0
223000, 284570, 0, 0, 0
224000, 231659, 0, 0, 0
225000, 216158, 0, 0, 0
226000, 163613, 0, 0, 0
227000, 153320, 0, 0, 0
228000, 194513, 0, 0, 0
229000, 183131, 0, 0, 0
230000, 188131, 0, 0, 0
231000, 185618, 0, 0, 0
232000, 168458, 0, 0, 0
233000, 165655, 0, 0, 0
234001, 320325, 0, 0, 0
235001, 264375, 0, 0, 0
236000, 268931, 0, 0, 0
237001, 271551, 0, 0, 0
238000, 282916, 0, 0, 0
239000, 194980, 0, 0, 0
240000, 179904, 0, 0, 0
241000, 184664, 0, 0, 0
242000, 199631, 0, 0, 0
243001, 211495, 0, 0, 0
244000, 253488, 0, 0, 0
245000, 227080, 0, 0, 0
246000, 205120, 0, 0, 0
247000, 218146, 0, 0, 0
248000, 239327, 0, 0, 0
249001, 266372, 0, 0, 0
250000, 229745, 0, 0, 0
251000, 287451, 0, 0, 0
252000, 279984, 0, 0, 0
253000, 282406, 0, 0, 0
254000, 218009, 0, 0, 0
255030, 260854, 0, 0, 0
256001, 258877, 0, 0, 0
257000, 242494, 0, 0, 0
258000, 241307, 0, 0, 0
259000, 229051, 0, 0, 0
260002, 434985, 0, 0, 0
261001, 463264, 0, 0, 0
262000, 439748, 0, 0, 0
263000, 470038, 0, 0, 0
264000, 465785, 0, 0, 0
265000, 450404, 0, 0, 0
266000, 487157, 0, 0, 0
267000, 248907, 0, 0, 0
268000, 190917, 0, 0, 0
269000, 204485, 0, 0, 0
270000, 206809, 0, 0, 0
271001, 195944, 0, 0, 0
272000, 193656, 0, 0, 0
273000, 179115, 0, 0, 0
274001, 170575, 0, 0, 0
275000, 177436, 0, 0, 0
276001, 257230, 0, 0, 0
277000, 479617, 0, 0, 0
278001, 459391, 0, 0, 0
279000, 483168, 0, 0, 0
280000, 485320, 0, 0, 0
281000, 312209, 0, 0, 0
282000, 221889, 0, 0, 0
283000, 243814, 0, 0, 0
284000, 199229, 0, 0, 0
285001, 197309, 0, 0, 0
286000, 191470, 0, 0, 0
287000, 112616, 0, 0, 0
288000, 102043, 0, 0, 0
289000, 112538, 0, 0, 0
290000, 105128, 0, 0, 0
291000, 106439, 0, 0, 0
292000, 104208, 0, 0, 0
293000, 103406, 0, 0, 0
294000, 104025, 0, 0, 0
295000, 100361, 0, 0, 0
296000, 102432, 0, 0, 0
297000, 100184, 0, 0, 0
298000, 100551, 0, 0, 0
299000, 104536, 0, 0, 0
300000, 140717, 0, 0, 0
301000, 141154, 0, 0, 0
302000, 143718, 0, 0, 0
303000, 132035, 0, 0, 0
304000, 128837, 0, 0, 0
305000, 132662, 0, 0, 0
306001, 126258, 0, 0, 0
307000, 123503, 0, 0, 0
308000, 129266, 0, 0, 0
309000, 125086, 0, 0, 0
310000, 145210, 0, 0, 0
311000, 132991, 0, 0, 0
312000, 130251, 0, 0, 0
313000, 139475, 0, 0, 0
314000, 131576, 0, 0, 0
315000, 134276, 0, 0, 0
316001, 127875, 0, 0, 0
317000, 124512, 0, 0, 0
318000, 125631, 0, 0, 0
319000, 127505, 0, 0, 0
320000, 121315, 0, 0, 0
321000, 136863, 0, 0, 0
322000, 135911, 0, 0, 0
323000, 134595, 0, 0, 0
324001, 139331, 0, 0, 0
325000, 134622, 0, 0, 0
326001, 146663, 0, 0, 0
327000, 130650, 0, 0, 0
328000, 132249, 0, 0, 0
329000, 132316, 0, 0, 0
330000, 133997, 0, 0, 0
331000, 149141, 0, 0, 0
332000, 206694, 0, 0, 0
333000, 225713, 0, 0, 0
334000, 258621, 0, 0, 0
335001, 254934, 0, 0, 0
336000, 226319, 0, 0, 0
337001, 272254, 0, 0, 0
338000, 312088, 0, 0, 0
339001, 317450, 0, 0, 0
340000, 309130, 0, 0, 0
341001, 348536, 0, 0, 0
342000, 376859, 0, 0, 0
343000, 315202, 0, 0, 0
344000, 202075, 0, 0, 0
345001, 211863, 0, 0, 0
346000, 215542, 0, 0, 0
347001, 205235, 0, 0, 0
348000, 198608, 0, 0, 0
349000, 193072, 0, 0, 0
350000, 145773, 0, 0, 0
351000, 142740, 0, 0, 0
352000, 185601, 0, 0, 0
353000, 191593, 0, 0, 0
354000, 223022, 0, 0, 0
355000, 187073, 0, 0, 0
356001, 252546, 0, 0, 0
357001, 496253, 0, 0, 0
358000, 444778, 0, 0, 0
359000, 181258, 0, 0, 0
360000, 105224, 0, 0, 0
