1000, 10739, 0, 0, 0
2000, 11537, 0, 0, 0
3001, 10961, 0, 0, 0
4000, 11657, 0, 0, 0
5000, 11838, 0, 0, 0
6001, 10176, 0, 0, 0
7000, 11616, 0, 0, 0
8000, 12220, 0, 0, 0
9001, 11859, 0, 0, 0
10001, 12756, 0, 0, 0
11001, 12201, 0, 0, 0
12000, 12448, 0, 0, 0
13000, 12011, 0, 0, 0
14001, 12094, 0, 0, 0
15000, 11746, 0, 0, 0
16001, 11997, 0, 0, 0
17000, 12559, 0, 0, 0
18001, 12048, 0, 0, 0
19002, 11913, 0, 0, 0
20000, 12729, 0, 0, 0
21000, 12449, 0, 0, 0
22000, 12449, 0, 0, 0
23000, 12161, 0, 0, 0
24000, 12361, 0, 0, 0
25000, 12298, 0, 0, 0
26001, 12053, 0, 0, 0
27001, 12292, 0, 0, 0
28000, 11865, 0, 0, 0
29000, 12256, 0, 0, 0
30000, 11939, 0, 0, 0
31000, 12261, 0, 0, 0
32000, 12433, 0, 0, 0
33000, 11755, 0, 0, 0
34000, 11395, 0, 0, 0
35001, 12116, 0, 0, 0
36030, 12199, 0, 0, 0
37001, 12429, 0, 0, 0
38000, 12490, 0, 0, 0
39001, 12769, 0, 0, 0
40000, 12539, 0, 0, 0
41000, 12116, 0, 0, 0
42001, 12613, 0, 0, 0
43001, 12390, 0, 0, 0
44000, 12417, 0, 0, 0
45000, 12525, 0, 0, 0
46000, 12106, 0, 0, 0
47000, 12525, 0, 0, 0
48000, 12701, 0, 0, 0
49000, 12324, 0, 0, 0
50001, 11518, 0, 0, 0
51000, 12078, 0, 0, 0
52000, 11935, 0, 0, 0
53000, 12669, 0, 0, 0
54000, 12038, 0, 0, 0
55001, 12746, 0, 0, 0
56001, 12734, 0, 0, 0
57000, 12569, 0, 0, 0
58001, 12557, 0, 0, 0
59001, 12794, 0, 0, 0
60001, 12735, 0, 0, 0
61000, 12645, 0, 0, 0
62000, 12565, 0, 0, 0
63001, 12657, 0, 0, 0
64000, 13011, 0, 0, 0
65000, 12734, 0, 0, 0
66000, 12435, 0, 0, 0
67000, 12406, 0, 0, 0
68000, 12597, 0, 0, 0
69000, 12507, 0, 0, 0
70000, 12954, 0, 0, 0
71000, 12760, 0, 0, 0
72000, 12993, 0, 0, 0
73000, 12711, 0, 0, 0
74000, 12709, 0, 0, 0
75024, 12887, 0, 0, 0
76000, 12911, 0, 0, 0
77000, 12442, 0, 0, 0
78000, 12890, 0, 0, 0
79001, 13203, 0, 0, 0
80000, 12855, 0, 0, 0
81000, 12409, 0, 0, 0
82000, 13057, 0, 0, 0
83000, 12985, 0, 0, 0
84000, 12851, 0, 0, 0
85000, 13325, 0, 0, 0
86001, 13378, 0, 0, 0
87000, 13045, 0, 0, 0
88000, 13080, 0, 0, 0
89000, 12271, 0, 0, 0
90001, 12874, 0, 0, 0
91001, 12456, 0, 0, 0
92000, 12853, 0, 0, 0
93000, 13063, 0, 0, 0
94000, 12736, 0, 0, 0
95001, 12777, 0, 0, 0
96001, 12872, 0, 0, 0
97000, 12867, 0, 0, 0
98000, 12966, 0, 0, 0
99000, 12883, 0, 0, 0
100000, 13189, 0, 0, 0
101001, 12366, 0, 0, 0
102000, 12447, 0, 0, 0
103000, 12207, 0, 0, 0
104027, 12417, 0, 0, 0
105000, 12556, 0, 0, 0
106001, 12312, 0, 0, 0
107001, 12448, 0, 0, 0
108000, 13006, 0, 0, 0
109001, 12726, 0, 0, 0
110000, 12938, 0, 0, 0
111000, 13116, 0, 0, 0
112001, 12559, 0, 0, 0
113000, 12793, 0, 0, 0
114000, 12726, 0, 0, 0
115000, 13071, 0, 0, 0
116000, 12879, 0, 0, 0
117001, 12961, 0, 0, 0
118000, 12767, 0, 0, 0
119000, 12917, 0, 0, 0
120000, 12074, 0, 0, 0
121001, 12721, 0, 0, 0
122000, 13145, 0, 0, 0
123001, 12838, 0, 0, 0
124000, 12490, 0, 0, 0
125000, 12474, 0, 0, 0
126000, 12598, 0, 0, 0
127000, 12693, 0, 0, 0
128000, 12596, 0, 0, 0
129000, 12747, 0, 0, 0
130000, 12628, 0, 0, 0
131000, 13416, 0, 0, 0
132000, 13130, 0, 0, 0
133000, 12895, 0, 0, 0
134000, 13106, 0, 0, 0
135000, 13100, 0, 0, 0
136001, 12424, 0, 0, 0
137001, 13232, 0, 0, 0
138002, 12112, 0, 0, 0
139000, 13271, 0, 0, 0
140000, 12842, 0, 0, 0
141001, 12704, 0, 0, 0
142000, 12739, 0, 0, 0
143000, 12881, 0, 0, 0
144001, 12473, 0, 0, 0
145000, 12847, 0, 0, 0
146001, 12843, 0, 0, 0
147001, 12863, 0, 0, 0
148001, 12362, 0, 0, 0
149000, 12449, 0, 0, 0
150000, 12652, 0, 0, 0
151000, 12806, 0, 0, 0
152000, 12395, 0, 0, 0
153000, 12287, 0, 0, 0
154001, 12553, 0, 0, 0
155000, 12524, 0, 0, 0
156001, 12532, 0, 0, 0
157001, 12600, 0, 0, 0
158000, 12786, 0, 0, 0
159001, 12841, 0, 0, 0
160000, 12819, 0, 0, 0
161000, 13229, 0, 0, 0
162000, 12538, 0, 0, 0
163000, 13031, 0, 0, 0
164000, 12760, 0, 0, 0
165000, 12740, 0, 0, 0
166000, 12525, 0, 0, 0
167000, 12668, 0, 0, 0
168000, 12582, 0, 0, 0
169000, 12754, 0, 0, 0
170000, 12591, 0, 0, 0
171005, 12862, 0, 0, 0
172000, 12919, 0, 0, 0
173000, 12561, 0, 0, 0
174000, 13241, 0, 0, 0
175000, 13120, 0, 0, 0
176001, 12873, 0, 0, 0
177001, 12597, 0, 0, 0
178000, 12776, 0, 0, 0
179000, 13045, 0, 0, 0
180000, 12926, 0, 0, 0
181000, 13090, 0, 0, 0
182000, 13012, 0, 0, 0
183000, 12945, 0, 0, 0
184000, 12379, 0, 0, 0
185000, 12511, 0, 0, 0
186001, 12403, 0, 0, 0
187001, 12935, 0, 0, 0
188000, 12587, 0, 0, 0
189000, 12617, 0, 0, 0
190000, 12451, 0, 0, 0
191000, 13013, 0, 0, 0
192000, 12797, 0, 0, 0
193000, 12540, 0, 0, 0
194000, 12454, 0, 0, 0
195000, 12687, 0, 0, 0
196000, 12383, 0, 0, 0
197000, 13302, 0, 0, 0
198001, 13379, 0, 0, 0
199000, 12584, 0, 0, 0
200000, 12794, 0, 0, 0
201000, 12883, 0, 0, 0
202000, 12340, 0, 0, 0
203000, 12378, 0, 0, 0
204007, 12934, 0, 0, 0
205000, 12669, 0, 0, 0
206000, 13377, 0, 0, 0
207001, 12498, 0, 0, 0
208001, 12522, 0, 0, 0
209001, 13067, 0, 0, 0
210002, 13116, 0, 0, 0
211000, 11626, 0, 0, 0
212002, 12477, 0, 0, 0
213000, 12882, 0, 0, 0
214001, 12597, 0, 0, 0
215000, 12940, 0, 0, 0
216002, 12706, 0, 0, 0
217001, 12210, 0, 0, 0
218001, 13091, 0, 0, 0
219000, 10985, 0, 0, 0
220000, 12795, 0, 0, 0
221000, 13024, 0, 0, 0
222001, 13100, 0, 0, 0
223000, 12647, 0, 0, 0
224000, 13583, 0, 0, 0
225001, 13026, 0, 0, 0
226000, 12709, 0, 0, 0
227001, 12757, 0, 0, 0
228000, 12296, 0, 0, 0
229000, 12842, 0, 0, 0
230000, 12813, 0, 0, 0
231001, 13226, 0, 0, 0
232001, 13138, 0, 0, 0
233000, 12558, 0, 0, 0
234000, 12717, 0, 0, 0
235000, 12420, 0, 0, 0
236003, 12708, 0, 0, 0
237001, 12533, 0, 0, 0
238000, 12980, 0, 0, 0
239000, 13496, 0, 0, 0
240002, 13252, 0, 0, 0
241000, 13528, 0, 0, 0
242001, 13245, 0, 0, 0
243001, 12446, 0, 0, 0
244000, 12627, 0, 0, 0
245000, 12354, 0, 0, 0
246000, 12750, 0, 0, 0
247000, 12304, 0, 0, 0
248002, 12821, 0, 0, 0
249000, 12639, 0, 0, 0
250000, 12429, 0, 0, 0
251000, 12684, 0, 0, 0
252000, 12677, 0, 0, 0
253000, 12941, 0, 0, 0
254000, 12541, 0, 0, 0
255001, 12479, 0, 0, 0
256000, 12787, 0, 0, 0
257000, 13599, 0, 0, 0
258001, 12790, 0, 0, 0
259000, 12728, 0, 0, 0
260000, 12639, 0, 0, 0
261000, 12708, 0, 0, 0
262000, 12630, 0, 0, 0
263000, 13226, 0, 0, 0
264001, 12705, 0, 0, 0
265000, 12681, 0, 0, 0
266000, 12726, 0, 0, 0
267001, 12438, 0, 0, 0
268000, 12489, 0, 0, 0
269000, 12446, 0, 0, 0
270000, 12775, 0, 0, 0
271000, 12529, 0, 0, 0
272001, 12270, 0, 0, 0
273000, 12738, 0, 0, 0
274000, 13190, 0, 0, 0
275000, 13513, 0, 0, 0
276001, 12665, 0, 0, 0
277000, 13659, 0, 0, 0
278000, 12653, 0, 0, 0
279001, 12436, 0, 0, 0
280000, 13147, 0, 0, 0
281001, 12663, 0, 0, 0
282001, 12944, 0, 0, 0
283002, 12805, 0, 0, 0
284001, 12876, 0, 0, 0
285001, 12691, 0, 0, 0
286000, 12757, 0, 0, 0
287000, 12712, 0, 0, 0
288000, 12801, 0, 0, 0
289001, 12743, 0, 0, 0
290000, 12801, 0, 0, 0
291000, 12421, 0, 0, 0
292001, 12898, 0, 0, 0
293024, 12652, 0, 0, 0
294001, 12774, 0, 0, 0
295001, 12807, 0, 0, 0
296001, 12348, 0, 0, 0
297000, 12606, 0, 0, 0
298002, 12583, 0, 0, 0
299000, 12725, 0, 0, 0
300000, 12616, 0, 0, 0
301000, 12941, 0, 0, 0
302000, 13270, 0, 0, 0
303000, 12736, 0, 0, 0
304000, 12492, 0, 0, 0
305000, 12716, 0, 0, 0
306001, 12639, 0, 0, 0
307001, 12382, 0, 0, 0
308000, 12573, 0, 0, 0
309000, 12872, 0, 0, 0
310000, 12368, 0, 0, 0
311001, 12142, 0, 0, 0
312000, 12348, 0, 0, 0
313000, 13219, 0, 0, 0
314000, 13245, 0, 0, 0
315000, 13058, 0, 0, 0
316001, 13095, 0, 0, 0
317000, 12926, 0, 0, 0
318000, 13021, 0, 0, 0
319000, 12496, 0, 0, 0
320001, 12989, 0, 0, 0
321000, 12610, 0, 0, 0
322000, 12619, 0, 0, 0
323000, 12602, 0, 0, 0
324000, 13069, 0, 0, 0
325002, 12401, 0, 0, 0
326000, 13507, 0, 0, 0
327000, 12643, 0, 0, 0
328000, 12572, 0, 0, 0
329000, 12978, 0, 0, 0
330000, 13021, 0, 0, 0
331000, 13166, 0, 0, 0
332000, 12606, 0, 0, 0
333000, 12436, 0, 0, 0
334000, 13212, 0, 0, 0
335000, 12694, 0, 0, 0
336000, 12382, 0, 0, 0
337000, 12811, 0, 0, 0
338000, 13296, 0, 0, 0
339000, 12950, 0, 0, 0
340001, 12688, 0, 0, 0
341000, 12860, 0, 0, 0
342001, 12575, 0, 0, 0
343000, 13183, 0, 0, 0
344000, 12847, 0, 0, 0
345001, 12471, 0, 0, 0
346000, 12935, 0, 0, 0
347001, 12686, 0, 0, 0
348000, 12741, 0, 0, 0
349000, 12833, 0, 0, 0
350001, 12823, 0, 0, 0
351000, 12541, 0, 0, 0
352000, 12641, 0, 0, 0
353000, 12900, 0, 0, 0
354001, 12704, 0, 0, 0
355000, 13240, 0, 0, 0
356001, 12724, 0, 0, 0
357000, 12765, 0, 0, 0
358000, 12730, 0, 0, 0
359001, 12979, 0, 0, 0
360000, 12928, 0, 0, 0
