1001, 11699, 0, 0, 0
2001, 11289, 0, 0, 0
3001, 11699, 0, 0, 0
4000, 12014, 0, 0, 0
5001, 12320, 0, 0, 0
6000, 12294, 0, 0, 0
7000, 11821, 0, 0, 0
8000, 11489, 0, 0, 0
9001, 11917, 0, 0, 0
10000, 10968, 0, 0, 0
11000, 11011, 0, 0, 0
12000, 10671, 0, 0, 0
13002, 11860, 0, 0, 0
14000, 10812, 0, 0, 0
15000, 11212, 0, 0, 0
16001, 12210, 0, 0, 0
17000, 11789, 0, 0, 0
18000, 12374, 0, 0, 0
19002, 12224, 0, 0, 0
20000, 12636, 0, 0, 0
21000, 12129, 0, 0, 0
22001, 11912, 0, 0, 0
23001, 12513, 0, 0, 0
24001, 11993, 0, 0, 0
25000, 11843, 0, 0, 0
26000, 11515, 0, 0, 0
27001, 12170, 0, 0, 0
28000, 12407, 0, 0, 0
29000, 12840, 0, 0, 0
30000, 12454, 0, 0, 0
31001, 12756, 0, 0, 0
32001, 12438, 0, 0, 0
33000, 12641, 0, 0, 0
34001, 12844, 0, 0, 0
35000, 12654, 0, 0, 0
36000, 12508, 0, 0, 0
37000, 12394, 0, 0, 0
38001, 12129, 0, 0, 0
39000, 12460, 0, 0, 0
40000, 11644, 0, 0, 0
41000, 12935, 0, 0, 0
42001, 12357, 0, 0, 0
43000, 12441, 0, 0, 0
44001, 12703, 0, 0, 0
45000, 11373, 0, 0, 0
46000, 5458, 0, 0, 0
47000, 5363, 0, 0, 0
48000, 5274, 0, 0, 0
49000, 5210, 0, 0, 0
50000, 5208, 0, 0, 0
51000, 5600, 0, 0, 0
52000, 5360, 0, 0, 0
53000, 5153, 0, 0, 0
54001, 6034, 0, 0, 0
55001, 11951, 0, 0, 0
56000, 10939, 0, 0, 0
57001, 10959, 0, 0, 0
58001, 10087, 0, 0, 0
59001, 11975, 0, 0, 0
60000, 12298, 0, 0, 0
61002, 11917, 0, 0, 0
62000, 12312, 0, 0, 0
63001, 12328, 0, 0, 0
64000, 12150, 0, 0, 0
65000, 12955, 0, 0, 0
66001, 12895, 0, 0, 0
67000, 11550, 0, 0, 0
68000, 12393, 0, 0, 0
69000, 11934, 0, 0, 0
70000, 12470, 0, 0, 0
71001, 12780, 0, 0, 0
72000, 12381, 0, 0, 0
73000, 11862, 0, 0, 0
74000, 12292, 0, 0, 0
75001, 12400, 0, 0, 0
76000, 12287, 0, 0, 0
77000, 12652, 0, 0, 0
78000, 12463, 0, 0, 0
79000, 12114, 0, 0, 0
80001, 12563, 0, 0, 0
81001, 12333, 0, 0, 0
82002, 12312, 0, 0, 0
83000, 12233, 0, 0, 0
84000, 11843, 0, 0, 0
85000, 11833, 0, 0, 0
86000, 12280, 0, 0, 0
87000, 12055, 0, 0, 0
88000, 10825, 0, 0, 0
89001, 10749, 0, 0, 0
90000, 10723, 0, 0, 0
91000, 9915, 0, 0, 0
92001, 9270, 0, 0, 0
93001, 10724, 0, 0, 0
94000, 11511, 0, 0, 0
95001, 11065, 0, 0, 0
96000, 11657, 0, 0, 0
97000, 12532, 0, 0, 0
98000, 12564, 0, 0, 0
99001, 12732, 0, 0, 0
100000, 12593, 0, 0, 0
101000, 12523, 0, 0, 0
102001, 12650, 0, 0, 0
103001, 11955, 0, 0, 0
104000, 6501, 0, 0, 0
105000, 5216, 0, 0, 0
106000, 5500, 0, 0, 0
107000, 5132, 0, 0, 0
108001, 5179, 0, 0, 0
109001, 9359, 0, 0, 0
110000, 11257, 0, 0, 0
111000, 10811, 0, 0, 0
112003, 10824, 0, 0, 0
113001, 12079, 0, 0, 0
114000, 11369, 0, 0, 0
115000, 12226, 0, 0, 0
116000, 11618, 0, 0, 0
117001, 11655, 0, 0, 0
118001, 11952, 0, 0, 0
119000, 11740, 0, 0, 0
120000, 10694, 0, 0, 0
121002, 11865, 0, 0, 0
122000, 11640, 0, 0, 0
123000, 11955, 0, 0, 0
124000, 12421, 0, 0, 0
125000, 12526, 0, 0, 0
126000, 12064, 0, 0, 0
127000, 11634, 0, 0, 0
128000, 7153, 0, 0, 0
129000, 5457, 0, 0, 0
130000, 5264, 0, 0, 0
131000, 5777, 0, 0, 0
132000, 12651, 0, 0, 0
133000, 12596, 0, 0, 0
134000, 11657, 0, 0, 0
135000, 12349, 0, 0, 0
136000, 12267, 0, 0, 0
137000, 11869, 0, 0, 0
138000, 12778, 0, 0, 0
139000, 12802, 0, 0, 0
140000, 12613, 0, 0, 0
141000, 13038, 0, 0, 0
142000, 12640, 0, 0, 0
143000, 12421, 0, 0, 0
144000, 11591, 0, 0, 0
145000, 11642, 0, 0, 0
146000, 11631, 0, 0, 0
147000, 8698, 0, 0, 0
148000, 5284, 0, 0, 0
149000, 5158, 0, 0, 0
150000, 5320, 0, 0, 0
151001, 8632, 0, 0, 0
152001, 10071, 0, 0, 0
153001, 10998, 0, 0, 0
154000, 11555, 0, 0, 0
155000, 10928, 0, 0, 0
156000, 9661, 0, 0, 0
157000, 10841, 0, 0, 0
158000, 11283, 0, 0, 0
159000, 11537, 0, 0, 0
160000, 11781, 0, 0, 0
161001, 10408, 0, 0, 0
162001, 11627, 0, 0, 0
163001, 12160, 0, 0, 0
164000, 11274, 0, 0, 0
165002, 11840, 0, 0, 0
166001, 11833, 0, 0, 0
167002, 11611, 0, 0, 0
168000, 11866, 0, 0, 0
169000, 11826, 0, 0, 0
170001, 11765, 0, 0, 0
171000, 11931, 0, 0, 0
172001, 11934, 0, 0, 0
173000, 11863, 0, 0, 0
174000, 11797, 0, 0, 0
175000, 12161, 0, 0, 0
176000, 11806, 0, 0, 0
177000, 11908, 0, 0, 0
178000, 12023, 0, 0, 0
179000, 11982, 0, 0, 0
180000, 11903, 0, 0, 0
181000, 11876, 0, 0, 0
182000, 11845, 0, 0, 0
183001, 11569, 0, 0, 0
184000, 12233, 0, 0, 0
185001, 12332, 0, 0, 0
186000, 12431, 0, 0, 0
187000, 11814, 0, 0, 0
188001, 11816, 0, 0, 0
189000, 12990, 0, 0, 0
190000, 11812, 0, 0, 0
191000, 10298, 0, 0, 0
192000, 10782, 0, 0, 0
193001, 11080, 0, 0, 0
194000, 12570, 0, 0, 0
195000, 12533, 0, 0, 0
196001, 12609, 0, 0, 0
197000, 12434, 0, 0, 0
198002, 12761, 0, 0, 0
199000, 12662, 0, 0, 0
200000, 12540, 0, 0, 0
201000, 12364, 0, 0, 0
202001, 12678, 0, 0, 0
203000, 12618, 0, 0, 0
204001, 12831, 0, 0, 0
205000, 12389, 0, 0, 0
206000, 12939, 0, 0, 0
207000, 12818, 0, 0, 0
208000, 12620, 0, 0, 0
209000, 12074, 0, 0, 0
210000, 12277, 0, 0, 0
211001, 12225, 0, 0, 0
212000, 12665, 0, 0, 0
213001, 12375, 0, 0, 0
214001, 12631, 0, 0, 0
215000, 11730, 0, 0, 0
216000, 12190, 0, 0, 0
217000, 11945, 0, 0, 0
218000, 12062, 0, 0, 0
219000, 11388, 0, 0, 0
220000, 12022, 0, 0, 0
221001, 12411, 0, 0, 0
222000, 12397, 0, 0, 0
223001, 12573, 0, 0, 0
224001, 12302, 0, 0, 0
225000, 12292, 0, 0, 0
226000, 12240, 0, 0, 0
227001, 12359, 0, 0, 0
228000, 8637, 0, 0, 0
229000, 5840, 0, 0, 0
230000, 5222, 0, 0, 0
231000, 5345, 0, 0, 0
232000, 7926, 0, 0, 0
233000, 12463, 0, 0, 0
234000, 12320, 0, 0, 0
235000, 12698, 0, 0, 0
236002, 12469, 0, 0, 0
237000, 12298, 0, 0, 0
238000, 12447, 0, 0, 0
239001, 8786, 0, 0, 0
240000, 5683, 0, 0, 0
241000, 5258, 0, 0, 0
242000, 5361, 0, 0, 0
243000, 5207, 0, 0, 0
244001, 6497, 0, 0, 0
245000, 10939, 0, 0, 0
246000, 10456, 0, 0, 0
247001, 10070, 0, 0, 0
248000, 10950, 0, 0, 0
249000, 11168, 0, 0, 0
250001, 11536, 0, 0, 0
251000, 11848, 0, 0, 0
252001, 12909, 0, 0, 0
253001, 12279, 0, 0, 0
254000, 11274, 0, 0, 0
255000, 11643, 0, 0, 0
256001, 12136, 0, 0, 0
257000, 12108, 0, 0, 0
258002, 12489, 0, 0, 0
259001, 12268, 0, 0, 0
260000, 12014, 0, 0, 0
261000, 12287, 0, 0, 0
262001, 11729, 0, 0, 0
263000, 12478, 0, 0, 0
264000, 12519, 0, 0, 0
265000, 12808, 0, 0, 0
266000, 12182, 0, 0, 0
267001, 12268, 0, 0, 0
268000, 12309, 0, 0, 0
269000, 12314, 0, 0, 0
270001, 11664, 0, 0, 0
271001, 12892, 0, 0, 0
272001, 12867, 0, 0, 0
273001, 12474, 0, 0, 0
274001, 12710, 0, 0, 0
275000, 12521, 0, 0, 0
276000, 12539, 0, 0, 0
277000, 12654, 0, 0, 0
278000, 11972, 0, 0, 0
279000, 11911, 0, 0, 0
280001, 13051, 0, 0, 0
281000, 12179, 0, 0, 0
282001, 12396, 0, 0, 0
283000, 12455, 0, 0, 0
284001, 12089, 0, 0, 0
285000, 12486, 0, 0, 0
286000, 12003, 0, 0, 0
287000, 12402, 0, 0, 0
288000, 12382, 0, 0, 0
289001, 12495, 0, 0, 0
290001, 12442, 0, 0, 0
291001, 12328, 0, 0, 0
292000, 12697, 0, 0, 0
293000, 13047, 0, 0, 0
294001, 12517, 0, 0, 0
295000, 13158, 0, 0, 0
296001, 12671, 0, 0, 0
297001, 12278, 0, 0, 0
298000, 12271, 0, 0, 0
299000, 12358, 0, 0, 0
300000, 12592, 0, 0, 0
301000, 11936, 0, 0, 0
302000, 11962, 0, 0, 0
303000, 12421, 0, 0, 0
304000, 12469, 0, 0, 0
305000, 12103, 0, 0, 0
306000, 12030, 0, 0, 0
307002, 12500, 0, 0, 0
308000, 12443, 0, 0, 0
309000, 12297, 0, 0, 0
310000, 12867, 0, 0, 0
311000, 12372, 0, 0, 0
312000, 12363, 0, 0, 0
313001, 12774, 0, 0, 0
314000, 12488, 0, 0, 0
315001, 12598, 0, 0, 0
316001, 6597, 0, 0, 0
317000, 5403, 0, 0, 0
318000, 5460, 0, 0, 0
319000, 5193, 0, 0, 0
320000, 6381, 0, 0, 0
321001, 12086, 0, 0, 0
322001, 12310, 0, 0, 0
323000, 11748, 0, 0, 0
324001, 11791, 0, 0, 0
325000, 11556, 0, 0, 0
326001, 11903, 0, 0, 0
327000, 12012, 0, 0, 0
328000, 11893, 0, 0, 0
329002, 11295, 0, 0, 0
330000, 11838, 0, 0, 0
331000, 12411, 0, 0, 0
332001, 12375, 0, 0, 0
333023, 12749, 0, 0, 0
334000, 12415, 0, 0, 0
335000, 12232, 0, 0, 0
336000, 12195, 0, 0, 0
337001, 11615, 0, 0, 0
338002, 12081, 0, 0, 0
339000, 12067, 0, 0, 0
340000, 11743, 0, 0, 0
341001, 11395, 0, 0, 0
342000, 11369, 0, 0, 0
343000, 11884, 0, 0, 0
344000, 11825, 0, 0, 0
345000, 12185, 0, 0, 0
346001, 11706, 0, 0, 0
347000, 12275, 0, 0, 0
348000, 11868, 0, 0, 0
349000, 12665, 0, 0, 0
350002, 13152, 0, 0, 0
351000, 12426, 0, 0, 0
352001, 12515, 0, 0, 0
353000, 12487, 0, 0, 0
354001, 12711, 0, 0, 0
355000, 12266, 0, 0, 0
356001, 12656, 0, 0, 0
357002, 12464, 0, 0, 0
358002, 11847, 0, 0, 0
359000, 12875, 0, 0, 0
360001, 11881, 0, 0, 0
