1002, 1440991, 1, 0, 0
2006, 1487850, 1, 0, 0
3007, 1395760, 1, 0, 0
4002, 1485738, 1, 0, 0
5000, 1506971, 1, 0, 0
6000, 1471705, 1, 0, 0
7000, 1553032, 1, 0, 0
8012, 1507838, 1, 0, 0
9006, 1545503, 1, 0, 0
10006, 1600777, 1, 0, 0
11007, 1698491, 1, 0, 0
12000, 1736448, 1, 0, 0
13000, 1352267, 1, 0, 0
14000, 1328680, 1, 0, 0
15002, 1164801, 1, 0, 0
16000, 1231519, 1, 0, 0
17000, 1392952, 1, 0, 0
18005, 1398138, 1, 0, 0
19000, 634221, 1, 0, 0
20000, 460789, 1, 0, 0
21000, 459648, 1, 0, 0
22000, 518076, 1, 0, 0
23000, 693778, 1, 0, 0
24000, 650084, 1, 0, 0
25000, 611754, 1, 0, 0
26000, 710317, 1, 0, 0
27000, 911181, 1, 0, 0
28000, 902659, 1, 0, 0
29003, 842927, 1, 0, 0
30007, 951828, 1, 0, 0
31003, 957555, 1, 0, 0
32000, 988080, 1, 0, 0
33006, 965867, 1, 0, 0
34004, 958241, 1, 0, 0
35000, 924495, 1, 0, 0
36009, 890839, 1, 0, 0
37000, 936607, 1, 0, 0
38000, 952340, 1, 0, 0
39001, 959111, 1, 0, 0
40004, 903432, 1, 0, 0
41003, 838473, 1, 0, 0
42002, 1272034, 1, 0, 0
43000, 1070676, 1, 0, 0
44000, 727918, 1, 0, 0
45000, 629655, 1, 0, 0
46000, 631194, 1, 0, 0
47000, 548095, 1, 0, 0
48000, 713426, 1, 0, 0
49000, 687917, 1, 0, 0
50000, 590005, 1, 0, 0
51000, 837202, 1, 0, 0
52000, 1061746, 1, 0, 0
53000, 1224950, 1, 0, 0
54001, 1487253, 1, 0, 0
55017, 1485264, 1, 0, 0
56000, 1563512, 1, 0, 0
57000, 1550343, 1, 0, 0
58004, 1577645, 1, 0, 0
59000, 1392741, 1, 0, 0
60000, 474453, 1, 0, 0
61000, 459067, 1, 0, 0
62000, 460460, 1, 0, 0
63000, 607684, 1, 0, 0
64003, 854963, 1, 0, 0
65000, 695775, 1, 0, 0
66000, 583950, 1, 0, 0
67003, 684540, 1, 0, 0
68000, 732858, 1, 0, 0
69000, 728031, 1, 0, 0
70000, 805106, 1, 0, 0
71003, 982461, 1, 0, 0
72003, 944707, 1, 0, 0
73000, 863344, 1, 0, 0
74000, 807692, 1, 0, 0
75000, 940714, 1, 0, 0
76000, 940425, 1, 0, 0
77000, 886697, 1, 0, 0
78000, 956343, 1, 0, 0
79000, 916017, 1, 0, 0
80000, 1029002, 1, 0, 0
81001, 1751658, 1, 0, 0
82001, 1709925, 1, 0, 0
83003, 1664895, 1, 0, 0
84000, 1776645, 1, 0, 0
85003, 1695254, 1, 0, 0
86004, 1717400, 1, 0, 0
87000, 2054864, 1, 0, 0
88000, 1787640, 1, 0, 0
89009, 1744344, 1, 0, 0
90006, 979298, 1, 0, 0
91000, 950620, 1, 0, 0
92000, 916818, 1, 0, 0
93000, 500535, 1, 0, 0
94000, 458645, 1, 0, 0
95000, 458398, 1, 0, 0
96004, 519178, 1, 0, 0
97000, 722888, 1, 0, 0
98000, 594483, 1, 0, 0
99000, 522928, 1, 0, 0
100000, 519245, 1, 0, 0
101005, 902686, 1, 0, 0
102000, 990683, 1, 0, 0
103000, 978714, 1, 0, 0
104000, 1107944, 1, 0, 0
105009, 1050175, 1, 0, 0
106000, 1135134, 1, 0, 0
107000, 1208578, 1, 0, 0
108010, 1473027, 1, 0, 0
109000, 1377760, 1, 0, 0
110014, 1329273, 1, 0, 0
111009, 1386171, 1, 0, 0
112005, 1429482, 1, 0, 0
113008, 1481593, 1, 0, 0
114009, 1813311, 1, 0, 0
115001, 1602414, 1, 0, 0
116002, 1671448, 1, 0, 0
117002, 1683942, 1, 0, 0
118000, 1671738, 1, 0, 0
119003, 1787656, 1, 0, 0
120001, 1737632, 1, 0, 0
121000, 1717437, 1, 0, 0
122000, 1807501, 1, 0, 0
123004, 1776238, 1, 0, 0
124005, 1736894, 1, 0, 0
125000, 622626, 1, 0, 0
126000, 458138, 1, 0, 0
127000, 459332, 1, 0, 0
128002, 619890, 1, 0, 0
129000, 511464, 1, 0, 0
130000, 461549, 1, 0, 0
131000, 544150, 1, 0, 0
132000, 622860, 1, 0, 0
133000, 605499, 1, 0, 0
134000, 672531, 1, 0, 0
135000, 688430, 1, 0, 0
136000, 585476, 1, 0, 0
137000, 829650, 1, 0, 0
138000, 929491, 1, 0, 0
139001, 914020, 1, 0, 0
140000, 510820, 1, 0, 0
141000, 459421, 1, 0, 0
142000, 460380, 1, 0, 0
143000, 473491, 1, 0, 0
144000, 459411, 1, 0, 0
145000, 460660, 1, 0, 0
146004, 775359, 1, 0, 0
147000, 723711, 1, 0, 0
148000, 649370, 1, 0, 0
149001, 664391, 1, 0, 0
150000, 722780, 1, 0, 0
151001, 668249, 1, 0, 0
152000, 667852, 1, 0, 0
153000, 646900, 1, 0, 0
154000, 909867, 1, 0, 0
155005, 846278, 1, 0, 0
156000, 804465, 1, 0, 0
157000, 696239, 1, 0, 0
158000, 675077, 1, 0, 0
159000, 717443, 1, 0, 0
160000, 690441, 1, 0, 0
161000, 634524, 1, 0, 0
162000, 638545, 1, 0, 0
163000, 683856, 1, 0, 0
164000, 694381, 1, 0, 0
165002, 748031, 1, 0, 0
166000, 717916, 1, 0, 0
167000, 734133, 1, 0, 0
168005, 1145680, 1, 0, 0
169000, 1441769, 1, 0, 0
170000, 1435441, 1, 0, 0
171002, 1372619, 1, 0, 0
172000, 1338710, 1, 0, 0
173000, 1092862, 1, 0, 0
174005, 1116414, 1, 0, 0
175000, 1232168, 1, 0, 0
176000, 1134718, 1, 0, 0
177001, 1242767, 1, 0, 0
178000, 1316418, 1, 0, 0
179005, 1250310, 1, 0, 0
180004, 1029785, 1, 0, 0
181000, 1043478, 1, 0, 0
182003, 972781, 1, 0, 0
183003, 1045079, 1, 0, 0
184009, 1408008, 1, 0, 0
185000, 1452933, 1, 0, 0
186004, 1214075, 1, 0, 0
187000, 1074955, 1, 0, 0
188006, 1080392, 1, 0, 0
189000, 1113168, 1, 0, 0
190000, 994183, 1, 0, 0
191000, 828633, 1, 0, 0
192000, 776732, 1, 0, 0
193003, 783215, 1, 0, 0
194000, 872814, 1, 0, 0
195006, 1048614, 1, 0, 0
196000, 1179011, 1, 0, 0
197000, 1360128, 1, 0, 0
198000, 1318212, 1, 0, 0
199000, 1241170, 1, 0, 0
200004, 1129557, 1, 0, 0
201000, 1134372, 1, 0, 0
202010, 1166741, 1, 0, 0
203011, 1677879, 1, 0, 0
204005, 1666367, 1, 0, 0
205000, 1652510, 1, 0, 0
206000, 1552362, 1, 0, 0
207001, 1543211, 1, 0, 0
208005, 1572649, 1, 0, 0
209001, 1561224, 1, 0, 0
210006, 1222367, 1, 0, 0
211000, 1247080, 1, 0, 0
212003, 1350785, 1, 0, 0
213005, 1208348, 1, 0, 0
214000, 1280082, 1, 0, 0
215000, 1279227, 1, 0, 0
216004, 1194294, 1, 0, 0
217003, 1127476, 1, 0, 0
218010, 1187091, 1, 0, 0
219001, 1396261, 1, 0, 0
220003, 1539404, 1, 0, 0
221005, 1652792, 1, 0, 0
222008, 1651317, 1, 0, 0
223005, 1231737, 1, 0, 0
224000, 1123321, 1, 0, 0
225004, 1082213, 1, 0, 0
226000, 1062056, 1, 0, 0
227000, 1190666, 1, 0, 0
228000, 1122352, 1, 0, 0
229000, 1071942, 1, 0, 0
230004, 1120184, 1, 0, 0
231000, 1119363, 1, 0, 0
232004, 969013, 1, 0, 0
233000, 928271, 1, 0, 0
234006, 1030934, 1, 0, 0
235000, 918021, 1, 0, 0
236000, 942146, 1, 0, 0
237000, 948465, 1, 0, 0
238000, 1037289, 1, 0, 0
239005, 1038731, 1, 0, 0
240000, 1250692, 1, 0, 0
241006, 1129195, 1, 0, 0
242001, 1097273, 1, 0, 0
243000, 1151425, 1, 0, 0
244009, 1149290, 1, 0, 0
245011, 1705798, 1, 0, 0
246000, 1764781, 1, 0, 0
247019, 1061280, 1, 0, 0
248000, 1028357, 1, 0, 0
249000, 968827, 1, 0, 0
250001, 976284, 1, 0, 0
251000, 954975, 1, 0, 0
252000, 947961, 1, 0, 0
253001, 1020610, 1, 0, 0
254005, 1077532, 1, 0, 0
255001, 962040, 1, 0, 0
256002, 1006745, 1, 0, 0
257003, 965722, 1, 0, 0
258000, 929786, 1, 0, 0
259008, 1127338, 1, 0, 0
260004, 1476428, 1, 0, 0
261000, 1638544, 1, 0, 0
262000, 1559268, 1, 0, 0
263011, 1552421, 1, 0, 0
264001, 1595142, 1, 0, 0
265000, 1650465, 1, 0, 0
266000, 1379838, 1, 0, 0
267009, 1320618, 1, 0, 0
268005, 1366367, 1, 0, 0
269006, 1337999, 1, 0, 0
270005, 1356748, 1, 0, 0
271000, 1263745, 1, 0, 0
272004, 1312351, 1, 0, 0
273000, 1439887, 1, 0, 0
274009, 1433211, 1, 0, 0
275000, 1163746, 1, 0, 0
276001, 1103268, 1, 0, 0
277009, 1182438, 1, 0, 0
278005, 1322944, 1, 0, 0
279000, 1068074, 1, 0, 0
280000, 1068531, 1, 0, 0
281000, 1192031, 1, 0, 0
282000, 1162465, 1, 0, 0
283007, 1196784, 1, 0, 0
284000, 1236608, 1, 0, 0
285000, 1391413, 1, 0, 0
286010, 1312037, 1, 0, 0
287001, 1370396, 1, 0, 0
288000, 1414666, 1, 0, 0
289003, 1388129, 1, 0, 0
290008, 1457675, 1, 0, 0
291004, 1435204, 1, 0, 0
292000, 1276794, 1, 0, 0
293010, 1337373, 1, 0, 0
294000, 1284015, 1, 0, 0
295005, 1207546, 1, 0, 0
296001, 1278889, 1, 0, 0
297000, 1261142, 1, 0, 0
298008, 1200028, 1, 0, 0
299000, 1011593, 1, 0, 0
300007, 1014581, 1, 0, 0
301000, 1092406, 1, 0, 0
302001, 1045099, 1, 0, 0
303003, 1180052, 1, 0, 0
304000, 1139228, 1, 0, 0
305000, 1066151, 1, 0, 0
306000, 992538, 1, 0, 0
307006, 981015, 1, 0, 0
308000, 1145484, 1, 0, 0
309000, 1186886, 1, 0, 0
310000, 1181000, 1, 0, 0
311000, 1193932, 1, 0, 0
312007, 1528673, 1, 0, 0
313009, 1488918, 1, 0, 0
314012, 1536738, 1, 0, 0
315001, 1567880, 1, 0, 0
316010, 1834531, 1, 0, 0
317001, 1696356, 1, 0, 0
318000, 1731373, 1, 0, 0
319008, 1656999, 1, 0, 0
320004, 1331140, 1, 0, 0
321000, 1129418, 1, 0, 0
322000, 1082646, 1, 0, 0
323000, 1083287, 1, 0, 0
324010, 1487324, 1, 0, 0
325010, 1624469, 1, 0, 0
326002, 1605863, 1, 0, 0
327002, 1704422, 1, 0, 0
328001, 1621484, 1, 0, 0
329015, 1636908, 1, 0, 0
330002, 1737788, 1, 0, 0
331009, 1544390, 1, 0, 0
332002, 1553876, 1, 0, 0
333000, 1569608, 1, 0, 0
334000, 1707637, 1, 0, 0
335002, 1537793, 1, 0, 0
336005, 1639250, 1, 0, 0
337004, 1607293, 1, 0, 0
338000, 1233461, 1, 0, 0
339000, 1185977, 1, 0, 0
340000, 1186523, 1, 0, 0
341024, 1172450, 1, 0, 0
342000, 1512763, 1, 0, 0
343002, 1840547, 1, 0, 0
344004, 1646336, 1, 0, 0
345009, 1715068, 1, 0, 0
346000, 1693574, 1, 0, 0
347000, 1544014, 1, 0, 0
348000, 1541993, 1, 0, 0
349009, 1477761, 1, 0, 0
350002, 1539938, 1, 0, 0
351001, 1621826, 1, 0, 0
352003, 1662890, 1, 0, 0
353003, 1858281, 1, 0, 0
354000, 1737814, 1, 0, 0
355000, 1694985, 1, 0, 0
356002, 1673109, 1, 0, 0
357007, 1689319, 1, 0, 0
358007, 1668824, 1, 0, 0
359000, 1724554, 1, 0, 0
360000, 1439818, 1, 0, 0
360000, 252475, 1, 0, 0
