1000, 2875, 1, 0, 0
2000, 2877, 1, 0, 0
3000, 3555, 1, 0, 0
4000, 2912, 1, 0, 0
5000, 2889, 1, 0, 0
6000, 2879, 1, 0, 0
7000, 2898, 1, 0, 0
8000, 2892, 1, 0, 0
9000, 2868, 1, 0, 0
10000, 3506, 1, 0, 0
11000, 3539, 1, 0, 0
12000, 2911, 1, 0, 0
13000, 2892, 1, 0, 0
14000, 2888, 1, 0, 0
15000, 2904, 1, 0, 0
16000, 4555, 1, 0, 0
17000, 3335, 1, 0, 0
18000, 2875, 1, 0, 0
19000, 2888, 1, 0, 0
20000, 4411, 1, 0, 0
21000, 5859, 1, 0, 0
22000, 3475, 1, 0, 0
23000, 2896, 1, 0, 0
24008, 2651, 1, 0, 0
25000, 2603, 1, 0, 0
26003, 2608, 1, 0, 0
27006, 2612, 1, 0, 0
28003, 2629, 1, 0, 0
29001, 2671, 1, 0, 0
30000, 2643, 1, 0, 0
31005, 2632, 1, 0, 0
32004, 2611, 1, 0, 0
33008, 2621, 1, 0, 0
34004, 2603, 1, 0, 0
35007, 2601, 1, 0, 0
36000, 2612, 1, 0, 0
37009, 2617, 1, 0, 0
38000, 2627, 1, 0, 0
39000, 2611, 1, 0, 0
40006, 2635, 1, 0, 0
41002, 2619, 1, 0, 0
42000, 2623, 1, 0, 0
43006, 2615, 1, 0, 0
44005, 2626, 1, 0, 0
45000, 2631, 1, 0, 0
46004, 2637, 1, 0, 0
47006, 2615, 1, 0, 0
48009, 2634, 1, 0, 0
49002, 2666, 1, 0, 0
50017, 2678, 1, 0, 0
51003, 2650, 1, 0, 0
52007, 2658, 1, 0, 0
53001, 2642, 1, 0, 0
54007, 2614, 1, 0, 0
55000, 2560, 1, 0, 0
56000, 3281, 1, 0, 0
57000, 5026, 1, 0, 0
58000, 5127, 1, 0, 0
59000, 5122, 1, 0, 0
60000, 5093, 1, 0, 0
61007, 3758, 1, 0, 0
62004, 2644, 1, 0, 0
63000, 2632, 1, 0, 0
64000, 2620, 1, 0, 0
65012, 2630, 1, 0, 0
66000, 2614, 1, 0, 0
67000, 2633, 1, 0, 0
68000, 2635, 1, 0, 0
69008, 2618, 1, 0, 0
70000, 2551, 1, 0, 0
71000, 3153, 1, 0, 0
72000, 4987, 1, 0, 0
73000, 5006, 1, 0, 0
74000, 5117, 1, 0, 0
75000, 5112, 1, 0, 0
76000, 3329, 1, 0, 0
77000, 2920, 1, 0, 0
78000, 2901, 1, 0, 0
79000, 2903, 1, 0, 0
80000, 2905, 1, 0, 0
81000, 2896, 1, 0, 0
82000, 2918, 1, 0, 0
83000, 2898, 1, 0, 0
84000, 2905, 1, 0, 0
85000, 2901, 1, 0, 0
86000, 3898, 1, 0, 0
87008, 3328, 1, 0, 0
88003, 2641, 1, 0, 0
89003, 2640, 1, 0, 0
90000, 2606, 1, 0, 0
91000, 2611, 1, 0, 0
92000, 2568, 1, 0, 0
93000, 3543, 1, 0, 0
94000, 4920, 1, 0, 0
95000, 4936, 1, 0, 0
96000, 5070, 1, 0, 0
97000, 4970, 1, 0, 0
98000, 4944, 1, 0, 0
99000, 2895, 1, 0, 0
100000, 3492, 1, 0, 0
101000, 2899, 1, 0, 0
102000, 2925, 1, 0, 0
103000, 2900, 1, 0, 0
104000, 2915, 1, 0, 0
105000, 2923, 1, 0, 0
106000, 2898, 1, 0, 0
107000, 2907, 1, 0, 0
108000, 2914, 1, 0, 0
109000, 3432, 1, 0, 0
110000, 2901, 1, 0, 0
111000, 2901, 1, 0, 0
112000, 3492, 1, 0, 0
113000, 2925, 1, 0, 0
114000, 2891, 1, 0, 0
115000, 2904, 1, 0, 0
116000, 2896, 1, 0, 0
117000, 2879, 1, 0, 0
118000, 2874, 1, 0, 0
119000, 3639, 1, 0, 0
120000, 3226, 1, 0, 0
121000, 3535, 1, 0, 0
122000, 2896, 1, 0, 0
123000, 2888, 1, 0, 0
124000, 2907, 1, 0, 0
125000, 2894, 1, 0, 0
126000, 4548, 1, 0, 0
127004, 6367, 1, 0, 0
128000, 6367, 1, 0, 0
129008, 4649, 1, 0, 0
130010, 2639, 1, 0, 0
131010, 2632, 1, 0, 0
132004, 2605, 1, 0, 0
133007, 2623, 1, 0, 0
134010, 2618, 1, 0, 0
135000, 2657, 1, 0, 0
136000, 2691, 1, 0, 0
137000, 2555, 1, 0, 0
138000, 3495, 1, 0, 0
139000, 2887, 1, 0, 0
140000, 2887, 1, 0, 0
141000, 2914, 1, 0, 0
142000, 2916, 1, 0, 0
143000, 2897, 1, 0, 0
144000, 2897, 1, 0, 0
145000, 2899, 1, 0, 0
146000, 2904, 1, 0, 0
147000, 2902, 1, 0, 0
148000, 2903, 1, 0, 0
149000, 3431, 1, 0, 0
150000, 2898, 1, 0, 0
151000, 3793, 1, 0, 0
152000, 2910, 1, 0, 0
153000, 2924, 1, 0, 0
154000, 2906, 1, 0, 0
155000, 2904, 1, 0, 0
156000, 2886, 1, 0, 0
157000, 2880, 1, 0, 0
158000, 2893, 1, 0, 0
159000, 3398, 1, 0, 0
160000, 2900, 1, 0, 0
161000, 3540, 1, 0, 0
162000, 3198, 1, 0, 0
163000, 2886, 1, 0, 0
164000, 2891, 1, 0, 0
165000, 2883, 1, 0, 0
166000, 2897, 1, 0, 0
167000, 2937, 1, 0, 0
168000, 2913, 1, 0, 0
169000, 3352, 1, 0, 0
170000, 3011, 1, 0, 0
171000, 3075, 1, 0, 0
172000, 3098, 1, 0, 0
173000, 3183, 1, 0, 0
174000, 2798, 1, 0, 0
175000, 2727, 1, 0, 0
176002, 2651, 1, 0, 0
177000, 2611, 1, 0, 0
178001, 2601, 1, 0, 0
179002, 2617, 1, 0, 0
180000, 2623, 1, 0, 0
181000, 2643, 1, 0, 0
182000, 2612, 1, 0, 0
183003, 2598, 1, 0, 0
184007, 2600, 1, 0, 0
185010, 2624, 1, 0, 0
186006, 2632, 1, 0, 0
187009, 2618, 1, 0, 0
188000, 2621, 1, 0, 0
189000, 2635, 1, 0, 0
190003, 2667, 1, 0, 0
191000, 2631, 1, 0, 0
192005, 2634, 1, 0, 0
193000, 2623, 1, 0, 0
194002, 2612, 1, 0, 0
195000, 2656, 1, 0, 0
196000, 2649, 1, 0, 0
197006, 2636, 1, 0, 0
198000, 2630, 1, 0, 0
199010, 2621, 1, 0, 0
200009, 2631, 1, 0, 0
201000, 2642, 1, 0, 0
202000, 2609, 1, 0, 0
203000, 3155, 1, 0, 0
204000, 5087, 1, 0, 0
205000, 4466, 1, 0, 0
206000, 2938, 1, 0, 0
207000, 2909, 1, 0, 0
208000, 2909, 1, 0, 0
209000, 2919, 1, 0, 0
210000, 2922, 1, 0, 0
211000, 2931, 1, 0, 0
212000, 2919, 1, 0, 0
213000, 2931, 1, 0, 0
214000, 2935, 1, 0, 0
215000, 2925, 1, 0, 0
216004, 6052, 1, 0, 0
217011, 4235, 1, 0, 0
218004, 2669, 1, 0, 0
219013, 2620, 1, 0, 0
220001, 2614, 1, 0, 0
221000, 2624, 1, 0, 0
222003, 2617, 1, 0, 0
223000, 2572, 1, 0, 0
224000, 2664, 1, 0, 0
225000, 2733, 1, 0, 0
226000, 3610, 1, 0, 0
227000, 2884, 1, 0, 0
228001, 2857, 1, 0, 0
229000, 3500, 1, 0, 0
230000, 3510, 1, 0, 0
231000, 2892, 1, 0, 0
232000, 2890, 1, 0, 0
233000, 2917, 1, 0, 0
234000, 2902, 1, 0, 0
235000, 2918, 1, 0, 0
236000, 2900, 1, 0, 0
237000, 2917, 1, 0, 0
238000, 2922, 1, 0, 0
239000, 3524, 1, 0, 0
240000, 2895, 1, 0, 0
241000, 2969, 1, 0, 0
242000, 2949, 1, 0, 0
243000, 2934, 1, 0, 0
244000, 4422, 1, 0, 0
245000, 5076, 1, 0, 0
246000, 5056, 1, 0, 0
247000, 5056, 1, 0, 0
248000, 4942, 1, 0, 0
249000, 4218, 1, 0, 0
250000, 2921, 1, 0, 0
251000, 2919, 1, 0, 0
252000, 2897, 1, 0, 0
253000, 2928, 1, 0, 0
254000, 2907, 1, 0, 0
255000, 2904, 1, 0, 0
256000, 2901, 1, 0, 0
257000, 2920, 1, 0, 0
258000, 3480, 1, 0, 0
259000, 3488, 1, 0, 0
260000, 2887, 1, 0, 0
261000, 2900, 1, 0, 0
262000, 2873, 1, 0, 0
263000, 2874, 1, 0, 0
264000, 2884, 1, 0, 0
265000, 2891, 1, 0, 0
266000, 2871, 1, 0, 0
267000, 2872, 1, 0, 0
268000, 2868, 1, 0, 0
269000, 2888, 1, 0, 0
270000, 3549, 1, 0, 0
271000, 3809, 1, 0, 0
272000, 2890, 1, 0, 0
273000, 2872, 1, 0, 0
274000, 2893, 1, 0, 0
275000, 2870, 1, 0, 0
276000, 2910, 1, 0, 0
277000, 2905, 1, 0, 0
278000, 2894, 1, 0, 0
279000, 3496, 1, 0, 0
280000, 3535, 1, 0, 0
281000, 5941, 1, 0, 0
282000, 3859, 1, 0, 0
283000, 3946, 1, 0, 0
284000, 2899, 1, 0, 0
285000, 2889, 1, 0, 0
286000, 3048, 1, 0, 0
287000, 6382, 1, 0, 0
288000, 5477, 1, 0, 0
289000, 2923, 1, 0, 0
290000, 4143, 1, 0, 0
291000, 5053, 1, 0, 0
292000, 5110, 1, 0, 0
293000, 4992, 1, 0, 0
294000, 4992, 1, 0, 0
295001, 4814, 1, 0, 0
296000, 2879, 1, 0, 0
297006, 2777, 1, 0, 0
298000, 2727, 1, 0, 0
299007, 2734, 1, 0, 0
300009, 2698, 1, 0, 0
301000, 2648, 1, 0, 0
302000, 2641, 1, 0, 0
303001, 2604, 1, 0, 0
304000, 2616, 1, 0, 0
305000, 2596, 1, 0, 0
306005, 2605, 1, 0, 0
307008, 2609, 1, 0, 0
308000, 2529, 1, 0, 0
309000, 4569, 1, 0, 0
310000, 5176, 1, 0, 0
311000, 5128, 1, 0, 0
312000, 5107, 1, 0, 0
313000, 3579, 1, 0, 0
314000, 2962, 1, 0, 0
315000, 2958, 1, 0, 0
316000, 3517, 1, 0, 0
317000, 2917, 1, 0, 0
318000, 2877, 1, 0, 0
319000, 2900, 1, 0, 0
320000, 2904, 1, 0, 0
321000, 2886, 1, 0, 0
322000, 3994, 1, 0, 0
323000, 4498, 1, 0, 0
324000, 2892, 1, 0, 0
325000, 2918, 1, 0, 0
326000, 2905, 1, 0, 0
327000, 2934, 1, 0, 0
328000, 2907, 1, 0, 0
329005, 6284, 1, 0, 0
330000, 6397, 1, 0, 0
331003, 6262, 1, 0, 0
332010, 2808, 1, 0, 0
333000, 2616, 1, 0, 0
334000, 4979, 1, 0, 0
335000, 5185, 1, 0, 0
336000, 5156, 1, 0, 0
337000, 5317, 1, 0, 0
338000, 2973, 1, 0, 0
339000, 2909, 1, 0, 0
340000, 2914, 1, 0, 0
341000, 2912, 1, 0, 0
342000, 2901, 1, 0, 0
343000, 2923, 1, 0, 0
344000, 2937, 1, 0, 0
345000, 3709, 1, 0, 0
346000, 2905, 1, 0, 0
347000, 2921, 1, 0, 0
348000, 4814, 1, 0, 0
349000, 2923, 1, 0, 0
350000, 2913, 1, 0, 0
351000, 3910, 1, 0, 0
352000, 2888, 1, 0, 0
353000, 2881, 1, 0, 0
354000, 3029, 1, 0, 0
355000, 4130, 1, 0, 0
356000, 2873, 1, 0, 0
357000, 2866, 1, 0, 0
358000, 3522, 1, 0, 0
359000, 3561, 1, 0, 0
360000, 2916, 1, 0, 0
