1000, 2919, 1, 0, 0
2002, 3143, 1, 0, 0
3000, 3304, 1, 0, 0
4000, 4918, 1, 0, 0
5002, 6366, 1, 0, 0
6000, 4346, 1, 0, 0
7000, 2627, 1, 0, 0
8000, 2587, 1, 0, 0
9000, 2859, 1, 0, 0
10000, 2905, 1, 0, 0
11000, 2899, 1, 0, 0
12000, 2884, 1, 0, 0
13000, 3470, 1, 0, 0
14000, 2927, 1, 0, 0
15000, 2926, 1, 0, 0
16000, 2924, 1, 0, 0
17000, 2915, 1, 0, 0
18000, 2923, 1, 0, 0
19000, 2913, 1, 0, 0
20000, 2920, 1, 0, 0
21000, 2910, 1, 0, 0
22000, 2930, 1, 0, 0
23008, 2910, 1, 0, 0
24000, 3445, 1, 0, 0
25000, 2919, 1, 0, 0
26000, 2938, 1, 0, 0
27000, 2906, 1, 0, 0
28000, 2937, 1, 0, 0
29000, 2920, 1, 0, 0
30000, 2926, 1, 0, 0
31000, 2937, 1, 0, 0
32000, 2918, 1, 0, 0
33000, 2898, 1, 0, 0
34000, 3476, 1, 0, 0
35000, 2968, 1, 0, 0
36000, 2938, 1, 0, 0
37000, 2942, 1, 0, 0
38000, 2933, 1, 0, 0
39000, 2932, 1, 0, 0
40000, 2934, 1, 0, 0
41000, 2921, 1, 0, 0
42000, 2916, 1, 0, 0
43000, 2905, 1, 0, 0
44000, 2914, 1, 0, 0
45000, 3569, 1, 0, 0
46000, 2948, 1, 0, 0
47000, 2959, 1, 0, 0
48000, 2934, 1, 0, 0
49000, 2928, 1, 0, 0
50000, 2923, 1, 0, 0
51000, 2913, 1, 0, 0
52000, 2952, 1, 0, 0
53000, 4120, 1, 0, 0
54000, 2929, 1, 0, 0
55000, 4011, 1, 0, 0
56007, 6163, 1, 0, 0
57001, 2866, 1, 0, 0
58005, 2670, 1, 0, 0
59009, 2639, 1, 0, 0
60011, 2598, 1, 0, 0
61002, 2594, 1, 0, 0
62006, 2596, 1, 0, 0
63007, 2610, 1, 0, 0
64000, 2634, 1, 0, 0
65005, 2591, 1, 0, 0
66010, 2611, 1, 0, 0
67000, 2630, 1, 0, 0
68000, 2627, 1, 0, 0
69000, 2910, 1, 0, 0
70000, 2949, 1, 0, 0
71000, 3495, 1, 0, 0
72000, 2923, 1, 0, 0
73000, 2907, 1, 0, 0
74000, 2889, 1, 0, 0
75000, 2903, 1, 0, 0
76000, 2903, 1, 0, 0
77000, 2906, 1, 0, 0
78000, 2924, 1, 0, 0
79000, 2922, 1, 0, 0
80000, 2912, 1, 0, 0
81000, 2914, 1, 0, 0
82000, 3466, 1, 0, 0
83000, 3911, 1, 0, 0
84000, 2930, 1, 0, 0
85000, 2927, 1, 0, 0
86000, 2939, 1, 0, 0
87000, 2937, 1, 0, 0
88000, 2914, 1, 0, 0
89000, 2913, 1, 0, 0
90000, 2931, 1, 0, 0
91000, 2906, 1, 0, 0
92000, 3471, 1, 0, 0
93000, 2911, 1, 0, 0
94000, 2909, 1, 0, 0
95000, 2930, 1, 0, 0
96000, 2925, 1, 0, 0
97000, 2900, 1, 0, 0
98000, 4468, 1, 0, 0
99000, 2946, 1, 0, 0
100000, 2934, 1, 0, 0
101000, 2937, 1, 0, 0
102000, 2937, 1, 0, 0
103000, 4064, 1, 0, 0
104000, 2777, 1, 0, 0
105001, 2678, 1, 0, 0
106002, 2661, 1, 0, 0
107000, 2628, 1, 0, 0
108000, 2612, 1, 0, 0
109000, 2847, 1, 0, 0
110000, 2945, 1, 0, 0
111000, 2931, 1, 0, 0
112000, 2939, 1, 0, 0
113000, 2947, 1, 0, 0
114000, 2940, 1, 0, 0
115000, 2936, 1, 0, 0
116000, 2931, 1, 0, 0
117000, 2940, 1, 0, 0
118000, 2955, 1, 0, 0
119000, 3599, 1, 0, 0
120000, 3576, 1, 0, 0
121000, 2916, 1, 0, 0
122000, 4235, 1, 0, 0
123000, 2916, 1, 0, 0
124000, 2923, 1, 0, 0
125000, 2907, 1, 0, 0
126000, 2925, 1, 0, 0
127000, 2950, 1, 0, 0
128000, 2940, 1, 0, 0
129017, 2923, 1, 0, 0
130000, 3429, 1, 0, 0
131000, 2911, 1, 0, 0
132000, 2925, 1, 0, 0
133000, 2931, 1, 0, 0
134000, 2905, 1, 0, 0
135000, 2916, 1, 0, 0
136000, 2912, 1, 0, 0
137000, 2892, 1, 0, 0
138000, 2896, 1, 0, 0
139000, 2924, 1, 0, 0
140000, 3893, 1, 0, 0
141000, 4828, 1, 0, 0
142000, 2962, 1, 0, 0
143000, 2940, 1, 0, 0
144000, 2922, 1, 0, 0
145000, 2909, 1, 0, 0
146000, 5346, 1, 0, 0
147000, 2918, 1, 0, 0
148000, 2935, 1, 0, 0
149000, 4488, 1, 0, 0
150000, 5713, 1, 0, 0
151008, 2707, 1, 0, 0
152000, 2616, 1, 0, 0
153005, 2632, 1, 0, 0
154006, 2597, 1, 0, 0
155011, 2628, 1, 0, 0
156009, 2617, 1, 0, 0
157000, 2581, 1, 0, 0
158000, 2966, 1, 0, 0
159000, 3430, 1, 0, 0
160000, 2933, 1, 0, 0
161000, 2916, 1, 0, 0
162000, 2933, 1, 0, 0
163000, 2912, 1, 0, 0
164000, 2932, 1, 0, 0
165000, 2928, 1, 0, 0
166000, 2919, 1, 0, 0
167000, 2904, 1, 0, 0
168000, 2902, 1, 0, 0
169000, 3890, 1, 0, 0
170000, 2917, 1, 0, 0
171000, 2918, 1, 0, 0
172000, 2908, 1, 0, 0
173000, 2921, 1, 0, 0
174000, 2916, 1, 0, 0
175000, 2915, 1, 0, 0
176000, 3446, 1, 0, 0
177000, 2922, 1, 0, 0
178000, 2913, 1, 0, 0
179000, 2916, 1, 0, 0
180000, 3460, 1, 0, 0
181000, 2899, 1, 0, 0
182000, 2890, 1, 0, 0
183000, 2910, 1, 0, 0
184000, 2905, 1, 0, 0
185000, 2923, 1, 0, 0
186000, 2900, 1, 0, 0
187000, 2900, 1, 0, 0
188000, 2925, 1, 0, 0
189000, 2911, 1, 0, 0
190000, 4420, 1, 0, 0
191000, 2905, 1, 0, 0
192000, 2921, 1, 0, 0
193000, 2932, 1, 0, 0
194000, 2929, 1, 0, 0
195000, 2939, 1, 0, 0
196000, 2919, 1, 0, 0
197000, 4943, 1, 0, 0
198000, 6351, 1, 0, 0
199000, 4088, 1, 0, 0
200000, 3868, 1, 0, 0
201000, 4513, 1, 0, 0
202000, 2929, 1, 0, 0
203000, 2918, 1, 0, 0
204000, 2918, 1, 0, 0
205000, 3261, 1, 0, 0
206009, 6366, 1, 0, 0
207000, 6363, 1, 0, 0
208000, 4016, 1, 0, 0
209004, 3732, 1, 0, 0
210004, 2857, 1, 0, 0
211000, 2663, 1, 0, 0
212005, 2682, 1, 0, 0
213008, 2641, 1, 0, 0
214000, 2622, 1, 0, 0
215000, 2702, 1, 0, 0
216000, 3215, 1, 0, 0
217000, 3486, 1, 0, 0
218000, 2932, 1, 0, 0
219000, 2946, 1, 0, 0
220000, 2931, 1, 0, 0
221000, 2923, 1, 0, 0
222000, 2928, 1, 0, 0
223000, 2951, 1, 0, 0
224000, 2921, 1, 0, 0
225000, 2918, 1, 0, 0
226000, 2925, 1, 0, 0
227000, 2928, 1, 0, 0
228000, 3530, 1, 0, 0
229000, 2926, 1, 0, 0
230000, 3830, 1, 0, 0
231000, 2928, 1, 0, 0
232000, 2929, 1, 0, 0
233000, 2937, 1, 0, 0
234000, 2939, 1, 0, 0
235000, 2928, 1, 0, 0
236000, 2923, 1, 0, 0
237000, 2908, 1, 0, 0
238000, 3502, 1, 0, 0
239000, 2940, 1, 0, 0
240000, 3571, 1, 0, 0
241000, 2920, 1, 0, 0
242000, 2927, 1, 0, 0
243000, 2916, 1, 0, 0
244000, 2940, 1, 0, 0
245000, 4350, 1, 0, 0
246000, 6438, 1, 0, 0
247000, 4591, 1, 0, 0
248000, 2918, 1, 0, 0
249003, 4056, 1, 0, 0
250000, 2707, 1, 0, 0
251011, 2635, 1, 0, 0
252006, 2629, 1, 0, 0
253005, 2612, 1, 0, 0
254001, 2598, 1, 0, 0
255012, 2605, 1, 0, 0
256000, 2617, 1, 0, 0
257000, 2586, 1, 0, 0
258000, 3145, 1, 0, 0
259000, 2938, 1, 0, 0
260000, 2917, 1, 0, 0
261000, 2928, 1, 0, 0
262000, 2909, 1, 0, 0
263000, 2913, 1, 0, 0
264000, 2911, 1, 0, 0
265000, 2927, 1, 0, 0
266000, 3463, 1, 0, 0
267000, 2929, 1, 0, 0
268000, 2928, 1, 0, 0
269000, 2912, 1, 0, 0
270000, 2926, 1, 0, 0
271000, 2933, 1, 0, 0
272000, 2945, 1, 0, 0
273000, 2942, 1, 0, 0
274000, 3507, 1, 0, 0
275000, 2940, 1, 0, 0
276000, 2960, 1, 0, 0
277000, 3869, 1, 0, 0
278000, 2913, 1, 0, 0
279000, 2930, 1, 0, 0
280000, 2925, 1, 0, 0
281000, 2912, 1, 0, 0
282000, 2906, 1, 0, 0
283000, 2926, 1, 0, 0
284000, 2911, 1, 0, 0
285000, 2910, 1, 0, 0
286000, 2916, 1, 0, 0
287000, 3503, 1, 0, 0
288000, 2922, 1, 0, 0
289000, 2936, 1, 0, 0
290000, 3928, 1, 0, 0
291000, 2958, 1, 0, 0
292000, 2941, 1, 0, 0
293000, 2921, 1, 0, 0
294000, 2913, 1, 0, 0
295000, 2908, 1, 0, 0
296000, 2924, 1, 0, 0
297000, 2928, 1, 0, 0
298000, 3802, 1, 0, 0
299000, 3904, 1, 0, 0
300000, 2924, 1, 0, 0
301000, 2923, 1, 0, 0
302000, 2922, 1, 0, 0
303000, 2909, 1, 0, 0
304000, 2911, 1, 0, 0
305000, 2913, 1, 0, 0
306000, 2908, 1, 0, 0
307000, 2896, 1, 0, 0
308000, 4135, 1, 0, 0
309000, 4345, 1, 0, 0
310000, 2931, 1, 0, 0
311000, 2948, 1, 0, 0
312000, 2931, 1, 0, 0
313000, 2931, 1, 0, 0
314000, 3595, 1, 0, 0
315000, 3045, 1, 0, 0
316000, 3029, 1, 0, 0
317000, 5427, 1, 0, 0
318003, 6438, 1, 0, 0
319000, 4617, 1, 0, 0
320011, 2597, 1, 0, 0
321009, 2642, 1, 0, 0
322012, 2642, 1, 0, 0
323000, 2920, 1, 0, 0
324000, 3518, 1, 0, 0
325000, 2936, 1, 0, 0
326000, 2938, 1, 0, 0
327000, 2929, 1, 0, 0
328000, 2919, 1, 0, 0
329000, 2935, 1, 0, 0
330000, 2936, 1, 0, 0
331000, 2946, 1, 0, 0
332000, 2943, 1, 0, 0
333000, 2943, 1, 0, 0
334000, 2944, 1, 0, 0
335000, 3441, 1, 0, 0
336000, 2947, 1, 0, 0
337000, 2929, 1, 0, 0
338000, 2954, 1, 0, 0
339000, 2928, 1, 0, 0
340000, 2936, 1, 0, 0
341000, 2935, 1, 0, 0
342000, 2936, 1, 0, 0
343000, 2928, 1, 0, 0
344000, 2929, 1, 0, 0
345000, 3514, 1, 0, 0
346000, 2898, 1, 0, 0
347000, 2921, 1, 0, 0
348000, 2941, 1, 0, 0
349000, 2908, 1, 0, 0
350000, 2906, 1, 0, 0
351000, 2910, 1, 0, 0
352000, 3599, 1, 0, 0
353000, 3192, 1, 0, 0
354000, 2943, 1, 0, 0
355000, 2932, 1, 0, 0
356000, 3558, 1, 0, 0
357000, 2915, 1, 0, 0
358000, 2896, 1, 0, 0
359000, 2914, 1, 0, 0
360001, 2907, 1, 0, 0
