1000, 501046, 0, 0, 0
2000, 305692, 0, 0, 0
3000, 107454, 0, 0, 0
4000, 115427, 0, 0, 0
5000, 106779, 0, 0, 0
6000, 106509, 0, 0, 0
7000, 109195, 0, 0, 0
8000, 107078, 0, 0, 0
9000, 107107, 0, 0, 0
10000, 101409, 0, 0, 0
11000, 105143, 0, 0, 0
12000, 105015, 0, 0, 0
13000, 103629, 0, 0, 0
14001, 142055, 0, 0, 0
15001, 508334, 0, 0, 0
16000, 516089, 0, 0, 0
17000, 466282, 0, 0, 0
18000, 452271, 0, 0, 0
19000, 205672, 0, 0, 0
20000, 105906, 0, 0, 0
21000, 103643, 0, 0, 0
22000, 106137, 0, 0, 0
23000, 106579, 0, 0, 0
24000, 103637, 0, 0, 0
25000, 115039, 0, 0, 0
26000, 107967, 0, 0, 0
27000, 105267, 0, 0, 0
28000, 108202, 0, 0, 0
29000, 106281, 0, 0, 0
30000, 107732, 0, 0, 0
31000, 104839, 0, 0, 0
32001, 103849, 0, 0, 0
33000, 103279, 0, 0, 0
34000, 103555, 0, 0, 0
35000, 104546, 0, 0, 0
36000, 116150, 0, 0, 0
37000, 107830, 0, 0, 0
38000, 104842, 0, 0, 0
39000, 108695, 0, 0, 0
40000, 108015, 0, 0, 0
41000, 108379, 0, 0, 0
42000, 104435, 0, 0, 0
43000, 105235, 0, 0, 0
44000, 104195, 0, 0, 0
45000, 105183, 0, 0, 0
46000, 106942, 0, 0, 0
47000, 114111, 0, 0, 0
48000, 104633, 0, 0, 0
49000, 107019, 0, 0, 0
50000, 106710, 0, 0, 0
51000, 107036, 0, 0, 0
52000, 109108, 0, 0, 0
53000, 102947, 0, 0, 0
54000, 105093, 0, 0, 0
55000, 105371, 0, 0, 0
56000, 104573, 0, 0, 0
57000, 111859, 0, 0, 0
58001, 108754, 0, 0, 0
59000, 106687, 0, 0, 0
60000, 108304, 0, 0, 0
61000, 106373, 0, 0, 0
62000, 107005, 0, 0, 0
63000, 104112, 0, 0, 0
64000, 105804, 0, 0, 0
65000, 105041, 0, 0, 0
66000, 105759, 0, 0, 0
67000, 103631, 0, 0, 0
68005, 171958, 0, 0, 0
69000, 504098, 0, 0, 0
70001, 477242, 0, 0, 0
71000, 507487, 0, 0, 0
72001, 511610, 0, 0, 0
73000, 455872, 0, 0, 0
74001, 391484, 0, 0, 0
75001, 470977, 0, 0, 0
76000, 493225, 0, 0, 0
77000, 448853, 0, 0, 0
78000, 133411, 0, 0, 0
79000, 113614, 0, 0, 0
80000, 106991, 0, 0, 0
81000, 106633, 0, 0, 0
82000, 108211, 0, 0, 0
83001, 108422, 0, 0, 0
84000, 108746, 0, 0, 0
85000, 103669, 0, 0, 0
86000, 105942, 0, 0, 0
87000, 106128, 0, 0, 0
88000, 104267, 0, 0, 0
89000, 106163, 0, 0, 0
90000, 166150, 0, 0, 0
91000, 157378, 0, 0, 0
92000, 161809, 0, 0, 0
93000, 157013, 0, 0, 0
94000, 161391, 0, 0, 0
95000, 158420, 0, 0, 0
96000, 151271, 0, 0, 0
97000, 159503, 0, 0, 0
98000, 160383, 0, 0, 0
99000, 167736, 0, 0, 0
100002, 249794, 0, 0, 0
101000, 459726, 0, 0, 0
102001, 506314, 0, 0, 0
103000, 507115, 0, 0, 0
104001, 477552, 0, 0, 0
105000, 243012, 0, 0, 0
106000, 216577, 0, 0, 0
107000, 209506, 0, 0, 0
108001, 206987, 0, 0, 0
109000, 212513, 0, 0, 0
110000, 198756, 0, 0, 0
111000, 237808, 0, 0, 0
112000, 230913, 0, 0, 0
113000, 211175, 0, 0, 0
114000, 214324, 0, 0, 0
115000, 224329, 0, 0, 0
116001, 199468, 0, 0, 0
117000, 197071, 0, 0, 0
118000, 180314, 0, 0, 0
119000, 155277, 0, 0, 0
120000, 108101, 0, 0, 0
121000, 104003, 0, 0, 0
122000, 116477, 0, 0, 0
123000, 109304, 0, 0, 0
124000, 105595, 0, 0, 0
125000, 108374, 0, 0, 0
126001, 107765, 0, 0, 0
127000, 106891, 0, 0, 0
128000, 104504, 0, 0, 0
129000, 103155, 0, 0, 0
130000, 105578, 0, 0, 0
131000, 106200, 0, 0, 0
132000, 105711, 0, 0, 0
133001, 119097, 0, 0, 0
134000, 112583, 0, 0, 0
135000, 113180, 0, 0, 0
136001, 114732, 0, 0, 0
137000, 114580, 0, 0, 0
138000, 113875, 0, 0, 0
139000, 109834, 0, 0, 0
140000, 109853, 0, 0, 0
141000, 111137, 0, 0, 0
142000, 105779, 0, 0, 0
143000, 113096, 0, 0, 0
144000, 108174, 0, 0, 0
145000, 105561, 0, 0, 0
146000, 108909, 0, 0, 0
147000, 108010, 0, 0, 0
148000, 108930, 0, 0, 0
149000, 105963, 0, 0, 0
150000, 103464, 0, 0, 0
151000, 105414, 0, 0, 0
152000, 105267, 0, 0, 0
153000, 103627, 0, 0, 0
154002, 131365, 0, 0, 0
155000, 139694, 0, 0, 0
156000, 137276, 0, 0, 0
157000, 139870, 0, 0, 0
158000, 145234, 0, 0, 0
159000, 143262, 0, 0, 0
160000, 135692, 0, 0, 0
161000, 131571, 0, 0, 0
162000, 133964, 0, 0, 0
163000, 167008, 0, 0, 0
164001, 185412, 0, 0, 0
165000, 530460, 0, 0, 0
166000, 488824, 0, 0, 0
167001, 469773, 0, 0, 0
168000, 506613, 0, 0, 0
169000, 479681, 0, 0, 0
170000, 483952, 0, 0, 0
171000, 503544, 0, 0, 0
172001, 479020, 0, 0, 0
173000, 456704, 0, 0, 0
174001, 509071, 0, 0, 0
175000, 479636, 0, 0, 0
176000, 140768, 0, 0, 0
177000, 108651, 0, 0, 0
178000, 106604, 0, 0, 0
179000, 109172, 0, 0, 0
180000, 108611, 0, 0, 0
181000, 106969, 0, 0, 0
182000, 103707, 0, 0, 0
183000, 104759, 0, 0, 0
184000, 104443, 0, 0, 0
185000, 105497, 0, 0, 0
186000, 105462, 0, 0, 0
187000, 136367, 0, 0, 0
188000, 135188, 0, 0, 0
189000, 137778, 0, 0, 0
190000, 135134, 0, 0, 0
191000, 137826, 0, 0, 0
192000, 135231, 0, 0, 0
193000, 133299, 0, 0, 0
194000, 133426, 0, 0, 0
195000, 133723, 0, 0, 0
196000, 135986, 0, 0, 0
197001, 147088, 0, 0, 0
198000, 140746, 0, 0, 0
199000, 135149, 0, 0, 0
200000, 156219, 0, 0, 0
201000, 169669, 0, 0, 0
202001, 179055, 0, 0, 0
203000, 162246, 0, 0, 0
204000, 159549, 0, 0, 0
205000, 159765, 0, 0, 0
206000, 157423, 0, 0, 0
207000, 154943, 0, 0, 0
208001, 201412, 0, 0, 0
209002, 326450, 0, 0, 0
210001, 406761, 0, 0, 0
211000, 388974, 0, 0, 0
212000, 318674, 0, 0, 0
213000, 188491, 0, 0, 0
214000, 183531, 0, 0, 0
215001, 182257, 0, 0, 0
216000, 172618, 0, 0, 0
217000, 105137, 0, 0, 0
218000, 104185, 0, 0, 0
219000, 143510, 0, 0, 0
220000, 170963, 0, 0, 0
221000, 178355, 0, 0, 0
222000, 178644, 0, 0, 0
223000, 168280, 0, 0, 0
224000, 200158, 0, 0, 0
225000, 211992, 0, 0, 0
226001, 219614, 0, 0, 0
227000, 325089, 0, 0, 0
228000, 345350, 0, 0, 0
229000, 304075, 0, 0, 0
230000, 134262, 0, 0, 0
231000, 106119, 0, 0, 0
232000, 105969, 0, 0, 0
233000, 107932, 0, 0, 0
234000, 107858, 0, 0, 0
235000, 106475, 0, 0, 0
236000, 102786, 0, 0, 0
237000, 102245, 0, 0, 0
238000, 104607, 0, 0, 0
239000, 105570, 0, 0, 0
240000, 113352, 0, 0, 0
241000, 109066, 0, 0, 0
242000, 107346, 0, 0, 0
243000, 107768, 0, 0, 0
244000, 109620, 0, 0, 0
245000, 109471, 0, 0, 0
246000, 103739, 0, 0, 0
247000, 102559, 0, 0, 0
248000, 104967, 0, 0, 0
249000, 103891, 0, 0, 0
250000, 103095, 0, 0, 0
251000, 135506, 0, 0, 0
252001, 450784, 0, 0, 0
253000, 478146, 0, 0, 0
254001, 483870, 0, 0, 0
255000, 507657, 0, 0, 0
256000, 490729, 0, 0, 0
257000, 458753, 0, 0, 0
258000, 509245, 0, 0, 0
259001, 493043, 0, 0, 0
260000, 467190, 0, 0, 0
261000, 473860, 0, 0, 0
262000, 499091, 0, 0, 0
263000, 479475, 0, 0, 0
264000, 494726, 0, 0, 0
265000, 513339, 0, 0, 0
266000, 194929, 0, 0, 0
267000, 107629, 0, 0, 0
268000, 106478, 0, 0, 0
269000, 102961, 0, 0, 0
270000, 103228, 0, 0, 0
271000, 105193, 0, 0, 0
272000, 106260, 0, 0, 0
273001, 112144, 0, 0, 0
274000, 108020, 0, 0, 0
275000, 105007, 0, 0, 0
276000, 107905, 0, 0, 0
277000, 108363, 0, 0, 0
278000, 108544, 0, 0, 0
279000, 105623, 0, 0, 0
280000, 104442, 0, 0, 0
281000, 104841, 0, 0, 0
282000, 103687, 0, 0, 0
283000, 104061, 0, 0, 0
284000, 93464, 0, 0, 0
285000, 71720, 0, 0, 0
286000, 72130, 0, 0, 0
287000, 72004, 0, 0, 0
288000, 103988, 0, 0, 0
289000, 106409, 0, 0, 0
290000, 107274, 0, 0, 0
291000, 109274, 0, 0, 0
292000, 107583, 0, 0, 0
293000, 105683, 0, 0, 0
294000, 102833, 0, 0, 0
295000, 105122, 0, 0, 0
296000, 104969, 0, 0, 0
297000, 103536, 0, 0, 0
298001, 119749, 0, 0, 0
299000, 140687, 0, 0, 0
300000, 135919, 0, 0, 0
301001, 136321, 0, 0, 0
302000, 148108, 0, 0, 0
303000, 140782, 0, 0, 0
304000, 137195, 0, 0, 0
305000, 135098, 0, 0, 0
306000, 139577, 0, 0, 0
307000, 136914, 0, 0, 0
308000, 134136, 0, 0, 0
309000, 137040, 0, 0, 0
310000, 108363, 0, 0, 0
311000, 107478, 0, 0, 0
312000, 107340, 0, 0, 0
313000, 107252, 0, 0, 0
314000, 107819, 0, 0, 0
315000, 104428, 0, 0, 0
316000, 105656, 0, 0, 0
317000, 104571, 0, 0, 0
318000, 104528, 0, 0, 0
319001, 105854, 0, 0, 0
320000, 138189, 0, 0, 0
321001, 134743, 0, 0, 0
322000, 137466, 0, 0, 0
323000, 134937, 0, 0, 0
324000, 136581, 0, 0, 0
325000, 134632, 0, 0, 0
326000, 127217, 0, 0, 0
327000, 130680, 0, 0, 0
328000, 128323, 0, 0, 0
329000, 135334, 0, 0, 0
330000, 179808, 0, 0, 0
331000, 257888, 0, 0, 0
332000, 242921, 0, 0, 0
333000, 277062, 0, 0, 0
334000, 264468, 0, 0, 0
335000, 239403, 0, 0, 0
336000, 265653, 0, 0, 0
337000, 262201, 0, 0, 0
338001, 272290, 0, 0, 0
339000, 268096, 0, 0, 0
340000, 262940, 0, 0, 0
341000, 259751, 0, 0, 0
342001, 206808, 0, 0, 0
343000, 155117, 0, 0, 0
344000, 151422, 0, 0, 0
345000, 146698, 0, 0, 0
346000, 146774, 0, 0, 0
347000, 143280, 0, 0, 0
348000, 140611, 0, 0, 0
349000, 148175, 0, 0, 0
350000, 147175, 0, 0, 0
351000, 145833, 0, 0, 0
352001, 162973, 0, 0, 0
353000, 147895, 0, 0, 0
354000, 139981, 0, 0, 0
355000, 161068, 0, 0, 0
356000, 190710, 0, 0, 0
357001, 204250, 0, 0, 0
358001, 180735, 0, 0, 0
359000, 181960, 0, 0, 0
360000, 159740, 0, 0, 0
