1000, 520430, 0, 0, 0
2001, 488823, 0, 0, 0
3000, 494324, 0, 0, 0
4001, 522004, 0, 0, 0
5000, 510091, 0, 0, 0
6000, 522844, 0, 0, 0
7000, 607531, 0, 0, 0
8000, 628579, 0, 0, 0
9002, 619206, 0, 0, 0
10023, 642742, 0, 0, 0
11000, 594704, 0, 0, 0
12000, 564407, 0, 0, 0
13000, 472089, 0, 0, 0
14000, 529884, 0, 0, 0
15000, 484304, 0, 0, 0
16000, 474797, 0, 0, 0
17000, 517174, 0, 0, 0
18001, 473164, 0, 0, 0
19000, 450963, 0, 0, 0
20000, 598080, 0, 0, 0
21001, 584986, 0, 0, 0
22000, 624768, 0, 0, 0
23001, 632185, 0, 0, 0
24000, 578008, 0, 0, 0
25000, 529091, 0, 0, 0
26000, 578258, 0, 0, 0
27000, 557354, 0, 0, 0
28000, 546272, 0, 0, 0
29000, 505754, 0, 0, 0
30001, 487130, 0, 0, 0
31000, 493379, 0, 0, 0
32000, 490978, 0, 0, 0
33000, 468879, 0, 0, 0
34000, 461120, 0, 0, 0
35000, 449398, 0, 0, 0
36000, 379416, 0, 0, 0
37001, 364016, 0, 0, 0
38001, 107612, 0, 0, 0
39001, 493343, 0, 0, 0
40000, 421416, 0, 0, 0
41001, 485005, 0, 0, 0
42000, 721451, 0, 0, 0
43000, 888256, 0, 0, 0
44000, 703515, 0, 0, 0
45000, 990452, 0, 0, 0
46000, 974404, 0, 0, 0
47000, 780539, 0, 0, 0
48000, 663645, 0, 0, 0
49000, 589405, 0, 0, 0
50000, 580342, 0, 0, 0
51001, 547886, 0, 0, 0
52000, 544734, 0, 0, 0
53000, 582015, 0, 0, 0
54002, 492771, 0, 0, 0
55000, 440201, 0, 0, 0
56000, 526169, 0, 0, 0
57000, 513329, 0, 0, 0
58000, 461248, 0, 0, 0
59001, 502431, 0, 0, 0
60000, 491051, 0, 0, 0
61000, 480766, 0, 0, 0
62000, 491020, 0, 0, 0
63000, 475784, 0, 0, 0
64000, 507408, 0, 0, 0
65000, 546844, 0, 0, 0
66000, 487222, 0, 0, 0
67001, 485245, 0, 0, 0
68000, 543738, 0, 0, 0
69000, 551588, 0, 0, 0
70000, 453871, 0, 0, 0
71001, 508705, 0, 0, 0
72000, 431364, 0, 0, 0
73000, 406756, 0, 0, 0
74000, 672974, 0, 0, 0
75000, 792770, 0, 0, 0
76001, 727298, 0, 0, 0
77000, 1013749, 0, 0, 0
78000, 873756, 0, 0, 0
79000, 782295, 0, 0, 0
80000, 602280, 0, 0, 0
81000, 540858, 0, 0, 0
82001, 500431, 0, 0, 0
83000, 475723, 0, 0, 0
84000, 496303, 0, 0, 0
85000, 482616, 0, 0, 0
86000, 530206, 0, 0, 0
87000, 483897, 0, 0, 0
88000, 507168, 0, 0, 0
89001, 417340, 0, 0, 0
90008, 633370, 0, 0, 0
91000, 937364, 0, 0, 0
92000, 882167, 0, 0, 0
93001, 979152, 0, 0, 0
94000, 950534, 0, 0, 0
95000, 860848, 0, 0, 0
96002, 608234, 0, 0, 0
97001, 515133, 0, 0, 0
98000, 540291, 0, 0, 0
99000, 629339, 0, 0, 0
100000, 555133, 0, 0, 0
101000, 499319, 0, 0, 0
102000, 570847, 0, 0, 0
103000, 538309, 0, 0, 0
104000, 536602, 0, 0, 0
105000, 522064, 0, 0, 0
106000, 530437, 0, 0, 0
107001, 498502, 0, 0, 0
108002, 474574, 0, 0, 0
109001, 629857, 0, 0, 0
110000, 592528, 0, 0, 0
111001, 688542, 0, 0, 0
112001, 655081, 0, 0, 0
113000, 666863, 0, 0, 0
114000, 507454, 0, 0, 0
115001, 493797, 0, 0, 0
116000, 493185, 0, 0, 0
117000, 554649, 0, 0, 0
118000, 544753, 0, 0, 0
119000, 576159, 0, 0, 0
120002, 544193, 0, 0, 0
121000, 540403, 0, 0, 0
122000, 516335, 0, 0, 0
123001, 507894, 0, 0, 0
124000, 485735, 0, 0, 0
125001, 510734, 0, 0, 0
126000, 511184, 0, 0, 0
127001, 455980, 0, 0, 0
128000, 529693, 0, 0, 0
129002, 602396, 0, 0, 0
130001, 782515, 0, 0, 0
131001, 753289, 0, 0, 0
132001, 740455, 0, 0, 0
133000, 721063, 0, 0, 0
134001, 603127, 0, 0, 0
135001, 753686, 0, 0, 0
136000, 551146, 0, 0, 0
137001, 572005, 0, 0, 0
138001, 573844, 0, 0, 0
139000, 547219, 0, 0, 0
140000, 594705, 0, 0, 0
141000, 563465, 0, 0, 0
142001, 538155, 0, 0, 0
143000, 493165, 0, 0, 0
144000, 509380, 0, 0, 0
145000, 471118, 0, 0, 0
146000, 455993, 0, 0, 0
147000, 453179, 0, 0, 0
148000, 935670, 0, 0, 0
149000, 763343, 0, 0, 0
150000, 1001223, 0, 0, 0
151000, 957972, 0, 0, 0
152000, 880511, 0, 0, 0
153000, 744931, 0, 0, 0
154000, 684318, 0, 0, 0
155001, 835432, 0, 0, 0
156000, 765939, 0, 0, 0
157000, 577928, 0, 0, 0
158001, 663789, 0, 0, 0
159000, 730251, 0, 0, 0
160000, 682267, 0, 0, 0
161000, 668820, 0, 0, 0
162000, 527582, 0, 0, 0
163000, 606421, 0, 0, 0
164000, 531072, 0, 0, 0
165000, 559983, 0, 0, 0
166000, 541148, 0, 0, 0
167000, 577248, 0, 0, 0
168000, 518323, 0, 0, 0
169000, 575168, 0, 0, 0
170001, 577216, 0, 0, 0
171002, 509200, 0, 0, 0
172000, 520216, 0, 0, 0
173000, 549792, 0, 0, 0
174001, 550425, 0, 0, 0
175000, 548812, 0, 0, 0
176000, 563526, 0, 0, 0
177000, 480936, 0, 0, 0
178000, 505225, 0, 0, 0
179000, 522760, 0, 0, 0
180000, 477532, 0, 0, 0
181001, 499811, 0, 0, 0
182020, 518332, 0, 0, 0
183001, 513440, 0, 0, 0
184000, 541894, 0, 0, 0
185000, 542478, 0, 0, 0
186001, 584475, 0, 0, 0
187001, 547378, 0, 0, 0
188000, 523443, 0, 0, 0
189000, 542572, 0, 0, 0
190000, 605693, 0, 0, 0
191000, 572091, 0, 0, 0
192000, 590404, 0, 0, 0
193000, 601043, 0, 0, 0
194002, 576246, 0, 0, 0
195000, 607040, 0, 0, 0
196000, 646608, 0, 0, 0
197001, 570113, 0, 0, 0
198001, 573283, 0, 0, 0
199000, 601566, 0, 0, 0
200000, 570085, 0, 0, 0
201000, 564978, 0, 0, 0
202000, 566718, 0, 0, 0
203000, 570002, 0, 0, 0
204000, 544592, 0, 0, 0
205001, 657181, 0, 0, 0
206000, 584937, 0, 0, 0
207000, 602452, 0, 0, 0
208000, 545642, 0, 0, 0
209000, 535676, 0, 0, 0
210001, 431306, 0, 0, 0
211002, 469805, 0, 0, 0
212000, 514003, 0, 0, 0
213000, 530931, 0, 0, 0
214000, 484213, 0, 0, 0
215000, 533364, 0, 0, 0
216000, 516865, 0, 0, 0
217001, 482788, 0, 0, 0
218000, 513927, 0, 0, 0
219000, 494428, 0, 0, 0
220000, 501872, 0, 0, 0
221000, 513962, 0, 0, 0
222001, 496376, 0, 0, 0
223000, 448998, 0, 0, 0
224000, 537841, 0, 0, 0
225000, 529778, 0, 0, 0
226000, 488654, 0, 0, 0
227002, 486828, 0, 0, 0
228000, 489452, 0, 0, 0
229002, 470725, 0, 0, 0
230000, 515006, 0, 0, 0
231001, 472443, 0, 0, 0
232001, 493903, 0, 0, 0
233000, 500411, 0, 0, 0
234000, 492743, 0, 0, 0
235001, 529087, 0, 0, 0
236000, 591040, 0, 0, 0
237001, 570879, 0, 0, 0
238001, 492314, 0, 0, 0
239001, 481174, 0, 0, 0
240001, 467418, 0, 0, 0
241000, 484875, 0, 0, 0
242001, 528707, 0, 0, 0
243000, 502104, 0, 0, 0
244000, 460741, 0, 0, 0
245000, 516623, 0, 0, 0
246001, 498923, 0, 0, 0
247000, 491949, 0, 0, 0
248000, 515707, 0, 0, 0
249000, 473074, 0, 0, 0
250000, 453032, 0, 0, 0
251000, 508626, 0, 0, 0
252000, 504676, 0, 0, 0
253001, 481161, 0, 0, 0
254000, 514637, 0, 0, 0
255000, 482720, 0, 0, 0
256001, 461651, 0, 0, 0
257000, 499670, 0, 0, 0
258002, 526886, 0, 0, 0
259000, 489720, 0, 0, 0
260000, 490873, 0, 0, 0
261000, 501533, 0, 0, 0
262000, 413647, 0, 0, 0
263000, 700011, 0, 0, 0
264000, 676106, 0, 0, 0
265001, 819423, 0, 0, 0
266000, 964306, 0, 0, 0
267001, 672368, 0, 0, 0
268000, 760249, 0, 0, 0
269000, 662130, 0, 0, 0
270000, 619573, 0, 0, 0
271001, 577257, 0, 0, 0
272001, 513770, 0, 0, 0
273000, 510012, 0, 0, 0
274000, 525632, 0, 0, 0
275000, 492792, 0, 0, 0
276000, 473686, 0, 0, 0
277000, 505424, 0, 0, 0
278000, 491237, 0, 0, 0
279000, 456661, 0, 0, 0
280000, 594436, 0, 0, 0
281000, 541513, 0, 0, 0
282001, 513822, 0, 0, 0
283002, 537558, 0, 0, 0
284000, 593616, 0, 0, 0
285000, 566115, 0, 0, 0
286000, 552261, 0, 0, 0
287001, 510373, 0, 0, 0
288000, 520206, 0, 0, 0
289001, 531149, 0, 0, 0
290001, 527375, 0, 0, 0
291000, 466935, 0, 0, 0
292000, 456616, 0, 0, 0
293000, 505152, 0, 0, 0
294000, 500320, 0, 0, 0
295000, 399613, 0, 0, 0
296000, 640138, 0, 0, 0
297001, 782125, 0, 0, 0
298000, 854362, 0, 0, 0
299021, 830026, 0, 0, 0
300000, 607941, 0, 0, 0
301000, 598167, 0, 0, 0
302001, 575112, 0, 0, 0
303000, 508486, 0, 0, 0
304000, 539155, 0, 0, 0
305000, 549457, 0, 0, 0
306000, 509224, 0, 0, 0
307000, 492941, 0, 0, 0
308000, 474990, 0, 0, 0
309000, 471571, 0, 0, 0
310000, 505054, 0, 0, 0
311000, 479451, 0, 0, 0
312001, 483130, 0, 0, 0
313000, 529864, 0, 0, 0
314000, 536860, 0, 0, 0
315000, 507750, 0, 0, 0
316000, 496416, 0, 0, 0
317000, 485821, 0, 0, 0
318000, 488864, 0, 0, 0
319001, 525796, 0, 0, 0
320000, 473326, 0, 0, 0
321002, 497967, 0, 0, 0
322000, 559755, 0, 0, 0
323000, 566007, 0, 0, 0
324000, 851153, 0, 0, 0
325000, 798145, 0, 0, 0
326000, 707388, 0, 0, 0
327001, 600671, 0, 0, 0
328000, 508131, 0, 0, 0
329000, 538603, 0, 0, 0
330000, 514507, 0, 0, 0
331001, 510876, 0, 0, 0
332001, 527541, 0, 0, 0
333000, 476469, 0, 0, 0
334001, 514542, 0, 0, 0
335000, 503943, 0, 0, 0
336000, 473826, 0, 0, 0
337001, 409542, 0, 0, 0
338000, 543589, 0, 0, 0
339000, 500595, 0, 0, 0
340000, 500078, 0, 0, 0
341000, 522935, 0, 0, 0
342001, 456994, 0, 0, 0
343002, 523113, 0, 0, 0
344000, 592872, 0, 0, 0
345001, 575398, 0, 0, 0
346000, 556361, 0, 0, 0
347000, 627594, 0, 0, 0
348000, 596316, 0, 0, 0
349000, 486989, 0, 0, 0
350000, 511501, 0, 0, 0
351002, 477864, 0, 0, 0
352000, 476176, 0, 0, 0
353000, 522388, 0, 0, 0
354000, 444876, 0, 0, 0
355000, 482433, 0, 0, 0
356001, 528164, 0, 0, 0
357001, 503309, 0, 0, 0
358000, 484559, 0, 0, 0
359000, 513634, 0, 0, 0
360000, 488931, 0, 0, 0
