1000, 2654, 1, 0, 0
2011, 2666, 1, 0, 0
3000, 2643, 1, 0, 0
4000, 2652, 1, 0, 0
5005, 2628, 1, 0, 0
6000, 2629, 1, 0, 0
7000, 2619, 1, 0, 0
8000, 2626, 1, 0, 0
9000, 2641, 1, 0, 0
10000, 2651, 1, 0, 0
11009, 2628, 1, 0, 0
12000, 2619, 1, 0, 0
13001, 2635, 1, 0, 0
14000, 2582, 1, 0, 0
15000, 2572, 1, 0, 0
16000, 2558, 1, 0, 0
17001, 2608, 1, 0, 0
18003, 2619, 1, 0, 0
19000, 2611, 1, 0, 0
20000, 2625, 1, 0, 0
21000, 2658, 1, 0, 0
22001, 2646, 1, 0, 0
23000, 2663, 1, 0, 0
24003, 2653, 1, 0, 0
25011, 2630, 1, 0, 0
26000, 2629, 1, 0, 0
27003, 2630, 1, 0, 0
28005, 2629, 1, 0, 0
29000, 2645, 1, 0, 0
30000, 2648, 1, 0, 0
31004, 2638, 1, 0, 0
32000, 2639, 1, 0, 0
33002, 2642, 1, 0, 0
34001, 2637, 1, 0, 0
35000, 2596, 1, 0, 0
36000, 2564, 1, 0, 0
37000, 2567, 1, 0, 0
38000, 2582, 1, 0, 0
39000, 2635, 1, 0, 0
40000, 2620, 1, 0, 0
41000, 2622, 1, 0, 0
42000, 2635, 1, 0, 0
43000, 2683, 1, 0, 0
44000, 2654, 1, 0, 0
45004, 2671, 1, 0, 0
46000, 2646, 1, 0, 0
47000, 2630, 1, 0, 0
48000, 2652, 1, 0, 0
49000, 2635, 1, 0, 0
50000, 2567, 1, 0, 0
51000, 2629, 1, 0, 0
52000, 2622, 1, 0, 0
53000, 2622, 1, 0, 0
54000, 2599, 1, 0, 0
55000, 2591, 1, 0, 0
56000, 2585, 1, 0, 0
57000, 2605, 1, 0, 0
58000, 2597, 1, 0, 0
59000, 2585, 1, 0, 0
60000, 2652, 1, 0, 0
61002, 2629, 1, 0, 0
62000, 2640, 1, 0, 0
63000, 2653, 1, 0, 0
64010, 2642, 1, 0, 0
65000, 2585, 1, 0, 0
66000, 2560, 1, 0, 0
67000, 2566, 1, 0, 0
68000, 2581, 1, 0, 0
69000, 2639, 1, 0, 0
70000, 2644, 1, 0, 0
71002, 2703, 1, 0, 0
72000, 2558, 1, 0, 0
73000, 2591, 1, 0, 0
74000, 2589, 1, 0, 0
75000, 2638, 1, 0, 0
76000, 2629, 1, 0, 0
77000, 2623, 1, 0, 0
78000, 2618, 1, 0, 0
79000, 2603, 1, 0, 0
80000, 2616, 1, 0, 0
81000, 2613, 1, 0, 0
82000, 2618, 1, 0, 0
83007, 2650, 1, 0, 0
84000, 2650, 1, 0, 0
85008, 2655, 1, 0, 0
86003, 2628, 1, 0, 0
87006, 2617, 1, 0, 0
88004, 2636, 1, 0, 0
89009, 2652, 1, 0, 0
90004, 2644, 1, 0, 0
91014, 2636, 1, 0, 0
92003, 2645, 1, 0, 0
93004, 2621, 1, 0, 0
94000, 2655, 1, 0, 0
95000, 2651, 1, 0, 0
96000, 2641, 1, 0, 0
97000, 2591, 1, 0, 0
98000, 2591, 1, 0, 0
99000, 2570, 1, 0, 0
100000, 2587, 1, 0, 0
101000, 2586, 1, 0, 0
102000, 2625, 1, 0, 0
103000, 2633, 1, 0, 0
104000, 2631, 1, 0, 0
105000, 2635, 1, 0, 0
106003, 2641, 1, 0, 0
107000, 2614, 1, 0, 0
108020, 2623, 1, 0, 0
109011, 2629, 1, 0, 0
110009, 2635, 1, 0, 0
111000, 2641, 1, 0, 0
112000, 2627, 1, 0, 0
113001, 2639, 1, 0, 0
114000, 2633, 1, 0, 0
115000, 2639, 1, 0, 0
116003, 2641, 1, 0, 0
117000, 2650, 1, 0, 0
118000, 2643, 1, 0, 0
119004, 2633, 1, 0, 0
120010, 2639, 1, 0, 0
121013, 2643, 1, 0, 0
122000, 2650, 1, 0, 0
123000, 2629, 1, 0, 0
124000, 2619, 1, 0, 0
125000, 2624, 1, 0, 0
126000, 2623, 1, 0, 0
127000, 2645, 1, 0, 0
128013, 2648, 1, 0, 0
129000, 2656, 1, 0, 0
130008, 2638, 1, 0, 0
131006, 2636, 1, 0, 0
132008, 2641, 1, 0, 0
133000, 2655, 1, 0, 0
134006, 2627, 1, 0, 0
135009, 2674, 1, 0, 0
136011, 2630, 1, 0, 0
137000, 2616, 1, 0, 0
138008, 2647, 1, 0, 0
139000, 2636, 1, 0, 0
140000, 2645, 1, 0, 0
141005, 2641, 1, 0, 0
142005, 2631, 1, 0, 0
143004, 2621, 1, 0, 0
144003, 2643, 1, 0, 0
145007, 2639, 1, 0, 0
146000, 2636, 1, 0, 0
147005, 2649, 1, 0, 0
148001, 2640, 1, 0, 0
149007, 2626, 1, 0, 0
150000, 2578, 1, 0, 0
151000, 2631, 1, 0, 0
152000, 2614, 1, 0, 0
153002, 2631, 1, 0, 0
154000, 2630, 1, 0, 0
155000, 2628, 1, 0, 0
156000, 2628, 1, 0, 0
157006, 2627, 1, 0, 0
158000, 2645, 1, 0, 0
159000, 2630, 1, 0, 0
160000, 2650, 1, 0, 0
161000, 2643, 1, 0, 0
162000, 2640, 1, 0, 0
163000, 2624, 1, 0, 0
164004, 2627, 1, 0, 0
165000, 2624, 1, 0, 0
166000, 2618, 1, 0, 0
167001, 2626, 1, 0, 0
168000, 2622, 1, 0, 0
169000, 2620, 1, 0, 0
170000, 2627, 1, 0, 0
171000, 2619, 1, 0, 0
172000, 2625, 1, 0, 0
173005, 2630, 1, 0, 0
174000, 2621, 1, 0, 0
175000, 2626, 1, 0, 0
176000, 2642, 1, 0, 0
177000, 2643, 1, 0, 0
178000, 2649, 1, 0, 0
179000, 2640, 1, 0, 0
180000, 2636, 1, 0, 0
181000, 2631, 1, 0, 0
182004, 2638, 1, 0, 0
183000, 2644, 1, 0, 0
184000, 2638, 1, 0, 0
185007, 2633, 1, 0, 0
186006, 2631, 1, 0, 0
187009, 2632, 1, 0, 0
188000, 2621, 1, 0, 0
189000, 2637, 1, 0, 0
190006, 2653, 1, 0, 0
191005, 2629, 1, 0, 0
192006, 2642, 1, 0, 0
193010, 2675, 1, 0, 0
194000, 2643, 1, 0, 0
195004, 2644, 1, 0, 0
196006, 2659, 1, 0, 0
197000, 2673, 1, 0, 0
198003, 2659, 1, 0, 0
199007, 2689, 1, 0, 0
200004, 2689, 1, 0, 0
201011, 2656, 1, 0, 0
202000, 2650, 1, 0, 0
203010, 2631, 1, 0, 0
204005, 2669, 1, 0, 0
205012, 2677, 1, 0, 0
206001, 2637, 1, 0, 0
207001, 2629, 1, 0, 0
208006, 2671, 1, 0, 0
209005, 2691, 1, 0, 0
210008, 2674, 1, 0, 0
211000, 2682, 1, 0, 0
212008, 2648, 1, 0, 0
213000, 2654, 1, 0, 0
214000, 2644, 1, 0, 0
215000, 2658, 1, 0, 0
216000, 2664, 1, 0, 0
217009, 2672, 1, 0, 0
218003, 2671, 1, 0, 0
219004, 2663, 1, 0, 0
220000, 2647, 1, 0, 0
221007, 2657, 1, 0, 0
222000, 2656, 1, 0, 0
223000, 2647, 1, 0, 0
224000, 2637, 1, 0, 0
225006, 2637, 1, 0, 0
226000, 2646, 1, 0, 0
227005, 2651, 1, 0, 0
228000, 2611, 1, 0, 0
229000, 2643, 1, 0, 0
230004, 2664, 1, 0, 0
231000, 2640, 1, 0, 0
232000, 2655, 1, 0, 0
233000, 2621, 1, 0, 0
234003, 2628, 1, 0, 0
235000, 2626, 1, 0, 0
236000, 2629, 1, 0, 0
237000, 2623, 1, 0, 0
238001, 2629, 1, 0, 0
239007, 2634, 1, 0, 0
240000, 2639, 1, 0, 0
241000, 2633, 1, 0, 0
242000, 2628, 1, 0, 0
243000, 2629, 1, 0, 0
244000, 2631, 1, 0, 0
245031, 2637, 1, 0, 0
246009, 2677, 1, 0, 0
247007, 2706, 1, 0, 0
248000, 2697, 1, 0, 0
249007, 2719, 1, 0, 0
250004, 2694, 1, 0, 0
251000, 2716, 1, 0, 0
252012, 2689, 1, 0, 0
253004, 2707, 1, 0, 0
254000, 2701, 1, 0, 0
255012, 2711, 1, 0, 0
256004, 2706, 1, 0, 0
257000, 2713, 1, 0, 0
258006, 2728, 1, 0, 0
259005, 2693, 1, 0, 0
260001, 2706, 1, 0, 0
261013, 2727, 1, 0, 0
262007, 2768, 1, 0, 0
263001, 2695, 1, 0, 0
264000, 2717, 1, 0, 0
265000, 2729, 1, 0, 0
266002, 2730, 1, 0, 0
267010, 2722, 1, 0, 0
268014, 2703, 1, 0, 0
269009, 2714, 1, 0, 0
270000, 2749, 1, 0, 0
271000, 2749, 1, 0, 0
272010, 2737, 1, 0, 0
273014, 2703, 1, 0, 0
274014, 2729, 1, 0, 0
275006, 2695, 1, 0, 0
276000, 2634, 1, 0, 0
277000, 2633, 1, 0, 0
278000, 2631, 1, 0, 0
279000, 2649, 1, 0, 0
280000, 2667, 1, 0, 0
281010, 2650, 1, 0, 0
282006, 2652, 1, 0, 0
283008, 2641, 1, 0, 0
284004, 2652, 1, 0, 0
285008, 2657, 1, 0, 0
286005, 2629, 1, 0, 0
287010, 2649, 1, 0, 0
288000, 2660, 1, 0, 0
289007, 2644, 1, 0, 0
290003, 2645, 1, 0, 0
291000, 2619, 1, 0, 0
292000, 2619, 1, 0, 0
293004, 2632, 1, 0, 0
294000, 2649, 1, 0, 0
295001, 2641, 1, 0, 0
296000, 2657, 1, 0, 0
297000, 2650, 1, 0, 0
298000, 2627, 1, 0, 0
299004, 2626, 1, 0, 0
300007, 2639, 1, 0, 0
301000, 2631, 1, 0, 0
302003, 2650, 1, 0, 0
303000, 2627, 1, 0, 0
304008, 2640, 1, 0, 0
305000, 2677, 1, 0, 0
306006, 2664, 1, 0, 0
307009, 2621, 1, 0, 0
308000, 2631, 1, 0, 0
309000, 2616, 1, 0, 0
310000, 2622, 1, 0, 0
311002, 2645, 1, 0, 0
312000, 2660, 1, 0, 0
313000, 2645, 1, 0, 0
314006, 2662, 1, 0, 0
315000, 2640, 1, 0, 0
316000, 2652, 1, 0, 0
317000, 2648, 1, 0, 0
318000, 2654, 1, 0, 0
319003, 2674, 1, 0, 0
320000, 2671, 1, 0, 0
321000, 2641, 1, 0, 0
322000, 2647, 1, 0, 0
323000, 2641, 1, 0, 0
324000, 2643, 1, 0, 0
325000, 2631, 1, 0, 0
326008, 2636, 1, 0, 0
327000, 2631, 1, 0, 0
328002, 2634, 1, 0, 0
329000, 2643, 1, 0, 0
330007, 2642, 1, 0, 0
331003, 2642, 1, 0, 0
332006, 2651, 1, 0, 0
333006, 2627, 1, 0, 0
334005, 2633, 1, 0, 0
335000, 2640, 1, 0, 0
336012, 2652, 1, 0, 0
337002, 2650, 1, 0, 0
338000, 2635, 1, 0, 0
339003, 2617, 1, 0, 0
340008, 2629, 1, 0, 0
341000, 2633, 1, 0, 0
342000, 2638, 1, 0, 0
343000, 2637, 1, 0, 0
344004, 2638, 1, 0, 0
345000, 2634, 1, 0, 0
346000, 2620, 1, 0, 0
347002, 2617, 1, 0, 0
348000, 2619, 1, 0, 0
349000, 2653, 1, 0, 0
350000, 2643, 1, 0, 0
351000, 2625, 1, 0, 0
352005, 2635, 1, 0, 0
353000, 2629, 1, 0, 0
354000, 2646, 1, 0, 0
355000, 2640, 1, 0, 0
356000, 2621, 1, 0, 0
357005, 2644, 1, 0, 0
358000, 2643, 1, 0, 0
359004, 2640, 1, 0, 0
360005, 2641, 1, 0, 0
