1000, 574952, 0, 0, 0
2001, 546222, 0, 0, 0
3000, 558107, 0, 0, 0
4000, 462849, 0, 0, 0
5000, 407015, 0, 0, 0
6001, 586437, 0, 0, 0
7001, 656264, 0, 0, 0
8000, 545262, 0, 0, 0
9001, 598234, 0, 0, 0
10000, 595497, 0, 0, 0
11001, 602144, 0, 0, 0
12000, 551962, 0, 0, 0
13000, 547438, 0, 0, 0
14001, 467431, 0, 0, 0
15001, 488192, 0, 0, 0
16000, 451722, 0, 0, 0
17000, 454658, 0, 0, 0
18000, 495487, 0, 0, 0
19000, 402267, 0, 0, 0
20000, 671352, 0, 0, 0
21001, 680403, 0, 0, 0
22001, 945177, 0, 0, 0
23000, 914014, 0, 0, 0
24000, 676620, 0, 0, 0
25002, 652218, 0, 0, 0
26000, 673833, 0, 0, 0
27000, 606995, 0, 0, 0
28001, 524393, 0, 0, 0
29001, 557119, 0, 0, 0
30000, 560649, 0, 0, 0
31000, 608508, 0, 0, 0
32000, 515070, 0, 0, 0
33000, 531673, 0, 0, 0
34000, 531097, 0, 0, 0
35000, 499353, 0, 0, 0
36001, 496546, 0, 0, 0
37000, 568410, 0, 0, 0
38000, 564303, 0, 0, 0
39001, 575626, 0, 0, 0
40000, 572591, 0, 0, 0
41001, 489867, 0, 0, 0
42000, 474454, 0, 0, 0
43000, 484330, 0, 0, 0
44000, 517050, 0, 0, 0
45000, 584995, 0, 0, 0
46000, 564182, 0, 0, 0
47000, 593030, 0, 0, 0
48000, 471118, 0, 0, 0
49000, 485435, 0, 0, 0
50000, 497451, 0, 0, 0
51000, 537571, 0, 0, 0
52001, 512952, 0, 0, 0
53000, 527461, 0, 0, 0
54000, 523973, 0, 0, 0
55002, 544299, 0, 0, 0
56000, 557905, 0, 0, 0
57000, 597769, 0, 0, 0
58001, 550413, 0, 0, 0
59000, 514915, 0, 0, 0
60000, 476266, 0, 0, 0
61000, 489018, 0, 0, 0
62001, 395601, 0, 0, 0
63000, 478545, 0, 0, 0
64001, 484415, 0, 0, 0
65000, 404598, 0, 0, 0
66000, 559537, 0, 0, 0
67000, 544648, 0, 0, 0
68000, 526248, 0, 0, 0
69000, 483704, 0, 0, 0
70000, 526616, 0, 0, 0
71000, 512954, 0, 0, 0
72000, 520465, 0, 0, 0
73001, 497226, 0, 0, 0
74000, 475975, 0, 0, 0
75000, 386375, 0, 0, 0
76001, 505987, 0, 0, 0
77000, 472927, 0, 0, 0
78000, 409256, 0, 0, 0
79000, 517166, 0, 0, 0
80002, 495301, 0, 0, 0
81001, 415633, 0, 0, 0
82000, 501708, 0, 0, 0
83000, 472373, 0, 0, 0
84000, 474094, 0, 0, 0
85000, 485314, 0, 0, 0
86000, 484150, 0, 0, 0
87000, 530625, 0, 0, 0
88000, 547110, 0, 0, 0
89000, 415708, 0, 0, 0
90000, 495566, 0, 0, 0
91002, 565984, 0, 0, 0
92000, 546209, 0, 0, 0
93000, 537502, 0, 0, 0
94000, 522257, 0, 0, 0
95000, 480347, 0, 0, 0
96000, 466219, 0, 0, 0
97000, 494205, 0, 0, 0
98000, 509078, 0, 0, 0
99000, 423181, 0, 0, 0
100000, 474449, 0, 0, 0
101000, 492999, 0, 0, 0
102000, 405817, 0, 0, 0
103000, 481056, 0, 0, 0
104002, 491839, 0, 0, 0
105001, 472210, 0, 0, 0
106000, 505833, 0, 0, 0
107000, 482681, 0, 0, 0
108000, 469276, 0, 0, 0
109001, 469054, 0, 0, 0
110000, 443503, 0, 0, 0
111001, 435774, 0, 0, 0
112001, 514367, 0, 0, 0
113000, 497673, 0, 0, 0
114000, 432916, 0, 0, 0
115000, 540673, 0, 0, 0
116001, 553669, 0, 0, 0
117000, 560954, 0, 0, 0
118001, 536712, 0, 0, 0
119000, 580863, 0, 0, 0
120001, 521457, 0, 0, 0
121000, 491849, 0, 0, 0
122000, 559797, 0, 0, 0
123000, 528804, 0, 0, 0
124001, 539414, 0, 0, 0
125000, 699303, 0, 0, 0
126001, 734889, 0, 0, 0
127001, 497652, 0, 0, 0
128000, 536660, 0, 0, 0
129000, 542290, 0, 0, 0
130000, 461290, 0, 0, 0
131000, 448489, 0, 0, 0
132000, 421735, 0, 0, 0
133000, 478068, 0, 0, 0
134000, 451652, 0, 0, 0
135000, 424948, 0, 0, 0
136000, 506811, 0, 0, 0
137000, 459357, 0, 0, 0
138007, 438662, 0, 0, 0
139000, 816316, 0, 0, 0
140000, 1076717, 0, 0, 0
141000, 912816, 0, 0, 0
142001, 753850, 0, 0, 0
143000, 711996, 0, 0, 0
144000, 549357, 0, 0, 0
145000, 547187, 0, 0, 0
146000, 550217, 0, 0, 0
147001, 546844, 0, 0, 0
148000, 517278, 0, 0, 0
149000, 515096, 0, 0, 0
150000, 522936, 0, 0, 0
151000, 538706, 0, 0, 0
152001, 534433, 0, 0, 0
153000, 568846, 0, 0, 0
154000, 546441, 0, 0, 0
155000, 593005, 0, 0, 0
156000, 572066, 0, 0, 0
157000, 524009, 0, 0, 0
158001, 489884, 0, 0, 0
159000, 612523, 0, 0, 0
160000, 559628, 0, 0, 0
161000, 535633, 0, 0, 0
162001, 563591, 0, 0, 0
163001, 520018, 0, 0, 0
164001, 508127, 0, 0, 0
165000, 466285, 0, 0, 0
166000, 541839, 0, 0, 0
167002, 527777, 0, 0, 0
168000, 560568, 0, 0, 0
169002, 572549, 0, 0, 0
170000, 579627, 0, 0, 0
171000, 619630, 0, 0, 0
172000, 552307, 0, 0, 0
173000, 543062, 0, 0, 0
174001, 529126, 0, 0, 0
175001, 499243, 0, 0, 0
176000, 552684, 0, 0, 0
177000, 494004, 0, 0, 0
178000, 497326, 0, 0, 0
179000, 496649, 0, 0, 0
180000, 495391, 0, 0, 0
181002, 462561, 0, 0, 0
182000, 523908, 0, 0, 0
183000, 457373, 0, 0, 0
184000, 417737, 0, 0, 0
185000, 484601, 0, 0, 0
186000, 445977, 0, 0, 0
187000, 408996, 0, 0, 0
188000, 812649, 0, 0, 0
189001, 869593, 0, 0, 0
190000, 720201, 0, 0, 0
191000, 725803, 0, 0, 0
192000, 637040, 0, 0, 0
193000, 563723, 0, 0, 0
194001, 587916, 0, 0, 0
195000, 550573, 0, 0, 0
196001, 537053, 0, 0, 0
197000, 519508, 0, 0, 0
198000, 410483, 0, 0, 0
199000, 494306, 0, 0, 0
200001, 534563, 0, 0, 0
201000, 413864, 0, 0, 0
202006, 567741, 0, 0, 0
203001, 621012, 0, 0, 0
204000, 616457, 0, 0, 0
205001, 634090, 0, 0, 0
206000, 697225, 0, 0, 0
207000, 628717, 0, 0, 0
208000, 629337, 0, 0, 0
209014, 601728, 0, 0, 0
210000, 559142, 0, 0, 0
211000, 546540, 0, 0, 0
212000, 536177, 0, 0, 0
213000, 528014, 0, 0, 0
214000, 529053, 0, 0, 0
215002, 535181, 0, 0, 0
216000, 548839, 0, 0, 0
217000, 531735, 0, 0, 0
218001, 573156, 0, 0, 0
219000, 560399, 0, 0, 0
220001, 508052, 0, 0, 0
221001, 566396, 0, 0, 0
222001, 550592, 0, 0, 0
223000, 485958, 0, 0, 0
224000, 477839, 0, 0, 0
225000, 491009, 0, 0, 0
226000, 495483, 0, 0, 0
227001, 470267, 0, 0, 0
228000, 495063, 0, 0, 0
229001, 470175, 0, 0, 0
230000, 479836, 0, 0, 0
231000, 526700, 0, 0, 0
232001, 505211, 0, 0, 0
233000, 474457, 0, 0, 0
234000, 550511, 0, 0, 0
235000, 571855, 0, 0, 0
236000, 460627, 0, 0, 0
237000, 471726, 0, 0, 0
238000, 503406, 0, 0, 0
239000, 462798, 0, 0, 0
240000, 475961, 0, 0, 0
241000, 474922, 0, 0, 0
242000, 491837, 0, 0, 0
243000, 485060, 0, 0, 0
244000, 495226, 0, 0, 0
245000, 549761, 0, 0, 0
246001, 501825, 0, 0, 0
247000, 511113, 0, 0, 0
248001, 549207, 0, 0, 0
249000, 552497, 0, 0, 0
250000, 508832, 0, 0, 0
251001, 478829, 0, 0, 0
252001, 498137, 0, 0, 0
253000, 489111, 0, 0, 0
254000, 465136, 0, 0, 0
255000, 477524, 0, 0, 0
256000, 508710, 0, 0, 0
257000, 558408, 0, 0, 0
258000, 501436, 0, 0, 0
259000, 511396, 0, 0, 0
260001, 523712, 0, 0, 0
261000, 560902, 0, 0, 0
262000, 544734, 0, 0, 0
263000, 672494, 0, 0, 0
264000, 703484, 0, 0, 0
265000, 641296, 0, 0, 0
266002, 633645, 0, 0, 0
267000, 641023, 0, 0, 0
268000, 556052, 0, 0, 0
269000, 580264, 0, 0, 0
270000, 575691, 0, 0, 0
271002, 550960, 0, 0, 0
272000, 548819, 0, 0, 0
273000, 574583, 0, 0, 0
274000, 630108, 0, 0, 0
275000, 594474, 0, 0, 0
276001, 746188, 0, 0, 0
277000, 767503, 0, 0, 0
278000, 558303, 0, 0, 0
279000, 560626, 0, 0, 0
280000, 548004, 0, 0, 0
281000, 543712, 0, 0, 0
282000, 566125, 0, 0, 0
283000, 574439, 0, 0, 0
284000, 530525, 0, 0, 0
285000, 517582, 0, 0, 0
286000, 467694, 0, 0, 0
287001, 530648, 0, 0, 0
288001, 537224, 0, 0, 0
289000, 490538, 0, 0, 0
290000, 548200, 0, 0, 0
291000, 522783, 0, 0, 0
292000, 533640, 0, 0, 0
293000, 556146, 0, 0, 0
294000, 506894, 0, 0, 0
295000, 542295, 0, 0, 0
296000, 540472, 0, 0, 0
297001, 476738, 0, 0, 0
298000, 509455, 0, 0, 0
299000, 497214, 0, 0, 0
300000, 554718, 0, 0, 0
301001, 528890, 0, 0, 0
302000, 567586, 0, 0, 0
303000, 597673, 0, 0, 0
304000, 540412, 0, 0, 0
305001, 498479, 0, 0, 0
306000, 529140, 0, 0, 0
307001, 486294, 0, 0, 0
308000, 494407, 0, 0, 0
309000, 529712, 0, 0, 0
310000, 519983, 0, 0, 0
311001, 546124, 0, 0, 0
312000, 548372, 0, 0, 0
313000, 512440, 0, 0, 0
314000, 511963, 0, 0, 0
315011, 535510, 0, 0, 0
316000, 499833, 0, 0, 0
317000, 488279, 0, 0, 0
318000, 490796, 0, 0, 0
319000, 410262, 0, 0, 0
320000, 455330, 0, 0, 0
321000, 480996, 0, 0, 0
322000, 519775, 0, 0, 0
323001, 563217, 0, 0, 0
324000, 533256, 0, 0, 0
325000, 569926, 0, 0, 0
326000, 525115, 0, 0, 0
327000, 535862, 0, 0, 0
328000, 551377, 0, 0, 0
329000, 496290, 0, 0, 0
330001, 470036, 0, 0, 0
331000, 496128, 0, 0, 0
332000, 451881, 0, 0, 0
333000, 473637, 0, 0, 0
334001, 538204, 0, 0, 0
335000, 581985, 0, 0, 0
336000, 542826, 0, 0, 0
337014, 588921, 0, 0, 0
338000, 564298, 0, 0, 0
339000, 628766, 0, 0, 0
340000, 619677, 0, 0, 0
341003, 530467, 0, 0, 0
342000, 591986, 0, 0, 0
343001, 579956, 0, 0, 0
344000, 531220, 0, 0, 0
345000, 448254, 0, 0, 0
346000, 474049, 0, 0, 0
347000, 546816, 0, 0, 0
348000, 510754, 0, 0, 0
349000, 487054, 0, 0, 0
350000, 460001, 0, 0, 0
351000, 518079, 0, 0, 0
352000, 502275, 0, 0, 0
353001, 501375, 0, 0, 0
354000, 563224, 0, 0, 0
355000, 461419, 0, 0, 0
356000, 466969, 0, 0, 0
357001, 492586, 0, 0, 0
358000, 453342, 0, 0, 0
359001, 451466, 0, 0, 0
360000, 505200, 0, 0, 0
