1000, 11718, 0, 0, 0
2000, 11993, 0, 0, 0
3001, 11785, 0, 0, 0
4000, 12002, 0, 0, 0
5000, 11969, 0, 0, 0
6000, 11828, 0, 0, 0
7001, 12293, 0, 0, 0
8000, 11636, 0, 0, 0
9000, 11875, 0, 0, 0
10000, 12450, 0, 0, 0
11000, 12758, 0, 0, 0
12001, 12453, 0, 0, 0
13000, 12698, 0, 0, 0
14001, 11998, 0, 0, 0
15000, 11764, 0, 0, 0
16001, 12467, 0, 0, 0
17000, 12417, 0, 0, 0
18000, 12495, 0, 0, 0
19000, 12361, 0, 0, 0
20000, 12269, 0, 0, 0
21002, 12020, 0, 0, 0
22000, 12284, 0, 0, 0
23000, 12648, 0, 0, 0
24001, 12171, 0, 0, 0
25000, 12252, 0, 0, 0
26000, 12331, 0, 0, 0
27000, 12395, 0, 0, 0
28000, 12063, 0, 0, 0
29001, 12411, 0, 0, 0
30001, 12405, 0, 0, 0
31000, 12522, 0, 0, 0
32000, 12315, 0, 0, 0
33001, 12176, 0, 0, 0
34000, 12730, 0, 0, 0
35000, 12373, 0, 0, 0
36000, 12360, 0, 0, 0
37000, 12486, 0, 0, 0
38000, 12962, 0, 0, 0
39000, 12697, 0, 0, 0
40000, 11719, 0, 0, 0
41001, 12390, 0, 0, 0
42000, 12504, 0, 0, 0
43000, 12000, 0, 0, 0
44001, 12297, 0, 0, 0
45000, 11723, 0, 0, 0
46000, 12216, 0, 0, 0
47000, 11773, 0, 0, 0
48000, 11823, 0, 0, 0
49000, 12182, 0, 0, 0
50000, 12554, 0, 0, 0
51001, 12291, 0, 0, 0
52000, 11820, 0, 0, 0
53000, 12171, 0, 0, 0
54000, 12050, 0, 0, 0
55000, 11863, 0, 0, 0
56000, 12437, 0, 0, 0
57000, 12340, 0, 0, 0
58000, 12455, 0, 0, 0
59001, 12757, 0, 0, 0
60000, 12674, 0, 0, 0
61000, 11452, 0, 0, 0
62011, 12036, 0, 0, 0
63001, 12287, 0, 0, 0
64000, 12434, 0, 0, 0
65001, 12255, 0, 0, 0
66001, 12444, 0, 0, 0
67001, 12557, 0, 0, 0
68000, 11948, 0, 0, 0
69000, 12167, 0, 0, 0
70000, 12246, 0, 0, 0
71000, 11923, 0, 0, 0
72001, 12598, 0, 0, 0
73000, 12476, 0, 0, 0
74001, 12010, 0, 0, 0
75002, 13238, 0, 0, 0
76000, 12876, 0, 0, 0
77000, 12192, 0, 0, 0
78000, 11941, 0, 0, 0
79000, 12102, 0, 0, 0
80001, 12425, 0, 0, 0
81001, 12134, 0, 0, 0
82000, 12352, 0, 0, 0
83000, 11907, 0, 0, 0
84000, 12446, 0, 0, 0
85000, 12197, 0, 0, 0
86000, 12045, 0, 0, 0
87001, 12248, 0, 0, 0
88001, 12519, 0, 0, 0
89000, 12370, 0, 0, 0
90000, 11859, 0, 0, 0
91000, 12207, 0, 0, 0
92000, 11985, 0, 0, 0
93000, 11917, 0, 0, 0
94000, 11419, 0, 0, 0
95000, 12112, 0, 0, 0
96000, 11840, 0, 0, 0
97000, 12193, 0, 0, 0
98000, 11796, 0, 0, 0
99000, 11603, 0, 0, 0
100000, 11841, 0, 0, 0
101000, 12166, 0, 0, 0
102000, 12502, 0, 0, 0
103001, 12680, 0, 0, 0
104000, 12068, 0, 0, 0
105000, 11870, 0, 0, 0
106000, 11333, 0, 0, 0
107001, 11841, 0, 0, 0
108002, 12017, 0, 0, 0
109000, 11613, 0, 0, 0
110000, 12014, 0, 0, 0
111001, 12254, 0, 0, 0
112000, 11633, 0, 0, 0
113001, 12373, 0, 0, 0
114001, 12495, 0, 0, 0
115000, 12362, 0, 0, 0
116001, 12360, 0, 0, 0
117002, 12766, 0, 0, 0
118002, 12254, 0, 0, 0
119000, 11938, 0, 0, 0
120000, 12071, 0, 0, 0
121000, 12037, 0, 0, 0
122017, 12384, 0, 0, 0
123001, 12113, 0, 0, 0
124000, 12371, 0, 0, 0
125000, 12627, 0, 0, 0
126000, 12390, 0, 0, 0
127000, 12691, 0, 0, 0
128001, 12544, 0, 0, 0
129000, 12576, 0, 0, 0
130000, 12070, 0, 0, 0
131000, 12826, 0, 0, 0
132001, 12351, 0, 0, 0
133000, 12504, 0, 0, 0
134000, 12324, 0, 0, 0
135000, 12704, 0, 0, 0
136000, 11899, 0, 0, 0
137000, 12339, 0, 0, 0
138001, 12449, 0, 0, 0
139000, 12274, 0, 0, 0
140001, 12525, 0, 0, 0
141000, 12075, 0, 0, 0
142000, 11797, 0, 0, 0
143001, 12194, 0, 0, 0
144000, 12316, 0, 0, 0
145000, 11828, 0, 0, 0
146000, 11860, 0, 0, 0
147000, 11916, 0, 0, 0
148000, 12362, 0, 0, 0
149000, 12077, 0, 0, 0
150001, 11851, 0, 0, 0
151000, 12049, 0, 0, 0
152000, 11802, 0, 0, 0
153000, 11978, 0, 0, 0
154000, 11851, 0, 0, 0
155000, 11591, 0, 0, 0
156000, 12309, 0, 0, 0
157000, 12423, 0, 0, 0
158000, 11658, 0, 0, 0
159001, 12052, 0, 0, 0
160000, 12106, 0, 0, 0
161000, 12220, 0, 0, 0
162000, 12823, 0, 0, 0
163000, 12370, 0, 0, 0
164000, 12536, 0, 0, 0
165000, 12522, 0, 0, 0
166001, 12568, 0, 0, 0
167000, 12311, 0, 0, 0
168000, 12406, 0, 0, 0
169001, 12670, 0, 0, 0
170000, 12209, 0, 0, 0
171000, 13128, 0, 0, 0
172000, 13031, 0, 0, 0
173001, 12568, 0, 0, 0
174001, 12770, 0, 0, 0
175000, 12744, 0, 0, 0
176002, 11327, 0, 0, 0
177000, 11891, 0, 0, 0
178001, 10657, 0, 0, 0
179001, 11363, 0, 0, 0
180000, 10745, 0, 0, 0
181001, 10616, 0, 0, 0
182000, 11915, 0, 0, 0
183001, 11551, 0, 0, 0
184000, 11914, 0, 0, 0
185000, 12786, 0, 0, 0
186000, 12689, 0, 0, 0
187000, 12321, 0, 0, 0
188000, 12928, 0, 0, 0
189000, 12388, 0, 0, 0
190001, 12342, 0, 0, 0
191000, 12272, 0, 0, 0
192000, 12024, 0, 0, 0
193001, 11991, 0, 0, 0
194000, 11740, 0, 0, 0
195000, 12636, 0, 0, 0
196001, 12220, 0, 0, 0
197000, 12430, 0, 0, 0
198001, 11922, 0, 0, 0
199000, 12514, 0, 0, 0
200007, 12201, 0, 0, 0
201001, 11565, 0, 0, 0
202000, 12312, 0, 0, 0
203000, 12045, 0, 0, 0
204000, 12174, 0, 0, 0
205000, 12172, 0, 0, 0
206000, 11309, 0, 0, 0
207000, 11923, 0, 0, 0
208000, 12680, 0, 0, 0
209000, 12454, 0, 0, 0
210001, 12779, 0, 0, 0
211001, 12448, 0, 0, 0
212000, 12147, 0, 0, 0
213001, 11994, 0, 0, 0
214001, 11912, 0, 0, 0
215000, 11850, 0, 0, 0
216000, 12652, 0, 0, 0
217000, 12488, 0, 0, 0
218001, 12584, 0, 0, 0
219000, 11781, 0, 0, 0
220000, 12576, 0, 0, 0
221000, 12249, 0, 0, 0
222000, 11731, 0, 0, 0
223001, 12115, 0, 0, 0
224000, 12399, 0, 0, 0
225000, 12760, 0, 0, 0
226000, 12589, 0, 0, 0
227001, 12431, 0, 0, 0
228000, 11725, 0, 0, 0
229001, 12208, 0, 0, 0
230000, 12335, 0, 0, 0
231000, 12147, 0, 0, 0
232000, 12250, 0, 0, 0
233000, 12498, 0, 0, 0
234000, 11972, 0, 0, 0
235000, 11637, 0, 0, 0
236001, 11981, 0, 0, 0
237000, 12002, 0, 0, 0
238001, 12173, 0, 0, 0
239000, 12467, 0, 0, 0
240000, 12609, 0, 0, 0
241000, 12044, 0, 0, 0
242001, 12516, 0, 0, 0
243002, 12142, 0, 0, 0
244000, 12230, 0, 0, 0
245000, 12487, 0, 0, 0
246001, 12683, 0, 0, 0
247000, 11068, 0, 0, 0
248001, 12552, 0, 0, 0
249000, 12328, 0, 0, 0
250001, 11486, 0, 0, 0
251000, 11539, 0, 0, 0
252001, 11139, 0, 0, 0
253000, 11825, 0, 0, 0
254000, 12026, 0, 0, 0
255001, 12824, 0, 0, 0
256001, 12085, 0, 0, 0
257000, 12174, 0, 0, 0
258001, 12166, 0, 0, 0
259001, 11915, 0, 0, 0
260000, 12092, 0, 0, 0
261001, 12160, 0, 0, 0
262000, 11897, 0, 0, 0
263001, 12200, 0, 0, 0
264000, 12398, 0, 0, 0
265001, 12442, 0, 0, 0
266001, 11998, 0, 0, 0
267001, 12305, 0, 0, 0
268000, 12360, 0, 0, 0
269000, 11824, 0, 0, 0
270000, 12576, 0, 0, 0
271000, 12241, 0, 0, 0
272001, 12222, 0, 0, 0
273001, 12356, 0, 0, 0
274000, 11921, 0, 0, 0
275000, 12296, 0, 0, 0
276001, 12385, 0, 0, 0
277000, 12316, 0, 0, 0
278001, 12056, 0, 0, 0
279001, 11281, 0, 0, 0
280000, 12222, 0, 0, 0
281000, 12631, 0, 0, 0
282000, 11693, 0, 0, 0
283001, 11916, 0, 0, 0
284002, 11883, 0, 0, 0
285000, 12094, 0, 0, 0
286001, 11784, 0, 0, 0
287000, 11808, 0, 0, 0
288001, 11981, 0, 0, 0
289000, 12511, 0, 0, 0
290000, 11797, 0, 0, 0
291001, 12126, 0, 0, 0
292000, 12451, 0, 0, 0
293000, 12253, 0, 0, 0
294002, 12383, 0, 0, 0
295000, 12071, 0, 0, 0
296000, 11665, 0, 0, 0
297000, 12410, 0, 0, 0
298000, 12708, 0, 0, 0
299001, 12623, 0, 0, 0
300000, 12146, 0, 0, 0
301000, 12165, 0, 0, 0
302000, 12093, 0, 0, 0
303000, 11868, 0, 0, 0
304000, 12174, 0, 0, 0
305000, 12568, 0, 0, 0
306000, 12147, 0, 0, 0
307000, 12773, 0, 0, 0
308000, 12561, 0, 0, 0
309000, 12488, 0, 0, 0
310000, 12256, 0, 0, 0
311000, 12592, 0, 0, 0
312000, 12772, 0, 0, 0
313000, 11970, 0, 0, 0
314000, 12135, 0, 0, 0
315000, 12009, 0, 0, 0
316001, 12620, 0, 0, 0
317000, 12806, 0, 0, 0
318000, 12062, 0, 0, 0
319000, 11917, 0, 0, 0
320000, 12081, 0, 0, 0
321000, 11800, 0, 0, 0
322000, 12233, 0, 0, 0
323001, 12425, 0, 0, 0
324001, 12456, 0, 0, 0
325001, 12424, 0, 0, 0
326001, 11995, 0, 0, 0
327001, 12038, 0, 0, 0
328001, 12237, 0, 0, 0
329000, 12491, 0, 0, 0
330001, 12284, 0, 0, 0
331001, 12655, 0, 0, 0
332000, 12234, 0, 0, 0
333000, 11908, 0, 0, 0
334000, 12195, 0, 0, 0
335000, 12163, 0, 0, 0
336000, 12071, 0, 0, 0
337000, 12068, 0, 0, 0
338000, 12522, 0, 0, 0
339000, 12681, 0, 0, 0
340000, 12148, 0, 0, 0
341001, 12202, 0, 0, 0
342001, 12389, 0, 0, 0
343001, 12084, 0, 0, 0
344000, 12674, 0, 0, 0
345000, 12680, 0, 0, 0
346001, 12216, 0, 0, 0
347000, 12840, 0, 0, 0
348000, 12236, 0, 0, 0
349000, 12595, 0, 0, 0
350000, 12225, 0, 0, 0
351001, 12385, 0, 0, 0
352001, 13030, 0, 0, 0
353001, 12080, 0, 0, 0
354001, 12304, 0, 0, 0
355001, 11679, 0, 0, 0
356001, 12738, 0, 0, 0
357000, 12398, 0, 0, 0
358000, 12555, 0, 0, 0
359000, 12462, 0, 0, 0
360001, 12155, 0, 0, 0
