1000, 1695104, 1, 0, 0
2000, 1704985, 1, 0, 0
3000, 1702225, 1, 0, 0
4000, 1700587, 1, 0, 0
5000, 1705150, 1, 0, 0
6000, 1736468, 1, 0, 0
7000, 1685683, 1, 0, 0
8000, 1689771, 1, 0, 0
9000, 1690931, 1, 0, 0
10000, 1695751, 1, 0, 0
11000, 1738566, 1, 0, 0
12000, 1689000, 1, 0, 0
13000, 1686977, 1, 0, 0
14000, 1685830, 1, 0, 0
15000, 1690469, 1, 0, 0
16000, 1746637, 1, 0, 0
17000, 1753357, 1, 0, 0
18000, 1703163, 1, 0, 0
19000, 1699378, 1, 0, 0
20000, 1701557, 1, 0, 0
21000, 1743487, 1, 0, 0
22000, 1712783, 1, 0, 0
23000, 1728802, 1, 0, 0
24000, 1730283, 1, 0, 0
25000, 1769760, 1, 0, 0
26000, 1697352, 1, 0, 0
27000, 1779187, 1, 0, 0
28000, 1703224, 1, 0, 0
29000, 1754171, 1, 0, 0
30000, 1711195, 1, 0, 0
31000, 1714545, 1, 0, 0
32000, 1716031, 1, 0, 0
33000, 1754736, 1, 0, 0
34000, 1726201, 1, 0, 0
35000, 1718436, 1, 0, 0
36000, 1721956, 1, 0, 0
37000, 1714904, 1, 0, 0
38000, 1822550, 1, 0, 0
39000, 1724536, 1, 0, 0
40000, 1723402, 1, 0, 0
41000, 1722819, 1, 0, 0
42000, 1770891, 1, 0, 0
43000, 1716324, 1, 0, 0
44000, 1720271, 1, 0, 0
45000, 1711932, 1, 0, 0
46000, 1752632, 1, 0, 0
47000, 1697247, 1, 0, 0
48000, 1703507, 1, 0, 0
49000, 1743988, 1, 0, 0
50000, 1690391, 1, 0, 0
51000, 1682587, 1, 0, 0
52000, 1732574, 1, 0, 0
53000, 1717807, 1, 0, 0
54000, 1722037, 1, 0, 0
55000, 1712672, 1, 0, 0
56000, 1709866, 1, 0, 0
57000, 1710397, 1, 0, 0
58000, 1716224, 1, 0, 0
59000, 1753962, 1, 0, 0
60000, 1721415, 1, 0, 0
61000, 1773112, 1, 0, 0
62000, 1731017, 1, 0, 0
63000, 1736495, 1, 0, 0
64000, 1728356, 1, 0, 0
65000, 1731398, 1, 0, 0
66000, 1729274, 1, 0, 0
67000, 1758123, 1, 0, 0
68000, 1709437, 1, 0, 0
69000, 1706519, 1, 0, 0
70000, 1739553, 1, 0, 0
71000, 1724599, 1, 0, 0
72000, 1733569, 1, 0, 0
73000, 1764806, 1, 0, 0
74000, 1720556, 1, 0, 0
75000, 1716532, 1, 0, 0
76000, 1711494, 1, 0, 0
77000, 1713493, 1, 0, 0
78000, 1717855, 1, 0, 0
79000, 1717724, 1, 0, 0
80000, 1773204, 1, 0, 0
81000, 1751723, 1, 0, 0
82000, 1726890, 1, 0, 0
83000, 1730152, 1, 0, 0
84000, 1728183, 1, 0, 0
85000, 1728036, 1, 0, 0
86000, 1728992, 1, 0, 0
87000, 1767337, 1, 0, 0
88000, 1698427, 1, 0, 0
89000, 1700126, 1, 0, 0
90000, 1698441, 1, 0, 0
91000, 1700442, 1, 0, 0
92000, 1800341, 1, 0, 0
93000, 1690272, 1, 0, 0
94000, 1691238, 1, 0, 0
95000, 1743016, 1, 0, 0
96000, 1726389, 1, 0, 0
97000, 1726268, 1, 0, 0
98000, 1720894, 1, 0, 0
99000, 1727469, 1, 0, 0
100000, 1721229, 1, 0, 0
101000, 1752618, 1, 0, 0
102000, 1864632, 1, 0, 0
103000, 1713883, 1, 0, 0
104000, 1759270, 1, 0, 0
105000, 1697722, 1, 0, 0
106000, 1701814, 1, 0, 0
107000, 1702553, 1, 0, 0
108000, 1742416, 1, 0, 0
109000, 1711946, 1, 0, 0
110000, 1700156, 1, 0, 0
111000, 1704390, 1, 0, 0
112000, 1709772, 1, 0, 0
113000, 1741225, 1, 0, 0
114000, 1697408, 1, 0, 0
115000, 1701994, 1, 0, 0
116000, 1714326, 1, 0, 0
117000, 1717194, 1, 0, 0
118000, 1716960, 1, 0, 0
119000, 1714040, 1, 0, 0
120000, 1713344, 1, 0, 0
121000, 1713179, 1, 0, 0
122000, 1711292, 1, 0, 0
123000, 1716655, 1, 0, 0
124000, 1792934, 1, 0, 0
125000, 1730653, 1, 0, 0
126000, 1721874, 1, 0, 0
127000, 1722045, 1, 0, 0
128000, 1713974, 1, 0, 0
129000, 1687102, 1, 0, 0
130000, 1687603, 1, 0, 0
131000, 1751312, 1, 0, 0
132000, 1700413, 1, 0, 0
133000, 1694012, 1, 0, 0
134000, 1741499, 1, 0, 0
135000, 1703654, 1, 0, 0
136000, 1757490, 1, 0, 0
137000, 1723713, 1, 0, 0
138000, 1729186, 1, 0, 0
139000, 1736579, 1, 0, 0
140000, 1745460, 1, 0, 0
141000, 1701286, 1, 0, 0
142000, 1700193, 1, 0, 0
143000, 1698672, 1, 0, 0
144000, 1697150, 1, 0, 0
145000, 1731892, 1, 0, 0
146000, 1697571, 1, 0, 0
147000, 1693212, 1, 0, 0
148000, 1698404, 1, 0, 0
149000, 1712061, 1, 0, 0
150000, 1703312, 1, 0, 0
151000, 1711363, 1, 0, 0
152000, 1710647, 1, 0, 0
153000, 1710628, 1, 0, 0
154000, 1713924, 1, 0, 0
155000, 1713654, 1, 0, 0
156000, 1761493, 1, 0, 0
157000, 1757599, 1, 0, 0
158000, 1708073, 1, 0, 0
159000, 1709277, 1, 0, 0
160000, 1704897, 1, 0, 0
161000, 1745727, 1, 0, 0
162000, 1714677, 1, 0, 0
163000, 1724941, 1, 0, 0
164000, 1726896, 1, 0, 0
165000, 1769340, 1, 0, 0
166000, 1768599, 1, 0, 0
167000, 1712843, 1, 0, 0
168000, 1710986, 1, 0, 0
169000, 1750352, 1, 0, 0
170000, 1689610, 1, 0, 0
171000, 1702575, 1, 0, 0
172000, 1695347, 1, 0, 0
173000, 1733071, 1, 0, 0
174000, 1703487, 1, 0, 0
175000, 1704206, 1, 0, 0
176000, 1701463, 1, 0, 0
177000, 1808122, 1, 0, 0
178000, 1684859, 1, 0, 0
179000, 1685384, 1, 0, 0
180000, 1691937, 1, 0, 0
181000, 1753446, 1, 0, 0
182000, 1712771, 1, 0, 0
183000, 1716222, 1, 0, 0
184000, 1710101, 1, 0, 0
185000, 1706157, 1, 0, 0
186000, 1709571, 1, 0, 0
187000, 1703075, 1, 0, 0
188000, 1748379, 1, 0, 0
189000, 1721561, 1, 0, 0
190000, 1718485, 1, 0, 0
191000, 1719717, 1, 0, 0
192000, 1716959, 1, 0, 0
193000, 1714791, 1, 0, 0
194000, 1712239, 1, 0, 0
195000, 1714625, 1, 0, 0
196000, 1714745, 1, 0, 0
197000, 1713955, 1, 0, 0
198000, 1754930, 1, 0, 0
199000, 1691692, 1, 0, 0
200000, 1689042, 1, 0, 0
201000, 1729287, 1, 0, 0
202000, 1688457, 1, 0, 0
203000, 1698315, 1, 0, 0
204000, 1702501, 1, 0, 0
205000, 1703480, 1, 0, 0
206000, 1697986, 1, 0, 0
207000, 1738953, 1, 0, 0
208000, 1704208, 1, 0, 0
209000, 1739854, 1, 0, 0
210000, 1695433, 1, 0, 0
211000, 1696231, 1, 0, 0
212000, 1696800, 1, 0, 0
213000, 1697986, 1, 0, 0
214000, 1696906, 1, 0, 0
215000, 1699670, 1, 0, 0
216000, 1700162, 1, 0, 0
217000, 1696171, 1, 0, 0
218000, 1695303, 1, 0, 0
219000, 1694900, 1, 0, 0
220000, 1687706, 1, 0, 0
221000, 1689207, 1, 0, 0
222000, 1697669, 1, 0, 0
223000, 1737050, 1, 0, 0
224000, 1708957, 1, 0, 0
225000, 1706500, 1, 0, 0
226000, 1713941, 1, 0, 0
227000, 1713765, 1, 0, 0
228000, 1713644, 1, 0, 0
229000, 1714426, 1, 0, 0
230000, 1714576, 1, 0, 0
231000, 1720061, 1, 0, 0
232000, 1717007, 1, 0, 0
233000, 1714848, 1, 0, 0
234000, 1733287, 1, 0, 0
235000, 1700349, 1, 0, 0
236000, 1696298, 1, 0, 0
237000, 1697888, 1, 0, 0
238000, 1704655, 1, 0, 0
239000, 1706654, 1, 0, 0
240000, 1702622, 1, 0, 0
241000, 1703707, 1, 0, 0
242000, 1706005, 1, 0, 0
243000, 1712081, 1, 0, 0
244000, 1746132, 1, 0, 0
245000, 1694232, 1, 0, 0
246000, 1739929, 1, 0, 0
247000, 1709721, 1, 0, 0
248000, 1705061, 1, 0, 0
249000, 1708355, 1, 0, 0
250000, 1708717, 1, 0, 0
251000, 1722625, 1, 0, 0
252000, 1724427, 1, 0, 0
253000, 1722850, 1, 0, 0
254000, 1722902, 1, 0, 0
255000, 1754054, 1, 0, 0
256000, 1740118, 1, 0, 0
257000, 1695914, 1, 0, 0
258000, 1702157, 1, 0, 0
259000, 1694599, 1, 0, 0
260000, 1690664, 1, 0, 0
261000, 1696926, 1, 0, 0
262000, 1703041, 1, 0, 0
263000, 1711642, 1, 0, 0
264000, 1742017, 1, 0, 0
265005, 1698931, 1, 0, 0
266000, 1758911, 1, 0, 0
267000, 1719369, 1, 0, 0
268000, 1721546, 1, 0, 0
269000, 1713586, 1, 0, 0
270000, 1729456, 1, 0, 0
271000, 1725921, 1, 0, 0
272000, 1763254, 1, 0, 0
273000, 1709931, 1, 0, 0
274000, 1724604, 1, 0, 0
275000, 1732223, 1, 0, 0
276000, 1764990, 1, 0, 0
277000, 1709749, 1, 0, 0
278000, 1712161, 1, 0, 0
279000, 1715906, 1, 0, 0
280000, 1757110, 1, 0, 0
281000, 1713784, 1, 0, 0
282000, 1721386, 1, 0, 0
283000, 1716227, 1, 0, 0
284000, 1724510, 1, 0, 0
285000, 1716741, 1, 0, 0
286000, 1757565, 1, 0, 0
287000, 1811602, 1, 0, 0
288000, 1693383, 1, 0, 0
289000, 1758753, 1, 0, 0
290000, 1702122, 1, 0, 0
291000, 1704884, 1, 0, 0
292000, 1707487, 1, 0, 0
293000, 1755899, 1, 0, 0
294000, 1727407, 1, 0, 0
295000, 1727624, 1, 0, 0
296000, 1730108, 1, 0, 0
297000, 1753908, 1, 0, 0
298000, 1778912, 1, 0, 0
299000, 1724700, 1, 0, 0
300000, 1717976, 1, 0, 0
301000, 1766980, 1, 0, 0
302000, 1720536, 1, 0, 0
303000, 1730460, 1, 0, 0
304000, 1732607, 1, 0, 0
305000, 1749205, 1, 0, 0
306000, 1696017, 1, 0, 0
307000, 1700102, 1, 0, 0
308002, 1817434, 1, 0, 0
309000, 1726289, 1, 0, 0
310000, 1697558, 1, 0, 0
311000, 1698166, 1, 0, 0
312000, 1758633, 1, 0, 0
313000, 1724195, 1, 0, 0
314000, 1734950, 1, 0, 0
315000, 1731765, 1, 0, 0
316000, 1751249, 1, 0, 0
317000, 1706319, 1, 0, 0
318000, 1702553, 1, 0, 0
319000, 1738178, 1, 0, 0
320000, 1726713, 1, 0, 0
321000, 1699456, 1, 0, 0
322000, 1700547, 1, 0, 0
323000, 1700219, 1, 0, 0
324000, 1698071, 1, 0, 0
325000, 1701313, 1, 0, 0
326000, 1766038, 1, 0, 0
327000, 1731541, 1, 0, 0
328000, 1716470, 1, 0, 0
329000, 1766437, 1, 0, 0
330000, 1752116, 1, 0, 0
331000, 1710753, 1, 0, 0
332000, 1705411, 1, 0, 0
333000, 1700564, 1, 0, 0
334000, 1752571, 1, 0, 0
335000, 1719604, 1, 0, 0
336000, 1719827, 1, 0, 0
337000, 1719464, 1, 0, 0
338000, 1760881, 1, 0, 0
339000, 1729752, 1, 0, 0
340000, 1733799, 1, 0, 0
341000, 1846107, 1, 0, 0
342000, 1711514, 1, 0, 0
343000, 1731806, 1, 0, 0
344000, 1732248, 1, 0, 0
345000, 1748887, 1, 0, 0
346000, 1699975, 1, 0, 0
347000, 1702004, 1, 0, 0
348000, 1698165, 1, 0, 0
349000, 1690728, 1, 0, 0
350000, 1687447, 1, 0, 0
351000, 1732166, 1, 0, 0
352000, 1711299, 1, 0, 0
353000, 1713807, 1, 0, 0
354000, 1714910, 1, 0, 0
355000, 1712166, 1, 0, 0
356000, 1694349, 1, 0, 0
357000, 1693056, 1, 0, 0
358000, 1699648, 1, 0, 0
359000, 1695492, 1, 0, 0
360000, 1694758, 1, 0, 0
360001, 2434160, 1, 0, 0
