1000, 476657, 1, 0, 0
2000, 460415, 1, 0, 0
3000, 460177, 1, 0, 0
4000, 476381, 1, 0, 0
5000, 461664, 1, 0, 0
6000, 479599, 1, 0, 0
7000, 465984, 1, 0, 0
8000, 463238, 1, 0, 0
9006, 513807, 1, 0, 0
10001, 2010086, 1, 0, 0
11002, 1919025, 1, 0, 0
12004, 1885724, 1, 0, 0
13000, 1951910, 1, 0, 0
14010, 1816336, 1, 0, 0
15013, 1708374, 1, 0, 0
16007, 1735005, 1, 0, 0
17006, 1723057, 1, 0, 0
18002, 1728867, 1, 0, 0
19011, 1509938, 1, 0, 0
20002, 1619763, 1, 0, 0
21000, 1582096, 1, 0, 0
22002, 1701128, 1, 0, 0
23011, 1785599, 1, 0, 0
24001, 1939505, 1, 0, 0
25000, 1941970, 1, 0, 0
26007, 1910007, 1, 0, 0
27011, 1833749, 1, 0, 0
28001, 1404840, 1, 0, 0
29000, 1357705, 1, 0, 0
30000, 514887, 1, 0, 0
31000, 462209, 1, 0, 0
32000, 458698, 1, 0, 0
33000, 719399, 1, 0, 0
34002, 914856, 1, 0, 0
35000, 862527, 1, 0, 0
36000, 820891, 1, 0, 0
37000, 758794, 1, 0, 0
38000, 768678, 1, 0, 0
39000, 737232, 1, 0, 0
40000, 759263, 1, 0, 0
41000, 760026, 1, 0, 0
42000, 745174, 1, 0, 0
43000, 776545, 1, 0, 0
44000, 736583, 1, 0, 0
45005, 866397, 1, 0, 0
46000, 895416, 1, 0, 0
47000, 922855, 1, 0, 0
48000, 1118778, 1, 0, 0
49002, 1020381, 1, 0, 0
50004, 1110491, 1, 0, 0
51004, 1908651, 1, 0, 0
52000, 1856390, 1, 0, 0
53004, 1887694, 1, 0, 0
54002, 1929301, 1, 0, 0
55009, 1870504, 1, 0, 0
56003, 1644223, 1, 0, 0
57000, 1225340, 1, 0, 0
58000, 1135397, 1, 0, 0
59000, 1166435, 1, 0, 0
60004, 894484, 1, 0, 0
61001, 971879, 1, 0, 0
62000, 957613, 1, 0, 0
63000, 996727, 1, 0, 0
64004, 1942616, 1, 0, 0
65005, 1962494, 1, 0, 0
66000, 1986655, 1, 0, 0
67007, 1987120, 1, 0, 0
68010, 1914682, 1, 0, 0
69002, 2058429, 1, 0, 0
70003, 1634976, 1, 0, 0
71000, 687304, 1, 0, 0
72000, 478942, 1, 0, 0
73000, 467143, 1, 0, 0
74000, 464402, 1, 0, 0
75000, 481086, 1, 0, 0
76000, 492746, 1, 0, 0
77000, 462531, 1, 0, 0
78000, 593688, 1, 0, 0
79000, 678986, 1, 0, 0
80000, 678514, 1, 0, 0
81004, 775237, 1, 0, 0
82021, 802243, 1, 0, 0
83000, 1154363, 1, 0, 0
84000, 1147370, 1, 0, 0
85008, 1139092, 1, 0, 0
86000, 1129418, 1, 0, 0
87005, 1138521, 1, 0, 0
88000, 850828, 1, 0, 0
89000, 982812, 1, 0, 0
90000, 882027, 1, 0, 0
91000, 871583, 1, 0, 0
92000, 829029, 1, 0, 0
93004, 1360540, 1, 0, 0
94007, 1577903, 1, 0, 0
95008, 1610436, 1, 0, 0
96011, 1967582, 1, 0, 0
97000, 2042928, 1, 0, 0
98000, 2028258, 1, 0, 0
99009, 1950800, 1, 0, 0
100000, 1216061, 1, 0, 0
101002, 984408, 1, 0, 0
102000, 947188, 1, 0, 0
103000, 574500, 1, 0, 0
104000, 467107, 1, 0, 0
105000, 462495, 1, 0, 0
106000, 477460, 1, 0, 0
107000, 534727, 1, 0, 0
108000, 577110, 1, 0, 0
109000, 560484, 1, 0, 0
110000, 646959, 1, 0, 0
111013, 1464493, 1, 0, 0
112012, 2001929, 1, 0, 0
113009, 1901480, 1, 0, 0
114003, 2024921, 1, 0, 0
115008, 1956201, 1, 0, 0
116010, 1952725, 1, 0, 0
117000, 1303787, 1, 0, 0
118000, 895155, 1, 0, 0
119000, 883737, 1, 0, 0
120000, 988682, 1, 0, 0
121007, 1180010, 1, 0, 0
122003, 1074585, 1, 0, 0
123000, 695784, 1, 0, 0
124000, 478080, 1, 0, 0
125000, 461286, 1, 0, 0
126000, 459335, 1, 0, 0
127000, 475096, 1, 0, 0
128000, 459466, 1, 0, 0
129000, 459053, 1, 0, 0
130000, 596915, 1, 0, 0
131000, 610077, 1, 0, 0
132000, 468778, 1, 0, 0
133000, 551041, 1, 0, 0
134001, 608918, 1, 0, 0
135000, 657942, 1, 0, 0
136002, 673733, 1, 0, 0
137000, 763494, 1, 0, 0
138000, 937026, 1, 0, 0
139007, 913993, 1, 0, 0
140000, 1105382, 1, 0, 0
141007, 1156058, 1, 0, 0
142000, 1077783, 1, 0, 0
143005, 1073398, 1, 0, 0
144009, 1076149, 1, 0, 0
145008, 1075370, 1, 0, 0
146000, 953638, 1, 0, 0
147000, 898077, 1, 0, 0
148004, 987293, 1, 0, 0
149004, 980719, 1, 0, 0
150000, 1391287, 1, 0, 0
151010, 1358666, 1, 0, 0
152005, 1375885, 1, 0, 0
153001, 1397245, 1, 0, 0
154009, 1388313, 1, 0, 0
155005, 1353868, 1, 0, 0
156003, 1372271, 1, 0, 0
157000, 1534622, 1, 0, 0
158000, 1610971, 1, 0, 0
159000, 1542684, 1, 0, 0
160010, 1536818, 1, 0, 0
161000, 1793179, 1, 0, 0
162005, 1901472, 1, 0, 0
163008, 1918278, 1, 0, 0
164000, 1890541, 1, 0, 0
165000, 1712525, 1, 0, 0
166006, 993378, 1, 0, 0
167000, 1004444, 1, 0, 0
168003, 1021782, 1, 0, 0
169000, 956157, 1, 0, 0
170005, 908303, 1, 0, 0
171000, 976608, 1, 0, 0
172003, 1083191, 1, 0, 0
173005, 930529, 1, 0, 0
174007, 1039517, 1, 0, 0
175006, 1031100, 1, 0, 0
176001, 1070637, 1, 0, 0
177000, 925455, 1, 0, 0
178009, 983037, 1, 0, 0
179005, 1554218, 1, 0, 0
180009, 1559526, 1, 0, 0
181002, 1898151, 1, 0, 0
182008, 1989615, 1, 0, 0
183000, 1906531, 1, 0, 0
184000, 2008072, 1, 0, 0
185004, 2015955, 1, 0, 0
186000, 1267072, 1, 0, 0
187000, 750605, 1, 0, 0
188000, 477165, 1, 0, 0
189000, 462187, 1, 0, 0
190000, 462637, 1, 0, 0
191000, 494992, 1, 0, 0
192000, 463837, 1, 0, 0
193000, 465901, 1, 0, 0
194000, 489750, 1, 0, 0
195000, 486853, 1, 0, 0
196000, 501582, 1, 0, 0
197000, 552022, 1, 0, 0
198005, 795299, 1, 0, 0
199000, 802811, 1, 0, 0
200000, 791371, 1, 0, 0
201000, 658951, 1, 0, 0
202000, 713109, 1, 0, 0
203000, 701637, 1, 0, 0
204000, 714348, 1, 0, 0
205009, 759606, 1, 0, 0
206000, 860579, 1, 0, 0
207000, 823097, 1, 0, 0
208000, 738372, 1, 0, 0
209000, 816611, 1, 0, 0
210000, 872937, 1, 0, 0
211005, 868482, 1, 0, 0
212000, 921680, 1, 0, 0
213000, 846139, 1, 0, 0
214000, 1041200, 1, 0, 0
215000, 1057181, 1, 0, 0
216000, 1152176, 1, 0, 0
217000, 1388597, 1, 0, 0
218000, 1570906, 1, 0, 0
219000, 1480452, 1, 0, 0
220009, 1483035, 1, 0, 0
221002, 1444015, 1, 0, 0
222000, 1417073, 1, 0, 0
223000, 1454521, 1, 0, 0
224000, 1461776, 1, 0, 0
225000, 1506365, 1, 0, 0
226000, 1903765, 1, 0, 0
227000, 1848203, 1, 0, 0
228007, 1141256, 1, 0, 0
229002, 940022, 1, 0, 0
230001, 949565, 1, 0, 0
231004, 908696, 1, 0, 0
232005, 935019, 1, 0, 0
233003, 918091, 1, 0, 0
234001, 992149, 1, 0, 0
235000, 922829, 1, 0, 0
236007, 1088467, 1, 0, 0
237003, 1059304, 1, 0, 0
238000, 1036736, 1, 0, 0
239001, 1065753, 1, 0, 0
240010, 1302851, 1, 0, 0
241005, 1318032, 1, 0, 0
242010, 1646906, 1, 0, 0
243000, 1922962, 1, 0, 0
244000, 1860333, 1, 0, 0
245000, 848360, 1, 0, 0
246000, 701638, 1, 0, 0
247000, 717980, 1, 0, 0
248000, 724128, 1, 0, 0
249004, 1161143, 1, 0, 0
250004, 1278886, 1, 0, 0
251001, 1313727, 1, 0, 0
252002, 1389382, 1, 0, 0
253000, 1359036, 1, 0, 0
254005, 1574210, 1, 0, 0
255000, 1684933, 1, 0, 0
256011, 1539024, 1, 0, 0
257000, 1581896, 1, 0, 0
258000, 1823279, 1, 0, 0
259001, 1839594, 1, 0, 0
260003, 1853189, 1, 0, 0
261000, 1828889, 1, 0, 0
262003, 1814201, 1, 0, 0
263004, 1867143, 1, 0, 0
264000, 1858152, 1, 0, 0
265000, 1531268, 1, 0, 0
266004, 1357168, 1, 0, 0
267006, 1410789, 1, 0, 0
268008, 1382036, 1, 0, 0
269000, 1566269, 1, 0, 0
270006, 1681355, 1, 0, 0
271000, 1612431, 1, 0, 0
272000, 1679410, 1, 0, 0
273007, 1629511, 1, 0, 0
274000, 1647284, 1, 0, 0
275005, 1647688, 1, 0, 0
276006, 1026577, 1, 0, 0
277007, 992577, 1, 0, 0
278000, 1032672, 1, 0, 0
279005, 1019006, 1, 0, 0
280006, 1038331, 1, 0, 0
281000, 1189000, 1, 0, 0
282003, 945538, 1, 0, 0
283000, 812196, 1, 0, 0
284000, 790151, 1, 0, 0
285003, 697126, 1, 0, 0
286006, 770393, 1, 0, 0
287000, 814480, 1, 0, 0
288006, 863166, 1, 0, 0
289000, 1255612, 1, 0, 0
290002, 1245599, 1, 0, 0
291000, 1304532, 1, 0, 0
292000, 1274286, 1, 0, 0
293009, 1335090, 1, 0, 0
294015, 1195030, 1, 0, 0
295000, 1478047, 1, 0, 0
296006, 1400729, 1, 0, 0
297033, 1391112, 1, 0, 0
298000, 1547344, 1, 0, 0
299003, 1459720, 1, 0, 0
300000, 1563909, 1, 0, 0
301000, 1579437, 1, 0, 0
302011, 1837430, 1, 0, 0
303006, 1787060, 1, 0, 0
304000, 1762155, 1, 0, 0
305001, 1802796, 1, 0, 0
306007, 1863628, 1, 0, 0
307006, 1844525, 1, 0, 0
308005, 1818199, 1, 0, 0
309000, 1852524, 1, 0, 0
310002, 1818916, 1, 0, 0
311000, 1504931, 1, 0, 0
312005, 984118, 1, 0, 0
313001, 1029254, 1, 0, 0
314000, 959797, 1, 0, 0
315007, 964674, 1, 0, 0
316002, 981703, 1, 0, 0
317000, 1005184, 1, 0, 0
318000, 1074925, 1, 0, 0
319008, 1222877, 1, 0, 0
320000, 1139337, 1, 0, 0
321000, 1091751, 1, 0, 0
322000, 1107135, 1, 0, 0
323005, 1095681, 1, 0, 0
324010, 1360117, 1, 0, 0
325000, 1599092, 1, 0, 0
326012, 1568107, 1, 0, 0
327006, 1494862, 1, 0, 0
328007, 1531151, 1, 0, 0
329007, 1701215, 1, 0, 0
330011, 1643514, 1, 0, 0
331004, 1857757, 1, 0, 0
332002, 1836436, 1, 0, 0
333004, 1755900, 1, 0, 0
334002, 1864492, 1, 0, 0
335000, 1508368, 1, 0, 0
336007, 1241339, 1, 0, 0
337009, 1375494, 1, 0, 0
338010, 1278498, 1, 0, 0
339000, 1238495, 1, 0, 0
340008, 1236377, 1, 0, 0
341000, 1201304, 1, 0, 0
342000, 1117858, 1, 0, 0
343000, 1163523, 1, 0, 0
344003, 1732012, 1, 0, 0
345000, 1532411, 1, 0, 0
346008, 1548444, 1, 0, 0
347000, 1542122, 1, 0, 0
348006, 1518080, 1, 0, 0
349000, 1643937, 1, 0, 0
350010, 1612710, 1, 0, 0
351000, 1673143, 1, 0, 0
352005, 1720060, 1, 0, 0
353004, 1606606, 1, 0, 0
354007, 1750513, 1, 0, 0
355000, 1586193, 1, 0, 0
356001, 1555482, 1, 0, 0
357000, 1516144, 1, 0, 0
358005, 1561269, 1, 0, 0
359000, 1494314, 1, 0, 0
360000, 1126012, 1, 0, 0
360000, 253869, 1, 0, 0
