1000, 139692, 0, 0, 0
2000, 153165, 0, 0, 0
3000, 218615, 0, 0, 0
4000, 417007, 0, 0, 0
5001, 462428, 0, 0, 0
6000, 490086, 0, 0, 0
7000, 466431, 0, 0, 0
8000, 461657, 0, 0, 0
9000, 187604, 0, 0, 0
10000, 100127, 0, 0, 0
11001, 101306, 0, 0, 0
12000, 98604, 0, 0, 0
13000, 114002, 0, 0, 0
14000, 102142, 0, 0, 0
15000, 102714, 0, 0, 0
16000, 102563, 0, 0, 0
17000, 102212, 0, 0, 0
18000, 101019, 0, 0, 0
19000, 98775, 0, 0, 0
20000, 98304, 0, 0, 0
21000, 99718, 0, 0, 0
22000, 98753, 0, 0, 0
23011, 108658, 0, 0, 0
24000, 108718, 0, 0, 0
25000, 101405, 0, 0, 0
26000, 106126, 0, 0, 0
27000, 102640, 0, 0, 0
28000, 104045, 0, 0, 0
29000, 99495, 0, 0, 0
30000, 97897, 0, 0, 0
31000, 99225, 0, 0, 0
32000, 100003, 0, 0, 0
33000, 98829, 0, 0, 0
34000, 113528, 0, 0, 0
35000, 101487, 0, 0, 0
36000, 100413, 0, 0, 0
37000, 103443, 0, 0, 0
38000, 101390, 0, 0, 0
39000, 101658, 0, 0, 0
40000, 100727, 0, 0, 0
41000, 99788, 0, 0, 0
42000, 100050, 0, 0, 0
43000, 100047, 0, 0, 0
44000, 101488, 0, 0, 0
45000, 168920, 0, 0, 0
46000, 165345, 0, 0, 0
47002, 162487, 0, 0, 0
48000, 163545, 0, 0, 0
49000, 164209, 0, 0, 0
50000, 156886, 0, 0, 0
51000, 153234, 0, 0, 0
52000, 164793, 0, 0, 0
53000, 227702, 0, 0, 0
54001, 211069, 0, 0, 0
55001, 313125, 0, 0, 0
56000, 503708, 0, 0, 0
57000, 483867, 0, 0, 0
58000, 483975, 0, 0, 0
59010, 501000, 0, 0, 0
60000, 474798, 0, 0, 0
61000, 462043, 0, 0, 0
62001, 476503, 0, 0, 0
63000, 499958, 0, 0, 0
64001, 557242, 0, 0, 0
65000, 494014, 0, 0, 0
66000, 521557, 0, 0, 0
67001, 464959, 0, 0, 0
68000, 497764, 0, 0, 0
69000, 193093, 0, 0, 0
70000, 99678, 0, 0, 0
71000, 113831, 0, 0, 0
72000, 100688, 0, 0, 0
73000, 102406, 0, 0, 0
74000, 103923, 0, 0, 0
75000, 103025, 0, 0, 0
76000, 102796, 0, 0, 0
77000, 98030, 0, 0, 0
78000, 101348, 0, 0, 0
79000, 100936, 0, 0, 0
80000, 98524, 0, 0, 0
81000, 101774, 0, 0, 0
82000, 138287, 0, 0, 0
83000, 144488, 0, 0, 0
84001, 125220, 0, 0, 0
85000, 129623, 0, 0, 0
86000, 126306, 0, 0, 0
87001, 122312, 0, 0, 0
88000, 119761, 0, 0, 0
89001, 118967, 0, 0, 0
90001, 120850, 0, 0, 0
91000, 118387, 0, 0, 0
92000, 141233, 0, 0, 0
93000, 122371, 0, 0, 0
94000, 121672, 0, 0, 0
95000, 124545, 0, 0, 0
96000, 121482, 0, 0, 0
97000, 141846, 0, 0, 0
98000, 225292, 0, 0, 0
99000, 174530, 0, 0, 0
100000, 177143, 0, 0, 0
101001, 169488, 0, 0, 0
102000, 188906, 0, 0, 0
103000, 491840, 0, 0, 0
104000, 520257, 0, 0, 0
105001, 527878, 0, 0, 0
106000, 530924, 0, 0, 0
107000, 460274, 0, 0, 0
108000, 437977, 0, 0, 0
109000, 237884, 0, 0, 0
110000, 101789, 0, 0, 0
111000, 101239, 0, 0, 0
112000, 102904, 0, 0, 0
113000, 104165, 0, 0, 0
114000, 100299, 0, 0, 0
115000, 97997, 0, 0, 0
116000, 98859, 0, 0, 0
117000, 100806, 0, 0, 0
118000, 97632, 0, 0, 0
119000, 121289, 0, 0, 0
120000, 175003, 0, 0, 0
121000, 149924, 0, 0, 0
122000, 210430, 0, 0, 0
123000, 151107, 0, 0, 0
124000, 151585, 0, 0, 0
125000, 144324, 0, 0, 0
126000, 147831, 0, 0, 0
127000, 143327, 0, 0, 0
128000, 148006, 0, 0, 0
129019, 111033, 0, 0, 0
130000, 109562, 0, 0, 0
131000, 102976, 0, 0, 0
132000, 103286, 0, 0, 0
133000, 103373, 0, 0, 0
134000, 104183, 0, 0, 0
135000, 98870, 0, 0, 0
136000, 99344, 0, 0, 0
137000, 100157, 0, 0, 0
138000, 99799, 0, 0, 0
139000, 99879, 0, 0, 0
140000, 154330, 0, 0, 0
141000, 255195, 0, 0, 0
142000, 175135, 0, 0, 0
143000, 172111, 0, 0, 0
144000, 210062, 0, 0, 0
145000, 317295, 0, 0, 0
146001, 433515, 0, 0, 0
147000, 355382, 0, 0, 0
148000, 339027, 0, 0, 0
149001, 408996, 0, 0, 0
150000, 466540, 0, 0, 0
151000, 433444, 0, 0, 0
152001, 467960, 0, 0, 0
153001, 466128, 0, 0, 0
154000, 457417, 0, 0, 0
155000, 473950, 0, 0, 0
156000, 466179, 0, 0, 0
157000, 417476, 0, 0, 0
158000, 179138, 0, 0, 0
159000, 106540, 0, 0, 0
160000, 100731, 0, 0, 0
161000, 104189, 0, 0, 0
162000, 102267, 0, 0, 0
163000, 103058, 0, 0, 0
164000, 100496, 0, 0, 0
165000, 97131, 0, 0, 0
166000, 100785, 0, 0, 0
167000, 100296, 0, 0, 0
168000, 100194, 0, 0, 0
169000, 128635, 0, 0, 0
170000, 118527, 0, 0, 0
171000, 116776, 0, 0, 0
172000, 117496, 0, 0, 0
173000, 116651, 0, 0, 0
174000, 120492, 0, 0, 0
175000, 117264, 0, 0, 0
176000, 127382, 0, 0, 0
177001, 121985, 0, 0, 0
178000, 118809, 0, 0, 0
179000, 128238, 0, 0, 0
180000, 142486, 0, 0, 0
181000, 120338, 0, 0, 0
182000, 127872, 0, 0, 0
183001, 122452, 0, 0, 0
184000, 123974, 0, 0, 0
185000, 119467, 0, 0, 0
186001, 124008, 0, 0, 0
187000, 124921, 0, 0, 0
188000, 124909, 0, 0, 0
189000, 126144, 0, 0, 0
190001, 232762, 0, 0, 0
191000, 145737, 0, 0, 0
192002, 148155, 0, 0, 0
193000, 147943, 0, 0, 0
194000, 148804, 0, 0, 0
195000, 148602, 0, 0, 0
196000, 170657, 0, 0, 0
197000, 301728, 0, 0, 0
198001, 528270, 0, 0, 0
199000, 210173, 0, 0, 0
200000, 241380, 0, 0, 0
201000, 299370, 0, 0, 0
202000, 224916, 0, 0, 0
203000, 222393, 0, 0, 0
204000, 213193, 0, 0, 0
205000, 238553, 0, 0, 0
206000, 492912, 0, 0, 0
207000, 465320, 0, 0, 0
208001, 219296, 0, 0, 0
209000, 323248, 0, 0, 0
210001, 544957, 0, 0, 0
211002, 515968, 0, 0, 0
212000, 459947, 0, 0, 0
213000, 462541, 0, 0, 0
214000, 430235, 0, 0, 0
215000, 399751, 0, 0, 0
216000, 101100, 0, 0, 0
217000, 115041, 0, 0, 0
218000, 102820, 0, 0, 0
219000, 99953, 0, 0, 0
220000, 102839, 0, 0, 0
221000, 102412, 0, 0, 0
222000, 104072, 0, 0, 0
223000, 99623, 0, 0, 0
224000, 98391, 0, 0, 0
225000, 100466, 0, 0, 0
226000, 99494, 0, 0, 0
227000, 100130, 0, 0, 0
228000, 136629, 0, 0, 0
229000, 129096, 0, 0, 0
230001, 151521, 0, 0, 0
231001, 128448, 0, 0, 0
232000, 130025, 0, 0, 0
233000, 129117, 0, 0, 0
234000, 123181, 0, 0, 0
235001, 125393, 0, 0, 0
236000, 124369, 0, 0, 0
237000, 119735, 0, 0, 0
238000, 159516, 0, 0, 0
239000, 156046, 0, 0, 0
240000, 178307, 0, 0, 0
241001, 193634, 0, 0, 0
242000, 193431, 0, 0, 0
243000, 192483, 0, 0, 0
244000, 212566, 0, 0, 0
245000, 475516, 0, 0, 0
246000, 499093, 0, 0, 0
247000, 243861, 0, 0, 0
248000, 187425, 0, 0, 0
249000, 577820, 0, 0, 0
250000, 512401, 0, 0, 0
251000, 514102, 0, 0, 0
252000, 479920, 0, 0, 0
253001, 447125, 0, 0, 0
254000, 456847, 0, 0, 0
255000, 485200, 0, 0, 0
256000, 435461, 0, 0, 0
257000, 535428, 0, 0, 0
258000, 119637, 0, 0, 0
259000, 101697, 0, 0, 0
260000, 104149, 0, 0, 0
261000, 98810, 0, 0, 0
262000, 99320, 0, 0, 0
263000, 99670, 0, 0, 0
264000, 100219, 0, 0, 0
265000, 99287, 0, 0, 0
266001, 122104, 0, 0, 0
267000, 116769, 0, 0, 0
268000, 115730, 0, 0, 0
269001, 115993, 0, 0, 0
270001, 117827, 0, 0, 0
271000, 114123, 0, 0, 0
272000, 112783, 0, 0, 0
273000, 114793, 0, 0, 0
274000, 122253, 0, 0, 0
275000, 118422, 0, 0, 0
276000, 117764, 0, 0, 0
277000, 141967, 0, 0, 0
278000, 116213, 0, 0, 0
279000, 123410, 0, 0, 0
280000, 119848, 0, 0, 0
281000, 121946, 0, 0, 0
282000, 118383, 0, 0, 0
283000, 116582, 0, 0, 0
284000, 124149, 0, 0, 0
285000, 119309, 0, 0, 0
286000, 119398, 0, 0, 0
287000, 141554, 0, 0, 0
288001, 124100, 0, 0, 0
289000, 132330, 0, 0, 0
290000, 177560, 0, 0, 0
291000, 147290, 0, 0, 0
292000, 148822, 0, 0, 0
293000, 142085, 0, 0, 0
294000, 139652, 0, 0, 0
295000, 127453, 0, 0, 0
296000, 122331, 0, 0, 0
297000, 134841, 0, 0, 0
298001, 174633, 0, 0, 0
299000, 161326, 0, 0, 0
300000, 139499, 0, 0, 0
301000, 136626, 0, 0, 0
302000, 138025, 0, 0, 0
303000, 136117, 0, 0, 0
304000, 132369, 0, 0, 0
305000, 133702, 0, 0, 0
306000, 135782, 0, 0, 0
307001, 131949, 0, 0, 0
308000, 214178, 0, 0, 0
309000, 245757, 0, 0, 0
310001, 203604, 0, 0, 0
311000, 189704, 0, 0, 0
312000, 194390, 0, 0, 0
313000, 192179, 0, 0, 0
314000, 286605, 0, 0, 0
315000, 468423, 0, 0, 0
316000, 465564, 0, 0, 0
317000, 487983, 0, 0, 0
318001, 471255, 0, 0, 0
319000, 364414, 0, 0, 0
320000, 369759, 0, 0, 0
321000, 354053, 0, 0, 0
322000, 370182, 0, 0, 0
323000, 134650, 0, 0, 0
324000, 86782, 0, 0, 0
325000, 102238, 0, 0, 0
326000, 101298, 0, 0, 0
327000, 102241, 0, 0, 0
328000, 102875, 0, 0, 0
329000, 101426, 0, 0, 0
330000, 98085, 0, 0, 0
331000, 99575, 0, 0, 0
332000, 99897, 0, 0, 0
333000, 99039, 0, 0, 0
334000, 101609, 0, 0, 0
335000, 115115, 0, 0, 0
336000, 100760, 0, 0, 0
337000, 104625, 0, 0, 0
338000, 102804, 0, 0, 0
339000, 102920, 0, 0, 0
340000, 100137, 0, 0, 0
341000, 96670, 0, 0, 0
342000, 99679, 0, 0, 0
343000, 101285, 0, 0, 0
344000, 97980, 0, 0, 0
345002, 126377, 0, 0, 0
346000, 134408, 0, 0, 0
347000, 136963, 0, 0, 0
348000, 133787, 0, 0, 0
349000, 133136, 0, 0, 0
350000, 138720, 0, 0, 0
351001, 129238, 0, 0, 0
352001, 146494, 0, 0, 0
353000, 137056, 0, 0, 0
354000, 130041, 0, 0, 0
355000, 134828, 0, 0, 0
356000, 163828, 0, 0, 0
357000, 140753, 0, 0, 0
358000, 136696, 0, 0, 0
359000, 180823, 0, 0, 0
360001, 200776, 0, 0, 0
