1000, 1118479, 0, 0, 0
1000, 489097, 1, 0, 0
2000, 495311, 1, 0, 0
2000, 1100378, 0, 0, 0
3000, 1189732, 0, 0, 0
3000, 458077, 1, 0, 0
4000, 667127, 1, 0, 0
4000, 1236135, 0, 0, 0
5000, 689872, 1, 0, 0
5000, 1165026, 0, 0, 0
6000, 615317, 1, 0, 0
6000, 1171187, 0, 0, 0
7000, 1256525, 0, 0, 0
7000, 607897, 1, 0, 0
8000, 1225906, 0, 0, 0
8000, 573903, 1, 0, 0
9000, 1142718, 0, 0, 0
9000, 625995, 1, 0, 0
10000, 632817, 1, 0, 0
10000, 1232827, 0, 0, 0
11000, 1180081, 0, 0, 0
11000, 559634, 1, 0, 0
12000, 1134843, 0, 0, 0
12000, 557717, 1, 0, 0
13000, 521270, 1, 0, 0
13000, 1076818, 0, 0, 0
14000, 914646, 0, 0, 0
14000, 710508, 1, 0, 0
15000, 860568, 0, 0, 0
15000, 720138, 1, 0, 0
16000, 861367, 0, 0, 0
16000, 716900, 1, 0, 0
17000, 859208, 0, 0, 0
17000, 716215, 1, 0, 0
18000, 859469, 0, 0, 0
18000, 718322, 1, 0, 0
19000, 720882, 1, 0, 0
19000, 848984, 0, 0, 0
20000, 723972, 1, 0, 0
20000, 847391, 0, 0, 0
21000, 723631, 1, 0, 0
21000, 850028, 0, 0, 0
22000, 723053, 1, 0, 0
22000, 854761, 0, 0, 0
23000, 859898, 0, 0, 0
23000, 718750, 1, 0, 0
24000, 1149311, 0, 0, 0
24000, 549374, 1, 0, 0
25000, 1074556, 0, 0, 0
25000, 526686, 1, 0, 0
26000, 523583, 1, 0, 0
26000, 1076923, 0, 0, 0
27000, 527716, 1, 0, 0
27000, 1074174, 0, 0, 0
28000, 549452, 1, 0, 0
28000, 1043023, 0, 0, 0
29000, 1042851, 0, 0, 0
29000, 554209, 1, 0, 0
30000, 551661, 1, 0, 0
30000, 1086748, 0, 0, 0
31000, 1043209, 0, 0, 0
31000, 563150, 1, 0, 0
32000, 582054, 1, 0, 0
32000, 1014840, 0, 0, 0
33000, 579358, 1, 0, 0
33000, 1015598, 0, 0, 0
34000, 554526, 1, 0, 0
34000, 1075412, 0, 0, 0
35000, 1033685, 0, 0, 0
35000, 558580, 1, 0, 0
36000, 548372, 1, 0, 0
36000, 1049980, 0, 0, 0
37000, 549903, 1, 0, 0
37000, 1102199, 0, 0, 0
38000, 1063461, 0, 0, 0
38000, 543629, 1, 0, 0
39000, 1050746, 0, 0, 0
39000, 550649, 1, 0, 0
40000, 1073009, 0, 0, 0
40000, 527333, 1, 0, 0
41000, 1054085, 0, 0, 0
41000, 536786, 1, 0, 0
42000, 1062352, 0, 0, 0
42000, 528926, 1, 0, 0
43000, 1131595, 0, 0, 0
43000, 516675, 1, 0, 0
44000, 510753, 1, 0, 0
44000, 1143377, 0, 0, 0
45000, 1083660, 0, 0, 0
45000, 524103, 1, 0, 0
46000, 1047465, 0, 0, 0
46000, 534503, 1, 0, 0
47000, 1090966, 0, 0, 0
47000, 505980, 1, 0, 0
48000, 443020, 1, 0, 0
48000, 1213602, 0, 0, 0
49000, 441019, 1, 0, 0
49000, 1188130, 0, 0, 0
50000, 471845, 1, 0, 0
50000, 1139488, 0, 0, 0
51000, 1040700, 0, 0, 0
51000, 552561, 1, 0, 0
52000, 1034794, 0, 0, 0
52000, 554314, 1, 0, 0
53000, 525243, 1, 0, 0
53000, 1074282, 0, 0, 0
54000, 1200462, 0, 0, 0
54000, 499957, 1, 0, 0
55000, 1071692, 0, 0, 0
55000, 524875, 1, 0, 0
56000, 533385, 1, 0, 0
56000, 1062449, 0, 0, 0
57000, 1048325, 0, 0, 0
57000, 536256, 1, 0, 0
58000, 580702, 1, 0, 0
58000, 1001531, 0, 0, 0
59000, 578102, 1, 0, 0
59000, 1007214, 0, 0, 0
60000, 574669, 1, 0, 0
60000, 1072805, 0, 0, 0
61000, 1026503, 0, 0, 0
61000, 569651, 1, 0, 0
62000, 1053195, 0, 0, 0
62000, 536425, 1, 0, 0
63000, 547836, 1, 0, 0
63000, 1046033, 0, 0, 0
64000, 521389, 1, 0, 0
64000, 1118111, 0, 0, 0
65000, 1050972, 0, 0, 0
65000, 539689, 1, 0, 0
66000, 528480, 1, 0, 0
66000, 1122427, 0, 0, 0
67000, 1076582, 0, 0, 0
67000, 529323, 1, 0, 0
68000, 525104, 1, 0, 0
68000, 1070505, 0, 0, 0
69000, 1048957, 0, 0, 0
69000, 548621, 1, 0, 0
70000, 1064758, 0, 0, 0
70000, 522960, 1, 0, 0
71000, 1090588, 0, 0, 0
71000, 515517, 1, 0, 0
72000, 515413, 1, 0, 0
72000, 1135706, 0, 0, 0
73000, 461449, 1, 0, 0
73000, 1145497, 0, 0, 0
74000, 519648, 1, 0, 0
74000, 1095008, 0, 0, 0
75000, 432322, 1, 0, 0
75000, 1155197, 0, 0, 0
76000, 1196447, 0, 0, 0
76000, 641684, 1, 0, 0
77000, 1262264, 0, 0, 0
77000, 433899, 1, 0, 0
78000, 1220703, 0, 0, 0
78000, 410521, 1, 0, 0
79000, 401078, 1, 0, 0
79000, 1269909, 0, 0, 0
80000, 405743, 1, 0, 0
80000, 1213734, 0, 0, 0
81000, 415343, 1, 0, 0
81000, 1181692, 0, 0, 0
82000, 416996, 1, 0, 0
82000, 1192261, 0, 0, 0
83000, 397073, 1, 0, 0
83000, 1263946, 0, 0, 0
84000, 1278001, 0, 0, 0
84000, 485508, 1, 0, 0
85000, 1153241, 0, 0, 0
85000, 522913, 1, 0, 0
86000, 391832, 1, 0, 0
86000, 1269954, 0, 0, 0
87000, 384159, 1, 0, 0
87000, 1239814, 0, 0, 0
88000, 1203226, 0, 0, 0
88000, 399391, 1, 0, 0
89000, 1237713, 0, 0, 0
89000, 396838, 1, 0, 0
90000, 390114, 1, 0, 0
90000, 1309459, 0, 0, 0
91000, 1243249, 0, 0, 0
91000, 391572, 1, 0, 0
92000, 459470, 1, 0, 0
92000, 1197858, 0, 0, 0
93000, 499480, 1, 0, 0
93000, 1271617, 0, 0, 0
94000, 1132944, 0, 0, 0
94000, 714810, 1, 0, 0
95000, 1066177, 0, 0, 0
95000, 747073, 1, 0, 0
96000, 1116387, 0, 0, 0
96000, 592704, 1, 0, 0
97000, 684314, 1, 0, 0
97000, 1035626, 0, 0, 0
98000, 1196053, 0, 0, 0
98000, 527239, 1, 0, 0
99000, 1283630, 0, 0, 0
99000, 470451, 1, 0, 0
100000, 1276617, 0, 0, 0
100000, 420344, 1, 0, 0
101000, 1251303, 0, 0, 0
101000, 387042, 1, 0, 0
102000, 1236201, 0, 0, 0
102001, 381587, 1, 0, 0
103000, 678508, 1, 0, 0
103000, 1186157, 0, 0, 0
104000, 476402, 1, 0, 0
104000, 1220315, 0, 0, 0
105000, 1242641, 0, 0, 0
105000, 601936, 1, 0, 0
106000, 1285726, 0, 0, 0
106000, 527213, 1, 0, 0
107000, 463442, 1, 0, 0
107000, 1286746, 0, 0, 0
108000, 472462, 1, 0, 0
108000, 1237334, 0, 0, 0
109000, 481393, 1, 0, 0
109000, 1266119, 0, 0, 0
110000, 656936, 1, 0, 0
110000, 1147236, 0, 0, 0
111000, 380351, 1, 0, 0
111000, 1237266, 0, 0, 0
112000, 395329, 1, 0, 0
112000, 1215054, 0, 0, 0
113000, 1299456, 0, 0, 0
113000, 367822, 1, 0, 0
114000, 407254, 1, 0, 0
114000, 1226791, 0, 0, 0
115000, 395537, 1, 0, 0
115000, 1207211, 0, 0, 0
116000, 1218605, 0, 0, 0
116002, 670405, 1, 0, 0
117000, 1050703, 0, 0, 0
117001, 626227, 1, 0, 0
118000, 1001759, 0, 0, 0
118000, 587047, 1, 0, 0
119001, 714409, 1, 0, 0
119002, 1004598, 0, 0, 0
120000, 430151, 1, 0, 0
120000, 1099384, 0, 0, 0
121000, 480194, 1, 0, 0
121000, 1039620, 0, 0, 0
122000, 1037614, 0, 0, 0
122000, 485427, 1, 0, 0
123000, 1389748, 0, 0, 0
123000, 827572, 1, 0, 0
124000, 1432916, 0, 0, 0
124000, 562233, 1, 0, 0
125000, 691866, 1, 0, 0
125000, 1330928, 0, 0, 0
126000, 1315745, 0, 0, 0
126004, 731430, 1, 0, 0
127000, 1523330, 0, 0, 0
127000, 673262, 1, 0, 0
128000, 308266, 1, 0, 0
128000, 1436884, 0, 0, 0
129000, 419590, 1, 0, 0
129000, 1383171, 0, 0, 0
130000, 1258409, 0, 0, 0
130000, 746694, 1, 0, 0
131000, 1212985, 0, 0, 0
131000, 540188, 1, 0, 0
132000, 520770, 1, 0, 0
132000, 1293171, 0, 0, 0
133000, 1257954, 0, 0, 0
133000, 516521, 1, 0, 0
134000, 528181, 1, 0, 0
134000, 1189385, 0, 0, 0
135000, 1230100, 0, 0, 0
135000, 502970, 1, 0, 0
136000, 1225767, 0, 0, 0
136000, 409129, 1, 0, 0
137000, 1182550, 0, 0, 0
137000, 419789, 1, 0, 0
138000, 446832, 1, 0, 0
138000, 1266921, 0, 0, 0
139000, 409842, 1, 0, 0
139000, 1274426, 0, 0, 0
140000, 1152086, 0, 0, 0
140001, 681434, 1, 0, 0
141000, 654862, 1, 0, 0
141000, 1157270, 0, 0, 0
142000, 1286106, 0, 0, 0
142000, 470681, 1, 0, 0
143000, 1273471, 0, 0, 0
143000, 377318, 1, 0, 0
144000, 1205159, 0, 0, 0
144000, 395095, 1, 0, 0
145000, 394871, 1, 0, 0
145000, 1273722, 0, 0, 0
146000, 1206041, 0, 0, 0
146000, 410028, 1, 0, 0
147000, 1141443, 0, 0, 0
147000, 463915, 1, 0, 0
148000, 478335, 1, 0, 0
148000, 1118254, 0, 0, 0
149000, 405730, 1, 0, 0
149000, 1338172, 0, 0, 0
150000, 1183271, 0, 0, 0
150000, 437817, 1, 0, 0
151000, 1156457, 0, 0, 0
151000, 453720, 1, 0, 0
152000, 450172, 1, 0, 0
152000, 1161142, 0, 0, 0
153000, 412543, 1, 0, 0
153000, 1270873, 0, 0, 0
154000, 423168, 1, 0, 0
154000, 1245077, 0, 0, 0
155000, 396142, 1, 0, 0
155000, 1216521, 0, 0, 0
156000, 386173, 1, 0, 0
156000, 1283577, 0, 0, 0
157000, 388170, 1, 0, 0
157000, 1281029, 0, 0, 0
158000, 469140, 1, 0, 0
158000, 1169677, 0, 0, 0
159000, 563339, 1, 0, 0
159000, 1225807, 0, 0, 0
160000, 1290553, 0, 0, 0
160000, 408073, 1, 0, 0
161000, 381638, 1, 0, 0
161000, 1249546, 0, 0, 0
162000, 1201277, 0, 0, 0
162000, 477915, 1, 0, 0
163000, 654825, 1, 0, 0
163000, 1251932, 0, 0, 0
164000, 679157, 1, 0, 0
164000, 1171671, 0, 0, 0
165000, 1198867, 0, 0, 0
165000, 440832, 1, 0, 0
166012, 1213630, 0, 0, 0
166012, 399785, 1, 0, 0
167000, 480244, 1, 0, 0
167000, 1227826, 0, 0, 0
168000, 435838, 1, 0, 0
168000, 1198504, 0, 0, 0
169018, 1103191, 0, 0, 0
169018, 485299, 1, 0, 0
170000, 712463, 1, 0, 0
170000, 914028, 0, 0, 0
171000, 725678, 1, 0, 0
171000, 863299, 0, 0, 0
172000, 861448, 0, 0, 0
172000, 722706, 1, 0, 0
173000, 720952, 1, 0, 0
173000, 859860, 0, 0, 0
174000, 863882, 0, 0, 0
174000, 719327, 1, 0, 0
175000, 855971, 0, 0, 0
175000, 732839, 1, 0, 0
176000, 850917, 0, 0, 0
176000, 728437, 1, 0, 0
177000, 857623, 0, 0, 0
177000, 733767, 1, 0, 0
178000, 857341, 0, 0, 0
178000, 728366, 1, 0, 0
179000, 723956, 1, 0, 0
179000, 931258, 0, 0, 0
180000, 1330746, 0, 0, 0
180000, 369590, 1, 0, 0
181000, 1278917, 0, 0, 0
181000, 359302, 1, 0, 0
182000, 457874, 1, 0, 0
182000, 1156442, 0, 0, 0
183000, 1080270, 0, 0, 0
183000, 510351, 1, 0, 0
184000, 1131110, 0, 0, 0
184000, 509386, 1, 0, 0
185000, 504768, 1, 0, 0
185000, 1100743, 0, 0, 0
186000, 513441, 1, 0, 0
186000, 1095121, 0, 0, 0
187000, 1077928, 0, 0, 0
187000, 517534, 1, 0, 0
188000, 535175, 1, 0, 0
188000, 1052755, 0, 0, 0
189000, 514841, 1, 0, 0
189000, 1082993, 0, 0, 0
190000, 485392, 1, 0, 0
190000, 1224518, 0, 0, 0
191000, 1101937, 0, 0, 0
191000, 506841, 1, 0, 0
192000, 1184689, 0, 0, 0
192000, 407205, 1, 0, 0
193000, 1175255, 0, 0, 0
193000, 415056, 1, 0, 0
194000, 395465, 1, 0, 0
194000, 1270887, 0, 0, 0
195000, 363468, 1, 0, 0
195000, 1262432, 0, 0, 0
196000, 1180327, 0, 0, 0
196000, 451340, 1, 0, 0
197000, 512387, 1, 0, 0
197000, 1253466, 0, 0, 0
198000, 1289073, 0, 0, 0
198000, 379340, 1, 0, 0
199000, 379934, 1, 0, 0
199000, 1257848, 0, 0, 0
200021, 1243452, 0, 0, 0
200021, 685324, 1, 0, 0
201000, 613049, 1, 0, 0
201000, 1237892, 0, 0, 0
202000, 1139403, 0, 0, 0
202000, 701170, 1, 0, 0
203000, 1203681, 0, 0, 0
203000, 519890, 1, 0, 0
204000, 1338195, 0, 0, 0
204000, 373440, 1, 0, 0
205000, 1273331, 0, 0, 0
205000, 381633, 1, 0, 0
206000, 1213485, 0, 0, 0
206000, 397873, 1, 0, 0
207000, 393750, 1, 0, 0
207000, 1297399, 0, 0, 0
208000, 398893, 1, 0, 0
208000, 1244716, 0, 0, 0
209000, 1205806, 0, 0, 0
209000, 452945, 1, 0, 0
210000, 604358, 1, 0, 0
210000, 1243922, 0, 0, 0
211000, 1242718, 0, 0, 0
211001, 748929, 1, 0, 0
212000, 1234957, 0, 0, 0
212000, 447759, 1, 0, 0
213000, 391117, 1, 0, 0
213000, 1223238, 0, 0, 0
214000, 389649, 1, 0, 0
214000, 1309840, 0, 0, 0
215000, 1259542, 0, 0, 0
215000, 434860, 1, 0, 0
216000, 1208667, 0, 0, 0
216000, 404424, 1, 0, 0
217000, 1266910, 0, 0, 0
217000, 392334, 1, 0, 0
218000, 403973, 1, 0, 0
218000, 1211997, 0, 0, 0
219000, 1170213, 0, 0, 0
219000, 424811, 1, 0, 0
220000, 468098, 1, 0, 0
220000, 1148144, 0, 0, 0
221000, 472541, 1, 0, 0
221000, 1291833, 0, 0, 0
222000, 439027, 1, 0, 0
222000, 1207196, 0, 0, 0
223000, 1162704, 0, 0, 0
223000, 428126, 1, 0, 0
224000, 1251146, 0, 0, 0
224000, 415580, 1, 0, 0
225000, 1283994, 0, 0, 0
225000, 356375, 1, 0, 0
226000, 1175032, 0, 0, 0
226000, 541398, 1, 0, 0
227000, 1201440, 0, 0, 0
227000, 496061, 1, 0, 0
228000, 673184, 1, 0, 0
228000, 1233607, 0, 0, 0
229000, 1143220, 0, 0, 0
229000, 698900, 1, 0, 0
230000, 428910, 1, 0, 0
230000, 1235139, 0, 0, 0
231000, 1175421, 0, 0, 0
231000, 756397, 1, 0, 0
232000, 1229044, 0, 0, 0
232000, 753871, 1, 0, 0
233000, 530089, 1, 0, 0
233000, 1200003, 0, 0, 0
234000, 545329, 1, 0, 0
234000, 1276294, 0, 0, 0
235000, 874893, 1, 0, 0
235000, 1129797, 0, 0, 0
236000, 1182821, 0, 0, 0
236000, 642802, 1, 0, 0
237000, 454655, 1, 0, 0
237000, 1264485, 0, 0, 0
238000, 1204162, 0, 0, 0
238000, 425877, 1, 0, 0
239000, 1184594, 0, 0, 0
239000, 437374, 1, 0, 0
240000, 456810, 1, 0, 0
240000, 1150085, 0, 0, 0
241000, 1241264, 0, 0, 0
241000, 419339, 1, 0, 0
242000, 1232778, 0, 0, 0
242000, 461895, 1, 0, 0
243000, 630379, 1, 0, 0
243000, 1263003, 0, 0, 0
244000, 1302394, 0, 0, 0
244000, 468034, 1, 0, 0
245000, 404784, 1, 0, 0
245000, 1213102, 0, 0, 0
246000, 1209491, 0, 0, 0
246000, 409941, 1, 0, 0
247000, 427069, 1, 0, 0
247000, 1168465, 0, 0, 0
248000, 1214326, 0, 0, 0
248000, 454554, 1, 0, 0
249000, 530607, 1, 0, 0
249000, 1073069, 0, 0, 0
250000, 522595, 1, 0, 0
250000, 1072058, 0, 0, 0
251000, 1060057, 0, 0, 0
251000, 530263, 1, 0, 0
252000, 1054966, 0, 0, 0
252000, 536232, 1, 0, 0
253000, 1134214, 0, 0, 0
253000, 507949, 1, 0, 0
254000, 552685, 1, 0, 0
254000, 1098848, 0, 0, 0
255000, 1034485, 0, 0, 0
255000, 568537, 1, 0, 0
256000, 1003283, 0, 0, 0
256000, 602258, 1, 0, 0
257000, 600731, 1, 0, 0
257000, 990799, 0, 0, 0
258000, 611988, 1, 0, 0
258000, 972209, 0, 0, 0
259000, 976262, 0, 0, 0
259000, 613045, 1, 0, 0
260000, 994366, 0, 0, 0
260000, 592252, 1, 0, 0
261000, 1006951, 0, 0, 0
261000, 579779, 1, 0, 0
262000, 1075600, 0, 0, 0
262000, 573178, 1, 0, 0
263000, 549116, 1, 0, 0
263000, 1091123, 0, 0, 0
264000, 553521, 1, 0, 0
264000, 1049107, 0, 0, 0
265000, 542779, 1, 0, 0
265000, 1059625, 0, 0, 0
266000, 552316, 1, 0, 0
266000, 1040583, 0, 0, 0
267000, 544679, 1, 0, 0
267000, 1047174, 0, 0, 0
268000, 462193, 1, 0, 0
268000, 1195536, 0, 0, 0
269000, 1187060, 0, 0, 0
269000, 427552, 1, 0, 0
270000, 449910, 1, 0, 0
270000, 1159973, 0, 0, 0
271000, 466803, 1, 0, 0
271000, 1121324, 0, 0, 0
272000, 1253383, 0, 0, 0
272000, 431558, 1, 0, 0
273000, 1341745, 0, 0, 0
273000, 533176, 1, 0, 0
274000, 1257987, 0, 0, 0
274000, 400550, 1, 0, 0
275000, 1323938, 0, 0, 0
275000, 394244, 1, 0, 0
276000, 1283322, 0, 0, 0
276000, 417874, 1, 0, 0
277000, 1258606, 0, 0, 0
277000, 413851, 1, 0, 0
278000, 1264399, 0, 0, 0
278000, 515489, 1, 0, 0
279000, 694795, 1, 0, 0
279000, 1167214, 0, 0, 0
280000, 635134, 1, 0, 0
280000, 1156652, 0, 0, 0
281000, 1223463, 0, 0, 0
281000, 464827, 1, 0, 0
282000, 1287285, 0, 0, 0
282000, 455971, 1, 0, 0
283000, 655431, 1, 0, 0
283000, 1141474, 0, 0, 0
284000, 1291147, 0, 0, 0
284000, 505784, 1, 0, 0
285000, 390212, 1, 0, 0
285000, 1342905, 0, 0, 0
286000, 1202328, 0, 0, 0
286000, 606805, 1, 0, 0
287000, 1144940, 0, 0, 0
287000, 699923, 1, 0, 0
288000, 1250628, 0, 0, 0
288001, 630693, 1, 0, 0
289000, 1230919, 0, 0, 0
289000, 567105, 1, 0, 0
290000, 1180900, 0, 0, 0
290000, 570544, 1, 0, 0
291000, 1202855, 0, 0, 0
291000, 647047, 1, 0, 0
292000, 1264108, 0, 0, 0
292000, 367700, 1, 0, 0
293000, 416200, 1, 0, 0
293000, 1206549, 0, 0, 0
294000, 1158794, 0, 0, 0
294000, 469285, 1, 0, 0
295000, 469173, 1, 0, 0
295000, 1348324, 0, 0, 0
296000, 1248658, 0, 0, 0
296000, 384378, 1, 0, 0
297000, 1198618, 0, 0, 0
297000, 413913, 1, 0, 0
298000, 428362, 1, 0, 0
298000, 1270368, 0, 0, 0
299000, 1157907, 0, 0, 0
299000, 679736, 1, 0, 0
300000, 1154684, 0, 0, 0
300000, 668928, 1, 0, 0
301000, 1248271, 0, 0, 0
301000, 429657, 1, 0, 0
302000, 1304359, 0, 0, 0
302004, 494773, 1, 0, 0
303000, 653988, 1, 0, 0
303000, 1148256, 0, 0, 0
304000, 1250467, 0, 0, 0
304000, 400910, 1, 0, 0
305000, 403321, 1, 0, 0
305000, 1338088, 0, 0, 0
306000, 1219038, 0, 0, 0
306000, 841588, 1, 0, 0
307000, 1156901, 0, 0, 0
307000, 648123, 1, 0, 0
308000, 1241613, 0, 0, 0
308000, 660199, 1, 0, 0
309000, 762366, 1, 0, 0
309000, 1159896, 0, 0, 0
310000, 1140289, 0, 0, 0
310000, 705817, 1, 0, 0
311000, 1246280, 0, 0, 0
311000, 646149, 1, 0, 0
312000, 1236507, 0, 0, 0
312000, 500986, 1, 0, 0
313000, 526640, 1, 0, 0
313000, 1157009, 0, 0, 0
314000, 493507, 1, 0, 0
314000, 1163255, 0, 0, 0
315000, 1298263, 0, 0, 0
315000, 378293, 1, 0, 0
316000, 1218902, 0, 0, 0
316000, 387966, 1, 0, 0
317000, 490705, 1, 0, 0
317000, 1239234, 0, 0, 0
318000, 1239032, 0, 0, 0
318000, 431470, 1, 0, 0
319000, 438557, 1, 0, 0
319000, 1187937, 0, 0, 0
320000, 1170938, 0, 0, 0
320000, 445311, 1, 0, 0
321000, 458889, 1, 0, 0
321000, 1145412, 0, 0, 0
322000, 1186071, 0, 0, 0
322000, 496589, 1, 0, 0
323000, 460904, 1, 0, 0
323000, 1198755, 0, 0, 0
324000, 1161396, 0, 0, 0
324000, 709814, 1, 0, 0
325000, 716169, 1, 0, 0
325000, 1152453, 0, 0, 0
326000, 1235354, 0, 0, 0
326000, 685238, 1, 0, 0
327000, 1154719, 0, 0, 0
327000, 747366, 1, 0, 0
328000, 1220044, 0, 0, 0
328000, 559727, 1, 0, 0
329000, 1170491, 0, 0, 0
329000, 501163, 1, 0, 0
330000, 502074, 1, 0, 0
330000, 1108777, 0, 0, 0
331000, 1097721, 0, 0, 0
331000, 505391, 1, 0, 0
332000, 513152, 1, 0, 0
332000, 1067351, 0, 0, 0
333000, 1064009, 0, 0, 0
333000, 528322, 1, 0, 0
334000, 524509, 1, 0, 0
334000, 1122927, 0, 0, 0
335000, 1176719, 0, 0, 0
335000, 437914, 1, 0, 0
336000, 617879, 1, 0, 0
336000, 1183093, 0, 0, 0
337000, 1256884, 0, 0, 0
337000, 473191, 1, 0, 0
338000, 753570, 1, 0, 0
338000, 1268076, 0, 0, 0
339000, 480941, 1, 0, 0
339000, 1207313, 0, 0, 0
340000, 408179, 1, 0, 0
340000, 1187961, 0, 0, 0
341000, 1271375, 0, 0, 0
341001, 391901, 1, 0, 0
342000, 555021, 1, 0, 0
342000, 1215447, 0, 0, 0
343000, 1165500, 0, 0, 0
343000, 617983, 1, 0, 0
344000, 1159190, 0, 0, 0
344001, 634022, 1, 0, 0
345000, 1307858, 0, 0, 0
345000, 450026, 1, 0, 0
346000, 441218, 1, 0, 0
346000, 1264074, 0, 0, 0
347000, 633236, 1, 0, 0
347000, 1151703, 0, 0, 0
348000, 1288813, 0, 0, 0
348003, 588485, 1, 0, 0
349000, 987802, 1, 0, 0
349000, 1252866, 0, 0, 0
350000, 1137634, 0, 0, 0
350000, 810027, 1, 0, 0
351000, 1238237, 0, 0, 0
351000, 772039, 1, 0, 0
352000, 1154043, 0, 0, 0
352002, 848530, 1, 0, 0
353000, 1127714, 0, 0, 0
353000, 812724, 1, 0, 0
354000, 1279333, 0, 0, 0
354000, 726142, 1, 0, 0
355000, 691384, 1, 0, 0
355000, 1228018, 0, 0, 0
356000, 828705, 1, 0, 0
356000, 1129655, 0, 0, 0
357000, 721682, 1, 0, 0
357000, 1223255, 0, 0, 0
358000, 450781, 1, 0, 0
358000, 1231971, 0, 0, 0
359000, 1177833, 0, 0, 0
359000, 471341, 1, 0, 0
360000, 507406, 1, 0, 0
360000, 1138931, 0, 0, 0
361000, 917801, 0, 0, 0
361000, 711631, 1, 0, 0
362000, 718755, 1, 0, 0
362000, 860898, 0, 0, 0
363000, 863492, 0, 0, 0
363000, 714596, 1, 0, 0
364000, 860660, 0, 0, 0
364000, 715771, 1, 0, 0
365000, 860137, 0, 0, 0
365000, 719296, 1, 0, 0
366000, 858479, 0, 0, 0
366000, 730832, 1, 0, 0
367000, 730046, 1, 0, 0
367000, 853007, 0, 0, 0
368000, 852600, 0, 0, 0
368000, 725582, 1, 0, 0
369000, 728982, 1, 0, 0
369000, 857399, 0, 0, 0
370000, 859331, 0, 0, 0
370000, 723633, 1, 0, 0
371000, 1174171, 0, 0, 0
371000, 546573, 1, 0, 0
372000, 527238, 1, 0, 0
372000, 1072922, 0, 0, 0
373000, 1078656, 0, 0, 0
373000, 528151, 1, 0, 0
374000, 1068680, 0, 0, 0
374000, 537852, 1, 0, 0
375000, 1069212, 0, 0, 0
375000, 529460, 1, 0, 0
376000, 1059290, 0, 0, 0
376000, 540761, 1, 0, 0
377000, 1130195, 0, 0, 0
377000, 530520, 1, 0, 0
378000, 538182, 1, 0, 0
378000, 1055812, 0, 0, 0
379000, 1063195, 0, 0, 0
379000, 542437, 1, 0, 0
380000, 1037301, 0, 0, 0
380000, 552107, 1, 0, 0
381000, 1107682, 0, 0, 0
381000, 527785, 1, 0, 0
382000, 1067937, 0, 0, 0
382000, 536984, 1, 0, 0
383000, 1147709, 0, 0, 0
383000, 507337, 1, 0, 0
384000, 501238, 1, 0, 0
384000, 1111223, 0, 0, 0
385000, 1094584, 0, 0, 0
385000, 507986, 1, 0, 0
386000, 1114066, 0, 0, 0
386000, 486069, 1, 0, 0
387000, 487859, 1, 0, 0
387000, 1118581, 0, 0, 0
388000, 1182389, 0, 0, 0
388000, 479534, 1, 0, 0
389000, 1126835, 0, 0, 0
389000, 476526, 1, 0, 0
390000, 1123166, 0, 0, 0
390000, 483215, 1, 0, 0
391000, 1184283, 0, 0, 0
391000, 453505, 1, 0, 0
392000, 1158319, 0, 0, 0
392000, 490131, 1, 0, 0
393000, 1120773, 0, 0, 0
393000, 475370, 1, 0, 0
394000, 1143359, 0, 0, 0
394000, 465741, 1, 0, 0
395000, 1121644, 0, 0, 0
395000, 471852, 1, 0, 0
396000, 471439, 1, 0, 0
396000, 1133979, 0, 0, 0
397000, 1194353, 0, 0, 0
397000, 469762, 1, 0, 0
398000, 1144231, 0, 0, 0
398000, 467374, 1, 0, 0
399000, 1111441, 0, 0, 0
399000, 487806, 1, 0, 0
400000, 479808, 1, 0, 0
400000, 1124720, 0, 0, 0
401000, 1267583, 0, 0, 0
401000, 463970, 1, 0, 0
402000, 1257140, 0, 0, 0
402000, 360459, 1, 0, 0
403000, 478162, 1, 0, 0
403000, 1179989, 0, 0, 0
404000, 1197476, 0, 0, 0
404000, 433019, 1, 0, 0
405000, 1298002, 0, 0, 0
405000, 386161, 1, 0, 0
406000, 1229142, 0, 0, 0
406000, 402427, 1, 0, 0
407000, 395413, 1, 0, 0
407000, 1207634, 0, 0, 0
408000, 1295061, 0, 0, 0
408000, 424881, 1, 0, 0
409000, 400172, 1, 0, 0
409000, 1236722, 0, 0, 0
410000, 420995, 1, 0, 0
410000, 1183024, 0, 0, 0
411000, 1289077, 0, 0, 0
411000, 517661, 1, 0, 0
412000, 470250, 1, 0, 0
412000, 1212301, 0, 0, 0
413000, 1213432, 0, 0, 0
413000, 405037, 1, 0, 0
414000, 1181155, 0, 0, 0
414000, 417403, 1, 0, 0
415000, 408896, 1, 0, 0
415000, 1249974, 0, 0, 0
416000, 1210679, 0, 0, 0
416000, 404111, 1, 0, 0
417000, 388124, 1, 0, 0
417000, 1225915, 0, 0, 0
418000, 1227159, 0, 0, 0
418000, 399109, 1, 0, 0
419000, 1244650, 0, 0, 0
419000, 522482, 1, 0, 0
420000, 576413, 1, 0, 0
420000, 1182157, 0, 0, 0
421000, 382678, 1, 0, 0
421000, 1242844, 0, 0, 0
422000, 643027, 1, 0, 0
422000, 1332495, 0, 0, 0
423000, 1249187, 0, 0, 0
423000, 481945, 1, 0, 0
424000, 1209600, 0, 0, 0
424000, 464947, 1, 0, 0
425000, 1267171, 0, 0, 0
425000, 546795, 1, 0, 0
426000, 1205701, 0, 0, 0
426000, 562363, 1, 0, 0
427000, 1220630, 0, 0, 0
427000, 505680, 1, 0, 0
428000, 1313855, 0, 0, 0
428000, 449948, 1, 0, 0
429000, 1097662, 0, 0, 0
429000, 776183, 1, 0, 0
430000, 1218184, 0, 0, 0
430000, 388409, 1, 0, 0
431000, 481745, 1, 0, 0
431000, 1161615, 0, 0, 0
432000, 429170, 1, 0, 0
432000, 1241460, 0, 0, 0
433000, 466250, 1, 0, 0
433000, 1217026, 0, 0, 0
434000, 1124183, 0, 0, 0
434000, 468825, 1, 0, 0
435000, 496104, 1, 0, 0
435000, 1103697, 0, 0, 0
436000, 1175071, 0, 0, 0
436000, 483866, 1, 0, 0
437000, 1122506, 0, 0, 0
437000, 483298, 1, 0, 0
438000, 1089439, 0, 0, 0
438000, 508036, 1, 0, 0
439000, 515341, 1, 0, 0
439000, 1072628, 0, 0, 0
440000, 1077051, 0, 0, 0
440000, 514044, 1, 0, 0
441000, 526631, 1, 0, 0
441000, 1129805, 0, 0, 0
442000, 492191, 1, 0, 0
442000, 1108998, 0, 0, 0
443000, 1210817, 0, 0, 0
443000, 453810, 1, 0, 0
444000, 462373, 1, 0, 0
444000, 1127270, 0, 0, 0
445000, 1158991, 0, 0, 0
445000, 446237, 1, 0, 0
446000, 432840, 1, 0, 0
446000, 1227780, 0, 0, 0
447000, 1151126, 0, 0, 0
447000, 542791, 1, 0, 0
448000, 383459, 1, 0, 0
448000, 1217786, 0, 0, 0
449000, 1281510, 0, 0, 0
449000, 391319, 1, 0, 0
450000, 362912, 1, 0, 0
450000, 1271039, 0, 0, 0
451000, 377590, 1, 0, 0
451000, 1248983, 0, 0, 0
452000, 430967, 1, 0, 0
452000, 1173627, 0, 0, 0
453000, 463497, 1, 0, 0
453000, 1329676, 0, 0, 0
454000, 419020, 1, 0, 0
454000, 1205746, 0, 0, 0
455000, 1142052, 0, 0, 0
455000, 458623, 1, 0, 0
456000, 449058, 1, 0, 0
456000, 1145797, 0, 0, 0
457000, 443544, 1, 0, 0
457000, 1215106, 0, 0, 0
458000, 1142166, 0, 0, 0
458000, 461957, 1, 0, 0
459000, 483801, 1, 0, 0
459000, 1128984, 0, 0, 0
460000, 466421, 1, 0, 0
460000, 1134274, 0, 0, 0
461000, 1236052, 0, 0, 0
461000, 432150, 1, 0, 0
462000, 1176001, 0, 0, 0
462000, 440995, 1, 0, 0
463000, 1260545, 0, 0, 0
463000, 420465, 1, 0, 0
464000, 1232149, 0, 0, 0
464000, 379069, 1, 0, 0
465000, 1313026, 0, 0, 0
465000, 378658, 1, 0, 0
466000, 358180, 1, 0, 0
466000, 1302158, 0, 0, 0
467000, 561539, 1, 0, 0
467000, 1165684, 0, 0, 0
468000, 1313866, 0, 0, 0
468000, 470061, 1, 0, 0
469000, 527543, 1, 0, 0
469000, 1224267, 0, 0, 0
470000, 1227375, 0, 0, 0
470000, 447765, 1, 0, 0
471000, 1160218, 0, 0, 0
471000, 677473, 1, 0, 0
472000, 383236, 1, 0, 0
472000, 1264745, 0, 0, 0
473000, 1226935, 0, 0, 0
473000, 387518, 1, 0, 0
474000, 448331, 1, 0, 0
474000, 1291422, 0, 0, 0
475000, 1263777, 0, 0, 0
475000, 448488, 1, 0, 0
476000, 452703, 1, 0, 0
476000, 1253500, 0, 0, 0
477000, 1248230, 0, 0, 0
477000, 383490, 1, 0, 0
478000, 382759, 1, 0, 0
478000, 1349010, 0, 0, 0
479000, 411457, 1, 0, 0
479000, 1256684, 0, 0, 0
480000, 417461, 1, 0, 0
480001, 1220333, 0, 0, 0
480001, 2434760, 0, 0, 0
480001, 1738833, 1, 0, 0
