1000, 366073, 1, 0, 0
1000, 1039877, 0, 0, 0
2000, 1068171, 0, 0, 0
2003, 475033, 1, 0, 0
3000, 1034979, 0, 0, 0
3000, 466012, 1, 0, 0
4000, 941965, 0, 0, 0
4001, 503880, 1, 0, 0
5000, 1046873, 0, 0, 0
5000, 283256, 1, 0, 0
6000, 310729, 1, 0, 0
6000, 1133181, 0, 0, 0
7000, 1110058, 0, 0, 0
7000, 594556, 1, 0, 0
8000, 1044026, 0, 0, 0
8000, 436317, 1, 0, 0
9000, 330888, 1, 0, 0
9000, 1113061, 0, 0, 0
10000, 1092301, 0, 0, 0
10000, 322931, 1, 0, 0
11000, 975138, 0, 0, 0
11002, 443529, 1, 0, 0
12000, 1072517, 0, 0, 0
12000, 295826, 1, 0, 0
13000, 1107515, 0, 0, 0
13000, 205558, 1, 0, 0
14000, 1042428, 0, 0, 0
14000, 382563, 1, 0, 0
15001, 437468, 1, 0, 0
15002, 1011901, 0, 0, 0
16000, 521468, 1, 0, 0
16000, 1155290, 0, 0, 0
17000, 977495, 0, 0, 0
17000, 552410, 1, 0, 0
18000, 990430, 0, 0, 0
18003, 480991, 1, 0, 0
19000, 1062985, 0, 0, 0
19000, 543709, 1, 0, 0
20000, 1036407, 0, 0, 0
20000, 532282, 1, 0, 0
21000, 649907, 1, 0, 0
21000, 1065658, 0, 0, 0
22000, 1148039, 0, 0, 0
22000, 654624, 1, 0, 0
23000, 666330, 1, 0, 0
23000, 1102617, 0, 0, 0
24000, 995765, 0, 0, 0
24006, 764146, 1, 0, 0
25021, 771345, 1, 0, 0
25021, 995415, 0, 0, 0
26000, 989598, 1, 0, 0
26000, 1123789, 0, 0, 0
27000, 1060545, 0, 0, 0
27000, 751256, 1, 0, 0
28005, 873532, 1, 0, 0
28006, 976423, 0, 0, 0
29000, 1044170, 0, 0, 0
29000, 874034, 1, 0, 0
30000, 739370, 1, 0, 0
30000, 1074242, 0, 0, 0
31000, 1004783, 0, 0, 0
31000, 839647, 1, 0, 0
32003, 857549, 1, 0, 0
32004, 1093172, 0, 0, 0
33000, 1019651, 0, 0, 0
33000, 859548, 1, 0, 0
34000, 992916, 0, 0, 0
34000, 841187, 1, 0, 0
35000, 1016947, 0, 0, 0
35000, 901332, 1, 0, 0
36000, 989660, 1, 0, 0
36000, 996690, 0, 0, 0
37000, 737576, 1, 0, 0
37000, 1064705, 0, 0, 0
38000, 1139330, 0, 0, 0
38000, 984106, 1, 0, 0
39000, 1087396, 0, 0, 0
39000, 776639, 1, 0, 0
40000, 750668, 1, 0, 0
40000, 1033444, 0, 0, 0
41004, 802931, 1, 0, 0
41004, 1106105, 0, 0, 0
42000, 863811, 1, 0, 0
42000, 1035397, 0, 0, 0
43000, 1003378, 0, 0, 0
43007, 860380, 1, 0, 0
44000, 1084857, 0, 0, 0
44004, 874739, 1, 0, 0
45000, 994377, 1, 0, 0
45000, 959664, 0, 0, 0
46000, 832818, 1, 0, 0
46001, 1007137, 0, 0, 0
47000, 1122931, 0, 0, 0
47000, 758614, 1, 0, 0
48000, 1038401, 0, 0, 0
48000, 878798, 1, 0, 0
49000, 1003413, 0, 0, 0
49000, 896263, 1, 0, 0
50000, 1174198, 0, 0, 0
50004, 1005598, 1, 0, 0
51000, 820677, 1, 0, 0
51001, 1125569, 0, 0, 0
52000, 1083988, 0, 0, 0
52000, 812136, 1, 0, 0
53000, 880251, 1, 0, 0
53000, 1075532, 0, 0, 0
54000, 1034528, 0, 0, 0
54007, 921099, 1, 0, 0
55000, 792317, 1, 0, 0
55000, 1002831, 0, 0, 0
56000, 667382, 1, 0, 0
56000, 989145, 0, 0, 0
57000, 1070369, 0, 0, 0
57000, 566461, 1, 0, 0
58000, 1055989, 0, 0, 0
58000, 493041, 1, 0, 0
59000, 1057558, 0, 0, 0
59000, 426629, 1, 0, 0
60000, 1079492, 0, 0, 0
60000, 543912, 1, 0, 0
61000, 1103442, 0, 0, 0
61000, 656085, 1, 0, 0
62000, 615610, 1, 0, 0
62001, 1013373, 0, 0, 0
63000, 1122882, 0, 0, 0
63000, 897424, 1, 0, 0
64000, 1101156, 0, 0, 0
64003, 840176, 1, 0, 0
65001, 1048330, 0, 0, 0
65005, 801553, 1, 0, 0
66002, 865536, 1, 0, 0
66003, 1064221, 0, 0, 0
67000, 921968, 1, 0, 0
67000, 1002956, 0, 0, 0
68000, 975718, 0, 0, 0
68000, 801318, 1, 0, 0
69000, 713633, 1, 0, 0
69000, 1047062, 0, 0, 0
70000, 1063120, 0, 0, 0
70004, 673393, 1, 0, 0
71001, 1042990, 0, 0, 0
71001, 655780, 1, 0, 0
72000, 1113113, 0, 0, 0
72000, 648172, 1, 0, 0
73000, 496375, 1, 0, 0
73000, 1137894, 0, 0, 0
74000, 742647, 1, 0, 0
74000, 980327, 0, 0, 0
75000, 1022440, 0, 0, 0
75000, 632604, 1, 0, 0
76000, 1116285, 0, 0, 0
76000, 595352, 1, 0, 0
77000, 1044611, 0, 0, 0
77000, 594551, 1, 0, 0
78001, 516536, 1, 0, 0
78001, 1020484, 0, 0, 0
79000, 654214, 1, 0, 0
79000, 1052138, 0, 0, 0
80000, 1038292, 0, 0, 0
80000, 734086, 1, 0, 0
81000, 725969, 1, 0, 0
81000, 996008, 0, 0, 0
82000, 1145169, 0, 0, 0
82005, 903402, 1, 0, 0
83000, 996811, 1, 0, 0
83001, 1006429, 0, 0, 0
84000, 694638, 1, 0, 0
84001, 1039267, 0, 0, 0
85000, 955808, 0, 0, 0
85000, 769128, 1, 0, 0
86000, 1002948, 0, 0, 0
86000, 786387, 1, 0, 0
87001, 670160, 1, 0, 0
87001, 1024631, 0, 0, 0
88000, 633169, 1, 0, 0
88000, 988060, 0, 0, 0
89000, 1128596, 0, 0, 0
89001, 431334, 1, 0, 0
90000, 1089811, 0, 0, 0
90000, 442263, 1, 0, 0
91000, 601232, 1, 0, 0
91000, 1001972, 0, 0, 0
92000, 1073564, 0, 0, 0
92002, 701697, 1, 0, 0
93000, 1102715, 0, 0, 0
93003, 839801, 1, 0, 0
94000, 1102224, 0, 0, 0
94001, 635201, 1, 0, 0
95000, 1139421, 0, 0, 0
95004, 751998, 1, 0, 0
96000, 1072736, 0, 0, 0
96000, 765124, 1, 0, 0
97001, 669259, 1, 0, 0
97002, 1027928, 0, 0, 0
98002, 852362, 1, 0, 0
98002, 998744, 0, 0, 0
99000, 1038328, 0, 0, 0
99004, 696699, 1, 0, 0
100000, 584425, 1, 0, 0
100000, 1056979, 0, 0, 0
101000, 655951, 1, 0, 0
101000, 1054218, 0, 0, 0
102000, 811590, 1, 0, 0
102001, 1077821, 0, 0, 0
103000, 1007412, 0, 0, 0
103000, 750665, 1, 0, 0
104000, 998125, 0, 0, 0
104000, 686575, 1, 0, 0
105000, 500215, 1, 0, 0
105000, 1062453, 0, 0, 0
106000, 1071117, 0, 0, 0
106000, 365616, 1, 0, 0
107000, 1039589, 0, 0, 0
107000, 357853, 1, 0, 0
108003, 509506, 1, 0, 0
108004, 1078505, 0, 0, 0
109000, 1070841, 0, 0, 0
109000, 796728, 1, 0, 0
110000, 991620, 0, 0, 0
110002, 927131, 1, 0, 0
111000, 1095370, 0, 0, 0
111006, 804376, 1, 0, 0
112000, 906536, 1, 0, 0
112000, 1055949, 0, 0, 0
113000, 828652, 1, 0, 0
113000, 1023733, 0, 0, 0
114001, 863996, 1, 0, 0
114002, 1097267, 0, 0, 0
115000, 1057472, 0, 0, 0
115000, 1162373, 1, 0, 0
116000, 1078091, 0, 0, 0
116000, 721763, 1, 0, 0
117000, 783020, 1, 0, 0
117000, 1034001, 0, 0, 0
118000, 1054634, 0, 0, 0
118003, 924185, 1, 0, 0
119000, 1073768, 0, 0, 0
119002, 739645, 1, 0, 0
120000, 1024788, 0, 0, 0
120000, 689641, 1, 0, 0
121000, 1104763, 0, 0, 0
121000, 614563, 1, 0, 0
122000, 1003310, 0, 0, 0
122000, 721957, 1, 0, 0
123000, 982542, 0, 0, 0
123000, 751184, 1, 0, 0
124000, 1092181, 0, 0, 0
124002, 709148, 1, 0, 0
125000, 691465, 1, 0, 0
125000, 1063578, 0, 0, 0
126002, 1014983, 1, 0, 0
126003, 1055301, 0, 0, 0
127000, 693055, 1, 0, 0
127000, 1140831, 0, 0, 0
128000, 614100, 1, 0, 0
128000, 1068387, 0, 0, 0
129000, 750766, 1, 0, 0
129000, 1006642, 0, 0, 0
130000, 1046715, 0, 0, 0
130005, 793369, 1, 0, 0
131000, 1103276, 0, 0, 0
131000, 710807, 1, 0, 0
132000, 674239, 1, 0, 0
132000, 1050684, 0, 0, 0
133000, 1091539, 0, 0, 0
133002, 723958, 1, 0, 0
134000, 1021648, 0, 0, 0
134000, 908324, 1, 0, 0
135000, 822442, 1, 0, 0
135000, 1035184, 0, 0, 0
136000, 801192, 1, 0, 0
136001, 1098536, 0, 0, 0
137000, 1099072, 1, 0, 0
137000, 1082484, 0, 0, 0
138000, 913035, 1, 0, 0
138000, 995808, 0, 0, 0
139000, 744577, 1, 0, 0
139000, 1028937, 0, 0, 0
140002, 856378, 1, 0, 0
140002, 1095231, 0, 0, 0
141000, 1015103, 0, 0, 0
141000, 911466, 1, 0, 0
142003, 889835, 1, 0, 0
142004, 995222, 0, 0, 0
143001, 939977, 1, 0, 0
143001, 1095396, 0, 0, 0
144000, 970808, 1, 0, 0
144000, 1026361, 0, 0, 0
145000, 1108815, 0, 0, 0
145000, 808778, 1, 0, 0
146000, 1149221, 0, 0, 0
146005, 858217, 1, 0, 0
147000, 1091658, 0, 0, 0
147000, 918532, 1, 0, 0
148000, 893123, 1, 0, 0
148000, 1065713, 0, 0, 0
149003, 1011863, 1, 0, 0
149004, 1168544, 0, 0, 0
150000, 1110787, 1, 0, 0
150000, 1083942, 0, 0, 0
151000, 1001560, 0, 0, 0
151000, 970919, 1, 0, 0
152000, 872478, 1, 0, 0
152000, 1131723, 0, 0, 0
153000, 995306, 0, 0, 0
153000, 1138082, 1, 0, 0
154000, 1050078, 0, 0, 0
154000, 845228, 1, 0, 0
155000, 868790, 1, 0, 0
155000, 1075323, 0, 0, 0
156000, 561980, 1, 0, 0
156000, 1066506, 0, 0, 0
157000, 621436, 1, 0, 0
157000, 922050, 0, 0, 0
158000, 1116876, 0, 0, 0
158000, 313201, 1, 0, 0
159000, 1066150, 0, 0, 0
159000, 406780, 1, 0, 0
160000, 1052180, 0, 0, 0
160008, 631088, 1, 0, 0
161000, 543256, 1, 0, 0
161000, 1081486, 0, 0, 0
162000, 823903, 1, 0, 0
162000, 1133544, 0, 0, 0
163000, 888354, 1, 0, 0
163001, 1060636, 0, 0, 0
164000, 883054, 1, 0, 0
164000, 1022820, 0, 0, 0
165000, 696513, 1, 0, 0
165000, 1091579, 0, 0, 0
166000, 1023515, 0, 0, 0
166000, 618094, 1, 0, 0
167000, 549937, 1, 0, 0
167000, 908726, 0, 0, 0
168000, 1114677, 0, 0, 0
168000, 337328, 1, 0, 0
169000, 1101021, 0, 0, 0
169000, 257606, 1, 0, 0
170000, 500539, 1, 0, 0
170000, 958527, 0, 0, 0
171000, 574122, 1, 0, 0
171000, 1152012, 0, 0, 0
172000, 996183, 1, 0, 0
172000, 988398, 0, 0, 0
173000, 1063992, 0, 0, 0
173000, 736853, 1, 0, 0
174001, 803673, 1, 0, 0
174002, 1019577, 0, 0, 0
175000, 1099218, 0, 0, 0
175000, 862974, 1, 0, 0
176001, 829924, 1, 0, 0
176002, 1031889, 0, 0, 0
177000, 1025142, 0, 0, 0
177000, 799978, 1, 0, 0
178000, 1133099, 0, 0, 0
178000, 781105, 1, 0, 0
179000, 847922, 1, 0, 0
179000, 1023492, 0, 0, 0
180000, 990723, 0, 0, 0
180000, 842384, 1, 0, 0
181000, 1129027, 0, 0, 0
181000, 790351, 1, 0, 0
182000, 1151499, 0, 0, 0
182005, 1028371, 1, 0, 0
183000, 728423, 1, 0, 0
183000, 1031475, 0, 0, 0
184000, 1045961, 0, 0, 0
184000, 768683, 1, 0, 0
185000, 1081812, 0, 0, 0
185004, 579230, 1, 0, 0
186000, 550746, 1, 0, 0
186000, 1052153, 0, 0, 0
187000, 535196, 1, 0, 0
187000, 1125248, 0, 0, 0
188000, 1051629, 0, 0, 0
188002, 573301, 1, 0, 0
189001, 536938, 1, 0, 0
189002, 1079277, 0, 0, 0
190000, 1154479, 0, 0, 0
190000, 537815, 1, 0, 0
191001, 667473, 1, 0, 0
191002, 1064897, 0, 0, 0
192001, 639977, 1, 0, 0
192002, 1055279, 0, 0, 0
193002, 865781, 1, 0, 0
193003, 1190057, 0, 0, 0
194002, 765367, 1, 0, 0
194002, 1095611, 0, 0, 0
195000, 991536, 0, 0, 0
195000, 937853, 1, 0, 0
196000, 1033057, 0, 0, 0
196000, 881139, 1, 0, 0
197000, 1131931, 0, 0, 0
197003, 848773, 1, 0, 0
198000, 988547, 0, 0, 0
198000, 833671, 1, 0, 0
199000, 689224, 1, 0, 0
199000, 962119, 0, 0, 0
200000, 481712, 1, 0, 0
200000, 1120955, 0, 0, 0
201000, 1016552, 0, 0, 0
201002, 615235, 1, 0, 0
202000, 589235, 1, 0, 0
202000, 999740, 0, 0, 0
203000, 708825, 0, 0, 0
203000, 374502, 1, 0, 0
204000, 347082, 1, 0, 0
204000, 614722, 0, 0, 0
205000, 616296, 0, 0, 0
205000, 345502, 1, 0, 0
206000, 350985, 1, 0, 0
206000, 609765, 0, 0, 0
207000, 366903, 1, 0, 0
207000, 595052, 0, 0, 0
208000, 359241, 1, 0, 0
208000, 600576, 0, 0, 0
209000, 684044, 0, 0, 0
209005, 409932, 1, 0, 0
210000, 686782, 1, 0, 0
210000, 1026785, 0, 0, 0
211000, 1073380, 0, 0, 0
211000, 406366, 1, 0, 0
212000, 1059144, 0, 0, 0
212000, 301060, 1, 0, 0
213000, 1106894, 0, 0, 0
213001, 332693, 1, 0, 0
214000, 262929, 1, 0, 0
214000, 1090947, 0, 0, 0
215000, 1088761, 0, 0, 0
215000, 174760, 1, 0, 0
216000, 417740, 1, 0, 0
216000, 998173, 0, 0, 0
217000, 989119, 0, 0, 0
217000, 481279, 1, 0, 0
218000, 389717, 1, 0, 0
218000, 1134581, 0, 0, 0
219000, 1075080, 0, 0, 0
219000, 320651, 1, 0, 0
220000, 1146329, 0, 0, 0
220000, 380925, 1, 0, 0
221000, 999532, 0, 0, 0
221000, 608047, 1, 0, 0
222000, 997854, 0, 0, 0
222004, 636369, 1, 0, 0
223000, 1113554, 0, 0, 0
223000, 635963, 1, 0, 0
224000, 1061563, 0, 0, 0
224000, 624975, 1, 0, 0
225000, 1035583, 0, 0, 0
225003, 598968, 1, 0, 0
226000, 1064642, 0, 0, 0
226000, 748833, 1, 0, 0
227000, 1037253, 0, 0, 0
227000, 659874, 1, 0, 0
228002, 730195, 1, 0, 0
228002, 1126874, 0, 0, 0
229000, 998187, 0, 0, 0
229007, 832924, 1, 0, 0
230000, 832561, 1, 0, 0
230001, 1016042, 0, 0, 0
231000, 1058607, 0, 0, 0
231000, 692768, 1, 0, 0
232016, 983185, 0, 0, 0
232016, 718471, 1, 0, 0
233000, 1100551, 0, 0, 0
233000, 612487, 1, 0, 0
234001, 1025662, 0, 0, 0
234003, 601534, 1, 0, 0
235000, 992652, 0, 0, 0
235000, 650679, 1, 0, 0
236000, 665254, 1, 0, 0
236000, 1072939, 0, 0, 0
237000, 717438, 1, 0, 0
237000, 1046598, 0, 0, 0
238000, 1018696, 0, 0, 0
238000, 711356, 1, 0, 0
239000, 1187305, 0, 0, 0
239000, 811208, 1, 0, 0
240000, 984859, 0, 0, 0
240002, 841969, 1, 0, 0
241000, 1022468, 0, 0, 0
241002, 618022, 1, 0, 0
242000, 1101245, 0, 0, 0
242000, 724728, 1, 0, 0
243000, 1079586, 0, 0, 0
243000, 684431, 1, 0, 0
244000, 945631, 0, 0, 0
244000, 824183, 1, 0, 0
245000, 633093, 1, 0, 0
245000, 1055135, 0, 0, 0
246000, 1064940, 0, 0, 0
246000, 571296, 1, 0, 0
247000, 1046420, 0, 0, 0
247000, 569616, 1, 0, 0
248000, 1029419, 0, 0, 0
248000, 713841, 1, 0, 0
249000, 745085, 1, 0, 0
249000, 1039418, 0, 0, 0
250000, 1072263, 0, 0, 0
250000, 988419, 1, 0, 0
251000, 1017264, 0, 0, 0
251000, 841233, 1, 0, 0
252000, 1059402, 0, 0, 0
252000, 911515, 1, 0, 0
253000, 1019772, 0, 0, 0
253002, 881445, 1, 0, 0
254000, 537734, 1, 0, 0
254000, 1050216, 0, 0, 0
255000, 978843, 0, 0, 0
255000, 772250, 1, 0, 0
256000, 625573, 1, 0, 0
256000, 996302, 0, 0, 0
257000, 542442, 1, 0, 0
257000, 990686, 0, 0, 0
258000, 1030136, 0, 0, 0
258000, 574500, 1, 0, 0
259000, 562173, 1, 0, 0
259000, 1011800, 0, 0, 0
260000, 460396, 1, 0, 0
260002, 1067261, 0, 0, 0
261000, 1115690, 0, 0, 0
261000, 644954, 1, 0, 0
262000, 954181, 0, 0, 0
262000, 591035, 1, 0, 0
263007, 292487, 1, 0, 0
263008, 1079262, 0, 0, 0
264000, 1001573, 0, 0, 0
264002, 641605, 1, 0, 0
265000, 1117436, 0, 0, 0
265000, 507152, 1, 0, 0
266000, 985223, 0, 0, 0
266001, 658532, 1, 0, 0
267000, 1036262, 0, 0, 0
267000, 476062, 1, 0, 0
268000, 480976, 1, 0, 0
268000, 1127418, 0, 0, 0
269000, 1079216, 0, 0, 0
269000, 522563, 1, 0, 0
270000, 1012530, 0, 0, 0
270000, 794088, 1, 0, 0
271002, 737256, 1, 0, 0
271003, 1076347, 0, 0, 0
272000, 864226, 1, 0, 0
272000, 1059113, 0, 0, 0
273000, 989953, 0, 0, 0
273000, 944148, 1, 0, 0
274000, 954334, 0, 0, 0
274006, 1079738, 1, 0, 0
275000, 1072486, 0, 0, 0
275000, 809513, 1, 0, 0
276001, 732322, 1, 0, 0
276001, 1048830, 0, 0, 0
277000, 731337, 1, 0, 0
277000, 1099761, 0, 0, 0
278000, 1027220, 0, 0, 0
278000, 938379, 1, 0, 0
279000, 1070609, 0, 0, 0
279000, 728258, 1, 0, 0
280000, 1062783, 0, 0, 0
280003, 711733, 1, 0, 0
281000, 1100771, 0, 0, 0
281000, 808936, 1, 0, 0
282000, 1052546, 1, 0, 0
282000, 1095601, 0, 0, 0
283000, 1063589, 0, 0, 0
283000, 779925, 1, 0, 0
284000, 818369, 1, 0, 0
284000, 1184168, 0, 0, 0
285000, 846111, 1, 0, 0
285000, 1132935, 0, 0, 0
286000, 975147, 0, 0, 0
286005, 1005515, 1, 0, 0
287001, 1114848, 0, 0, 0
287003, 845913, 1, 0, 0
288003, 789381, 1, 0, 0
288004, 1088410, 0, 0, 0
289000, 965905, 0, 0, 0
289000, 878920, 1, 0, 0
290000, 1042719, 0, 0, 0
290000, 857491, 1, 0, 0
291000, 858406, 1, 0, 0
291000, 1028907, 0, 0, 0
292001, 998141, 0, 0, 0
292003, 822374, 1, 0, 0
293000, 1112916, 0, 0, 0
293000, 759748, 1, 0, 0
294000, 1249007, 1, 0, 0
294000, 986712, 0, 0, 0
295000, 792914, 1, 0, 0
295000, 1043161, 0, 0, 0
296001, 948139, 1, 0, 0
296002, 1058687, 0, 0, 0
297000, 1023563, 0, 0, 0
297000, 988141, 1, 0, 0
298000, 976144, 0, 0, 0
298005, 998074, 1, 0, 0
299000, 1113098, 0, 0, 0
299002, 770502, 1, 0, 0
300005, 880017, 1, 0, 0
300006, 1050267, 0, 0, 0
301000, 1019133, 0, 0, 0
301000, 910157, 1, 0, 0
302029, 1031250, 0, 0, 0
302029, 822293, 1, 0, 0
303000, 1095694, 0, 0, 0
303000, 891601, 1, 0, 0
304000, 997571, 0, 0, 0
304005, 909284, 1, 0, 0
305000, 1016525, 0, 0, 0
305000, 875865, 1, 0, 0
306000, 1165138, 0, 0, 0
306000, 1253910, 1, 0, 0
307000, 1029403, 0, 0, 0
307000, 1043697, 1, 0, 0
308000, 996964, 0, 0, 0
308000, 990610, 1, 0, 0
309000, 1034370, 1, 0, 0
309000, 1083818, 0, 0, 0
310001, 1030077, 1, 0, 0
310002, 1030478, 0, 0, 0
311002, 988958, 1, 0, 0
311003, 1009527, 0, 0, 0
312000, 1071001, 0, 0, 0
312000, 1032153, 1, 0, 0
313000, 985186, 0, 0, 0
313002, 1073118, 1, 0, 0
314000, 894537, 1, 0, 0
314000, 1025620, 0, 0, 0
315003, 923919, 1, 0, 0
315004, 1094721, 0, 0, 0
316000, 1023698, 0, 0, 0
316000, 964433, 1, 0, 0
317000, 1032166, 0, 0, 0
317000, 828888, 1, 0, 0
318000, 1129347, 0, 0, 0
318000, 887098, 1, 0, 0
319000, 1138949, 0, 0, 0
319003, 1108716, 1, 0, 0
320001, 1045633, 1, 0, 0
320001, 954609, 0, 0, 0
321000, 1018590, 1, 0, 0
321000, 1032038, 0, 0, 0
322000, 1009901, 0, 0, 0
322008, 1005417, 1, 0, 0
323000, 981488, 1, 0, 0
323000, 952075, 0, 0, 0
324000, 850757, 1, 0, 0
324000, 1077099, 0, 0, 0
325000, 1073576, 0, 0, 0
325001, 808256, 1, 0, 0
326000, 1030572, 0, 0, 0
326000, 787100, 1, 0, 0
327000, 1041182, 0, 0, 0
327004, 982111, 1, 0, 0
328000, 1059955, 0, 0, 0
328000, 684889, 1, 0, 0
329000, 956447, 0, 0, 0
329006, 823131, 1, 0, 0
330000, 1076380, 0, 0, 0
330000, 767175, 1, 0, 0
331000, 1119746, 0, 0, 0
331006, 1002157, 1, 0, 0
332000, 969626, 0, 0, 0
332000, 918359, 1, 0, 0
333000, 1094825, 0, 0, 0
333000, 757485, 1, 0, 0
334002, 821075, 1, 0, 0
334003, 1049391, 0, 0, 0
335000, 979852, 0, 0, 0
335000, 986397, 1, 0, 0
336000, 1052828, 0, 0, 0
336003, 866960, 1, 0, 0
337000, 1120691, 0, 0, 0
337003, 852450, 1, 0, 0
338002, 938024, 1, 0, 0
338002, 997115, 0, 0, 0
339003, 946745, 1, 0, 0
339004, 987584, 0, 0, 0
340000, 1094880, 0, 0, 0
340000, 757056, 1, 0, 0
341002, 811909, 1, 0, 0
341003, 1010292, 0, 0, 0
342002, 916296, 1, 0, 0
342003, 966743, 0, 0, 0
343000, 1144581, 0, 0, 0
343006, 1053389, 1, 0, 0
344000, 1019957, 0, 0, 0
344000, 881221, 1, 0, 0
345000, 969423, 0, 0, 0
345000, 894128, 1, 0, 0
346000, 1065810, 0, 0, 0
346007, 872242, 1, 0, 0
347000, 816012, 1, 0, 0
347000, 1066593, 0, 0, 0
348000, 1040036, 0, 0, 0
348000, 775660, 1, 0, 0
349001, 773347, 1, 0, 0
349002, 1112736, 0, 0, 0
350000, 1019884, 0, 0, 0
350000, 878693, 1, 0, 0
351001, 867784, 1, 0, 0
351001, 980606, 0, 0, 0
352003, 843019, 1, 0, 0
352003, 1090206, 0, 0, 0
353003, 890529, 1, 0, 0
353003, 1011687, 0, 0, 0
354000, 933429, 1, 0, 0
354000, 1061031, 0, 0, 0
355000, 1077128, 0, 0, 0
355004, 999205, 1, 0, 0
356000, 1053544, 0, 0, 0
356006, 915243, 1, 0, 0
357000, 957165, 1, 0, 0
357000, 992799, 0, 0, 0
358000, 1022291, 0, 0, 0
358000, 1039163, 1, 0, 0
359000, 1014034, 0, 0, 0
359000, 986955, 1, 0, 0
360005, 965414, 1, 0, 0
360006, 986510, 0, 0, 0
361000, 1006249, 0, 0, 0
361004, 1009221, 1, 0, 0
362000, 1067950, 0, 0, 0
362010, 907037, 1, 0, 0
363000, 997960, 0, 0, 0
363000, 1018370, 1, 0, 0
364000, 788210, 1, 0, 0
364000, 1092894, 0, 0, 0
365000, 982632, 0, 0, 0
365000, 885713, 1, 0, 0
366000, 972883, 0, 0, 0
366000, 855868, 1, 0, 0
367000, 1084337, 0, 0, 0
367000, 901457, 1, 0, 0
368000, 1019070, 0, 0, 0
368000, 830269, 1, 0, 0
369000, 1035734, 0, 0, 0
369002, 909506, 1, 0, 0
370000, 944653, 1, 0, 0
370000, 1047955, 0, 0, 0
371000, 1053567, 0, 0, 0
371000, 1061077, 1, 0, 0
372000, 1018881, 0, 0, 0
372000, 1028656, 1, 0, 0
373001, 1027939, 1, 0, 0
373002, 972032, 0, 0, 0
374000, 1115536, 0, 0, 0
374000, 899462, 1, 0, 0
375000, 910276, 1, 0, 0
375000, 1045671, 0, 0, 0
376001, 965125, 1, 0, 0
376001, 964171, 0, 0, 0
377000, 1090690, 0, 0, 0
377000, 871391, 1, 0, 0
378000, 802832, 1, 0, 0
378000, 1049663, 0, 0, 0
379000, 1037234, 0, 0, 0
379007, 1083608, 1, 0, 0
380001, 884619, 1, 0, 0
380001, 1098992, 0, 0, 0
381000, 1028521, 0, 0, 0
381000, 980711, 1, 0, 0
382000, 1010397, 1, 0, 0
382000, 991650, 0, 0, 0
383004, 1298438, 1, 0, 0
383005, 1300719, 0, 0, 0
384000, 1495283, 1, 0, 0
384000, 1228946, 0, 0, 0
385000, 1405413, 1, 0, 0
385000, 1253458, 0, 0, 0
386000, 1245366, 0, 0, 0
386007, 1313857, 1, 0, 0
387000, 1265083, 0, 0, 0
387005, 1281041, 1, 0, 0
388003, 1757084, 1, 0, 0
388004, 1122582, 0, 0, 0
389000, 1296625, 1, 0, 0
389001, 1199593, 0, 0, 0
390000, 1114222, 1, 0, 0
390000, 1072797, 0, 0, 0
391000, 1076745, 0, 0, 0
391000, 990494, 1, 0, 0
392000, 1023935, 0, 0, 0
392000, 948790, 1, 0, 0
393000, 1108531, 0, 0, 0
393000, 1080448, 1, 0, 0
394001, 1027643, 1, 0, 0
394001, 1069178, 0, 0, 0
395000, 1037787, 0, 0, 0
395005, 975468, 1, 0, 0
396000, 1040252, 0, 0, 0
396000, 951526, 1, 0, 0
397000, 1105559, 0, 0, 0
397000, 1039271, 1, 0, 0
398001, 889762, 1, 0, 0
398002, 1107025, 0, 0, 0
399000, 1064334, 0, 0, 0
399005, 849929, 1, 0, 0
400000, 1092033, 0, 0, 0
400004, 930417, 1, 0, 0
401000, 971589, 1, 0, 0
401000, 999195, 0, 0, 0
402000, 1004788, 0, 0, 0
402000, 845690, 1, 0, 0
403000, 1043618, 0, 0, 0
403000, 1057344, 1, 0, 0
404000, 1020453, 0, 0, 0
404000, 973479, 1, 0, 0
405001, 937767, 1, 0, 0
405003, 1029188, 0, 0, 0
406003, 1184420, 1, 0, 0
406003, 1121700, 0, 0, 0
407003, 1105367, 1, 0, 0
407003, 1022632, 0, 0, 0
408000, 1044424, 1, 0, 0
408000, 997270, 0, 0, 0
409000, 1007598, 1, 0, 0
409000, 1154725, 0, 0, 0
410000, 1142385, 0, 0, 0
410000, 984002, 1, 0, 0
411000, 941698, 1, 0, 0
411000, 1092370, 0, 0, 0
412000, 1093470, 0, 0, 0
412000, 1065482, 1, 0, 0
413000, 1018501, 0, 0, 0
413007, 1078101, 1, 0, 0
414001, 1031215, 1, 0, 0
414001, 975339, 0, 0, 0
415000, 867890, 1, 0, 0
415000, 1083235, 0, 0, 0
416000, 677473, 1, 0, 0
416000, 1013057, 0, 0, 0
417000, 445764, 1, 0, 0
417000, 995120, 0, 0, 0
418022, 998468, 0, 0, 0
418026, 701648, 1, 0, 0
419000, 1079343, 0, 0, 0
419000, 378385, 1, 0, 0
420000, 1046714, 0, 0, 0
420000, 367789, 1, 0, 0
421000, 433721, 1, 0, 0
421000, 995689, 0, 0, 0
422000, 1119656, 0, 0, 0
422005, 677218, 1, 0, 0
423000, 859621, 1, 0, 0
423000, 1064150, 0, 0, 0
424000, 1081980, 0, 0, 0
424000, 718931, 1, 0, 0
425000, 1232896, 0, 0, 0
425000, 1095091, 1, 0, 0
426000, 2349354, 1, 0, 0
426000, 1243098, 0, 0, 0
427002, 1327700, 1, 0, 0
427002, 1227800, 0, 0, 0
428000, 1236611, 0, 0, 0
428000, 1367491, 1, 0, 0
429000, 1327930, 0, 0, 0
429009, 1360927, 1, 0, 0
430002, 2047895, 1, 0, 0
430003, 1318415, 0, 0, 0
431000, 1195606, 0, 0, 0
431000, 1581660, 1, 0, 0
432000, 1135775, 0, 0, 0
432003, 1258854, 1, 0, 0
433000, 1087920, 0, 0, 0
433000, 919472, 1, 0, 0
434000, 1014802, 0, 0, 0
434000, 926359, 1, 0, 0
435001, 979899, 1, 0, 0
435002, 936084, 0, 0, 0
436000, 1111902, 0, 0, 0
436000, 845002, 1, 0, 0
437000, 1067094, 0, 0, 0
437000, 793879, 1, 0, 0
438000, 1024936, 0, 0, 0
438000, 826941, 1, 0, 0
439000, 1127388, 0, 0, 0
439000, 803674, 1, 0, 0
440000, 1067214, 0, 0, 0
440004, 730357, 1, 0, 0
441000, 1027177, 0, 0, 0
441000, 717590, 1, 0, 0
442005, 845467, 1, 0, 0
442007, 1112748, 0, 0, 0
443000, 1110976, 0, 0, 0
443000, 1006209, 1, 0, 0
444000, 993827, 0, 0, 0
444000, 871093, 1, 0, 0
445000, 1097704, 0, 0, 0
445000, 992056, 1, 0, 0
446003, 1067126, 1, 0, 0
446004, 1025343, 0, 0, 0
447000, 941507, 1, 0, 0
447000, 1032457, 0, 0, 0
448000, 1151554, 0, 0, 0
448006, 869954, 1, 0, 0
449000, 1019895, 1, 0, 0
449000, 1024642, 0, 0, 0
450000, 1002999, 0, 0, 0
450002, 957918, 1, 0, 0
451000, 928432, 1, 0, 0
451000, 1102128, 0, 0, 0
452003, 1004601, 1, 0, 0
452004, 1025087, 0, 0, 0
453000, 992965, 0, 0, 0
453000, 1049144, 1, 0, 0
454003, 956945, 1, 0, 0
454004, 1075122, 0, 0, 0
455000, 1121848, 1, 0, 0
455000, 1130553, 0, 0, 0
456000, 1054625, 0, 0, 0
456004, 882717, 1, 0, 0
457000, 866431, 1, 0, 0
457000, 1111974, 0, 0, 0
458000, 1047485, 0, 0, 0
458000, 1020985, 1, 0, 0
459000, 1025971, 0, 0, 0
459000, 921754, 1, 0, 0
460000, 1095497, 0, 0, 0
460003, 798451, 1, 0, 0
461000, 667773, 1, 0, 0
461001, 1074852, 0, 0, 0
462002, 691124, 1, 0, 0
462003, 987680, 0, 0, 0
463000, 991224, 0, 0, 0
463000, 710426, 1, 0, 0
464000, 1097568, 0, 0, 0
464000, 736049, 1, 0, 0
465000, 942226, 1, 0, 0
465000, 1011859, 0, 0, 0
466000, 770811, 1, 0, 0
466000, 919984, 0, 0, 0
467000, 642347, 0, 0, 0
467000, 346715, 1, 0, 0
468000, 607982, 0, 0, 0
468000, 352817, 1, 0, 0
469000, 353028, 1, 0, 0
469000, 610060, 0, 0, 0
470000, 593166, 0, 0, 0
470000, 368562, 1, 0, 0
471000, 367010, 1, 0, 0
471000, 594664, 0, 0, 0
472000, 357909, 1, 0, 0
472000, 604107, 0, 0, 0
473000, 1050434, 0, 0, 0
473000, 739625, 1, 0, 0
474000, 1024784, 0, 0, 0
474000, 735628, 1, 0, 0
475000, 999247, 0, 0, 0
475000, 746858, 1, 0, 0
476000, 721996, 1, 0, 0
476001, 1070323, 0, 0, 0
477000, 1063383, 0, 0, 0
477000, 707332, 1, 0, 0
478000, 651650, 1, 0, 0
478000, 1054791, 0, 0, 0
479002, 715827, 1, 0, 0
479003, 1066260, 0, 0, 0
480000, 697468, 1, 0, 0
480003, 1064489, 0, 0, 0
480003, 4632719, 0, 0, 0
480003, 3846195, 1, 0, 0
