1004, 602390, 1, 0, 0
1004, 962484, 0, 0, 0
2000, 987915, 0, 0, 0
2000, 562126, 1, 0, 0
3000, 1149561, 0, 0, 0
3000, 567382, 1, 0, 0
4000, 373369, 1, 0, 0
4000, 1092666, 0, 0, 0
5000, 397942, 1, 0, 0
5001, 1067756, 0, 0, 0
6000, 1143121, 0, 0, 0
6000, 508044, 1, 0, 0
7000, 613333, 1, 0, 0
7001, 1083238, 0, 0, 0
8000, 625874, 1, 0, 0
8000, 1013341, 0, 0, 0
9000, 305229, 1, 0, 0
9000, 1010808, 0, 0, 0
10000, 155559, 1, 0, 0
10000, 999975, 0, 0, 0
11000, 996700, 0, 0, 0
11002, 155329, 1, 0, 0
12000, 166844, 1, 0, 0
12000, 1028288, 0, 0, 0
13000, 723036, 1, 0, 0
13000, 1091570, 0, 0, 0
14000, 1038587, 0, 0, 0
14000, 801486, 1, 0, 0
15000, 1015857, 0, 0, 0
15000, 647278, 1, 0, 0
16000, 1222033, 0, 0, 0
16008, 623206, 1, 0, 0
17000, 1287517, 0, 0, 0
17006, 1024825, 1, 0, 0
18000, 1237672, 0, 0, 0
18000, 1249476, 1, 0, 0
19004, 1104597, 1, 0, 0
19005, 1433931, 0, 0, 0
20000, 1726712, 0, 0, 0
20000, 935903, 1, 0, 0
21000, 445006, 1, 0, 0
21000, 1652377, 0, 0, 0
22000, 142212, 1, 0, 0
22000, 1686599, 0, 0, 0
23000, 233154, 1, 0, 0
23000, 1279818, 0, 0, 0
24000, 332911, 1, 0, 0
24000, 604926, 0, 0, 0
25000, 334500, 1, 0, 0
25000, 602574, 0, 0, 0
26000, 336462, 1, 0, 0
26000, 600461, 0, 0, 0
27000, 584939, 0, 0, 0
27000, 350006, 1, 0, 0
28000, 345971, 1, 0, 0
28000, 589320, 0, 0, 0
29000, 706181, 0, 0, 0
29000, 342164, 1, 0, 0
30000, 269914, 1, 0, 0
30000, 1060104, 0, 0, 0
31000, 1045951, 0, 0, 0
31002, 256382, 1, 0, 0
32000, 218116, 1, 0, 0
32000, 1017771, 0, 0, 0
33000, 200700, 1, 0, 0
33000, 920826, 0, 0, 0
34000, 224905, 1, 0, 0
34000, 927785, 0, 0, 0
35000, 860664, 0, 0, 0
35000, 224803, 1, 0, 0
36000, 869561, 0, 0, 0
36000, 212794, 1, 0, 0
37000, 1007807, 0, 0, 0
37000, 162236, 1, 0, 0
38000, 943158, 0, 0, 0
38000, 170300, 1, 0, 0
39000, 1087131, 0, 0, 0
39000, 540823, 1, 0, 0
40000, 740736, 1, 0, 0
40000, 1023790, 0, 0, 0
41000, 692511, 1, 0, 0
41001, 1000756, 0, 0, 0
42000, 1107185, 0, 0, 0
42000, 745965, 1, 0, 0
43000, 1019741, 0, 0, 0
43002, 968514, 1, 0, 0
44000, 903656, 1, 0, 0
44000, 1044520, 0, 0, 0
45000, 1142217, 0, 0, 0
45000, 889689, 1, 0, 0
46000, 1040855, 0, 0, 0
46000, 973948, 1, 0, 0
47000, 1151901, 0, 0, 0
47001, 1160790, 1, 0, 0
48000, 1163582, 0, 0, 0
48004, 901841, 1, 0, 0
49000, 1027951, 0, 0, 0
49006, 1024956, 1, 0, 0
50000, 1041447, 1, 0, 0
50001, 993763, 0, 0, 0
51000, 832948, 0, 0, 0
51000, 710889, 1, 0, 0
52000, 337204, 1, 0, 0
52000, 599180, 0, 0, 0
53000, 347736, 1, 0, 0
53000, 586635, 0, 0, 0
54000, 591170, 0, 0, 0
54000, 345025, 1, 0, 0
55000, 333029, 1, 0, 0
55000, 635216, 0, 0, 0
56000, 333208, 1, 0, 0
56000, 602401, 0, 0, 0
57000, 333812, 1, 0, 0
57000, 603702, 0, 0, 0
58000, 601773, 0, 0, 0
58000, 334773, 1, 0, 0
59000, 351587, 1, 0, 0
59000, 581125, 0, 0, 0
60000, 586425, 0, 0, 0
60000, 348466, 1, 0, 0
61000, 631316, 0, 0, 0
61000, 333613, 1, 0, 0
62000, 601620, 0, 0, 0
62000, 335246, 1, 0, 0
63000, 334514, 1, 0, 0
63000, 604983, 0, 0, 0
64000, 340957, 1, 0, 0
64000, 593264, 0, 0, 0
65000, 584944, 0, 0, 0
65000, 350811, 1, 0, 0
66000, 587862, 0, 0, 0
66000, 346715, 1, 0, 0
67000, 324952, 1, 0, 0
67000, 647797, 0, 0, 0
68000, 602948, 0, 0, 0
68000, 335686, 1, 0, 0
69000, 605927, 0, 0, 0
69000, 332806, 1, 0, 0
70000, 595199, 0, 0, 0
70000, 344082, 1, 0, 0
71000, 585651, 0, 0, 0
71000, 348647, 1, 0, 0
72000, 588654, 0, 0, 0
72000, 346313, 1, 0, 0
73000, 960157, 0, 0, 0
73002, 412629, 1, 0, 0
74000, 497717, 1, 0, 0
74000, 1027694, 0, 0, 0
75000, 1025112, 0, 0, 0
75000, 449454, 1, 0, 0
76000, 488291, 1, 0, 0
76000, 1081375, 0, 0, 0
77000, 1055358, 0, 0, 0
77000, 486098, 1, 0, 0
78000, 572757, 1, 0, 0
78000, 1027290, 0, 0, 0
79000, 592451, 1, 0, 0
79000, 1037188, 0, 0, 0
80000, 252576, 1, 0, 0
80000, 1155127, 0, 0, 0
81000, 1012234, 0, 0, 0
81000, 356415, 1, 0, 0
82000, 435039, 1, 0, 0
82000, 1055366, 0, 0, 0
83000, 324888, 1, 0, 0
83000, 1114791, 0, 0, 0
84000, 383277, 1, 0, 0
84000, 1022892, 0, 0, 0
85001, 357990, 1, 0, 0
85001, 1002820, 0, 0, 0
86002, 669581, 1, 0, 0
86003, 1111625, 0, 0, 0
87000, 1075112, 0, 0, 0
87005, 982604, 1, 0, 0
88000, 914685, 0, 0, 0
88000, 748307, 1, 0, 0
89000, 346377, 1, 0, 0
89000, 588206, 0, 0, 0
90000, 341684, 1, 0, 0
90000, 595688, 0, 0, 0
91000, 636918, 0, 0, 0
91000, 329326, 1, 0, 0
92000, 333990, 1, 0, 0
92000, 603340, 0, 0, 0
93000, 334961, 1, 0, 0
93000, 600648, 0, 0, 0
94000, 352362, 1, 0, 0
94000, 581599, 0, 0, 0
95000, 344986, 1, 0, 0
95000, 590107, 0, 0, 0
96000, 594247, 0, 0, 0
96000, 341562, 1, 0, 0
97000, 843181, 0, 0, 0
97000, 236012, 1, 0, 0
98000, 246466, 1, 0, 0
98000, 794339, 0, 0, 0
99000, 845613, 0, 0, 0
99000, 244107, 1, 0, 0
100000, 254496, 1, 0, 0
100000, 806498, 0, 0, 0
101000, 797570, 0, 0, 0
101000, 253272, 1, 0, 0
102000, 796281, 0, 0, 0
102000, 249468, 1, 0, 0
103000, 843239, 0, 0, 0
103000, 235837, 1, 0, 0
104000, 806535, 0, 0, 0
104000, 247033, 1, 0, 0
105000, 191530, 1, 0, 0
105000, 929850, 0, 0, 0
106000, 1015760, 0, 0, 0
106000, 183198, 1, 0, 0
107000, 177858, 1, 0, 0
107000, 965566, 0, 0, 0
108000, 190334, 1, 0, 0
108000, 922674, 0, 0, 0
109000, 908484, 0, 0, 0
109000, 200716, 1, 0, 0
110000, 178223, 1, 0, 0
110000, 1099998, 0, 0, 0
111000, 1103401, 0, 0, 0
111000, 180635, 1, 0, 0
112000, 139760, 1, 0, 0
112000, 1071980, 0, 0, 0
113000, 139514, 1, 0, 0
113000, 1066432, 0, 0, 0
114000, 501999, 1, 0, 0
114001, 1087827, 0, 0, 0
115000, 1016445, 0, 0, 0
115003, 571484, 1, 0, 0
116000, 792906, 0, 0, 0
116000, 463639, 1, 0, 0
117000, 589983, 0, 0, 0
117000, 345346, 1, 0, 0
118000, 323251, 1, 0, 0
118000, 646305, 0, 0, 0
119000, 604103, 0, 0, 0
119000, 333940, 1, 0, 0
120000, 605807, 0, 0, 0
120000, 332640, 1, 0, 0
121000, 343192, 1, 0, 0
121000, 593210, 0, 0, 0
122000, 343947, 1, 0, 0
122000, 588764, 0, 0, 0
123000, 594743, 0, 0, 0
123000, 340567, 1, 0, 0
124000, 937087, 0, 0, 0
124000, 203895, 1, 0, 0
125000, 145210, 1, 0, 0
125000, 1091681, 0, 0, 0
126000, 1038181, 0, 0, 0
126000, 156457, 1, 0, 0
127000, 1007797, 0, 0, 0
127000, 144757, 1, 0, 0
128000, 153507, 1, 0, 0
128000, 1057893, 0, 0, 0
129000, 196585, 1, 0, 0
129000, 998465, 0, 0, 0
130000, 1007573, 0, 0, 0
130000, 149760, 1, 0, 0
131000, 1059931, 0, 0, 0
131000, 262799, 1, 0, 0
132000, 1093055, 0, 0, 0
132000, 721351, 1, 0, 0
133000, 1039045, 0, 0, 0
133000, 985050, 1, 0, 0
134000, 962890, 1, 0, 0
134000, 988632, 0, 0, 0
135000, 1010143, 1, 0, 0
135000, 1102982, 0, 0, 0
136000, 1034608, 0, 0, 0
136000, 1038042, 1, 0, 0
137000, 928081, 1, 0, 0
137000, 1064959, 0, 0, 0
138000, 1148562, 0, 0, 0
138000, 956254, 1, 0, 0
139000, 1015587, 0, 0, 0
139000, 928585, 1, 0, 0
140000, 615081, 0, 0, 0
140000, 333689, 1, 0, 0
141000, 337253, 1, 0, 0
141000, 625127, 0, 0, 0
142000, 332199, 1, 0, 0
142000, 604754, 0, 0, 0
143000, 602653, 0, 0, 0
143000, 333606, 1, 0, 0
144000, 599227, 0, 0, 0
144000, 336964, 1, 0, 0
145000, 349394, 1, 0, 0
145000, 586153, 0, 0, 0
146000, 344478, 1, 0, 0
146000, 588213, 0, 0, 0
147000, 686661, 0, 0, 0
147000, 311438, 1, 0, 0
148000, 833290, 0, 0, 0
148000, 235383, 1, 0, 0
149000, 239625, 1, 0, 0
149000, 834654, 0, 0, 0
150000, 832784, 0, 0, 0
150000, 224393, 1, 0, 0
151000, 878664, 0, 0, 0
151000, 231703, 1, 0, 0
152000, 233091, 1, 0, 0
152000, 839604, 0, 0, 0
153000, 233115, 1, 0, 0
153000, 841025, 0, 0, 0
154000, 208440, 1, 0, 0
154000, 937658, 0, 0, 0
155000, 895969, 0, 0, 0
155000, 202612, 1, 0, 0
156000, 977121, 0, 0, 0
156000, 186157, 1, 0, 0
157000, 189485, 1, 0, 0
157000, 924457, 0, 0, 0
158000, 351734, 1, 0, 0
158000, 1027115, 0, 0, 0
159000, 1032079, 0, 0, 0
159000, 438211, 1, 0, 0
160000, 1098147, 0, 0, 0
160000, 215925, 1, 0, 0
161000, 943212, 0, 0, 0
161000, 189226, 1, 0, 0
162000, 1001112, 0, 0, 0
162000, 174446, 1, 0, 0
163000, 922720, 0, 0, 0
163000, 183429, 1, 0, 0
164000, 1022135, 0, 0, 0
164000, 179993, 1, 0, 0
165000, 205895, 1, 0, 0
165000, 1089802, 0, 0, 0
166000, 1066054, 0, 0, 0
166008, 583875, 1, 0, 0
167000, 958355, 1, 0, 0
167000, 1126116, 0, 0, 0
168000, 1024509, 0, 0, 0
168000, 158297, 1, 0, 0
169000, 842732, 0, 0, 0
169000, 240236, 1, 0, 0
170000, 232554, 1, 0, 0
170000, 867819, 0, 0, 0
171000, 247481, 1, 0, 0
171000, 777072, 0, 0, 0
172000, 245808, 1, 0, 0
172000, 789003, 0, 0, 0
173000, 772470, 0, 0, 0
173000, 260792, 1, 0, 0
174000, 937743, 0, 0, 0
174000, 209633, 1, 0, 0
175000, 823360, 0, 0, 0
175000, 253211, 1, 0, 0
176000, 636240, 0, 0, 0
176000, 332618, 1, 0, 0
177000, 335633, 1, 0, 0
177000, 601422, 0, 0, 0
178000, 606380, 0, 0, 0
178000, 332566, 1, 0, 0
179000, 340338, 1, 0, 0
179000, 597515, 0, 0, 0
180000, 588171, 0, 0, 0
180000, 347198, 1, 0, 0
181000, 592956, 0, 0, 0
181000, 340407, 1, 0, 0
182000, 271323, 1, 0, 0
182000, 773569, 0, 0, 0
183000, 199705, 1, 0, 0
183000, 899173, 0, 0, 0
184000, 215059, 1, 0, 0
184000, 870305, 0, 0, 0
185000, 869478, 0, 0, 0
185000, 208342, 1, 0, 0
186000, 895642, 0, 0, 0
186000, 232706, 1, 0, 0
187000, 226627, 1, 0, 0
187000, 871025, 0, 0, 0
188000, 863612, 0, 0, 0
188000, 227934, 1, 0, 0
189000, 169466, 1, 0, 0
189000, 1001651, 0, 0, 0
190000, 1016771, 0, 0, 0
190000, 155077, 1, 0, 0
191000, 1112374, 0, 0, 0
191000, 149953, 1, 0, 0
192000, 147785, 1, 0, 0
192000, 1074239, 0, 0, 0
193001, 610017, 1, 0, 0
193002, 1009028, 0, 0, 0
194000, 952728, 1, 0, 0
194000, 1075935, 0, 0, 0
195001, 1010847, 0, 0, 0
195005, 971467, 1, 0, 0
196000, 974665, 0, 0, 0
196007, 973409, 1, 0, 0
197000, 1046989, 0, 0, 0
197000, 512634, 1, 0, 0
198000, 199078, 1, 0, 0
198000, 937663, 0, 0, 0
199000, 792667, 0, 0, 0
199000, 246911, 1, 0, 0
200000, 789826, 0, 0, 0
200000, 242905, 1, 0, 0
201000, 761350, 0, 0, 0
201000, 253152, 1, 0, 0
202000, 756321, 0, 0, 0
202000, 265456, 1, 0, 0
203000, 759120, 0, 0, 0
203000, 259995, 1, 0, 0
204000, 251146, 1, 0, 0
204000, 818962, 0, 0, 0
205000, 245048, 1, 0, 0
205000, 887475, 0, 0, 0
206000, 842393, 0, 0, 0
206000, 238464, 1, 0, 0
207000, 232489, 1, 0, 0
207000, 834267, 0, 0, 0
208000, 811424, 0, 0, 0
208000, 237735, 1, 0, 0
209000, 242779, 1, 0, 0
209000, 812580, 0, 0, 0
210000, 239871, 1, 0, 0
210000, 821134, 0, 0, 0
211000, 922488, 0, 0, 0
211000, 233147, 1, 0, 0
212000, 202603, 1, 0, 0
212000, 901712, 0, 0, 0
213000, 199469, 1, 0, 0
213000, 906682, 0, 0, 0
214000, 878264, 0, 0, 0
214000, 205486, 1, 0, 0
215000, 171057, 1, 0, 0
215000, 1020798, 0, 0, 0
216000, 940898, 0, 0, 0
216000, 201014, 1, 0, 0
217000, 199704, 1, 0, 0
217000, 904985, 0, 0, 0
218000, 238015, 1, 0, 0
218000, 876944, 0, 0, 0
219000, 608799, 0, 0, 0
219000, 329968, 1, 0, 0
220000, 603288, 0, 0, 0
220000, 334174, 1, 0, 0
221000, 336391, 1, 0, 0
221000, 599555, 0, 0, 0
222000, 348075, 1, 0, 0
222000, 585289, 0, 0, 0
223000, 592305, 0, 0, 0
223000, 340219, 1, 0, 0
224000, 685972, 0, 0, 0
224000, 308753, 1, 0, 0
225000, 777291, 0, 0, 0
225000, 269614, 1, 0, 0
226000, 791476, 0, 0, 0
226000, 244635, 1, 0, 0
227000, 247077, 1, 0, 0
227000, 794078, 0, 0, 0
228000, 824355, 0, 0, 0
228000, 259271, 1, 0, 0
229000, 787911, 0, 0, 0
229000, 254119, 1, 0, 0
230000, 801589, 0, 0, 0
230000, 247585, 1, 0, 0
231000, 1038788, 0, 0, 0
231002, 563963, 1, 0, 0
232000, 1058205, 0, 0, 0
232000, 965094, 1, 0, 0
233000, 1079943, 0, 0, 0
233004, 879888, 1, 0, 0
234000, 997425, 0, 0, 0
234000, 948834, 1, 0, 0
235000, 998592, 0, 0, 0
235008, 914827, 1, 0, 0
236000, 1116922, 0, 0, 0
236000, 435894, 1, 0, 0
237000, 403586, 1, 0, 0
237000, 1052782, 0, 0, 0
238000, 1040611, 0, 0, 0
238002, 377465, 1, 0, 0
239000, 343281, 1, 0, 0
239000, 597350, 0, 0, 0
240000, 327829, 1, 0, 0
240000, 637561, 0, 0, 0
241000, 329047, 1, 0, 0
241000, 611619, 0, 0, 0
242000, 605776, 0, 0, 0
242000, 330048, 1, 0, 0
243000, 339557, 1, 0, 0
243000, 597017, 0, 0, 0
244000, 587904, 0, 0, 0
244000, 348449, 1, 0, 0
245000, 347690, 1, 0, 0
245000, 586472, 0, 0, 0
246000, 324814, 1, 0, 0
246000, 643916, 0, 0, 0
247000, 334483, 1, 0, 0
247000, 601214, 0, 0, 0
248000, 335336, 1, 0, 0
248000, 599526, 0, 0, 0
249000, 584857, 0, 0, 0
249000, 347700, 1, 0, 0
250000, 589803, 0, 0, 0
250000, 343285, 1, 0, 0
251000, 343825, 1, 0, 0
251000, 587921, 0, 0, 0
252000, 648073, 0, 0, 0
252000, 321372, 1, 0, 0
253000, 599195, 0, 0, 0
253000, 335684, 1, 0, 0
254000, 603523, 0, 0, 0
254000, 333778, 1, 0, 0
255000, 599051, 0, 0, 0
255000, 339741, 1, 0, 0
256000, 587510, 0, 0, 0
256000, 345527, 1, 0, 0
257000, 342945, 1, 0, 0
257000, 591188, 0, 0, 0
258000, 776134, 0, 0, 0
258000, 270636, 1, 0, 0
259000, 265630, 1, 0, 0
259000, 809002, 0, 0, 0
260000, 771716, 0, 0, 0
260000, 260486, 1, 0, 0
261000, 761241, 0, 0, 0
261000, 269362, 1, 0, 0
262000, 754393, 0, 0, 0
262000, 274877, 1, 0, 0
263000, 754349, 0, 0, 0
263000, 276273, 1, 0, 0
264000, 892894, 0, 0, 0
264000, 231300, 1, 0, 0
265000, 1087228, 0, 0, 0
265000, 152427, 1, 0, 0
266000, 245401, 1, 0, 0
266000, 1058797, 0, 0, 0
267000, 431635, 1, 0, 0
267000, 1017239, 0, 0, 0
268000, 990914, 0, 0, 0
268000, 424359, 1, 0, 0
269000, 1046679, 0, 0, 0
269000, 218360, 1, 0, 0
270000, 995092, 0, 0, 0
270000, 151879, 1, 0, 0
271000, 971428, 0, 0, 0
271000, 156568, 1, 0, 0
272000, 198132, 1, 0, 0
272000, 916230, 0, 0, 0
273000, 848704, 0, 0, 0
273000, 237077, 1, 0, 0
274000, 889078, 0, 0, 0
274000, 204213, 1, 0, 0
275000, 880167, 0, 0, 0
275000, 212258, 1, 0, 0
276000, 185012, 1, 0, 0
276000, 989471, 0, 0, 0
277000, 173982, 1, 0, 0
277000, 1035020, 0, 0, 0
278000, 1101097, 0, 0, 0
278000, 168125, 1, 0, 0
279000, 344330, 1, 0, 0
279000, 1158930, 0, 0, 0
280000, 1059772, 0, 0, 0
280000, 225773, 1, 0, 0
281000, 1109475, 0, 0, 0
281000, 219133, 1, 0, 0
282000, 1086511, 0, 0, 0
282000, 201418, 1, 0, 0
283000, 1057585, 0, 0, 0
283000, 479942, 1, 0, 0
284000, 1100899, 0, 0, 0
284006, 608858, 1, 0, 0
285000, 1073923, 0, 0, 0
285000, 763084, 1, 0, 0
286000, 906009, 1, 0, 0
286000, 985624, 0, 0, 0
287007, 996374, 0, 0, 0
287007, 897342, 1, 0, 0
288000, 1146185, 0, 0, 0
288000, 860608, 1, 0, 0
289001, 911656, 1, 0, 0
289004, 1104926, 0, 0, 0
290000, 494712, 1, 0, 0
290000, 1068551, 0, 0, 0
291001, 1130473, 0, 0, 0
291001, 169567, 1, 0, 0
292000, 1095465, 0, 0, 0
292000, 154740, 1, 0, 0
293000, 228729, 1, 0, 0
293000, 1012391, 0, 0, 0
294000, 263046, 1, 0, 0
294000, 1075556, 0, 0, 0
295000, 1014804, 0, 0, 0
295000, 382769, 1, 0, 0
296000, 142894, 1, 0, 0
296000, 1038592, 0, 0, 0
297000, 725847, 0, 0, 0
297000, 293966, 1, 0, 0
298000, 327776, 1, 0, 0
298000, 608050, 0, 0, 0
299000, 336663, 1, 0, 0
299000, 599619, 0, 0, 0
300000, 597559, 0, 0, 0
300000, 337617, 1, 0, 0
301000, 582729, 0, 0, 0
301000, 348645, 1, 0, 0
302000, 345228, 1, 0, 0
302000, 587490, 0, 0, 0
303000, 329662, 1, 0, 0
303000, 653753, 0, 0, 0
304000, 242409, 1, 0, 0
304000, 793114, 0, 0, 0
305000, 239752, 1, 0, 0
305000, 841578, 0, 0, 0
306000, 265578, 1, 0, 0
306000, 765313, 0, 0, 0
307000, 287434, 1, 0, 0
307000, 721064, 0, 0, 0
308000, 726439, 0, 0, 0
308000, 282563, 1, 0, 0
309000, 270580, 1, 0, 0
309000, 750357, 0, 0, 0
310000, 869620, 0, 0, 0
310000, 212163, 1, 0, 0
311000, 823948, 0, 0, 0
311000, 220810, 1, 0, 0
312000, 844873, 0, 0, 0
312000, 214535, 1, 0, 0
313000, 223815, 1, 0, 0
313000, 888901, 0, 0, 0
314000, 221066, 1, 0, 0
314000, 893900, 0, 0, 0
315000, 985111, 0, 0, 0
315000, 151571, 1, 0, 0
316000, 974987, 0, 0, 0
316000, 151722, 1, 0, 0
317000, 772068, 1, 0, 0
317000, 1190386, 0, 0, 0
318000, 910443, 1, 0, 0
318000, 1049753, 0, 0, 0
319000, 899434, 1, 0, 0
319000, 985601, 0, 0, 0
320000, 1042652, 0, 0, 0
320005, 973973, 1, 0, 0
321000, 1034748, 0, 0, 0
321000, 887541, 1, 0, 0
322000, 1040620, 0, 0, 0
322004, 809909, 1, 0, 0
323001, 842211, 1, 0, 0
323002, 1121045, 0, 0, 0
324000, 996335, 0, 0, 0
324007, 910742, 1, 0, 0
325000, 945192, 1, 0, 0
325000, 962416, 0, 0, 0
326000, 925514, 1, 0, 0
326001, 1048890, 0, 0, 0
327000, 1017569, 1, 0, 0
327000, 976940, 0, 0, 0
328000, 923131, 1, 0, 0
328000, 1009215, 0, 0, 0
329000, 988875, 1, 0, 0
329000, 1186540, 0, 0, 0
330000, 834720, 1, 0, 0
330000, 1057842, 0, 0, 0
331000, 1019058, 0, 0, 0
331004, 811949, 1, 0, 0
332001, 871085, 1, 0, 0
332002, 1052057, 0, 0, 0
333000, 1012964, 0, 0, 0
333005, 1016137, 1, 0, 0
334000, 929480, 1, 0, 0
334000, 1008443, 0, 0, 0
335000, 1032199, 1, 0, 0
335000, 959784, 0, 0, 0
336000, 1061989, 0, 0, 0
336005, 974474, 1, 0, 0
337003, 975551, 1, 0, 0
337003, 978013, 0, 0, 0
338000, 957665, 0, 0, 0
338006, 1026016, 1, 0, 0
339000, 1008878, 0, 0, 0
339008, 988477, 1, 0, 0
340000, 1018978, 0, 0, 0
340005, 722520, 1, 0, 0
341000, 763528, 1, 0, 0
341000, 1074385, 0, 0, 0
342000, 1099659, 0, 0, 0
342003, 654073, 1, 0, 0
343000, 1061570, 0, 0, 0
343000, 642552, 1, 0, 0
344000, 1018113, 0, 0, 0
344000, 822424, 1, 0, 0
345000, 1106315, 0, 0, 0
345004, 978006, 1, 0, 0
346000, 1036038, 1, 0, 0
346000, 1007936, 0, 0, 0
347000, 927282, 0, 0, 0
347005, 1106410, 1, 0, 0
348000, 1086069, 0, 0, 0
348000, 951435, 1, 0, 0
349000, 1013900, 0, 0, 0
349004, 985156, 1, 0, 0
350000, 975370, 0, 0, 0
350000, 977609, 1, 0, 0
351000, 1089929, 1, 0, 0
351000, 1016184, 0, 0, 0
352003, 1076295, 1, 0, 0
352004, 1009765, 0, 0, 0
353000, 1037619, 0, 0, 0
353000, 1012968, 1, 0, 0
354000, 1061964, 0, 0, 0
354000, 653106, 1, 0, 0
355000, 396481, 1, 0, 0
355000, 1049208, 0, 0, 0
356000, 1005111, 0, 0, 0
356000, 451638, 1, 0, 0
357000, 913278, 0, 0, 0
357000, 501431, 1, 0, 0
358000, 1100232, 0, 0, 0
358000, 280885, 1, 0, 0
359000, 1027126, 0, 0, 0
359004, 327818, 1, 0, 0
360000, 487303, 1, 0, 0
360000, 930336, 0, 0, 0
361001, 550041, 1, 0, 0
361002, 1065141, 0, 0, 0
362000, 1005624, 0, 0, 0
362000, 1069092, 1, 0, 0
363000, 1080293, 1, 0, 0
363000, 1049182, 0, 0, 0
364002, 942979, 1, 0, 0
364002, 1108476, 0, 0, 0
365000, 974381, 1, 0, 0
365000, 1048238, 0, 0, 0
366000, 1007861, 0, 0, 0
366000, 941954, 1, 0, 0
367000, 1114565, 0, 0, 0
367000, 941211, 1, 0, 0
368004, 1138447, 1, 0, 0
368004, 972417, 0, 0, 0
369002, 992317, 1, 0, 0
369004, 989734, 0, 0, 0
370000, 1015544, 1, 0, 0
370000, 1064526, 0, 0, 0
371000, 972811, 1, 0, 0
371000, 1013720, 0, 0, 0
372000, 988871, 0, 0, 0
372000, 972509, 1, 0, 0
373000, 1077519, 0, 0, 0
373000, 962045, 1, 0, 0
374000, 1106906, 0, 0, 0
374000, 987050, 1, 0, 0
375000, 1166527, 0, 0, 0
375004, 1118469, 1, 0, 0
376003, 1005564, 1, 0, 0
376003, 1077731, 0, 0, 0
377000, 1040623, 0, 0, 0
377000, 953069, 1, 0, 0
378000, 975377, 0, 0, 0
378000, 957991, 1, 0, 0
379001, 957852, 1, 0, 0
379001, 1072749, 0, 0, 0
380000, 1045744, 0, 0, 0
380000, 956537, 1, 0, 0
381000, 955543, 1, 0, 0
381000, 1011512, 0, 0, 0
382000, 910453, 1, 0, 0
382000, 1086278, 0, 0, 0
383000, 955499, 0, 0, 0
383000, 1125619, 1, 0, 0
384000, 1071388, 1, 0, 0
384000, 963677, 0, 0, 0
385000, 1082502, 0, 0, 0
385000, 897283, 1, 0, 0
386000, 1087702, 0, 0, 0
386004, 975181, 1, 0, 0
387000, 1076431, 0, 0, 0
387006, 951940, 1, 0, 0
388013, 1147187, 0, 0, 0
388013, 1127391, 1, 0, 0
389002, 1054452, 1, 0, 0
389002, 1098296, 0, 0, 0
390000, 1007143, 0, 0, 0
390004, 1009454, 1, 0, 0
391000, 969390, 1, 0, 0
391000, 1031288, 0, 0, 0
392000, 1059091, 0, 0, 0
392006, 1085416, 1, 0, 0
393000, 996114, 0, 0, 0
393002, 1031436, 1, 0, 0
394000, 1000313, 0, 0, 0
394000, 1010003, 1, 0, 0
395000, 1095182, 0, 0, 0
395005, 973779, 1, 0, 0
396000, 983492, 0, 0, 0
396005, 1004884, 1, 0, 0
397000, 1049869, 1, 0, 0
397000, 970057, 0, 0, 0
398000, 1079265, 0, 0, 0
398000, 895440, 1, 0, 0
399000, 1029463, 0, 0, 0
399000, 813027, 1, 0, 0
400000, 937836, 0, 0, 0
400000, 932368, 1, 0, 0
401000, 326211, 1, 0, 0
401000, 606937, 0, 0, 0
402000, 603828, 0, 0, 0
402000, 327616, 1, 0, 0
403000, 334227, 1, 0, 0
403000, 597131, 0, 0, 0
404000, 349241, 1, 0, 0
404000, 582457, 0, 0, 0
405000, 342337, 1, 0, 0
405000, 585898, 0, 0, 0
406000, 661073, 0, 0, 0
406000, 399159, 1, 0, 0
407000, 1010721, 0, 0, 0
407000, 518522, 1, 0, 0
408000, 1054649, 0, 0, 0
408000, 274041, 1, 0, 0
409000, 909194, 0, 0, 0
409000, 478993, 1, 0, 0
410000, 1118938, 0, 0, 0
410000, 149061, 1, 0, 0
411000, 1086487, 0, 0, 0
411000, 167147, 1, 0, 0
412000, 352688, 1, 0, 0
412000, 966367, 0, 0, 0
413000, 1015272, 0, 0, 0
413000, 266712, 1, 0, 0
414000, 1073758, 0, 0, 0
414000, 264110, 1, 0, 0
415000, 1000310, 0, 0, 0
415000, 538553, 1, 0, 0
416000, 1022652, 0, 0, 0
416000, 253693, 1, 0, 0
417000, 1045517, 0, 0, 0
417005, 393766, 1, 0, 0
418000, 1016595, 0, 0, 0
418003, 393763, 1, 0, 0
419000, 1001052, 0, 0, 0
419000, 444708, 1, 0, 0
420000, 477392, 1, 0, 0
420000, 991799, 0, 0, 0
421000, 1074007, 0, 0, 0
421000, 479835, 1, 0, 0
422000, 531741, 1, 0, 0
422000, 1011984, 0, 0, 0
423000, 1016300, 0, 0, 0
423000, 503127, 1, 0, 0
424000, 1155972, 0, 0, 0
424004, 733736, 1, 0, 0
425000, 1112714, 0, 0, 0
425000, 518322, 1, 0, 0
426000, 1035957, 0, 0, 0
426000, 552660, 1, 0, 0
427000, 1048517, 0, 0, 0
427000, 590806, 1, 0, 0
428000, 985971, 0, 0, 0
428000, 642117, 1, 0, 0
429000, 1021128, 0, 0, 0
429000, 579737, 1, 0, 0
430000, 1048923, 0, 0, 0
430003, 682559, 1, 0, 0
431000, 1001167, 0, 0, 0
431013, 812200, 1, 0, 0
432005, 917566, 1, 0, 0
432005, 988646, 0, 0, 0
433000, 1042086, 0, 0, 0
433001, 944826, 1, 0, 0
434000, 913900, 1, 0, 0
434000, 1046544, 0, 0, 0
435000, 1199395, 1, 0, 0
435000, 1009421, 0, 0, 0
436000, 920228, 1, 0, 0
436000, 1004125, 0, 0, 0
437000, 1125391, 0, 0, 0
437005, 887643, 1, 0, 0
438000, 902610, 1, 0, 0
438000, 1020814, 0, 0, 0
439000, 1066831, 1, 0, 0
439000, 932514, 0, 0, 0
440000, 1052328, 0, 0, 0
440003, 968212, 1, 0, 0
441000, 914633, 1, 0, 0
441000, 976041, 0, 0, 0
442000, 864709, 0, 0, 0
442000, 688523, 1, 0, 0
443000, 1032360, 0, 0, 0
443000, 432388, 1, 0, 0
444000, 364305, 1, 0, 0
444000, 1047687, 0, 0, 0
445000, 385741, 1, 0, 0
445000, 1017217, 0, 0, 0
446000, 487176, 1, 0, 0
446000, 1133937, 0, 0, 0
447000, 417590, 1, 0, 0
447000, 1040128, 0, 0, 0
448000, 1009546, 0, 0, 0
448000, 417480, 1, 0, 0
449000, 418302, 1, 0, 0
449000, 1016877, 0, 0, 0
450000, 1105357, 0, 0, 0
450002, 386149, 1, 0, 0
451000, 448509, 1, 0, 0
451001, 1044451, 0, 0, 0
452000, 1006983, 0, 0, 0
452000, 827581, 1, 0, 0
453000, 979660, 0, 0, 0
453008, 1130752, 1, 0, 0
454000, 991545, 0, 0, 0
454000, 953527, 1, 0, 0
455000, 908193, 1, 0, 0
455000, 979223, 0, 0, 0
456000, 1210720, 1, 0, 0
456000, 1082750, 0, 0, 0
457000, 1011587, 0, 0, 0
457003, 1054361, 1, 0, 0
458000, 984833, 1, 0, 0
458000, 971839, 0, 0, 0
459000, 1072698, 1, 0, 0
459000, 999374, 0, 0, 0
460000, 1059106, 1, 0, 0
460000, 1009440, 0, 0, 0
461000, 1060037, 1, 0, 0
461000, 959431, 0, 0, 0
462000, 1025027, 1, 0, 0
462000, 1033329, 0, 0, 0
463000, 963964, 1, 0, 0
463000, 1033413, 0, 0, 0
464000, 1000270, 0, 0, 0
464000, 879033, 1, 0, 0
465002, 932056, 1, 0, 0
465002, 1078235, 0, 0, 0
466000, 995746, 0, 0, 0
466009, 1034250, 1, 0, 0
467000, 966286, 0, 0, 0
467000, 979628, 1, 0, 0
468000, 1009845, 0, 0, 0
468007, 1156688, 1, 0, 0
469003, 1088030, 1, 0, 0
469003, 1088501, 0, 0, 0
470000, 949312, 1, 0, 0
470000, 986211, 0, 0, 0
471000, 1180855, 1, 0, 0
471000, 936738, 0, 0, 0
472003, 1000888, 1, 0, 0
472003, 1014763, 0, 0, 0
473000, 998243, 1, 0, 0
473000, 978538, 0, 0, 0
474000, 975912, 1, 0, 0
474000, 1057544, 0, 0, 0
475000, 978066, 0, 0, 0
475006, 1038687, 1, 0, 0
476000, 955933, 1, 0, 0
476000, 1007087, 0, 0, 0
477000, 1104493, 0, 0, 0
477000, 906113, 1, 0, 0
478000, 1069310, 0, 0, 0
478007, 971183, 1, 0, 0
479002, 915526, 1, 0, 0
479003, 1066587, 0, 0, 0
480000, 1096673, 0, 0, 0
480006, 956599, 1, 0, 0
480006, 7446355, 0, 0, 0
480006, 7201734, 1, 0, 0
