1000, 4915, 0, 0, 0
2000, 4856, 0, 0, 0
3014, 4854, 0, 0, 0
4014, 4991, 0, 0, 0
5002, 4428, 0, 0, 0
6014, 4407, 0, 0, 0
7000, 3789, 0, 0, 0
8002, 3427, 0, 0, 0
9002, 3447, 0, 0, 0
10000, 8495, 0, 0, 0
11001, 8207, 0, 0, 0
12000, 6172, 0, 0, 0
13000, 3687, 0, 0, 0
14001, 3702, 0, 0, 0
15003, 8194, 0, 0, 0
16002, 8108, 0, 0, 0
17002, 8916, 0, 0, 0
18008, 6097, 0, 0, 0
19013, 4060, 0, 0, 0
20000, 4344, 0, 0, 0
21000, 4352, 0, 0, 0
22000, 4832, 0, 0, 0
23000, 3614, 0, 0, 0
24000, 3938, 0, 0, 0
25001, 3883, 0, 0, 0
26000, 3999, 0, 0, 0
27000, 4169, 0, 0, 0
28000, 4242, 0, 0, 0
29001, 3957, 0, 0, 0
30000, 4214, 0, 0, 0
31000, 3963, 0, 0, 0
32005, 3498, 0, 0, 0
33000, 4560, 0, 0, 0
34000, 4690, 0, 0, 0
35010, 4629, 0, 0, 0
36006, 4835, 0, 0, 0
37014, 4404, 0, 0, 0
38014, 4568, 0, 0, 0
39000, 4483, 0, 0, 0
40000, 4691, 0, 0, 0
41006, 4346, 0, 0, 0
42014, 4488, 0, 0, 0
43000, 4275, 0, 0, 0
44016, 4638, 0, 0, 0
45000, 5278, 0, 0, 0
46014, 5417, 0, 0, 0
47000, 5060, 0, 0, 0
48014, 5086, 0, 0, 0
49006, 5475, 0, 0, 0
50000, 5580, 0, 0, 0
51006, 5454, 0, 0, 0
52000, 5613, 0, 0, 0
53000, 5351, 0, 0, 0
54014, 5221, 0, 0, 0
55014, 5144, 0, 0, 0
56000, 5067, 0, 0, 0
57000, 4719, 0, 0, 0
58014, 5558, 0, 0, 0
59000, 5366, 0, 0, 0
60014, 5342, 0, 0, 0
61006, 5369, 0, 0, 0
62000, 5362, 0, 0, 0
63006, 4984, 0, 0, 0
64000, 5555, 0, 0, 0
65010, 5220, 0, 0, 0
66000, 5004, 0, 0, 0
67006, 4858, 0, 0, 0
68000, 5670, 0, 0, 0
69000, 5008, 0, 0, 0
70000, 4452, 0, 0, 0
71000, 4850, 0, 0, 0
72006, 4644, 0, 0, 0
73014, 5151, 0, 0, 0
74000, 5119, 0, 0, 0
75010, 5129, 0, 0, 0
76000, 3983, 0, 0, 0
77000, 2905, 0, 0, 0
78000, 3178, 0, 0, 0
79000, 3965, 0, 0, 0
80000, 4653, 0, 0, 0
81000, 4729, 0, 0, 0
82014, 5456, 0, 0, 0
83006, 4780, 0, 0, 0
84000, 5034, 0, 0, 0
85000, 5334, 0, 0, 0
86014, 5559, 0, 0, 0
87000, 5490, 0, 0, 0
88000, 2907, 0, 0, 0
89000, 3011, 0, 0, 0
90000, 3714, 0, 0, 0
91000, 4170, 0, 0, 0
92007, 3139, 0, 0, 0
93000, 2774, 0, 0, 0
94000, 3989, 0, 0, 0
95000, 4995, 0, 0, 0
96000, 3835, 0, 0, 0
97002, 3911, 0, 0, 0
98000, 3827, 0, 0, 0
99000, 3927, 0, 0, 0
100000, 4106, 0, 0, 0
101000, 3905, 0, 0, 0
102000, 3990, 0, 0, 0
103003, 3565, 0, 0, 0
104001, 3759, 0, 0, 0
105014, 5475, 0, 0, 0
106000, 5166, 0, 0, 0
107006, 5534, 0, 0, 0
108000, 5218, 0, 0, 0
109000, 4740, 0, 0, 0
110014, 5643, 0, 0, 0
111000, 4426, 0, 0, 0
112000, 4274, 0, 0, 0
113000, 4241, 0, 0, 0
114000, 4426, 0, 0, 0
115002, 4529, 0, 0, 0
116000, 4656, 0, 0, 0
117000, 4022, 0, 0, 0
118000, 3932, 0, 0, 0
119000, 3976, 0, 0, 0
120000, 4239, 0, 0, 0
121000, 3922, 0, 0, 0
122000, 4326, 0, 0, 0
123000, 5019, 0, 0, 0
124000, 5467, 0, 0, 0
125000, 4553, 0, 0, 0
126014, 5219, 0, 0, 0
127006, 5574, 0, 0, 0
128000, 5158, 0, 0, 0
129000, 5014, 0, 0, 0
130014, 5098, 0, 0, 0
131000, 5700, 0, 0, 0
132014, 5390, 0, 0, 0
133006, 4660, 0, 0, 0
134000, 5446, 0, 0, 0
135006, 5387, 0, 0, 0
136000, 5009, 0, 0, 0
137000, 5432, 0, 0, 0
138000, 4507, 0, 0, 0
139000, 4840, 0, 0, 0
140000, 4509, 0, 0, 0
141000, 4444, 0, 0, 0
142002, 5289, 0, 0, 0
143000, 4404, 0, 0, 0
144000, 4454, 0, 0, 0
145000, 2685, 0, 0, 0
146000, 2775, 0, 0, 0
147000, 3613, 0, 0, 0
148000, 5006, 0, 0, 0
149006, 5219, 0, 0, 0
150000, 5221, 0, 0, 0
151006, 5025, 0, 0, 0
152000, 5336, 0, 0, 0
153000, 5519, 0, 0, 0
154014, 5640, 0, 0, 0
155006, 4924, 0, 0, 0
156000, 5542, 0, 0, 0
157006, 4781, 0, 0, 0
158000, 4435, 0, 0, 0
159000, 4656, 0, 0, 0
160010, 3411, 0, 0, 0
161000, 3439, 0, 0, 0
162004, 4566, 0, 0, 0
163000, 3915, 0, 0, 0
164000, 3208, 0, 0, 0
165001, 3242, 0, 0, 0
166002, 3781, 0, 0, 0
167000, 3109, 0, 0, 0
168002, 3514, 0, 0, 0
169006, 3993, 0, 0, 0
170014, 5350, 0, 0, 0
171000, 5115, 0, 0, 0
172000, 5067, 0, 0, 0
173000, 5419, 0, 0, 0
174014, 5423, 0, 0, 0
175006, 5623, 0, 0, 0
176000, 5117, 0, 0, 0
177000, 4775, 0, 0, 0
178000, 4128, 0, 0, 0
179005, 4072, 0, 0, 0
180000, 3305, 0, 0, 0
181000, 3474, 0, 0, 0
182000, 3305, 0, 0, 0
183000, 3262, 0, 0, 0
184014, 4948, 0, 0, 0
185006, 5028, 0, 0, 0
186000, 5252, 0, 0, 0
187000, 5496, 0, 0, 0
188014, 5329, 0, 0, 0
189006, 5467, 0, 0, 0
190003, 5067, 0, 0, 0
191010, 4687, 0, 0, 0
192000, 4635, 0, 0, 0
193000, 4244, 0, 0, 0
194000, 4949, 0, 0, 0
195000, 4508, 0, 0, 0
196014, 4469, 0, 0, 0
197000, 5004, 0, 0, 0
198000, 4569, 0, 0, 0
199010, 5290, 0, 0, 0
200000, 4498, 0, 0, 0
201000, 5450, 0, 0, 0
202010, 4964, 0, 0, 0
203006, 4407, 0, 0, 0
204000, 4511, 0, 0, 0
205000, 4516, 0, 0, 0
206000, 4465, 0, 0, 0
207000, 3954, 0, 0, 0
208000, 3775, 0, 0, 0
209000, 4318, 0, 0, 0
210010, 4272, 0, 0, 0
211000, 3279, 0, 0, 0
212001, 3932, 0, 0, 0
213000, 4243, 0, 0, 0
214000, 3776, 0, 0, 0
215000, 4029, 0, 0, 0
216002, 4536, 0, 0, 0
217000, 4341, 0, 0, 0
218000, 4567, 0, 0, 0
219000, 4646, 0, 0, 0
220000, 4434, 0, 0, 0
221000, 3084, 0, 0, 0
222000, 4401, 0, 0, 0
223000, 4584, 0, 0, 0
224000, 4118, 0, 0, 0
225000, 3787, 0, 0, 0
226000, 3516, 0, 0, 0
227000, 2661, 0, 0, 0
228000, 2705, 0, 0, 0
229005, 2743, 0, 0, 0
230006, 2805, 0, 0, 0
231000, 3062, 0, 0, 0
232000, 3610, 0, 0, 0
233000, 3567, 0, 0, 0
234000, 2698, 0, 0, 0
235000, 2716, 0, 0, 0
236000, 4343, 0, 0, 0
237000, 3785, 0, 0, 0
238000, 4541, 0, 0, 0
239000, 4442, 0, 0, 0
240000, 4666, 0, 0, 0
241003, 5175, 0, 0, 0
242000, 4482, 0, 0, 0
243000, 4715, 0, 0, 0
244000, 4216, 0, 0, 0
245000, 3702, 0, 0, 0
246003, 4238, 0, 0, 0
247000, 3293, 0, 0, 0
248014, 3541, 0, 0, 0
249006, 5594, 0, 0, 0
250000, 5132, 0, 0, 0
251000, 5248, 0, 0, 0
252014, 5754, 0, 0, 0
253006, 5353, 0, 0, 0
254000, 5670, 0, 0, 0
255000, 4795, 0, 0, 0
256000, 3501, 0, 0, 0
257000, 3849, 0, 0, 0
258010, 4386, 0, 0, 0
259002, 4901, 0, 0, 0
260000, 4915, 0, 0, 0
261000, 4756, 0, 0, 0
262002, 4362, 0, 0, 0
263000, 3871, 0, 0, 0
264000, 3686, 0, 0, 0
265009, 4173, 0, 0, 0
266001, 3791, 0, 0, 0
267000, 3913, 0, 0, 0
268000, 3883, 0, 0, 0
269000, 3784, 0, 0, 0
270001, 3704, 0, 0, 0
271000, 3972, 0, 0, 0
272000, 4047, 0, 0, 0
273000, 4132, 0, 0, 0
274002, 4060, 0, 0, 0
275000, 3804, 0, 0, 0
276000, 3773, 0, 0, 0
277000, 3280, 0, 0, 0
278000, 3126, 0, 0, 0
279000, 5092, 0, 0, 0
280000, 5262, 0, 0, 0
281000, 5076, 0, 0, 0
282014, 5767, 0, 0, 0
283006, 4538, 0, 0, 0
284000, 5104, 0, 0, 0
285000, 3978, 0, 0, 0
286000, 3545, 0, 0, 0
287000, 3471, 0, 0, 0
288000, 3540, 0, 0, 0
289000, 4325, 0, 0, 0
290000, 4105, 0, 0, 0
291000, 3526, 0, 0, 0
292000, 3800, 0, 0, 0
293006, 3315, 0, 0, 0
294007, 3940, 0, 0, 0
295000, 3752, 0, 0, 0
296000, 3434, 0, 0, 0
297000, 3573, 0, 0, 0
298000, 3660, 0, 0, 0
299000, 3543, 0, 0, 0
300000, 3350, 0, 0, 0
301001, 3259, 0, 0, 0
302001, 3517, 0, 0, 0
303006, 3902, 0, 0, 0
304000, 3944, 0, 0, 0
305000, 3895, 0, 0, 0
306000, 4023, 0, 0, 0
307001, 3667, 0, 0, 0
308000, 2742, 0, 0, 0
309000, 2715, 0, 0, 0
310007, 2710, 0, 0, 0
311000, 4964, 0, 0, 0
312000, 3393, 0, 0, 0
313000, 2712, 0, 0, 0
314000, 3230, 0, 0, 0
315000, 3957, 0, 0, 0
316000, 4027, 0, 0, 0
317000, 4254, 0, 0, 0
318000, 3834, 0, 0, 0
319002, 3917, 0, 0, 0
320000, 3680, 0, 0, 0
321000, 3260, 0, 0, 0
322000, 3487, 0, 0, 0
323000, 3190, 0, 0, 0
324002, 4267, 0, 0, 0
325000, 5210, 0, 0, 0
326000, 5072, 0, 0, 0
327000, 5608, 0, 0, 0
328000, 4999, 0, 0, 0
329000, 4317, 0, 0, 0
330000, 2948, 0, 0, 0
331000, 3213, 0, 0, 0
332000, 3174, 0, 0, 0
333000, 3523, 0, 0, 0
334000, 3417, 0, 0, 0
335000, 3601, 0, 0, 0
336000, 6015, 0, 0, 0
337001, 3956, 0, 0, 0
338004, 3978, 0, 0, 0
339000, 3867, 0, 0, 0
340000, 3970, 0, 0, 0
341002, 3320, 0, 0, 0
342006, 3822, 0, 0, 0
343000, 5316, 0, 0, 0
344000, 4939, 0, 0, 0
345000, 5254, 0, 0, 0
346014, 5296, 0, 0, 0
347000, 4495, 0, 0, 0
348000, 5172, 0, 0, 0
349000, 5413, 0, 0, 0
350000, 5169, 0, 0, 0
351002, 5072, 0, 0, 0
352000, 5388, 0, 0, 0
353000, 5629, 0, 0, 0
354014, 5082, 0, 0, 0
355000, 5613, 0, 0, 0
356000, 5619, 0, 0, 0
357000, 4811, 0, 0, 0
358000, 5047, 0, 0, 0
359014, 4322, 0, 0, 0
360000, 4665, 0, 0, 0
361000, 4223, 0, 0, 0
362009, 4342, 0, 0, 0
363006, 4207, 0, 0, 0
364000, 4359, 0, 0, 0
365000, 3530, 0, 0, 0
366000, 4050, 0, 0, 0
367000, 4379, 0, 0, 0
368004, 3918, 0, 0, 0
369000, 2867, 0, 0, 0
370000, 4345, 0, 0, 0
371000, 4338, 0, 0, 0
372000, 4034, 0, 0, 0
373000, 2655, 0, 0, 0
374000, 2657, 0, 0, 0
375003, 2683, 0, 0, 0
376000, 3635, 0, 0, 0
377002, 3759, 0, 0, 0
378000, 3590, 0, 0, 0
379000, 3951, 0, 0, 0
380000, 3912, 0, 0, 0
381000, 4202, 0, 0, 0
382000, 3895, 0, 0, 0
383003, 2878, 0, 0, 0
384000, 2635, 0, 0, 0
385006, 4211, 0, 0, 0
386000, 4496, 0, 0, 0
387000, 3843, 0, 0, 0
388000, 3845, 0, 0, 0
389000, 3873, 0, 0, 0
390000, 2916, 0, 0, 0
391007, 3033, 0, 0, 0
392001, 3545, 0, 0, 0
393000, 4882, 0, 0, 0
394000, 5499, 0, 0, 0
395022, 5601, 0, 0, 0
396000, 4785, 0, 0, 0
397001, 6302, 0, 0, 0
398000, 3352, 0, 0, 0
399005, 3146, 0, 0, 0
400000, 4410, 0, 0, 0
401006, 4270, 0, 0, 0
402021, 4138, 0, 0, 0
403000, 4518, 0, 0, 0
404001, 4463, 0, 0, 0
405000, 4324, 0, 0, 0
406000, 3241, 0, 0, 0
407000, 3124, 0, 0, 0
408000, 3643, 0, 0, 0
409000, 3735, 0, 0, 0
410000, 3638, 0, 0, 0
411003, 3423, 0, 0, 0
412010, 3583, 0, 0, 0
413008, 5158, 0, 0, 0
414000, 6804, 0, 0, 0
415000, 4950, 0, 0, 0
416005, 5136, 0, 0, 0
417000, 4123, 0, 0, 0
418000, 4100, 0, 0, 0
419000, 4183, 0, 0, 0
420000, 4140, 0, 0, 0
421000, 3865, 0, 0, 0
422000, 3949, 0, 0, 0
423002, 4914, 0, 0, 0
424000, 4646, 0, 0, 0
425000, 5374, 0, 0, 0
426014, 5566, 0, 0, 0
427000, 5237, 0, 0, 0
428014, 4870, 0, 0, 0
429006, 4688, 0, 0, 0
430000, 4832, 0, 0, 0
431000, 4137, 0, 0, 0
432000, 3726, 0, 0, 0
433000, 3879, 0, 0, 0
434002, 4770, 0, 0, 0
435000, 4523, 0, 0, 0
436007, 4130, 0, 0, 0
437014, 4186, 0, 0, 0
438000, 4440, 0, 0, 0
439006, 4581, 0, 0, 0
440000, 3998, 0, 0, 0
441000, 4526, 0, 0, 0
442000, 4498, 0, 0, 0
443000, 3950, 0, 0, 0
444000, 4237, 0, 0, 0
445002, 3614, 0, 0, 0
446000, 3347, 0, 0, 0
447000, 3621, 0, 0, 0
448008, 3674, 0, 0, 0
449000, 4300, 0, 0, 0
450000, 4703, 0, 0, 0
451000, 4348, 0, 0, 0
452000, 5106, 0, 0, 0
453006, 4394, 0, 0, 0
454000, 4039, 0, 0, 0
455000, 3883, 0, 0, 0
456003, 3454, 0, 0, 0
457000, 6428, 0, 0, 0
458002, 3809, 0, 0, 0
459000, 2684, 0, 0, 0
460000, 2970, 0, 0, 0
461000, 3748, 0, 0, 0
462000, 4966, 0, 0, 0
463001, 4238, 0, 0, 0
464000, 4248, 0, 0, 0
465000, 3584, 0, 0, 0
466001, 4161, 0, 0, 0
467000, 2892, 0, 0, 0
468004, 3009, 0, 0, 0
469004, 2987, 0, 0, 0
470000, 3227, 0, 0, 0
471000, 3154, 0, 0, 0
472003, 4154, 0, 0, 0
473002, 5538, 0, 0, 0
474000, 3934, 0, 0, 0
475000, 3789, 0, 0, 0
476004, 4033, 0, 0, 0
477000, 4084, 0, 0, 0
478014, 3177, 0, 0, 0
479002, 5315, 0, 0, 0
480000, 5371, 0, 0, 0
