1002, 3354, 0, 0, 0
2001, 4786, 0, 0, 0
3000, 5218, 0, 0, 0
4000, 4576, 0, 0, 0
5000, 4430, 0, 0, 0
6000, 4308, 0, 0, 0
7002, 4627, 0, 0, 0
8000, 4968, 0, 0, 0
9000, 4060, 0, 0, 0
10000, 4119, 0, 0, 0
11000, 4264, 0, 0, 0
12000, 4631, 0, 0, 0
13000, 4570, 0, 0, 0
14000, 4735, 0, 0, 0
15000, 4578, 0, 0, 0
16005, 4841, 0, 0, 0
17000, 4593, 0, 0, 0
18000, 4393, 0, 0, 0
19000, 4480, 0, 0, 0
20003, 3834, 0, 0, 0
21000, 4014, 0, 0, 0
22000, 3883, 0, 0, 0
23000, 4353, 0, 0, 0
24001, 3740, 0, 0, 0
25000, 2757, 0, 0, 0
26000, 3329, 0, 0, 0
27007, 3540, 0, 0, 0
28003, 2783, 0, 0, 0
29009, 3102, 0, 0, 0
30006, 3142, 0, 0, 0
31000, 4535, 0, 0, 0
32004, 5119, 0, 0, 0
33000, 4614, 0, 0, 0
34000, 4383, 0, 0, 0
35000, 3435, 0, 0, 0
36001, 3249, 0, 0, 0
37000, 3340, 0, 0, 0
38000, 3286, 0, 0, 0
39000, 3694, 0, 0, 0
40000, 4470, 0, 0, 0
41000, 4479, 0, 0, 0
42004, 3930, 0, 0, 0
43000, 2899, 0, 0, 0
44001, 2685, 0, 0, 0
45002, 4987, 0, 0, 0
46000, 4815, 0, 0, 0
47000, 4705, 0, 0, 0
48000, 5458, 0, 0, 0
49000, 4390, 0, 0, 0
50000, 3089, 0, 0, 0
51000, 2655, 0, 0, 0
52000, 2658, 0, 0, 0
53010, 2657, 0, 0, 0
54000, 4640, 0, 0, 0
55000, 4803, 0, 0, 0
56000, 4350, 0, 0, 0
57000, 4443, 0, 0, 0
58000, 4630, 0, 0, 0
59000, 4508, 0, 0, 0
60000, 4639, 0, 0, 0
61000, 3058, 0, 0, 0
62001, 3655, 0, 0, 0
63007, 3596, 0, 0, 0
64000, 3580, 0, 0, 0
65000, 3707, 0, 0, 0
66002, 3910, 0, 0, 0
67005, 4536, 0, 0, 0
68011, 4542, 0, 0, 0
69011, 5663, 0, 0, 0
70000, 5231, 0, 0, 0
71011, 4714, 0, 0, 0
72000, 5165, 0, 0, 0
73000, 5085, 0, 0, 0
74001, 5365, 0, 0, 0
75000, 3798, 0, 0, 0
76000, 4136, 0, 0, 0
77001, 6805, 0, 0, 0
78000, 6909, 0, 0, 0
79000, 6734, 0, 0, 0
80002, 7075, 0, 0, 0
81000, 7029, 0, 0, 0
82008, 6848, 0, 0, 0
83004, 6703, 0, 0, 0
84000, 7426, 0, 0, 0
85006, 4881, 0, 0, 0
86000, 3142, 0, 0, 0
87000, 4429, 0, 0, 0
88002, 4185, 0, 0, 0
89003, 3444, 0, 0, 0
90000, 2640, 0, 0, 0
91000, 2655, 0, 0, 0
92000, 2686, 0, 0, 0
93000, 3826, 0, 0, 0
94000, 3096, 0, 0, 0
95007, 3438, 0, 0, 0
96000, 4210, 0, 0, 0
97001, 4998, 0, 0, 0
98002, 3268, 0, 0, 0
99000, 4207, 0, 0, 0
100000, 4080, 0, 0, 0
101000, 4074, 0, 0, 0
102000, 4351, 0, 0, 0
103001, 4218, 0, 0, 0
104000, 3969, 0, 0, 0
105000, 3988, 0, 0, 0
106000, 3321, 0, 0, 0
107000, 2706, 0, 0, 0
108000, 2821, 0, 0, 0
109011, 2853, 0, 0, 0
110000, 5249, 0, 0, 0
111011, 5797, 0, 0, 0
112000, 5169, 0, 0, 0
113011, 5345, 0, 0, 0
114003, 5254, 0, 0, 0
115000, 4743, 0, 0, 0
116000, 5291, 0, 0, 0
117011, 5540, 0, 0, 0
118000, 5599, 0, 0, 0
119011, 5343, 0, 0, 0
120003, 4841, 0, 0, 0
121000, 5665, 0, 0, 0
122000, 3594, 0, 0, 0
123000, 4082, 0, 0, 0
124000, 4123, 0, 0, 0
125000, 4220, 0, 0, 0
126015, 4396, 0, 0, 0
127002, 4254, 0, 0, 0
128000, 3970, 0, 0, 0
129011, 4220, 0, 0, 0
130011, 3627, 0, 0, 0
131000, 4128, 0, 0, 0
132000, 3857, 0, 0, 0
133000, 3691, 0, 0, 0
134000, 3026, 0, 0, 0
135000, 3226, 0, 0, 0
136000, 3562, 0, 0, 0
137000, 4221, 0, 0, 0
138000, 3691, 0, 0, 0
139007, 3950, 0, 0, 0
140000, 3642, 0, 0, 0
141000, 3577, 0, 0, 0
142009, 4914, 0, 0, 0
143000, 4208, 0, 0, 0
144000, 4286, 0, 0, 0
145000, 4662, 0, 0, 0
146000, 4704, 0, 0, 0
147000, 3973, 0, 0, 0
148000, 2816, 0, 0, 0
149000, 2724, 0, 0, 0
150003, 3240, 0, 0, 0
151013, 4880, 0, 0, 0
152000, 4091, 0, 0, 0
153000, 2884, 0, 0, 0
154000, 2721, 0, 0, 0
155000, 2856, 0, 0, 0
156000, 2794, 0, 0, 0
157000, 2670, 0, 0, 0
158003, 3416, 0, 0, 0
159000, 3708, 0, 0, 0
160000, 2899, 0, 0, 0
161000, 2801, 0, 0, 0
162000, 3020, 0, 0, 0
163003, 2829, 0, 0, 0
164000, 2827, 0, 0, 0
165000, 3266, 0, 0, 0
166000, 4165, 0, 0, 0
167000, 3812, 0, 0, 0
168002, 4091, 0, 0, 0
169000, 4038, 0, 0, 0
170000, 3890, 0, 0, 0
171000, 4279, 0, 0, 0
172000, 4194, 0, 0, 0
173003, 3938, 0, 0, 0
174000, 4217, 0, 0, 0
175004, 4190, 0, 0, 0
176000, 3770, 0, 0, 0
177000, 3356, 0, 0, 0
178000, 3306, 0, 0, 0
179000, 2727, 0, 0, 0
180001, 2722, 0, 0, 0
181000, 3208, 0, 0, 0
182001, 2629, 0, 0, 0
183000, 2707, 0, 0, 0
184003, 3036, 0, 0, 0
185000, 4972, 0, 0, 0
186000, 5090, 0, 0, 0
187011, 5457, 0, 0, 0
188000, 5165, 0, 0, 0
189011, 5194, 0, 0, 0
190000, 4986, 0, 0, 0
191000, 5345, 0, 0, 0
192000, 5500, 0, 0, 0
193011, 5084, 0, 0, 0
194003, 5359, 0, 0, 0
195000, 5101, 0, 0, 0
196000, 5092, 0, 0, 0
197000, 4954, 0, 0, 0
198000, 4304, 0, 0, 0
199011, 4483, 0, 0, 0
200000, 4804, 0, 0, 0
201003, 4416, 0, 0, 0
202003, 5092, 0, 0, 0
203000, 4380, 0, 0, 0
204012, 4251, 0, 0, 0
205000, 4080, 0, 0, 0
206010, 4376, 0, 0, 0
207000, 2921, 0, 0, 0
208000, 2722, 0, 0, 0
209000, 3099, 0, 0, 0
210000, 4148, 0, 0, 0
211000, 4099, 0, 0, 0
212000, 4184, 0, 0, 0
213000, 4254, 0, 0, 0
214005, 4286, 0, 0, 0
215000, 4427, 0, 0, 0
216004, 4870, 0, 0, 0
217000, 3085, 0, 0, 0
218000, 2754, 0, 0, 0
219000, 5355, 0, 0, 0
220000, 5085, 0, 0, 0
221011, 5250, 0, 0, 0
222003, 4681, 0, 0, 0
223000, 5344, 0, 0, 0
224007, 5150, 0, 0, 0
225004, 3782, 0, 0, 0
226000, 3244, 0, 0, 0
227000, 3392, 0, 0, 0
228007, 3181, 0, 0, 0
229000, 3055, 0, 0, 0
230000, 3156, 0, 0, 0
231002, 4350, 0, 0, 0
232001, 4179, 0, 0, 0
233000, 4078, 0, 0, 0
234000, 3619, 0, 0, 0
235000, 3885, 0, 0, 0
236000, 4040, 0, 0, 0
237000, 4052, 0, 0, 0
238000, 4257, 0, 0, 0
239000, 4062, 0, 0, 0
240000, 4239, 0, 0, 0
241002, 4089, 0, 0, 0
242000, 4119, 0, 0, 0
243000, 4096, 0, 0, 0
244000, 4054, 0, 0, 0
245002, 3967, 0, 0, 0
246000, 4040, 0, 0, 0
247001, 3872, 0, 0, 0
248000, 3304, 0, 0, 0
249000, 2974, 0, 0, 0
250000, 2644, 0, 0, 0
251005, 2622, 0, 0, 0
252008, 2843, 0, 0, 0
253002, 2776, 0, 0, 0
254000, 3068, 0, 0, 0
255000, 3298, 0, 0, 0
256000, 3140, 0, 0, 0
257000, 4138, 0, 0, 0
258000, 4635, 0, 0, 0
259000, 4589, 0, 0, 0
260000, 5049, 0, 0, 0
261000, 5766, 0, 0, 0
262000, 5308, 0, 0, 0
263011, 5780, 0, 0, 0
264000, 5296, 0, 0, 0
265003, 4837, 0, 0, 0
266002, 3112, 0, 0, 0
267000, 2611, 0, 0, 0
268012, 3609, 0, 0, 0
269000, 3350, 0, 0, 0
270000, 3327, 0, 0, 0
271009, 3169, 0, 0, 0
272000, 3123, 0, 0, 0
273000, 3218, 0, 0, 0
274000, 4111, 0, 0, 0
275000, 4645, 0, 0, 0
276003, 4395, 0, 0, 0
277002, 4739, 0, 0, 0
278000, 4591, 0, 0, 0
279001, 4707, 0, 0, 0
280000, 4044, 0, 0, 0
281000, 3143, 0, 0, 0
282000, 3285, 0, 0, 0
283000, 3402, 0, 0, 0
284000, 3492, 0, 0, 0
285000, 3333, 0, 0, 0
286000, 3400, 0, 0, 0
287000, 3435, 0, 0, 0
288000, 4348, 0, 0, 0
289000, 5279, 0, 0, 0
290000, 5086, 0, 0, 0
291011, 5667, 0, 0, 0
292003, 5070, 0, 0, 0
293000, 5229, 0, 0, 0
294000, 4766, 0, 0, 0
295011, 5130, 0, 0, 0
296000, 5368, 0, 0, 0
297011, 5511, 0, 0, 0
298003, 5470, 0, 0, 0
299000, 5005, 0, 0, 0
300000, 5435, 0, 0, 0
301000, 4686, 0, 0, 0
302000, 5310, 0, 0, 0
303011, 5793, 0, 0, 0
304000, 4534, 0, 0, 0
305015, 4662, 0, 0, 0
306015, 5260, 0, 0, 0
307000, 4773, 0, 0, 0
308003, 5276, 0, 0, 0
309000, 5290, 0, 0, 0
310000, 4613, 0, 0, 0
311007, 3704, 0, 0, 0
312005, 3880, 0, 0, 0
313000, 3763, 0, 0, 0
314000, 3947, 0, 0, 0
315000, 3538, 0, 0, 0
316000, 4842, 0, 0, 0
317011, 5357, 0, 0, 0
318003, 4916, 0, 0, 0
319000, 4997, 0, 0, 0
320007, 4843, 0, 0, 0
321000, 5468, 0, 0, 0
322007, 5249, 0, 0, 0
323000, 3228, 0, 0, 0
324000, 3384, 0, 0, 0
325000, 4115, 0, 0, 0
326003, 3777, 0, 0, 0
327023, 3712, 0, 0, 0
328000, 2910, 0, 0, 0
329002, 2773, 0, 0, 0
330001, 2919, 0, 0, 0
331000, 2839, 0, 0, 0
332000, 2667, 0, 0, 0
333000, 2771, 0, 0, 0
334000, 2743, 0, 0, 0
335000, 2752, 0, 0, 0
336000, 4582, 0, 0, 0
337005, 3384, 0, 0, 0
338000, 4102, 0, 0, 0
339000, 3910, 0, 0, 0
340000, 4063, 0, 0, 0
341001, 4366, 0, 0, 0
342000, 4259, 0, 0, 0
343000, 4044, 0, 0, 0
344000, 4086, 0, 0, 0
345004, 4153, 0, 0, 0
346000, 3866, 0, 0, 0
347000, 4060, 0, 0, 0
348001, 4501, 0, 0, 0
349000, 4746, 0, 0, 0
350004, 4020, 0, 0, 0
351001, 3198, 0, 0, 0
352000, 2862, 0, 0, 0
353000, 2669, 0, 0, 0
354000, 2875, 0, 0, 0
355002, 3954, 0, 0, 0
356002, 3977, 0, 0, 0
357000, 4327, 0, 0, 0
358000, 4406, 0, 0, 0
359000, 4686, 0, 0, 0
360000, 3234, 0, 0, 0
361000, 3148, 0, 0, 0
362000, 4521, 0, 0, 0
363007, 5230, 0, 0, 0
364000, 5400, 0, 0, 0
365011, 5737, 0, 0, 0
366003, 5710, 0, 0, 0
367000, 5332, 0, 0, 0
368000, 4969, 0, 0, 0
369000, 4258, 0, 0, 0
370009, 3915, 0, 0, 0
371000, 4166, 0, 0, 0
372011, 4960, 0, 0, 0
373000, 4680, 0, 0, 0
374000, 3924, 0, 0, 0
375000, 3323, 0, 0, 0
376007, 3777, 0, 0, 0
377000, 3000, 0, 0, 0
378006, 2617, 0, 0, 0
379011, 2620, 0, 0, 0
380000, 3594, 0, 0, 0
381004, 4100, 0, 0, 0
382000, 3893, 0, 0, 0
383000, 3977, 0, 0, 0
384003, 3937, 0, 0, 0
385000, 4060, 0, 0, 0
386002, 4133, 0, 0, 0
387000, 4021, 0, 0, 0
388000, 3308, 0, 0, 0
389000, 5767, 0, 0, 0
390000, 5251, 0, 0, 0
391000, 5424, 0, 0, 0
392000, 5208, 0, 0, 0
393011, 4859, 0, 0, 0
394003, 5238, 0, 0, 0
395000, 5448, 0, 0, 0
396000, 5493, 0, 0, 0
397000, 5219, 0, 0, 0
398011, 5133, 0, 0, 0
399014, 5043, 0, 0, 0
400000, 5187, 0, 0, 0
401000, 5191, 0, 0, 0
402000, 5276, 0, 0, 0
403010, 4793, 0, 0, 0
404000, 4735, 0, 0, 0
405002, 4634, 0, 0, 0
406000, 4159, 0, 0, 0
407000, 4454, 0, 0, 0
408002, 4332, 0, 0, 0
409001, 3906, 0, 0, 0
410003, 2637, 0, 0, 0
411000, 2639, 0, 0, 0
412002, 2765, 0, 0, 0
413007, 2635, 0, 0, 0
414006, 2649, 0, 0, 0
415000, 3320, 0, 0, 0
416006, 5449, 0, 0, 0
417000, 5603, 0, 0, 0
418000, 5777, 0, 0, 0
419010, 5143, 0, 0, 0
420014, 5157, 0, 0, 0
421010, 5573, 0, 0, 0
422000, 4916, 0, 0, 0
423000, 4609, 0, 0, 0
424000, 4977, 0, 0, 0
425000, 5091, 0, 0, 0
426010, 5708, 0, 0, 0
427000, 4980, 0, 0, 0
428010, 4989, 0, 0, 0
429002, 4969, 0, 0, 0
430000, 5130, 0, 0, 0
431006, 5242, 0, 0, 0
432000, 5002, 0, 0, 0
433002, 5093, 0, 0, 0
434000, 4867, 0, 0, 0
435002, 4731, 0, 0, 0
436025, 4967, 0, 0, 0
437000, 2831, 0, 0, 0
438000, 2808, 0, 0, 0
439001, 4079, 0, 0, 0
440000, 4252, 0, 0, 0
441000, 3747, 0, 0, 0
442001, 4403, 0, 0, 0
443003, 4564, 0, 0, 0
444000, 4395, 0, 0, 0
445004, 4445, 0, 0, 0
446000, 3996, 0, 0, 0
447000, 4746, 0, 0, 0
448000, 4615, 0, 0, 0
449000, 4357, 0, 0, 0
450003, 3998, 0, 0, 0
451002, 4352, 0, 0, 0
452000, 4403, 0, 0, 0
453000, 4342, 0, 0, 0
454000, 4070, 0, 0, 0
455002, 4128, 0, 0, 0
456000, 3220, 0, 0, 0
457000, 2847, 0, 0, 0
458000, 2666, 0, 0, 0
459000, 2960, 0, 0, 0
460000, 3382, 0, 0, 0
461000, 4054, 0, 0, 0
462000, 4153, 0, 0, 0
463000, 4137, 0, 0, 0
464000, 3992, 0, 0, 0
465001, 4123, 0, 0, 0
466000, 3955, 0, 0, 0
467000, 4376, 0, 0, 0
468000, 4404, 0, 0, 0
469000, 3728, 0, 0, 0
470006, 3471, 0, 0, 0
471001, 4754, 0, 0, 0
472000, 4470, 0, 0, 0
473024, 4526, 0, 0, 0
474000, 4608, 0, 0, 0
475000, 4779, 0, 0, 0
476003, 4356, 0, 0, 0
477000, 4360, 0, 0, 0
478000, 3972, 0, 0, 0
479006, 2962, 0, 0, 0
480001, 2726, 0, 0, 0
