1001, 1071776, 0, 0, 0
2000, 1149519, 0, 0, 0
3005, 1236910, 0, 0, 0
4000, 1218432, 0, 0, 0
5000, 1136435, 0, 0, 0
6000, 1089295, 0, 0, 0
7014, 1341998, 0, 0, 0
8000, 1436248, 0, 0, 0
9000, 1363722, 0, 0, 0
10000, 1506206, 0, 0, 0
11006, 1366404, 0, 0, 0
12002, 1477934, 0, 0, 0
13000, 1504023, 0, 0, 0
14000, 1998570, 0, 0, 0
15000, 1128124, 0, 0, 0
16000, 1148211, 0, 0, 0
17018, 1127189, 0, 0, 0
18000, 1167066, 0, 0, 0
19000, 1150371, 0, 0, 0
20000, 1117975, 0, 0, 0
21000, 1109192, 0, 0, 0
22000, 1058471, 0, 0, 0
23000, 1032687, 0, 0, 0
24000, 1087243, 0, 0, 0
25000, 1034077, 0, 0, 0
26004, 1032496, 0, 0, 0
27000, 1008086, 0, 0, 0
28000, 1414053, 0, 0, 0
29000, 1363625, 0, 0, 0
30000, 1339385, 0, 0, 0
31000, 1403785, 0, 0, 0
32006, 1358117, 0, 0, 0
33000, 1465092, 0, 0, 0
34000, 1419252, 0, 0, 0
35002, 1427582, 0, 0, 0
36000, 1459733, 0, 0, 0
37000, 1372873, 0, 0, 0
38014, 1285249, 0, 0, 0
39010, 984403, 0, 0, 0
40000, 1005602, 0, 0, 0
41000, 961022, 0, 0, 0
42002, 947721, 0, 0, 0
43010, 958948, 0, 0, 0
44000, 1001901, 0, 0, 0
45000, 1033448, 0, 0, 0
46000, 1049728, 0, 0, 0
47014, 1021471, 0, 0, 0
48000, 991347, 0, 0, 0
49003, 968454, 0, 0, 0
50000, 1094396, 0, 0, 0
51000, 1006252, 0, 0, 0
52000, 969199, 0, 0, 0
53010, 982366, 0, 0, 0
54010, 931039, 0, 0, 0
55000, 929875, 0, 0, 0
56013, 970264, 0, 0, 0
57004, 1180670, 0, 0, 0
58000, 1115293, 0, 0, 0
59001, 1082018, 0, 0, 0
60000, 1109175, 0, 0, 0
61000, 1088038, 0, 0, 0
62002, 1089859, 0, 0, 0
63000, 1146035, 0, 0, 0
64000, 1305892, 0, 0, 0
65006, 1217941, 0, 0, 0
66000, 1142238, 0, 0, 0
67000, 1237265, 0, 0, 0
68000, 1222723, 0, 0, 0
69000, 1163189, 0, 0, 0
70000, 1191641, 0, 0, 0
71003, 1289219, 0, 0, 0
72000, 1231183, 0, 0, 0
73000, 1120690, 0, 0, 0
74000, 1188134, 0, 0, 0
75000, 1173202, 0, 0, 0
76000, 1154362, 0, 0, 0
77000, 1190718, 0, 0, 0
78000, 1256849, 0, 0, 0
79004, 1140044, 0, 0, 0
80002, 1129187, 0, 0, 0
81004, 1202495, 0, 0, 0
82000, 1158838, 0, 0, 0
83001, 1149333, 0, 0, 0
84005, 1171659, 0, 0, 0
85000, 1178757, 0, 0, 0
86000, 1133102, 0, 0, 0
87000, 1229085, 0, 0, 0
88000, 1188688, 0, 0, 0
89000, 1124871, 0, 0, 0
90005, 1122682, 0, 0, 0
91000, 1196584, 0, 0, 0
92004, 1078366, 0, 0, 0
93000, 1083640, 0, 0, 0
94000, 1089173, 0, 0, 0
95000, 1096340, 0, 0, 0
96013, 1103348, 0, 0, 0
97000, 987578, 0, 0, 0
98000, 1059331, 0, 0, 0
99000, 1032715, 0, 0, 0
100000, 1014702, 0, 0, 0
101000, 1046330, 0, 0, 0
102000, 1398608, 0, 0, 0
103006, 1404625, 0, 0, 0
104000, 1429652, 0, 0, 0
105010, 1354083, 0, 0, 0
106000, 1338980, 0, 0, 0
107000, 1325612, 0, 0, 0
108000, 1409400, 0, 0, 0
109014, 1383104, 0, 0, 0
110000, 1419129, 0, 0, 0
111006, 1440196, 0, 0, 0
112000, 1488588, 0, 0, 0
113006, 1432981, 0, 0, 0
114014, 1137280, 0, 0, 0
115010, 929486, 0, 0, 0
116000, 953225, 0, 0, 0
117000, 992375, 0, 0, 0
118010, 949840, 0, 0, 0
119000, 976282, 0, 0, 0
120000, 954471, 0, 0, 0
121014, 952082, 0, 0, 0
122010, 942652, 0, 0, 0
123000, 964428, 0, 0, 0
124002, 918272, 0, 0, 0
125000, 972459, 0, 0, 0
126000, 949874, 0, 0, 0
127002, 920098, 0, 0, 0
128002, 951869, 0, 0, 0
129000, 961492, 0, 0, 0
130000, 927071, 0, 0, 0
131000, 972353, 0, 0, 0
132000, 995448, 0, 0, 0
133000, 1052594, 0, 0, 0
134000, 1153145, 0, 0, 0
135000, 1132846, 0, 0, 0
136000, 1112926, 0, 0, 0
137000, 1102997, 0, 0, 0
138000, 1065833, 0, 0, 0
139000, 1159341, 0, 0, 0
140000, 1133240, 0, 0, 0
141000, 1102176, 0, 0, 0
142000, 1085420, 0, 0, 0
143001, 1074536, 0, 0, 0
144003, 1106300, 0, 0, 0
145000, 1096852, 0, 0, 0
146000, 1190181, 0, 0, 0
147000, 1206456, 0, 0, 0
148004, 1053563, 0, 0, 0
149000, 1049583, 0, 0, 0
150000, 1126580, 0, 0, 0
151000, 1172846, 0, 0, 0
152000, 1164989, 0, 0, 0
153002, 1045883, 0, 0, 0
154002, 1267509, 0, 0, 0
155000, 1237959, 0, 0, 0
156000, 1021964, 0, 0, 0
157010, 1008133, 0, 0, 0
158001, 1056997, 0, 0, 0
159000, 968997, 0, 0, 0
160000, 936513, 0, 0, 0
161010, 949380, 0, 0, 0
162006, 1005145, 0, 0, 0
163000, 960590, 0, 0, 0
164000, 1103370, 0, 0, 0
165000, 1171364, 0, 0, 0
166000, 1163877, 0, 0, 0
167000, 1267223, 0, 0, 0
168001, 1182027, 0, 0, 0
169000, 1223225, 0, 0, 0
170004, 1216617, 0, 0, 0
171000, 1283645, 0, 0, 0
172000, 1167036, 0, 0, 0
173000, 1141359, 0, 0, 0
174001, 1186650, 0, 0, 0
175001, 1157149, 0, 0, 0
176000, 1156382, 0, 0, 0
177000, 1200436, 0, 0, 0
178000, 1210375, 0, 0, 0
179000, 1127769, 0, 0, 0
180000, 1097862, 0, 0, 0
181000, 1143872, 0, 0, 0
182000, 1120775, 0, 0, 0
183000, 1101350, 0, 0, 0
184002, 1083607, 0, 0, 0
185000, 1051217, 0, 0, 0
186000, 1058503, 0, 0, 0
187000, 1014502, 0, 0, 0
188000, 1078652, 0, 0, 0
189000, 1066281, 0, 0, 0
190001, 1012719, 0, 0, 0
191000, 1076371, 0, 0, 0
192000, 1056905, 0, 0, 0
193000, 1188054, 0, 0, 0
194000, 1388194, 0, 0, 0
195000, 1460772, 0, 0, 0
196006, 1361722, 0, 0, 0
197000, 1478612, 0, 0, 0
198000, 1382692, 0, 0, 0
199000, 1412862, 0, 0, 0
200014, 1468891, 0, 0, 0
201002, 1396277, 0, 0, 0
202000, 1487373, 0, 0, 0
203002, 1404479, 0, 0, 0
204000, 1029770, 0, 0, 0
205000, 986698, 0, 0, 0
206000, 962441, 0, 0, 0
207000, 990923, 0, 0, 0
208002, 987334, 0, 0, 0
209001, 1084434, 0, 0, 0
210000, 1103445, 0, 0, 0
211005, 1160706, 0, 0, 0
212000, 1190268, 0, 0, 0
213001, 1116793, 0, 0, 0
214002, 1050774, 0, 0, 0
215000, 1216797, 0, 0, 0
216000, 1545601, 0, 0, 0
217002, 1472531, 0, 0, 0
218000, 1380611, 0, 0, 0
219014, 1389319, 0, 0, 0
220006, 1379724, 0, 0, 0
221000, 1426344, 0, 0, 0
222000, 1430001, 0, 0, 0
223000, 1408363, 0, 0, 0
224006, 1350579, 0, 0, 0
225014, 981667, 0, 0, 0
226000, 919681, 0, 0, 0
227000, 946459, 0, 0, 0
228000, 915779, 0, 0, 0
229000, 917423, 0, 0, 0
230000, 990734, 0, 0, 0
231012, 946649, 0, 0, 0
232000, 961390, 0, 0, 0
233000, 1005806, 0, 0, 0
234000, 1042938, 0, 0, 0
235000, 1069014, 0, 0, 0
236000, 1174675, 0, 0, 0
237000, 1273721, 0, 0, 0
238000, 1215608, 0, 0, 0
239000, 1135150, 0, 0, 0
240000, 1207772, 0, 0, 0
241000, 1202694, 0, 0, 0
242006, 1188671, 0, 0, 0
243000, 1178989, 0, 0, 0
244000, 1226223, 0, 0, 0
245004, 1211640, 0, 0, 0
246000, 1176898, 0, 0, 0
247000, 1153678, 0, 0, 0
248000, 1083767, 0, 0, 0
249000, 1116610, 0, 0, 0
250000, 1136503, 0, 0, 0
251001, 1187242, 0, 0, 0
252000, 1174134, 0, 0, 0
253000, 1165229, 0, 0, 0
254006, 1199942, 0, 0, 0
255000, 1186440, 0, 0, 0
256000, 1180876, 0, 0, 0
257000, 1156981, 0, 0, 0
258000, 1105046, 0, 0, 0
259000, 1042193, 0, 0, 0
260000, 994608, 0, 0, 0
261000, 1054085, 0, 0, 0
262000, 992849, 0, 0, 0
263000, 967195, 0, 0, 0
264001, 1041906, 0, 0, 0
265000, 1037360, 0, 0, 0
266000, 1019638, 0, 0, 0
267000, 959947, 0, 0, 0
268000, 1454182, 0, 0, 0
269000, 1409178, 0, 0, 0
270002, 1458880, 0, 0, 0
271014, 1435809, 0, 0, 0
272000, 1431221, 0, 0, 0
273000, 1371053, 0, 0, 0
274000, 1415950, 0, 0, 0
275000, 1372399, 0, 0, 0
276000, 1568802, 0, 0, 0
277000, 1418095, 0, 0, 0
278002, 1440543, 0, 0, 0
279000, 1426924, 0, 0, 0
280000, 1504728, 0, 0, 0
281000, 1584005, 0, 0, 0
282000, 1414847, 0, 0, 0
283000, 1456021, 0, 0, 0
284002, 1390436, 0, 0, 0
285000, 1488231, 0, 0, 0
286000, 1378531, 0, 0, 0
287001, 1368658, 0, 0, 0
288000, 1032036, 0, 0, 0
289000, 1017737, 0, 0, 0
290000, 1033583, 0, 0, 0
291000, 1072625, 0, 0, 0
292000, 1023048, 0, 0, 0
293002, 1020520, 0, 0, 0
294000, 1240491, 0, 0, 0
295007, 1190579, 0, 0, 0
296000, 1173566, 0, 0, 0
297000, 1109331, 0, 0, 0
298010, 983172, 0, 0, 0
299000, 977132, 0, 0, 0
300002, 953630, 0, 0, 0
301014, 941885, 0, 0, 0
302000, 970412, 0, 0, 0
303000, 1004631, 0, 0, 0
304000, 1081809, 0, 0, 0
305000, 1017255, 0, 0, 0
306000, 1047986, 0, 0, 0
307006, 985073, 0, 0, 0
308000, 1469715, 0, 0, 0
309010, 1431058, 0, 0, 0
310006, 1431357, 0, 0, 0
311002, 1393642, 0, 0, 0
312000, 1342941, 0, 0, 0
313006, 1343223, 0, 0, 0
314000, 1408951, 0, 0, 0
315000, 1384864, 0, 0, 0
316000, 1436362, 0, 0, 0
317000, 1454982, 0, 0, 0
318006, 1407991, 0, 0, 0
319000, 1574620, 0, 0, 0
320000, 993923, 0, 0, 0
321006, 966644, 0, 0, 0
322000, 966765, 0, 0, 0
323000, 940207, 0, 0, 0
324000, 959097, 0, 0, 0
325010, 981881, 0, 0, 0
326008, 1051604, 0, 0, 0
327000, 1076923, 0, 0, 0
328000, 1054429, 0, 0, 0
329000, 1001337, 0, 0, 0
330000, 1154716, 0, 0, 0
331000, 1119500, 0, 0, 0
332000, 1090112, 0, 0, 0
333000, 993801, 0, 0, 0
334000, 1021602, 0, 0, 0
335000, 1030123, 0, 0, 0
336000, 1033073, 0, 0, 0
337000, 1045117, 0, 0, 0
338000, 1163266, 0, 0, 0
339005, 1201685, 0, 0, 0
340000, 1229510, 0, 0, 0
341000, 1140995, 0, 0, 0
342002, 1176901, 0, 0, 0
343008, 1205934, 0, 0, 0
344000, 1283130, 0, 0, 0
345009, 1098084, 0, 0, 0
346005, 1077230, 0, 0, 0
347000, 1072593, 0, 0, 0
348000, 1138338, 0, 0, 0
349000, 1130716, 0, 0, 0
350001, 969160, 0, 0, 0
351000, 1049070, 0, 0, 0
352000, 997446, 0, 0, 0
353000, 993401, 0, 0, 0
354000, 1135579, 0, 0, 0
355000, 1224396, 0, 0, 0
356000, 1104855, 0, 0, 0
357000, 1086353, 0, 0, 0
358010, 997558, 0, 0, 0
359000, 1376547, 0, 0, 0
360000, 1360163, 0, 0, 0
361000, 1428222, 0, 0, 0
362010, 1456621, 0, 0, 0
363000, 1490869, 0, 0, 0
364000, 1452542, 0, 0, 0
365000, 1492834, 0, 0, 0
366000, 1397124, 0, 0, 0
367002, 1410431, 0, 0, 0
368000, 1464756, 0, 0, 0
369000, 1386091, 0, 0, 0
370000, 1462043, 0, 0, 0
371010, 1484306, 0, 0, 0
372006, 1502686, 0, 0, 0
373000, 1413596, 0, 0, 0
374000, 1813982, 0, 0, 0
375002, 1301484, 0, 0, 0
376000, 1161742, 0, 0, 0
377000, 1075843, 0, 0, 0
378000, 1111194, 0, 0, 0
379000, 1039850, 0, 0, 0
380000, 1020455, 0, 0, 0
381000, 1079179, 0, 0, 0
382000, 1020494, 0, 0, 0
383000, 972019, 0, 0, 0
384002, 1016517, 0, 0, 0
385000, 1034403, 0, 0, 0
386000, 1014195, 0, 0, 0
387000, 1048017, 0, 0, 0
388000, 1240969, 0, 0, 0
389003, 1215364, 0, 0, 0
390009, 1074014, 0, 0, 0
391009, 1034607, 0, 0, 0
392005, 985450, 0, 0, 0
393012, 1056190, 0, 0, 0
394000, 1113224, 0, 0, 0
395003, 1223133, 0, 0, 0
396000, 1158163, 0, 0, 0
397006, 1140522, 0, 0, 0
398004, 1162971, 0, 0, 0
399014, 1120317, 0, 0, 0
400000, 1101095, 0, 0, 0
401000, 1156585, 0, 0, 0
402000, 1113029, 0, 0, 0
403001, 1120871, 0, 0, 0
404000, 1051984, 0, 0, 0
405006, 1031077, 0, 0, 0
406000, 1171844, 0, 0, 0
407000, 1524031, 0, 0, 0
408000, 1490073, 0, 0, 0
409002, 1448342, 0, 0, 0
410000, 1490705, 0, 0, 0
411000, 1397143, 0, 0, 0
412000, 1401159, 0, 0, 0
413000, 1453297, 0, 0, 0
414006, 1421949, 0, 0, 0
415000, 1428149, 0, 0, 0
416010, 1478778, 0, 0, 0
417000, 1258815, 0, 0, 0
418006, 973124, 0, 0, 0
419000, 972506, 0, 0, 0
420002, 931167, 0, 0, 0
421014, 960876, 0, 0, 0
422006, 951932, 0, 0, 0
423000, 1011947, 0, 0, 0
424000, 958238, 0, 0, 0
425000, 1014529, 0, 0, 0
426000, 967733, 0, 0, 0
427000, 966872, 0, 0, 0
428000, 977985, 0, 0, 0
429000, 1036650, 0, 0, 0
430004, 1090640, 0, 0, 0
431000, 1214566, 0, 0, 0
432000, 1211117, 0, 0, 0
433000, 1123560, 0, 0, 0
434000, 1203859, 0, 0, 0
435004, 1165647, 0, 0, 0
436000, 1143349, 0, 0, 0
437003, 1231308, 0, 0, 0
438000, 1065282, 0, 0, 0
439000, 1039827, 0, 0, 0
440000, 1021820, 0, 0, 0
441004, 1005983, 0, 0, 0
442000, 1012002, 0, 0, 0
443014, 974163, 0, 0, 0
444000, 976426, 0, 0, 0
445000, 980643, 0, 0, 0
446000, 968099, 0, 0, 0
447001, 977846, 0, 0, 0
448006, 997331, 0, 0, 0
449006, 1168007, 0, 0, 0
450002, 1159775, 0, 0, 0
451000, 1139764, 0, 0, 0
452000, 1187201, 0, 0, 0
453000, 1141586, 0, 0, 0
454000, 1112822, 0, 0, 0
455000, 1131965, 0, 0, 0
456010, 1422211, 0, 0, 0
457000, 1386552, 0, 0, 0
458014, 1426575, 0, 0, 0
459002, 1354130, 0, 0, 0
460006, 1494310, 0, 0, 0
461000, 1503545, 0, 0, 0
462014, 1428064, 0, 0, 0
463000, 1498714, 0, 0, 0
464010, 1650813, 0, 0, 0
465006, 1208597, 0, 0, 0
466000, 1155072, 0, 0, 0
467000, 1009955, 0, 0, 0
468000, 1004965, 0, 0, 0
469000, 1014455, 0, 0, 0
470000, 981080, 0, 0, 0
471004, 1039794, 0, 0, 0
472006, 1022565, 0, 0, 0
473000, 1038992, 0, 0, 0
474000, 1062568, 0, 0, 0
475000, 1012847, 0, 0, 0
476002, 1004081, 0, 0, 0
477000, 1045103, 0, 0, 0
478013, 975677, 0, 0, 0
479000, 1025622, 0, 0, 0
480000, 992980, 0, 0, 0
480014, 14808066, 0, 0, 0
