1000, 1367790, 1, 0, 0
2007, 1194072, 1, 0, 0
3003, 1037324, 1, 0, 0
4000, 1042593, 1, 0, 0
5000, 1089124, 1, 0, 0
6000, 1054679, 1, 0, 0
7000, 1334200, 1, 0, 0
8007, 1299687, 1, 0, 0
9000, 1352296, 1, 0, 0
10000, 1316352, 1, 0, 0
11000, 1163084, 1, 0, 0
12000, 1037072, 1, 0, 0
13000, 1077626, 1, 0, 0
14000, 1129858, 1, 0, 0
15006, 1066286, 1, 0, 0
16000, 1410721, 1, 0, 0
17006, 1183296, 1, 0, 0
18000, 1109769, 1, 0, 0
19007, 984820, 1, 0, 0
20000, 974149, 1, 0, 0
21003, 979425, 1, 0, 0
22011, 972592, 1, 0, 0
23000, 963077, 1, 0, 0
24011, 960146, 1, 0, 0
25000, 980176, 1, 0, 0
26000, 963628, 1, 0, 0
27000, 1009924, 1, 0, 0
28000, 959783, 1, 0, 0
29007, 915266, 1, 0, 0
30000, 949108, 1, 0, 0
31000, 929608, 1, 0, 0
32000, 927074, 1, 0, 0
33000, 991908, 1, 0, 0
34000, 990886, 1, 0, 0
35000, 1007433, 1, 0, 0
36000, 1010089, 1, 0, 0
37000, 1017347, 1, 0, 0
38000, 1015297, 1, 0, 0
39000, 1129457, 1, 0, 0
40000, 1104027, 1, 0, 0
41000, 1029439, 1, 0, 0
42000, 1036724, 1, 0, 0
43000, 1015892, 1, 0, 0
44000, 1113837, 1, 0, 0
45000, 1100170, 1, 0, 0
46006, 1227247, 1, 0, 0
47000, 1254141, 1, 0, 0
48000, 1601799, 1, 0, 0
49007, 1631761, 1, 0, 0
50000, 1537137, 1, 0, 0
51000, 1482156, 1, 0, 0
52009, 1370550, 1, 0, 0
53000, 1388552, 1, 0, 0
54000, 1515839, 1, 0, 0
55007, 1888868, 1, 0, 0
56000, 1633110, 1, 0, 0
57000, 1762596, 1, 0, 0
58000, 1745151, 1, 0, 0
59005, 1669045, 1, 0, 0
60003, 1815831, 1, 0, 0
61000, 1705823, 1, 0, 0
62000, 1324902, 1, 0, 0
63002, 1427218, 1, 0, 0
64000, 1478515, 1, 0, 0
65000, 1577455, 1, 0, 0
66005, 1793497, 1, 0, 0
67000, 1827180, 1, 0, 0
68000, 1746158, 1, 0, 0
69000, 1893933, 1, 0, 0
70000, 1830377, 1, 0, 0
71005, 1764930, 1, 0, 0
72000, 1565215, 1, 0, 0
73000, 1327432, 1, 0, 0
74011, 1318934, 1, 0, 0
75011, 1362131, 1, 0, 0
76000, 1134424, 1, 0, 0
77000, 1058823, 1, 0, 0
78000, 1079758, 1, 0, 0
79000, 1041382, 1, 0, 0
80000, 1053276, 1, 0, 0
81000, 1009946, 1, 0, 0
82000, 1284563, 1, 0, 0
83000, 1249518, 1, 0, 0
84000, 1319184, 1, 0, 0
85004, 1256146, 1, 0, 0
86002, 1226670, 1, 0, 0
87000, 1210608, 1, 0, 0
88006, 1170482, 1, 0, 0
89002, 1157422, 1, 0, 0
90011, 1007257, 1, 0, 0
91003, 958735, 1, 0, 0
92000, 973974, 1, 0, 0
93000, 954018, 1, 0, 0
94015, 962072, 1, 0, 0
95011, 959083, 1, 0, 0
96000, 1007136, 1, 0, 0
97000, 955654, 1, 0, 0
98000, 963393, 1, 0, 0
99000, 959000, 1, 0, 0
100011, 958815, 1, 0, 0
101003, 963043, 1, 0, 0
102015, 993031, 1, 0, 0
103003, 968320, 1, 0, 0
104000, 974256, 1, 0, 0
105011, 949944, 1, 0, 0
106000, 977175, 1, 0, 0
107000, 956127, 1, 0, 0
108000, 1441912, 1, 0, 0
109000, 1468047, 1, 0, 0
110002, 1427171, 1, 0, 0
111006, 1730558, 1, 0, 0
112002, 1879764, 1, 0, 0
113000, 1749794, 1, 0, 0
114000, 1748485, 1, 0, 0
115004, 1852158, 1, 0, 0
116003, 1802755, 1, 0, 0
117000, 1809409, 1, 0, 0
118000, 1847241, 1, 0, 0
119000, 1019694, 1, 0, 0
120000, 1004398, 1, 0, 0
121014, 971598, 1, 0, 0
122000, 991354, 1, 0, 0
123000, 977833, 1, 0, 0
124002, 975570, 1, 0, 0
125000, 991439, 1, 0, 0
126000, 966092, 1, 0, 0
127002, 957336, 1, 0, 0
128005, 964236, 1, 0, 0
129000, 977156, 1, 0, 0
130000, 973015, 1, 0, 0
131000, 1008811, 1, 0, 0
132000, 983247, 1, 0, 0
133000, 1022744, 1, 0, 0
134000, 978258, 1, 0, 0
135000, 993621, 1, 0, 0
136000, 1000942, 1, 0, 0
137000, 963843, 1, 0, 0
138000, 913029, 1, 0, 0
139000, 925345, 1, 0, 0
140000, 936316, 1, 0, 0
141000, 932603, 1, 0, 0
142007, 951262, 1, 0, 0
143000, 1005201, 1, 0, 0
144000, 1013220, 1, 0, 0
145000, 977303, 1, 0, 0
146000, 1036134, 1, 0, 0
147000, 1038703, 1, 0, 0
148000, 1070391, 1, 0, 0
149000, 1104706, 1, 0, 0
150000, 1066912, 1, 0, 0
151000, 1066276, 1, 0, 0
152011, 1105257, 1, 0, 0
153000, 992786, 1, 0, 0
154000, 994269, 1, 0, 0
155000, 970122, 1, 0, 0
156000, 1069910, 1, 0, 0
157000, 1067730, 1, 0, 0
158000, 991524, 1, 0, 0
159000, 997412, 1, 0, 0
160000, 977057, 1, 0, 0
161000, 1085872, 1, 0, 0
162000, 1130613, 1, 0, 0
163000, 1063648, 1, 0, 0
164000, 1063149, 1, 0, 0
165000, 1110431, 1, 0, 0
166000, 1029437, 1, 0, 0
167000, 1026460, 1, 0, 0
168000, 1023015, 1, 0, 0
169000, 1131457, 1, 0, 0
170000, 1046323, 1, 0, 0
171000, 1050469, 1, 0, 0
172000, 1059194, 1, 0, 0
173000, 1081634, 1, 0, 0
174000, 1045939, 1, 0, 0
175000, 1098545, 1, 0, 0
176000, 1117445, 1, 0, 0
177000, 1074306, 1, 0, 0
178000, 1018200, 1, 0, 0
179003, 1000389, 1, 0, 0
180006, 1196460, 1, 0, 0
181004, 1226705, 1, 0, 0
182000, 1285864, 1, 0, 0
183000, 1085083, 1, 0, 0
184005, 1161184, 1, 0, 0
185005, 1572827, 1, 0, 0
186004, 1514778, 1, 0, 0
187002, 1465344, 1, 0, 0
188000, 1354671, 1, 0, 0
189000, 1321394, 1, 0, 0
190000, 1338225, 1, 0, 0
191000, 1207944, 1, 0, 0
192000, 1053853, 1, 0, 0
193000, 1043985, 1, 0, 0
194010, 1179275, 1, 0, 0
195000, 1375331, 1, 0, 0
196010, 1344059, 1, 0, 0
197007, 1243690, 1, 0, 0
198000, 1663801, 1, 0, 0
199002, 1438558, 1, 0, 0
200000, 1406798, 1, 0, 0
201000, 1426906, 1, 0, 0
202010, 1294706, 1, 0, 0
203000, 1231122, 1, 0, 0
204000, 1542521, 1, 0, 0
205004, 1472673, 1, 0, 0
206000, 1414765, 1, 0, 0
207000, 1530048, 1, 0, 0
208000, 1526486, 1, 0, 0
209000, 1172488, 1, 0, 0
210000, 1118439, 1, 0, 0
211006, 1322646, 1, 0, 0
212009, 1352821, 1, 0, 0
213000, 1217824, 1, 0, 0
214000, 1117700, 1, 0, 0
215000, 1609273, 1, 0, 0
216000, 1441840, 1, 0, 0
217002, 1399864, 1, 0, 0
218003, 1571412, 1, 0, 0
219006, 1666460, 1, 0, 0
220000, 1584681, 1, 0, 0
221001, 1704732, 1, 0, 0
222005, 1722335, 1, 0, 0
223008, 1754954, 1, 0, 0
224000, 1595067, 1, 0, 0
225000, 1322014, 1, 0, 0
226008, 1288338, 1, 0, 0
227000, 1282708, 1, 0, 0
228000, 1400334, 1, 0, 0
229006, 1402433, 1, 0, 0
230000, 1389536, 1, 0, 0
231003, 1444595, 1, 0, 0
232000, 1508425, 1, 0, 0
233010, 1592370, 1, 0, 0
234000, 1666964, 1, 0, 0
235000, 1672305, 1, 0, 0
236004, 1601313, 1, 0, 0
237008, 1370038, 1, 0, 0
238000, 1450901, 1, 0, 0
239000, 1455433, 1, 0, 0
240000, 1422949, 1, 0, 0
241004, 1047097, 1, 0, 0
242000, 1002784, 1, 0, 0
243000, 955794, 1, 0, 0
244000, 971507, 1, 0, 0
245000, 965271, 1, 0, 0
246000, 955570, 1, 0, 0
247000, 965783, 1, 0, 0
248000, 1066680, 1, 0, 0
249000, 1044160, 1, 0, 0
250012, 1029965, 1, 0, 0
251000, 1001695, 1, 0, 0
252000, 1002688, 1, 0, 0
253000, 1029311, 1, 0, 0
254019, 1037077, 1, 0, 0
255000, 1033159, 1, 0, 0
256000, 996196, 1, 0, 0
257008, 1273578, 1, 0, 0
258008, 1519935, 1, 0, 0
259006, 1514180, 1, 0, 0
260000, 1787223, 1, 0, 0
261000, 1402072, 1, 0, 0
262001, 1196298, 1, 0, 0
263006, 1351099, 1, 0, 0
264006, 1441021, 1, 0, 0
265005, 1500623, 1, 0, 0
266000, 1534218, 1, 0, 0
267007, 1983384, 1, 0, 0
268000, 1919449, 1, 0, 0
269002, 1236131, 1, 0, 0
270000, 1239818, 1, 0, 0
271000, 1247182, 1, 0, 0
272000, 1432383, 1, 0, 0
273000, 1354863, 1, 0, 0
274000, 1441703, 1, 0, 0
275000, 1390551, 1, 0, 0
276002, 1364461, 1, 0, 0
277012, 1470929, 1, 0, 0
278000, 1974281, 1, 0, 0
279000, 1842565, 1, 0, 0
280008, 1236841, 1, 0, 0
281006, 1057832, 1, 0, 0
282000, 979999, 1, 0, 0
283000, 973449, 1, 0, 0
284000, 986965, 1, 0, 0
285007, 978111, 1, 0, 0
286000, 988920, 1, 0, 0
287004, 1572593, 1, 0, 0
288000, 1964405, 1, 0, 0
289000, 1614783, 1, 0, 0
290000, 1148047, 1, 0, 0
291000, 1065368, 1, 0, 0
292000, 1120613, 1, 0, 0
293012, 1097851, 1, 0, 0
294000, 1113055, 1, 0, 0
295000, 1117658, 1, 0, 0
296000, 988455, 1, 0, 0
297005, 1031468, 1, 0, 0
298000, 1025447, 1, 0, 0
299025, 1072285, 1, 0, 0
300000, 1175914, 1, 0, 0
301002, 1166083, 1, 0, 0
302000, 1263459, 1, 0, 0
303000, 1246450, 1, 0, 0
304000, 1295232, 1, 0, 0
305002, 1310987, 1, 0, 0
306006, 1382780, 1, 0, 0
307000, 1401420, 1, 0, 0
308000, 1399654, 1, 0, 0
309009, 1604090, 1, 0, 0
310002, 2324841, 1, 0, 0
311005, 1971015, 1, 0, 0
312003, 1902541, 1, 0, 0
313001, 2007670, 1, 0, 0
314000, 1971758, 1, 0, 0
315000, 1929055, 1, 0, 0
316000, 2024429, 1, 0, 0
317000, 1926841, 1, 0, 0
318000, 1504795, 1, 0, 0
319008, 1168542, 1, 0, 0
320005, 1158537, 1, 0, 0
321000, 1105822, 1, 0, 0
322000, 1004706, 1, 0, 0
323000, 993517, 1, 0, 0
324002, 993391, 1, 0, 0
325000, 1003616, 1, 0, 0
326000, 1003132, 1, 0, 0
327016, 1014392, 1, 0, 0
328000, 979256, 1, 0, 0
329020, 944299, 1, 0, 0
330012, 968651, 1, 0, 0
331000, 975777, 1, 0, 0
332000, 971035, 1, 0, 0
333000, 1062613, 1, 0, 0
334000, 1124197, 1, 0, 0
335000, 1012118, 1, 0, 0
336000, 979358, 1, 0, 0
337000, 976367, 1, 0, 0
338000, 978642, 1, 0, 0
339000, 1034607, 1, 0, 0
340000, 974691, 1, 0, 0
341000, 1006464, 1, 0, 0
342000, 1017434, 1, 0, 0
343000, 1008672, 1, 0, 0
344000, 1051736, 1, 0, 0
345000, 1028864, 1, 0, 0
346000, 1064839, 1, 0, 0
347000, 1060406, 1, 0, 0
348000, 1092114, 1, 0, 0
349005, 1027674, 1, 0, 0
350000, 1017894, 1, 0, 0
351012, 1153106, 1, 0, 0
352000, 1553241, 1, 0, 0
353000, 1704120, 1, 0, 0
354006, 1342791, 1, 0, 0
355006, 1418594, 1, 0, 0
356000, 1485690, 1, 0, 0
357006, 1439793, 1, 0, 0
358023, 1408154, 1, 0, 0
359007, 1538998, 1, 0, 0
360006, 1484987, 1, 0, 0
361000, 1721230, 1, 0, 0
362001, 2103668, 1, 0, 0
363000, 1685080, 1, 0, 0
364000, 1605752, 1, 0, 0
365002, 1624718, 1, 0, 0
366000, 1430083, 1, 0, 0
367001, 1376608, 1, 0, 0
368000, 1470312, 1, 0, 0
369001, 1463599, 1, 0, 0
370000, 1505230, 1, 0, 0
371010, 1734002, 1, 0, 0
372000, 1896508, 1, 0, 0
373000, 1177160, 1, 0, 0
374000, 1208192, 1, 0, 0
375000, 1349051, 1, 0, 0
376000, 1327929, 1, 0, 0
377000, 1266498, 1, 0, 0
378004, 1407154, 1, 0, 0
379003, 1575125, 1, 0, 0
380000, 1535550, 1, 0, 0
381000, 1683786, 1, 0, 0
382000, 1712834, 1, 0, 0
383000, 1639848, 1, 0, 0
384000, 1663179, 1, 0, 0
385000, 1739349, 1, 0, 0
386001, 1718856, 1, 0, 0
387007, 1782329, 1, 0, 0
388000, 1842755, 1, 0, 0
389007, 1827529, 1, 0, 0
390000, 1904231, 1, 0, 0
391003, 1945617, 1, 0, 0
392000, 2066419, 1, 0, 0
393005, 1623998, 1, 0, 0
394000, 1485111, 1, 0, 0
395000, 1472163, 1, 0, 0
396000, 1488392, 1, 0, 0
397000, 1518445, 1, 0, 0
398000, 1695123, 1, 0, 0
399006, 1697807, 1, 0, 0
400006, 1807729, 1, 0, 0
401000, 1749427, 1, 0, 0
402022, 1996191, 1, 0, 0
403000, 1629479, 1, 0, 0
404002, 1526458, 1, 0, 0
405000, 1328070, 1, 0, 0
406001, 1313438, 1, 0, 0
407000, 1380249, 1, 0, 0
408000, 1354641, 1, 0, 0
409005, 1541575, 1, 0, 0
410009, 1848297, 1, 0, 0
411004, 2005857, 1, 0, 0
412001, 1919247, 1, 0, 0
413008, 1941771, 1, 0, 0
414001, 1425820, 1, 0, 0
415000, 1287327, 1, 0, 0
416000, 1307063, 1, 0, 0
417000, 1254091, 1, 0, 0
418012, 1105327, 1, 0, 0
419000, 982011, 1, 0, 0
420000, 1000941, 1, 0, 0
421000, 953530, 1, 0, 0
422000, 954911, 1, 0, 0
423000, 963776, 1, 0, 0
424012, 959057, 1, 0, 0
425000, 968062, 1, 0, 0
426000, 995146, 1, 0, 0
427004, 968001, 1, 0, 0
428012, 949698, 1, 0, 0
429004, 962624, 1, 0, 0
430012, 967846, 1, 0, 0
431004, 962189, 1, 0, 0
432000, 1124733, 1, 0, 0
433000, 1084295, 1, 0, 0
434000, 1093866, 1, 0, 0
435000, 1074132, 1, 0, 0
436000, 1136593, 1, 0, 0
437000, 1098725, 1, 0, 0
438001, 1072747, 1, 0, 0
439000, 1366151, 1, 0, 0
440000, 1745642, 1, 0, 0
441004, 1684754, 1, 0, 0
442000, 1639133, 1, 0, 0
443003, 1735133, 1, 0, 0
444000, 1663881, 1, 0, 0
445002, 1856035, 1, 0, 0
446000, 2026908, 1, 0, 0
447000, 1909623, 1, 0, 0
448000, 1899979, 1, 0, 0
449011, 2089974, 1, 0, 0
450009, 2166190, 1, 0, 0
451000, 1920336, 1, 0, 0
452000, 2043504, 1, 0, 0
453000, 1988458, 1, 0, 0
454000, 1609352, 1, 0, 0
455000, 1171179, 1, 0, 0
456003, 1200642, 1, 0, 0
457016, 1149203, 1, 0, 0
458000, 1180580, 1, 0, 0
459002, 1091693, 1, 0, 0
460006, 984524, 1, 0, 0
461000, 981797, 1, 0, 0
462000, 988522, 1, 0, 0
463000, 989870, 1, 0, 0
464000, 984309, 1, 0, 0
465000, 1007585, 1, 0, 0
466000, 955915, 1, 0, 0
467000, 981069, 1, 0, 0
468000, 956436, 1, 0, 0
469000, 964427, 1, 0, 0
470000, 956108, 1, 0, 0
471012, 990644, 1, 0, 0
472000, 965615, 1, 0, 0
473000, 969870, 1, 0, 0
474008, 963141, 1, 0, 0
475000, 954255, 1, 0, 0
476000, 970686, 1, 0, 0
477001, 1161384, 1, 0, 0
478000, 1585874, 1, 0, 0
479001, 1315217, 1, 0, 0
480001, 1353992, 1, 0, 0
480001, 1424670, 1, 0, 0
