1001, 1068727, 0, 0, 0
2000, 1144948, 0, 0, 0
3005, 1232530, 0, 0, 0
4000, 1214206, 0, 0, 0
5000, 1132151, 0, 0, 0
6000, 1082510, 0, 0, 0
7014, 1334425, 0, 0, 0
8000, 1428222, 0, 0, 0
9000, 1356016, 0, 0, 0
10000, 1498510, 0, 0, 0
11006, 1358744, 0, 0, 0
12002, 1470496, 0, 0, 0
13000, 1495852, 0, 0, 0
14000, 1995293, 0, 0, 0
15000, 1125500, 0, 0, 0
16000, 1145543, 0, 0, 0
17018, 1124306, 0, 0, 0
18000, 1164275, 0, 0, 0
19000, 1145975, 0, 0, 0
20000, 1113779, 0, 0, 0
21000, 1104794, 0, 0, 0
22000, 1054263, 0, 0, 0
23000, 1028835, 0, 0, 0
24000, 1083048, 0, 0, 0
25000, 1030192, 0, 0, 0
26004, 1028593, 0, 0, 0
27000, 1003855, 0, 0, 0
28000, 1406703, 0, 0, 0
29000, 1355974, 0, 0, 0
30000, 1331909, 0, 0, 0
31000, 1395918, 0, 0, 0
32006, 1349985, 0, 0, 0
33000, 1457360, 0, 0, 0
34000, 1411355, 0, 0, 0
35002, 1419861, 0, 0, 0
36000, 1452206, 0, 0, 0
37000, 1365341, 0, 0, 0
38014, 1279491, 0, 0, 0
39010, 980116, 0, 0, 0
40000, 1001342, 0, 0, 0
41000, 956292, 0, 0, 0
42002, 942652, 0, 0, 0
43010, 954061, 0, 0, 0
44000, 997256, 0, 0, 0
45000, 1029691, 0, 0, 0
46000, 1046139, 0, 0, 0
47014, 1017585, 0, 0, 0
48000, 987126, 0, 0, 0
49003, 964497, 0, 0, 0
50000, 1090478, 0, 0, 0
51000, 1002097, 0, 0, 0
52000, 965249, 0, 0, 0
53010, 977916, 0, 0, 0
54010, 926197, 0, 0, 0
55000, 925336, 0, 0, 0
56013, 965329, 0, 0, 0
57004, 1177706, 0, 0, 0
58000, 1112560, 0, 0, 0
59001, 1079167, 0, 0, 0
60000, 1106222, 0, 0, 0
61000, 1085419, 0, 0, 0
62002, 1087144, 0, 0, 0
63000, 1142803, 0, 0, 0
64000, 1301018, 0, 0, 0
65006, 1213323, 0, 0, 0
66000, 1137380, 0, 0, 0
67000, 1232416, 0, 0, 0
68000, 1219604, 0, 0, 0
69000, 1160529, 0, 0, 0
70000, 1188929, 0, 0, 0
71003, 1285122, 0, 0, 0
72000, 1226670, 0, 0, 0
73000, 1117721, 0, 0, 0
74000, 1185072, 0, 0, 0
75000, 1168517, 0, 0, 0
76000, 1149729, 0, 0, 0
77000, 1186181, 0, 0, 0
78000, 1252123, 0, 0, 0
79004, 1135756, 0, 0, 0
80002, 1124946, 0, 0, 0
81004, 1197937, 0, 0, 0
82000, 1154124, 0, 0, 0
83001, 1145328, 0, 0, 0
84005, 1167196, 0, 0, 0
85000, 1173871, 0, 0, 0
86000, 1128751, 0, 0, 0
87000, 1224178, 0, 0, 0
88000, 1184125, 0, 0, 0
89000, 1120893, 0, 0, 0
90005, 1118125, 0, 0, 0
91000, 1192362, 0, 0, 0
92004, 1075507, 0, 0, 0
93000, 1080579, 0, 0, 0
94000, 1086377, 0, 0, 0
95000, 1093721, 0, 0, 0
96013, 1100703, 0, 0, 0
97000, 983779, 0, 0, 0
98000, 1055228, 0, 0, 0
99000, 1028478, 0, 0, 0
100000, 1010658, 0, 0, 0
101000, 1042252, 0, 0, 0
102000, 1391322, 0, 0, 0
103006, 1396727, 0, 0, 0
104000, 1421674, 0, 0, 0
105010, 1346492, 0, 0, 0
106000, 1331378, 0, 0, 0
107000, 1318508, 0, 0, 0
108000, 1402591, 0, 0, 0
109014, 1375460, 0, 0, 0
110000, 1411242, 0, 0, 0
111006, 1433411, 0, 0, 0
112000, 1481418, 0, 0, 0
113006, 1425440, 0, 0, 0
114014, 1131319, 0, 0, 0
115010, 924348, 0, 0, 0
116000, 947616, 0, 0, 0
117000, 986573, 0, 0, 0
118010, 944486, 0, 0, 0
119000, 970709, 0, 0, 0
120000, 948931, 0, 0, 0
121014, 946859, 0, 0, 0
122010, 937410, 0, 0, 0
123000, 959127, 0, 0, 0
124002, 913473, 0, 0, 0
125000, 967092, 0, 0, 0
126000, 944412, 0, 0, 0
127002, 914581, 0, 0, 0
128002, 946830, 0, 0, 0
129000, 956068, 0, 0, 0
130000, 922273, 0, 0, 0
131000, 967413, 0, 0, 0
132000, 990525, 0, 0, 0
133000, 1048788, 0, 0, 0
134000, 1150452, 0, 0, 0
135000, 1130179, 0, 0, 0
136000, 1110212, 0, 0, 0
137000, 1100212, 0, 0, 0
138000, 1063130, 0, 0, 0
139000, 1156507, 0, 0, 0
140000, 1130558, 0, 0, 0
141000, 1099540, 0, 0, 0
142000, 1082723, 0, 0, 0
143001, 1071736, 0, 0, 0
144003, 1102862, 0, 0, 0
145000, 1092644, 0, 0, 0
146000, 1185985, 0, 0, 0
147000, 1201494, 0, 0, 0
148004, 1048969, 0, 0, 0
149000, 1044813, 0, 0, 0
150000, 1121695, 0, 0, 0
151000, 1168550, 0, 0, 0
152000, 1160994, 0, 0, 0
153002, 1041806, 0, 0, 0
154002, 1263881, 0, 0, 0
155000, 1235098, 0, 0, 0
156000, 1018301, 0, 0, 0
157010, 1004564, 0, 0, 0
158001, 1053319, 0, 0, 0
159000, 964615, 0, 0, 0
160000, 931944, 0, 0, 0
161010, 944518, 0, 0, 0
162006, 1000575, 0, 0, 0
163000, 956149, 0, 0, 0
164000, 1099015, 0, 0, 0
165000, 1167147, 0, 0, 0
166000, 1159197, 0, 0, 0
167000, 1262596, 0, 0, 0
168001, 1177412, 0, 0, 0
169000, 1218645, 0, 0, 0
170004, 1212210, 0, 0, 0
171000, 1279761, 0, 0, 0
172000, 1162515, 0, 0, 0
173000, 1136604, 0, 0, 0
174001, 1183160, 0, 0, 0
175001, 1154477, 0, 0, 0
176000, 1153707, 0, 0, 0
177000, 1197434, 0, 0, 0
178000, 1207421, 0, 0, 0
179000, 1124962, 0, 0, 0
180000, 1095237, 0, 0, 0
181000, 1141126, 0, 0, 0
182000, 1118124, 0, 0, 0
183000, 1098711, 0, 0, 0
184002, 1080504, 0, 0, 0
185000, 1047258, 0, 0, 0
186000, 1054553, 0, 0, 0
187000, 1010411, 0, 0, 0
188000, 1075039, 0, 0, 0
189000, 1062522, 0, 0, 0
190001, 1008852, 0, 0, 0
191000, 1072519, 0, 0, 0
192000, 1053034, 0, 0, 0
193000, 1182096, 0, 0, 0
194000, 1380411, 0, 0, 0
195000, 1452914, 0, 0, 0
196006, 1353588, 0, 0, 0
197000, 1471365, 0, 0, 0
198000, 1375199, 0, 0, 0
199000, 1405429, 0, 0, 0
200014, 1461285, 0, 0, 0
201002, 1388423, 0, 0, 0
202000, 1480461, 0, 0, 0
203002, 1398187, 0, 0, 0
204000, 1025631, 0, 0, 0
205000, 981890, 0, 0, 0
206000, 957939, 0, 0, 0
207000, 986820, 0, 0, 0
208002, 983479, 0, 0, 0
209001, 1081074, 0, 0, 0
210000, 1100721, 0, 0, 0
211005, 1157782, 0, 0, 0
212000, 1187557, 0, 0, 0
213001, 1114156, 0, 0, 0
214002, 1047166, 0, 0, 0
215000, 1209672, 0, 0, 0
216000, 1538314, 0, 0, 0
217002, 1465147, 0, 0, 0
218000, 1372426, 0, 0, 0
219014, 1381776, 0, 0, 0
220006, 1372092, 0, 0, 0
221000, 1418650, 0, 0, 0
222000, 1422219, 0, 0, 0
223000, 1401046, 0, 0, 0
224006, 1344277, 0, 0, 0
225014, 976998, 0, 0, 0
226000, 914311, 0, 0, 0
227000, 941371, 0, 0, 0
228000, 910653, 0, 0, 0
229000, 912294, 0, 0, 0
230000, 985768, 0, 0, 0
231012, 942264, 0, 0, 0
232000, 957250, 0, 0, 0
233000, 1001818, 0, 0, 0
234000, 1039766, 0, 0, 0
235000, 1065699, 0, 0, 0
236000, 1171762, 0, 0, 0
237000, 1269096, 0, 0, 0
238000, 1212198, 0, 0, 0
239000, 1132514, 0, 0, 0
240000, 1205064, 0, 0, 0
241000, 1197958, 0, 0, 0
242006, 1183918, 0, 0, 0
243000, 1174095, 0, 0, 0
244000, 1221708, 0, 0, 0
245004, 1208210, 0, 0, 0
246000, 1174224, 0, 0, 0
247000, 1150828, 0, 0, 0
248000, 1080815, 0, 0, 0
249000, 1113737, 0, 0, 0
250000, 1133870, 0, 0, 0
251001, 1183317, 0, 0, 0
252000, 1169920, 0, 0, 0
253000, 1160637, 0, 0, 0
254006, 1195450, 0, 0, 0
255000, 1181697, 0, 0, 0
256000, 1176180, 0, 0, 0
257000, 1152364, 0, 0, 0
258000, 1100701, 0, 0, 0
259000, 1038033, 0, 0, 0
260000, 990348, 0, 0, 0
261000, 1050352, 0, 0, 0
262000, 989144, 0, 0, 0
263000, 963502, 0, 0, 0
264001, 1038335, 0, 0, 0
265000, 1033504, 0, 0, 0
266000, 1015647, 0, 0, 0
267000, 955505, 0, 0, 0
268000, 1447372, 0, 0, 0
269000, 1400805, 0, 0, 0
270002, 1451064, 0, 0, 0
271014, 1427659, 0, 0, 0
272000, 1423409, 0, 0, 0
273000, 1363401, 0, 0, 0
274000, 1408022, 0, 0, 0
275000, 1364317, 0, 0, 0
276000, 1561417, 0, 0, 0
277000, 1410456, 0, 0, 0
278002, 1432704, 0, 0, 0
279000, 1418946, 0, 0, 0
280000, 1496860, 0, 0, 0
281000, 1576672, 0, 0, 0
282000, 1407246, 0, 0, 0
283000, 1448744, 0, 0, 0
284002, 1382521, 0, 0, 0
285000, 1480282, 0, 0, 0
286000, 1370988, 0, 0, 0
287001, 1363425, 0, 0, 0
288000, 1028207, 0, 0, 0
289000, 1013485, 0, 0, 0
290000, 1029761, 0, 0, 0
291000, 1068822, 0, 0, 0
292000, 1018992, 0, 0, 0
293002, 1016631, 0, 0, 0
294000, 1237256, 0, 0, 0
295007, 1187849, 0, 0, 0
296000, 1170867, 0, 0, 0
297000, 1105493, 0, 0, 0
298010, 978997, 0, 0, 0
299000, 972659, 0, 0, 0
300002, 949133, 0, 0, 0
301014, 937556, 0, 0, 0
302000, 965646, 0, 0, 0
303000, 1000189, 0, 0, 0
304000, 1078543, 0, 0, 0
305000, 1013203, 0, 0, 0
306000, 1044320, 0, 0, 0
307006, 980693, 0, 0, 0
308000, 1461856, 0, 0, 0
309010, 1423236, 0, 0, 0
310006, 1423261, 0, 0, 0
311002, 1386592, 0, 0, 0
312000, 1335184, 0, 0, 0
313006, 1335297, 0, 0, 0
314000, 1400537, 0, 0, 0
315000, 1377312, 0, 0, 0
316000, 1428670, 0, 0, 0
317000, 1447682, 0, 0, 0
318006, 1400028, 0, 0, 0
319000, 1566930, 0, 0, 0
320000, 989116, 0, 0, 0
321006, 962318, 0, 0, 0
322000, 961904, 0, 0, 0
323000, 935230, 0, 0, 0
324000, 954762, 0, 0, 0
325010, 977321, 0, 0, 0
326008, 1047577, 0, 0, 0
327000, 1073275, 0, 0, 0
328000, 1050943, 0, 0, 0
329000, 997611, 0, 0, 0
330000, 1151792, 0, 0, 0
331000, 1115658, 0, 0, 0
332000, 1085913, 0, 0, 0
333000, 990160, 0, 0, 0
334000, 1017829, 0, 0, 0
335000, 1026097, 0, 0, 0
336000, 1028927, 0, 0, 0
337000, 1041340, 0, 0, 0
338000, 1158838, 0, 0, 0
339005, 1196807, 0, 0, 0
340000, 1225149, 0, 0, 0
341000, 1138349, 0, 0, 0
342002, 1173703, 0, 0, 0
343008, 1200933, 0, 0, 0
344000, 1278041, 0, 0, 0
345009, 1094126, 0, 0, 0
346005, 1074311, 0, 0, 0
347000, 1069820, 0, 0, 0
348000, 1135602, 0, 0, 0
349000, 1127880, 0, 0, 0
350001, 965390, 0, 0, 0
351000, 1045359, 0, 0, 0
352000, 993379, 0, 0, 0
353000, 989510, 0, 0, 0
354000, 1131726, 0, 0, 0
355000, 1221640, 0, 0, 0
356000, 1102116, 0, 0, 0
357000, 1083748, 0, 0, 0
358010, 993092, 0, 0, 0
359000, 1368831, 0, 0, 0
360000, 1352529, 0, 0, 0
361000, 1420753, 0, 0, 0
362010, 1448307, 0, 0, 0
363000, 1482751, 0, 0, 0
364000, 1445317, 0, 0, 0
365000, 1485159, 0, 0, 0
366000, 1390127, 0, 0, 0
367002, 1402472, 0, 0, 0
368000, 1457440, 0, 0, 0
369000, 1378215, 0, 0, 0
370000, 1454330, 0, 0, 0
371010, 1476957, 0, 0, 0
372006, 1494629, 0, 0, 0
373000, 1405887, 0, 0, 0
374000, 1805963, 0, 0, 0
375002, 1297247, 0, 0, 0
376000, 1157205, 0, 0, 0
377000, 1071553, 0, 0, 0
378000, 1107245, 0, 0, 0
379000, 1035863, 0, 0, 0
380000, 1016374, 0, 0, 0
381000, 1075384, 0, 0, 0
382000, 1016697, 0, 0, 0
383000, 968342, 0, 0, 0
384002, 1012904, 0, 0, 0
385000, 1030824, 0, 0, 0
386000, 1010521, 0, 0, 0
387000, 1044300, 0, 0, 0
388000, 1237824, 0, 0, 0
389003, 1212556, 0, 0, 0
390009, 1070771, 0, 0, 0
391009, 1030741, 0, 0, 0
392005, 981273, 0, 0, 0
393012, 1052293, 0, 0, 0
394000, 1109207, 0, 0, 0
395003, 1218626, 0, 0, 0
396000, 1155524, 0, 0, 0
397006, 1137243, 0, 0, 0
398004, 1158261, 0, 0, 0
399014, 1116741, 0, 0, 0
400000, 1097726, 0, 0, 0
401000, 1153831, 0, 0, 0
402000, 1110398, 0, 0, 0
403001, 1117624, 0, 0, 0
404000, 1047914, 0, 0, 0
405006, 1026854, 0, 0, 0
406000, 1165160, 0, 0, 0
407000, 1516803, 0, 0, 0
408000, 1482271, 0, 0, 0
409002, 1441283, 0, 0, 0
410000, 1482832, 0, 0, 0
411000, 1389157, 0, 0, 0
412000, 1393580, 0, 0, 0
413000, 1444950, 0, 0, 0
414006, 1414749, 0, 0, 0
415000, 1420217, 0, 0, 0
416010, 1470824, 0, 0, 0
417000, 1253272, 0, 0, 0
418006, 968490, 0, 0, 0
419000, 967839, 0, 0, 0
420002, 927093, 0, 0, 0
421014, 955936, 0, 0, 0
422006, 947273, 0, 0, 0
423000, 1007234, 0, 0, 0
424000, 953020, 0, 0, 0
425000, 1010451, 0, 0, 0
426000, 963239, 0, 0, 0
427000, 962714, 0, 0, 0
428000, 972995, 0, 0, 0
429000, 1032594, 0, 0, 0
430004, 1087473, 0, 0, 0
431000, 1211846, 0, 0, 0
432000, 1208377, 0, 0, 0
433000, 1120916, 0, 0, 0
434000, 1201097, 0, 0, 0
435004, 1162205, 0, 0, 0
436000, 1138905, 0, 0, 0
437003, 1228270, 0, 0, 0
438000, 1061709, 0, 0, 0
439000, 1036377, 0, 0, 0
440000, 1017864, 0, 0, 0
441004, 1002135, 0, 0, 0
442000, 1007381, 0, 0, 0
443014, 969621, 0, 0, 0
444000, 971919, 0, 0, 0
445000, 976557, 0, 0, 0
446000, 963460, 0, 0, 0
447001, 973467, 0, 0, 0
448006, 993216, 0, 0, 0
449006, 1164367, 0, 0, 0
450002, 1157093, 0, 0, 0
451000, 1137097, 0, 0, 0
452000, 1184523, 0, 0, 0
453000, 1138924, 0, 0, 0
454000, 1110178, 0, 0, 0
455000, 1125429, 0, 0, 0
456010, 1415154, 0, 0, 0
457000, 1379136, 0, 0, 0
458014, 1419001, 0, 0, 0
459002, 1346379, 0, 0, 0
460006, 1486170, 0, 0, 0
461000, 1495367, 0, 0, 0
462014, 1420528, 0, 0, 0
463000, 1490633, 0, 0, 0
464010, 1644621, 0, 0, 0
465006, 1205947, 0, 0, 0
466000, 1151867, 0, 0, 0
467000, 1006118, 0, 0, 0
468000, 1001131, 0, 0, 0
469000, 1010396, 0, 0, 0
470000, 977609, 0, 0, 0
471004, 1036267, 0, 0, 0
472006, 1018921, 0, 0, 0
473000, 1035488, 0, 0, 0
474000, 1058613, 0, 0, 0
475000, 1009336, 0, 0, 0
476002, 1000274, 0, 0, 0
477000, 1041188, 0, 0, 0
478013, 971350, 0, 0, 0
479000, 1021660, 0, 0, 0
480000, 988680, 0, 0, 0
480014, 14805443, 0, 0, 0
