1008, 2296019, 0, 0, 0
2008, 3342721, 0, 0, 0
3013, 3247898, 0, 0, 0
4004, 3063064, 0, 0, 0
5014, 3290982, 0, 0, 0
6000, 3641579, 0, 0, 0
7011, 2891041, 0, 0, 0
8002, 3436101, 0, 0, 0
9007, 3318172, 0, 0, 0
10027, 3393174, 0, 0, 0
11003, 3444148, 0, 0, 0
12024, 3374552, 0, 0, 0
13005, 3405795, 0, 0, 0
14000, 3285114, 0, 0, 0
15015, 3111055, 0, 0, 0
16006, 3209428, 0, 0, 0
17008, 3415814, 0, 0, 0
18003, 3821415, 0, 0, 0
19000, 3222216, 0, 0, 0
20000, 2675318, 0, 0, 0
21012, 2193033, 0, 0, 0
22000, 3735675, 0, 0, 0
23018, 3309653, 0, 0, 0
24007, 3496849, 0, 0, 0
25049, 3406616, 0, 0, 0
26001, 3322140, 0, 0, 0
27003, 3409716, 0, 0, 0
28008, 3459646, 0, 0, 0
29017, 3499534, 0, 0, 0
30001, 3489326, 0, 0, 0
31003, 3344694, 0, 0, 0
32004, 3261964, 0, 0, 0
33000, 3752386, 0, 0, 0
34000, 3437811, 0, 0, 0
35009, 3188734, 0, 0, 0
36000, 3591374, 0, 0, 0
37022, 3080317, 0, 0, 0
38009, 3504152, 0, 0, 0
39006, 3427177, 0, 0, 0
40007, 3478625, 0, 0, 0
41000, 3650183, 0, 0, 0
42000, 3415689, 0, 0, 0
43001, 3101790, 0, 0, 0
44000, 3466684, 0, 0, 0
45000, 3677829, 0, 0, 0
46007, 3236246, 0, 0, 0
47003, 3510606, 0, 0, 0
48000, 2003760, 0, 0, 0
49000, 1600473, 0, 0, 0
50000, 1570136, 0, 0, 0
51000, 1598354, 0, 0, 0
52000, 1535662, 0, 0, 0
53000, 1568068, 0, 0, 0
54004, 1992645, 0, 0, 0
55009, 3338306, 0, 0, 0
56000, 3199508, 0, 0, 0
57003, 3583319, 0, 0, 0
58004, 3470919, 0, 0, 0
59010, 3522401, 0, 0, 0
60002, 3518910, 0, 0, 0
61007, 3317513, 0, 0, 0
62000, 3630261, 0, 0, 0
63002, 3320768, 0, 0, 0
64010, 3481536, 0, 0, 0
65009, 3406198, 0, 0, 0
66013, 3469972, 0, 0, 0
67006, 3470235, 0, 0, 0
68024, 3347039, 0, 0, 0
69000, 3640765, 0, 0, 0
70005, 3419699, 0, 0, 0
71000, 3644296, 0, 0, 0
72005, 3315537, 0, 0, 0
73005, 3581173, 0, 0, 0
74008, 3410886, 0, 0, 0
75002, 3484208, 0, 0, 0
76000, 3609039, 0, 0, 0
77000, 3376699, 0, 0, 0
78001, 3564105, 0, 0, 0
79002, 3400174, 0, 0, 0
80000, 3580882, 0, 0, 0
81006, 3377479, 0, 0, 0
82008, 3448151, 0, 0, 0
83000, 3808519, 0, 0, 0
84021, 3054322, 0, 0, 0
85002, 3304454, 0, 0, 0
86017, 3599332, 0, 0, 0
87018, 3515389, 0, 0, 0
88006, 3394592, 0, 0, 0
89010, 3401693, 0, 0, 0
90027, 3436346, 0, 0, 0
91009, 3395696, 0, 0, 0
92000, 3734279, 0, 0, 0
93009, 3064577, 0, 0, 0
94012, 3560369, 0, 0, 0
95000, 3302276, 0, 0, 0
96012, 3436548, 0, 0, 0
97000, 3682023, 0, 0, 0
98011, 3070542, 0, 0, 0
99000, 3438441, 0, 0, 0
100003, 3366169, 0, 0, 0
101003, 3459435, 0, 0, 0
102000, 3335833, 0, 0, 0
103009, 3097815, 0, 0, 0
104009, 3220765, 0, 0, 0
105016, 3361314, 0, 0, 0
106002, 3395379, 0, 0, 0
107013, 3452876, 0, 0, 0
108021, 3428470, 0, 0, 0
109011, 3096620, 0, 0, 0
110000, 3461818, 0, 0, 0
111000, 3062520, 0, 0, 0
112004, 3260807, 0, 0, 0
113002, 3410742, 0, 0, 0
114000, 3246431, 0, 0, 0
115000, 3344896, 0, 0, 0
116000, 3365218, 0, 0, 0
117009, 2724046, 0, 0, 0
118000, 2571354, 0, 0, 0
119000, 2304105, 0, 0, 0
120000, 2322661, 0, 0, 0
121000, 2651471, 0, 0, 0
122007, 2473142, 0, 0, 0
123006, 3291397, 0, 0, 0
124004, 3380327, 0, 0, 0
125006, 3365682, 0, 0, 0
126000, 3463733, 0, 0, 0
127004, 3201705, 0, 0, 0
128000, 3474870, 0, 0, 0
129020, 3103271, 0, 0, 0
130017, 3210926, 0, 0, 0
131003, 3317782, 0, 0, 0
132012, 3213053, 0, 0, 0
133022, 3339173, 0, 0, 0
134000, 3223901, 0, 0, 0
135000, 3235655, 0, 0, 0
136004, 2997036, 0, 0, 0
137002, 3247443, 0, 0, 0
138003, 3157337, 0, 0, 0
139000, 3230928, 0, 0, 0
140000, 2542567, 0, 0, 0
141000, 2452539, 0, 0, 0
142002, 2708985, 0, 0, 0
143000, 2454290, 0, 0, 0
144000, 1991946, 0, 0, 0
145022, 2952069, 0, 0, 0
146000, 3690245, 0, 0, 0
147002, 3316308, 0, 0, 0
148002, 3262952, 0, 0, 0
149018, 3359276, 0, 0, 0
150010, 3133347, 0, 0, 0
151007, 3291391, 0, 0, 0
152014, 3355853, 0, 0, 0
153000, 3500142, 0, 0, 0
154000, 3239489, 0, 0, 0
155002, 2929316, 0, 0, 0
156000, 3695893, 0, 0, 0
157005, 3051990, 0, 0, 0
158020, 3478377, 0, 0, 0
159018, 3323536, 0, 0, 0
160009, 3415219, 0, 0, 0
161000, 3761119, 0, 0, 0
162012, 3216382, 0, 0, 0
163001, 3335394, 0, 0, 0
164020, 3437852, 0, 0, 0
165001, 3253053, 0, 0, 0
166002, 3255274, 0, 0, 0
167001, 3250137, 0, 0, 0
168000, 3183412, 0, 0, 0
169018, 3143705, 0, 0, 0
170002, 3418124, 0, 0, 0
171005, 3460136, 0, 0, 0
172006, 3537167, 0, 0, 0
173014, 3402399, 0, 0, 0
174003, 3583674, 0, 0, 0
175006, 3514407, 0, 0, 0
176007, 3473870, 0, 0, 0
177005, 3489916, 0, 0, 0
178000, 3726219, 0, 0, 0
179005, 3323818, 0, 0, 0
180000, 3591170, 0, 0, 0
181000, 3504329, 0, 0, 0
182007, 3507613, 0, 0, 0
183000, 3641755, 0, 0, 0
184000, 3800271, 0, 0, 0
185000, 3147402, 0, 0, 0
186008, 3423358, 0, 0, 0
187002, 3355427, 0, 0, 0
188010, 3468082, 0, 0, 0
189009, 3340240, 0, 0, 0
190014, 3331008, 0, 0, 0
191009, 3084345, 0, 0, 0
192007, 3434019, 0, 0, 0
193000, 3251091, 0, 0, 0
194008, 3317920, 0, 0, 0
195000, 3804607, 0, 0, 0
196000, 2087652, 0, 0, 0
197004, 1924953, 0, 0, 0
198016, 1882790, 0, 0, 0
199031, 3214699, 0, 0, 0
200011, 3160801, 0, 0, 0
201000, 2977353, 0, 0, 0
202005, 2798944, 0, 0, 0
203000, 3149073, 0, 0, 0
204006, 3284947, 0, 0, 0
205005, 3443219, 0, 0, 0
206016, 3405705, 0, 0, 0
207002, 3371743, 0, 0, 0
208005, 3661782, 0, 0, 0
209011, 3327384, 0, 0, 0
210001, 3377505, 0, 0, 0
211004, 3504048, 0, 0, 0
212010, 3374479, 0, 0, 0
213001, 3530470, 0, 0, 0
214010, 3379116, 0, 0, 0
215008, 3332728, 0, 0, 0
216007, 3391131, 0, 0, 0
217022, 3436211, 0, 0, 0
218000, 3587474, 0, 0, 0
219022, 3285002, 0, 0, 0
220010, 3188443, 0, 0, 0
221007, 3204165, 0, 0, 0
222000, 3462290, 0, 0, 0
223014, 3049684, 0, 0, 0
224008, 3172909, 0, 0, 0
225013, 3411131, 0, 0, 0
226016, 3182083, 0, 0, 0
227008, 3252323, 0, 0, 0
228005, 3180534, 0, 0, 0
229012, 3174930, 0, 0, 0
230000, 3576980, 0, 0, 0
231000, 2929834, 0, 0, 0
232005, 3180732, 0, 0, 0
233002, 3255006, 0, 0, 0
234013, 3331151, 0, 0, 0
235008, 3208848, 0, 0, 0
236000, 3672374, 0, 0, 0
237000, 3190768, 0, 0, 0
238000, 3273668, 0, 0, 0
239009, 3027627, 0, 0, 0
240002, 3114061, 0, 0, 0
241009, 3198668, 0, 0, 0
242009, 3253057, 0, 0, 0
243014, 3172994, 0, 0, 0
244006, 3341443, 0, 0, 0
245009, 3403213, 0, 0, 0
246004, 3359551, 0, 0, 0
247000, 3690581, 0, 0, 0
248000, 3221810, 0, 0, 0
249008, 3439028, 0, 0, 0
250002, 3518163, 0, 0, 0
251001, 3292501, 0, 0, 0
252010, 3343535, 0, 0, 0
253014, 3244236, 0, 0, 0
254013, 3339288, 0, 0, 0
255000, 3399827, 0, 0, 0
256011, 3104242, 0, 0, 0
257014, 3048047, 0, 0, 0
258001, 3519527, 0, 0, 0
259006, 3162203, 0, 0, 0
260002, 3382608, 0, 0, 0
261000, 3025036, 0, 0, 0
262000, 3252743, 0, 0, 0
263001, 2872888, 0, 0, 0
264000, 3236870, 0, 0, 0
265010, 2963901, 0, 0, 0
266007, 3295302, 0, 0, 0
267006, 3081640, 0, 0, 0
268008, 3444645, 0, 0, 0
269000, 3489521, 0, 0, 0
270024, 3355942, 0, 0, 0
271008, 3372674, 0, 0, 0
272000, 3328322, 0, 0, 0
273003, 3152534, 0, 0, 0
274006, 3319481, 0, 0, 0
275003, 3313883, 0, 0, 0
276004, 3375935, 0, 0, 0
277000, 3699029, 0, 0, 0
278002, 3151914, 0, 0, 0
279010, 3278979, 0, 0, 0
280003, 3141736, 0, 0, 0
281004, 3338558, 0, 0, 0
282000, 3430911, 0, 0, 0
283000, 3073569, 0, 0, 0
284002, 2970331, 0, 0, 0
285000, 2037128, 0, 0, 0
286038, 1885592, 0, 0, 0
287000, 1979016, 0, 0, 0
288000, 1736014, 0, 0, 0
289000, 2116924, 0, 0, 0
290000, 1861304, 0, 0, 0
291000, 2062833, 0, 0, 0
292000, 1837575, 0, 0, 0
293002, 3282540, 0, 0, 0
294019, 3225335, 0, 0, 0
295007, 3255499, 0, 0, 0
296015, 3278239, 0, 0, 0
297003, 3259917, 0, 0, 0
298011, 3332656, 0, 0, 0
299008, 2991744, 0, 0, 0
300009, 3388653, 0, 0, 0
301003, 3248108, 0, 0, 0
302011, 3158231, 0, 0, 0
303000, 3104973, 0, 0, 0
304000, 2893576, 0, 0, 0
305007, 2785342, 0, 0, 0
306015, 3011070, 0, 0, 0
307003, 3135119, 0, 0, 0
308015, 3165575, 0, 0, 0
309000, 3295750, 0, 0, 0
310010, 3009661, 0, 0, 0
311014, 3375144, 0, 0, 0
312000, 3573677, 0, 0, 0
313000, 3036066, 0, 0, 0
314007, 3432731, 0, 0, 0
315000, 3797056, 0, 0, 0
316000, 3429364, 0, 0, 0
317000, 3672623, 0, 0, 0
318000, 2343487, 0, 0, 0
319030, 1863398, 0, 0, 0
320000, 2197710, 0, 0, 0
321000, 1959925, 0, 0, 0
322001, 2056580, 0, 0, 0
323000, 1673531, 0, 0, 0
324006, 1776665, 0, 0, 0
325000, 1915856, 0, 0, 0
326000, 2073122, 0, 0, 0
327001, 2272504, 0, 0, 0
328000, 2156134, 0, 0, 0
329005, 3117146, 0, 0, 0
330010, 3422596, 0, 0, 0
331010, 3392402, 0, 0, 0
332010, 3324537, 0, 0, 0
333000, 3453969, 0, 0, 0
334000, 3355039, 0, 0, 0
335004, 3354595, 0, 0, 0
336008, 3519027, 0, 0, 0
337000, 3521119, 0, 0, 0
338001, 3305291, 0, 0, 0
339011, 3569052, 0, 0, 0
340023, 3481154, 0, 0, 0
341008, 3618810, 0, 0, 0
342002, 3572944, 0, 0, 0
343000, 3717895, 0, 0, 0
344028, 3304844, 0, 0, 0
345003, 3612760, 0, 0, 0
346001, 3498877, 0, 0, 0
347002, 3559414, 0, 0, 0
348000, 3622200, 0, 0, 0
349006, 3573028, 0, 0, 0
350000, 3649236, 0, 0, 0
351028, 3165145, 0, 0, 0
352000, 3373525, 0, 0, 0
353007, 3128695, 0, 0, 0
354002, 3219059, 0, 0, 0
355000, 3620019, 0, 0, 0
356000, 3064178, 0, 0, 0
357002, 3337119, 0, 0, 0
358013, 3372938, 0, 0, 0
359004, 3401780, 0, 0, 0
360000, 3362028, 0, 0, 0
361001, 3545158, 0, 0, 0
362011, 3240942, 0, 0, 0
363000, 3776541, 0, 0, 0
364002, 2954691, 0, 0, 0
365007, 3314105, 0, 0, 0
366016, 3073507, 0, 0, 0
367000, 3338614, 0, 0, 0
368005, 2719882, 0, 0, 0
369000, 2721107, 0, 0, 0
370000, 2159685, 0, 0, 0
371007, 2856207, 0, 0, 0
372000, 3359745, 0, 0, 0
373002, 2759764, 0, 0, 0
374012, 3209701, 0, 0, 0
375005, 3499607, 0, 0, 0
376002, 3309869, 0, 0, 0
377006, 3171816, 0, 0, 0
378000, 2503051, 0, 0, 0
379001, 2175129, 0, 0, 0
380000, 3257882, 0, 0, 0
381003, 3191952, 0, 0, 0
382006, 3071078, 0, 0, 0
383006, 3182027, 0, 0, 0
384015, 3771626, 0, 0, 0
385006, 3224202, 0, 0, 0
386012, 3360837, 0, 0, 0
387000, 3574704, 0, 0, 0
388000, 3186318, 0, 0, 0
389000, 3595243, 0, 0, 0
390000, 3455110, 0, 0, 0
391003, 3389678, 0, 0, 0
392008, 3353306, 0, 0, 0
393002, 3393642, 0, 0, 0
394002, 3505915, 0, 0, 0
395014, 3481779, 0, 0, 0
396010, 3544761, 0, 0, 0
397000, 3381084, 0, 0, 0
398012, 3406016, 0, 0, 0
399008, 3442028, 0, 0, 0
400000, 3825073, 0, 0, 0
401012, 3189880, 0, 0, 0
402016, 3506433, 0, 0, 0
403008, 3511690, 0, 0, 0
404011, 3377944, 0, 0, 0
405000, 3753155, 0, 0, 0
406007, 3141847, 0, 0, 0
407000, 3816514, 0, 0, 0
408000, 3346298, 0, 0, 0
409023, 3242765, 0, 0, 0
410001, 3398773, 0, 0, 0
411000, 3636246, 0, 0, 0
412016, 3043764, 0, 0, 0
413019, 3416558, 0, 0, 0
414003, 3305410, 0, 0, 0
415006, 3335480, 0, 0, 0
416000, 3379078, 0, 0, 0
417009, 3320840, 0, 0, 0
418021, 3497369, 0, 0, 0
419018, 3267809, 0, 0, 0
420008, 3275735, 0, 0, 0
421000, 3468881, 0, 0, 0
422010, 3440677, 0, 0, 0
423000, 3808088, 0, 0, 0
424000, 3445394, 0, 0, 0
425005, 3100999, 0, 0, 0
426006, 3206460, 0, 0, 0
427006, 3304631, 0, 0, 0
428009, 3354300, 0, 0, 0
429017, 3239205, 0, 0, 0
430009, 3188340, 0, 0, 0
431010, 3295021, 0, 0, 0
432000, 3490215, 0, 0, 0
433002, 3259675, 0, 0, 0
434026, 3485130, 0, 0, 0
435001, 3402745, 0, 0, 0
436000, 3388449, 0, 0, 0
437008, 3046094, 0, 0, 0
438006, 3164057, 0, 0, 0
439006, 3163349, 0, 0, 0
440010, 3289818, 0, 0, 0
441004, 3461570, 0, 0, 0
442009, 3482739, 0, 0, 0
443005, 3502077, 0, 0, 0
444007, 3627140, 0, 0, 0
445000, 3789608, 0, 0, 0
446023, 3128875, 0, 0, 0
447000, 3479594, 0, 0, 0
448011, 3214704, 0, 0, 0
449016, 3232728, 0, 0, 0
450017, 3224802, 0, 0, 0
451006, 3228497, 0, 0, 0
452013, 3315557, 0, 0, 0
453000, 3326585, 0, 0, 0
454000, 1712662, 0, 0, 0
455000, 1824057, 0, 0, 0
456000, 2126121, 0, 0, 0
457002, 1721110, 0, 0, 0
458000, 2047579, 0, 0, 0
459000, 1953700, 0, 0, 0
460000, 1919025, 0, 0, 0
461002, 1990249, 0, 0, 0
462000, 1728098, 0, 0, 0
463001, 3516442, 0, 0, 0
464000, 2944261, 0, 0, 0
465000, 1632957, 0, 0, 0
466000, 2293556, 0, 0, 0
467000, 2778985, 0, 0, 0
468006, 2228219, 0, 0, 0
469000, 3883543, 0, 0, 0
470010, 3142652, 0, 0, 0
471001, 3527957, 0, 0, 0
472004, 3470832, 0, 0, 0
473001, 3497894, 0, 0, 0
474000, 3569768, 0, 0, 0
475007, 3361646, 0, 0, 0
476000, 3468469, 0, 0, 0
477006, 3434657, 0, 0, 0
478006, 3399415, 0, 0, 0
479019, 3540440, 0, 0, 0
480006, 3573553, 0, 0, 0
480014, 23835029, 0, 0, 0
