1000, 2740, 1, 0, 0
2007, 3949, 1, 0, 0
3003, 4721, 1, 0, 0
4000, 5186, 1, 0, 0
5000, 5372, 1, 0, 0
6000, 5264, 1, 0, 0
7000, 2916, 1, 0, 0
8007, 2704, 1, 0, 0
9000, 2734, 1, 0, 0
10000, 2720, 1, 0, 0
11000, 3365, 1, 0, 0
12000, 5099, 1, 0, 0
13000, 4521, 1, 0, 0
14000, 4238, 1, 0, 0
15006, 5034, 1, 0, 0
16000, 3310, 1, 0, 0
17006, 2709, 1, 0, 0
18000, 3747, 1, 0, 0
19007, 5486, 1, 0, 0
20000, 4662, 1, 0, 0
21003, 5098, 1, 0, 0
22011, 5061, 1, 0, 0
23000, 4842, 1, 0, 0
24011, 5276, 1, 0, 0
25000, 4124, 1, 0, 0
26000, 5015, 1, 0, 0
27000, 5189, 1, 0, 0
28000, 5079, 1, 0, 0
29007, 5290, 1, 0, 0
30000, 5462, 1, 0, 0
31000, 5464, 1, 0, 0
32000, 5113, 1, 0, 0
33000, 5413, 1, 0, 0
34000, 5306, 1, 0, 0
35000, 5416, 1, 0, 0
36000, 5163, 1, 0, 0
37000, 5592, 1, 0, 0
38000, 4892, 1, 0, 0
39000, 4167, 1, 0, 0
40000, 5129, 1, 0, 0
41000, 5089, 1, 0, 0
42000, 5092, 1, 0, 0
43000, 5196, 1, 0, 0
44000, 5198, 1, 0, 0
45000, 4415, 1, 0, 0
46006, 3372, 1, 0, 0
47000, 2683, 1, 0, 0
48000, 2792, 1, 0, 0
49007, 2782, 1, 0, 0
50000, 5094, 1, 0, 0
51000, 2740, 1, 0, 0
52009, 2733, 1, 0, 0
53000, 2739, 1, 0, 0
54000, 2746, 1, 0, 0
55007, 2844, 1, 0, 0
56000, 4631, 1, 0, 0
57000, 6286, 1, 0, 0
58000, 5404, 1, 0, 0
59005, 5191, 1, 0, 0
60003, 5293, 1, 0, 0
61000, 5173, 1, 0, 0
62000, 5395, 1, 0, 0
63002, 5868, 1, 0, 0
64000, 6453, 1, 0, 0
65000, 6683, 1, 0, 0
66005, 6297, 1, 0, 0
67000, 5274, 1, 0, 0
68000, 5286, 1, 0, 0
69000, 5121, 1, 0, 0
70000, 5184, 1, 0, 0
71005, 5285, 1, 0, 0
72000, 6514, 1, 0, 0
73000, 7452, 1, 0, 0
74011, 7475, 1, 0, 0
75011, 6198, 1, 0, 0
76000, 3822, 1, 0, 0
77000, 4603, 1, 0, 0
78000, 4442, 1, 0, 0
79000, 5359, 1, 0, 0
80000, 5294, 1, 0, 0
81000, 4934, 1, 0, 0
82000, 3954, 1, 0, 0
83000, 2771, 1, 0, 0
84000, 2778, 1, 0, 0
85004, 2751, 1, 0, 0
86002, 2691, 1, 0, 0
87000, 3447, 1, 0, 0
88006, 3624, 1, 0, 0
89002, 3816, 1, 0, 0
90011, 4993, 1, 0, 0
91003, 5152, 1, 0, 0
92000, 4432, 1, 0, 0
93000, 5369, 1, 0, 0
94015, 5051, 1, 0, 0
95011, 5278, 1, 0, 0
96000, 5285, 1, 0, 0
97000, 4767, 1, 0, 0
98000, 5151, 1, 0, 0
99000, 4776, 1, 0, 0
100011, 5611, 1, 0, 0
101003, 5178, 1, 0, 0
102015, 5341, 1, 0, 0
103003, 5465, 1, 0, 0
104000, 5149, 1, 0, 0
105011, 5220, 1, 0, 0
106000, 5011, 1, 0, 0
107000, 5135, 1, 0, 0
108000, 3573, 1, 0, 0
109000, 2708, 1, 0, 0
110002, 2712, 1, 0, 0
111006, 2878, 1, 0, 0
112002, 4370, 1, 0, 0
113000, 5266, 1, 0, 0
114000, 5238, 1, 0, 0
115004, 5396, 1, 0, 0
116003, 4990, 1, 0, 0
117000, 5104, 1, 0, 0
118000, 5326, 1, 0, 0
119000, 5780, 1, 0, 0
120000, 5884, 1, 0, 0
121014, 5579, 1, 0, 0
122000, 5371, 1, 0, 0
123000, 5202, 1, 0, 0
124002, 5837, 1, 0, 0
125000, 4895, 1, 0, 0
126000, 5448, 1, 0, 0
127002, 5908, 1, 0, 0
128005, 5957, 1, 0, 0
129000, 5181, 1, 0, 0
130000, 5938, 1, 0, 0
131000, 6205, 1, 0, 0
132000, 6008, 1, 0, 0
133000, 5677, 1, 0, 0
134000, 5880, 1, 0, 0
135000, 5958, 1, 0, 0
136000, 5634, 1, 0, 0
137000, 5342, 1, 0, 0
138000, 5221, 1, 0, 0
139000, 4779, 1, 0, 0
140000, 5172, 1, 0, 0
141000, 5343, 1, 0, 0
142007, 5589, 1, 0, 0
143000, 5095, 1, 0, 0
144000, 5808, 1, 0, 0
145000, 5450, 1, 0, 0
146000, 5065, 1, 0, 0
147000, 5224, 1, 0, 0
148000, 5255, 1, 0, 0
149000, 4691, 1, 0, 0
150000, 4884, 1, 0, 0
151000, 4925, 1, 0, 0
152011, 5075, 1, 0, 0
153000, 5624, 1, 0, 0
154000, 5608, 1, 0, 0
155000, 5549, 1, 0, 0
156000, 5214, 1, 0, 0
157000, 4881, 1, 0, 0
158000, 5431, 1, 0, 0
159000, 5341, 1, 0, 0
160000, 5417, 1, 0, 0
161000, 4881, 1, 0, 0
162000, 4983, 1, 0, 0
163000, 5373, 1, 0, 0
164000, 5360, 1, 0, 0
165000, 4962, 1, 0, 0
166000, 5257, 1, 0, 0
167000, 4885, 1, 0, 0
168000, 5315, 1, 0, 0
169000, 4581, 1, 0, 0
170000, 5315, 1, 0, 0
171000, 4955, 1, 0, 0
172000, 4810, 1, 0, 0
173000, 4893, 1, 0, 0
174000, 5145, 1, 0, 0
175000, 4618, 1, 0, 0
176000, 4459, 1, 0, 0
177000, 4745, 1, 0, 0
178000, 4986, 1, 0, 0
179003, 5261, 1, 0, 0
180006, 3266, 1, 0, 0
181004, 2847, 1, 0, 0
182000, 2806, 1, 0, 0
183000, 4803, 1, 0, 0
184005, 4455, 1, 0, 0
185005, 2733, 1, 0, 0
186004, 2727, 1, 0, 0
187002, 2740, 1, 0, 0
188000, 2705, 1, 0, 0
189000, 2695, 1, 0, 0
190000, 2743, 1, 0, 0
191000, 3137, 1, 0, 0
192000, 5369, 1, 0, 0
193000, 5267, 1, 0, 0
194010, 4384, 1, 0, 0
195000, 2713, 1, 0, 0
196010, 2698, 1, 0, 0
197007, 2706, 1, 0, 0
198000, 2772, 1, 0, 0
199002, 2751, 1, 0, 0
200000, 2767, 1, 0, 0
201000, 2775, 1, 0, 0
202010, 2763, 1, 0, 0
203000, 2725, 1, 0, 0
204000, 2724, 1, 0, 0
205004, 2728, 1, 0, 0
206000, 2717, 1, 0, 0
207000, 2767, 1, 0, 0
208000, 2796, 1, 0, 0
209000, 3451, 1, 0, 0
210000, 4313, 1, 0, 0
211006, 2711, 1, 0, 0
212009, 2710, 1, 0, 0
213000, 3582, 1, 0, 0
214000, 5012, 1, 0, 0
215000, 2807, 1, 0, 0
216000, 2719, 1, 0, 0
217002, 2713, 1, 0, 0
218003, 2765, 1, 0, 0
219006, 4137, 1, 0, 0
220000, 6355, 1, 0, 0
221001, 7015, 1, 0, 0
222005, 6864, 1, 0, 0
223008, 5477, 1, 0, 0
224000, 5708, 1, 0, 0
225000, 7276, 1, 0, 0
226008, 7201, 1, 0, 0
227000, 7426, 1, 0, 0
228000, 5430, 1, 0, 0
229006, 2718, 1, 0, 0
230000, 2743, 1, 0, 0
231003, 2779, 1, 0, 0
232000, 2725, 1, 0, 0
233010, 2746, 1, 0, 0
234000, 2925, 1, 0, 0
235000, 6307, 1, 0, 0
236004, 5859, 1, 0, 0
237008, 5707, 1, 0, 0
238000, 6936, 1, 0, 0
239000, 7417, 1, 0, 0
240000, 7552, 1, 0, 0
241004, 5597, 1, 0, 0
242000, 5390, 1, 0, 0
243000, 5036, 1, 0, 0
244000, 5181, 1, 0, 0
245000, 4984, 1, 0, 0
246000, 4811, 1, 0, 0
247000, 5163, 1, 0, 0
248000, 5304, 1, 0, 0
249000, 5374, 1, 0, 0
250012, 5645, 1, 0, 0
251000, 5222, 1, 0, 0
252000, 5541, 1, 0, 0
253000, 5060, 1, 0, 0
254019, 5345, 1, 0, 0
255000, 5056, 1, 0, 0
256000, 5421, 1, 0, 0
257008, 4573, 1, 0, 0
258008, 2716, 1, 0, 0
259006, 2737, 1, 0, 0
260000, 5137, 1, 0, 0
261000, 6470, 1, 0, 0
262001, 6593, 1, 0, 0
263006, 7093, 1, 0, 0
264006, 4269, 1, 0, 0
265005, 2724, 1, 0, 0
266000, 2729, 1, 0, 0
267007, 5130, 1, 0, 0
268000, 5276, 1, 0, 0
269002, 5401, 1, 0, 0
270000, 5970, 1, 0, 0
271000, 6519, 1, 0, 0
272000, 6699, 1, 0, 0
273000, 4564, 1, 0, 0
274000, 2857, 1, 0, 0
275000, 2753, 1, 0, 0
276002, 2740, 1, 0, 0
277012, 2740, 1, 0, 0
278000, 4571, 1, 0, 0
279000, 5210, 1, 0, 0
280008, 6934, 1, 0, 0
281006, 6020, 1, 0, 0
282000, 5617, 1, 0, 0
283000, 4722, 1, 0, 0
284000, 5546, 1, 0, 0
285007, 5731, 1, 0, 0
286000, 5608, 1, 0, 0
287004, 5545, 1, 0, 0
288000, 5323, 1, 0, 0
289000, 5195, 1, 0, 0
290000, 5770, 1, 0, 0
291000, 6402, 1, 0, 0
292000, 6739, 1, 0, 0
293012, 6394, 1, 0, 0
294000, 6569, 1, 0, 0
295000, 6041, 1, 0, 0
296000, 5240, 1, 0, 0
297005, 4952, 1, 0, 0
298000, 5216, 1, 0, 0
299025, 4589, 1, 0, 0
300000, 4371, 1, 0, 0
301002, 3648, 1, 0, 0
302000, 2713, 1, 0, 0
303000, 2914, 1, 0, 0
304000, 2727, 1, 0, 0
305002, 2722, 1, 0, 0
306006, 2721, 1, 0, 0
307000, 2720, 1, 0, 0
308000, 2714, 1, 0, 0
309009, 2726, 1, 0, 0
310002, 3673, 1, 0, 0
311005, 5331, 1, 0, 0
312003, 5211, 1, 0, 0
313001, 5322, 1, 0, 0
314000, 5124, 1, 0, 0
315000, 5088, 1, 0, 0
316000, 5270, 1, 0, 0
317000, 5062, 1, 0, 0
318000, 5802, 1, 0, 0
319008, 6668, 1, 0, 0
320005, 7396, 1, 0, 0
321000, 6289, 1, 0, 0
322000, 5927, 1, 0, 0
323000, 5372, 1, 0, 0
324002, 5588, 1, 0, 0
325000, 5513, 1, 0, 0
326000, 5403, 1, 0, 0
327016, 5934, 1, 0, 0
328000, 5062, 1, 0, 0
329020, 5354, 1, 0, 0
330012, 5561, 1, 0, 0
331000, 4490, 1, 0, 0
332000, 5539, 1, 0, 0
333000, 5541, 1, 0, 0
334000, 5992, 1, 0, 0
335000, 5253, 1, 0, 0
336000, 5355, 1, 0, 0
337000, 5489, 1, 0, 0
338000, 5802, 1, 0, 0
339000, 5418, 1, 0, 0
340000, 5529, 1, 0, 0
341000, 5137, 1, 0, 0
342000, 5350, 1, 0, 0
343000, 5025, 1, 0, 0
344000, 5133, 1, 0, 0
345000, 5100, 1, 0, 0
346000, 5052, 1, 0, 0
347000, 5153, 1, 0, 0
348000, 4895, 1, 0, 0
349005, 5315, 1, 0, 0
350000, 5364, 1, 0, 0
351012, 4266, 1, 0, 0
352000, 2716, 1, 0, 0
353000, 2779, 1, 0, 0
354006, 2726, 1, 0, 0
355006, 2765, 1, 0, 0
356000, 2762, 1, 0, 0
357006, 2758, 1, 0, 0
358023, 2757, 1, 0, 0
359007, 2800, 1, 0, 0
360006, 2772, 1, 0, 0
361000, 2778, 1, 0, 0
362001, 3001, 1, 0, 0
363000, 5377, 1, 0, 0
364000, 5561, 1, 0, 0
365002, 5882, 1, 0, 0
366000, 5868, 1, 0, 0
367001, 6036, 1, 0, 0
368000, 7050, 1, 0, 0
369001, 7991, 1, 0, 0
370000, 7963, 1, 0, 0
371010, 6613, 1, 0, 0
372000, 5548, 1, 0, 0
373000, 6358, 1, 0, 0
374000, 6473, 1, 0, 0
375000, 6675, 1, 0, 0
376000, 6505, 1, 0, 0
377000, 6416, 1, 0, 0
378004, 6194, 1, 0, 0
379003, 5712, 1, 0, 0
380000, 6633, 1, 0, 0
381000, 6514, 1, 0, 0
382000, 6053, 1, 0, 0
383000, 5594, 1, 0, 0
384000, 5574, 1, 0, 0
385000, 5600, 1, 0, 0
386001, 5385, 1, 0, 0
387007, 5250, 1, 0, 0
388000, 5285, 1, 0, 0
389007, 5135, 1, 0, 0
390000, 5314, 1, 0, 0
391003, 5164, 1, 0, 0
392000, 5241, 1, 0, 0
393005, 5248, 1, 0, 0
394000, 6049, 1, 0, 0
395000, 6358, 1, 0, 0
396000, 6183, 1, 0, 0
397000, 8330, 1, 0, 0
398000, 5493, 1, 0, 0
399006, 5350, 1, 0, 0
400006, 5630, 1, 0, 0
401000, 5273, 1, 0, 0
402022, 5133, 1, 0, 0
403000, 6135, 1, 0, 0
404002, 6290, 1, 0, 0
405000, 6234, 1, 0, 0
406001, 7239, 1, 0, 0
407000, 7476, 1, 0, 0
408000, 7371, 1, 0, 0
409005, 6685, 1, 0, 0
410009, 5126, 1, 0, 0
411004, 5146, 1, 0, 0
412001, 5434, 1, 0, 0
413008, 5266, 1, 0, 0
414001, 5299, 1, 0, 0
415000, 5768, 1, 0, 0
416000, 7206, 1, 0, 0
417000, 7317, 1, 0, 0
418012, 6238, 1, 0, 0
419000, 5532, 1, 0, 0
420000, 5064, 1, 0, 0
421000, 4939, 1, 0, 0
422000, 5288, 1, 0, 0
423000, 5204, 1, 0, 0
424012, 4976, 1, 0, 0
425000, 4905, 1, 0, 0
426000, 5058, 1, 0, 0
427004, 4951, 1, 0, 0
428012, 5338, 1, 0, 0
429004, 5413, 1, 0, 0
430012, 5015, 1, 0, 0
431004, 4925, 1, 0, 0
432000, 4978, 1, 0, 0
433000, 5232, 1, 0, 0
434000, 4668, 1, 0, 0
435000, 4754, 1, 0, 0
436000, 4504, 1, 0, 0
437000, 4922, 1, 0, 0
438001, 5005, 1, 0, 0
439000, 2766, 1, 0, 0
440000, 2797, 1, 0, 0
441004, 3148, 1, 0, 0
442000, 5495, 1, 0, 0
443003, 5553, 1, 0, 0
444000, 5828, 1, 0, 0
445002, 5615, 1, 0, 0
446000, 5336, 1, 0, 0
447000, 5209, 1, 0, 0
448000, 5190, 1, 0, 0
449011, 5352, 1, 0, 0
450009, 5159, 1, 0, 0
451000, 4987, 1, 0, 0
452000, 5323, 1, 0, 0
453000, 5179, 1, 0, 0
454000, 6432, 1, 0, 0
455000, 5683, 1, 0, 0
456003, 6351, 1, 0, 0
457016, 6374, 1, 0, 0
458000, 6606, 1, 0, 0
459002, 5924, 1, 0, 0
460006, 5692, 1, 0, 0
461000, 5356, 1, 0, 0
462000, 5471, 1, 0, 0
463000, 5650, 1, 0, 0
464000, 5818, 1, 0, 0
465000, 5622, 1, 0, 0
466000, 5320, 1, 0, 0
467000, 5014, 1, 0, 0
468000, 5154, 1, 0, 0
469000, 4923, 1, 0, 0
470000, 5524, 1, 0, 0
471012, 5411, 1, 0, 0
472000, 4781, 1, 0, 0
473000, 4628, 1, 0, 0
474008, 5047, 1, 0, 0
475000, 4848, 1, 0, 0
476000, 4818, 1, 0, 0
477001, 4045, 1, 0, 0
478000, 2831, 1, 0, 0
479001, 2826, 1, 0, 0
480001, 2805, 1, 0, 0
