1000, 899534, 0, 0, 0
2000, 857364, 0, 0, 0
3000, 910228, 0, 0, 0
4000, 853544, 0, 0, 0
5000, 813394, 0, 0, 0
6000, 859957, 0, 0, 0
7000, 857013, 0, 0, 0
8000, 730577, 0, 0, 0
9000, 683624, 0, 0, 0
10000, 612130, 0, 0, 0
11000, 888274, 0, 0, 0
12000, 1060653, 0, 0, 0
13000, 1078815, 0, 0, 0
14000, 1014718, 0, 0, 0
15000, 1017929, 0, 0, 0
16000, 716926, 0, 0, 0
17000, 667110, 0, 0, 0
18000, 623979, 0, 0, 0
19000, 961508, 0, 0, 0
20000, 1084366, 0, 0, 0
21000, 1014799, 0, 0, 0
22000, 979478, 0, 0, 0
23000, 954282, 0, 0, 0
24000, 1034517, 0, 0, 0
25000, 941840, 0, 0, 0
26000, 926583, 0, 0, 0
27000, 860654, 0, 0, 0
28000, 922100, 0, 0, 0
29000, 901892, 0, 0, 0
30000, 864444, 0, 0, 0
31000, 906717, 0, 0, 0
32000, 864350, 0, 0, 0
33000, 851408, 0, 0, 0
34000, 825565, 0, 0, 0
35000, 659247, 0, 0, 0
36000, 651360, 0, 0, 0
37000, 635078, 0, 0, 0
38000, 1049625, 0, 0, 0
39000, 1015596, 0, 0, 0
40000, 964090, 0, 0, 0
41000, 1075356, 0, 0, 0
42000, 1051470, 0, 0, 0
43000, 1018748, 0, 0, 0
44000, 1062415, 0, 0, 0
45000, 971835, 0, 0, 0
46000, 964738, 0, 0, 0
47000, 937060, 0, 0, 0
48000, 866012, 0, 0, 0
49000, 929404, 0, 0, 0
50000, 959601, 0, 0, 0
51000, 972266, 0, 0, 0
52000, 1029413, 0, 0, 0
53000, 980031, 0, 0, 0
54000, 937368, 0, 0, 0
55000, 886987, 0, 0, 0
56000, 964710, 0, 0, 0
57000, 916916, 0, 0, 0
58000, 844437, 0, 0, 0
59000, 878208, 0, 0, 0
60000, 860359, 0, 0, 0
61000, 862086, 0, 0, 0
62000, 901010, 0, 0, 0
63000, 983510, 0, 0, 0
64000, 993010, 0, 0, 0
65000, 966535, 0, 0, 0
66000, 1044807, 0, 0, 0
67000, 1032498, 0, 0, 0
68000, 1091880, 0, 0, 0
69000, 1054452, 0, 0, 0
70000, 1089547, 0, 0, 0
71000, 1065198, 0, 0, 0
72000, 1029356, 0, 0, 0
73000, 1054040, 0, 0, 0
74000, 1160452, 0, 0, 0
75000, 1133130, 0, 0, 0
76000, 1156218, 0, 0, 0
77000, 1100524, 0, 0, 0
78000, 1094934, 0, 0, 0
79000, 1058854, 0, 0, 0
80000, 972331, 0, 0, 0
81000, 978506, 0, 0, 0
82000, 1003782, 0, 0, 0
83000, 964155, 0, 0, 0
84000, 895129, 0, 0, 0
85000, 901633, 0, 0, 0
86000, 930480, 0, 0, 0
87000, 890407, 0, 0, 0
88000, 868826, 0, 0, 0
89000, 926912, 0, 0, 0
90000, 954512, 0, 0, 0
91000, 957672, 0, 0, 0
92000, 897443, 0, 0, 0
93000, 974659, 0, 0, 0
94000, 945067, 0, 0, 0
95000, 954071, 0, 0, 0
96000, 989627, 0, 0, 0
97000, 929196, 0, 0, 0
98000, 1038817, 0, 0, 0
99000, 926165, 0, 0, 0
100000, 993424, 0, 0, 0
101000, 935372, 0, 0, 0
102000, 976645, 0, 0, 0
103000, 933529, 0, 0, 0
104000, 1039272, 0, 0, 0
105000, 1078054, 0, 0, 0
106000, 1074737, 0, 0, 0
107000, 808658, 0, 0, 0
108000, 668638, 0, 0, 0
109000, 640723, 0, 0, 0
110000, 736387, 0, 0, 0
111000, 1232101, 0, 0, 0
112000, 1112450, 0, 0, 0
113000, 1033627, 0, 0, 0
114000, 1002948, 0, 0, 0
115000, 1075608, 0, 0, 0
116000, 1115842, 0, 0, 0
117000, 1071582, 0, 0, 0
118000, 1002791, 0, 0, 0
119000, 1014114, 0, 0, 0
120000, 1127714, 0, 0, 0
121000, 1076871, 0, 0, 0
122000, 1086978, 0, 0, 0
123000, 1086281, 0, 0, 0
124000, 1075914, 0, 0, 0
125000, 1018334, 0, 0, 0
126000, 883496, 0, 0, 0
127000, 983252, 0, 0, 0
128000, 1035370, 0, 0, 0
129000, 1014541, 0, 0, 0
130000, 1008520, 0, 0, 0
131000, 1020558, 0, 0, 0
132000, 1043256, 0, 0, 0
133000, 1021955, 0, 0, 0
134000, 946725, 0, 0, 0
135000, 843532, 0, 0, 0
136000, 896429, 0, 0, 0
137000, 883276, 0, 0, 0
138017, 949422, 0, 0, 0
139000, 651919, 0, 0, 0
140000, 632496, 0, 0, 0
141000, 664624, 0, 0, 0
142000, 986815, 0, 0, 0
143000, 951943, 0, 0, 0
144000, 943210, 0, 0, 0
145000, 1014386, 0, 0, 0
146000, 1003377, 0, 0, 0
147000, 981355, 0, 0, 0
148000, 949840, 0, 0, 0
149000, 906317, 0, 0, 0
150000, 914786, 0, 0, 0
151000, 960623, 0, 0, 0
152000, 951255, 0, 0, 0
153000, 946506, 0, 0, 0
154000, 899756, 0, 0, 0
155000, 865315, 0, 0, 0
156000, 919132, 0, 0, 0
157000, 983004, 0, 0, 0
158000, 1041529, 0, 0, 0
159000, 1000300, 0, 0, 0
160000, 1055622, 0, 0, 0
161000, 1000308, 0, 0, 0
162000, 974033, 0, 0, 0
163000, 987088, 0, 0, 0
164000, 1012606, 0, 0, 0
165000, 1034870, 0, 0, 0
166000, 1046480, 0, 0, 0
167000, 1003398, 0, 0, 0
168000, 1098806, 0, 0, 0
169000, 1106240, 0, 0, 0
170000, 919636, 0, 0, 0
171000, 932155, 0, 0, 0
172000, 945766, 0, 0, 0
173000, 859758, 0, 0, 0
174000, 831290, 0, 0, 0
175000, 760176, 0, 0, 0
176000, 681605, 0, 0, 0
177000, 649855, 0, 0, 0
178000, 643632, 0, 0, 0
179000, 661363, 0, 0, 0
180000, 644154, 0, 0, 0
181000, 645402, 0, 0, 0
182000, 663298, 0, 0, 0
183000, 649376, 0, 0, 0
184000, 647085, 0, 0, 0
185000, 925895, 0, 0, 0
186000, 881035, 0, 0, 0
187000, 851617, 0, 0, 0
188000, 895940, 0, 0, 0
189000, 873256, 0, 0, 0
190000, 839753, 0, 0, 0
191000, 872367, 0, 0, 0
192000, 887164, 0, 0, 0
193000, 866325, 0, 0, 0
194000, 869851, 0, 0, 0
195000, 707868, 0, 0, 0
196000, 663228, 0, 0, 0
197000, 634721, 0, 0, 0
198000, 791775, 0, 0, 0
199000, 914816, 0, 0, 0
200000, 899633, 0, 0, 0
201000, 975544, 0, 0, 0
202000, 1008824, 0, 0, 0
203000, 1005695, 0, 0, 0
204000, 990324, 0, 0, 0
205000, 1053957, 0, 0, 0
206000, 1098837, 0, 0, 0
207000, 1012771, 0, 0, 0
208000, 964723, 0, 0, 0
209000, 1012307, 0, 0, 0
210000, 954209, 0, 0, 0
211000, 943413, 0, 0, 0
212000, 947274, 0, 0, 0
213000, 957649, 0, 0, 0
214000, 943641, 0, 0, 0
215000, 950641, 0, 0, 0
216000, 977659, 0, 0, 0
217000, 1011975, 0, 0, 0
218000, 1042292, 0, 0, 0
219000, 1039261, 0, 0, 0
220000, 1009670, 0, 0, 0
221000, 976533, 0, 0, 0
222000, 980901, 0, 0, 0
223000, 989865, 0, 0, 0
224000, 1020049, 0, 0, 0
225000, 886096, 0, 0, 0
226000, 890199, 0, 0, 0
227000, 923037, 0, 0, 0
228000, 898508, 0, 0, 0
229000, 906203, 0, 0, 0
230000, 964540, 0, 0, 0
231000, 986049, 0, 0, 0
232000, 949471, 0, 0, 0
233000, 917416, 0, 0, 0
234000, 1020835, 0, 0, 0
235000, 994797, 0, 0, 0
236000, 936597, 0, 0, 0
237000, 933279, 0, 0, 0
238000, 960814, 0, 0, 0
239000, 904308, 0, 0, 0
240000, 857522, 0, 0, 0
241000, 918758, 0, 0, 0
242000, 915591, 0, 0, 0
243000, 887588, 0, 0, 0
244000, 1013631, 0, 0, 0
245000, 1007476, 0, 0, 0
246000, 966727, 0, 0, 0
247000, 964619, 0, 0, 0
248000, 940718, 0, 0, 0
249000, 900454, 0, 0, 0
250000, 874472, 0, 0, 0
251000, 835234, 0, 0, 0
252000, 922768, 0, 0, 0
253000, 941359, 0, 0, 0
254000, 882245, 0, 0, 0
255000, 919490, 0, 0, 0
256000, 930191, 0, 0, 0
257000, 991681, 0, 0, 0
258000, 935248, 0, 0, 0
259000, 970358, 0, 0, 0
260000, 914960, 0, 0, 0
261000, 981766, 0, 0, 0
262000, 917696, 0, 0, 0
263000, 1081738, 0, 0, 0
264000, 979792, 0, 0, 0
265000, 861856, 0, 0, 0
266000, 913175, 0, 0, 0
267000, 861546, 0, 0, 0
268000, 844136, 0, 0, 0
269000, 790151, 0, 0, 0
270000, 713551, 0, 0, 0
271000, 647792, 0, 0, 0
272000, 654893, 0, 0, 0
273000, 1231106, 0, 0, 0
274000, 1072097, 0, 0, 0
275000, 1074579, 0, 0, 0
276000, 1059018, 0, 0, 0
277000, 1249855, 0, 0, 0
278000, 1149914, 0, 0, 0
279000, 1117921, 0, 0, 0
280000, 1015737, 0, 0, 0
281000, 1098591, 0, 0, 0
282000, 1020046, 0, 0, 0
283000, 981417, 0, 0, 0
284000, 973329, 0, 0, 0
285000, 1090015, 0, 0, 0
286000, 955684, 0, 0, 0
287000, 912208, 0, 0, 0
288000, 942975, 0, 0, 0
289000, 1090598, 0, 0, 0
290000, 1073032, 0, 0, 0
291000, 986951, 0, 0, 0
292000, 978651, 0, 0, 0
293000, 1029178, 0, 0, 0
294000, 1000229, 0, 0, 0
295000, 1001826, 0, 0, 0
296000, 1001928, 0, 0, 0
297000, 992489, 0, 0, 0
298000, 950884, 0, 0, 0
299000, 960943, 0, 0, 0
300000, 1056620, 0, 0, 0
301000, 1024306, 0, 0, 0
302000, 999085, 0, 0, 0
303000, 937451, 0, 0, 0
304000, 1026400, 0, 0, 0
305000, 976345, 0, 0, 0
306000, 1017096, 0, 0, 0
307000, 1090206, 0, 0, 0
308000, 1002228, 0, 0, 0
309000, 972292, 0, 0, 0
310000, 955150, 0, 0, 0
311000, 1011757, 0, 0, 0
312000, 983809, 0, 0, 0
313000, 1001640, 0, 0, 0
314000, 1010628, 0, 0, 0
315000, 1013082, 0, 0, 0
316000, 944780, 0, 0, 0
317000, 936485, 0, 0, 0
318000, 954425, 0, 0, 0
319000, 1093907, 0, 0, 0
320000, 1007359, 0, 0, 0
321000, 946284, 0, 0, 0
322000, 953026, 0, 0, 0
323000, 1112814, 0, 0, 0
324000, 1033681, 0, 0, 0
325000, 969656, 0, 0, 0
326000, 1020942, 0, 0, 0
327000, 1041573, 0, 0, 0
328000, 965417, 0, 0, 0
329000, 926494, 0, 0, 0
330000, 941280, 0, 0, 0
331000, 903549, 0, 0, 0
332000, 859815, 0, 0, 0
333000, 837598, 0, 0, 0
334000, 897342, 0, 0, 0
335000, 909578, 0, 0, 0
336000, 847156, 0, 0, 0
337000, 886027, 0, 0, 0
338000, 865725, 0, 0, 0
339000, 922067, 0, 0, 0
340000, 950043, 0, 0, 0
341000, 915227, 0, 0, 0
342000, 903881, 0, 0, 0
343000, 878130, 0, 0, 0
344000, 1015517, 0, 0, 0
345000, 973241, 0, 0, 0
346000, 913377, 0, 0, 0
347000, 909747, 0, 0, 0
348000, 947840, 0, 0, 0
349000, 901976, 0, 0, 0
350000, 864425, 0, 0, 0
351000, 898078, 0, 0, 0
352000, 874047, 0, 0, 0
353000, 888068, 0, 0, 0
354000, 934676, 0, 0, 0
355000, 915113, 0, 0, 0
356000, 881493, 0, 0, 0
357000, 845008, 0, 0, 0
358000, 911722, 0, 0, 0
359000, 914006, 0, 0, 0
360000, 897084, 0, 0, 0
361000, 967668, 0, 0, 0
362000, 945233, 0, 0, 0
363000, 898521, 0, 0, 0
364000, 937530, 0, 0, 0
365000, 914295, 0, 0, 0
366000, 892766, 0, 0, 0
367000, 912151, 0, 0, 0
368000, 1013228, 0, 0, 0
369000, 884349, 0, 0, 0
370000, 854643, 0, 0, 0
371000, 957994, 0, 0, 0
372000, 947213, 0, 0, 0
373000, 902315, 0, 0, 0
374000, 902747, 0, 0, 0
375000, 885094, 0, 0, 0
376000, 890821, 0, 0, 0
377000, 896064, 0, 0, 0
378000, 941162, 0, 0, 0
379000, 891055, 0, 0, 0
380000, 874885, 0, 0, 0
381000, 914073, 0, 0, 0
382000, 865554, 0, 0, 0
383000, 856203, 0, 0, 0
384000, 950033, 0, 0, 0
385000, 929057, 0, 0, 0
386000, 876897, 0, 0, 0
387000, 856500, 0, 0, 0
388000, 951121, 0, 0, 0
389000, 873985, 0, 0, 0
390000, 841470, 0, 0, 0
391000, 760162, 0, 0, 0
392000, 659520, 0, 0, 0
393000, 639807, 0, 0, 0
394000, 795026, 0, 0, 0
395000, 1133669, 0, 0, 0
396000, 1135464, 0, 0, 0
397000, 1082580, 0, 0, 0
398000, 1125092, 0, 0, 0
399000, 1058115, 0, 0, 0
400000, 994906, 0, 0, 0
401000, 945052, 0, 0, 0
402000, 1034474, 0, 0, 0
403000, 991392, 0, 0, 0
404000, 930704, 0, 0, 0
405000, 959367, 0, 0, 0
406000, 984708, 0, 0, 0
407000, 941730, 0, 0, 0
408000, 939388, 0, 0, 0
409006, 964410, 0, 0, 0
410000, 1009616, 0, 0, 0
411000, 878598, 0, 0, 0
412000, 880832, 0, 0, 0
413000, 923822, 0, 0, 0
414000, 887829, 0, 0, 0
415000, 896587, 0, 0, 0
416000, 934977, 0, 0, 0
417000, 975924, 0, 0, 0
418000, 971134, 0, 0, 0
419000, 921178, 0, 0, 0
420000, 967701, 0, 0, 0
421000, 935184, 0, 0, 0
422000, 926012, 0, 0, 0
423000, 1020996, 0, 0, 0
424000, 936674, 0, 0, 0
425000, 941530, 0, 0, 0
426000, 939122, 0, 0, 0
427000, 969322, 0, 0, 0
428000, 926814, 0, 0, 0
429000, 898368, 0, 0, 0
430000, 901041, 0, 0, 0
431000, 903233, 0, 0, 0
432000, 918752, 0, 0, 0
433000, 1008935, 0, 0, 0
434000, 951729, 0, 0, 0
435000, 919519, 0, 0, 0
436000, 878500, 0, 0, 0
437000, 904652, 0, 0, 0
438000, 905679, 0, 0, 0
439000, 900023, 0, 0, 0
440000, 902980, 0, 0, 0
441000, 1056821, 0, 0, 0
442000, 1014860, 0, 0, 0
443000, 941805, 0, 0, 0
444000, 998650, 0, 0, 0
445000, 985773, 0, 0, 0
446000, 1053126, 0, 0, 0
447000, 1017970, 0, 0, 0
448000, 1003911, 0, 0, 0
449000, 971938, 0, 0, 0
450000, 958517, 0, 0, 0
451000, 918508, 0, 0, 0
452000, 961850, 0, 0, 0
453000, 944632, 0, 0, 0
454000, 977569, 0, 0, 0
455000, 938227, 0, 0, 0
456000, 1004196, 0, 0, 0
457000, 982987, 0, 0, 0
458000, 878740, 0, 0, 0
459000, 866242, 0, 0, 0
460000, 859942, 0, 0, 0
461000, 864457, 0, 0, 0
462000, 820940, 0, 0, 0
463000, 932339, 0, 0, 0
464000, 1137722, 0, 0, 0
465000, 1040018, 0, 0, 0
466000, 985941, 0, 0, 0
467000, 1064289, 0, 0, 0
468000, 1042537, 0, 0, 0
469000, 1055784, 0, 0, 0
470000, 1066329, 0, 0, 0
471000, 1064924, 0, 0, 0
472000, 944801, 0, 0, 0
473000, 848452, 0, 0, 0
474000, 894115, 0, 0, 0
475000, 865661, 0, 0, 0
476000, 826874, 0, 0, 0
477000, 832793, 0, 0, 0
478000, 707854, 0, 0, 0
479000, 663001, 0, 0, 0
480000, 662510, 0, 0, 0
480000, 1307515, 0, 0, 0
