1000, 1046394, 0, 0, 0
2000, 1122142, 0, 0, 0
3000, 1122907, 0, 0, 0
4000, 1013383, 0, 0, 0
5000, 1089719, 0, 0, 0
6000, 1113813, 0, 0, 0
7000, 1005387, 0, 0, 0
8000, 1041439, 0, 0, 0
9000, 1110796, 0, 0, 0
10000, 1061064, 0, 0, 0
11000, 1003369, 0, 0, 0
12000, 947751, 0, 0, 0
13000, 975051, 0, 0, 0
14000, 868390, 0, 0, 0
15000, 895817, 0, 0, 0
16000, 888517, 0, 0, 0
17000, 946175, 0, 0, 0
18000, 923742, 0, 0, 0
19000, 842011, 0, 0, 0
20000, 907320, 0, 0, 0
21000, 873901, 0, 0, 0
22000, 847909, 0, 0, 0
23000, 861315, 0, 0, 0
24000, 861381, 0, 0, 0
25000, 830740, 0, 0, 0
26000, 815776, 0, 0, 0
27000, 682359, 0, 0, 0
28000, 672227, 0, 0, 0
29000, 646924, 0, 0, 0
30000, 931560, 0, 0, 0
31000, 1078185, 0, 0, 0
32000, 1053140, 0, 0, 0
33000, 1067715, 0, 0, 0
34000, 1112402, 0, 0, 0
35000, 1091029, 0, 0, 0
36000, 1094621, 0, 0, 0
37000, 1100006, 0, 0, 0
38000, 1110890, 0, 0, 0
39000, 1041854, 0, 0, 0
40000, 1015642, 0, 0, 0
41000, 1001347, 0, 0, 0
42000, 1060145, 0, 0, 0
43000, 1012184, 0, 0, 0
44000, 1022850, 0, 0, 0
45000, 1011650, 0, 0, 0
46000, 1090870, 0, 0, 0
47000, 1028398, 0, 0, 0
48000, 997096, 0, 0, 0
49000, 1098358, 0, 0, 0
50000, 1033448, 0, 0, 0
51000, 931081, 0, 0, 0
52000, 902081, 0, 0, 0
53000, 1019330, 0, 0, 0
54000, 1001816, 0, 0, 0
55000, 966031, 0, 0, 0
56000, 936888, 0, 0, 0
57000, 984867, 0, 0, 0
58000, 934279, 0, 0, 0
59000, 872614, 0, 0, 0
60000, 938669, 0, 0, 0
61000, 1089885, 0, 0, 0
62000, 1062775, 0, 0, 0
63000, 1036485, 0, 0, 0
64000, 1094512, 0, 0, 0
65000, 1050319, 0, 0, 0
66000, 912057, 0, 0, 0
67000, 966414, 0, 0, 0
68000, 1030703, 0, 0, 0
69000, 1053645, 0, 0, 0
70000, 987420, 0, 0, 0
71000, 998549, 0, 0, 0
72017, 1076628, 0, 0, 0
73000, 1030446, 0, 0, 0
74000, 942290, 0, 0, 0
75000, 985521, 0, 0, 0
76000, 1014189, 0, 0, 0
77000, 985404, 0, 0, 0
78000, 986452, 0, 0, 0
79000, 1058573, 0, 0, 0
80000, 966590, 0, 0, 0
81000, 911419, 0, 0, 0
82000, 900669, 0, 0, 0
83000, 1032396, 0, 0, 0
84000, 983633, 0, 0, 0
85000, 885916, 0, 0, 0
86000, 941098, 0, 0, 0
87000, 910994, 0, 0, 0
88000, 893920, 0, 0, 0
89000, 854879, 0, 0, 0
90000, 950542, 0, 0, 0
91000, 957545, 0, 0, 0
92000, 925341, 0, 0, 0
93000, 930535, 0, 0, 0
94000, 897562, 0, 0, 0
95000, 883341, 0, 0, 0
96000, 878963, 0, 0, 0
97000, 928480, 0, 0, 0
98000, 967303, 0, 0, 0
99000, 946621, 0, 0, 0
100000, 927477, 0, 0, 0
101000, 916366, 0, 0, 0
102000, 893291, 0, 0, 0
103000, 985281, 0, 0, 0
104000, 1068733, 0, 0, 0
105000, 967573, 0, 0, 0
106000, 971160, 0, 0, 0
107000, 984804, 0, 0, 0
108000, 874815, 0, 0, 0
109000, 841389, 0, 0, 0
110000, 832162, 0, 0, 0
111000, 1018459, 0, 0, 0
112000, 942743, 0, 0, 0
113000, 914401, 0, 0, 0
114000, 1010664, 0, 0, 0
115000, 965020, 0, 0, 0
116000, 949971, 0, 0, 0
117000, 977577, 0, 0, 0
118000, 1039484, 0, 0, 0
119000, 980199, 0, 0, 0
120000, 997171, 0, 0, 0
121000, 993439, 0, 0, 0
122000, 1014349, 0, 0, 0
123000, 959514, 0, 0, 0
124000, 958674, 0, 0, 0
125000, 909756, 0, 0, 0
126000, 990129, 0, 0, 0
127000, 952257, 0, 0, 0
128000, 974977, 0, 0, 0
129000, 962769, 0, 0, 0
130000, 1012260, 0, 0, 0
131000, 934638, 0, 0, 0
132000, 917275, 0, 0, 0
133000, 1008199, 0, 0, 0
134000, 1002604, 0, 0, 0
135000, 999109, 0, 0, 0
136000, 951313, 0, 0, 0
137000, 1006359, 0, 0, 0
138000, 984169, 0, 0, 0
139000, 946858, 0, 0, 0
140000, 961221, 0, 0, 0
141000, 920398, 0, 0, 0
142000, 908954, 0, 0, 0
143000, 949940, 0, 0, 0
144000, 931065, 0, 0, 0
145000, 916494, 0, 0, 0
146000, 947544, 0, 0, 0
147008, 969579, 0, 0, 0
148000, 987349, 0, 0, 0
149000, 954434, 0, 0, 0
150000, 959835, 0, 0, 0
151000, 993448, 0, 0, 0
152000, 912655, 0, 0, 0
153000, 963894, 0, 0, 0
154000, 956694, 0, 0, 0
155000, 946947, 0, 0, 0
156000, 907395, 0, 0, 0
157000, 870680, 0, 0, 0
158000, 936170, 0, 0, 0
159000, 894464, 0, 0, 0
160000, 878590, 0, 0, 0
161000, 958362, 0, 0, 0
162000, 877569, 0, 0, 0
163000, 872508, 0, 0, 0
164000, 869624, 0, 0, 0
165000, 986405, 0, 0, 0
166000, 961036, 0, 0, 0
167000, 917115, 0, 0, 0
168000, 960350, 0, 0, 0
169000, 896641, 0, 0, 0
170000, 870472, 0, 0, 0
171000, 819591, 0, 0, 0
172000, 701227, 0, 0, 0
173000, 661308, 0, 0, 0
174000, 652257, 0, 0, 0
175000, 679378, 0, 0, 0
176000, 654012, 0, 0, 0
177000, 646420, 0, 0, 0
178000, 1110292, 0, 0, 0
179000, 1014194, 0, 0, 0
180000, 1059828, 0, 0, 0
181000, 1090905, 0, 0, 0
182000, 1130012, 0, 0, 0
183000, 1155370, 0, 0, 0
184000, 1083546, 0, 0, 0
185000, 1067574, 0, 0, 0
186000, 1128574, 0, 0, 0
187000, 1119462, 0, 0, 0
188000, 1083908, 0, 0, 0
189000, 1048842, 0, 0, 0
190000, 1039599, 0, 0, 0
191000, 980972, 0, 0, 0
192000, 946850, 0, 0, 0
193000, 980562, 0, 0, 0
194000, 962476, 0, 0, 0
195000, 1010571, 0, 0, 0
196000, 983656, 0, 0, 0
197000, 988456, 0, 0, 0
198000, 914898, 0, 0, 0
199000, 906462, 0, 0, 0
200000, 882532, 0, 0, 0
201000, 916750, 0, 0, 0
202000, 910070, 0, 0, 0
203000, 891625, 0, 0, 0
204000, 943568, 0, 0, 0
205000, 880185, 0, 0, 0
206000, 878693, 0, 0, 0
207000, 920141, 0, 0, 0
208000, 974294, 0, 0, 0
209000, 935267, 0, 0, 0
210000, 873795, 0, 0, 0
211000, 928399, 0, 0, 0
212000, 882383, 0, 0, 0
213000, 834446, 0, 0, 0
214000, 942260, 0, 0, 0
215000, 863447, 0, 0, 0
216000, 816584, 0, 0, 0
217000, 874783, 0, 0, 0
218000, 862914, 0, 0, 0
219000, 839717, 0, 0, 0
220000, 834327, 0, 0, 0
221000, 997115, 0, 0, 0
222000, 982590, 0, 0, 0
223000, 957004, 0, 0, 0
224003, 1011944, 0, 0, 0
225000, 978235, 0, 0, 0
226000, 934434, 0, 0, 0
227000, 914020, 0, 0, 0
228000, 986681, 0, 0, 0
229000, 966094, 0, 0, 0
230000, 934301, 0, 0, 0
231000, 971571, 0, 0, 0
232000, 1014694, 0, 0, 0
233000, 936179, 0, 0, 0
234000, 935607, 0, 0, 0
235000, 861577, 0, 0, 0
236000, 645204, 0, 0, 0
237000, 689551, 0, 0, 0
238000, 657410, 0, 0, 0
239000, 646426, 0, 0, 0
240000, 1003503, 0, 0, 0
241000, 1020018, 0, 0, 0
242000, 976190, 0, 0, 0
243000, 1057434, 0, 0, 0
244000, 1000617, 0, 0, 0
245000, 1020722, 0, 0, 0
246000, 1044501, 0, 0, 0
247000, 1137120, 0, 0, 0
248000, 1081468, 0, 0, 0
249000, 998729, 0, 0, 0
250000, 997617, 0, 0, 0
251000, 1045652, 0, 0, 0
252000, 1030073, 0, 0, 0
253000, 993686, 0, 0, 0
254000, 987539, 0, 0, 0
255000, 1048066, 0, 0, 0
256000, 1012524, 0, 0, 0
257000, 989889, 0, 0, 0
258000, 1018994, 0, 0, 0
259000, 1052125, 0, 0, 0
260000, 1033387, 0, 0, 0
261000, 1025590, 0, 0, 0
262000, 1033773, 0, 0, 0
263000, 1062886, 0, 0, 0
264000, 1061623, 0, 0, 0
265000, 1006261, 0, 0, 0
266000, 1062518, 0, 0, 0
267000, 971502, 0, 0, 0
268000, 961084, 0, 0, 0
269000, 955106, 0, 0, 0
270000, 1081290, 0, 0, 0
271000, 1012358, 0, 0, 0
272000, 948970, 0, 0, 0
273000, 886588, 0, 0, 0
274000, 942916, 0, 0, 0
275000, 919962, 0, 0, 0
276000, 914233, 0, 0, 0
277000, 1005728, 0, 0, 0
278000, 1026332, 0, 0, 0
279000, 966701, 0, 0, 0
280000, 963776, 0, 0, 0
281000, 1012807, 0, 0, 0
282000, 987808, 0, 0, 0
283000, 973583, 0, 0, 0
284000, 958608, 0, 0, 0
285000, 995809, 0, 0, 0
286000, 939148, 0, 0, 0
287000, 922981, 0, 0, 0
288000, 953588, 0, 0, 0
289000, 928310, 0, 0, 0
290000, 1001159, 0, 0, 0
291000, 1012681, 0, 0, 0
292000, 1079259, 0, 0, 0
293000, 1049917, 0, 0, 0
294000, 1073231, 0, 0, 0
295000, 937472, 0, 0, 0
296000, 940776, 0, 0, 0
297000, 893089, 0, 0, 0
298000, 896026, 0, 0, 0
299000, 933160, 0, 0, 0
300000, 924140, 0, 0, 0
301000, 939033, 0, 0, 0
302000, 940193, 0, 0, 0
303000, 958730, 0, 0, 0
304000, 942277, 0, 0, 0
305000, 984569, 0, 0, 0
306000, 1021543, 0, 0, 0
307000, 982095, 0, 0, 0
308000, 970577, 0, 0, 0
309000, 927797, 0, 0, 0
310000, 957139, 0, 0, 0
311000, 892410, 0, 0, 0
312000, 897464, 0, 0, 0
313000, 873549, 0, 0, 0
314000, 900647, 0, 0, 0
315000, 912691, 0, 0, 0
316000, 856984, 0, 0, 0
317000, 891229, 0, 0, 0
318000, 876202, 0, 0, 0
319000, 847679, 0, 0, 0
320000, 874006, 0, 0, 0
321000, 1004533, 0, 0, 0
322000, 957121, 0, 0, 0
323000, 926004, 0, 0, 0
324000, 971684, 0, 0, 0
325000, 903355, 0, 0, 0
326000, 865453, 0, 0, 0
327004, 852537, 0, 0, 0
328000, 941180, 0, 0, 0
329000, 919930, 0, 0, 0
330000, 944695, 0, 0, 0
331000, 1018594, 0, 0, 0
332000, 957749, 0, 0, 0
333000, 933101, 0, 0, 0
334000, 1009405, 0, 0, 0
335000, 957614, 0, 0, 0
336000, 956144, 0, 0, 0
337000, 898888, 0, 0, 0
338000, 941913, 0, 0, 0
339000, 915163, 0, 0, 0
340000, 889158, 0, 0, 0
341000, 992996, 0, 0, 0
342000, 922798, 0, 0, 0
343000, 868683, 0, 0, 0
344000, 840053, 0, 0, 0
345000, 690657, 0, 0, 0
346000, 675785, 0, 0, 0
347000, 649413, 0, 0, 0
348000, 890495, 0, 0, 0
349000, 1001008, 0, 0, 0
350000, 977138, 0, 0, 0
351000, 928884, 0, 0, 0
352000, 1005881, 0, 0, 0
353000, 915283, 0, 0, 0
354000, 901377, 0, 0, 0
355000, 818316, 0, 0, 0
356000, 664504, 0, 0, 0
357000, 655486, 0, 0, 0
358000, 760228, 0, 0, 0
359000, 1063327, 0, 0, 0
360000, 1031015, 0, 0, 0
361000, 1077164, 0, 0, 0
362000, 1064199, 0, 0, 0
363000, 1025588, 0, 0, 0
364000, 1063474, 0, 0, 0
365000, 1005716, 0, 0, 0
366000, 1082337, 0, 0, 0
367000, 952816, 0, 0, 0
368000, 881443, 0, 0, 0
369000, 891321, 0, 0, 0
370000, 1031990, 0, 0, 0
371000, 1031059, 0, 0, 0
372000, 968362, 0, 0, 0
373000, 989655, 0, 0, 0
374000, 1003739, 0, 0, 0
375000, 985505, 0, 0, 0
376000, 956343, 0, 0, 0
377000, 1030323, 0, 0, 0
378000, 1018203, 0, 0, 0
379000, 922974, 0, 0, 0
380000, 904048, 0, 0, 0
381000, 965722, 0, 0, 0
382000, 907329, 0, 0, 0
383000, 866817, 0, 0, 0
384000, 939521, 0, 0, 0
385000, 929777, 0, 0, 0
386000, 914989, 0, 0, 0
387000, 978544, 0, 0, 0
388000, 1051897, 0, 0, 0
389000, 964981, 0, 0, 0
390000, 923972, 0, 0, 0
391000, 982479, 0, 0, 0
392000, 951272, 0, 0, 0
393000, 964634, 0, 0, 0
394000, 928323, 0, 0, 0
395000, 1026212, 0, 0, 0
396000, 952919, 0, 0, 0
397000, 928469, 0, 0, 0
398000, 950453, 0, 0, 0
399000, 910142, 0, 0, 0
400000, 944696, 0, 0, 0
401000, 925320, 0, 0, 0
402000, 982794, 0, 0, 0
403000, 1030741, 0, 0, 0
404000, 1001131, 0, 0, 0
405000, 990597, 0, 0, 0
406000, 1068715, 0, 0, 0
407000, 1019969, 0, 0, 0
408000, 1010680, 0, 0, 0
409000, 948856, 0, 0, 0
410000, 1020490, 0, 0, 0
411000, 945258, 0, 0, 0
412000, 930612, 0, 0, 0
413000, 957523, 0, 0, 0
414000, 1037490, 0, 0, 0
415000, 1038543, 0, 0, 0
416000, 999701, 0, 0, 0
417000, 1023577, 0, 0, 0
418000, 994184, 0, 0, 0
419000, 934348, 0, 0, 0
420000, 922274, 0, 0, 0
421000, 971058, 0, 0, 0
422000, 935821, 0, 0, 0
423000, 923795, 0, 0, 0
424000, 966397, 0, 0, 0
425000, 938694, 0, 0, 0
426000, 931393, 0, 0, 0
427000, 926724, 0, 0, 0
428000, 973245, 0, 0, 0
429000, 1021825, 0, 0, 0
430000, 961928, 0, 0, 0
431000, 1003622, 0, 0, 0
432000, 1007535, 0, 0, 0
433000, 950089, 0, 0, 0
434000, 940740, 0, 0, 0
435000, 967356, 0, 0, 0
436000, 944122, 0, 0, 0
437000, 945643, 0, 0, 0
438000, 940070, 0, 0, 0
439000, 997043, 0, 0, 0
440000, 948821, 0, 0, 0
441000, 938672, 0, 0, 0
442000, 926966, 0, 0, 0
443000, 917276, 0, 0, 0
444000, 873445, 0, 0, 0
445000, 831669, 0, 0, 0
446000, 939066, 0, 0, 0
447000, 899443, 0, 0, 0
448000, 892907, 0, 0, 0
449000, 920878, 0, 0, 0
450000, 891850, 0, 0, 0
451000, 865372, 0, 0, 0
452000, 856453, 0, 0, 0
453000, 634638, 0, 0, 0
454000, 681425, 0, 0, 0
455000, 681505, 0, 0, 0
456000, 623836, 0, 0, 0
457000, 878514, 0, 0, 0
458000, 1132320, 0, 0, 0
459000, 1146606, 0, 0, 0
460000, 1084094, 0, 0, 0
461000, 1142701, 0, 0, 0
462000, 1125578, 0, 0, 0
463000, 1003228, 0, 0, 0
464000, 969712, 0, 0, 0
465000, 1056961, 0, 0, 0
466000, 1046715, 0, 0, 0
467000, 1104298, 0, 0, 0
468000, 1054960, 0, 0, 0
469000, 1165233, 0, 0, 0
470000, 1108633, 0, 0, 0
471000, 1011047, 0, 0, 0
472000, 988925, 0, 0, 0
473000, 1089286, 0, 0, 0
474000, 975054, 0, 0, 0
475000, 953396, 0, 0, 0
476000, 919325, 0, 0, 0
477000, 985447, 0, 0, 0
478000, 942075, 0, 0, 0
479000, 914895, 0, 0, 0
480000, 971374, 0, 0, 0
480004, 4868932, 0, 0, 0
