1000, 2731504, 0, 0, 0
2000, 3974233, 0, 0, 0
3000, 3291234, 0, 0, 0
4000, 1695737, 0, 0, 0
5000, 1696401, 0, 0, 0
6000, 1727883, 0, 0, 0
7000, 828272, 0, 0, 0
8000, 695251, 0, 0, 0
9000, 660542, 0, 0, 0
10000, 1263977, 0, 0, 0
11000, 1081649, 0, 0, 0
12000, 1029592, 0, 0, 0
13000, 1037333, 0, 0, 0
14000, 1115679, 0, 0, 0
15000, 965992, 0, 0, 0
16000, 931205, 0, 0, 0
17000, 930525, 0, 0, 0
18000, 961073, 0, 0, 0
19000, 1226763, 0, 0, 0
20000, 2061372, 0, 0, 0
21000, 1755265, 0, 0, 0
22000, 1333666, 0, 0, 0
23000, 1700174, 0, 0, 0
24000, 1658649, 0, 0, 0
25000, 3230040, 0, 0, 0
26000, 4302747, 0, 0, 0
27000, 3180437, 0, 0, 0
28000, 1840550, 0, 0, 0
29000, 1822454, 0, 0, 0
30018, 1838640, 0, 0, 0
31000, 917307, 0, 0, 0
32000, 750270, 0, 0, 0
33000, 771648, 0, 0, 0
34000, 1219279, 0, 0, 0
35000, 1191674, 0, 0, 0
36000, 1161743, 0, 0, 0
37000, 1139059, 0, 0, 0
38000, 1035057, 0, 0, 0
39000, 888525, 0, 0, 0
40000, 889473, 0, 0, 0
41000, 2867125, 0, 0, 0
42001, 3044639, 0, 0, 0
43000, 2646682, 0, 0, 0
44000, 2534894, 0, 0, 0
45000, 1856880, 0, 0, 0
46000, 1543336, 0, 0, 0
47000, 1042552, 0, 0, 0
48000, 1123289, 0, 0, 0
49000, 946106, 0, 0, 0
50000, 882474, 0, 0, 0
51000, 882949, 0, 0, 0
52000, 1079101, 0, 0, 0
53000, 4188358, 0, 0, 0
54000, 4429370, 0, 0, 0
55000, 3160984, 0, 0, 0
56000, 2376053, 0, 0, 0
57000, 2020462, 0, 0, 0
58000, 2277852, 0, 0, 0
59000, 1206920, 0, 0, 0
60000, 1181501, 0, 0, 0
61000, 1144065, 0, 0, 0
62000, 1238385, 0, 0, 0
63000, 1087109, 0, 0, 0
64000, 975680, 0, 0, 0
65000, 961646, 0, 0, 0
66000, 1040477, 0, 0, 0
67000, 1101211, 0, 0, 0
68000, 1044862, 0, 0, 0
69000, 920330, 0, 0, 0
70000, 965328, 0, 0, 0
71000, 950495, 0, 0, 0
72000, 914292, 0, 0, 0
73000, 893800, 0, 0, 0
74000, 995144, 0, 0, 0
75000, 1047489, 0, 0, 0
76000, 1018902, 0, 0, 0
77000, 939561, 0, 0, 0
78000, 1157526, 0, 0, 0
79000, 2414430, 0, 0, 0
80000, 2247130, 0, 0, 0
81000, 1640063, 0, 0, 0
82000, 1413808, 0, 0, 0
83000, 2164987, 0, 0, 0
84000, 2188284, 0, 0, 0
85000, 2981433, 0, 0, 0
86000, 4871171, 0, 0, 0
87000, 3686654, 0, 0, 0
88000, 3843166, 0, 0, 0
89000, 3420926, 0, 0, 0
90000, 3350702, 0, 0, 0
91000, 3929859, 0, 0, 0
92000, 5170393, 0, 0, 0
93000, 4022406, 0, 0, 0
94000, 3189207, 0, 0, 0
95000, 1816602, 0, 0, 0
96000, 1849495, 0, 0, 0
97000, 1109812, 0, 0, 0
98000, 1081733, 0, 0, 0
99000, 1045316, 0, 0, 0
100000, 1021285, 0, 0, 0
101000, 922119, 0, 0, 0
102000, 997046, 0, 0, 0
103000, 1166803, 0, 0, 0
104000, 2662922, 0, 0, 0
105000, 4013216, 0, 0, 0
106000, 4519889, 0, 0, 0
107000, 3890631, 0, 0, 0
108000, 3304150, 0, 0, 0
109000, 2863310, 0, 0, 0
110000, 1645074, 0, 0, 0
111000, 1385396, 0, 0, 0
112000, 1372643, 0, 0, 0
113000, 1903257, 0, 0, 0
114000, 1252904, 0, 0, 0
115000, 1258574, 0, 0, 0
116000, 1281237, 0, 0, 0
117000, 1261208, 0, 0, 0
118000, 1274574, 0, 0, 0
119000, 1197789, 0, 0, 0
120000, 1198669, 0, 0, 0
121000, 1207043, 0, 0, 0
122000, 1183514, 0, 0, 0
123000, 1013475, 0, 0, 0
124000, 1127115, 0, 0, 0
125000, 1124944, 0, 0, 0
126000, 1065668, 0, 0, 0
127000, 992724, 0, 0, 0
128000, 986525, 0, 0, 0
129000, 700759, 0, 0, 0
130000, 664900, 0, 0, 0
131000, 635650, 0, 0, 0
132000, 1164805, 0, 0, 0
133000, 1208171, 0, 0, 0
134000, 1095335, 0, 0, 0
135010, 1164719, 0, 0, 0
136000, 1188476, 0, 0, 0
137000, 1102672, 0, 0, 0
138000, 1130204, 0, 0, 0
139000, 994266, 0, 0, 0
140000, 1079749, 0, 0, 0
141000, 1080345, 0, 0, 0
142000, 1079348, 0, 0, 0
143000, 930678, 0, 0, 0
144000, 919840, 0, 0, 0
145000, 889791, 0, 0, 0
146000, 865530, 0, 0, 0
147000, 916272, 0, 0, 0
148000, 1533444, 0, 0, 0
149000, 3978463, 0, 0, 0
150000, 4856049, 0, 0, 0
151000, 4158832, 0, 0, 0
152000, 4632394, 0, 0, 0
153000, 4491492, 0, 0, 0
154000, 3987186, 0, 0, 0
155000, 4343185, 0, 0, 0
156000, 4736514, 0, 0, 0
157000, 4653906, 0, 0, 0
158000, 3430840, 0, 0, 0
159000, 2123363, 0, 0, 0
160000, 1739437, 0, 0, 0
161000, 1884425, 0, 0, 0
162000, 1898441, 0, 0, 0
163000, 2426590, 0, 0, 0
164000, 2206176, 0, 0, 0
165000, 2814738, 0, 0, 0
166000, 2446495, 0, 0, 0
167000, 2706589, 0, 0, 0
168000, 1634578, 0, 0, 0
169000, 1399734, 0, 0, 0
170000, 1505456, 0, 0, 0
171000, 1174117, 0, 0, 0
172000, 1129134, 0, 0, 0
173000, 1091530, 0, 0, 0
174000, 1070596, 0, 0, 0
175000, 1041662, 0, 0, 0
176000, 1004108, 0, 0, 0
177000, 1756565, 0, 0, 0
178000, 3709315, 0, 0, 0
179000, 4250906, 0, 0, 0
180000, 4106095, 0, 0, 0
181000, 3016135, 0, 0, 0
182000, 2124139, 0, 0, 0
183000, 2014263, 0, 0, 0
184000, 1970576, 0, 0, 0
185000, 1047559, 0, 0, 0
186000, 946330, 0, 0, 0
187000, 1030354, 0, 0, 0
188000, 1051390, 0, 0, 0
189000, 1007490, 0, 0, 0
190000, 925654, 0, 0, 0
191000, 983671, 0, 0, 0
192000, 907694, 0, 0, 0
193000, 1028486, 0, 0, 0
194000, 1064679, 0, 0, 0
195000, 1111025, 0, 0, 0
196000, 1013901, 0, 0, 0
197000, 981494, 0, 0, 0
198000, 978043, 0, 0, 0
199000, 997836, 0, 0, 0
200000, 1005384, 0, 0, 0
201000, 931663, 0, 0, 0
202000, 927278, 0, 0, 0
203000, 975874, 0, 0, 0
204000, 923211, 0, 0, 0
205000, 885960, 0, 0, 0
206000, 984670, 0, 0, 0
207000, 989684, 0, 0, 0
208000, 974023, 0, 0, 0
209000, 933283, 0, 0, 0
210000, 978803, 0, 0, 0
211000, 951483, 0, 0, 0
212000, 886257, 0, 0, 0
213000, 855714, 0, 0, 0
214000, 912892, 0, 0, 0
215000, 883146, 0, 0, 0
216000, 1900989, 0, 0, 0
217001, 4200620, 0, 0, 0
218000, 4720033, 0, 0, 0
219000, 4548975, 0, 0, 0
220000, 3968116, 0, 0, 0
221000, 4239195, 0, 0, 0
222000, 3802325, 0, 0, 0
223000, 3345350, 0, 0, 0
224000, 1981152, 0, 0, 0
225000, 1721514, 0, 0, 0
226000, 1916604, 0, 0, 0
227000, 2045846, 0, 0, 0
228000, 1279921, 0, 0, 0
229000, 1099737, 0, 0, 0
230000, 1098976, 0, 0, 0
231000, 942202, 0, 0, 0
232000, 933990, 0, 0, 0
233000, 924150, 0, 0, 0
234000, 1637274, 0, 0, 0
235000, 3618738, 0, 0, 0
236000, 4076555, 0, 0, 0
237000, 3246119, 0, 0, 0
238000, 2279112, 0, 0, 0
239000, 1581453, 0, 0, 0
240000, 1362057, 0, 0, 0
241000, 1841597, 0, 0, 0
242000, 1508807, 0, 0, 0
243000, 1210696, 0, 0, 0
244000, 1238252, 0, 0, 0
245000, 1222182, 0, 0, 0
246000, 1194050, 0, 0, 0
247000, 1132671, 0, 0, 0
248000, 1242521, 0, 0, 0
249000, 1165862, 0, 0, 0
250000, 1150018, 0, 0, 0
251000, 1142511, 0, 0, 0
252000, 1002314, 0, 0, 0
253000, 1001328, 0, 0, 0
254000, 886253, 0, 0, 0
255000, 967825, 0, 0, 0
256000, 936318, 0, 0, 0
257000, 936406, 0, 0, 0
258000, 929305, 0, 0, 0
259000, 988527, 0, 0, 0
260000, 1007933, 0, 0, 0
261000, 1002055, 0, 0, 0
262000, 1058885, 0, 0, 0
263000, 966955, 0, 0, 0
264000, 877801, 0, 0, 0
265000, 863292, 0, 0, 0
266000, 958804, 0, 0, 0
267000, 995491, 0, 0, 0
268000, 941084, 0, 0, 0
269000, 950895, 0, 0, 0
270000, 1043687, 0, 0, 0
271000, 1688042, 0, 0, 0
272000, 2830760, 0, 0, 0
273000, 2111202, 0, 0, 0
274000, 1665413, 0, 0, 0
275000, 1621430, 0, 0, 0
276000, 1330287, 0, 0, 0
277000, 899452, 0, 0, 0
278000, 883504, 0, 0, 0
279025, 918136, 0, 0, 0
280000, 988396, 0, 0, 0
281000, 870290, 0, 0, 0
282000, 842954, 0, 0, 0
283000, 909954, 0, 0, 0
284000, 1067152, 0, 0, 0
285000, 4489741, 0, 0, 0
286000, 3685547, 0, 0, 0
287000, 2342708, 0, 0, 0
288000, 1980839, 0, 0, 0
289000, 1982062, 0, 0, 0
290000, 1339815, 0, 0, 0
291000, 1404575, 0, 0, 0
292000, 1357775, 0, 0, 0
293000, 1264320, 0, 0, 0
294000, 1051935, 0, 0, 0
295000, 974021, 0, 0, 0
296000, 921590, 0, 0, 0
297000, 974407, 0, 0, 0
298000, 958022, 0, 0, 0
299000, 872752, 0, 0, 0
300000, 872148, 0, 0, 0
301000, 1370057, 0, 0, 0
302000, 2049047, 0, 0, 0
303000, 2002081, 0, 0, 0
304000, 1899021, 0, 0, 0
305000, 1659434, 0, 0, 0
306000, 1081190, 0, 0, 0
307000, 1083199, 0, 0, 0
308000, 1052379, 0, 0, 0
309000, 983943, 0, 0, 0
310000, 995644, 0, 0, 0
311000, 1031323, 0, 0, 0
312000, 1037146, 0, 0, 0
313010, 1073490, 0, 0, 0
314000, 1095159, 0, 0, 0
315000, 1076890, 0, 0, 0
316000, 1034177, 0, 0, 0
317000, 970968, 0, 0, 0
318000, 1016494, 0, 0, 0
319000, 1634431, 0, 0, 0
320000, 2705682, 0, 0, 0
321000, 1783656, 0, 0, 0
322000, 2302241, 0, 0, 0
323000, 3501361, 0, 0, 0
324000, 2381427, 0, 0, 0
325000, 3933382, 0, 0, 0
326000, 3558148, 0, 0, 0
327000, 2206091, 0, 0, 0
328000, 2165590, 0, 0, 0
329000, 2121017, 0, 0, 0
330000, 2158378, 0, 0, 0
331000, 1466542, 0, 0, 0
332000, 1307062, 0, 0, 0
333000, 1088080, 0, 0, 0
334000, 1142940, 0, 0, 0
335000, 1161095, 0, 0, 0
336000, 1016464, 0, 0, 0
337000, 1004728, 0, 0, 0
338000, 998480, 0, 0, 0
339000, 1044998, 0, 0, 0
340000, 1012562, 0, 0, 0
341000, 1031450, 0, 0, 0
342000, 1021224, 0, 0, 0
343000, 984165, 0, 0, 0
344000, 955716, 0, 0, 0
345000, 883125, 0, 0, 0
346000, 915685, 0, 0, 0
347000, 895542, 0, 0, 0
348000, 2107250, 0, 0, 0
349000, 3913311, 0, 0, 0
350000, 2982027, 0, 0, 0
351000, 4321808, 0, 0, 0
352000, 4691660, 0, 0, 0
353000, 4206328, 0, 0, 0
354000, 4446034, 0, 0, 0
355000, 2879909, 0, 0, 0
356000, 2049878, 0, 0, 0
357000, 1542402, 0, 0, 0
358000, 1285003, 0, 0, 0
359000, 1151241, 0, 0, 0
360000, 957740, 0, 0, 0
361000, 817171, 0, 0, 0
362000, 1140143, 0, 0, 0
363000, 1080445, 0, 0, 0
364000, 1042250, 0, 0, 0
365000, 955678, 0, 0, 0
366000, 1027204, 0, 0, 0
367012, 918172, 0, 0, 0
368000, 1003169, 0, 0, 0
369000, 936595, 0, 0, 0
370000, 979897, 0, 0, 0
371000, 904467, 0, 0, 0
372000, 882306, 0, 0, 0
373000, 933242, 0, 0, 0
374000, 942042, 0, 0, 0
375000, 903965, 0, 0, 0
376000, 853941, 0, 0, 0
377000, 982440, 0, 0, 0
378000, 1689088, 0, 0, 0
379000, 4182857, 0, 0, 0
380000, 3622574, 0, 0, 0
381000, 4628781, 0, 0, 0
382000, 4782921, 0, 0, 0
383000, 3841308, 0, 0, 0
384000, 3698505, 0, 0, 0
385000, 2345250, 0, 0, 0
386000, 2018349, 0, 0, 0
387000, 2119733, 0, 0, 0
388000, 1074549, 0, 0, 0
389000, 1058634, 0, 0, 0
390000, 1060303, 0, 0, 0
391000, 1079439, 0, 0, 0
392000, 1031878, 0, 0, 0
393000, 953978, 0, 0, 0
394000, 957801, 0, 0, 0
395000, 1006684, 0, 0, 0
396000, 965588, 0, 0, 0
397000, 934104, 0, 0, 0
398000, 978036, 0, 0, 0
399000, 949775, 0, 0, 0
400000, 942100, 0, 0, 0
401000, 922932, 0, 0, 0
402000, 1028398, 0, 0, 0
403000, 958500, 0, 0, 0
404000, 925510, 0, 0, 0
405000, 936425, 0, 0, 0
406000, 958908, 0, 0, 0
407000, 875561, 0, 0, 0
408000, 868766, 0, 0, 0
409000, 930177, 0, 0, 0
410000, 954043, 0, 0, 0
411000, 929347, 0, 0, 0
412000, 896596, 0, 0, 0
413000, 958017, 0, 0, 0
414000, 915759, 0, 0, 0
415000, 870489, 0, 0, 0
416000, 929464, 0, 0, 0
417000, 1310313, 0, 0, 0
418000, 4574961, 0, 0, 0
419000, 4315004, 0, 0, 0
420000, 3911360, 0, 0, 0
421000, 4168056, 0, 0, 0
422000, 4067970, 0, 0, 0
423000, 2655896, 0, 0, 0
424000, 2736438, 0, 0, 0
425000, 3460710, 0, 0, 0
426000, 2355983, 0, 0, 0
427000, 2333063, 0, 0, 0
428000, 2288610, 0, 0, 0
429000, 2822654, 0, 0, 0
430000, 2932714, 0, 0, 0
431000, 3694012, 0, 0, 0
432000, 3510832, 0, 0, 0
433000, 4117564, 0, 0, 0
434000, 3911073, 0, 0, 0
435000, 2199194, 0, 0, 0
436000, 1919830, 0, 0, 0
437000, 2023414, 0, 0, 0
438000, 1348630, 0, 0, 0
439000, 1270149, 0, 0, 0
440000, 1666925, 0, 0, 0
441000, 1570292, 0, 0, 0
442000, 2252140, 0, 0, 0
443000, 3808223, 0, 0, 0
444000, 3694988, 0, 0, 0
445000, 4868251, 0, 0, 0
446000, 4623261, 0, 0, 0
447000, 4087248, 0, 0, 0
448000, 4418454, 0, 0, 0
449000, 4277497, 0, 0, 0
450000, 4172760, 0, 0, 0
451000, 2975135, 0, 0, 0
452000, 4003083, 0, 0, 0
453000, 3732934, 0, 0, 0
454000, 3884894, 0, 0, 0
455000, 3809646, 0, 0, 0
456000, 4088448, 0, 0, 0
457000, 4038390, 0, 0, 0
458000, 4401996, 0, 0, 0
459000, 3741885, 0, 0, 0
460000, 4181176, 0, 0, 0
461000, 4298590, 0, 0, 0
462000, 3501868, 0, 0, 0
463000, 3449821, 0, 0, 0
464000, 4040823, 0, 0, 0
465000, 3712704, 0, 0, 0
466000, 4915152, 0, 0, 0
467000, 4837982, 0, 0, 0
468000, 4068332, 0, 0, 0
469000, 4511590, 0, 0, 0
470000, 4414685, 0, 0, 0
471000, 3983320, 0, 0, 0
472000, 4296648, 0, 0, 0
473000, 4271002, 0, 0, 0
474000, 1902632, 0, 0, 0
475001, 3090622, 0, 0, 0
476000, 4153545, 0, 0, 0
477000, 4198211, 0, 0, 0
478000, 4307171, 0, 0, 0
479000, 4385793, 0, 0, 0
480000, 3708383, 0, 0, 0
480001, 2662275, 0, 0, 0
