1000, 110521, 0, 0, 0
2001, 103602, 0, 0, 0
3002, 126873, 0, 0, 0
4002, 135044, 0, 0, 0
5003, 136078, 0, 0, 0
6003, 142297, 0, 0, 0
7003, 139523, 0, 0, 0
8004, 141499, 0, 0, 0
9004, 142119, 0, 0, 0
10005, 143946, 0, 0, 0
11005, 143731, 0, 0, 0
12006, 141884, 0, 0, 0
13006, 138498, 0, 0, 0
14006, 144356, 0, 0, 0
15007, 143404, 0, 0, 0
16007, 143880, 0, 0, 0
17008, 143003, 0, 0, 0
18008, 142397, 0, 0, 0
19009, 136008, 0, 0, 0
20009, 130963, 0, 0, 0
21009, 133600, 0, 0, 0
22010, 136441, 0, 0, 0
23010, 134835, 0, 0, 0
24011, 136736, 0, 0, 0
25011, 132685, 0, 0, 0
26011, 139309, 0, 0, 0
27012, 140640, 0, 0, 0
28011, 135153, 0, 0, 0
29012, 139199, 0, 0, 0
30011, 138228, 0, 0, 0
31011, 123205, 0, 0, 0
32012, 126189, 0, 0, 0
33011, 129272, 0, 0, 0
34012, 121699, 0, 0, 0
35011, 127961, 0, 0, 0
36012, 123448, 0, 0, 0
37011, 118623, 0, 0, 0
38011, 103758, 0, 0, 0
39012, 114962, 0, 0, 0
40011, 84469, 0, 0, 0
41012, 41890, 0, 0, 0
42011, 50264, 0, 0, 0
43011, 60236, 0, 0, 0
44012, 66385, 0, 0, 0
45011, 64816, 0, 0, 0
46012, 87796, 0, 0, 0
47011, 121720, 0, 0, 0
48012, 126712, 0, 0, 0
49011, 110392, 0, 0, 0
50012, 106771, 0, 0, 0
51011, 111116, 0, 0, 0
52012, 116329, 0, 0, 0
53011, 114401, 0, 0, 0
54011, 117255, 0, 0, 0
55012, 115615, 0, 0, 0
56012, 126098, 0, 0, 0
57011, 130231, 0, 0, 0
58012, 128187, 0, 0, 0
59011, 102790, 0, 0, 0
60012, 108950, 0, 0, 0
61011, 111823, 0, 0, 0
62011, 117292, 0, 0, 0
63012, 143093, 0, 0, 0
64011, 142467, 0, 0, 0
65012, 140829, 0, 0, 0
66012, 142379, 0, 0, 0
67011, 143713, 0, 0, 0
68012, 142571, 0, 0, 0
69011, 144723, 0, 0, 0
70011, 143947, 0, 0, 0
71012, 138963, 0, 0, 0
72011, 143315, 0, 0, 0
73012, 141370, 0, 0, 0
74012, 142439, 0, 0, 0
75011, 145297, 0, 0, 0
76012, 143961, 0, 0, 0
77011, 132034, 0, 0, 0
78011, 135978, 0, 0, 0
79012, 133559, 0, 0, 0
80011, 131199, 0, 0, 0
81012, 127151, 0, 0, 0
82011, 126984, 0, 0, 0
83011, 115217, 0, 0, 0
84012, 101755, 0, 0, 0
85011, 105737, 0, 0, 0
86012, 105732, 0, 0, 0
87011, 102480, 0, 0, 0
88012, 105402, 0, 0, 0
89011, 107956, 0, 0, 0
90012, 102631, 0, 0, 0
91011, 108465, 0, 0, 0
92012, 116406, 0, 0, 0
93011, 117222, 0, 0, 0
94012, 117246, 0, 0, 0
95011, 128812, 0, 0, 0
96012, 129244, 0, 0, 0
97011, 109023, 0, 0, 0
98012, 110009, 0, 0, 0
99012, 116052, 0, 0, 0
100011, 106788, 0, 0, 0
101012, 124008, 0, 0, 0
102011, 129929, 0, 0, 0
103012, 130851, 0, 0, 0
104011, 120645, 0, 0, 0
105012, 125234, 0, 0, 0
106012, 132418, 0, 0, 0
107011, 119584, 0, 0, 0
108012, 127830, 0, 0, 0
109011, 143463, 0, 0, 0
110011, 140295, 0, 0, 0
111012, 142895, 0, 0, 0
112011, 143940, 0, 0, 0
113012, 141906, 0, 0, 0
114012, 142365, 0, 0, 0
115011, 144160, 0, 0, 0
116012, 134370, 0, 0, 0
117011, 136139, 0, 0, 0
118011, 131962, 0, 0, 0
119012, 134600, 0, 0, 0
120011, 132791, 0, 0, 0
121012, 139184, 0, 0, 0
122011, 136652, 0, 0, 0
123011, 137838, 0, 0, 0
124012, 139091, 0, 0, 0
125011, 136975, 0, 0, 0
126012, 130041, 0, 0, 0
127011, 122206, 0, 0, 0
128011, 132874, 0, 0, 0
129012, 134755, 0, 0, 0
130011, 136070, 0, 0, 0
131012, 135403, 0, 0, 0
132011, 138826, 0, 0, 0
133011, 139759, 0, 0, 0
134012, 131971, 0, 0, 0
135011, 137558, 0, 0, 0
136012, 134939, 0, 0, 0
137011, 128951, 0, 0, 0
138011, 129418, 0, 0, 0
139012, 129481, 0, 0, 0
140011, 129377, 0, 0, 0
141012, 118362, 0, 0, 0
142011, 130623, 0, 0, 0
143012, 131102, 0, 0, 0
144011, 126324, 0, 0, 0
145012, 129488, 0, 0, 0
146011, 128794, 0, 0, 0
147012, 123518, 0, 0, 0
148012, 116441, 0, 0, 0
149011, 133325, 0, 0, 0
150012, 138335, 0, 0, 0
151011, 108942, 0, 0, 0
152012, 100444, 0, 0, 0
153012, 132035, 0, 0, 0
154011, 131796, 0, 0, 0
155012, 133133, 0, 0, 0
156012, 129407, 0, 0, 0
157011, 134123, 0, 0, 0
158012, 130908, 0, 0, 0
159011, 130570, 0, 0, 0
160012, 134604, 0, 0, 0
161011, 133701, 0, 0, 0
162012, 130822, 0, 0, 0
163012, 135674, 0, 0, 0
164011, 134880, 0, 0, 0
165012, 113696, 0, 0, 0
166011, 119594, 0, 0, 0
167012, 142673, 0, 0, 0
168012, 142145, 0, 0, 0
169011, 144159, 0, 0, 0
170012, 144463, 0, 0, 0
171012, 139209, 0, 0, 0
172011, 144166, 0, 0, 0
173012, 142488, 0, 0, 0
174011, 143691, 0, 0, 0
175012, 145313, 0, 0, 0
176012, 144496, 0, 0, 0
177011, 125086, 0, 0, 0
178012, 133245, 0, 0, 0
179012, 136914, 0, 0, 0
180011, 136923, 0, 0, 0
181012, 138774, 0, 0, 0
182011, 139677, 0, 0, 0
183012, 131748, 0, 0, 0
184012, 135504, 0, 0, 0
185011, 127921, 0, 0, 0
186012, 135469, 0, 0, 0
187011, 128420, 0, 0, 0
188012, 130441, 0, 0, 0
189012, 123285, 0, 0, 0
190011, 114545, 0, 0, 0
191012, 116400, 0, 0, 0
192011, 127780, 0, 0, 0
193012, 124642, 0, 0, 0
194011, 115720, 0, 0, 0
195011, 107238, 0, 0, 0
196012, 104483, 0, 0, 0
197011, 118508, 0, 0, 0
198012, 114909, 0, 0, 0
199012, 99238, 0, 0, 0
200012, 109594, 0, 0, 0
201012, 111582, 0, 0, 0
202012, 107018, 0, 0, 0
203012, 113540, 0, 0, 0
204012, 107757, 0, 0, 0
205011, 106796, 0, 0, 0
206012, 128937, 0, 0, 0
207011, 129286, 0, 0, 0
208012, 132107, 0, 0, 0
209011, 123349, 0, 0, 0
210012, 124960, 0, 0, 0
211011, 126971, 0, 0, 0
212012, 108139, 0, 0, 0
213011, 117280, 0, 0, 0
214012, 129610, 0, 0, 0
215012, 128802, 0, 0, 0
216011, 127434, 0, 0, 0
217012, 110806, 0, 0, 0
218012, 119611, 0, 0, 0
219012, 129121, 0, 0, 0
220012, 122252, 0, 0, 0
221012, 120119, 0, 0, 0
222011, 141646, 0, 0, 0
223012, 145219, 0, 0, 0
224011, 143364, 0, 0, 0
225012, 142383, 0, 0, 0
226012, 144127, 0, 0, 0
227011, 137678, 0, 0, 0
228012, 141214, 0, 0, 0
229012, 141864, 0, 0, 0
230011, 139293, 0, 0, 0
231012, 141742, 0, 0, 0
232011, 140828, 0, 0, 0
233012, 133047, 0, 0, 0
234012, 129367, 0, 0, 0
235011, 136152, 0, 0, 0
236012, 130985, 0, 0, 0
237011, 135090, 0, 0, 0
238012, 120915, 0, 0, 0
239012, 110946, 0, 0, 0
240011, 104131, 0, 0, 0
241012, 114184, 0, 0, 0
242012, 116963, 0, 0, 0
243011, 91081, 0, 0, 0
244012, 60432, 0, 0, 0
245012, 68981, 0, 0, 0
246011, 57462, 0, 0, 0
247012, 58372, 0, 0, 0
248012, 117730, 0, 0, 0
249012, 85610, 0, 0, 0
250012, 91987, 0, 0, 0
251011, 107306, 0, 0, 0
252012, 133844, 0, 0, 0
253011, 136482, 0, 0, 0
254012, 124449, 0, 0, 0
255011, 126461, 0, 0, 0
256012, 129580, 0, 0, 0
257012, 125467, 0, 0, 0
258012, 126724, 0, 0, 0
259012, 114956, 0, 0, 0
260012, 115557, 0, 0, 0
261011, 105338, 0, 0, 0
262012, 102142, 0, 0, 0
263011, 120222, 0, 0, 0
264012, 129090, 0, 0, 0
265011, 125304, 0, 0, 0
266012, 105385, 0, 0, 0
267011, 133997, 0, 0, 0
268012, 141308, 0, 0, 0
269012, 144698, 0, 0, 0
270011, 144359, 0, 0, 0
271012, 143351, 0, 0, 0
272012, 144485, 0, 0, 0
273011, 141630, 0, 0, 0
274012, 105189, 0, 0, 0
275011, 102070, 0, 0, 0
276012, 103473, 0, 0, 0
277011, 119801, 0, 0, 0
278012, 113221, 0, 0, 0
279012, 99610, 0, 0, 0
280012, 106650, 0, 0, 0
281012, 110006, 0, 0, 0
282011, 143648, 0, 0, 0
283012, 143122, 0, 0, 0
284011, 143763, 0, 0, 0
285012, 144897, 0, 0, 0
286012, 142275, 0, 0, 0
287011, 139339, 0, 0, 0
288012, 143612, 0, 0, 0
289012, 141929, 0, 0, 0
290011, 145464, 0, 0, 0
291012, 140784, 0, 0, 0
292011, 142269, 0, 0, 0
293012, 141650, 0, 0, 0
294012, 130356, 0, 0, 0
295011, 132785, 0, 0, 0
296012, 134621, 0, 0, 0
297011, 136589, 0, 0, 0
298012, 136684, 0, 0, 0
299012, 139982, 0, 0, 0
300011, 135128, 0, 0, 0
301012, 138924, 0, 0, 0
302012, 134938, 0, 0, 0
303012, 134677, 0, 0, 0
304012, 134805, 0, 0, 0
305011, 136608, 0, 0, 0
306012, 129320, 0, 0, 0
307012, 134837, 0, 0, 0
308012, 131634, 0, 0, 0
309012, 132063, 0, 0, 0
310011, 135529, 0, 0, 0
311012, 138066, 0, 0, 0
312012, 130148, 0, 0, 0
313012, 133793, 0, 0, 0
314012, 122349, 0, 0, 0
315011, 117145, 0, 0, 0
316012, 119888, 0, 0, 0
317011, 125073, 0, 0, 0
318012, 114927, 0, 0, 0
319011, 104194, 0, 0, 0
320012, 108896, 0, 0, 0
321012, 110345, 0, 0, 0
322012, 105286, 0, 0, 0
323011, 107553, 0, 0, 0
324012, 106725, 0, 0, 0
325011, 97279, 0, 0, 0
326012, 104415, 0, 0, 0
327011, 119967, 0, 0, 0
328012, 127161, 0, 0, 0
329011, 118564, 0, 0, 0
330012, 129383, 0, 0, 0
331011, 132075, 0, 0, 0
332012, 114824, 0, 0, 0
333011, 109513, 0, 0, 0
334012, 111882, 0, 0, 0
335011, 105801, 0, 0, 0
336012, 108251, 0, 0, 0
337011, 106989, 0, 0, 0
338012, 105363, 0, 0, 0
339012, 100963, 0, 0, 0
340012, 105617, 0, 0, 0
341012, 105628, 0, 0, 0
342012, 136149, 0, 0, 0
343011, 143817, 0, 0, 0
344012, 139300, 0, 0, 0
345012, 143451, 0, 0, 0
346012, 141820, 0, 0, 0
347012, 143569, 0, 0, 0
348011, 143533, 0, 0, 0
349012, 142004, 0, 0, 0
350012, 114845, 0, 0, 0
351012, 127490, 0, 0, 0
352012, 131563, 0, 0, 0
353012, 132573, 0, 0, 0
354012, 125263, 0, 0, 0
355012, 129460, 0, 0, 0
356012, 126496, 0, 0, 0
357012, 119684, 0, 0, 0
358012, 108922, 0, 0, 0
359011, 126121, 0, 0, 0
360012, 141202, 0, 0, 0
361012, 142648, 0, 0, 0
362012, 141856, 0, 0, 0
363012, 145547, 0, 0, 0
364011, 144215, 0, 0, 0
365012, 142931, 0, 0, 0
366012, 139124, 0, 0, 0
367012, 143473, 0, 0, 0
368012, 143734, 0, 0, 0
369012, 142013, 0, 0, 0
370012, 142559, 0, 0, 0
371012, 143409, 0, 0, 0
372011, 137970, 0, 0, 0
373012, 128042, 0, 0, 0
374012, 124427, 0, 0, 0
375012, 130490, 0, 0, 0
376012, 129468, 0, 0, 0
377012, 130050, 0, 0, 0
378012, 125023, 0, 0, 0
379012, 115838, 0, 0, 0
380012, 129200, 0, 0, 0
381012, 130668, 0, 0, 0
382012, 120014, 0, 0, 0
383012, 106481, 0, 0, 0
384012, 105009, 0, 0, 0
385012, 106147, 0, 0, 0
386012, 122209, 0, 0, 0
387011, 122728, 0, 0, 0
388012, 133736, 0, 0, 0
389012, 136146, 0, 0, 0
390012, 138649, 0, 0, 0
391012, 137083, 0, 0, 0
392011, 136257, 0, 0, 0
393012, 133314, 0, 0, 0
394012, 140681, 0, 0, 0
395012, 141285, 0, 0, 0
396012, 139825, 0, 0, 0
397012, 138295, 0, 0, 0
398012, 139271, 0, 0, 0
399012, 130767, 0, 0, 0
400012, 138678, 0, 0, 0
401012, 134076, 0, 0, 0
402011, 131455, 0, 0, 0
403012, 128878, 0, 0, 0
404012, 128494, 0, 0, 0
405012, 126314, 0, 0, 0
406012, 116438, 0, 0, 0
407012, 104141, 0, 0, 0
408012, 105016, 0, 0, 0
409012, 109159, 0, 0, 0
410012, 106087, 0, 0, 0
411012, 105187, 0, 0, 0
412012, 108511, 0, 0, 0
413012, 109429, 0, 0, 0
414012, 100024, 0, 0, 0
415012, 100345, 0, 0, 0
416012, 112744, 0, 0, 0
417011, 106743, 0, 0, 0
418012, 106335, 0, 0, 0
419012, 108280, 0, 0, 0
420012, 102847, 0, 0, 0
421012, 107357, 0, 0, 0
422012, 116154, 0, 0, 0
423012, 111495, 0, 0, 0
424012, 107918, 0, 0, 0
425012, 109153, 0, 0, 0
426012, 117020, 0, 0, 0
427012, 111478, 0, 0, 0
428012, 114191, 0, 0, 0
429012, 120656, 0, 0, 0
430012, 114214, 0, 0, 0
431012, 115304, 0, 0, 0
432012, 118986, 0, 0, 0
433012, 106189, 0, 0, 0
434012, 117015, 0, 0, 0
435012, 117339, 0, 0, 0
436012, 106453, 0, 0, 0
437012, 102903, 0, 0, 0
438012, 108100, 0, 0, 0
439012, 111638, 0, 0, 0
440012, 104364, 0, 0, 0
441012, 123045, 0, 0, 0
442012, 124019, 0, 0, 0
443012, 113979, 0, 0, 0
444012, 107324, 0, 0, 0
445012, 109924, 0, 0, 0
446012, 112204, 0, 0, 0
447012, 119730, 0, 0, 0
448012, 115100, 0, 0, 0
449012, 115944, 0, 0, 0
450011, 108885, 0, 0, 0
451012, 117673, 0, 0, 0
452012, 124701, 0, 0, 0
453012, 113163, 0, 0, 0
454012, 129080, 0, 0, 0
455012, 130953, 0, 0, 0
456012, 125605, 0, 0, 0
457012, 127294, 0, 0, 0
458012, 128313, 0, 0, 0
459012, 105691, 0, 0, 0
460012, 107763, 0, 0, 0
461012, 122786, 0, 0, 0
462012, 118433, 0, 0, 0
463012, 109582, 0, 0, 0
464012, 116700, 0, 0, 0
465012, 118272, 0, 0, 0
466012, 112878, 0, 0, 0
467012, 109777, 0, 0, 0
468012, 120201, 0, 0, 0
469012, 120758, 0, 0, 0
470012, 122457, 0, 0, 0
471012, 123765, 0, 0, 0
472012, 121192, 0, 0, 0
473012, 123452, 0, 0, 0
474012, 132880, 0, 0, 0
475012, 129849, 0, 0, 0
476012, 119666, 0, 0, 0
477012, 124173, 0, 0, 0
478012, 125986, 0, 0, 0
479012, 114571, 0, 0, 0
