1000, 118922, 0, 0, 0
2000, 118817, 0, 0, 0
3001, 122207, 0, 0, 0
4002, 115908, 0, 0, 0
5002, 118711, 0, 0, 0
6003, 124317, 0, 0, 0
7003, 124267, 0, 0, 0
8004, 124420, 0, 0, 0
9005, 122675, 0, 0, 0
10005, 116352, 0, 0, 0
11006, 123918, 0, 0, 0
12006, 123059, 0, 0, 0
13007, 125253, 0, 0, 0
14008, 106622, 0, 0, 0
15008, 108717, 0, 0, 0
16009, 113182, 0, 0, 0
17009, 106784, 0, 0, 0
18010, 109129, 0, 0, 0
19010, 107710, 0, 0, 0
20011, 121554, 0, 0, 0
21011, 123821, 0, 0, 0
22012, 120064, 0, 0, 0
23013, 118113, 0, 0, 0
24013, 131343, 0, 0, 0
25014, 126755, 0, 0, 0
26014, 126182, 0, 0, 0
27014, 110009, 0, 0, 0
28014, 116487, 0, 0, 0
29014, 128031, 0, 0, 0
30013, 119155, 0, 0, 0
31014, 123132, 0, 0, 0
32014, 127228, 0, 0, 0
33014, 120369, 0, 0, 0
34014, 127769, 0, 0, 0
35014, 135119, 0, 0, 0
36014, 127248, 0, 0, 0
37014, 125601, 0, 0, 0
38014, 128156, 0, 0, 0
39014, 123408, 0, 0, 0
40014, 114511, 0, 0, 0
41014, 116804, 0, 0, 0
42014, 121850, 0, 0, 0
43014, 116962, 0, 0, 0
44014, 124196, 0, 0, 0
45014, 129989, 0, 0, 0
46014, 123109, 0, 0, 0
47014, 125490, 0, 0, 0
48014, 128751, 0, 0, 0
49013, 124381, 0, 0, 0
50014, 121242, 0, 0, 0
51013, 126584, 0, 0, 0
52014, 120208, 0, 0, 0
53014, 119417, 0, 0, 0
54014, 119960, 0, 0, 0
55014, 119342, 0, 0, 0
56014, 115437, 0, 0, 0
57014, 129902, 0, 0, 0
58014, 133523, 0, 0, 0
59014, 123878, 0, 0, 0
60014, 125665, 0, 0, 0
61014, 118099, 0, 0, 0
62014, 120286, 0, 0, 0
63014, 118467, 0, 0, 0
64014, 120265, 0, 0, 0
65014, 111173, 0, 0, 0
66014, 116258, 0, 0, 0
67014, 129413, 0, 0, 0
68014, 116828, 0, 0, 0
69014, 104500, 0, 0, 0
70014, 108815, 0, 0, 0
71013, 112258, 0, 0, 0
72014, 104979, 0, 0, 0
73014, 104409, 0, 0, 0
74014, 106631, 0, 0, 0
75013, 100840, 0, 0, 0
76014, 103129, 0, 0, 0
77014, 108236, 0, 0, 0
78014, 110422, 0, 0, 0
79014, 102604, 0, 0, 0
80014, 104692, 0, 0, 0
81014, 107792, 0, 0, 0
82014, 108865, 0, 0, 0
83014, 117075, 0, 0, 0
84014, 117234, 0, 0, 0
85014, 115665, 0, 0, 0
86014, 124343, 0, 0, 0
87014, 120108, 0, 0, 0
88014, 116064, 0, 0, 0
89014, 118531, 0, 0, 0
90014, 124471, 0, 0, 0
91014, 119178, 0, 0, 0
92014, 122354, 0, 0, 0
93014, 126119, 0, 0, 0
94014, 121454, 0, 0, 0
95014, 98606, 0, 0, 0
96014, 105759, 0, 0, 0
97014, 104513, 0, 0, 0
98014, 101226, 0, 0, 0
99014, 122016, 0, 0, 0
100014, 129594, 0, 0, 0
101014, 120328, 0, 0, 0
102014, 116187, 0, 0, 0
103014, 113397, 0, 0, 0
104014, 117168, 0, 0, 0
105014, 115086, 0, 0, 0
106014, 116068, 0, 0, 0
107014, 116598, 0, 0, 0
108014, 117782, 0, 0, 0
109014, 125458, 0, 0, 0
110014, 128168, 0, 0, 0
111014, 120377, 0, 0, 0
112014, 103517, 0, 0, 0
113014, 105618, 0, 0, 0
114014, 108193, 0, 0, 0
115014, 115502, 0, 0, 0
116014, 114163, 0, 0, 0
117014, 125332, 0, 0, 0
118014, 120372, 0, 0, 0
119014, 120883, 0, 0, 0
120014, 117525, 0, 0, 0
121014, 101435, 0, 0, 0
122014, 106689, 0, 0, 0
123014, 103840, 0, 0, 0
124014, 105266, 0, 0, 0
125014, 107353, 0, 0, 0
126013, 111433, 0, 0, 0
127014, 119387, 0, 0, 0
128014, 119042, 0, 0, 0
129014, 128548, 0, 0, 0
130014, 131861, 0, 0, 0
131014, 119400, 0, 0, 0
132014, 124349, 0, 0, 0
133014, 126986, 0, 0, 0
134014, 119150, 0, 0, 0
135014, 116855, 0, 0, 0
136014, 119692, 0, 0, 0
137014, 110151, 0, 0, 0
138014, 111831, 0, 0, 0
139014, 115131, 0, 0, 0
140014, 108952, 0, 0, 0
141014, 116818, 0, 0, 0
142014, 119683, 0, 0, 0
143014, 116483, 0, 0, 0
144014, 110612, 0, 0, 0
145014, 119475, 0, 0, 0
146014, 115837, 0, 0, 0
147014, 112452, 0, 0, 0
148014, 118739, 0, 0, 0
149014, 123729, 0, 0, 0
150014, 118650, 0, 0, 0
151014, 118744, 0, 0, 0
152014, 112315, 0, 0, 0
153014, 110989, 0, 0, 0
154014, 119129, 0, 0, 0
155014, 123912, 0, 0, 0
156014, 125574, 0, 0, 0
157014, 139908, 0, 0, 0
158014, 137233, 0, 0, 0
159014, 137160, 0, 0, 0
160014, 139470, 0, 0, 0
161014, 139836, 0, 0, 0
162014, 139287, 0, 0, 0
163014, 100082, 0, 0, 0
164014, 104557, 0, 0, 0
165014, 108198, 0, 0, 0
166014, 102072, 0, 0, 0
167014, 104155, 0, 0, 0
168014, 109134, 0, 0, 0
169014, 97471, 0, 0, 0
170014, 106697, 0, 0, 0
171014, 105977, 0, 0, 0
172014, 108237, 0, 0, 0
173014, 100648, 0, 0, 0
174014, 105134, 0, 0, 0
175014, 109783, 0, 0, 0
176014, 103584, 0, 0, 0
177014, 109074, 0, 0, 0
178014, 110219, 0, 0, 0
179014, 107504, 0, 0, 0
180014, 112538, 0, 0, 0
181014, 114985, 0, 0, 0
182014, 110456, 0, 0, 0
183014, 118310, 0, 0, 0
184014, 118747, 0, 0, 0
185014, 110779, 0, 0, 0
186014, 104577, 0, 0, 0
187014, 107928, 0, 0, 0
188014, 106757, 0, 0, 0
189014, 102540, 0, 0, 0
190014, 112072, 0, 0, 0
191014, 112821, 0, 0, 0
192014, 112871, 0, 0, 0
193014, 119752, 0, 0, 0
194015, 122373, 0, 0, 0
195014, 119016, 0, 0, 0
196014, 122793, 0, 0, 0
197014, 123651, 0, 0, 0
198014, 123302, 0, 0, 0
199014, 115210, 0, 0, 0
200014, 121219, 0, 0, 0
201014, 122014, 0, 0, 0
202014, 114179, 0, 0, 0
203014, 112243, 0, 0, 0
204014, 115641, 0, 0, 0
205014, 114016, 0, 0, 0
206014, 115945, 0, 0, 0
207014, 116924, 0, 0, 0
208014, 112759, 0, 0, 0
209014, 115384, 0, 0, 0
210014, 123381, 0, 0, 0
211014, 118328, 0, 0, 0
212014, 118465, 0, 0, 0
213014, 112130, 0, 0, 0
214014, 113966, 0, 0, 0
215014, 107866, 0, 0, 0
216014, 117536, 0, 0, 0
217014, 118530, 0, 0, 0
218014, 107964, 0, 0, 0
219014, 118558, 0, 0, 0
220014, 116197, 0, 0, 0
221014, 108722, 0, 0, 0
222014, 111415, 0, 0, 0
223014, 116956, 0, 0, 0
224014, 113117, 0, 0, 0
225014, 110309, 0, 0, 0
226014, 108042, 0, 0, 0
227014, 113854, 0, 0, 0
228014, 104812, 0, 0, 0
229014, 112507, 0, 0, 0
230014, 107143, 0, 0, 0
231014, 103849, 0, 0, 0
232014, 107966, 0, 0, 0
233014, 108744, 0, 0, 0
234014, 104799, 0, 0, 0
235014, 116923, 0, 0, 0
236014, 117978, 0, 0, 0
237014, 114054, 0, 0, 0
238015, 110744, 0, 0, 0
239014, 109629, 0, 0, 0
240014, 116084, 0, 0, 0
241014, 108898, 0, 0, 0
242014, 108098, 0, 0, 0
243014, 99634, 0, 0, 0
244014, 101578, 0, 0, 0
245014, 106022, 0, 0, 0
246014, 105969, 0, 0, 0
247014, 101520, 0, 0, 0
248014, 107274, 0, 0, 0
249014, 110586, 0, 0, 0
250014, 130543, 0, 0, 0
251014, 111063, 0, 0, 0
252014, 118524, 0, 0, 0
253013, 122118, 0, 0, 0
254014, 115337, 0, 0, 0
255014, 115018, 0, 0, 0
256014, 122296, 0, 0, 0
257014, 109537, 0, 0, 0
258014, 117022, 0, 0, 0
259014, 113546, 0, 0, 0
260014, 110735, 0, 0, 0
261014, 114543, 0, 0, 0
262014, 112543, 0, 0, 0
263014, 108951, 0, 0, 0
264014, 113064, 0, 0, 0
265014, 116759, 0, 0, 0
266014, 116799, 0, 0, 0
267014, 111965, 0, 0, 0
268015, 115870, 0, 0, 0
269014, 124277, 0, 0, 0
270015, 111829, 0, 0, 0
271014, 109143, 0, 0, 0
272014, 119879, 0, 0, 0
273014, 117234, 0, 0, 0
274014, 119960, 0, 0, 0
275014, 114828, 0, 0, 0
276014, 117831, 0, 0, 0
277014, 120256, 0, 0, 0
278014, 116833, 0, 0, 0
279014, 119151, 0, 0, 0
280014, 109537, 0, 0, 0
281014, 118447, 0, 0, 0
282014, 121019, 0, 0, 0
283015, 113994, 0, 0, 0
284014, 120173, 0, 0, 0
285014, 106938, 0, 0, 0
286014, 99199, 0, 0, 0
287014, 109710, 0, 0, 0
288014, 116411, 0, 0, 0
289014, 110062, 0, 0, 0
290014, 118594, 0, 0, 0
291014, 121222, 0, 0, 0
292014, 119863, 0, 0, 0
293014, 112897, 0, 0, 0
294014, 115113, 0, 0, 0
295014, 112931, 0, 0, 0
296014, 103650, 0, 0, 0
297014, 111838, 0, 0, 0
298014, 114813, 0, 0, 0
299014, 106791, 0, 0, 0
300014, 106741, 0, 0, 0
301014, 108412, 0, 0, 0
302014, 112057, 0, 0, 0
303014, 120479, 0, 0, 0
304014, 121363, 0, 0, 0
305014, 114763, 0, 0, 0
306014, 117666, 0, 0, 0
307014, 118797, 0, 0, 0
308014, 117260, 0, 0, 0
309014, 106969, 0, 0, 0
310014, 116491, 0, 0, 0
311014, 114530, 0, 0, 0
312014, 105553, 0, 0, 0
313014, 111881, 0, 0, 0
314015, 116278, 0, 0, 0
315014, 121657, 0, 0, 0
316014, 125608, 0, 0, 0
317014, 121381, 0, 0, 0
318014, 112696, 0, 0, 0
319014, 117785, 0, 0, 0
320014, 123620, 0, 0, 0
321014, 117897, 0, 0, 0
322014, 115636, 0, 0, 0
323014, 119832, 0, 0, 0
324014, 121581, 0, 0, 0
325014, 117738, 0, 0, 0
326014, 125299, 0, 0, 0
327014, 125972, 0, 0, 0
328014, 118691, 0, 0, 0
329014, 123263, 0, 0, 0
330015, 124730, 0, 0, 0
331014, 119600, 0, 0, 0
332015, 124524, 0, 0, 0
333014, 125595, 0, 0, 0
334014, 115284, 0, 0, 0
335014, 119975, 0, 0, 0
336014, 117107, 0, 0, 0
337014, 121545, 0, 0, 0
338014, 109690, 0, 0, 0
339014, 118771, 0, 0, 0
340014, 117708, 0, 0, 0
341014, 100626, 0, 0, 0
342014, 109456, 0, 0, 0
343014, 111113, 0, 0, 0
344014, 106646, 0, 0, 0
345014, 112111, 0, 0, 0
346014, 111549, 0, 0, 0
347014, 110595, 0, 0, 0
348014, 119515, 0, 0, 0
349014, 114175, 0, 0, 0
350014, 124643, 0, 0, 0
351015, 124021, 0, 0, 0
352014, 121258, 0, 0, 0
353014, 115707, 0, 0, 0
354014, 107694, 0, 0, 0
355014, 115604, 0, 0, 0
356014, 116720, 0, 0, 0
357014, 111334, 0, 0, 0
358014, 114726, 0, 0, 0
359014, 116034, 0, 0, 0
360014, 110019, 0, 0, 0
361014, 117370, 0, 0, 0
362014, 119954, 0, 0, 0
363014, 116057, 0, 0, 0
364014, 119868, 0, 0, 0
365014, 121267, 0, 0, 0
366014, 123250, 0, 0, 0
367014, 113376, 0, 0, 0
368014, 118186, 0, 0, 0
369014, 124800, 0, 0, 0
370014, 107312, 0, 0, 0
371014, 109651, 0, 0, 0
372014, 113681, 0, 0, 0
373014, 114399, 0, 0, 0
374014, 120561, 0, 0, 0
375014, 114319, 0, 0, 0
376014, 108956, 0, 0, 0
377014, 109873, 0, 0, 0
378014, 117344, 0, 0, 0
379014, 113248, 0, 0, 0
380014, 108910, 0, 0, 0
381014, 120268, 0, 0, 0
382014, 119286, 0, 0, 0
383014, 98811, 0, 0, 0
384014, 115930, 0, 0, 0
385014, 112534, 0, 0, 0
386014, 107641, 0, 0, 0
387014, 116089, 0, 0, 0
388014, 119826, 0, 0, 0
389014, 116490, 0, 0, 0
390014, 121012, 0, 0, 0
391014, 121098, 0, 0, 0
392014, 113267, 0, 0, 0
393014, 110464, 0, 0, 0
394014, 114266, 0, 0, 0
395014, 112656, 0, 0, 0
396014, 114149, 0, 0, 0
397014, 120546, 0, 0, 0
398014, 128037, 0, 0, 0
399014, 107579, 0, 0, 0
400015, 112508, 0, 0, 0
401014, 104983, 0, 0, 0
402014, 106614, 0, 0, 0
403014, 103393, 0, 0, 0
404014, 113450, 0, 0, 0
405014, 116641, 0, 0, 0
406014, 116679, 0, 0, 0
407014, 116077, 0, 0, 0
408014, 111556, 0, 0, 0
409014, 108508, 0, 0, 0
410014, 107109, 0, 0, 0
411014, 99053, 0, 0, 0
412014, 103443, 0, 0, 0
413014, 104680, 0, 0, 0
414014, 98359, 0, 0, 0
415014, 103596, 0, 0, 0
416014, 108710, 0, 0, 0
417014, 106653, 0, 0, 0
418014, 115194, 0, 0, 0
419014, 121155, 0, 0, 0
420014, 120844, 0, 0, 0
421014, 124437, 0, 0, 0
422014, 122861, 0, 0, 0
423014, 124673, 0, 0, 0
424014, 113399, 0, 0, 0
425014, 116702, 0, 0, 0
426014, 117781, 0, 0, 0
427014, 115027, 0, 0, 0
428014, 120742, 0, 0, 0
429015, 121042, 0, 0, 0
430014, 102486, 0, 0, 0
431014, 103008, 0, 0, 0
432014, 103616, 0, 0, 0
433014, 102148, 0, 0, 0
434014, 103333, 0, 0, 0
435014, 110090, 0, 0, 0
436014, 108130, 0, 0, 0
437014, 112959, 0, 0, 0
438014, 122676, 0, 0, 0
439014, 121829, 0, 0, 0
440014, 100800, 0, 0, 0
441014, 104070, 0, 0, 0
442014, 110524, 0, 0, 0
443014, 103008, 0, 0, 0
444014, 104710, 0, 0, 0
445014, 108501, 0, 0, 0
446014, 105901, 0, 0, 0
447014, 107719, 0, 0, 0
448014, 114308, 0, 0, 0
449014, 119126, 0, 0, 0
450014, 110967, 0, 0, 0
451014, 114628, 0, 0, 0
452014, 123502, 0, 0, 0
453015, 119457, 0, 0, 0
454014, 120907, 0, 0, 0
455014, 116793, 0, 0, 0
456014, 111370, 0, 0, 0
457015, 117372, 0, 0, 0
458014, 120519, 0, 0, 0
459015, 114259, 0, 0, 0
460014, 114898, 0, 0, 0
461014, 119505, 0, 0, 0
462014, 119773, 0, 0, 0
463014, 115974, 0, 0, 0
464014, 122152, 0, 0, 0
465014, 126034, 0, 0, 0
466015, 117038, 0, 0, 0
467014, 119328, 0, 0, 0
468015, 118494, 0, 0, 0
469014, 110860, 0, 0, 0
470015, 120807, 0, 0, 0
471014, 123859, 0, 0, 0
472014, 109418, 0, 0, 0
473014, 107365, 0, 0, 0
474015, 116159, 0, 0, 0
475014, 114026, 0, 0, 0
476015, 109997, 0, 0, 0
477014, 114728, 0, 0, 0
478015, 114859, 0, 0, 0
479014, 112818, 0, 0, 0
