999, 1764, 0, 0, 0
2000, 1545, 0, 0, 0
2999, 1829, 0, 0, 0
3999, 1585, 0, 0, 0
4999, 1797, 0, 0, 0
6000, 1825, 0, 0, 0
6999, 1845, 0, 0, 0
7999, 2017, 0, 0, 0
8999, 2032, 0, 0, 0
9999, 2044, 0, 0, 0
10999, 2069, 0, 0, 0
11999, 1793, 0, 0, 0
12999, 1808, 0, 0, 0
13999, 1876, 0, 0, 0
14999, 1809, 0, 0, 0
15999, 1891, 0, 0, 0
16999, 1943, 0, 0, 0
18000, 1867, 0, 0, 0
18999, 1962, 0, 0, 0
20000, 2038, 0, 0, 0
20999, 2101, 0, 0, 0
21999, 2030, 0, 0, 0
23000, 2486, 0, 0, 0
23999, 2033, 0, 0, 0
25000, 1799, 0, 0, 0
25999, 1912, 0, 0, 0
27000, 1993, 0, 0, 0
27999, 1445, 0, 0, 0
28999, 1430, 0, 0, 0
29999, 1710, 0, 0, 0
30999, 1590, 0, 0, 0
32000, 1782, 0, 0, 0
32999, 1937, 0, 0, 0
33999, 2085, 0, 0, 0
34999, 1827, 0, 0, 0
36000, 1667, 0, 0, 0
36999, 1554, 0, 0, 0
38000, 1647, 0, 0, 0
38999, 1941, 0, 0, 0
40000, 2043, 0, 0, 0
40999, 1946, 0, 0, 0
41999, 1882, 0, 0, 0
42999, 2070, 0, 0, 0
43999, 1924, 0, 0, 0
44999, 2006, 0, 0, 0
45999, 2010, 0, 0, 0
46999, 2360, 0, 0, 0
47999, 2234, 0, 0, 0
48999, 2115, 0, 0, 0
49999, 2370, 0, 0, 0
50999, 2246, 0, 0, 0
51999, 1306, 0, 0, 0
53000, 1262, 0, 0, 0
53999, 1407, 0, 0, 0
54999, 1189, 0, 0, 0
55999, 1350, 0, 0, 0
56999, 1501, 0, 0, 0
58000, 1393, 0, 0, 0
58999, 1570, 0, 0, 0
60000, 1762, 0, 0, 0
60999, 1744, 0, 0, 0
61999, 1568, 0, 0, 0
62999, 1663, 0, 0, 0
63999, 1645, 0, 0, 0
64999, 1788, 0, 0, 0
65999, 1757, 0, 0, 0
66999, 1823, 0, 0, 0
67999, 1903, 0, 0, 0
68999, 2019, 0, 0, 0
69999, 2072, 0, 0, 0
70999, 1889, 0, 0, 0
71999, 1795, 0, 0, 0
72999, 1803, 0, 0, 0
73999, 1802, 0, 0, 0
75000, 1967, 0, 0, 0
75999, 1742, 0, 0, 0
76999, 1757, 0, 0, 0
77999, 1357, 0, 0, 0
79000, 1416, 0, 0, 0
79999, 1796, 0, 0, 0
81000, 1888, 0, 0, 0
81999, 1941, 0, 0, 0
83000, 2165, 0, 0, 0
83999, 1771, 0, 0, 0
85000, 1865, 0, 0, 0
85999, 1791, 0, 0, 0
87000, 1910, 0, 0, 0
87999, 2035, 0, 0, 0
88999, 1910, 0, 0, 0
89999, 2059, 0, 0, 0
90999, 2109, 0, 0, 0
91999, 1612, 0, 0, 0
92999, 1690, 0, 0, 0
93999, 1619, 0, 0, 0
95000, 1348, 0, 0, 0
95999, 1195, 0, 0, 0
96999, 1390, 0, 0, 0
97999, 1499, 0, 0, 0
98999, 1485, 0, 0, 0
99999, 1663, 0, 0, 0
101000, 1618, 0, 0, 0
101999, 1748, 0, 0, 0
102999, 1583, 0, 0, 0
104000, 1709, 0, 0, 0
104999, 1610, 0, 0, 0
105999, 1869, 0, 0, 0
106999, 2097, 0, 0, 0
108000, 1925, 0, 0, 0
108999, 1880, 0, 0, 0
109999, 1790, 0, 0, 0
110999, 1782, 0, 0, 0
111999, 2035, 0, 0, 0
113000, 2081, 0, 0, 0
113999, 2409, 0, 0, 0
114999, 2057, 0, 0, 0
115999, 1537, 0, 0, 0
116999, 1424, 0, 0, 0
118000, 1647, 0, 0, 0
118999, 1234, 0, 0, 0
119999, 1139, 0, 0, 0
120999, 1231, 0, 0, 0
121999, 1013, 0, 0, 0
123000, 1167, 0, 0, 0
123999, 1247, 0, 0, 0
125000, 1571, 0, 0, 0
125999, 1469, 0, 0, 0
126999, 1607, 0, 0, 0
127999, 1870, 0, 0, 0
128999, 1827, 0, 0, 0
129999, 1845, 0, 0, 0
130999, 1886, 0, 0, 0
132000, 1704, 0, 0, 0
132999, 1641, 0, 0, 0
134000, 1690, 0, 0, 0
134999, 1980, 0, 0, 0
135999, 2136, 0, 0, 0
136999, 2044, 0, 0, 0
138000, 2020, 0, 0, 0
138999, 2111, 0, 0, 0
139999, 2042, 0, 0, 0
140999, 2270, 0, 0, 0
141999, 2338, 0, 0, 0
143000, 1636, 0, 0, 0
143999, 1815, 0, 0, 0
144999, 1806, 0, 0, 0
145999, 1791, 0, 0, 0
147000, 1986, 0, 0, 0
147999, 2167, 0, 0, 0
149000, 2094, 0, 0, 0
149999, 1890, 0, 0, 0
150999, 1933, 0, 0, 0
151999, 1785, 0, 0, 0
152999, 1686, 0, 0, 0
153999, 2123, 0, 0, 0
154999, 1976, 0, 0, 0
155999, 1859, 0, 0, 0
156999, 2022, 0, 0, 0
157999, 2511, 0, 0, 0
158999, 2123, 0, 0, 0
159999, 1388, 0, 0, 0
160999, 1320, 0, 0, 0
162000, 1239, 0, 0, 0
162999, 1162, 0, 0, 0
163999, 1478, 0, 0, 0
164999, 1502, 0, 0, 0
165999, 1548, 0, 0, 0
166999, 1627, 0, 0, 0
167999, 1749, 0, 0, 0
168999, 1564, 0, 0, 0
169999, 1613, 0, 0, 0
170999, 1955, 0, 0, 0
171999, 1829, 0, 0, 0
172999, 1835, 0, 0, 0
173999, 2060, 0, 0, 0
174999, 2118, 0, 0, 0
176000, 2005, 0, 0, 0
176999, 1855, 0, 0, 0
177999, 2049, 0, 0, 0
178999, 1920, 0, 0, 0
179999, 1769, 0, 0, 0
180999, 1642, 0, 0, 0
182000, 1760, 0, 0, 0
182999, 1693, 0, 0, 0
184000, 1863, 0, 0, 0
184999, 1991, 0, 0, 0
186000, 1952, 0, 0, 0
186999, 2044, 0, 0, 0
187999, 2046, 0, 0, 0
188999, 2038, 0, 0, 0
189999, 1681, 0, 0, 0
190999, 1808, 0, 0, 0
191999, 1707, 0, 0, 0
192999, 1787, 0, 0, 0
194000, 1858, 0, 0, 0
194999, 1742, 0, 0, 0
196000, 2053, 0, 0, 0
196999, 2047, 0, 0, 0
198000, 1791, 0, 0, 0
198999, 1708, 0, 0, 0
199999, 1836, 0, 0, 0
200999, 1862, 0, 0, 0
202000, 1876, 0, 0, 0
202999, 1727, 0, 0, 0
204000, 1793, 0, 0, 0
204999, 1297, 0, 0, 0
205999, 1548, 0, 0, 0
206999, 1518, 0, 0, 0
207999, 1480, 0, 0, 0
209000, 1656, 0, 0, 0
209999, 1490, 0, 0, 0
211000, 1504, 0, 0, 0
211999, 1684, 0, 0, 0
213000, 1998, 0, 0, 0
213999, 2129, 0, 0, 0
215000, 1900, 0, 0, 0
215999, 1937, 0, 0, 0
216999, 2092, 0, 0, 0
217999, 1855, 0, 0, 0
219000, 2054, 0, 0, 0
219999, 1933, 0, 0, 0
221000, 2098, 0, 0, 0
221999, 2377, 0, 0, 0
222999, 2217, 0, 0, 0
224000, 1374, 0, 0, 0
224999, 1626, 0, 0, 0
226000, 1542, 0, 0, 0
226999, 1519, 0, 0, 0
228000, 1624, 0, 0, 0
228999, 1750, 0, 0, 0
230000, 2114, 0, 0, 0
230999, 1875, 0, 0, 0
232000, 1808, 0, 0, 0
232999, 1986, 0, 0, 0
234000, 1626, 0, 0, 0
234999, 1704, 0, 0, 0
236000, 1806, 0, 0, 0
236999, 1989, 0, 0, 0
237999, 2096, 0, 0, 0
238999, 1866, 0, 0, 0
239999, 1758, 0, 0, 0
241000, 1618, 0, 0, 0
241999, 1748, 0, 0, 0
243000, 1865, 0, 0, 0
243999, 1639, 0, 0, 0
245000, 2073, 0, 0, 0
245999, 2102, 0, 0, 0
247000, 1916, 0, 0, 0
247999, 2009, 0, 0, 0
249000, 2051, 0, 0, 0
249999, 1593, 0, 0, 0
251000, 1664, 0, 0, 0
251999, 1812, 0, 0, 0
253000, 1691, 0, 0, 0
253999, 1937, 0, 0, 0
255000, 2088, 0, 0, 0
255999, 1968, 0, 0, 0
257000, 1959, 0, 0, 0
257999, 2060, 0, 0, 0
258999, 1952, 0, 0, 0
259999, 1791, 0, 0, 0
261000, 1921, 0, 0, 0
261999, 1945, 0, 0, 0
263000, 1870, 0, 0, 0
263999, 2014, 0, 0, 0
265000, 2051, 0, 0, 0
265999, 1797, 0, 0, 0
267000, 1719, 0, 0, 0
267999, 2054, 0, 0, 0
269000, 2224, 0, 0, 0
269999, 2047, 0, 0, 0
270999, 2512, 0, 0, 0
272000, 1845, 0, 0, 0
272999, 1687, 0, 0, 0
274000, 1666, 0, 0, 0
274999, 2063, 0, 0, 0
276000, 1897, 0, 0, 0
276999, 1769, 0, 0, 0
278000, 1870, 0, 0, 0
278999, 1556, 0, 0, 0
280000, 1073, 0, 0, 0
280999, 1209, 0, 0, 0
281999, 1278, 0, 0, 0
283000, 1320, 0, 0, 0
283999, 1766, 0, 0, 0
285000, 1790, 0, 0, 0
285999, 2331, 0, 0, 0
286999, 1982, 0, 0, 0
288000, 2264, 0, 0, 0
288999, 2234, 0, 0, 0
289999, 2099, 0, 0, 0
291000, 2304, 0, 0, 0
291999, 2176, 0, 0, 0
293000, 1191, 0, 0, 0
293999, 1082, 0, 0, 0
294999, 1140, 0, 0, 0
296000, 1071, 0, 0, 0
296999, 1873, 0, 0, 0
298000, 1638, 0, 0, 0
298999, 1750, 0, 0, 0
299999, 1777, 0, 0, 0
300999, 1701, 0, 0, 0
301999, 1564, 0, 0, 0
303000, 1746, 0, 0, 0
303999, 1606, 0, 0, 0
305000, 1596, 0, 0, 0
305999, 1641, 0, 0, 0
307000, 1820, 0, 0, 0
307999, 1828, 0, 0, 0
309000, 1715, 0, 0, 0
309999, 1885, 0, 0, 0
311000, 1785, 0, 0, 0
311999, 1884, 0, 0, 0
313000, 1769, 0, 0, 0
313999, 1786, 0, 0, 0
314999, 1899, 0, 0, 0
315999, 1639, 0, 0, 0
317000, 1643, 0, 0, 0
317999, 1778, 0, 0, 0
318999, 1756, 0, 0, 0
319999, 1912, 0, 0, 0
320999, 1671, 0, 0, 0
322000, 1821, 0, 0, 0
322999, 1955, 0, 0, 0
323999, 2192, 0, 0, 0
325000, 2159, 0, 0, 0
325999, 2335, 0, 0, 0
326999, 2339, 0, 0, 0
327999, 1649, 0, 0, 0
328999, 1687, 0, 0, 0
330000, 1865, 0, 0, 0
330999, 1955, 0, 0, 0
332000, 2016, 0, 0, 0
332999, 2048, 0, 0, 0
334000, 1980, 0, 0, 0
334999, 1885, 0, 0, 0
336000, 1825, 0, 0, 0
336999, 1830, 0, 0, 0
338000, 1526, 0, 0, 0
338999, 1526, 0, 0, 0
340000, 1542, 0, 0, 0
340999, 1950, 0, 0, 0
341999, 2007, 0, 0, 0
342999, 2015, 0, 0, 0
344000, 1934, 0, 0, 0
344999, 1870, 0, 0, 0
345999, 2020, 0, 0, 0
346999, 1835, 0, 0, 0
348000, 2107, 0, 0, 0
349000, 2001, 0, 0, 0
349999, 1967, 0, 0, 0
351000, 2021, 0, 0, 0
351999, 2079, 0, 0, 0
353000, 1953, 0, 0, 0
353999, 2532, 0, 0, 0
355000, 2328, 0, 0, 0
355999, 1991, 0, 0, 0
356999, 2308, 0, 0, 0
358000, 2261, 0, 0, 0
358999, 2080, 0, 0, 0
359999, 2442, 0, 0, 0
