999, 88291, 1, 0, 0
2000, 85872, 1, 0, 0
2999, 91795, 1, 0, 0
4000, 85464, 1, 0, 0
4999, 85544, 1, 0, 0
6000, 86870, 1, 0, 0
6999, 82151, 1, 0, 0
7999, 84865, 1, 0, 0
9000, 82272, 1, 0, 0
9999, 79951, 1, 0, 0
10999, 75267, 1, 0, 0
11999, 73158, 1, 0, 0
13000, 95360, 1, 0, 0
13999, 96058, 1, 0, 0
15000, 108936, 1, 0, 0
15999, 104284, 1, 0, 0
16999, 91795, 1, 0, 0
17999, 90914, 1, 0, 0
18999, 201896, 1, 0, 0
20000, 275818, 1, 0, 0
21000, 276497, 1, 0, 0
21999, 245540, 1, 0, 0
22999, 183687, 1, 0, 0
24000, 195953, 1, 0, 0
24999, 207796, 1, 0, 0
25999, 179695, 1, 0, 0
27000, 140037, 1, 0, 0
27999, 141244, 1, 0, 0
28999, 151021, 1, 0, 0
29999, 134352, 1, 0, 0
30999, 132924, 1, 0, 0
31999, 128712, 1, 0, 0
33000, 132696, 1, 0, 0
33999, 132828, 1, 0, 0
35000, 138593, 1, 0, 0
35999, 140523, 1, 0, 0
36999, 138713, 1, 0, 0
38000, 134026, 1, 0, 0
38999, 132416, 1, 0, 0
40000, 141480, 1, 0, 0
40999, 151735, 1, 0, 0
42000, 100224, 1, 0, 0
42999, 120089, 1, 0, 0
44000, 175168, 1, 0, 0
44999, 202263, 1, 0, 0
46000, 201841, 1, 0, 0
46999, 232207, 1, 0, 0
48000, 178705, 1, 0, 0
48999, 185230, 1, 0, 0
50000, 215844, 1, 0, 0
50999, 152284, 1, 0, 0
51999, 120292, 1, 0, 0
52999, 104135, 1, 0, 0
53999, 85257, 1, 0, 0
54999, 86582, 1, 0, 0
55999, 81981, 1, 0, 0
56999, 82021, 1, 0, 0
58000, 80856, 1, 0, 0
58999, 92279, 1, 0, 0
59999, 267977, 1, 0, 0
60999, 276888, 1, 0, 0
61999, 276059, 1, 0, 0
63000, 208457, 1, 0, 0
63999, 149321, 1, 0, 0
65000, 183792, 1, 0, 0
65999, 218318, 1, 0, 0
67000, 185556, 1, 0, 0
67999, 174483, 1, 0, 0
68999, 175114, 1, 0, 0
69999, 158337, 1, 0, 0
70999, 129334, 1, 0, 0
71999, 135063, 1, 0, 0
73000, 148564, 1, 0, 0
73999, 157821, 1, 0, 0
74999, 135732, 1, 0, 0
75999, 135628, 1, 0, 0
76999, 143945, 1, 0, 0
77999, 133387, 1, 0, 0
78999, 139347, 1, 0, 0
79999, 123082, 1, 0, 0
81000, 72840, 1, 0, 0
81999, 74858, 1, 0, 0
83000, 76752, 1, 0, 0
84000, 72612, 1, 0, 0
84999, 74822, 1, 0, 0
86000, 74208, 1, 0, 0
86999, 62558, 1, 0, 0
88000, 71943, 1, 0, 0
88999, 72873, 1, 0, 0
89999, 130877, 1, 0, 0
91000, 133406, 1, 0, 0
91999, 140070, 1, 0, 0
92999, 254115, 1, 0, 0
94000, 277141, 1, 0, 0
94999, 277284, 1, 0, 0
96000, 244598, 1, 0, 0
96999, 176633, 1, 0, 0
98000, 214239, 1, 0, 0
98999, 243262, 1, 0, 0
99999, 245011, 1, 0, 0
101000, 141058, 1, 0, 0
101999, 129146, 1, 0, 0
103000, 129152, 1, 0, 0
103999, 116346, 1, 0, 0
105000, 121465, 1, 0, 0
105999, 112581, 1, 0, 0
107000, 105741, 1, 0, 0
107999, 86604, 1, 0, 0
108999, 92721, 1, 0, 0
110000, 95579, 1, 0, 0
110999, 92684, 1, 0, 0
112000, 88656, 1, 0, 0
112999, 86750, 1, 0, 0
114000, 70488, 1, 0, 0
114999, 79231, 1, 0, 0
115999, 76492, 1, 0, 0
117000, 75888, 1, 0, 0
117999, 77177, 1, 0, 0
119000, 70860, 1, 0, 0
119999, 73513, 1, 0, 0
121000, 74280, 1, 0, 0
121999, 71575, 1, 0, 0
123000, 71416, 1, 0, 0
124000, 73753, 1, 0, 0
124999, 205667, 1, 0, 0
125999, 277447, 1, 0, 0
127000, 276730, 1, 0, 0
127999, 205383, 1, 0, 0
128999, 248756, 1, 0, 0
130000, 275413, 1, 0, 0
130999, 233389, 1, 0, 0
132000, 204953, 1, 0, 0
132999, 210268, 1, 0, 0
134000, 188999, 1, 0, 0
134999, 185537, 1, 0, 0
135999, 217484, 1, 0, 0
137000, 153708, 1, 0, 0
137999, 137285, 1, 0, 0
139000, 138746, 1, 0, 0
139999, 250624, 1, 0, 0
141000, 276648, 1, 0, 0
142000, 276062, 1, 0, 0
142999, 268461, 1, 0, 0
143999, 276637, 1, 0, 0
144999, 275894, 1, 0, 0
146000, 164311, 1, 0, 0
146999, 176201, 1, 0, 0
147999, 196188, 1, 0, 0
149000, 191451, 1, 0, 0
149999, 176572, 1, 0, 0
150999, 190612, 1, 0, 0
151999, 190796, 1, 0, 0
153000, 196910, 1, 0, 0
153999, 140152, 1, 0, 0
155000, 150474, 1, 0, 0
156000, 158842, 1, 0, 0
156999, 182979, 1, 0, 0
158000, 188772, 1, 0, 0
158999, 177618, 1, 0, 0
159999, 184598, 1, 0, 0
161000, 200768, 1, 0, 0
161999, 199434, 1, 0, 0
163000, 186416, 1, 0, 0
163999, 183493, 1, 0, 0
165000, 169909, 1, 0, 0
165999, 177417, 1, 0, 0
167000, 174330, 1, 0, 0
167999, 110924, 1, 0, 0
169000, 89049, 1, 0, 0
169999, 88958, 1, 0, 0
171000, 92249, 1, 0, 0
171999, 96317, 1, 0, 0
173000, 116870, 1, 0, 0
173999, 113758, 1, 0, 0
174999, 104084, 1, 0, 0
176000, 112609, 1, 0, 0
176999, 101848, 1, 0, 0
178000, 97032, 1, 0, 0
178999, 102750, 1, 0, 0
180000, 123720, 1, 0, 0
180999, 122900, 1, 0, 0
182000, 129790, 1, 0, 0
182999, 122914, 1, 0, 0
184000, 91008, 1, 0, 0
184999, 88129, 1, 0, 0
185999, 104759, 1, 0, 0
187000, 119304, 1, 0, 0
187999, 117909, 1, 0, 0
189000, 114960, 1, 0, 0
189999, 128312, 1, 0, 0
191000, 153986, 1, 0, 0
191999, 163760, 1, 0, 0
193000, 162489, 1, 0, 0
193999, 146717, 1, 0, 0
195000, 121484, 1, 0, 0
195999, 108593, 1, 0, 0
197000, 94035, 1, 0, 0
197999, 96825, 1, 0, 0
199000, 103026, 1, 0, 0
200000, 112204, 1, 0, 0
200999, 113237, 1, 0, 0
202000, 109260, 1, 0, 0
202999, 76300, 1, 0, 0
204000, 76200, 1, 0, 0
204999, 77912, 1, 0, 0
206000, 82411, 1, 0, 0
206999, 81755, 1, 0, 0
208000, 81648, 1, 0, 0
208999, 81153, 1, 0, 0
210000, 105624, 1, 0, 0
210999, 102853, 1, 0, 0
212000, 93833, 1, 0, 0
213000, 106018, 1, 0, 0
213999, 100183, 1, 0, 0
215000, 100007, 1, 0, 0
215999, 106472, 1, 0, 0
217000, 112848, 1, 0, 0
217999, 108300, 1, 0, 0
219000, 90632, 1, 0, 0
219999, 83475, 1, 0, 0
221000, 77136, 1, 0, 0
221999, 77837, 1, 0, 0
222999, 103687, 1, 0, 0
223999, 113844, 1, 0, 0
225000, 117444, 1, 0, 0
225999, 120730, 1, 0, 0
227000, 107370, 1, 0, 0
227999, 112779, 1, 0, 0
229000, 118833, 1, 0, 0
229999, 114522, 1, 0, 0
231000, 114709, 1, 0, 0
232000, 131254, 1, 0, 0
233000, 137924, 1, 0, 0
233999, 123583, 1, 0, 0
235000, 138264, 1, 0, 0
235999, 136334, 1, 0, 0
237000, 134580, 1, 0, 0
237999, 123023, 1, 0, 0
239000, 122322, 1, 0, 0
239999, 102585, 1, 0, 0
241000, 112604, 1, 0, 0
241999, 115891, 1, 0, 0
243000, 111932, 1, 0, 0
244000, 110730, 1, 0, 0
245000, 75024, 1, 0, 0
246000, 72595, 1, 0, 0
246999, 119812, 1, 0, 0
248000, 124592, 1, 0, 0
248999, 130754, 1, 0, 0
250000, 130872, 1, 0, 0
250999, 134451, 1, 0, 0
252000, 133797, 1, 0, 0
253000, 125107, 1, 0, 0
253999, 118894, 1, 0, 0
255000, 132240, 1, 0, 0
255999, 126726, 1, 0, 0
257000, 132336, 1, 0, 0
257999, 137153, 1, 0, 0
259000, 113592, 1, 0, 0
259999, 86150, 1, 0, 0
261000, 78614, 1, 0, 0
261999, 81872, 1, 0, 0
263000, 82259, 1, 0, 0
264000, 79399, 1, 0, 0
265000, 78297, 1, 0, 0
265999, 92479, 1, 0, 0
267000, 96532, 1, 0, 0
267999, 93285, 1, 0, 0
269000, 95424, 1, 0, 0
270000, 94150, 1, 0, 0
271000, 101686, 1, 0, 0
272000, 96578, 1, 0, 0
272999, 89306, 1, 0, 0
274000, 89127, 1, 0, 0
274999, 109751, 1, 0, 0
276000, 114710, 1, 0, 0
276999, 108972, 1, 0, 0
278000, 96048, 1, 0, 0
278999, 120129, 1, 0, 0
280000, 119565, 1, 0, 0
280999, 107044, 1, 0, 0
282000, 108865, 1, 0, 0
282999, 107665, 1, 0, 0
284000, 102293, 1, 0, 0
284999, 92685, 1, 0, 0
286000, 97299, 1, 0, 0
286999, 92420, 1, 0, 0
288000, 91296, 1, 0, 0
288999, 91219, 1, 0, 0
290000, 88056, 1, 0, 0
290999, 88792, 1, 0, 0
292000, 100726, 1, 0, 0
293000, 93726, 1, 0, 0
293999, 101257, 1, 0, 0
295000, 104948, 1, 0, 0
295999, 99843, 1, 0, 0
297000, 101358, 1, 0, 0
297999, 107045, 1, 0, 0
299000, 126451, 1, 0, 0
299999, 125458, 1, 0, 0
301000, 117232, 1, 0, 0
301999, 121233, 1, 0, 0
303000, 108072, 1, 0, 0
303999, 112975, 1, 0, 0
305000, 119791, 1, 0, 0
305999, 128510, 1, 0, 0
307000, 129644, 1, 0, 0
307999, 111755, 1, 0, 0
309000, 107747, 1, 0, 0
309999, 108125, 1, 0, 0
311000, 107030, 1, 0, 0
312000, 83277, 1, 0, 0
312999, 85957, 1, 0, 0
314000, 83280, 1, 0, 0
314999, 80560, 1, 0, 0
316000, 70384, 1, 0, 0
317000, 74642, 1, 0, 0
318000, 74678, 1, 0, 0
319000, 76910, 1, 0, 0
319999, 95687, 1, 0, 0
321000, 113731, 1, 0, 0
321999, 117849, 1, 0, 0
323000, 117919, 1, 0, 0
323999, 85751, 1, 0, 0
325000, 78744, 1, 0, 0
326000, 78816, 1, 0, 0
327000, 75027, 1, 0, 0
328000, 78744, 1, 0, 0
329000, 77861, 1, 0, 0
329999, 73825, 1, 0, 0
331000, 83448, 1, 0, 0
332000, 81585, 1, 0, 0
332999, 82134, 1, 0, 0
334000, 74884, 1, 0, 0
334999, 82426, 1, 0, 0
336000, 78096, 1, 0, 0
337000, 79567, 1, 0, 0
338000, 104267, 1, 0, 0
339000, 107589, 1, 0, 0
340000, 107670, 1, 0, 0
341000, 108417, 1, 0, 0
342000, 84809, 1, 0, 0
343000, 68811, 1, 0, 0
343999, 78342, 1, 0, 0
345000, 74352, 1, 0, 0
345999, 75648, 1, 0, 0
347000, 82889, 1, 0, 0
348000, 82795, 1, 0, 0
348999, 86295, 1, 0, 0
350000, 82272, 1, 0, 0
350999, 78798, 1, 0, 0
352000, 76992, 1, 0, 0
352999, 68756, 1, 0, 0
354000, 73392, 1, 0, 0
354999, 76276, 1, 0, 0
356000, 75720, 1, 0, 0
357000, 75819, 1, 0, 0
357999, 76852, 1, 0, 0
359000, 74464, 1, 0, 0
359999, 88662, 1, 0, 0
