999, 7244, 0, 0, 0
2000, 7307, 0, 0, 0
3000, 7020, 0, 0, 0
3999, 7101, 0, 0, 0
5000, 7143, 0, 0, 0
6000, 6450, 0, 0, 0
6999, 7066, 0, 0, 0
7999, 7042, 0, 0, 0
9000, 6866, 0, 0, 0
9999, 6676, 0, 0, 0
10999, 4621, 0, 0, 0
12000, 4752, 0, 0, 0
13000, 4984, 0, 0, 0
13999, 5146, 0, 0, 0
15000, 5318, 0, 0, 0
16000, 4805, 0, 0, 0
16999, 4447, 0, 0, 0
17999, 5262, 0, 0, 0
19000, 4997, 0, 0, 0
19999, 5124, 0, 0, 0
20999, 3514, 0, 0, 0
22000, 3471, 0, 0, 0
23000, 3949, 0, 0, 0
23999, 3981, 0, 0, 0
24999, 3795, 0, 0, 0
26000, 3712, 0, 0, 0
26999, 2391, 0, 0, 0
27999, 3392, 0, 0, 0
29000, 2916, 0, 0, 0
29999, 2287, 0, 0, 0
30999, 2548, 0, 0, 0
32000, 4181, 0, 0, 0
32999, 4714, 0, 0, 0
33999, 5002, 0, 0, 0
35000, 4695, 0, 0, 0
36000, 4804, 0, 0, 0
36999, 4865, 0, 0, 0
37999, 3336, 0, 0, 0
39000, 3794, 0, 0, 0
39999, 4088, 0, 0, 0
40999, 3820, 0, 0, 0
42000, 3625, 0, 0, 0
42999, 3380, 0, 0, 0
43999, 3959, 0, 0, 0
45000, 4016, 0, 0, 0
45999, 4055, 0, 0, 0
46999, 4767, 0, 0, 0
47999, 4601, 0, 0, 0
49000, 5266, 0, 0, 0
49999, 6151, 0, 0, 0
50999, 6174, 0, 0, 0
52000, 6213, 0, 0, 0
52999, 6662, 0, 0, 0
53999, 6899, 0, 0, 0
55000, 7050, 0, 0, 0
55999, 6959, 0, 0, 0
56999, 7052, 0, 0, 0
58000, 7407, 0, 0, 0
58999, 6192, 0, 0, 0
59999, 6019, 0, 0, 0
60999, 6090, 0, 0, 0
62000, 4518, 0, 0, 0
62999, 4731, 0, 0, 0
63999, 4720, 0, 0, 0
65000, 5451, 0, 0, 0
65999, 5740, 0, 0, 0
66999, 5780, 0, 0, 0
68000, 6106, 0, 0, 0
68999, 6465, 0, 0, 0
69999, 5759, 0, 0, 0
70999, 6130, 0, 0, 0
71999, 6029, 0, 0, 0
72999, 4853, 0, 0, 0
73999, 5753, 0, 0, 0
74999, 5520, 0, 0, 0
75999, 5959, 0, 0, 0
76999, 5990, 0, 0, 0
77999, 6757, 0, 0, 0
78999, 6513, 0, 0, 0
79999, 6334, 0, 0, 0
80999, 5636, 0, 0, 0
81999, 6126, 0, 0, 0
82999, 6215, 0, 0, 0
83999, 6181, 0, 0, 0
84999, 6036, 0, 0, 0
85999, 5646, 0, 0, 0
86999, 5336, 0, 0, 0
87999, 5204, 0, 0, 0
88999, 3689, 0, 0, 0
89999, 3874, 0, 0, 0
90999, 3538, 0, 0, 0
91999, 1808, 0, 0, 0
92999, 2046, 0, 0, 0
93999, 3143, 0, 0, 0
94999, 4596, 0, 0, 0
95999, 4733, 0, 0, 0
96999, 4735, 0, 0, 0
97999, 5101, 0, 0, 0
98999, 5152, 0, 0, 0
99999, 5147, 0, 0, 0
100999, 3233, 0, 0, 0
101999, 1902, 0, 0, 0
102999, 2481, 0, 0, 0
103999, 2754, 0, 0, 0
104999, 2591, 0, 0, 0
105999, 3117, 0, 0, 0
106999, 3587, 0, 0, 0
107999, 3259, 0, 0, 0
108999, 2685, 0, 0, 0
109999, 2822, 0, 0, 0
111000, 6084, 0, 0, 0
111999, 9576, 0, 0, 0
112999, 8559, 0, 0, 0
113999, 9139, 0, 0, 0
114999, 9264, 0, 0, 0
115999, 9004, 0, 0, 0
116999, 9131, 0, 0, 0
117999, 9287, 0, 0, 0
118999, 9652, 0, 0, 0
119999, 9447, 0, 0, 0
120999, 9458, 0, 0, 0
121999, 9598, 0, 0, 0
122999, 9353, 0, 0, 0
123999, 5623, 0, 0, 0
124999, 6028, 0, 0, 0
125999, 5785, 0, 0, 0
126999, 5495, 0, 0, 0
127999, 5721, 0, 0, 0
128999, 5664, 0, 0, 0
129999, 6022, 0, 0, 0
130999, 5562, 0, 0, 0
131999, 5393, 0, 0, 0
132999, 4639, 0, 0, 0
133999, 4275, 0, 0, 0
134999, 3298, 0, 0, 0
135999, 3249, 0, 0, 0
136999, 3214, 0, 0, 0
137999, 3081, 0, 0, 0
138999, 2853, 0, 0, 0
139999, 2531, 0, 0, 0
140999, 4366, 0, 0, 0
141999, 5161, 0, 0, 0
142999, 7712, 0, 0, 0
143999, 9415, 0, 0, 0
144999, 8504, 0, 0, 0
145999, 9052, 0, 0, 0
146999, 9280, 0, 0, 0
147999, 8994, 0, 0, 0
148999, 9160, 0, 0, 0
149999, 9033, 0, 0, 0
150999, 9653, 0, 0, 0
151999, 9468, 0, 0, 0
152999, 9524, 0, 0, 0
153999, 9467, 0, 0, 0
154999, 9188, 0, 0, 0
155999, 4827, 0, 0, 0
156999, 4767, 0, 0, 0
157999, 4786, 0, 0, 0
158999, 4549, 0, 0, 0
159999, 3170, 0, 0, 0
160999, 2775, 0, 0, 0
161999, 2907, 0, 0, 0
162999, 2966, 0, 0, 0
163999, 3173, 0, 0, 0
164999, 4040, 0, 0, 0
165999, 3563, 0, 0, 0
166999, 4081, 0, 0, 0
167998, 4270, 0, 0, 0
168999, 3795, 0, 0, 0
169999, 3715, 0, 0, 0
170998, 3508, 0, 0, 0
171999, 3658, 0, 0, 0
172999, 3607, 0, 0, 0
173998, 3552, 0, 0, 0
174999, 3435, 0, 0, 0
175999, 3934, 0, 0, 0
176999, 2171, 0, 0, 0
177998, 2015, 0, 0, 0
178999, 2395, 0, 0, 0
179999, 2336, 0, 0, 0
180999, 2380, 0, 0, 0
181999, 4780, 0, 0, 0
182999, 7201, 0, 0, 0
183998, 9415, 0, 0, 0
184999, 9585, 0, 0, 0
185999, 9584, 0, 0, 0
186998, 9310, 0, 0, 0
187999, 8601, 0, 0, 0
188999, 9366, 0, 0, 0
189998, 9292, 0, 0, 0
190999, 8985, 0, 0, 0
191999, 9164, 0, 0, 0
192998, 9387, 0, 0, 0
193999, 9565, 0, 0, 0
194999, 9424, 0, 0, 0
195998, 9422, 0, 0, 0
196999, 9525, 0, 0, 0
197999, 8298, 0, 0, 0
198998, 5726, 0, 0, 0
199999, 5421, 0, 0, 0
200999, 4996, 0, 0, 0
201998, 5393, 0, 0, 0
202999, 5345, 0, 0, 0
203999, 5487, 0, 0, 0
204998, 5865, 0, 0, 0
205999, 5535, 0, 0, 0
206998, 5447, 0, 0, 0
207999, 5832, 0, 0, 0
208999, 8693, 0, 0, 0
209998, 9317, 0, 0, 0
210999, 9294, 0, 0, 0
211999, 9286, 0, 0, 0
212998, 9383, 0, 0, 0
213999, 9400, 0, 0, 0
214999, 9612, 0, 0, 0
215998, 9400, 0, 0, 0
216999, 9460, 0, 0, 0
217999, 9530, 0, 0, 0
218998, 9275, 0, 0, 0
219999, 13796, 0, 0, 0
220999, 13731, 0, 0, 0
221998, 13732, 0, 0, 0
222999, 9533, 0, 0, 0
223999, 6955, 0, 0, 0
224998, 7126, 0, 0, 0
225999, 6863, 0, 0, 0
226998, 7191, 0, 0, 0
227999, 7710, 0, 0, 0
228999, 8075, 0, 0, 0
229998, 7910, 0, 0, 0
230999, 8105, 0, 0, 0
231999, 8856, 0, 0, 0
232998, 9270, 0, 0, 0
233999, 8684, 0, 0, 0
234999, 9208, 0, 0, 0
235998, 9178, 0, 0, 0
236999, 9260, 0, 0, 0
237998, 9181, 0, 0, 0
238999, 9399, 0, 0, 0
239999, 9676, 0, 0, 0
240998, 9461, 0, 0, 0
241999, 9520, 0, 0, 0
242999, 9586, 0, 0, 0
243998, 7988, 0, 0, 0
244999, 6844, 0, 0, 0
245999, 6871, 0, 0, 0
246998, 7059, 0, 0, 0
247999, 6958, 0, 0, 0
248999, 6848, 0, 0, 0
249998, 7088, 0, 0, 0
250999, 7303, 0, 0, 0
251998, 7364, 0, 0, 0
252998, 7332, 0, 0, 0
253999, 7241, 0, 0, 0
254998, 6411, 0, 0, 0
255999, 5866, 0, 0, 0
256999, 6058, 0, 0, 0
257998, 5942, 0, 0, 0
258999, 5899, 0, 0, 0
259999, 6246, 0, 0, 0
260998, 6799, 0, 0, 0
261999, 6843, 0, 0, 0
262998, 6920, 0, 0, 0
263998, 6568, 0, 0, 0
264999, 6053, 0, 0, 0
265998, 6124, 0, 0, 0
266999, 6608, 0, 0, 0
267998, 6290, 0, 0, 0
268998, 6600, 0, 0, 0
269999, 6708, 0, 0, 0
270998, 6559, 0, 0, 0
271999, 6693, 0, 0, 0
272999, 6439, 0, 0, 0
273998, 6717, 0, 0, 0
274999, 6409, 0, 0, 0
275998, 5571, 0, 0, 0
276998, 6192, 0, 0, 0
277999, 6344, 0, 0, 0
278998, 6322, 0, 0, 0
279999, 5946, 0, 0, 0
280999, 5059, 0, 0, 0
281998, 5286, 0, 0, 0
282999, 5196, 0, 0, 0
283999, 5598, 0, 0, 0
284998, 4056, 0, 0, 0
285999, 3412, 0, 0, 0
286999, 2512, 0, 0, 0
287998, 3058, 0, 0, 0
288999, 3054, 0, 0, 0
289998, 2803, 0, 0, 0
290998, 3254, 0, 0, 0
291999, 3461, 0, 0, 0
292998, 3111, 0, 0, 0
293999, 3033, 0, 0, 0
294999, 3257, 0, 0, 0
295998, 3896, 0, 0, 0
296999, 3520, 0, 0, 0
297998, 2861, 0, 0, 0
298998, 3642, 0, 0, 0
299999, 3532, 0, 0, 0
300998, 3329, 0, 0, 0
301998, 3313, 0, 0, 0
302999, 3797, 0, 0, 0
303998, 3940, 0, 0, 0
304998, 2853, 0, 0, 0
305999, 3021, 0, 0, 0
306998, 3420, 0, 0, 0
307998, 2849, 0, 0, 0
308999, 2792, 0, 0, 0
309998, 2919, 0, 0, 0
310998, 2827, 0, 0, 0
311999, 2639, 0, 0, 0
312998, 2610, 0, 0, 0
313998, 3206, 0, 0, 0
314999, 3212, 0, 0, 0
315998, 2337, 0, 0, 0
316998, 2537, 0, 0, 0
317999, 4758, 0, 0, 0
318998, 4556, 0, 0, 0
319998, 4860, 0, 0, 0
320999, 5361, 0, 0, 0
321998, 5043, 0, 0, 0
322998, 5357, 0, 0, 0
323999, 5446, 0, 0, 0
324998, 5541, 0, 0, 0
325998, 3309, 0, 0, 0
326999, 2689, 0, 0, 0
327998, 2946, 0, 0, 0
328999, 2933, 0, 0, 0
329998, 3640, 0, 0, 0
330998, 4745, 0, 0, 0
331999, 4826, 0, 0, 0
332998, 4565, 0, 0, 0
333998, 3979, 0, 0, 0
334999, 3626, 0, 0, 0
335998, 2998, 0, 0, 0
336998, 3039, 0, 0, 0
337998, 2631, 0, 0, 0
338998, 2744, 0, 0, 0
339999, 3061, 0, 0, 0
340998, 1885, 0, 0, 0
341998, 2085, 0, 0, 0
342999, 2791, 0, 0, 0
343998, 3926, 0, 0, 0
344999, 3556, 0, 0, 0
345998, 3907, 0, 0, 0
346998, 4653, 0, 0, 0
347999, 4804, 0, 0, 0
348998, 9555, 0, 0, 0
349998, 9549, 0, 0, 0
350999, 8596, 0, 0, 0
351998, 9117, 0, 0, 0
352999, 9446, 0, 0, 0
353998, 9220, 0, 0, 0
354998, 9239, 0, 0, 0
355999, 9295, 0, 0, 0
356998, 9546, 0, 0, 0
357998, 9677, 0, 0, 0
358998, 9492, 0, 0, 0
359998, 9493, 0, 0, 0
