1000, 1000764, 1, 0, 0
2003, 1000218, 1, 0, 0
3007, 1032675, 1, 0, 0
4011, 1003518, 1, 0, 0
5000, 1052692, 1, 0, 0
6000, 1002341, 1, 0, 0
7003, 1009284, 1, 0, 0
8011, 1004480, 1, 0, 0
9000, 1031523, 1, 0, 0
10003, 1003996, 1, 0, 0
11000, 998691, 1, 0, 0
12011, 1044745, 1, 0, 0
13000, 1030580, 1, 0, 0
14000, 1129836, 1, 0, 0
15000, 1081409, 1, 0, 0
16000, 1071570, 1, 0, 0
17000, 1064722, 1, 0, 0
18000, 1157262, 1, 0, 0
19000, 992780, 1, 0, 0
20007, 993768, 1, 0, 0
21011, 984652, 1, 0, 0
22000, 1007240, 1, 0, 0
23000, 978996, 1, 0, 0
24000, 1036791, 1, 0, 0
25000, 1027348, 1, 0, 0
26000, 1011541, 1, 0, 0
27000, 1004258, 1, 0, 0
28000, 995650, 1, 0, 0
29000, 1005103, 1, 0, 0
30000, 1049058, 1, 0, 0
31000, 1274584, 1, 0, 0
32005, 1492441, 1, 0, 0
33009, 1556313, 1, 0, 0
34000, 1617241, 1, 0, 0
35000, 1577278, 1, 0, 0
36007, 1582201, 1, 0, 0
37003, 1717302, 1, 0, 0
38002, 1678434, 1, 0, 0
39005, 1749547, 1, 0, 0
40013, 1857325, 1, 0, 0
41000, 1498533, 1, 0, 0
42000, 1047643, 1, 0, 0
43007, 1072414, 1, 0, 0
44000, 1096458, 1, 0, 0
45003, 1085928, 1, 0, 0
46004, 1052411, 1, 0, 0
47000, 1072472, 1, 0, 0
48000, 1089784, 1, 0, 0
49003, 998229, 1, 0, 0
50000, 1067864, 1, 0, 0
51000, 1081661, 1, 0, 0
52000, 1137699, 1, 0, 0
53000, 1113067, 1, 0, 0
54000, 1097931, 1, 0, 0
55015, 1195979, 1, 0, 0
56000, 1147640, 1, 0, 0
57000, 1120218, 1, 0, 0
58000, 1090200, 1, 0, 0
59011, 1717064, 1, 0, 0
60000, 1905762, 1, 0, 0
61012, 1802281, 1, 0, 0
62000, 1808779, 1, 0, 0
63000, 1991391, 1, 0, 0
64005, 2054147, 1, 0, 0
65008, 1855440, 1, 0, 0
66013, 1980121, 1, 0, 0
67003, 1964544, 1, 0, 0
68012, 1881799, 1, 0, 0
69006, 1920329, 1, 0, 0
70002, 1966274, 1, 0, 0
71000, 1763311, 1, 0, 0
72000, 1179625, 1, 0, 0
73000, 1217750, 1, 0, 0
74000, 1285993, 1, 0, 0
75000, 1273127, 1, 0, 0
76007, 1231939, 1, 0, 0
77000, 1344015, 1, 0, 0
78000, 1271980, 1, 0, 0
79005, 1342111, 1, 0, 0
80000, 1327292, 1, 0, 0
81000, 1249285, 1, 0, 0
82003, 1256879, 1, 0, 0
83000, 1297830, 1, 0, 0
84000, 1238615, 1, 0, 0
85000, 1279135, 1, 0, 0
86001, 1357781, 1, 0, 0
87000, 1354834, 1, 0, 0
88000, 1322280, 1, 0, 0
89005, 1248161, 1, 0, 0
90011, 1126878, 1, 0, 0
91000, 1042101, 1, 0, 0
92011, 1021490, 1, 0, 0
93000, 1017667, 1, 0, 0
94000, 1005248, 1, 0, 0
95002, 1002141, 1, 0, 0
96010, 1039289, 1, 0, 0
97011, 1105808, 1, 0, 0
98000, 1209034, 1, 0, 0
99018, 1312414, 1, 0, 0
100001, 1301578, 1, 0, 0
101017, 1321609, 1, 0, 0
102000, 1377996, 1, 0, 0
103000, 1265961, 1, 0, 0
104000, 1258952, 1, 0, 0
105000, 1140707, 1, 0, 0
106001, 1057766, 1, 0, 0
107003, 1195583, 1, 0, 0
108008, 1645442, 1, 0, 0
109012, 1663260, 1, 0, 0
110002, 1687691, 1, 0, 0
111000, 1776739, 1, 0, 0
112008, 1850863, 1, 0, 0
113000, 2020980, 1, 0, 0
114007, 2018126, 1, 0, 0
115000, 1472324, 1, 0, 0
116007, 1181919, 1, 0, 0
117000, 1148845, 1, 0, 0
118024, 1146800, 1, 0, 0
119003, 1204156, 1, 0, 0
120000, 1182380, 1, 0, 0
121000, 1223693, 1, 0, 0
122000, 1339402, 1, 0, 0
123006, 1071254, 1, 0, 0
124002, 1073133, 1, 0, 0
125000, 1082592, 1, 0, 0
126008, 1034748, 1, 0, 0
127000, 1008987, 1, 0, 0
128004, 1072615, 1, 0, 0
129000, 1001309, 1, 0, 0
130000, 996628, 1, 0, 0
131000, 1040838, 1, 0, 0
132000, 986625, 1, 0, 0
133000, 1016131, 1, 0, 0
134000, 1001064, 1, 0, 0
135000, 1041829, 1, 0, 0
136008, 979376, 1, 0, 0
137008, 990898, 1, 0, 0
138000, 1040180, 1, 0, 0
139012, 1730047, 1, 0, 0
140009, 1966012, 1, 0, 0
141000, 1485559, 1, 0, 0
142000, 1215006, 1, 0, 0
143000, 1310690, 1, 0, 0
144000, 1226219, 1, 0, 0
145000, 1168180, 1, 0, 0
146000, 1223927, 1, 0, 0
147009, 1245212, 1, 0, 0
148000, 1355767, 1, 0, 0
149014, 1219902, 1, 0, 0
150014, 1252466, 1, 0, 0
151007, 1345138, 1, 0, 0
152015, 1317474, 1, 0, 0
153000, 1237426, 1, 0, 0
154000, 1339050, 1, 0, 0
155009, 1386017, 1, 0, 0
156000, 1384250, 1, 0, 0
157005, 1339825, 1, 0, 0
158012, 1244680, 1, 0, 0
159000, 1316367, 1, 0, 0
160000, 1306347, 1, 0, 0
161000, 1252462, 1, 0, 0
162000, 1261528, 1, 0, 0
163005, 1279799, 1, 0, 0
164006, 1308389, 1, 0, 0
165000, 1245191, 1, 0, 0
166012, 1291552, 1, 0, 0
167000, 1149978, 1, 0, 0
168000, 1086183, 1, 0, 0
169012, 1038394, 1, 0, 0
170001, 1030723, 1, 0, 0
171004, 1067702, 1, 0, 0
172002, 1005733, 1, 0, 0
173000, 1048803, 1, 0, 0
174002, 1044451, 1, 0, 0
175000, 1087148, 1, 0, 0
176001, 1044727, 1, 0, 0
177000, 1068314, 1, 0, 0
178001, 1050966, 1, 0, 0
179000, 1207359, 1, 0, 0
180011, 1960052, 1, 0, 0
181011, 1831180, 1, 0, 0
182002, 1827552, 1, 0, 0
183000, 1914110, 1, 0, 0
184003, 1841352, 1, 0, 0
185000, 1658235, 1, 0, 0
186000, 1802391, 1, 0, 0
187005, 1722813, 1, 0, 0
188003, 1742692, 1, 0, 0
189000, 1807661, 1, 0, 0
190001, 1974869, 1, 0, 0
191012, 2156388, 1, 0, 0
192000, 2001924, 1, 0, 0
193012, 1992620, 1, 0, 0
194005, 1968152, 1, 0, 0
195000, 1745253, 1, 0, 0
196000, 1095529, 1, 0, 0
197000, 1060424, 1, 0, 0
198000, 1077794, 1, 0, 0
199000, 1130864, 1, 0, 0
200000, 1182185, 1, 0, 0
201000, 1101026, 1, 0, 0
202001, 1078717, 1, 0, 0
203000, 1551167, 1, 0, 0
204000, 1153236, 1, 0, 0
205000, 1122462, 1, 0, 0
206009, 1322356, 1, 0, 0
207006, 1286846, 1, 0, 0
208000, 1260673, 1, 0, 0
209000, 1334571, 1, 0, 0
210000, 1250939, 1, 0, 0
211001, 1259128, 1, 0, 0
212007, 1313178, 1, 0, 0
213000, 1359921, 1, 0, 0
214000, 1330197, 1, 0, 0
215000, 1262023, 1, 0, 0
216000, 1263502, 1, 0, 0
217005, 1280652, 1, 0, 0
218005, 1274948, 1, 0, 0
219000, 1259204, 1, 0, 0
220000, 1305260, 1, 0, 0
221000, 1301151, 1, 0, 0
222000, 1253088, 1, 0, 0
223000, 1268325, 1, 0, 0
224004, 1065770, 1, 0, 0
225000, 1105641, 1, 0, 0
226000, 1072722, 1, 0, 0
227008, 1055642, 1, 0, 0
228000, 1021010, 1, 0, 0
229005, 1039127, 1, 0, 0
230012, 1109175, 1, 0, 0
231000, 1084994, 1, 0, 0
232000, 1043651, 1, 0, 0
233001, 1412843, 1, 0, 0
234007, 1858005, 1, 0, 0
235000, 1758822, 1, 0, 0
236000, 1949953, 1, 0, 0
237000, 1218110, 1, 0, 0
238000, 1204195, 1, 0, 0
239000, 1000929, 1, 0, 0
240000, 1016680, 1, 0, 0
241003, 1167130, 1, 0, 0
242005, 1172018, 1, 0, 0
243003, 1534856, 1, 0, 0
244001, 1729852, 1, 0, 0
245009, 1733866, 1, 0, 0
246010, 1777940, 1, 0, 0
247008, 1995876, 1, 0, 0
248000, 2028504, 1, 0, 0
249001, 1988954, 1, 0, 0
250000, 1492407, 1, 0, 0
251000, 1139792, 1, 0, 0
252000, 1091138, 1, 0, 0
253000, 1072006, 1, 0, 0
254000, 1072852, 1, 0, 0
255015, 1256389, 1, 0, 0
256012, 1242985, 1, 0, 0
257000, 1268024, 1, 0, 0
258000, 1266098, 1, 0, 0
259001, 1278197, 1, 0, 0
260000, 1358751, 1, 0, 0
261000, 1309228, 1, 0, 0
262007, 1368439, 1, 0, 0
263000, 1193569, 1, 0, 0
264000, 1021900, 1, 0, 0
265004, 985850, 1, 0, 0
266004, 1001478, 1, 0, 0
267000, 985621, 1, 0, 0
268008, 985260, 1, 0, 0
269000, 1026351, 1, 0, 0
270000, 1027064, 1, 0, 0
271008, 1021496, 1, 0, 0
272004, 1012894, 1, 0, 0
273004, 1023466, 1, 0, 0
274000, 1020042, 1, 0, 0
275000, 1005182, 1, 0, 0
276000, 1104938, 1, 0, 0
277000, 1061739, 1, 0, 0
278000, 1104776, 1, 0, 0
279000, 1087761, 1, 0, 0
280000, 1570617, 1, 0, 0
281003, 1618251, 1, 0, 0
282002, 1568577, 1, 0, 0
283013, 1678875, 1, 0, 0
284010, 1881145, 1, 0, 0
285000, 1697337, 1, 0, 0
286013, 1750184, 1, 0, 0
287000, 1633129, 1, 0, 0
288001, 1377399, 1, 0, 0
289011, 1438513, 1, 0, 0
290008, 1547686, 1, 0, 0
291000, 1521451, 1, 0, 0
292008, 1469585, 1, 0, 0
293000, 1318680, 1, 0, 0
294000, 1317271, 1, 0, 0
295000, 1045583, 1, 0, 0
296000, 1039772, 1, 0, 0
297000, 1054993, 1, 0, 0
298000, 1022409, 1, 0, 0
299000, 1048439, 1, 0, 0
300002, 1201372, 1, 0, 0
301006, 1597261, 1, 0, 0
302003, 1567779, 1, 0, 0
303000, 1541345, 1, 0, 0
304011, 1582574, 1, 0, 0
305006, 1588071, 1, 0, 0
306000, 1534154, 1, 0, 0
307001, 1209733, 1, 0, 0
308007, 1189225, 1, 0, 0
309003, 1267829, 1, 0, 0
310000, 1208969, 1, 0, 0
311000, 1640957, 1, 0, 0
312005, 2057197, 1, 0, 0
313000, 2034741, 1, 0, 0
314012, 1832301, 1, 0, 0
315008, 1793714, 1, 0, 0
316000, 1570516, 1, 0, 0
317007, 1533529, 1, 0, 0
318000, 1575375, 1, 0, 0
319000, 1751923, 1, 0, 0
320000, 1836437, 1, 0, 0
321008, 1943438, 1, 0, 0
322012, 2029821, 1, 0, 0
323004, 1929637, 1, 0, 0
324000, 1715404, 1, 0, 0
325000, 1658531, 1, 0, 0
326010, 1549331, 1, 0, 0
327000, 1641801, 1, 0, 0
328001, 1752733, 1, 0, 0
329000, 1888039, 1, 0, 0
330000, 1959505, 1, 0, 0
331003, 2219928, 1, 0, 0
332000, 1926886, 1, 0, 0
333009, 1940550, 1, 0, 0
334003, 1932491, 1, 0, 0
335000, 1816215, 1, 0, 0
336000, 1966440, 1, 0, 0
337000, 1640773, 1, 0, 0
338000, 1567554, 1, 0, 0
339000, 1628337, 1, 0, 0
340006, 1696392, 1, 0, 0
341000, 1673060, 1, 0, 0
342000, 1371363, 1, 0, 0
343012, 1195918, 1, 0, 0
344002, 1006484, 1, 0, 0
345000, 1001641, 1, 0, 0
346000, 1004421, 1, 0, 0
347000, 1008857, 1, 0, 0
348000, 1058556, 1, 0, 0
349000, 1039485, 1, 0, 0
350000, 1148627, 1, 0, 0
351000, 1119886, 1, 0, 0
352000, 1387095, 1, 0, 0
353012, 2021507, 1, 0, 0
354009, 1976159, 1, 0, 0
355016, 1181626, 1, 0, 0
356000, 1266887, 1, 0, 0
357014, 1213991, 1, 0, 0
358000, 1257016, 1, 0, 0
359001, 1278401, 1, 0, 0
360000, 1261495, 1, 0, 0
361014, 1313329, 1, 0, 0
362001, 1288076, 1, 0, 0
363000, 1281879, 1, 0, 0
364000, 1427732, 1, 0, 0
365000, 1063764, 1, 0, 0
366000, 982439, 1, 0, 0
367000, 1002071, 1, 0, 0
368004, 982512, 1, 0, 0
369000, 979715, 1, 0, 0
370000, 1004034, 1, 0, 0
371006, 1407261, 1, 0, 0
372000, 1590066, 1, 0, 0
373008, 1711270, 1, 0, 0
374010, 1996761, 1, 0, 0
375004, 2083415, 1, 0, 0
376002, 2029007, 1, 0, 0
377010, 2003649, 1, 0, 0
378000, 1557726, 1, 0, 0
379000, 1209777, 1, 0, 0
380000, 1333308, 1, 0, 0
381000, 1268278, 1, 0, 0
382000, 1312241, 1, 0, 0
383000, 1342866, 1, 0, 0
384003, 1283146, 1, 0, 0
385000, 1331858, 1, 0, 0
386000, 1402676, 1, 0, 0
387000, 1235689, 1, 0, 0
388000, 1350542, 1, 0, 0
389000, 1167217, 1, 0, 0
390000, 1022754, 1, 0, 0
391004, 992719, 1, 0, 0
392004, 1003068, 1, 0, 0
393000, 991047, 1, 0, 0
394000, 1004404, 1, 0, 0
395000, 1029672, 1, 0, 0
396003, 1327389, 1, 0, 0
397000, 2063160, 1, 0, 0
398011, 1987495, 1, 0, 0
399000, 1815623, 1, 0, 0
400005, 1220331, 1, 0, 0
401004, 1089918, 1, 0, 0
402000, 1035634, 1, 0, 0
403004, 1176194, 1, 0, 0
404019, 1284718, 1, 0, 0
405011, 1371875, 1, 0, 0
406000, 1290003, 1, 0, 0
407000, 1228142, 1, 0, 0
408008, 1256055, 1, 0, 0
409009, 1395499, 1, 0, 0
410000, 1359122, 1, 0, 0
411003, 1347040, 1, 0, 0
412000, 1272545, 1, 0, 0
413000, 1250528, 1, 0, 0
414019, 1330785, 1, 0, 0
415018, 1261429, 1, 0, 0
416000, 1272913, 1, 0, 0
417000, 1314793, 1, 0, 0
418000, 1338257, 1, 0, 0
419000, 1296434, 1, 0, 0
420000, 1137864, 1, 0, 0
421000, 1151076, 1, 0, 0
422005, 1202522, 1, 0, 0
423000, 1332249, 1, 0, 0
424000, 1897688, 1, 0, 0
425000, 1992328, 1, 0, 0
426008, 1897123, 1, 0, 0
427012, 1932324, 1, 0, 0
428011, 2013535, 1, 0, 0
429000, 2003134, 1, 0, 0
430004, 1827575, 1, 0, 0
431000, 1199051, 1, 0, 0
432006, 1157802, 1, 0, 0
433000, 1144822, 1, 0, 0
434000, 1119553, 1, 0, 0
435000, 1178520, 1, 0, 0
436000, 1150472, 1, 0, 0
437000, 1064981, 1, 0, 0
438013, 1252715, 1, 0, 0
439000, 1429702, 1, 0, 0
440004, 1266606, 1, 0, 0
441000, 1293039, 1, 0, 0
442009, 1245780, 1, 0, 0
443000, 1318736, 1, 0, 0
444000, 1369137, 1, 0, 0
445008, 1419741, 1, 0, 0
446000, 1322360, 1, 0, 0
447000, 1320371, 1, 0, 0
448000, 1250527, 1, 0, 0
449017, 1248500, 1, 0, 0
450013, 1281450, 1, 0, 0
451002, 1358877, 1, 0, 0
452004, 1265401, 1, 0, 0
453000, 1173277, 1, 0, 0
454000, 1022729, 1, 0, 0
455000, 994873, 1, 0, 0
456000, 1041290, 1, 0, 0
457000, 1002197, 1, 0, 0
458000, 1036489, 1, 0, 0
459000, 1040793, 1, 0, 0
460004, 1324938, 1, 0, 0
461000, 1657396, 1, 0, 0
462000, 1723156, 1, 0, 0
463000, 1555772, 1, 0, 0
464007, 1515191, 1, 0, 0
465000, 1487348, 1, 0, 0
466010, 1468676, 1, 0, 0
467000, 1577194, 1, 0, 0
468001, 1793575, 1, 0, 0
469005, 1838908, 1, 0, 0
470006, 2115338, 1, 0, 0
471000, 2060207, 1, 0, 0
472000, 1959264, 1, 0, 0
473001, 1931306, 1, 0, 0
474001, 1368470, 1, 0, 0
475000, 1258164, 1, 0, 0
476000, 1049821, 1, 0, 0
477000, 1080347, 1, 0, 0
478000, 1034898, 1, 0, 0
479000, 1290712, 1, 0, 0
480000, 1195342, 1, 0, 0
480001, 1541744, 1, 0, 0
