1014, 997172, 0, 0, 0
2001, 1014085, 0, 0, 0
3000, 1103026, 0, 0, 0
4000, 1132583, 0, 0, 0
5001, 1155590, 0, 0, 0
6000, 1202408, 0, 0, 0
7002, 1137821, 0, 0, 0
8004, 1116867, 0, 0, 0
9000, 1132052, 0, 0, 0
10000, 1179664, 0, 0, 0
11000, 1139942, 0, 0, 0
12000, 1047841, 0, 0, 0
13000, 1114038, 0, 0, 0
14000, 1054788, 0, 0, 0
15000, 1114735, 0, 0, 0
16000, 1216299, 0, 0, 0
17000, 1090122, 0, 0, 0
18002, 1018924, 0, 0, 0
19000, 996114, 0, 0, 0
20000, 1015361, 0, 0, 0
21007, 1037233, 0, 0, 0
22000, 1108506, 0, 0, 0
23000, 1187944, 0, 0, 0
24000, 1179630, 0, 0, 0
25004, 1100865, 0, 0, 0
26000, 1046724, 0, 0, 0
27002, 1010243, 0, 0, 0
28000, 939714, 0, 0, 0
29014, 894650, 0, 0, 0
30000, 941653, 0, 0, 0
31014, 889256, 0, 0, 0
32002, 901513, 0, 0, 0
33000, 917274, 0, 0, 0
34000, 891444, 0, 0, 0
35000, 900263, 0, 0, 0
36002, 916814, 0, 0, 0
37000, 920053, 0, 0, 0
38000, 895532, 0, 0, 0
39000, 899568, 0, 0, 0
40000, 886999, 0, 0, 0
41014, 893464, 0, 0, 0
42001, 1019935, 0, 0, 0
43005, 1009174, 0, 0, 0
44000, 979117, 0, 0, 0
45010, 972957, 0, 0, 0
46014, 944365, 0, 0, 0
47000, 972739, 0, 0, 0
48000, 1047276, 0, 0, 0
49000, 952466, 0, 0, 0
50000, 946188, 0, 0, 0
51002, 959415, 0, 0, 0
52000, 973067, 0, 0, 0
53000, 931170, 0, 0, 0
54000, 980320, 0, 0, 0
55000, 916855, 0, 0, 0
56000, 1068446, 0, 0, 0
57000, 1095505, 0, 0, 0
58000, 1091483, 0, 0, 0
59000, 1051988, 0, 0, 0
60000, 1212177, 0, 0, 0
61000, 1185854, 0, 0, 0
62000, 1262208, 0, 0, 0
63000, 1239672, 0, 0, 0
64000, 1202412, 0, 0, 0
65000, 1150032, 0, 0, 0
66000, 1215951, 0, 0, 0
67000, 1125824, 0, 0, 0
68002, 1103614, 0, 0, 0
69000, 1082951, 0, 0, 0
70000, 1081865, 0, 0, 0
71000, 1091948, 0, 0, 0
72000, 1080179, 0, 0, 0
73000, 1121455, 0, 0, 0
74000, 1084353, 0, 0, 0
75002, 1058833, 0, 0, 0
76000, 1069499, 0, 0, 0
77000, 1181890, 0, 0, 0
78000, 1033925, 0, 0, 0
79000, 993371, 0, 0, 0
80000, 989275, 0, 0, 0
81006, 969125, 0, 0, 0
82010, 988057, 0, 0, 0
83000, 1044918, 0, 0, 0
84000, 1123850, 0, 0, 0
85004, 1107386, 0, 0, 0
86000, 1130684, 0, 0, 0
87002, 1104852, 0, 0, 0
88000, 1067306, 0, 0, 0
89000, 1022676, 0, 0, 0
90000, 903886, 0, 0, 0
91014, 891041, 0, 0, 0
92010, 931805, 0, 0, 0
93000, 920189, 0, 0, 0
94000, 903105, 0, 0, 0
95000, 899951, 0, 0, 0
96000, 894361, 0, 0, 0
97014, 896290, 0, 0, 0
98006, 927944, 0, 0, 0
99000, 910770, 0, 0, 0
100000, 905281, 0, 0, 0
101000, 914185, 0, 0, 0
102000, 897060, 0, 0, 0
103000, 908918, 0, 0, 0
104012, 938911, 0, 0, 0
105000, 1004690, 0, 0, 0
106000, 964564, 0, 0, 0
107000, 993055, 0, 0, 0
108006, 927359, 0, 0, 0
109000, 954924, 0, 0, 0
110010, 965202, 0, 0, 0
111000, 977942, 0, 0, 0
112000, 991241, 0, 0, 0
113000, 982731, 0, 0, 0
114000, 963278, 0, 0, 0
115006, 951309, 0, 0, 0
116000, 981718, 0, 0, 0
117000, 993859, 0, 0, 0
118000, 974027, 0, 0, 0
119000, 952949, 0, 0, 0
120000, 964166, 0, 0, 0
121000, 972117, 0, 0, 0
122006, 960035, 0, 0, 0
123014, 1007947, 0, 0, 0
124000, 1029506, 0, 0, 0
125002, 983893, 0, 0, 0
126000, 996799, 0, 0, 0
127000, 1005258, 0, 0, 0
128008, 983498, 0, 0, 0
129000, 1047143, 0, 0, 0
130000, 1121172, 0, 0, 0
131000, 1220453, 0, 0, 0
132000, 1151666, 0, 0, 0
133000, 1129222, 0, 0, 0
134000, 1124752, 0, 0, 0
135000, 1049910, 0, 0, 0
136000, 1106266, 0, 0, 0
137000, 1107231, 0, 0, 0
138007, 1090084, 0, 0, 0
139000, 1082748, 0, 0, 0
140006, 1087141, 0, 0, 0
141000, 1140808, 0, 0, 0
142013, 1130211, 0, 0, 0
143000, 1026718, 0, 0, 0
144000, 987308, 0, 0, 0
145000, 1036218, 0, 0, 0
146000, 1040117, 0, 0, 0
147000, 1018249, 0, 0, 0
148000, 1090676, 0, 0, 0
149000, 1085246, 0, 0, 0
150000, 1057197, 0, 0, 0
151000, 1092731, 0, 0, 0
152000, 1048536, 0, 0, 0
153000, 1031468, 0, 0, 0
154000, 1028129, 0, 0, 0
155001, 1056461, 0, 0, 0
156000, 1146907, 0, 0, 0
157000, 1107641, 0, 0, 0
158000, 1158123, 0, 0, 0
159002, 1106623, 0, 0, 0
160000, 1021201, 0, 0, 0
161000, 1085141, 0, 0, 0
162000, 1261253, 0, 0, 0
163007, 1218499, 0, 0, 0
164000, 1228181, 0, 0, 0
165000, 1201141, 0, 0, 0
166000, 1296041, 0, 0, 0
167006, 1212961, 0, 0, 0
168000, 1190457, 0, 0, 0
169000, 950548, 0, 0, 0
170010, 891504, 0, 0, 0
171000, 911817, 0, 0, 0
172000, 894432, 0, 0, 0
173014, 896065, 0, 0, 0
174006, 903080, 0, 0, 0
175002, 1096812, 0, 0, 0
176000, 1097196, 0, 0, 0
177000, 1100965, 0, 0, 0
178000, 1081580, 0, 0, 0
179000, 1182286, 0, 0, 0
180000, 1119521, 0, 0, 0
181000, 1081444, 0, 0, 0
182000, 1143541, 0, 0, 0
183003, 1175041, 0, 0, 0
184010, 1065941, 0, 0, 0
185000, 959150, 0, 0, 0
186000, 963261, 0, 0, 0
187011, 946884, 0, 0, 0
188010, 991381, 0, 0, 0
189000, 1024874, 0, 0, 0
190010, 943350, 0, 0, 0
191000, 988491, 0, 0, 0
192003, 959436, 0, 0, 0
193000, 1112355, 0, 0, 0
194000, 1078958, 0, 0, 0
195001, 1086132, 0, 0, 0
196000, 1003158, 0, 0, 0
197012, 983777, 0, 0, 0
198000, 1047975, 0, 0, 0
199000, 1111849, 0, 0, 0
200000, 1134013, 0, 0, 0
201015, 1085776, 0, 0, 0
202000, 948502, 0, 0, 0
203000, 903197, 0, 0, 0
204000, 897526, 0, 0, 0
205015, 898580, 0, 0, 0
206007, 900609, 0, 0, 0
207000, 905587, 0, 0, 0
208000, 966376, 0, 0, 0
209015, 1006705, 0, 0, 0
210007, 990115, 0, 0, 0
211000, 962795, 0, 0, 0
212007, 942956, 0, 0, 0
213000, 954627, 0, 0, 0
214000, 1011193, 0, 0, 0
215000, 1040479, 0, 0, 0
216003, 1013816, 0, 0, 0
217010, 1024413, 0, 0, 0
218000, 1109495, 0, 0, 0
219000, 1080326, 0, 0, 0
220000, 1105504, 0, 0, 0
221000, 1123849, 0, 0, 0
222001, 1041245, 0, 0, 0
223000, 1087399, 0, 0, 0
224000, 1112287, 0, 0, 0
225000, 1059269, 0, 0, 0
226000, 1057771, 0, 0, 0
227000, 1248905, 0, 0, 0
228000, 1169095, 0, 0, 0
229000, 1187441, 0, 0, 0
230000, 1150375, 0, 0, 0
231000, 1215623, 0, 0, 0
232002, 1031227, 0, 0, 0
233005, 1028011, 0, 0, 0
234000, 1117568, 0, 0, 0
235001, 1113977, 0, 0, 0
236000, 1125769, 0, 0, 0
237007, 1085454, 0, 0, 0
238000, 1063903, 0, 0, 0
239014, 1009273, 0, 0, 0
240006, 1025489, 0, 0, 0
241000, 1039056, 0, 0, 0
242000, 964720, 0, 0, 0
243000, 936962, 0, 0, 0
244000, 901424, 0, 0, 0
245015, 896122, 0, 0, 0
246007, 903068, 0, 0, 0
247000, 909271, 0, 0, 0
248000, 895800, 0, 0, 0
249000, 1007764, 0, 0, 0
250000, 1268567, 0, 0, 0
251000, 1226021, 0, 0, 0
252000, 1118030, 0, 0, 0
253004, 1163735, 0, 0, 0
254000, 1180474, 0, 0, 0
255003, 1149363, 0, 0, 0
256000, 1219289, 0, 0, 0
257000, 1204723, 0, 0, 0
258000, 1016206, 0, 0, 0
259003, 978687, 0, 0, 0
260000, 1088151, 0, 0, 0
261000, 1097575, 0, 0, 0
262000, 1080453, 0, 0, 0
263011, 1032226, 0, 0, 0
264007, 900719, 0, 0, 0
265015, 926421, 0, 0, 0
266007, 910592, 0, 0, 0
267000, 908946, 0, 0, 0
268000, 894738, 0, 0, 0
269015, 893379, 0, 0, 0
270000, 911673, 0, 0, 0
271011, 921323, 0, 0, 0
272007, 908464, 0, 0, 0
273000, 920448, 0, 0, 0
274000, 898425, 0, 0, 0
275000, 903634, 0, 0, 0
276007, 899083, 0, 0, 0
277000, 936475, 0, 0, 0
278000, 1117818, 0, 0, 0
279000, 1068832, 0, 0, 0
280007, 1038632, 0, 0, 0
281000, 1078623, 0, 0, 0
282000, 1046260, 0, 0, 0
283000, 1089300, 0, 0, 0
284000, 1117302, 0, 0, 0
285000, 1162728, 0, 0, 0
286004, 1042627, 0, 0, 0
287000, 1006961, 0, 0, 0
288000, 1087660, 0, 0, 0
289000, 1173811, 0, 0, 0
290000, 1119081, 0, 0, 0
291000, 1139277, 0, 0, 0
292002, 1111341, 0, 0, 0
293000, 1121295, 0, 0, 0
294000, 1147351, 0, 0, 0
295000, 1064247, 0, 0, 0
296000, 1021934, 0, 0, 0
297000, 1008378, 0, 0, 0
298003, 1201814, 0, 0, 0
299000, 1336894, 0, 0, 0
300000, 1346053, 0, 0, 0
301000, 1262596, 0, 0, 0
302000, 1358495, 0, 0, 0
303000, 1296852, 0, 0, 0
304000, 1293154, 0, 0, 0
305004, 1280196, 0, 0, 0
306000, 1049339, 0, 0, 0
307000, 911781, 0, 0, 0
308000, 893002, 0, 0, 0
309015, 892929, 0, 0, 0
310000, 906866, 0, 0, 0
311000, 900982, 0, 0, 0
312000, 894446, 0, 0, 0
313015, 921103, 0, 0, 0
314007, 904263, 0, 0, 0
315000, 908236, 0, 0, 0
316000, 892786, 0, 0, 0
317015, 893428, 0, 0, 0
318007, 900659, 0, 0, 0
319000, 940903, 0, 0, 0
320000, 892038, 0, 0, 0
321000, 916624, 0, 0, 0
322000, 896157, 0, 0, 0
323000, 899355, 0, 0, 0
324000, 891205, 0, 0, 0
325015, 954456, 0, 0, 0
326015, 988815, 0, 0, 0
327003, 950903, 0, 0, 0
328000, 1004673, 0, 0, 0
329000, 1038454, 0, 0, 0
330000, 1024377, 0, 0, 0
331004, 1183976, 0, 0, 0
332000, 1147509, 0, 0, 0
333000, 1097940, 0, 0, 0
334000, 1068491, 0, 0, 0
335001, 1104784, 0, 0, 0
336000, 1201693, 0, 0, 0
337000, 1156466, 0, 0, 0
338003, 1155420, 0, 0, 0
339000, 1177846, 0, 0, 0
340000, 1189925, 0, 0, 0
341000, 1125815, 0, 0, 0
342000, 1085348, 0, 0, 0
343000, 1129394, 0, 0, 0
344000, 1019614, 0, 0, 0
345002, 999998, 0, 0, 0
346000, 1129085, 0, 0, 0
347000, 1202653, 0, 0, 0
348000, 1209419, 0, 0, 0
349000, 1191136, 0, 0, 0
350000, 1306433, 0, 0, 0
351000, 1092791, 0, 0, 0
352000, 1068058, 0, 0, 0
353000, 983042, 0, 0, 0
354007, 910007, 0, 0, 0
355000, 913255, 0, 0, 0
356000, 898800, 0, 0, 0
357015, 892859, 0, 0, 0
358007, 898411, 0, 0, 0
359000, 904337, 0, 0, 0
360000, 1116546, 0, 0, 0
361000, 1216147, 0, 0, 0
362000, 1190877, 0, 0, 0
363000, 1304141, 0, 0, 0
364000, 1277233, 0, 0, 0
365000, 1175677, 0, 0, 0
366000, 1210060, 0, 0, 0
367004, 1221974, 0, 0, 0
368000, 1191916, 0, 0, 0
369000, 1174750, 0, 0, 0
370000, 1272566, 0, 0, 0
371002, 1248272, 0, 0, 0
372000, 1152014, 0, 0, 0
373000, 1124707, 0, 0, 0
374000, 1096464, 0, 0, 0
375000, 1062180, 0, 0, 0
376002, 1050158, 0, 0, 0
377000, 1039988, 0, 0, 0
378000, 989589, 0, 0, 0
379003, 971973, 0, 0, 0
380000, 1173615, 0, 0, 0
381000, 1368972, 0, 0, 0
382000, 1289110, 0, 0, 0
383000, 1300498, 0, 0, 0
384000, 1388381, 0, 0, 0
385000, 1324924, 0, 0, 0
386000, 1312909, 0, 0, 0
387000, 1251777, 0, 0, 0
388000, 1162114, 0, 0, 0
389000, 1224974, 0, 0, 0
390000, 1076412, 0, 0, 0
391000, 999354, 0, 0, 0
392000, 1011619, 0, 0, 0
393011, 893988, 0, 0, 0
394007, 902227, 0, 0, 0
395000, 917143, 0, 0, 0
396007, 904001, 0, 0, 0
397000, 946503, 0, 0, 0
398000, 897101, 0, 0, 0
399000, 893568, 0, 0, 0
400003, 894558, 0, 0, 0
401000, 917754, 0, 0, 0
402000, 893705, 0, 0, 0
403000, 935275, 0, 0, 0
404000, 899915, 0, 0, 0
405000, 903850, 0, 0, 0
406000, 901445, 0, 0, 0
407007, 890922, 0, 0, 0
408007, 906028, 0, 0, 0
409000, 1026265, 0, 0, 0
410000, 949264, 0, 0, 0
411015, 940835, 0, 0, 0
412007, 974179, 0, 0, 0
413011, 953234, 0, 0, 0
414000, 959196, 0, 0, 0
415000, 932746, 0, 0, 0
416000, 896810, 0, 0, 0
417015, 898302, 0, 0, 0
418007, 899625, 0, 0, 0
419000, 906032, 0, 0, 0
420015, 885679, 0, 0, 0
421007, 1024116, 0, 0, 0
422000, 1125978, 0, 0, 0
423000, 1102951, 0, 0, 0
424000, 1091556, 0, 0, 0
425015, 1003936, 0, 0, 0
426000, 1046348, 0, 0, 0
427000, 1007828, 0, 0, 0
428000, 1056237, 0, 0, 0
429000, 1072009, 0, 0, 0
430003, 1156479, 0, 0, 0
431001, 1101903, 0, 0, 0
432000, 1185260, 0, 0, 0
433000, 1196992, 0, 0, 0
434001, 1253352, 0, 0, 0
435001, 1152853, 0, 0, 0
436000, 1104299, 0, 0, 0
437000, 1065586, 0, 0, 0
438000, 1041585, 0, 0, 0
439000, 999944, 0, 0, 0
440000, 999719, 0, 0, 0
441000, 1038685, 0, 0, 0
442000, 1005310, 0, 0, 0
443000, 992842, 0, 0, 0
444006, 1150301, 0, 0, 0
445004, 1025334, 0, 0, 0
446000, 1030904, 0, 0, 0
447010, 973319, 0, 0, 0
448000, 1014446, 0, 0, 0
449000, 1145503, 0, 0, 0
450015, 1057089, 0, 0, 0
451000, 906311, 0, 0, 0
452007, 921438, 0, 0, 0
453000, 921691, 0, 0, 0
454000, 896230, 0, 0, 0
455000, 900874, 0, 0, 0
456000, 891642, 0, 0, 0
457015, 892698, 0, 0, 0
458000, 1021885, 0, 0, 0
459000, 1093948, 0, 0, 0
460000, 1155543, 0, 0, 0
461000, 1115416, 0, 0, 0
462000, 1058756, 0, 0, 0
463000, 1092741, 0, 0, 0
464000, 1174506, 0, 0, 0
465000, 1230631, 0, 0, 0
466000, 1187428, 0, 0, 0
467003, 1227341, 0, 0, 0
468000, 1194214, 0, 0, 0
469000, 1044572, 0, 0, 0
470000, 1038607, 0, 0, 0
471004, 1161202, 0, 0, 0
472000, 1069959, 0, 0, 0
473003, 1027133, 0, 0, 0
474003, 939546, 0, 0, 0
475000, 907036, 0, 0, 0
476007, 903071, 0, 0, 0
477000, 914593, 0, 0, 0
478000, 893681, 0, 0, 0
479000, 899599, 0, 0, 0
480001, 961737, 0, 0, 0
480001, 2380659, 0, 0, 0
