1004, 1150337, 0, 0, 0
2000, 1180960, 0, 0, 0
3000, 1146561, 0, 0, 0
4002, 931564, 0, 0, 0
5000, 895512, 0, 0, 0
6000, 878805, 0, 0, 0
7010, 882075, 0, 0, 0
8002, 882023, 0, 0, 0
9010, 880130, 0, 0, 0
10010, 942943, 0, 0, 0
11000, 961041, 0, 0, 0
12002, 969846, 0, 0, 0
13000, 946513, 0, 0, 0
14000, 946102, 0, 0, 0
15000, 958472, 0, 0, 0
16005, 1064000, 0, 0, 0
17000, 1085254, 0, 0, 0
18000, 1073753, 0, 0, 0
19005, 1199645, 0, 0, 0
20000, 1197123, 0, 0, 0
21000, 1169899, 0, 0, 0
22000, 1071471, 0, 0, 0
23010, 1066949, 0, 0, 0
24000, 1155827, 0, 0, 0
25000, 1185648, 0, 0, 0
26000, 1218503, 0, 0, 0
27007, 1198047, 0, 0, 0
28004, 1174917, 0, 0, 0
29000, 1168207, 0, 0, 0
30000, 1167976, 0, 0, 0
31010, 928769, 0, 0, 0
32002, 913183, 0, 0, 0
33000, 898365, 0, 0, 0
34000, 876073, 0, 0, 0
35000, 890827, 0, 0, 0
36000, 883374, 0, 0, 0
37000, 878121, 0, 0, 0
38003, 1108700, 0, 0, 0
39000, 1131468, 0, 0, 0
40000, 1155350, 0, 0, 0
41000, 1057877, 0, 0, 0
42000, 1173513, 0, 0, 0
43001, 1157842, 0, 0, 0
44000, 1146949, 0, 0, 0
45000, 931974, 0, 0, 0
46000, 879272, 0, 0, 0
47010, 883321, 0, 0, 0
48002, 885576, 0, 0, 0
49010, 875719, 0, 0, 0
50000, 898343, 0, 0, 0
51006, 904870, 0, 0, 0
52002, 886496, 0, 0, 0
53000, 894810, 0, 0, 0
54000, 876547, 0, 0, 0
55000, 886359, 0, 0, 0
56002, 877297, 0, 0, 0
57000, 945288, 0, 0, 0
58005, 985030, 0, 0, 0
59000, 1023067, 0, 0, 0
60000, 990383, 0, 0, 0
61000, 971159, 0, 0, 0
62000, 972245, 0, 0, 0
63002, 1034938, 0, 0, 0
64000, 1183229, 0, 0, 0
65000, 1175506, 0, 0, 0
66000, 1087350, 0, 0, 0
67000, 1044178, 0, 0, 0
68000, 1029964, 0, 0, 0
69000, 1164343, 0, 0, 0
70014, 1136895, 0, 0, 0
71006, 912176, 0, 0, 0
72002, 884429, 0, 0, 0
73010, 876565, 0, 0, 0
74002, 882908, 0, 0, 0
75000, 892195, 0, 0, 0
76000, 869092, 0, 0, 0
77000, 986801, 0, 0, 0
78000, 1191963, 0, 0, 0
79000, 1193214, 0, 0, 0
80001, 1092063, 0, 0, 0
81005, 1025550, 0, 0, 0
82000, 1011122, 0, 0, 0
83000, 983722, 0, 0, 0
84000, 1105822, 0, 0, 0
85000, 1183238, 0, 0, 0
86000, 1183607, 0, 0, 0
87004, 1016706, 0, 0, 0
88002, 991697, 0, 0, 0
89000, 1122821, 0, 0, 0
90000, 1102528, 0, 0, 0
91000, 1103095, 0, 0, 0
92000, 1151163, 0, 0, 0
93000, 1058146, 0, 0, 0
94000, 1011442, 0, 0, 0
95000, 999152, 0, 0, 0
96000, 1026685, 0, 0, 0
97000, 1003496, 0, 0, 0
98000, 993561, 0, 0, 0
99000, 1066934, 0, 0, 0
100000, 1012731, 0, 0, 0
101000, 1004766, 0, 0, 0
102000, 1112187, 0, 0, 0
103000, 1108802, 0, 0, 0
104000, 974516, 0, 0, 0
105000, 966926, 0, 0, 0
106000, 958896, 0, 0, 0
107000, 949745, 0, 0, 0
108001, 1128991, 0, 0, 0
109000, 1006778, 0, 0, 0
110014, 906429, 0, 0, 0
111010, 888558, 0, 0, 0
112002, 884333, 0, 0, 0
113000, 896769, 0, 0, 0
114000, 882138, 0, 0, 0
115000, 886319, 0, 0, 0
116000, 1154627, 0, 0, 0
117004, 1066486, 0, 0, 0
118000, 1137155, 0, 0, 0
119000, 1113964, 0, 0, 0
120004, 1100173, 0, 0, 0
121000, 980018, 0, 0, 0
122000, 876654, 0, 0, 0
123000, 915304, 0, 0, 0
124000, 876234, 0, 0, 0
125000, 896362, 0, 0, 0
126000, 877236, 0, 0, 0
127010, 882426, 0, 0, 0
128002, 882802, 0, 0, 0
129000, 1065609, 0, 0, 0
130000, 1065431, 0, 0, 0
131005, 1045611, 0, 0, 0
132001, 1085998, 0, 0, 0
133000, 1171094, 0, 0, 0
134000, 1114227, 0, 0, 0
135000, 1025829, 0, 0, 0
136000, 904101, 0, 0, 0
137010, 873268, 0, 0, 0
138002, 884240, 0, 0, 0
139000, 893715, 0, 0, 0
140014, 872197, 0, 0, 0
141000, 895375, 0, 0, 0
142014, 899841, 0, 0, 0
143010, 888226, 0, 0, 0
144002, 886056, 0, 0, 0
145000, 898315, 0, 0, 0
146000, 878934, 0, 0, 0
147010, 880367, 0, 0, 0
148000, 907362, 0, 0, 0
149000, 894245, 0, 0, 0
150000, 880643, 0, 0, 0
151010, 882511, 0, 0, 0
152002, 882126, 0, 0, 0
153010, 874851, 0, 0, 0
154001, 922720, 0, 0, 0
155000, 1030705, 0, 0, 0
156000, 1005973, 0, 0, 0
157000, 995232, 0, 0, 0
158000, 966046, 0, 0, 0
159000, 1045116, 0, 0, 0
160000, 1021665, 0, 0, 0
161002, 1008427, 0, 0, 0
162000, 1064381, 0, 0, 0
163000, 959289, 0, 0, 0
164000, 938309, 0, 0, 0
165000, 914124, 0, 0, 0
166000, 905859, 0, 0, 0
167010, 881405, 0, 0, 0
168002, 882600, 0, 0, 0
169000, 895634, 0, 0, 0
170014, 871593, 0, 0, 0
171010, 887749, 0, 0, 0
172002, 914971, 0, 0, 0
173010, 873854, 0, 0, 0
174000, 896393, 0, 0, 0
175000, 881383, 0, 0, 0
176002, 885131, 0, 0, 0
177018, 891528, 0, 0, 0
178003, 1304646, 0, 0, 0
179003, 1262600, 0, 0, 0
180006, 1192183, 0, 0, 0
181001, 1170652, 0, 0, 0
182006, 1110405, 0, 0, 0
183000, 1093195, 0, 0, 0
184003, 1054709, 0, 0, 0
185003, 1309760, 0, 0, 0
186001, 1262504, 0, 0, 0
187000, 1153860, 0, 0, 0
188000, 1193472, 0, 0, 0
189000, 1177510, 0, 0, 0
190005, 1126705, 0, 0, 0
191000, 1129232, 0, 0, 0
192000, 1188250, 0, 0, 0
193000, 1087456, 0, 0, 0
194000, 1026510, 0, 0, 0
195003, 1026394, 0, 0, 0
196000, 984813, 0, 0, 0
197000, 999062, 0, 0, 0
198000, 1078726, 0, 0, 0
199000, 997060, 0, 0, 0
200000, 1070590, 0, 0, 0
201000, 1055495, 0, 0, 0
202002, 1109541, 0, 0, 0
203000, 1104710, 0, 0, 0
204000, 1099969, 0, 0, 0
205000, 1143531, 0, 0, 0
206001, 1128460, 0, 0, 0
207000, 1141503, 0, 0, 0
208000, 1116943, 0, 0, 0
209001, 1070529, 0, 0, 0
210000, 1100139, 0, 0, 0
211000, 1200387, 0, 0, 0
212000, 1083469, 0, 0, 0
213002, 1027909, 0, 0, 0
214000, 1089836, 0, 0, 0
215001, 1168552, 0, 0, 0
216000, 1129806, 0, 0, 0
217001, 1139135, 0, 0, 0
218004, 1283941, 0, 0, 0
219000, 1198541, 0, 0, 0
220000, 1164420, 0, 0, 0
221000, 1211778, 0, 0, 0
222000, 1215391, 0, 0, 0
223000, 1251435, 0, 0, 0
224001, 1193915, 0, 0, 0
225001, 1228324, 0, 0, 0
226000, 1194854, 0, 0, 0
227000, 1176251, 0, 0, 0
228000, 1216014, 0, 0, 0
229000, 1140767, 0, 0, 0
230002, 1054021, 0, 0, 0
231000, 1133924, 0, 0, 0
232000, 1109122, 0, 0, 0
233000, 1102374, 0, 0, 0
234000, 1136966, 0, 0, 0
235002, 1038468, 0, 0, 0
236000, 1032949, 0, 0, 0
237000, 990136, 0, 0, 0
238000, 1033865, 0, 0, 0
239000, 1011232, 0, 0, 0
240000, 1044800, 0, 0, 0
241000, 1093149, 0, 0, 0
242002, 1087216, 0, 0, 0
243000, 1141034, 0, 0, 0
244000, 1096068, 0, 0, 0
245000, 1008463, 0, 0, 0
246000, 1017251, 0, 0, 0
247000, 1089342, 0, 0, 0
248002, 1027782, 0, 0, 0
249000, 1048927, 0, 0, 0
250002, 1176500, 0, 0, 0
251000, 1264025, 0, 0, 0
252000, 1158648, 0, 0, 0
253000, 1124226, 0, 0, 0
254000, 1195533, 0, 0, 0
255000, 1102120, 0, 0, 0
256000, 1085753, 0, 0, 0
257000, 1207507, 0, 0, 0
258000, 1156463, 0, 0, 0
259000, 1131360, 0, 0, 0
260000, 1097654, 0, 0, 0
261003, 1100425, 0, 0, 0
262000, 1058359, 0, 0, 0
263004, 1052211, 0, 0, 0
264000, 1110250, 0, 0, 0
265000, 1040693, 0, 0, 0
266000, 1006486, 0, 0, 0
267001, 1111243, 0, 0, 0
268000, 1089726, 0, 0, 0
269000, 1052946, 0, 0, 0
270000, 1071125, 0, 0, 0
271000, 1076635, 0, 0, 0
272000, 1013658, 0, 0, 0
273000, 1063767, 0, 0, 0
274000, 1028581, 0, 0, 0
275000, 990465, 0, 0, 0
276000, 982763, 0, 0, 0
277000, 1076161, 0, 0, 0
278001, 1176145, 0, 0, 0
279006, 1136483, 0, 0, 0
280000, 1209429, 0, 0, 0
281000, 1174708, 0, 0, 0
282000, 1244242, 0, 0, 0
283005, 1232383, 0, 0, 0
284002, 1267467, 0, 0, 0
285000, 1219525, 0, 0, 0
286000, 1247751, 0, 0, 0
287004, 1181038, 0, 0, 0
288000, 1131566, 0, 0, 0
289000, 1074430, 0, 0, 0
290000, 1150088, 0, 0, 0
291000, 1131136, 0, 0, 0
292000, 1036268, 0, 0, 0
293000, 1066872, 0, 0, 0
294000, 1054747, 0, 0, 0
295002, 1000844, 0, 0, 0
296000, 997814, 0, 0, 0
297000, 1036277, 0, 0, 0
298000, 1036625, 0, 0, 0
299000, 1030274, 0, 0, 0
300002, 1033357, 0, 0, 0
301000, 993571, 0, 0, 0
302000, 996266, 0, 0, 0
303000, 1038394, 0, 0, 0
304000, 996690, 0, 0, 0
305000, 1036248, 0, 0, 0
306000, 1079424, 0, 0, 0
307000, 1059902, 0, 0, 0
308000, 1042387, 0, 0, 0
309000, 1041510, 0, 0, 0
310000, 1119642, 0, 0, 0
311000, 1069010, 0, 0, 0
312000, 1055447, 0, 0, 0
313000, 1134516, 0, 0, 0
314000, 1122161, 0, 0, 0
315000, 1092889, 0, 0, 0
316001, 1129181, 0, 0, 0
317000, 1116695, 0, 0, 0
318000, 1049523, 0, 0, 0
319000, 1071043, 0, 0, 0
320001, 1081812, 0, 0, 0
321000, 1115805, 0, 0, 0
322000, 1104024, 0, 0, 0
323000, 1113799, 0, 0, 0
324000, 1079321, 0, 0, 0
325000, 1062820, 0, 0, 0
326000, 1110334, 0, 0, 0
327000, 1041424, 0, 0, 0
328000, 990845, 0, 0, 0
329000, 1044858, 0, 0, 0
330000, 1112993, 0, 0, 0
331000, 1142587, 0, 0, 0
332000, 1158812, 0, 0, 0
333000, 1080715, 0, 0, 0
334000, 1097662, 0, 0, 0
335005, 1123072, 0, 0, 0
336000, 1196543, 0, 0, 0
337000, 1151188, 0, 0, 0
338000, 1129259, 0, 0, 0
339000, 1216414, 0, 0, 0
340000, 1107500, 0, 0, 0
341000, 1072520, 0, 0, 0
342000, 1109931, 0, 0, 0
343001, 1065390, 0, 0, 0
344000, 1043667, 0, 0, 0
345000, 1050630, 0, 0, 0
346000, 1032682, 0, 0, 0
347000, 1081105, 0, 0, 0
348000, 1110716, 0, 0, 0
349000, 1113305, 0, 0, 0
350000, 1024083, 0, 0, 0
351000, 1006240, 0, 0, 0
352000, 1071245, 0, 0, 0
353000, 1127457, 0, 0, 0
354000, 1094280, 0, 0, 0
355000, 1073570, 0, 0, 0
356000, 1046770, 0, 0, 0
357000, 1004021, 0, 0, 0
358000, 1050946, 0, 0, 0
359000, 1057907, 0, 0, 0
360000, 1083710, 0, 0, 0
361001, 1144673, 0, 0, 0
362000, 1104163, 0, 0, 0
363000, 1066028, 0, 0, 0
364000, 1066869, 0, 0, 0
365000, 1070289, 0, 0, 0
366000, 1027872, 0, 0, 0
367004, 1016260, 0, 0, 0
368000, 1035317, 0, 0, 0
369000, 979402, 0, 0, 0
370000, 1037937, 0, 0, 0
371004, 1096686, 0, 0, 0
372000, 1007249, 0, 0, 0
373000, 993529, 0, 0, 0
374000, 990663, 0, 0, 0
375000, 1016187, 0, 0, 0
376002, 1021657, 0, 0, 0
377000, 968485, 0, 0, 0
378000, 1043875, 0, 0, 0
379003, 984729, 0, 0, 0
380000, 986307, 0, 0, 0
381001, 1042118, 0, 0, 0
382002, 1012453, 0, 0, 0
383000, 1000207, 0, 0, 0
384000, 1030872, 0, 0, 0
385001, 1029797, 0, 0, 0
386003, 1040932, 0, 0, 0
387000, 1017003, 0, 0, 0
388000, 1072412, 0, 0, 0
389000, 1028813, 0, 0, 0
390000, 1015782, 0, 0, 0
391001, 1079334, 0, 0, 0
392000, 1028535, 0, 0, 0
393000, 983265, 0, 0, 0
394000, 1027986, 0, 0, 0
395000, 1018605, 0, 0, 0
396000, 1075748, 0, 0, 0
397000, 1116831, 0, 0, 0
398002, 1079493, 0, 0, 0
399000, 1055019, 0, 0, 0
400000, 1048094, 0, 0, 0
401000, 1095528, 0, 0, 0
402000, 1064344, 0, 0, 0
403000, 953254, 0, 0, 0
404000, 1012502, 0, 0, 0
405000, 1018785, 0, 0, 0
406001, 988102, 0, 0, 0
407000, 1054214, 0, 0, 0
408001, 1011334, 0, 0, 0
409001, 963277, 0, 0, 0
410001, 1010221, 0, 0, 0
411000, 1044174, 0, 0, 0
412000, 1036443, 0, 0, 0
413000, 996045, 0, 0, 0
414000, 1051954, 0, 0, 0
415000, 1001782, 0, 0, 0
416000, 960727, 0, 0, 0
417003, 989542, 0, 0, 0
418000, 992953, 0, 0, 0
419000, 1024820, 0, 0, 0
420000, 1086272, 0, 0, 0
421004, 1039183, 0, 0, 0
422004, 1043965, 0, 0, 0
423000, 1118896, 0, 0, 0
424002, 1043309, 0, 0, 0
425000, 965944, 0, 0, 0
426000, 978554, 0, 0, 0
427000, 1034217, 0, 0, 0
428000, 1001260, 0, 0, 0
429001, 1018266, 0, 0, 0
430000, 1098741, 0, 0, 0
431000, 1122913, 0, 0, 0
432000, 1081496, 0, 0, 0
433000, 1183126, 0, 0, 0
434003, 1161671, 0, 0, 0
435000, 1087894, 0, 0, 0
436000, 1077882, 0, 0, 0
437002, 1009181, 0, 0, 0
438003, 991282, 0, 0, 0
439000, 956740, 0, 0, 0
440000, 1006378, 0, 0, 0
441000, 980109, 0, 0, 0
442000, 966165, 0, 0, 0
443002, 1027038, 0, 0, 0
444002, 1010996, 0, 0, 0
445000, 965155, 0, 0, 0
446004, 1114945, 0, 0, 0
447000, 1191863, 0, 0, 0
448000, 1130732, 0, 0, 0
449000, 1197425, 0, 0, 0
450004, 1171534, 0, 0, 0
451000, 1127521, 0, 0, 0
452001, 1103214, 0, 0, 0
453000, 1154898, 0, 0, 0
454000, 1179068, 0, 0, 0
455000, 1143528, 0, 0, 0
456000, 1131495, 0, 0, 0
457002, 1059696, 0, 0, 0
458001, 1017412, 0, 0, 0
459000, 1053242, 0, 0, 0
460000, 1055458, 0, 0, 0
461004, 1074080, 0, 0, 0
462000, 1107002, 0, 0, 0
463000, 1048342, 0, 0, 0
464000, 1030410, 0, 0, 0
465000, 1027171, 0, 0, 0
466002, 1082020, 0, 0, 0
467000, 1034637, 0, 0, 0
468000, 1019824, 0, 0, 0
469000, 1129745, 0, 0, 0
470000, 1047472, 0, 0, 0
471001, 974823, 0, 0, 0
472000, 1013411, 0, 0, 0
473000, 979692, 0, 0, 0
474000, 988683, 0, 0, 0
475000, 1017994, 0, 0, 0
476000, 992041, 0, 0, 0
477000, 1004517, 0, 0, 0
478000, 1040087, 0, 0, 0
479000, 1112059, 0, 0, 0
480000, 1068395, 0, 0, 0
480001, 2293219, 0, 0, 0
