1011, 1760583, 1, 0, 0
2000, 1781253, 1, 0, 0
3000, 1772261, 1, 0, 0
4000, 1791349, 1, 0, 0
5000, 1761210, 1, 0, 0
6000, 1779604, 1, 0, 0
7000, 1815758, 1, 0, 0
8000, 1819271, 1, 0, 0
9000, 1767933, 1, 0, 0
10003, 1759370, 1, 0, 0
11000, 1776157, 1, 0, 0
12000, 1773194, 1, 0, 0
13003, 1761700, 1, 0, 0
14000, 1768447, 1, 0, 0
15000, 1788310, 1, 0, 0
16000, 1765928, 1, 0, 0
17000, 1769671, 1, 0, 0
18003, 1821034, 1, 0, 0
19000, 1781872, 1, 0, 0
20000, 1785768, 1, 0, 0
21000, 1757903, 1, 0, 0
22000, 1814106, 1, 0, 0
23007, 1778692, 1, 0, 0
24000, 1770741, 1, 0, 0
25000, 1781193, 1, 0, 0
26000, 1762989, 1, 0, 0
27000, 1765680, 1, 0, 0
28000, 1773960, 1, 0, 0
29000, 1838216, 1, 0, 0
30000, 1762931, 1, 0, 0
31011, 1770798, 1, 0, 0
32011, 1775665, 1, 0, 0
33000, 1781198, 1, 0, 0
34000, 1824107, 1, 0, 0
35000, 1778341, 1, 0, 0
36000, 1779320, 1, 0, 0
37000, 1786134, 1, 0, 0
38000, 1781084, 1, 0, 0
39000, 1782041, 1, 0, 0
40000, 1800762, 1, 0, 0
41000, 1768520, 1, 0, 0
42000, 1777777, 1, 0, 0
43000, 1775848, 1, 0, 0
44000, 1782123, 1, 0, 0
45000, 1746802, 1, 0, 0
46000, 1835246, 1, 0, 0
47011, 1747546, 1, 0, 0
48000, 1762182, 1, 0, 0
49000, 1771385, 1, 0, 0
50000, 1778289, 1, 0, 0
51000, 1829952, 1, 0, 0
52007, 1767591, 1, 0, 0
53000, 1776954, 1, 0, 0
54000, 1786465, 1, 0, 0
55000, 1790674, 1, 0, 0
56000, 1764943, 1, 0, 0
57000, 1837155, 1, 0, 0
58000, 1782931, 1, 0, 0
59000, 1775648, 1, 0, 0
60007, 1788891, 1, 0, 0
61000, 1777364, 1, 0, 0
62000, 1827031, 1, 0, 0
63000, 1754741, 1, 0, 0
64000, 1833648, 1, 0, 0
65000, 1778954, 1, 0, 0
66000, 1779660, 1, 0, 0
67000, 1772048, 1, 0, 0
68000, 1791273, 1, 0, 0
69000, 1752454, 1, 0, 0
70000, 1788901, 1, 0, 0
71011, 1769476, 1, 0, 0
72000, 1767915, 1, 0, 0
73000, 1833613, 1, 0, 0
74007, 1812314, 1, 0, 0
75000, 1771689, 1, 0, 0
76000, 1791372, 1, 0, 0
77000, 1772669, 1, 0, 0
78013, 1761941, 1, 0, 0
79000, 1832176, 1, 0, 0
80000, 1769324, 1, 0, 0
81000, 1756235, 1, 0, 0
82011, 1773073, 1, 0, 0
83000, 1786801, 1, 0, 0
84000, 1897583, 1, 0, 0
85000, 1788082, 1, 0, 0
86000, 1771072, 1, 0, 0
87000, 1755276, 1, 0, 0
88000, 1765145, 1, 0, 0
89000, 1839049, 1, 0, 0
90000, 1781398, 1, 0, 0
91000, 1754492, 1, 0, 0
92000, 1790063, 1, 0, 0
93000, 1812194, 1, 0, 0
94000, 1785053, 1, 0, 0
95000, 1780824, 1, 0, 0
96000, 1842082, 1, 0, 0
97000, 1779657, 1, 0, 0
98000, 1834810, 1, 0, 0
99000, 1778190, 1, 0, 0
100000, 1801095, 1, 0, 0
101000, 1768902, 1, 0, 0
102000, 1776808, 1, 0, 0
103000, 1794146, 1, 0, 0
104000, 1856444, 1, 0, 0
105000, 1850916, 1, 0, 0
106000, 1859430, 1, 0, 0
107000, 1926620, 1, 0, 0
108000, 1778289, 1, 0, 0
109000, 1772765, 1, 0, 0
110000, 1772967, 1, 0, 0
111000, 1759060, 1, 0, 0
112000, 1783036, 1, 0, 0
113000, 1767017, 1, 0, 0
114000, 1792879, 1, 0, 0
115000, 1767884, 1, 0, 0
116000, 1771336, 1, 0, 0
117000, 1817301, 1, 0, 0
118000, 1837052, 1, 0, 0
119000, 1762396, 1, 0, 0
120000, 1790297, 1, 0, 0
121000, 1785948, 1, 0, 0
122000, 1780655, 1, 0, 0
123000, 1784386, 1, 0, 0
124011, 1809369, 1, 0, 0
125000, 1784695, 1, 0, 0
126000, 1768621, 1, 0, 0
127000, 1793621, 1, 0, 0
128000, 1763256, 1, 0, 0
129000, 1815792, 1, 0, 0
130000, 1767201, 1, 0, 0
131000, 1759686, 1, 0, 0
132000, 1765485, 1, 0, 0
133000, 1765836, 1, 0, 0
134000, 1763324, 1, 0, 0
135000, 1774802, 1, 0, 0
136000, 1767525, 1, 0, 0
137007, 1771034, 1, 0, 0
138000, 1779976, 1, 0, 0
139000, 1776667, 1, 0, 0
140000, 1816223, 1, 0, 0
141000, 1773221, 1, 0, 0
142000, 1764171, 1, 0, 0
143000, 1778582, 1, 0, 0
144000, 1777077, 1, 0, 0
145000, 1777509, 1, 0, 0
146000, 1771795, 1, 0, 0
147000, 1762018, 1, 0, 0
148000, 1748432, 1, 0, 0
149000, 1773427, 1, 0, 0
150000, 1760412, 1, 0, 0
151000, 1829081, 1, 0, 0
152000, 1773529, 1, 0, 0
153000, 1808087, 1, 0, 0
154000, 1775207, 1, 0, 0
155000, 1771813, 1, 0, 0
156000, 1751960, 1, 0, 0
157000, 1771994, 1, 0, 0
158000, 1768059, 1, 0, 0
159003, 1768754, 1, 0, 0
160000, 1784081, 1, 0, 0
161000, 1783690, 1, 0, 0
162000, 1823674, 1, 0, 0
163000, 1811003, 1, 0, 0
164003, 1772750, 1, 0, 0
165000, 1777125, 1, 0, 0
166000, 1769063, 1, 0, 0
167000, 1779792, 1, 0, 0
168000, 1762303, 1, 0, 0
169011, 1818232, 1, 0, 0
170000, 1768489, 1, 0, 0
171000, 1764351, 1, 0, 0
172000, 1774265, 1, 0, 0
173000, 1814245, 1, 0, 0
174000, 1788670, 1, 0, 0
175000, 1752098, 1, 0, 0
176000, 1828474, 1, 0, 0
177000, 1797227, 1, 0, 0
178000, 1777515, 1, 0, 0
179000, 1774061, 1, 0, 0
180000, 1773032, 1, 0, 0
181000, 1766205, 1, 0, 0
182000, 1782658, 1, 0, 0
183000, 1820321, 1, 0, 0
184011, 1831118, 1, 0, 0
185000, 1779119, 1, 0, 0
186011, 1759652, 1, 0, 0
187000, 1778744, 1, 0, 0
188000, 1850630, 1, 0, 0
189000, 1790207, 1, 0, 0
190000, 1778643, 1, 0, 0
191000, 1761130, 1, 0, 0
192000, 1772305, 1, 0, 0
193000, 1831268, 1, 0, 0
194000, 1794262, 1, 0, 0
195000, 1820025, 1, 0, 0
196000, 1781435, 1, 0, 0
197000, 1822818, 1, 0, 0
198000, 1796894, 1, 0, 0
199000, 1763650, 1, 0, 0
200000, 1774303, 1, 0, 0
201000, 1782143, 1, 0, 0
202000, 1834320, 1, 0, 0
203000, 1786442, 1, 0, 0
204000, 1786306, 1, 0, 0
205000, 1850193, 1, 0, 0
206001, 2032568, 1, 0, 0
207000, 1829801, 1, 0, 0
208000, 1837738, 1, 0, 0
209000, 1909540, 1, 0, 0
210000, 1874455, 1, 0, 0
211000, 1853877, 1, 0, 0
212000, 1882477, 1, 0, 0
213007, 1775273, 1, 0, 0
214000, 1807534, 1, 0, 0
215000, 1781292, 1, 0, 0
216000, 1847725, 1, 0, 0
217000, 1781751, 1, 0, 0
218000, 1840204, 1, 0, 0
219011, 1749588, 1, 0, 0
220000, 1789302, 1, 0, 0
221000, 1817297, 1, 0, 0
222011, 1765309, 1, 0, 0
223000, 1781243, 1, 0, 0
224000, 1763505, 1, 0, 0
225000, 1778232, 1, 0, 0
226000, 1757720, 1, 0, 0
227000, 1811644, 1, 0, 0
228000, 1792977, 1, 0, 0
229000, 1856264, 1, 0, 0
230000, 1790941, 1, 0, 0
231000, 1780325, 1, 0, 0
232000, 1807757, 1, 0, 0
233000, 1799540, 1, 0, 0
234000, 1762610, 1, 0, 0
235000, 1788815, 1, 0, 0
236000, 1766790, 1, 0, 0
237000, 1785140, 1, 0, 0
238000, 1757945, 1, 0, 0
239007, 1776692, 1, 0, 0
240000, 1837077, 1, 0, 0
241000, 1763131, 1, 0, 0
242003, 1747521, 1, 0, 0
243000, 1762877, 1, 0, 0
244000, 1772075, 1, 0, 0
245000, 1757342, 1, 0, 0
246000, 1778722, 1, 0, 0
247011, 1761204, 1, 0, 0
248007, 1767895, 1, 0, 0
249000, 1779069, 1, 0, 0
250000, 1765481, 1, 0, 0
251000, 1877137, 1, 0, 0
252000, 1788209, 1, 0, 0
253000, 1765749, 1, 0, 0
254000, 1782369, 1, 0, 0
255000, 1767486, 1, 0, 0
256000, 1786147, 1, 0, 0
257000, 1809774, 1, 0, 0
258000, 1784924, 1, 0, 0
259000, 1758750, 1, 0, 0
260000, 1760671, 1, 0, 0
261000, 1771075, 1, 0, 0
262000, 1881580, 1, 0, 0
263000, 1807968, 1, 0, 0
264000, 1814598, 1, 0, 0
265000, 1779201, 1, 0, 0
266000, 1915216, 1, 0, 0
267000, 1874624, 1, 0, 0
268000, 1847141, 1, 0, 0
269000, 1911895, 1, 0, 0
270000, 1867697, 1, 0, 0
271000, 1802040, 1, 0, 0
272000, 1780494, 1, 0, 0
273000, 1817743, 1, 0, 0
274007, 1751650, 1, 0, 0
275000, 1772140, 1, 0, 0
276000, 1792034, 1, 0, 0
277011, 1756553, 1, 0, 0
278000, 1774212, 1, 0, 0
279000, 1772361, 1, 0, 0
280000, 1774711, 1, 0, 0
281000, 1773962, 1, 0, 0
282000, 1776273, 1, 0, 0
283000, 1765489, 1, 0, 0
284000, 1819663, 1, 0, 0
285000, 1798303, 1, 0, 0
286000, 1750269, 1, 0, 0
287000, 1795662, 1, 0, 0
288000, 1752899, 1, 0, 0
289000, 1774759, 1, 0, 0
290000, 1843188, 1, 0, 0
291000, 1765177, 1, 0, 0
292000, 1773938, 1, 0, 0
293000, 1778798, 1, 0, 0
294000, 1767439, 1, 0, 0
295000, 1822259, 1, 0, 0
296003, 1756293, 1, 0, 0
297000, 1775329, 1, 0, 0
298000, 1849936, 1, 0, 0
299011, 1752710, 1, 0, 0
300000, 1794700, 1, 0, 0
301003, 1747692, 1, 0, 0
302000, 1757179, 1, 0, 0
303000, 1775456, 1, 0, 0
304000, 1775546, 1, 0, 0
305000, 1764273, 1, 0, 0
306000, 1832647, 1, 0, 0
307004, 1763857, 1, 0, 0
308000, 1772529, 1, 0, 0
309000, 1788915, 1, 0, 0
310000, 1766080, 1, 0, 0
311000, 1783851, 1, 0, 0
312008, 1754475, 1, 0, 0
313000, 1772775, 1, 0, 0
314000, 1783848, 1, 0, 0
315000, 1755467, 1, 0, 0
316000, 1765422, 1, 0, 0
317000, 1828744, 1, 0, 0
318000, 1787238, 1, 0, 0
319012, 1806715, 1, 0, 0
320000, 1788002, 1, 0, 0
321000, 1760415, 1, 0, 0
322000, 1775599, 1, 0, 0
323000, 1779709, 1, 0, 0
324000, 1758666, 1, 0, 0
325000, 1771565, 1, 0, 0
326000, 1766149, 1, 0, 0
327000, 1773865, 1, 0, 0
328000, 1821730, 1, 0, 0
329000, 1772009, 1, 0, 0
330000, 1771456, 1, 0, 0
331000, 1835254, 1, 0, 0
332000, 1779514, 1, 0, 0
333000, 1767517, 1, 0, 0
334000, 1779205, 1, 0, 0
335000, 1774283, 1, 0, 0
336000, 1805543, 1, 0, 0
337000, 1771987, 1, 0, 0
338000, 1784755, 1, 0, 0
339000, 1780406, 1, 0, 0
340000, 1896779, 1, 0, 0
341000, 1755642, 1, 0, 0
342000, 1762896, 1, 0, 0
343000, 1785196, 1, 0, 0
344000, 1770907, 1, 0, 0
345000, 1754214, 1, 0, 0
346000, 1820299, 1, 0, 0
347000, 1793293, 1, 0, 0
348000, 1757616, 1, 0, 0
349000, 1774769, 1, 0, 0
350000, 1766526, 1, 0, 0
351000, 1817470, 1, 0, 0
352000, 1774529, 1, 0, 0
353000, 1827960, 1, 0, 0
354004, 1761951, 1, 0, 0
355008, 1778850, 1, 0, 0
356000, 1792142, 1, 0, 0
357000, 1757938, 1, 0, 0
358008, 1773661, 1, 0, 0
359000, 1826530, 1, 0, 0
360000, 1778313, 1, 0, 0
361000, 1772922, 1, 0, 0
362000, 1834683, 1, 0, 0
363000, 1767073, 1, 0, 0
364000, 1772196, 1, 0, 0
365000, 1889943, 1, 0, 0
366000, 1847389, 1, 0, 0
367000, 1828284, 1, 0, 0
368000, 1915060, 1, 0, 0
369000, 1832801, 1, 0, 0
370000, 1835712, 1, 0, 0
371000, 1822227, 1, 0, 0
372000, 1773004, 1, 0, 0
373000, 1854005, 1, 0, 0
374000, 1772413, 1, 0, 0
375000, 1835122, 1, 0, 0
376000, 1819525, 1, 0, 0
377000, 1789684, 1, 0, 0
378000, 1768999, 1, 0, 0
379000, 1873443, 1, 0, 0
380000, 1777559, 1, 0, 0
381000, 1811170, 1, 0, 0
382000, 1826305, 1, 0, 0
383012, 1775360, 1, 0, 0
384000, 1865013, 1, 0, 0
385000, 1802972, 1, 0, 0
386000, 1785506, 1, 0, 0
387000, 1835371, 1, 0, 0
388000, 1759938, 1, 0, 0
389000, 1783238, 1, 0, 0
390000, 1761563, 1, 0, 0
391004, 1765774, 1, 0, 0
392000, 1830277, 1, 0, 0
393012, 1769435, 1, 0, 0
394000, 1771819, 1, 0, 0
395000, 1818580, 1, 0, 0
396000, 1762799, 1, 0, 0
397008, 1828135, 1, 0, 0
398000, 1776545, 1, 0, 0
399000, 1779275, 1, 0, 0
400000, 1760613, 1, 0, 0
401000, 1820444, 1, 0, 0
402000, 1898283, 1, 0, 0
403000, 1841004, 1, 0, 0
404000, 1790060, 1, 0, 0
405000, 1767809, 1, 0, 0
406000, 1809066, 1, 0, 0
407000, 1779556, 1, 0, 0
408000, 1757981, 1, 0, 0
409000, 1789085, 1, 0, 0
410008, 1748664, 1, 0, 0
411000, 1793779, 1, 0, 0
412000, 1756948, 1, 0, 0
413000, 1795388, 1, 0, 0
414000, 1749644, 1, 0, 0
415000, 1778082, 1, 0, 0
416000, 1779885, 1, 0, 0
417000, 1816165, 1, 0, 0
418008, 1769165, 1, 0, 0
419000, 1770025, 1, 0, 0
420000, 1843146, 1, 0, 0
421000, 1759493, 1, 0, 0
422000, 1793008, 1, 0, 0
423000, 1760035, 1, 0, 0
424000, 1782149, 1, 0, 0
425000, 1774534, 1, 0, 0
426000, 1830163, 1, 0, 0
427000, 1788207, 1, 0, 0
428000, 1815926, 1, 0, 0
429000, 1846181, 1, 0, 0
430000, 1820298, 1, 0, 0
431000, 1769789, 1, 0, 0
432008, 1769019, 1, 0, 0
433000, 1767220, 1, 0, 0
434000, 1838498, 1, 0, 0
435000, 1760505, 1, 0, 0
436000, 1774157, 1, 0, 0
437000, 1774587, 1, 0, 0
438000, 1797038, 1, 0, 0
439001, 1832704, 1, 0, 0
440000, 2023849, 1, 0, 0
441000, 1818103, 1, 0, 0
442012, 1840865, 1, 0, 0
443000, 1785167, 1, 0, 0
444000, 1761340, 1, 0, 0
445000, 1780357, 1, 0, 0
446000, 1764778, 1, 0, 0
447000, 1772105, 1, 0, 0
448000, 1769911, 1, 0, 0
449000, 1765148, 1, 0, 0
450000, 1754407, 1, 0, 0
451004, 1801791, 1, 0, 0
452004, 1768950, 1, 0, 0
453000, 1770257, 1, 0, 0
454000, 1780033, 1, 0, 0
455000, 1775306, 1, 0, 0
456000, 1756502, 1, 0, 0
457000, 1739904, 1, 0, 0
458000, 1772348, 1, 0, 0
459000, 1762293, 1, 0, 0
460000, 1771305, 1, 0, 0
461000, 1783214, 1, 0, 0
462002, 1910768, 1, 0, 0
463000, 1853648, 1, 0, 0
464000, 1845555, 1, 0, 0
465000, 1772859, 1, 0, 0
466000, 1797417, 1, 0, 0
467012, 1804801, 1, 0, 0
468000, 1775134, 1, 0, 0
469004, 1758825, 1, 0, 0
470004, 1771532, 1, 0, 0
471000, 1778671, 1, 0, 0
472000, 1777941, 1, 0, 0
473000, 1815596, 1, 0, 0
474000, 1797267, 1, 0, 0
475000, 1815333, 1, 0, 0
476000, 1778114, 1, 0, 0
477000, 1804542, 1, 0, 0
478000, 1766094, 1, 0, 0
479004, 1755640, 1, 0, 0
480000, 1782722, 1, 0, 0
480001, 2349344, 1, 0, 0
