1000, 921589, 0, 0, 0
2000, 984439, 0, 0, 0
3000, 988753, 0, 0, 0
4000, 901866, 0, 0, 0
5000, 933805, 0, 0, 0
6000, 903818, 0, 0, 0
7000, 879514, 0, 0, 0
8000, 941959, 0, 0, 0
9000, 979539, 0, 0, 0
10000, 961829, 0, 0, 0
11000, 874980, 0, 0, 0
12000, 917430, 0, 0, 0
13000, 882431, 0, 0, 0
14000, 863275, 0, 0, 0
15000, 864956, 0, 0, 0
16000, 967096, 0, 0, 0
17000, 965766, 0, 0, 0
18000, 972080, 0, 0, 0
19000, 988125, 0, 0, 0
20000, 931423, 0, 0, 0
21000, 947394, 0, 0, 0
22000, 985358, 0, 0, 0
23000, 957363, 0, 0, 0
24000, 957874, 0, 0, 0
25000, 914108, 0, 0, 0
26000, 663632, 0, 0, 0
27000, 602655, 0, 0, 0
28000, 599281, 0, 0, 0
29000, 758489, 0, 0, 0
30000, 902774, 0, 0, 0
31000, 890474, 0, 0, 0
32000, 898635, 0, 0, 0
33000, 919686, 0, 0, 0
34000, 884317, 0, 0, 0
35000, 865936, 0, 0, 0
36000, 935525, 0, 0, 0
37000, 945341, 0, 0, 0
38000, 948053, 0, 0, 0
39000, 1031585, 0, 0, 0
40000, 925325, 0, 0, 0
41000, 927935, 0, 0, 0
42000, 898385, 0, 0, 0
43000, 915822, 0, 0, 0
44000, 877668, 0, 0, 0
45000, 757564, 0, 0, 0
46000, 652049, 0, 0, 0
47000, 642590, 0, 0, 0
48000, 638147, 0, 0, 0
49000, 807876, 0, 0, 0
50000, 807797, 0, 0, 0
51000, 579245, 0, 0, 0
52000, 775081, 0, 0, 0
53000, 743055, 0, 0, 0
54000, 736464, 0, 0, 0
55000, 634543, 0, 0, 0
56000, 505586, 0, 0, 0
57000, 510609, 0, 0, 0
58000, 501692, 0, 0, 0
59000, 490804, 0, 0, 0
60000, 493609, 0, 0, 0
61000, 599715, 0, 0, 0
62000, 577895, 0, 0, 0
63000, 576014, 0, 0, 0
64000, 625801, 0, 0, 0
65000, 562929, 0, 0, 0
66000, 559134, 0, 0, 0
67000, 555492, 0, 0, 0
68000, 550630, 0, 0, 0
69000, 543730, 0, 0, 0
70000, 538523, 0, 0, 0
71000, 518287, 0, 0, 0
72000, 788320, 0, 0, 0
73000, 649431, 0, 0, 0
74000, 625583, 0, 0, 0
75000, 619437, 0, 0, 0
76000, 603846, 0, 0, 0
77000, 706074, 0, 0, 0
78000, 921134, 0, 0, 0
79000, 919758, 0, 0, 0
80000, 890625, 0, 0, 0
81000, 936242, 0, 0, 0
82000, 653916, 0, 0, 0
83000, 639933, 0, 0, 0
84000, 634413, 0, 0, 0
85000, 630826, 0, 0, 0
86000, 663533, 0, 0, 0
87000, 855900, 0, 0, 0
88000, 886283, 0, 0, 0
89000, 664091, 0, 0, 0
90000, 630406, 0, 0, 0
91000, 613473, 0, 0, 0
92000, 512633, 0, 0, 0
93000, 513430, 0, 0, 0
94000, 507546, 0, 0, 0
95000, 493935, 0, 0, 0
96000, 495870, 0, 0, 0
97000, 700854, 0, 0, 0
98000, 934461, 0, 0, 0
99000, 568987, 0, 0, 0
100000, 569220, 0, 0, 0
101000, 563424, 0, 0, 0
102000, 560649, 0, 0, 0
103000, 562451, 0, 0, 0
104000, 646407, 0, 0, 0
105000, 572023, 0, 0, 0
106000, 619915, 0, 0, 0
107000, 716833, 0, 0, 0
108000, 626264, 0, 0, 0
109000, 638687, 0, 0, 0
110000, 788518, 0, 0, 0
111000, 904407, 0, 0, 0
112000, 855979, 0, 0, 0
113000, 978509, 0, 0, 0
114000, 958359, 0, 0, 0
115000, 879331, 0, 0, 0
116000, 896997, 0, 0, 0
117000, 952630, 0, 0, 0
118000, 928776, 0, 0, 0
119000, 917549, 0, 0, 0
120000, 930438, 0, 0, 0
121000, 941689, 0, 0, 0
122000, 926535, 0, 0, 0
123000, 896703, 0, 0, 0
124000, 990941, 0, 0, 0
125000, 1023754, 0, 0, 0
126000, 1169050, 0, 0, 0
127000, 578341, 0, 0, 0
128000, 548842, 0, 0, 0
129000, 534632, 0, 0, 0
130000, 551177, 0, 0, 0
131000, 735323, 0, 0, 0
132000, 925308, 0, 0, 0
133000, 806750, 0, 0, 0
134000, 775520, 0, 0, 0
135000, 585733, 0, 0, 0
136000, 701127, 0, 0, 0
137000, 589660, 0, 0, 0
138000, 594251, 0, 0, 0
139000, 582626, 0, 0, 0
140000, 579355, 0, 0, 0
141000, 809971, 0, 0, 0
142000, 920506, 0, 0, 0
143000, 897105, 0, 0, 0
144000, 864794, 0, 0, 0
145000, 790826, 0, 0, 0
146000, 605023, 0, 0, 0
147000, 709746, 0, 0, 0
148000, 653027, 0, 0, 0
149000, 615134, 0, 0, 0
150000, 644030, 0, 0, 0
151000, 619084, 0, 0, 0
152000, 618119, 0, 0, 0
153000, 795181, 0, 0, 0
154000, 640863, 0, 0, 0
155000, 625635, 0, 0, 0
156000, 610336, 0, 0, 0
157000, 607250, 0, 0, 0
158000, 670075, 0, 0, 0
159000, 511027, 0, 0, 0
160000, 508197, 0, 0, 0
161000, 512296, 0, 0, 0
162000, 512807, 0, 0, 0
163000, 508112, 0, 0, 0
164000, 505015, 0, 0, 0
165000, 501656, 0, 0, 0
166000, 500858, 0, 0, 0
167000, 675521, 0, 0, 0
168000, 709984, 0, 0, 0
169000, 566916, 0, 0, 0
170000, 563596, 0, 0, 0
171000, 558943, 0, 0, 0
172000, 547308, 0, 0, 0
173000, 564310, 0, 0, 0
174000, 568492, 0, 0, 0
175000, 645063, 0, 0, 0
176000, 611093, 0, 0, 0
177000, 623234, 0, 0, 0
178000, 687130, 0, 0, 0
179000, 639997, 0, 0, 0
180000, 659941, 0, 0, 0
181000, 929411, 0, 0, 0
182000, 846773, 0, 0, 0
183000, 712136, 0, 0, 0
184000, 738773, 0, 0, 0
185000, 871669, 0, 0, 0
186000, 921547, 0, 0, 0
187000, 943318, 0, 0, 0
188000, 1029957, 0, 0, 0
189000, 959131, 0, 0, 0
190000, 941641, 0, 0, 0
191000, 917553, 0, 0, 0
192000, 956542, 0, 0, 0
193000, 968860, 0, 0, 0
194000, 926129, 0, 0, 0
195000, 1013884, 0, 0, 0
196000, 981771, 0, 0, 0
197000, 968197, 0, 0, 0
198000, 968026, 0, 0, 0
199000, 1017451, 0, 0, 0
200000, 948176, 0, 0, 0
201000, 942399, 0, 0, 0
202000, 985276, 0, 0, 0
203000, 1047020, 0, 0, 0
204000, 1026404, 0, 0, 0
205000, 1049792, 0, 0, 0
206000, 1010029, 0, 0, 0
207000, 982912, 0, 0, 0
208000, 1006763, 0, 0, 0
209000, 932539, 0, 0, 0
210000, 1041541, 0, 0, 0
211000, 1028303, 0, 0, 0
212000, 884233, 0, 0, 0
213000, 839899, 0, 0, 0
214000, 899754, 0, 0, 0
215000, 868952, 0, 0, 0
216004, 876287, 0, 0, 0
217000, 893597, 0, 0, 0
218000, 928774, 0, 0, 0
219000, 888433, 0, 0, 0
220000, 911271, 0, 0, 0
221000, 1030907, 0, 0, 0
222000, 1011885, 0, 0, 0
223000, 991942, 0, 0, 0
224000, 932084, 0, 0, 0
225000, 919556, 0, 0, 0
226000, 896562, 0, 0, 0
227000, 891979, 0, 0, 0
228000, 922536, 0, 0, 0
229000, 901563, 0, 0, 0
230000, 870146, 0, 0, 0
231000, 851769, 0, 0, 0
232000, 999319, 0, 0, 0
233000, 1018864, 0, 0, 0
234000, 957827, 0, 0, 0
235000, 945716, 0, 0, 0
236000, 993670, 0, 0, 0
237000, 942996, 0, 0, 0
238000, 862588, 0, 0, 0
239000, 920584, 0, 0, 0
240000, 899974, 0, 0, 0
241000, 981447, 0, 0, 0
242000, 936982, 0, 0, 0
243000, 940523, 0, 0, 0
244000, 927629, 0, 0, 0
245000, 901744, 0, 0, 0
246000, 1005537, 0, 0, 0
247000, 975957, 0, 0, 0
248000, 863422, 0, 0, 0
249000, 909551, 0, 0, 0
250000, 911717, 0, 0, 0
251000, 940306, 0, 0, 0
252000, 894267, 0, 0, 0
253000, 1007886, 0, 0, 0
254000, 963676, 0, 0, 0
255000, 870956, 0, 0, 0
256000, 888605, 0, 0, 0
257000, 896573, 0, 0, 0
258000, 851964, 0, 0, 0
259000, 852352, 0, 0, 0
260000, 948525, 0, 0, 0
261000, 978458, 0, 0, 0
262000, 912133, 0, 0, 0
263000, 926485, 0, 0, 0
264000, 900397, 0, 0, 0
265000, 884723, 0, 0, 0
266000, 986947, 0, 0, 0
267000, 969586, 0, 0, 0
268000, 878183, 0, 0, 0
269000, 875343, 0, 0, 0
270000, 935241, 0, 0, 0
271000, 884620, 0, 0, 0
272000, 875063, 0, 0, 0
273000, 949567, 0, 0, 0
274000, 1013909, 0, 0, 0
275000, 935162, 0, 0, 0
276000, 920906, 0, 0, 0
277000, 966205, 0, 0, 0
278000, 955749, 0, 0, 0
279000, 920671, 0, 0, 0
280000, 676213, 0, 0, 0
281000, 633152, 0, 0, 0
282000, 632176, 0, 0, 0
283000, 916708, 0, 0, 0
284000, 1160402, 0, 0, 0
285000, 1095729, 0, 0, 0
286000, 1007484, 0, 0, 0
287000, 1102080, 0, 0, 0
288000, 1190115, 0, 0, 0
289000, 1101662, 0, 0, 0
290000, 900498, 0, 0, 0
291000, 765262, 0, 0, 0
292000, 908062, 0, 0, 0
293000, 970935, 0, 0, 0
294000, 972344, 0, 0, 0
295000, 994553, 0, 0, 0
296000, 1032874, 0, 0, 0
297000, 992379, 0, 0, 0
298000, 970291, 0, 0, 0
299007, 952779, 0, 0, 0
300000, 1015800, 0, 0, 0
301000, 970697, 0, 0, 0
302000, 960286, 0, 0, 0
303000, 986893, 0, 0, 0
304000, 953007, 0, 0, 0
305000, 947678, 0, 0, 0
306000, 1012676, 0, 0, 0
307000, 1053260, 0, 0, 0
308000, 929032, 0, 0, 0
309000, 931238, 0, 0, 0
310000, 923954, 0, 0, 0
311000, 1010962, 0, 0, 0
312000, 949225, 0, 0, 0
313000, 874314, 0, 0, 0
314000, 916191, 0, 0, 0
315000, 941710, 0, 0, 0
316000, 928721, 0, 0, 0
317000, 883701, 0, 0, 0
318000, 937952, 0, 0, 0
319000, 896930, 0, 0, 0
320000, 859697, 0, 0, 0
321000, 905378, 0, 0, 0
322000, 888589, 0, 0, 0
323000, 864991, 0, 0, 0
324000, 862443, 0, 0, 0
325000, 982290, 0, 0, 0
326000, 974559, 0, 0, 0
327000, 952867, 0, 0, 0
328000, 993962, 0, 0, 0
329000, 1024260, 0, 0, 0
330000, 992276, 0, 0, 0
331000, 1007855, 0, 0, 0
332000, 980590, 0, 0, 0
333000, 948717, 0, 0, 0
334000, 909212, 0, 0, 0
335000, 862113, 0, 0, 0
336000, 968081, 0, 0, 0
337000, 931292, 0, 0, 0
338000, 933421, 0, 0, 0
339000, 1012255, 0, 0, 0
340000, 1139636, 0, 0, 0
341000, 655857, 0, 0, 0
342000, 699619, 0, 0, 0
343000, 658649, 0, 0, 0
344000, 661166, 0, 0, 0
345000, 685766, 0, 0, 0
346000, 621720, 0, 0, 0
347000, 504931, 0, 0, 0
348000, 510375, 0, 0, 0
349000, 505713, 0, 0, 0
350000, 513206, 0, 0, 0
351000, 506204, 0, 0, 0
352000, 502752, 0, 0, 0
353000, 506162, 0, 0, 0
354000, 513775, 0, 0, 0
355000, 509913, 0, 0, 0
356000, 576725, 0, 0, 0
357000, 725234, 0, 0, 0
358000, 795502, 0, 0, 0
359000, 970495, 0, 0, 0
360000, 949297, 0, 0, 0
361000, 922359, 0, 0, 0
362000, 992412, 0, 0, 0
363000, 896074, 0, 0, 0
364000, 913073, 0, 0, 0
365007, 884016, 0, 0, 0
366000, 912157, 0, 0, 0
367000, 873127, 0, 0, 0
368000, 858559, 0, 0, 0
369000, 913227, 0, 0, 0
370000, 890772, 0, 0, 0
371000, 676125, 0, 0, 0
372000, 678174, 0, 0, 0
373000, 647209, 0, 0, 0
374000, 628929, 0, 0, 0
375000, 845970, 0, 0, 0
376000, 991009, 0, 0, 0
377000, 980589, 0, 0, 0
378000, 924782, 0, 0, 0
379000, 934558, 0, 0, 0
380000, 935531, 0, 0, 0
381000, 876882, 0, 0, 0
382000, 856595, 0, 0, 0
383000, 695738, 0, 0, 0
384000, 665385, 0, 0, 0
385000, 609123, 0, 0, 0
386000, 658912, 0, 0, 0
387000, 670264, 0, 0, 0
388000, 617756, 0, 0, 0
389000, 684936, 0, 0, 0
390000, 655480, 0, 0, 0
391000, 605236, 0, 0, 0
392000, 790860, 0, 0, 0
393000, 822384, 0, 0, 0
394000, 549164, 0, 0, 0
395000, 559782, 0, 0, 0
396000, 549308, 0, 0, 0
397000, 544546, 0, 0, 0
398000, 540341, 0, 0, 0
399000, 540078, 0, 0, 0
400000, 539141, 0, 0, 0
401000, 548333, 0, 0, 0
402000, 840198, 0, 0, 0
403000, 796711, 0, 0, 0
404000, 631198, 0, 0, 0
405000, 618635, 0, 0, 0
406000, 599789, 0, 0, 0
407000, 608917, 0, 0, 0
408000, 609871, 0, 0, 0
409000, 559182, 0, 0, 0
410000, 615476, 0, 0, 0
411000, 695895, 0, 0, 0
412000, 612096, 0, 0, 0
413000, 604405, 0, 0, 0
414000, 615095, 0, 0, 0
415000, 780855, 0, 0, 0
416000, 944367, 0, 0, 0
417000, 884729, 0, 0, 0
418000, 896570, 0, 0, 0
419000, 889168, 0, 0, 0
420000, 907929, 0, 0, 0
421000, 903358, 0, 0, 0
422000, 678513, 0, 0, 0
423000, 632621, 0, 0, 0
424000, 766073, 0, 0, 0
425000, 1160327, 0, 0, 0
426000, 1012205, 0, 0, 0
427000, 651958, 0, 0, 0
428000, 641909, 0, 0, 0
429000, 698670, 0, 0, 0
430000, 787142, 0, 0, 0
431000, 929868, 0, 0, 0
432000, 781115, 0, 0, 0
433000, 736639, 0, 0, 0
434000, 819506, 0, 0, 0
435000, 995898, 0, 0, 0
436000, 978869, 0, 0, 0
437000, 888387, 0, 0, 0
438000, 880587, 0, 0, 0
439000, 919574, 0, 0, 0
440000, 883083, 0, 0, 0
441000, 852676, 0, 0, 0
442000, 915642, 0, 0, 0
443000, 922382, 0, 0, 0
444000, 901736, 0, 0, 0
445000, 926976, 0, 0, 0
446000, 999055, 0, 0, 0
447000, 981069, 0, 0, 0
448000, 954371, 0, 0, 0
449000, 925307, 0, 0, 0
450000, 1017715, 0, 0, 0
451008, 1011134, 0, 0, 0
452000, 935482, 0, 0, 0
453000, 906543, 0, 0, 0
454000, 891418, 0, 0, 0
455000, 878576, 0, 0, 0
456000, 890667, 0, 0, 0
457000, 932325, 0, 0, 0
458000, 891788, 0, 0, 0
459000, 868554, 0, 0, 0
460000, 789727, 0, 0, 0
461000, 680399, 0, 0, 0
462000, 638633, 0, 0, 0
463000, 674784, 0, 0, 0
464000, 683524, 0, 0, 0
465000, 644481, 0, 0, 0
466000, 739574, 0, 0, 0
467000, 1153211, 0, 0, 0
468000, 1089168, 0, 0, 0
469000, 1002498, 0, 0, 0
470000, 1084855, 0, 0, 0
471000, 1093747, 0, 0, 0
472000, 1101955, 0, 0, 0
473000, 985744, 0, 0, 0
474000, 996360, 0, 0, 0
475000, 1060617, 0, 0, 0
476000, 963556, 0, 0, 0
477000, 919562, 0, 0, 0
478000, 716041, 0, 0, 0
479000, 746506, 0, 0, 0
480000, 628272, 0, 0, 0
480000, 920707, 0, 0, 0
