1000, 912526, 0, 0, 0
2000, 898289, 0, 0, 0
3000, 944049, 0, 0, 0
4000, 869469, 0, 0, 0
5000, 880778, 0, 0, 0
6000, 923758, 0, 0, 0
7000, 974082, 0, 0, 0
8000, 952353, 0, 0, 0
9000, 862110, 0, 0, 0
10000, 973560, 0, 0, 0
11000, 889615, 0, 0, 0
12000, 871585, 0, 0, 0
13000, 617217, 0, 0, 0
14000, 481113, 0, 0, 0
15000, 468949, 0, 0, 0
16000, 462741, 0, 0, 0
17000, 462094, 0, 0, 0
18000, 465360, 0, 0, 0
19000, 465575, 0, 0, 0
20000, 459968, 0, 0, 0
21000, 459275, 0, 0, 0
22000, 460580, 0, 0, 0
23000, 461208, 0, 0, 0
24000, 454002, 0, 0, 0
25000, 540632, 0, 0, 0
26000, 628967, 0, 0, 0
27000, 576990, 0, 0, 0
28000, 583147, 0, 0, 0
29000, 534139, 0, 0, 0
30000, 536879, 0, 0, 0
31000, 527830, 0, 0, 0
32000, 522748, 0, 0, 0
33000, 524161, 0, 0, 0
34000, 520324, 0, 0, 0
35000, 521378, 0, 0, 0
36000, 692267, 0, 0, 0
37000, 632098, 0, 0, 0
38000, 562911, 0, 0, 0
39000, 582458, 0, 0, 0
40000, 599259, 0, 0, 0
41000, 593260, 0, 0, 0
42000, 585199, 0, 0, 0
43000, 653684, 0, 0, 0
44000, 602634, 0, 0, 0
45000, 591775, 0, 0, 0
46000, 660846, 0, 0, 0
47000, 635259, 0, 0, 0
48000, 598520, 0, 0, 0
49000, 641745, 0, 0, 0
50000, 662883, 0, 0, 0
51000, 595470, 0, 0, 0
52000, 584212, 0, 0, 0
53000, 569550, 0, 0, 0
54000, 564003, 0, 0, 0
55000, 625320, 0, 0, 0
56000, 725709, 0, 0, 0
57000, 808584, 0, 0, 0
58000, 684017, 0, 0, 0
59000, 651053, 0, 0, 0
60000, 655551, 0, 0, 0
61000, 714044, 0, 0, 0
62000, 708265, 0, 0, 0
63000, 694151, 0, 0, 0
64000, 670391, 0, 0, 0
65000, 645498, 0, 0, 0
66000, 756355, 0, 0, 0
67000, 677757, 0, 0, 0
68000, 847964, 0, 0, 0
69000, 877744, 0, 0, 0
70000, 956116, 0, 0, 0
71000, 955253, 0, 0, 0
72000, 923199, 0, 0, 0
73000, 919776, 0, 0, 0
74000, 883365, 0, 0, 0
75000, 872625, 0, 0, 0
76000, 856009, 0, 0, 0
77000, 903161, 0, 0, 0
78000, 879606, 0, 0, 0
79000, 872028, 0, 0, 0
80000, 910615, 0, 0, 0
81000, 871395, 0, 0, 0
82000, 860374, 0, 0, 0
83000, 910889, 0, 0, 0
84000, 981950, 0, 0, 0
85000, 922227, 0, 0, 0
86000, 924619, 0, 0, 0
87000, 1039532, 0, 0, 0
88000, 973842, 0, 0, 0
89000, 859069, 0, 0, 0
90000, 920304, 0, 0, 0
91000, 943356, 0, 0, 0
92000, 917204, 0, 0, 0
93000, 863932, 0, 0, 0
94000, 906520, 0, 0, 0
95000, 866552, 0, 0, 0
96000, 841424, 0, 0, 0
97000, 900479, 0, 0, 0
98000, 880027, 0, 0, 0
99000, 853659, 0, 0, 0
100000, 919089, 0, 0, 0
101000, 1000432, 0, 0, 0
102000, 975964, 0, 0, 0
103000, 939631, 0, 0, 0
104000, 1012165, 0, 0, 0
105000, 960763, 0, 0, 0
106000, 866886, 0, 0, 0
107000, 918533, 0, 0, 0
108000, 888266, 0, 0, 0
109000, 946190, 0, 0, 0
110000, 934317, 0, 0, 0
111000, 1058690, 0, 0, 0
112000, 1027619, 0, 0, 0
113000, 957682, 0, 0, 0
114000, 549638, 0, 0, 0
115000, 554782, 0, 0, 0
116000, 596452, 0, 0, 0
117000, 570235, 0, 0, 0
118000, 604270, 0, 0, 0
119000, 621004, 0, 0, 0
120000, 609252, 0, 0, 0
121000, 590481, 0, 0, 0
122000, 580951, 0, 0, 0
123000, 584661, 0, 0, 0
124000, 629883, 0, 0, 0
125000, 571507, 0, 0, 0
126000, 645207, 0, 0, 0
127000, 653711, 0, 0, 0
128000, 593973, 0, 0, 0
129000, 599956, 0, 0, 0
130000, 600222, 0, 0, 0
131000, 657179, 0, 0, 0
132000, 582884, 0, 0, 0
133000, 600492, 0, 0, 0
134000, 604412, 0, 0, 0
135000, 594605, 0, 0, 0
136000, 606297, 0, 0, 0
137000, 609329, 0, 0, 0
138000, 470065, 0, 0, 0
139000, 464401, 0, 0, 0
140000, 461045, 0, 0, 0
141000, 460089, 0, 0, 0
142000, 458241, 0, 0, 0
143000, 455996, 0, 0, 0
144000, 455941, 0, 0, 0
145000, 462033, 0, 0, 0
146000, 458981, 0, 0, 0
147000, 459961, 0, 0, 0
148000, 503930, 0, 0, 0
149000, 615273, 0, 0, 0
150000, 547235, 0, 0, 0
151000, 558729, 0, 0, 0
152000, 559124, 0, 0, 0
153000, 547299, 0, 0, 0
154000, 555851, 0, 0, 0
155000, 545380, 0, 0, 0
156000, 558707, 0, 0, 0
157000, 557449, 0, 0, 0
158000, 585088, 0, 0, 0
159000, 598068, 0, 0, 0
160000, 552195, 0, 0, 0
161000, 544788, 0, 0, 0
162000, 548470, 0, 0, 0
163000, 544237, 0, 0, 0
164000, 544358, 0, 0, 0
165000, 544661, 0, 0, 0
166000, 537990, 0, 0, 0
167000, 548525, 0, 0, 0
168000, 582932, 0, 0, 0
169000, 564444, 0, 0, 0
170000, 647422, 0, 0, 0
171000, 573824, 0, 0, 0
172000, 570511, 0, 0, 0
173000, 573127, 0, 0, 0
174000, 573821, 0, 0, 0
175000, 553005, 0, 0, 0
176000, 582032, 0, 0, 0
177000, 577678, 0, 0, 0
178000, 591275, 0, 0, 0
179000, 584046, 0, 0, 0
180000, 588453, 0, 0, 0
181000, 655121, 0, 0, 0
182000, 584262, 0, 0, 0
183000, 612872, 0, 0, 0
184000, 627932, 0, 0, 0
185000, 596922, 0, 0, 0
186000, 587211, 0, 0, 0
187000, 562328, 0, 0, 0
188000, 540367, 0, 0, 0
189000, 555155, 0, 0, 0
190000, 551072, 0, 0, 0
191000, 578724, 0, 0, 0
192000, 1041028, 0, 0, 0
193000, 954205, 0, 0, 0
194000, 909528, 0, 0, 0
195000, 970210, 0, 0, 0
196000, 992693, 0, 0, 0
197000, 1005934, 0, 0, 0
198006, 962676, 0, 0, 0
199000, 1062262, 0, 0, 0
200000, 952462, 0, 0, 0
201000, 919203, 0, 0, 0
202000, 922148, 0, 0, 0
203000, 982154, 0, 0, 0
204000, 950459, 0, 0, 0
205000, 978119, 0, 0, 0
206000, 1022009, 0, 0, 0
207000, 946566, 0, 0, 0
208000, 890826, 0, 0, 0
209000, 860205, 0, 0, 0
210000, 913553, 0, 0, 0
211000, 938238, 0, 0, 0
212000, 938650, 0, 0, 0
213000, 976466, 0, 0, 0
214000, 938446, 0, 0, 0
215000, 958645, 0, 0, 0
216000, 1061303, 0, 0, 0
217000, 973370, 0, 0, 0
218000, 954975, 0, 0, 0
219000, 917211, 0, 0, 0
220028, 916617, 0, 0, 0
221000, 949863, 0, 0, 0
222000, 987619, 0, 0, 0
223000, 904354, 0, 0, 0
224000, 980782, 0, 0, 0
225000, 947943, 0, 0, 0
226000, 1051571, 0, 0, 0
227000, 974296, 0, 0, 0
228000, 549309, 0, 0, 0
229000, 728104, 0, 0, 0
230000, 971794, 0, 0, 0
231000, 962833, 0, 0, 0
232000, 946778, 0, 0, 0
233000, 970622, 0, 0, 0
234000, 973161, 0, 0, 0
235000, 905406, 0, 0, 0
236000, 974343, 0, 0, 0
237000, 1026406, 0, 0, 0
238000, 1081112, 0, 0, 0
239000, 1013298, 0, 0, 0
240000, 1020273, 0, 0, 0
241000, 1075202, 0, 0, 0
242000, 1060597, 0, 0, 0
243000, 972691, 0, 0, 0
244000, 1060573, 0, 0, 0
245000, 898561, 0, 0, 0
246000, 873630, 0, 0, 0
247000, 903147, 0, 0, 0
248000, 1004863, 0, 0, 0
249000, 902661, 0, 0, 0
250000, 875035, 0, 0, 0
251000, 952470, 0, 0, 0
252000, 887468, 0, 0, 0
253000, 849068, 0, 0, 0
254004, 879943, 0, 0, 0
255000, 894636, 0, 0, 0
256000, 859120, 0, 0, 0
257000, 844279, 0, 0, 0
258000, 898518, 0, 0, 0
259000, 876605, 0, 0, 0
260000, 885361, 0, 0, 0
261000, 983635, 0, 0, 0
262000, 943616, 0, 0, 0
263000, 903906, 0, 0, 0
264000, 890811, 0, 0, 0
265000, 944967, 0, 0, 0
266000, 921009, 0, 0, 0
267000, 890460, 0, 0, 0
268000, 900642, 0, 0, 0
269000, 882026, 0, 0, 0
270000, 910075, 0, 0, 0
271000, 997117, 0, 0, 0
272000, 933506, 0, 0, 0
273000, 950393, 0, 0, 0
274000, 931963, 0, 0, 0
275000, 967462, 0, 0, 0
276000, 937613, 0, 0, 0
277000, 893880, 0, 0, 0
278000, 918254, 0, 0, 0
279000, 882124, 0, 0, 0
280000, 867657, 0, 0, 0
281000, 946567, 0, 0, 0
282000, 965252, 0, 0, 0
283000, 981008, 0, 0, 0
284000, 979754, 0, 0, 0
285000, 990262, 0, 0, 0
286000, 972766, 0, 0, 0
287000, 854522, 0, 0, 0
288000, 913728, 0, 0, 0
289000, 880736, 0, 0, 0
290000, 839872, 0, 0, 0
291000, 850362, 0, 0, 0
292000, 916383, 0, 0, 0
293000, 874785, 0, 0, 0
294000, 890390, 0, 0, 0
295000, 920893, 0, 0, 0
296000, 881774, 0, 0, 0
297000, 837400, 0, 0, 0
298000, 906304, 0, 0, 0
299000, 870966, 0, 0, 0
300000, 890940, 0, 0, 0
301000, 605591, 0, 0, 0
302000, 459360, 0, 0, 0
303000, 462031, 0, 0, 0
304000, 464086, 0, 0, 0
305000, 490420, 0, 0, 0
306000, 462393, 0, 0, 0
307000, 460578, 0, 0, 0
308000, 465606, 0, 0, 0
309000, 461699, 0, 0, 0
310000, 460859, 0, 0, 0
311000, 455725, 0, 0, 0
312000, 453819, 0, 0, 0
313000, 455370, 0, 0, 0
314000, 456260, 0, 0, 0
315000, 460409, 0, 0, 0
316000, 549222, 0, 0, 0
317000, 540832, 0, 0, 0
318000, 540717, 0, 0, 0
319000, 582932, 0, 0, 0
320000, 546588, 0, 0, 0
321000, 530359, 0, 0, 0
322000, 502895, 0, 0, 0
323000, 501095, 0, 0, 0
324000, 501951, 0, 0, 0
325000, 528594, 0, 0, 0
326000, 528233, 0, 0, 0
327000, 585397, 0, 0, 0
328000, 530456, 0, 0, 0
329000, 532041, 0, 0, 0
330000, 539281, 0, 0, 0
331000, 577509, 0, 0, 0
332000, 534363, 0, 0, 0
333000, 533308, 0, 0, 0
334000, 534457, 0, 0, 0
335000, 530262, 0, 0, 0
336000, 530360, 0, 0, 0
337000, 528821, 0, 0, 0
338000, 580920, 0, 0, 0
339000, 575015, 0, 0, 0
340000, 583332, 0, 0, 0
341000, 646239, 0, 0, 0
342000, 593237, 0, 0, 0
343000, 585093, 0, 0, 0
344000, 555756, 0, 0, 0
345000, 540699, 0, 0, 0
346000, 544870, 0, 0, 0
347000, 545543, 0, 0, 0
348004, 566169, 0, 0, 0
349000, 738762, 0, 0, 0
350000, 617290, 0, 0, 0
351000, 630249, 0, 0, 0
352000, 603076, 0, 0, 0
353000, 560628, 0, 0, 0
354000, 554355, 0, 0, 0
355000, 557910, 0, 0, 0
356000, 687990, 0, 0, 0
357000, 647125, 0, 0, 0
358000, 627952, 0, 0, 0
359000, 710185, 0, 0, 0
360000, 654777, 0, 0, 0
361000, 684755, 0, 0, 0
362000, 654810, 0, 0, 0
363000, 651225, 0, 0, 0
364000, 631880, 0, 0, 0
365000, 619217, 0, 0, 0
366000, 609390, 0, 0, 0
367000, 685114, 0, 0, 0
368000, 626143, 0, 0, 0
369000, 632881, 0, 0, 0
370000, 741980, 0, 0, 0
371000, 902097, 0, 0, 0
372000, 972556, 0, 0, 0
373000, 904003, 0, 0, 0
374000, 874416, 0, 0, 0
375000, 942306, 0, 0, 0
376000, 919825, 0, 0, 0
377000, 883691, 0, 0, 0
378000, 893302, 0, 0, 0
379000, 884808, 0, 0, 0
380000, 906369, 0, 0, 0
381000, 954384, 0, 0, 0
382000, 991918, 0, 0, 0
383000, 948773, 0, 0, 0
384000, 921067, 0, 0, 0
385000, 978552, 0, 0, 0
386000, 936083, 0, 0, 0
387000, 901753, 0, 0, 0
388000, 919928, 0, 0, 0
389000, 937211, 0, 0, 0
390000, 923833, 0, 0, 0
391000, 882178, 0, 0, 0
392000, 910680, 0, 0, 0
393000, 878263, 0, 0, 0
394000, 891979, 0, 0, 0
395000, 917642, 0, 0, 0
396000, 966608, 0, 0, 0
397000, 898029, 0, 0, 0
398000, 889160, 0, 0, 0
399000, 730359, 0, 0, 0
400000, 462128, 0, 0, 0
401000, 463104, 0, 0, 0
402000, 464675, 0, 0, 0
403000, 460203, 0, 0, 0
404000, 460057, 0, 0, 0
405000, 452865, 0, 0, 0
406000, 454427, 0, 0, 0
407000, 453513, 0, 0, 0
408000, 454735, 0, 0, 0
409000, 463267, 0, 0, 0
410000, 624820, 0, 0, 0
411000, 564506, 0, 0, 0
412000, 566372, 0, 0, 0
413000, 560852, 0, 0, 0
414000, 552493, 0, 0, 0
415000, 545175, 0, 0, 0
416000, 536436, 0, 0, 0
417000, 535343, 0, 0, 0
418000, 538808, 0, 0, 0
419000, 541452, 0, 0, 0
420000, 589504, 0, 0, 0
421000, 597045, 0, 0, 0
422000, 543642, 0, 0, 0
423000, 548846, 0, 0, 0
424000, 542753, 0, 0, 0
425000, 537086, 0, 0, 0
426000, 527917, 0, 0, 0
427000, 534373, 0, 0, 0
428000, 534942, 0, 0, 0
429000, 536101, 0, 0, 0
430000, 578625, 0, 0, 0
431000, 623580, 0, 0, 0
432000, 634042, 0, 0, 0
433000, 591271, 0, 0, 0
434000, 586503, 0, 0, 0
435000, 583600, 0, 0, 0
436000, 576976, 0, 0, 0
437000, 606461, 0, 0, 0
438000, 610349, 0, 0, 0
439000, 587954, 0, 0, 0
440000, 579460, 0, 0, 0
441000, 561059, 0, 0, 0
442000, 622445, 0, 0, 0
443000, 571485, 0, 0, 0
444000, 568629, 0, 0, 0
445000, 637957, 0, 0, 0
446000, 606890, 0, 0, 0
447000, 604714, 0, 0, 0
448000, 588002, 0, 0, 0
449000, 575415, 0, 0, 0
450000, 573921, 0, 0, 0
451000, 590605, 0, 0, 0
452000, 794950, 0, 0, 0
453000, 928344, 0, 0, 0
454000, 906014, 0, 0, 0
455000, 973183, 0, 0, 0
456000, 984573, 0, 0, 0
457000, 929813, 0, 0, 0
458000, 905917, 0, 0, 0
459000, 947514, 0, 0, 0
460000, 900918, 0, 0, 0
461000, 887080, 0, 0, 0
462000, 990345, 0, 0, 0
463000, 1014391, 0, 0, 0
464000, 919502, 0, 0, 0
465000, 932086, 0, 0, 0
466000, 1004490, 0, 0, 0
467000, 976468, 0, 0, 0
468000, 960874, 0, 0, 0
469000, 965952, 0, 0, 0
470000, 967735, 0, 0, 0
471000, 980333, 0, 0, 0
472000, 934277, 0, 0, 0
473000, 982703, 0, 0, 0
474000, 926000, 0, 0, 0
475000, 859244, 0, 0, 0
476000, 919912, 0, 0, 0
477000, 892920, 0, 0, 0
478000, 875477, 0, 0, 0
479000, 845552, 0, 0, 0
480000, 483786, 0, 0, 0
480000, 355901, 0, 0, 0
