1000, 1081211, 0, 0, 0
1000, 276454, 1, 0, 0
2000, 499063, 1, 0, 0
2000, 1105077, 0, 0, 0
3000, 506459, 1, 0, 0
3000, 1087438, 0, 0, 0
4000, 595033, 1, 0, 0
4000, 997586, 0, 0, 0
5000, 677574, 1, 0, 0
5000, 960817, 0, 0, 0
6000, 869945, 0, 0, 0
6000, 715570, 1, 0, 0
7000, 724210, 1, 0, 0
7000, 864758, 0, 0, 0
8000, 865735, 0, 0, 0
8000, 721542, 1, 0, 0
9000, 721201, 1, 0, 0
9000, 857302, 0, 0, 0
10000, 721985, 1, 0, 0
10000, 859548, 0, 0, 0
11000, 854495, 0, 0, 0
11000, 730586, 1, 0, 0
12000, 730612, 1, 0, 0
12000, 851485, 0, 0, 0
13000, 728165, 1, 0, 0
13000, 857181, 0, 0, 0
14000, 725206, 1, 0, 0
14000, 855040, 0, 0, 0
15000, 940166, 0, 0, 0
15000, 699196, 1, 0, 0
16000, 1041232, 0, 0, 0
16000, 605445, 1, 0, 0
17000, 614924, 1, 0, 0
17000, 987591, 0, 0, 0
18000, 982205, 0, 0, 0
18000, 605678, 1, 0, 0
19000, 604824, 1, 0, 0
19000, 988280, 0, 0, 0
20000, 610398, 1, 0, 0
20000, 989265, 0, 0, 0
21000, 634125, 1, 0, 0
21000, 960931, 0, 0, 0
22000, 945365, 0, 0, 0
22000, 644597, 1, 0, 0
23000, 635298, 1, 0, 0
23000, 956012, 0, 0, 0
24000, 955042, 0, 0, 0
24000, 633398, 1, 0, 0
25000, 616187, 1, 0, 0
25000, 1028098, 0, 0, 0
26000, 1085955, 0, 0, 0
26000, 563623, 1, 0, 0
27000, 560912, 1, 0, 0
27000, 1038771, 0, 0, 0
28000, 1045656, 0, 0, 0
28000, 552394, 1, 0, 0
29000, 1045726, 0, 0, 0
29000, 557380, 1, 0, 0
30000, 578657, 1, 0, 0
30000, 1012315, 0, 0, 0
31000, 1025838, 0, 0, 0
31000, 567273, 1, 0, 0
32000, 553287, 1, 0, 0
32000, 1049967, 0, 0, 0
33000, 1119075, 0, 0, 0
33000, 543660, 1, 0, 0
34000, 1083890, 0, 0, 0
34000, 524714, 1, 0, 0
35000, 455348, 1, 0, 0
35000, 1209482, 0, 0, 0
36000, 1114957, 0, 0, 0
36000, 482773, 1, 0, 0
37000, 493078, 1, 0, 0
37000, 1107317, 0, 0, 0
38000, 453045, 1, 0, 0
38000, 1213466, 0, 0, 0
39000, 449540, 1, 0, 0
39000, 1167341, 0, 0, 0
40000, 466113, 1, 0, 0
40000, 1136776, 0, 0, 0
41000, 1147094, 0, 0, 0
41000, 455005, 1, 0, 0
42000, 426564, 1, 0, 0
42000, 1247559, 0, 0, 0
43000, 418247, 1, 0, 0
43000, 1200442, 0, 0, 0
44000, 428529, 1, 0, 0
44000, 1180840, 0, 0, 0
45000, 1272070, 0, 0, 0
45000, 394060, 1, 0, 0
46004, 893831, 1, 0, 0
46005, 1056389, 0, 0, 0
47000, 1067375, 0, 0, 0
47000, 687388, 1, 0, 0
48000, 669341, 1, 0, 0
48000, 1055011, 0, 0, 0
49000, 777495, 1, 0, 0
49000, 1136498, 0, 0, 0
50000, 837981, 1, 0, 0
50000, 1083515, 0, 0, 0
51001, 1050793, 0, 0, 0
51002, 789659, 1, 0, 0
52000, 1126540, 0, 0, 0
52000, 791543, 1, 0, 0
53000, 771923, 1, 0, 0
53000, 1106436, 0, 0, 0
54000, 920504, 1, 0, 0
54000, 945203, 0, 0, 0
55000, 1071816, 0, 0, 0
55003, 792803, 1, 0, 0
56000, 1038243, 0, 0, 0
56004, 786714, 1, 0, 0
57000, 1022981, 0, 0, 0
57008, 1022688, 1, 0, 0
58000, 1078836, 0, 0, 0
58000, 859795, 1, 0, 0
59000, 847692, 1, 0, 0
59000, 1033799, 0, 0, 0
60000, 1011566, 0, 0, 0
60005, 812733, 1, 0, 0
61000, 883322, 1, 0, 0
61000, 1028885, 0, 0, 0
62000, 900898, 1, 0, 0
62000, 1003181, 0, 0, 0
63000, 873733, 1, 0, 0
63000, 973812, 0, 0, 0
64001, 680600, 1, 0, 0
64001, 1073969, 0, 0, 0
65000, 1015966, 0, 0, 0
65000, 752677, 1, 0, 0
66000, 963056, 0, 0, 0
66000, 817026, 1, 0, 0
67000, 1091080, 0, 0, 0
67000, 651190, 1, 0, 0
68000, 1081666, 0, 0, 0
68000, 720166, 1, 0, 0
69000, 1020577, 0, 0, 0
69000, 967664, 1, 0, 0
70000, 769865, 1, 0, 0
70000, 998298, 0, 0, 0
71001, 1143266, 0, 0, 0
71002, 733172, 1, 0, 0
72000, 792133, 1, 0, 0
72000, 1121283, 0, 0, 0
73002, 773540, 1, 0, 0
73003, 1088693, 0, 0, 0
74002, 915728, 1, 0, 0
74003, 1079542, 0, 0, 0
75000, 993850, 0, 0, 0
75000, 923923, 1, 0, 0
76000, 975955, 0, 0, 0
76000, 855614, 1, 0, 0
77000, 935370, 1, 0, 0
77000, 1022279, 0, 0, 0
78000, 977041, 0, 0, 0
78003, 937175, 1, 0, 0
79000, 964943, 0, 0, 0
79006, 844901, 1, 0, 0
80004, 929076, 1, 0, 0
80006, 1159899, 0, 0, 0
81000, 1101293, 0, 0, 0
81003, 678135, 1, 0, 0
82000, 1093735, 0, 0, 0
82000, 489583, 1, 0, 0
83000, 519732, 1, 0, 0
83000, 1133171, 0, 0, 0
84000, 1059426, 0, 0, 0
84000, 511258, 1, 0, 0
85000, 954390, 0, 0, 0
85000, 678611, 1, 0, 0
86000, 1030585, 0, 0, 0
86000, 650449, 1, 0, 0
87000, 1020909, 0, 0, 0
87000, 699791, 1, 0, 0
88000, 620845, 1, 0, 0
88000, 1007327, 0, 0, 0
89000, 994671, 0, 0, 0
89000, 699187, 1, 0, 0
90000, 1023839, 0, 0, 0
90000, 793596, 1, 0, 0
91000, 894289, 1, 0, 0
91000, 1068952, 0, 0, 0
92001, 685397, 1, 0, 0
92002, 980725, 0, 0, 0
93000, 1106367, 0, 0, 0
93004, 787899, 1, 0, 0
94000, 1070327, 0, 0, 0
94000, 948322, 1, 0, 0
95000, 927845, 1, 0, 0
95000, 1015846, 0, 0, 0
96000, 1094912, 0, 0, 0
96008, 691803, 1, 0, 0
97000, 925085, 0, 0, 0
97000, 977842, 1, 0, 0
98000, 976264, 0, 0, 0
98000, 717059, 1, 0, 0
99000, 1027127, 0, 0, 0
99005, 742441, 1, 0, 0
100000, 745361, 1, 0, 0
100000, 1014440, 0, 0, 0
101000, 1035334, 0, 0, 0
101002, 688414, 1, 0, 0
102000, 1113856, 0, 0, 0
102002, 916044, 1, 0, 0
103000, 1085564, 1, 0, 0
103000, 967612, 0, 0, 0
104000, 1010112, 0, 0, 0
104000, 954401, 1, 0, 0
105000, 910207, 1, 0, 0
105000, 1051943, 0, 0, 0
106000, 901643, 1, 0, 0
106000, 1030781, 0, 0, 0
107000, 954975, 0, 0, 0
107000, 943512, 1, 0, 0
108000, 994071, 0, 0, 0
108002, 850187, 1, 0, 0
109000, 1099470, 0, 0, 0
109000, 768638, 1, 0, 0
110000, 989138, 0, 0, 0
110000, 834867, 1, 0, 0
111000, 809444, 1, 0, 0
111000, 985403, 0, 0, 0
112002, 800521, 1, 0, 0
112002, 1069770, 0, 0, 0
113000, 1016208, 0, 0, 0
113000, 800962, 1, 0, 0
114002, 852759, 1, 0, 0
114003, 1080718, 0, 0, 0
115000, 1025424, 0, 0, 0
115000, 954535, 1, 0, 0
116000, 1025464, 0, 0, 0
116003, 925658, 1, 0, 0
117000, 984938, 0, 0, 0
117005, 914631, 1, 0, 0
118000, 869545, 1, 0, 0
118000, 1157735, 0, 0, 0
119000, 1109053, 0, 0, 0
119000, 857941, 1, 0, 0
120000, 1031944, 0, 0, 0
120000, 842676, 1, 0, 0
121000, 964933, 1, 0, 0
121000, 1023495, 0, 0, 0
122000, 1000896, 0, 0, 0
122000, 945499, 1, 0, 0
123000, 989439, 0, 0, 0
123000, 781380, 1, 0, 0
124000, 995043, 0, 0, 0
124006, 911752, 1, 0, 0
125000, 999685, 0, 0, 0
125005, 847137, 1, 0, 0
126003, 1027745, 1, 0, 0
126003, 1007294, 0, 0, 0
127000, 550275, 1, 0, 0
127000, 1078346, 0, 0, 0
128000, 1145128, 0, 0, 0
128000, 355107, 1, 0, 0
129000, 1159610, 0, 0, 0
129000, 457953, 1, 0, 0
130000, 1118400, 0, 0, 0
130000, 482913, 1, 0, 0
131000, 1130450, 0, 0, 0
131000, 472821, 1, 0, 0
132000, 489835, 1, 0, 0
132000, 1180130, 0, 0, 0
133000, 455889, 1, 0, 0
133000, 1155452, 0, 0, 0
134000, 473403, 1, 0, 0
134000, 1128905, 0, 0, 0
135000, 475266, 1, 0, 0
135000, 1136969, 0, 0, 0
136000, 438296, 1, 0, 0
136000, 1314791, 0, 0, 0
137000, 1200133, 0, 0, 0
137000, 429385, 1, 0, 0
138000, 450810, 1, 0, 0
138000, 1155587, 0, 0, 0
139000, 1151835, 0, 0, 0
139000, 454123, 1, 0, 0
140000, 1224015, 0, 0, 0
140000, 452722, 1, 0, 0
141000, 1164471, 0, 0, 0
141000, 447228, 1, 0, 0
142000, 1039137, 0, 0, 0
142004, 816719, 1, 0, 0
143010, 923525, 1, 0, 0
143011, 1025089, 0, 0, 0
144000, 717390, 1, 0, 0
144000, 1029192, 0, 0, 0
145000, 1064229, 0, 0, 0
145000, 360031, 1, 0, 0
146000, 514122, 1, 0, 0
146000, 1085701, 0, 0, 0
147000, 1162855, 0, 0, 0
147000, 492136, 1, 0, 0
148000, 492907, 1, 0, 0
148000, 1163784, 0, 0, 0
149000, 496075, 1, 0, 0
149000, 1111942, 0, 0, 0
150000, 1103547, 0, 0, 0
150000, 493869, 1, 0, 0
151000, 514448, 1, 0, 0
151000, 1081994, 0, 0, 0
152000, 1071764, 0, 0, 0
152000, 528250, 1, 0, 0
153000, 517178, 1, 0, 0
153000, 1134623, 0, 0, 0
154000, 1106761, 0, 0, 0
154000, 496823, 1, 0, 0
155000, 1101800, 0, 0, 0
155000, 508912, 1, 0, 0
156000, 509104, 1, 0, 0
156000, 1084355, 0, 0, 0
157000, 484326, 1, 0, 0
157000, 1173033, 0, 0, 0
158000, 498700, 1, 0, 0
158000, 1160437, 0, 0, 0
159000, 1105086, 0, 0, 0
159000, 501946, 1, 0, 0
160000, 529455, 1, 0, 0
160000, 1077480, 0, 0, 0
161000, 1062971, 0, 0, 0
161000, 531654, 1, 0, 0
162000, 1038311, 0, 0, 0
162000, 555274, 1, 0, 0
163000, 1099687, 0, 0, 0
163000, 503704, 1, 0, 0
164000, 1281321, 0, 0, 0
164000, 395438, 1, 0, 0
165000, 1228247, 0, 0, 0
165000, 384722, 1, 0, 0
166000, 485693, 1, 0, 0
166000, 1124531, 0, 0, 0
167000, 447289, 1, 0, 0
167000, 1281971, 0, 0, 0
168000, 449939, 1, 0, 0
168000, 1175328, 0, 0, 0
169000, 443369, 1, 0, 0
169000, 1177073, 0, 0, 0
170000, 1140636, 0, 0, 0
170000, 465219, 1, 0, 0
171000, 1153886, 0, 0, 0
171000, 456223, 1, 0, 0
172000, 1268445, 0, 0, 0
172000, 419964, 1, 0, 0
173000, 1207820, 0, 0, 0
173000, 411148, 1, 0, 0
174000, 1117388, 0, 0, 0
174000, 482387, 1, 0, 0
175000, 490411, 1, 0, 0
175000, 1115250, 0, 0, 0
176000, 467901, 1, 0, 0
176000, 1192558, 0, 0, 0
177000, 586897, 1, 0, 0
177000, 1172070, 0, 0, 0
178000, 989311, 0, 0, 0
178000, 553084, 1, 0, 0
179000, 440991, 1, 0, 0
179000, 1103831, 0, 0, 0
180000, 1075531, 0, 0, 0
180000, 418518, 1, 0, 0
181000, 389370, 1, 0, 0
181000, 1055796, 0, 0, 0
182000, 1044315, 0, 0, 0
182000, 234565, 1, 0, 0
183000, 1147694, 0, 0, 0
183000, 353757, 1, 0, 0
184000, 494424, 1, 0, 0
184000, 1124559, 0, 0, 0
185000, 1095726, 0, 0, 0
185000, 503571, 1, 0, 0
186000, 1170320, 0, 0, 0
186000, 490007, 1, 0, 0
187000, 406192, 1, 0, 0
187000, 1133401, 0, 0, 0
188000, 838921, 1, 0, 0
188001, 1055020, 0, 0, 0
189000, 1026996, 0, 0, 0
189000, 843261, 1, 0, 0
190000, 865961, 1, 0, 0
190000, 1085023, 0, 0, 0
191002, 1029728, 1, 0, 0
191002, 1007511, 0, 0, 0
192000, 816919, 1, 0, 0
192000, 994989, 0, 0, 0
193000, 1074302, 0, 0, 0
193000, 345948, 1, 0, 0
194000, 414328, 1, 0, 0
194000, 1033844, 0, 0, 0
195000, 392220, 1, 0, 0
195000, 1032389, 0, 0, 0
196000, 381816, 1, 0, 0
196000, 1026384, 0, 0, 0
197000, 768662, 1, 0, 0
197000, 1139257, 0, 0, 0
198000, 1065546, 0, 0, 0
198000, 844289, 1, 0, 0
199000, 787278, 1, 0, 0
199001, 1036506, 0, 0, 0
200001, 1110970, 0, 0, 0
200003, 865122, 1, 0, 0
201000, 898492, 1, 0, 0
201000, 1016165, 0, 0, 0
202000, 993155, 0, 0, 0
202000, 879944, 1, 0, 0
203003, 894080, 1, 0, 0
203004, 1087265, 0, 0, 0
204000, 1041218, 0, 0, 0
204003, 967009, 1, 0, 0
205000, 1070633, 0, 0, 0
205000, 954457, 1, 0, 0
206000, 575978, 1, 0, 0
206000, 1096628, 0, 0, 0
207000, 190212, 1, 0, 0
207000, 1015485, 0, 0, 0
208000, 1029033, 0, 0, 0
208000, 200633, 1, 0, 0
209000, 961278, 0, 0, 0
209000, 163850, 1, 0, 0
210000, 1003766, 0, 0, 0
210000, 164500, 1, 0, 0
211000, 169085, 1, 0, 0
211000, 954613, 0, 0, 0
212000, 173021, 1, 0, 0
212000, 937352, 0, 0, 0
213000, 158196, 1, 0, 0
213000, 1019571, 0, 0, 0
214000, 1000904, 0, 0, 0
214000, 255171, 1, 0, 0
215000, 972823, 0, 0, 0
215000, 267355, 1, 0, 0
216000, 854038, 0, 0, 0
216000, 285363, 1, 0, 0
217000, 774002, 0, 0, 0
217000, 269014, 1, 0, 0
218000, 748532, 0, 0, 0
218000, 275598, 1, 0, 0
219000, 741839, 0, 0, 0
219000, 288094, 1, 0, 0
220000, 722962, 0, 0, 0
220000, 296384, 1, 0, 0
221000, 600222, 0, 0, 0
221000, 351968, 1, 0, 0
222000, 648010, 0, 0, 0
222000, 337726, 1, 0, 0
223000, 611843, 0, 0, 0
223000, 340113, 1, 0, 0
224000, 342116, 1, 0, 0
224000, 609985, 0, 0, 0
225000, 591822, 0, 0, 0
225000, 358866, 1, 0, 0
226000, 355946, 1, 0, 0
226000, 594353, 0, 0, 0
227000, 347910, 1, 0, 0
227000, 602625, 0, 0, 0
228000, 305501, 1, 0, 0
228000, 715269, 0, 0, 0
229000, 293915, 1, 0, 0
229000, 705077, 0, 0, 0
230000, 299201, 1, 0, 0
230000, 730586, 0, 0, 0
231000, 284299, 1, 0, 0
231000, 748578, 0, 0, 0
232000, 279765, 1, 0, 0
232000, 764325, 0, 0, 0
233000, 772220, 0, 0, 0
233000, 275359, 1, 0, 0
234000, 844679, 0, 0, 0
234000, 252215, 1, 0, 0
235000, 263295, 1, 0, 0
235000, 769086, 0, 0, 0
236000, 769864, 0, 0, 0
236000, 263834, 1, 0, 0
237000, 761588, 0, 0, 0
237000, 273687, 1, 0, 0
238000, 289575, 1, 0, 0
238000, 699609, 0, 0, 0
239000, 284994, 1, 0, 0
239000, 737330, 0, 0, 0
240000, 258652, 1, 0, 0
240000, 786926, 0, 0, 0
241000, 818762, 0, 0, 0
241000, 235420, 1, 0, 0
242000, 230499, 1, 0, 0
242000, 816078, 0, 0, 0
243000, 231400, 1, 0, 0
243000, 805549, 0, 0, 0
244000, 245737, 1, 0, 0
244000, 773491, 0, 0, 0
245000, 774584, 0, 0, 0
245000, 243164, 1, 0, 0
246000, 228617, 1, 0, 0
246000, 879381, 0, 0, 0
247000, 412813, 1, 0, 0
247000, 1204020, 0, 0, 0
248000, 473741, 1, 0, 0
248000, 1137189, 0, 0, 0
249000, 1096318, 0, 0, 0
249000, 500256, 1, 0, 0
250000, 498906, 1, 0, 0
250000, 1096484, 0, 0, 0
251000, 1183475, 0, 0, 0
251000, 488868, 1, 0, 0
252000, 485884, 1, 0, 0
252000, 1130966, 0, 0, 0
253000, 510683, 1, 0, 0
253000, 1102363, 0, 0, 0
254000, 1088397, 0, 0, 0
254000, 520237, 1, 0, 0
255000, 1090901, 0, 0, 0
255000, 509896, 1, 0, 0
256000, 523957, 1, 0, 0
256000, 1137175, 0, 0, 0
257000, 483840, 1, 0, 0
257000, 1178024, 0, 0, 0
258000, 1118306, 0, 0, 0
258000, 494148, 1, 0, 0
259000, 1071507, 0, 0, 0
259000, 530260, 1, 0, 0
260000, 1085755, 0, 0, 0
260000, 513768, 1, 0, 0
261001, 1136678, 0, 0, 0
261005, 866244, 1, 0, 0
262000, 1026089, 0, 0, 0
262000, 1065903, 1, 0, 0
263000, 985906, 0, 0, 0
263007, 981167, 1, 0, 0
264000, 593270, 1, 0, 0
264000, 1079625, 0, 0, 0
265000, 1086183, 0, 0, 0
265000, 349867, 1, 0, 0
266000, 1084145, 0, 0, 0
266000, 515859, 1, 0, 0
267000, 602347, 1, 0, 0
267000, 995717, 0, 0, 0
268000, 1079902, 0, 0, 0
268000, 576722, 1, 0, 0
269000, 995311, 0, 0, 0
269000, 596060, 1, 0, 0
270011, 1006616, 0, 0, 0
270012, 588879, 1, 0, 0
271000, 1167893, 0, 0, 0
271000, 481097, 1, 0, 0
272000, 491687, 1, 0, 0
272000, 1117435, 0, 0, 0
273000, 502420, 1, 0, 0
273000, 1101317, 0, 0, 0
274000, 488986, 1, 0, 0
274000, 1000589, 0, 0, 0
275000, 630631, 0, 0, 0
275000, 418878, 1, 0, 0
276000, 634389, 0, 0, 0
276000, 415282, 1, 0, 0
277000, 688578, 0, 0, 0
277000, 405774, 1, 0, 0
278000, 645008, 0, 0, 0
278000, 410827, 1, 0, 0
279000, 406146, 1, 0, 0
279000, 648287, 0, 0, 0
280000, 635009, 0, 0, 0
280000, 418590, 1, 0, 0
281000, 424263, 1, 0, 0
281000, 630958, 0, 0, 0
282000, 421053, 1, 0, 0
282000, 634898, 0, 0, 0
283000, 396870, 1, 0, 0
283000, 709713, 0, 0, 0
284000, 759093, 0, 0, 0
284000, 349730, 1, 0, 0
285000, 344713, 1, 0, 0
285000, 764884, 0, 0, 0
286000, 868785, 0, 0, 0
286000, 308925, 1, 0, 0
287000, 826672, 0, 0, 0
287000, 314542, 1, 0, 0
288000, 823099, 0, 0, 0
288000, 318729, 1, 0, 0
289000, 317702, 1, 0, 0
289000, 814723, 0, 0, 0
290000, 868144, 0, 0, 0
290000, 300266, 1, 0, 0
291000, 304530, 1, 0, 0
291000, 834932, 0, 0, 0
292000, 286603, 1, 0, 0
292000, 867196, 0, 0, 0
293000, 289488, 1, 0, 0
293000, 923323, 0, 0, 0
294000, 286606, 1, 0, 0
294000, 959882, 0, 0, 0
295000, 518799, 1, 0, 0
295000, 1087405, 0, 0, 0
296000, 531329, 1, 0, 0
296000, 1064242, 0, 0, 0
297000, 526465, 1, 0, 0
297000, 1063182, 0, 0, 0
298000, 982044, 0, 0, 0
298000, 608110, 1, 0, 0
299000, 571635, 1, 0, 0
299000, 1124076, 0, 0, 0
300000, 523865, 1, 0, 0
300000, 1074429, 0, 0, 0
301000, 1078673, 0, 0, 0
301000, 531297, 1, 0, 0
302000, 1071206, 0, 0, 0
302000, 525847, 1, 0, 0
303000, 1052235, 0, 0, 0
303000, 548579, 1, 0, 0
304000, 545976, 1, 0, 0
304000, 1050035, 0, 0, 0
305001, 1127993, 0, 0, 0
305003, 752215, 1, 0, 0
306000, 992811, 0, 0, 0
306000, 1069446, 1, 0, 0
307000, 1002437, 0, 0, 0
307000, 481980, 1, 0, 0
308000, 1058119, 0, 0, 0
308000, 222902, 1, 0, 0
309000, 1195087, 0, 0, 0
309000, 475359, 1, 0, 0
310000, 500978, 1, 0, 0
310000, 1101458, 0, 0, 0
311000, 508925, 1, 0, 0
311000, 1083867, 0, 0, 0
312000, 1087498, 0, 0, 0
312000, 577020, 1, 0, 0
313000, 1071147, 0, 0, 0
313000, 970553, 1, 0, 0
314000, 1007748, 1, 0, 0
314000, 1017142, 0, 0, 0
315000, 1046758, 0, 0, 0
315000, 949756, 1, 0, 0
316000, 1111969, 0, 0, 0
316006, 950201, 1, 0, 0
317000, 1007588, 0, 0, 0
317000, 758277, 1, 0, 0
318000, 923564, 0, 0, 0
318000, 181426, 1, 0, 0
319000, 323204, 1, 0, 0
319000, 637580, 0, 0, 0
320000, 600932, 0, 0, 0
320000, 325160, 1, 0, 0
321000, 325793, 1, 0, 0
321000, 604271, 0, 0, 0
322000, 335243, 1, 0, 0
322000, 595142, 0, 0, 0
323000, 585337, 0, 0, 0
323000, 342478, 1, 0, 0
324000, 339524, 1, 0, 0
324000, 586795, 0, 0, 0
325000, 261505, 1, 0, 0
325000, 776333, 0, 0, 0
326000, 838707, 0, 0, 0
326000, 222810, 1, 0, 0
327000, 228340, 1, 0, 0
327000, 870790, 0, 0, 0
328000, 226218, 1, 0, 0
328000, 835386, 0, 0, 0
329000, 248534, 1, 0, 0
329000, 816216, 0, 0, 0
330000, 241203, 1, 0, 0
330000, 803469, 0, 0, 0
331000, 810279, 0, 0, 0
331000, 238881, 1, 0, 0
332000, 222455, 1, 0, 0
332000, 854018, 0, 0, 0
333000, 228228, 1, 0, 0
333000, 877357, 0, 0, 0
334000, 854135, 0, 0, 0
334000, 215278, 1, 0, 0
335000, 848608, 0, 0, 0
335000, 221774, 1, 0, 0
336000, 211478, 1, 0, 0
336000, 860651, 0, 0, 0
337000, 859789, 0, 0, 0
337000, 203253, 1, 0, 0
338000, 978127, 0, 0, 0
338000, 204153, 1, 0, 0
339000, 876877, 0, 0, 0
339000, 296951, 1, 0, 0
340000, 850084, 0, 0, 0
340000, 301281, 1, 0, 0
341000, 264113, 1, 0, 0
341000, 846162, 0, 0, 0
342000, 227629, 1, 0, 0
342000, 814023, 0, 0, 0
343000, 230949, 1, 0, 0
343000, 805638, 0, 0, 0
344000, 226914, 1, 0, 0
344000, 816329, 0, 0, 0
345000, 214187, 1, 0, 0
345000, 947648, 0, 0, 0
346000, 822698, 0, 0, 0
346000, 248361, 1, 0, 0
347000, 231589, 1, 0, 0
347000, 824419, 0, 0, 0
348000, 236557, 1, 0, 0
348000, 812850, 0, 0, 0
349000, 773711, 0, 0, 0
349000, 250541, 1, 0, 0
350000, 785548, 0, 0, 0
350000, 240909, 1, 0, 0
351000, 788906, 0, 0, 0
351000, 242490, 1, 0, 0
352000, 197995, 1, 0, 0
352000, 966407, 0, 0, 0
353000, 178483, 1, 0, 0
353000, 955350, 0, 0, 0
354000, 172085, 1, 0, 0
354000, 937505, 0, 0, 0
355000, 778352, 0, 0, 0
355000, 268140, 1, 0, 0
356000, 214247, 1, 0, 0
356000, 843223, 0, 0, 0
357000, 955433, 0, 0, 0
357000, 189758, 1, 0, 0
358000, 996513, 0, 0, 0
358000, 147633, 1, 0, 0
359000, 1037912, 0, 0, 0
359000, 194408, 1, 0, 0
360000, 975838, 0, 0, 0
360000, 163188, 1, 0, 0
361000, 1033852, 0, 0, 0
361000, 161134, 1, 0, 0
362000, 1062085, 0, 0, 0
362000, 424133, 1, 0, 0
363000, 1113251, 0, 0, 0
363000, 492784, 1, 0, 0
364000, 514558, 1, 0, 0
364000, 1085549, 0, 0, 0
365000, 1095793, 0, 0, 0
365000, 504966, 1, 0, 0
366000, 1170607, 0, 0, 0
366000, 489640, 1, 0, 0
367000, 1116936, 0, 0, 0
367000, 484483, 1, 0, 0
368000, 1198255, 0, 0, 0
368000, 458970, 1, 0, 0
369000, 512602, 1, 0, 0
369000, 1093605, 0, 0, 0
370000, 500654, 1, 0, 0
370000, 1107374, 0, 0, 0
371000, 1167187, 0, 0, 0
371000, 493905, 1, 0, 0
372000, 1141540, 0, 0, 0
372005, 508233, 1, 0, 0
373000, 734727, 1, 0, 0
373000, 1009666, 0, 0, 0
374000, 1034063, 0, 0, 0
374000, 747345, 1, 0, 0
375001, 788906, 1, 0, 0
375002, 1013450, 0, 0, 0
376000, 776047, 1, 0, 0
376000, 991678, 0, 0, 0
377000, 1003116, 0, 0, 0
377000, 623100, 1, 0, 0
378000, 251918, 1, 0, 0
378000, 1149110, 0, 0, 0
379000, 333577, 1, 0, 0
379000, 1064660, 0, 0, 0
380000, 521362, 1, 0, 0
380000, 1085071, 0, 0, 0
381000, 528282, 1, 0, 0
381000, 1069754, 0, 0, 0
382000, 498093, 1, 0, 0
382000, 1109351, 0, 0, 0
383000, 1170249, 0, 0, 0
383000, 459642, 1, 0, 0
384000, 482379, 1, 0, 0
384000, 1133484, 0, 0, 0
385000, 502289, 1, 0, 0
385000, 1103943, 0, 0, 0
386000, 1103166, 0, 0, 0
386000, 497975, 1, 0, 0
387000, 1173163, 0, 0, 0
387000, 486453, 1, 0, 0
388000, 1189557, 0, 0, 0
388000, 494262, 1, 0, 0
389000, 1067450, 0, 0, 0
389000, 502144, 1, 0, 0
390000, 494341, 1, 0, 0
390001, 1069091, 0, 0, 0
391000, 1085171, 0, 0, 0
391000, 384618, 1, 0, 0
392000, 1034495, 0, 0, 0
392000, 353326, 1, 0, 0
393000, 1007769, 0, 0, 0
393000, 274303, 1, 0, 0
394000, 1111097, 0, 0, 0
394000, 219836, 1, 0, 0
395000, 1062567, 0, 0, 0
395000, 229132, 1, 0, 0
396000, 357394, 1, 0, 0
396000, 1050495, 0, 0, 0
397000, 1170970, 0, 0, 0
397000, 385800, 1, 0, 0
398000, 1234621, 0, 0, 0
398000, 438265, 1, 0, 0
399000, 1166205, 0, 0, 0
399000, 443969, 1, 0, 0
400000, 447043, 1, 0, 0
400000, 1164974, 0, 0, 0
401000, 1160985, 0, 0, 0
401000, 442960, 1, 0, 0
402000, 412917, 1, 0, 0
402000, 1267882, 0, 0, 0
403000, 1194862, 0, 0, 0
403000, 428303, 1, 0, 0
404000, 1172786, 0, 0, 0
404000, 434777, 1, 0, 0
405000, 435514, 1, 0, 0
405000, 1173429, 0, 0, 0
406000, 390248, 1, 0, 0
406000, 1288455, 0, 0, 0
407000, 527627, 1, 0, 0
407000, 1197689, 0, 0, 0
408000, 503293, 1, 0, 0
408000, 1026875, 0, 0, 0
409000, 1093273, 0, 0, 0
409000, 646349, 1, 0, 0
410000, 1016514, 0, 0, 0
410002, 798397, 1, 0, 0
411000, 992118, 1, 0, 0
411000, 976276, 0, 0, 0
412006, 1057376, 1, 0, 0
412007, 1080839, 0, 0, 0
413000, 649785, 1, 0, 0
413000, 1059695, 0, 0, 0
414000, 1064947, 0, 0, 0
414000, 275913, 1, 0, 0
415000, 907218, 0, 0, 0
415000, 686686, 1, 0, 0
416000, 855117, 0, 0, 0
416000, 732147, 1, 0, 0
417000, 725078, 1, 0, 0
417000, 910242, 0, 0, 0
418000, 866868, 0, 0, 0
418000, 718473, 1, 0, 0
419000, 857831, 0, 0, 0
419000, 725274, 1, 0, 0
420000, 714643, 1, 0, 0
420000, 867481, 0, 0, 0
421000, 724435, 1, 0, 0
421000, 864028, 0, 0, 0
422000, 855797, 0, 0, 0
422000, 731077, 1, 0, 0
423000, 850157, 0, 0, 0
423000, 737769, 1, 0, 0
424000, 731150, 1, 0, 0
424000, 851407, 0, 0, 0
425000, 848322, 0, 0, 0
425000, 735236, 1, 0, 0
426000, 723209, 1, 0, 0
426000, 857894, 0, 0, 0
427000, 686721, 1, 0, 0
427000, 936559, 0, 0, 0
428000, 612220, 1, 0, 0
428000, 979079, 0, 0, 0
429000, 946952, 0, 0, 0
429000, 636751, 1, 0, 0
430000, 620346, 1, 0, 0
430000, 1034247, 0, 0, 0
431000, 626403, 1, 0, 0
431000, 979687, 0, 0, 0
432000, 639312, 1, 0, 0
432000, 954248, 0, 0, 0
433000, 949617, 0, 0, 0
433000, 646537, 1, 0, 0
434000, 949569, 0, 0, 0
434000, 643984, 1, 0, 0
435000, 944047, 0, 0, 0
435000, 645475, 1, 0, 0
436000, 641696, 1, 0, 0
436000, 953178, 0, 0, 0
437000, 616684, 1, 0, 0
437000, 1008000, 0, 0, 0
438000, 635557, 1, 0, 0
438000, 946375, 0, 0, 0
439000, 941815, 0, 0, 0
439000, 646698, 1, 0, 0
440000, 944534, 0, 0, 0
440000, 644892, 1, 0, 0
441000, 935232, 0, 0, 0
441000, 651717, 1, 0, 0
442000, 655869, 1, 0, 0
442000, 931454, 0, 0, 0
443000, 1040709, 0, 0, 0
443000, 597353, 1, 0, 0
444000, 561318, 1, 0, 0
444000, 1047825, 0, 0, 0
445000, 552291, 1, 0, 0
445000, 1053740, 0, 0, 0
446000, 1046027, 0, 0, 0
446000, 548756, 1, 0, 0
447000, 1123381, 0, 0, 0
447000, 518215, 1, 0, 0
448003, 771196, 1, 0, 0
448003, 1072743, 0, 0, 0
449000, 1057331, 1, 0, 0
449000, 1092157, 0, 0, 0
450000, 1010541, 0, 0, 0
450000, 1037179, 1, 0, 0
451000, 981490, 0, 0, 0
451005, 1063712, 1, 0, 0
452001, 1067850, 1, 0, 0
452002, 1078873, 0, 0, 0
453000, 1015534, 0, 0, 0
453000, 587237, 1, 0, 0
454000, 312355, 1, 0, 0
454000, 1026319, 0, 0, 0
455000, 645402, 0, 0, 0
455000, 331116, 1, 0, 0
456000, 325909, 1, 0, 0
456000, 601096, 0, 0, 0
457000, 318068, 1, 0, 0
457000, 642236, 0, 0, 0
458000, 329243, 1, 0, 0
458000, 594377, 0, 0, 0
459000, 599926, 0, 0, 0
459000, 325644, 1, 0, 0
460000, 582730, 0, 0, 0
460000, 342627, 1, 0, 0
461000, 339480, 1, 0, 0
461000, 585837, 0, 0, 0
462000, 615901, 0, 0, 0
462000, 328616, 1, 0, 0
463000, 907831, 0, 0, 0
463000, 225120, 1, 0, 0
464000, 860243, 0, 0, 0
464000, 223307, 1, 0, 0
465000, 847807, 0, 0, 0
465000, 226209, 1, 0, 0
466000, 806645, 0, 0, 0
466000, 243087, 1, 0, 0
467000, 805119, 0, 0, 0
467000, 240615, 1, 0, 0
468000, 234528, 1, 0, 0
468000, 808357, 0, 0, 0
469000, 220824, 1, 0, 0
469000, 915489, 0, 0, 0
470000, 237822, 1, 0, 0
470000, 797638, 0, 0, 0
471000, 237609, 1, 0, 0
471000, 806339, 0, 0, 0
472000, 228918, 1, 0, 0
472000, 816774, 0, 0, 0
473000, 233366, 1, 0, 0
473000, 811509, 0, 0, 0
474000, 835083, 0, 0, 0
474000, 227686, 1, 0, 0
475000, 877375, 0, 0, 0
475000, 229940, 1, 0, 0
476000, 181561, 1, 0, 0
476000, 982942, 0, 0, 0
477000, 176684, 1, 0, 0
477000, 989565, 0, 0, 0
478000, 1056476, 0, 0, 0
478000, 327457, 1, 0, 0
479000, 512361, 1, 0, 0
479000, 1091386, 0, 0, 0
480000, 510246, 1, 0, 0
480000, 1150072, 0, 0, 0
480000, 582751, 0, 0, 0
480000, 423431, 1, 0, 0
