1000, 825597, 1, 0, 0
1000, 1113182, 0, 0, 0
2000, 762380, 1, 0, 0
2000, 1221878, 0, 0, 0
3000, 825219, 1, 0, 0
3000, 1155314, 0, 0, 0
4000, 803848, 1, 0, 0
4000, 1117554, 0, 0, 0
5000, 926438, 0, 0, 0
5000, 728472, 1, 0, 0
6000, 722015, 1, 0, 0
6000, 856051, 0, 0, 0
7000, 729490, 1, 0, 0
7000, 845586, 0, 0, 0
8000, 723481, 1, 0, 0
8000, 848751, 0, 0, 0
9000, 851918, 0, 0, 0
9000, 726282, 1, 0, 0
10000, 724624, 1, 0, 0
10000, 858876, 0, 0, 0
11000, 911925, 0, 0, 0
11000, 707922, 1, 0, 0
12000, 862545, 0, 0, 0
12000, 719126, 1, 0, 0
13000, 717885, 1, 0, 0
13000, 860798, 0, 0, 0
14000, 718859, 1, 0, 0
14000, 862682, 0, 0, 0
15000, 717285, 1, 0, 0
15000, 860708, 0, 0, 0
16000, 721491, 1, 0, 0
16000, 852365, 0, 0, 0
17000, 729947, 1, 0, 0
17000, 851054, 0, 0, 0
18000, 726054, 1, 0, 0
18000, 848799, 0, 0, 0
19000, 725762, 1, 0, 0
19000, 853339, 0, 0, 0
20000, 857698, 0, 0, 0
20000, 724563, 1, 0, 0
21000, 709668, 1, 0, 0
21000, 905239, 0, 0, 0
22000, 722937, 1, 0, 0
22000, 855243, 0, 0, 0
23000, 855089, 0, 0, 0
23000, 716428, 1, 0, 0
24000, 716616, 1, 0, 0
24000, 856801, 0, 0, 0
25000, 856464, 0, 0, 0
25000, 718856, 1, 0, 0
26000, 849998, 0, 0, 0
26000, 727319, 1, 0, 0
27000, 724742, 1, 0, 0
27000, 845123, 0, 0, 0
28000, 847659, 0, 0, 0
28000, 723941, 1, 0, 0
29000, 851368, 0, 0, 0
29000, 724237, 1, 0, 0
30000, 856812, 0, 0, 0
30000, 718913, 1, 0, 0
31000, 708203, 1, 0, 0
31000, 909203, 0, 0, 0
32000, 856936, 0, 0, 0
32000, 724455, 1, 0, 0
33000, 723386, 1, 0, 0
33000, 861809, 0, 0, 0
34000, 719116, 1, 0, 0
34000, 859182, 0, 0, 0
35000, 855812, 0, 0, 0
35000, 717782, 1, 0, 0
36000, 726370, 1, 0, 0
36000, 848371, 0, 0, 0
37000, 851943, 0, 0, 0
37000, 729218, 1, 0, 0
38000, 725348, 1, 0, 0
38000, 849962, 0, 0, 0
39000, 727226, 1, 0, 0
39000, 852006, 0, 0, 0
40000, 934520, 0, 0, 0
40000, 687735, 1, 0, 0
41000, 424190, 1, 0, 0
41000, 1259964, 0, 0, 0
42000, 439623, 1, 0, 0
42000, 1172598, 0, 0, 0
43000, 1114989, 0, 0, 0
43000, 490045, 1, 0, 0
44000, 563794, 1, 0, 0
44000, 1016753, 0, 0, 0
45000, 561552, 1, 0, 0
45000, 1026916, 0, 0, 0
46000, 1065999, 0, 0, 0
46000, 568357, 1, 0, 0
47000, 1027196, 0, 0, 0
47000, 557716, 1, 0, 0
48000, 546933, 1, 0, 0
48000, 1038068, 0, 0, 0
49000, 1027540, 0, 0, 0
49000, 560314, 1, 0, 0
50000, 546349, 1, 0, 0
50000, 1079062, 0, 0, 0
51000, 1040931, 0, 0, 0
51000, 545058, 1, 0, 0
52000, 559808, 1, 0, 0
52000, 1031970, 0, 0, 0
53000, 1095752, 0, 0, 0
53000, 546792, 1, 0, 0
54000, 1056493, 0, 0, 0
54000, 538490, 1, 0, 0
55000, 1103559, 0, 0, 0
55000, 492993, 1, 0, 0
56000, 1140464, 0, 0, 0
56000, 457871, 1, 0, 0
57000, 1130621, 0, 0, 0
57000, 460054, 1, 0, 0
58000, 1227621, 0, 0, 0
58000, 426945, 1, 0, 0
59000, 1178256, 0, 0, 0
59000, 426311, 1, 0, 0
60014, 1163731, 0, 0, 0
60014, 454656, 1, 0, 0
61019, 1262091, 0, 0, 0
61019, 555956, 1, 0, 0
62000, 1214862, 0, 0, 0
62002, 736914, 1, 0, 0
63000, 1138310, 0, 0, 0
63000, 757979, 1, 0, 0
64000, 1149607, 0, 0, 0
64000, 741025, 1, 0, 0
65000, 780536, 1, 0, 0
65000, 1228817, 0, 0, 0
66000, 1146356, 0, 0, 0
66000, 768536, 1, 0, 0
67000, 1114428, 0, 0, 0
67000, 753798, 1, 0, 0
68000, 1169677, 0, 0, 0
68000, 555842, 1, 0, 0
69000, 1087203, 0, 0, 0
69000, 506764, 1, 0, 0
70000, 504648, 1, 0, 0
70000, 1087588, 0, 0, 0
71000, 1071703, 0, 0, 0
71000, 511531, 1, 0, 0
72000, 1062400, 0, 0, 0
72000, 575232, 1, 0, 0
73000, 980038, 0, 0, 0
73000, 606727, 1, 0, 0
74000, 1036340, 0, 0, 0
74000, 606518, 1, 0, 0
75000, 1063010, 0, 0, 0
75000, 524217, 1, 0, 0
76000, 518721, 1, 0, 0
76000, 1073292, 0, 0, 0
77000, 1045092, 0, 0, 0
77000, 534870, 1, 0, 0
78000, 1030521, 0, 0, 0
78000, 551006, 1, 0, 0
79000, 606496, 1, 0, 0
79000, 975125, 0, 0, 0
80000, 849978, 0, 0, 0
80000, 726481, 1, 0, 0
81000, 720223, 1, 0, 0
81000, 861072, 0, 0, 0
82000, 910438, 0, 0, 0
82000, 705161, 1, 0, 0
83000, 854790, 0, 0, 0
83000, 724542, 1, 0, 0
84000, 858571, 0, 0, 0
84000, 717716, 1, 0, 0
85000, 858645, 0, 0, 0
85000, 717385, 1, 0, 0
86000, 714728, 1, 0, 0
86000, 853928, 0, 0, 0
87000, 850135, 0, 0, 0
87000, 725366, 1, 0, 0
88000, 725430, 1, 0, 0
88000, 846553, 0, 0, 0
89000, 848056, 0, 0, 0
89000, 725614, 1, 0, 0
90000, 849862, 0, 0, 0
90000, 725237, 1, 0, 0
91000, 706739, 1, 0, 0
91000, 913815, 0, 0, 0
92000, 613384, 1, 0, 0
92000, 973672, 0, 0, 0
93000, 631973, 1, 0, 0
93000, 1006938, 0, 0, 0
94000, 959774, 0, 0, 0
94000, 617156, 1, 0, 0
95000, 959815, 0, 0, 0
95000, 627989, 1, 0, 0
96000, 630103, 1, 0, 0
96000, 958323, 0, 0, 0
97000, 950317, 0, 0, 0
97000, 633039, 1, 0, 0
98000, 941858, 0, 0, 0
98000, 639188, 1, 0, 0
99000, 944230, 0, 0, 0
99000, 640917, 1, 0, 0
100000, 940780, 0, 0, 0
100000, 641747, 1, 0, 0
101000, 648139, 1, 0, 0
101000, 1013522, 0, 0, 0
102008, 1192900, 0, 0, 0
102008, 519537, 1, 0, 0
103000, 1216177, 0, 0, 0
103000, 778028, 1, 0, 0
104000, 774826, 1, 0, 0
104000, 1136304, 0, 0, 0
105000, 788059, 1, 0, 0
105000, 1139420, 0, 0, 0
106000, 1201251, 0, 0, 0
106000, 491104, 1, 0, 0
107000, 460256, 1, 0, 0
107000, 1141675, 0, 0, 0
108000, 1114232, 0, 0, 0
108000, 482441, 1, 0, 0
109000, 1103432, 0, 0, 0
109000, 482763, 1, 0, 0
110000, 510880, 1, 0, 0
110000, 1144059, 0, 0, 0
111000, 601025, 1, 0, 0
111000, 995341, 0, 0, 0
112000, 1092685, 0, 0, 0
112000, 555700, 1, 0, 0
113000, 1029609, 0, 0, 0
113000, 562691, 1, 0, 0
114000, 1017441, 0, 0, 0
114000, 564770, 1, 0, 0
115000, 576671, 1, 0, 0
115000, 1007409, 0, 0, 0
116000, 570580, 1, 0, 0
116000, 1011095, 0, 0, 0
117000, 1011142, 0, 0, 0
117000, 576803, 1, 0, 0
118000, 577873, 1, 0, 0
118000, 1059613, 0, 0, 0
119000, 1010767, 0, 0, 0
119000, 575948, 1, 0, 0
120000, 572716, 1, 0, 0
120000, 1015608, 0, 0, 0
121000, 1013024, 0, 0, 0
121000, 576014, 1, 0, 0
122000, 1053781, 0, 0, 0
122000, 574549, 1, 0, 0
123000, 619077, 1, 0, 0
123000, 954145, 0, 0, 0
124000, 958044, 0, 0, 0
124000, 627992, 1, 0, 0
125000, 618641, 1, 0, 0
125000, 959265, 0, 0, 0
126000, 959628, 0, 0, 0
126000, 627583, 1, 0, 0
127000, 601703, 1, 0, 0
127000, 1037013, 0, 0, 0
128000, 1007953, 0, 0, 0
128000, 581216, 1, 0, 0
129000, 575943, 1, 0, 0
129000, 1011646, 0, 0, 0
130000, 1004256, 0, 0, 0
130000, 581375, 1, 0, 0
131000, 713478, 1, 0, 0
131000, 864036, 0, 0, 0
132000, 916590, 0, 0, 0
132000, 715349, 1, 0, 0
133000, 721582, 1, 0, 0
133000, 859401, 0, 0, 0
134000, 854627, 0, 0, 0
134000, 719406, 1, 0, 0
135000, 720851, 1, 0, 0
135000, 858996, 0, 0, 0
136000, 855805, 0, 0, 0
136000, 719861, 1, 0, 0
137000, 725848, 1, 0, 0
137000, 852981, 0, 0, 0
138000, 846851, 0, 0, 0
138000, 729933, 1, 0, 0
139000, 727919, 1, 0, 0
139000, 851143, 0, 0, 0
140000, 723180, 1, 0, 0
140000, 849613, 0, 0, 0
141000, 721819, 1, 0, 0
141000, 853998, 0, 0, 0
142000, 712129, 1, 0, 0
142000, 903469, 0, 0, 0
143000, 719096, 1, 0, 0
143000, 854984, 0, 0, 0
144000, 719479, 1, 0, 0
144000, 860305, 0, 0, 0
145000, 721420, 1, 0, 0
145000, 858038, 0, 0, 0
146000, 717227, 1, 0, 0
146000, 858058, 0, 0, 0
147000, 852742, 0, 0, 0
147000, 726329, 1, 0, 0
148000, 848510, 0, 0, 0
148000, 729345, 1, 0, 0
149000, 851148, 0, 0, 0
149000, 726736, 1, 0, 0
150000, 722095, 1, 0, 0
150000, 846835, 0, 0, 0
151000, 719866, 1, 0, 0
151000, 855523, 0, 0, 0
152000, 839052, 1, 0, 0
152000, 1122550, 0, 0, 0
153000, 766531, 1, 0, 0
153000, 1210989, 0, 0, 0
154000, 785088, 1, 0, 0
154000, 1158330, 0, 0, 0
155000, 1125800, 0, 0, 0
155000, 795809, 1, 0, 0
156000, 792481, 1, 0, 0
156000, 1132328, 0, 0, 0
157000, 786157, 1, 0, 0
157000, 1231485, 0, 0, 0
158000, 1150526, 0, 0, 0
158000, 758123, 1, 0, 0
159000, 741472, 1, 0, 0
159000, 1034674, 0, 0, 0
160000, 727485, 1, 0, 0
160000, 850025, 0, 0, 0
161000, 849911, 0, 0, 0
161000, 724791, 1, 0, 0
162000, 723074, 1, 0, 0
162000, 852161, 0, 0, 0
163000, 712701, 1, 0, 0
163000, 912614, 0, 0, 0
164000, 856464, 0, 0, 0
164000, 718167, 1, 0, 0
165000, 718482, 1, 0, 0
165000, 853771, 0, 0, 0
166000, 723438, 1, 0, 0
166000, 861511, 0, 0, 0
167000, 854091, 0, 0, 0
167000, 716160, 1, 0, 0
168000, 726165, 1, 0, 0
168000, 853318, 0, 0, 0
169000, 729018, 1, 0, 0
169000, 848345, 0, 0, 0
170000, 721765, 1, 0, 0
170000, 845992, 0, 0, 0
171000, 849333, 0, 0, 0
171000, 723707, 1, 0, 0
172000, 855529, 0, 0, 0
172000, 722545, 1, 0, 0
173000, 1153088, 0, 0, 0
173000, 677244, 1, 0, 0
174000, 498000, 1, 0, 0
174000, 1099693, 0, 0, 0
175000, 499997, 1, 0, 0
175000, 1096435, 0, 0, 0
176000, 1079456, 0, 0, 0
176000, 513673, 1, 0, 0
177000, 1030860, 0, 0, 0
177000, 560511, 1, 0, 0
178000, 978443, 0, 0, 0
178000, 606817, 1, 0, 0
179000, 973352, 0, 0, 0
179000, 608994, 1, 0, 0
180000, 717946, 1, 0, 0
180000, 857797, 0, 0, 0
181000, 728319, 1, 0, 0
181000, 851059, 0, 0, 0
182000, 855578, 0, 0, 0
182000, 722940, 1, 0, 0
183000, 908581, 0, 0, 0
183000, 706636, 1, 0, 0
184000, 856910, 0, 0, 0
184000, 719945, 1, 0, 0
185000, 858140, 0, 0, 0
185000, 717892, 1, 0, 0
186000, 861493, 0, 0, 0
186000, 717965, 1, 0, 0
187000, 860294, 0, 0, 0
187000, 722205, 1, 0, 0
188000, 852023, 0, 0, 0
188000, 726524, 1, 0, 0
189000, 849102, 0, 0, 0
189000, 730191, 1, 0, 0
190000, 729351, 1, 0, 0
190000, 850993, 0, 0, 0
191000, 724101, 1, 0, 0
191000, 850930, 0, 0, 0
192000, 721625, 1, 0, 0
192000, 856083, 0, 0, 0
193000, 673948, 1, 0, 0
193000, 1005339, 0, 0, 0
194000, 909844, 0, 0, 0
194000, 669968, 1, 0, 0
195000, 918221, 0, 0, 0
195000, 672382, 1, 0, 0
196000, 908247, 0, 0, 0
196000, 677177, 1, 0, 0
197000, 674998, 1, 0, 0
197000, 906662, 0, 0, 0
198000, 681775, 1, 0, 0
198000, 893439, 0, 0, 0
199000, 898358, 0, 0, 0
199000, 692117, 1, 0, 0
200000, 894522, 0, 0, 0
200000, 683520, 1, 0, 0
201000, 901364, 0, 0, 0
201000, 688094, 1, 0, 0
202000, 900765, 0, 0, 0
202000, 680336, 1, 0, 0
203000, 653149, 1, 0, 0
203000, 973186, 0, 0, 0
204000, 919234, 0, 0, 0
204000, 662360, 1, 0, 0
205000, 917766, 0, 0, 0
205000, 663103, 1, 0, 0
206000, 917626, 0, 0, 0
206000, 665841, 1, 0, 0
207000, 670356, 1, 0, 0
207000, 906639, 0, 0, 0
208000, 657205, 1, 0, 0
208000, 917338, 0, 0, 0
209000, 939051, 0, 0, 0
209000, 639912, 1, 0, 0
210000, 642721, 1, 0, 0
210000, 938877, 0, 0, 0
211000, 938049, 0, 0, 0
211000, 645556, 1, 0, 0
212000, 627795, 1, 0, 0
212000, 957907, 0, 0, 0
213000, 561470, 1, 0, 0
213000, 1136344, 0, 0, 0
214000, 577857, 1, 0, 0
214000, 1009423, 0, 0, 0
215000, 1025860, 0, 0, 0
215000, 565735, 1, 0, 0
216000, 505464, 1, 0, 0
216000, 1079828, 0, 0, 0
217000, 486208, 1, 0, 0
217000, 1096624, 0, 0, 0
218000, 497950, 1, 0, 0
218000, 1102684, 0, 0, 0
219000, 1163730, 0, 0, 0
219000, 480497, 1, 0, 0
220000, 694593, 1, 0, 0
220000, 1163257, 0, 0, 0
221000, 704167, 1, 0, 0
221000, 1128396, 0, 0, 0
222000, 990657, 0, 0, 0
222000, 722186, 1, 0, 0
223000, 713461, 1, 0, 0
223000, 908893, 0, 0, 0
224000, 722688, 1, 0, 0
224000, 856649, 0, 0, 0
225000, 720400, 1, 0, 0
225000, 856492, 0, 0, 0
226000, 722976, 1, 0, 0
226000, 862775, 0, 0, 0
227000, 857444, 0, 0, 0
227000, 717052, 1, 0, 0
228000, 849467, 0, 0, 0
228000, 723871, 1, 0, 0
229000, 848190, 0, 0, 0
229000, 731556, 1, 0, 0
230000, 856018, 0, 0, 0
230000, 732150, 1, 0, 0
231000, 849504, 0, 0, 0
231000, 724560, 1, 0, 0
232000, 855611, 0, 0, 0
232000, 725367, 1, 0, 0
233000, 513414, 1, 0, 0
233000, 1199342, 0, 0, 0
234000, 1146019, 0, 0, 0
234000, 456279, 1, 0, 0
235000, 464765, 1, 0, 0
235000, 1131923, 0, 0, 0
236000, 560743, 1, 0, 0
236000, 1027668, 0, 0, 0
237000, 568607, 1, 0, 0
237000, 1020225, 0, 0, 0
238000, 569575, 1, 0, 0
238000, 1074692, 0, 0, 0
239000, 545594, 1, 0, 0
239000, 1044172, 0, 0, 0
240000, 541567, 1, 0, 0
240000, 1052408, 0, 0, 0
241000, 1052030, 0, 0, 0
241000, 543126, 1, 0, 0
242000, 559944, 1, 0, 0
242000, 1022076, 0, 0, 0
243000, 1181917, 0, 0, 0
243000, 709895, 1, 0, 0
244000, 1209248, 0, 0, 0
244000, 753863, 1, 0, 0
245000, 1140152, 0, 0, 0
245002, 749053, 1, 0, 0
246000, 748630, 1, 0, 0
246000, 1119881, 0, 0, 0
247000, 734149, 1, 0, 0
247000, 1223113, 0, 0, 0
248000, 1141821, 0, 0, 0
248000, 785777, 1, 0, 0
249000, 722581, 1, 0, 0
249000, 1137263, 0, 0, 0
250000, 708681, 1, 0, 0
250000, 1216607, 0, 0, 0
251000, 1146022, 0, 0, 0
251000, 794908, 1, 0, 0
252000, 1119282, 0, 0, 0
252001, 754392, 1, 0, 0
253000, 916493, 0, 0, 0
253000, 737631, 1, 0, 0
254000, 715730, 1, 0, 0
254000, 909518, 0, 0, 0
255000, 861087, 0, 0, 0
255000, 708597, 1, 0, 0
256000, 856442, 0, 0, 0
256000, 721327, 1, 0, 0
257000, 862436, 0, 0, 0
257000, 717476, 1, 0, 0
258000, 720437, 1, 0, 0
258000, 855316, 0, 0, 0
259000, 856372, 0, 0, 0
259000, 720485, 1, 0, 0
260000, 846525, 0, 0, 0
260000, 725083, 1, 0, 0
261000, 726754, 1, 0, 0
261000, 848560, 0, 0, 0
262000, 722881, 1, 0, 0
262000, 848665, 0, 0, 0
263000, 724271, 1, 0, 0
263000, 853915, 0, 0, 0
264000, 677535, 1, 0, 0
264000, 946773, 0, 0, 0
265000, 566977, 1, 0, 0
265000, 1077164, 0, 0, 0
266000, 1029084, 0, 0, 0
266000, 564102, 1, 0, 0
267000, 1016121, 0, 0, 0
267000, 578013, 1, 0, 0
268000, 961726, 0, 0, 0
268000, 630343, 1, 0, 0
269000, 632645, 1, 0, 0
269000, 958751, 0, 0, 0
270000, 641628, 1, 0, 0
270000, 942757, 0, 0, 0
271000, 646545, 1, 0, 0
271000, 935832, 0, 0, 0
272000, 935052, 0, 0, 0
272000, 648854, 1, 0, 0
273000, 646665, 1, 0, 0
273000, 932979, 0, 0, 0
274000, 1018417, 0, 0, 0
274000, 609384, 1, 0, 0
275000, 1003509, 0, 0, 0
275000, 591041, 1, 0, 0
276000, 593316, 1, 0, 0
276000, 1050406, 0, 0, 0
277000, 1004831, 0, 0, 0
277000, 592244, 1, 0, 0
278000, 1044241, 0, 0, 0
278000, 555959, 1, 0, 0
279000, 539091, 1, 0, 0
279000, 1053015, 0, 0, 0
280000, 559325, 1, 0, 0
280000, 1019919, 0, 0, 0
281000, 1037200, 0, 0, 0
281000, 557975, 1, 0, 0
282000, 541864, 1, 0, 0
282000, 1052695, 0, 0, 0
283000, 1324600, 0, 0, 0
283000, 367462, 1, 0, 0
284000, 529977, 1, 0, 0
284000, 1305311, 0, 0, 0
285000, 441596, 1, 0, 0
285000, 1237181, 0, 0, 0
286000, 1285385, 0, 0, 0
286000, 478016, 1, 0, 0
287000, 479415, 1, 0, 0
287000, 1249994, 0, 0, 0
288000, 1064456, 0, 0, 0
288000, 539101, 1, 0, 0
289000, 537819, 1, 0, 0
289000, 1058957, 0, 0, 0
290000, 530890, 1, 0, 0
290000, 1109720, 0, 0, 0
291000, 523038, 1, 0, 0
291000, 1079442, 0, 0, 0
292000, 1084655, 0, 0, 0
292000, 519309, 1, 0, 0
293000, 537975, 1, 0, 0
293000, 1061742, 0, 0, 0
294000, 554354, 1, 0, 0
294000, 1021111, 0, 0, 0
295000, 415777, 1, 0, 0
295000, 1246229, 0, 0, 0
296000, 408817, 1, 0, 0
296000, 1257854, 0, 0, 0
297000, 1203934, 0, 0, 0
297000, 402642, 1, 0, 0
298000, 1164955, 0, 0, 0
298000, 427028, 1, 0, 0
299000, 449733, 1, 0, 0
299000, 1236785, 0, 0, 0
300000, 803651, 1, 0, 0
300000, 1145414, 0, 0, 0
301000, 720103, 1, 0, 0
301000, 1139390, 0, 0, 0
302000, 729140, 1, 0, 0
302000, 1192131, 0, 0, 0
303000, 802580, 1, 0, 0
303000, 1155633, 0, 0, 0
304000, 675963, 1, 0, 0
304000, 1064735, 0, 0, 0
305000, 717705, 1, 0, 0
305000, 915589, 0, 0, 0
306000, 714087, 1, 0, 0
306000, 860737, 0, 0, 0
307000, 721797, 1, 0, 0
307000, 856818, 0, 0, 0
308000, 859487, 0, 0, 0
308000, 716768, 1, 0, 0
309000, 723490, 1, 0, 0
309000, 856247, 0, 0, 0
310000, 857603, 0, 0, 0
310000, 719185, 1, 0, 0
311000, 850016, 0, 0, 0
311000, 729051, 1, 0, 0
312000, 850632, 0, 0, 0
312000, 728378, 1, 0, 0
313000, 848680, 0, 0, 0
313000, 727169, 1, 0, 0
314000, 849107, 0, 0, 0
314000, 726184, 1, 0, 0
315000, 958478, 0, 0, 0
315000, 667877, 1, 0, 0
316000, 526580, 1, 0, 0
316000, 1059621, 0, 0, 0
317000, 1062365, 0, 0, 0
317000, 536434, 1, 0, 0
318000, 1146245, 0, 0, 0
318000, 513288, 1, 0, 0
319000, 1082930, 0, 0, 0
319000, 514238, 1, 0, 0
320000, 1040293, 0, 0, 0
320000, 564599, 1, 0, 0
321000, 548550, 1, 0, 0
321000, 1038469, 0, 0, 0
322000, 1027438, 0, 0, 0
322000, 555476, 1, 0, 0
323000, 1036051, 0, 0, 0
323000, 549535, 1, 0, 0
324000, 1194000, 0, 0, 0
324000, 487452, 1, 0, 0
325000, 1315116, 0, 0, 0
325000, 457152, 1, 0, 0
326000, 380638, 1, 0, 0
326000, 1236079, 0, 0, 0
327000, 487696, 1, 0, 0
327000, 1256038, 0, 0, 0
328000, 513681, 1, 0, 0
328000, 1243523, 0, 0, 0
329000, 561448, 1, 0, 0
329000, 1198704, 0, 0, 0
330000, 788273, 1, 0, 0
330000, 1133331, 0, 0, 0
331000, 1225614, 0, 0, 0
331000, 765351, 1, 0, 0
332000, 738265, 1, 0, 0
332000, 1142669, 0, 0, 0
333000, 760634, 1, 0, 0
333000, 1113704, 0, 0, 0
334000, 1217349, 0, 0, 0
334000, 742138, 1, 0, 0
335000, 720920, 1, 0, 0
335000, 1171984, 0, 0, 0
336000, 713960, 1, 0, 0
336000, 1158802, 0, 0, 0
337000, 939686, 0, 0, 0
337000, 710076, 1, 0, 0
338000, 861006, 0, 0, 0
338000, 722258, 1, 0, 0
339000, 721017, 1, 0, 0
339000, 860352, 0, 0, 0
340000, 716876, 1, 0, 0
340000, 861227, 0, 0, 0
341000, 858796, 0, 0, 0
341000, 720328, 1, 0, 0
342000, 727571, 1, 0, 0
342000, 853634, 0, 0, 0
343000, 734680, 1, 0, 0
343000, 851585, 0, 0, 0
344000, 854627, 0, 0, 0
344000, 730090, 1, 0, 0
345000, 726975, 1, 0, 0
345000, 856593, 0, 0, 0
346000, 721723, 1, 0, 0
346000, 859495, 0, 0, 0
347000, 601267, 1, 0, 0
347000, 1091974, 0, 0, 0
348000, 585001, 1, 0, 0
348000, 1010668, 0, 0, 0
349000, 579563, 1, 0, 0
349000, 1011810, 0, 0, 0
350000, 581860, 1, 0, 0
350000, 1002389, 0, 0, 0
351000, 592038, 1, 0, 0
351000, 1000095, 0, 0, 0
352000, 966637, 0, 0, 0
352000, 603860, 1, 0, 0
353000, 974175, 0, 0, 0
353000, 608931, 1, 0, 0
354000, 977768, 0, 0, 0
354000, 603809, 1, 0, 0
355000, 606560, 1, 0, 0
355000, 976791, 0, 0, 0
356000, 1023389, 0, 0, 0
356000, 614903, 1, 0, 0
357000, 1085383, 0, 0, 0
357000, 558850, 1, 0, 0
358000, 575715, 1, 0, 0
358000, 1015869, 0, 0, 0
359000, 1022462, 0, 0, 0
359000, 567999, 1, 0, 0
360000, 999068, 0, 0, 0
360000, 580204, 1, 0, 0
361000, 597796, 1, 0, 0
361000, 983663, 0, 0, 0
362000, 594389, 1, 0, 0
362000, 985777, 0, 0, 0
363000, 972833, 0, 0, 0
363000, 615555, 1, 0, 0
364000, 720030, 1, 0, 0
364000, 845663, 0, 0, 0
365000, 722794, 1, 0, 0
365000, 849513, 0, 0, 0
366000, 854302, 0, 0, 0
366000, 714485, 1, 0, 0
367000, 908129, 0, 0, 0
367000, 707997, 1, 0, 0
368000, 861870, 0, 0, 0
368000, 719365, 1, 0, 0
369000, 860860, 0, 0, 0
369000, 716109, 1, 0, 0
370000, 721913, 1, 0, 0
370000, 858125, 0, 0, 0
371000, 720759, 1, 0, 0
371000, 859177, 0, 0, 0
372000, 728254, 1, 0, 0
372000, 852309, 0, 0, 0
373000, 851691, 0, 0, 0
373000, 726826, 1, 0, 0
374000, 851010, 0, 0, 0
374000, 723237, 1, 0, 0
375000, 855909, 0, 0, 0
375000, 727749, 1, 0, 0
376000, 734609, 1, 0, 0
376001, 916745, 0, 0, 0
377000, 1265169, 0, 0, 0
377002, 579326, 1, 0, 0
378000, 1217029, 0, 0, 0
378000, 550855, 1, 0, 0
379000, 1162636, 0, 0, 0
379000, 626887, 1, 0, 0
380000, 775825, 1, 0, 0
380000, 1204737, 0, 0, 0
381000, 819389, 1, 0, 0
381000, 1146850, 0, 0, 0
382000, 764237, 1, 0, 0
382000, 1119335, 0, 0, 0
383000, 769958, 1, 0, 0
383000, 1201753, 0, 0, 0
384000, 1145832, 0, 0, 0
384000, 801722, 1, 0, 0
385000, 1139208, 0, 0, 0
385000, 795962, 1, 0, 0
386000, 1192193, 0, 0, 0
386000, 702533, 1, 0, 0
387000, 1109917, 0, 0, 0
387000, 500261, 1, 0, 0
388000, 1187090, 0, 0, 0
388000, 460519, 1, 0, 0
389000, 508436, 1, 0, 0
389000, 1086087, 0, 0, 0
390000, 505293, 1, 0, 0
390000, 1094009, 0, 0, 0
391000, 1017179, 0, 0, 0
391000, 574829, 1, 0, 0
392000, 1127666, 0, 0, 0
392000, 523544, 1, 0, 0
393000, 524036, 1, 0, 0
393000, 1085139, 0, 0, 0
394000, 523855, 1, 0, 0
394000, 1069281, 0, 0, 0
395000, 1045150, 0, 0, 0
395000, 539388, 1, 0, 0
396000, 604733, 1, 0, 0
396000, 973591, 0, 0, 0
397000, 724215, 1, 0, 0
397000, 851798, 0, 0, 0
398000, 911015, 0, 0, 0
398000, 707687, 1, 0, 0
399000, 859528, 0, 0, 0
399000, 713571, 1, 0, 0
400000, 861463, 0, 0, 0
400000, 722327, 1, 0, 0
401000, 716804, 1, 0, 0
401000, 859532, 0, 0, 0
402000, 860835, 0, 0, 0
402000, 720616, 1, 0, 0
403000, 724341, 1, 0, 0
403000, 852562, 0, 0, 0
404000, 728052, 1, 0, 0
404000, 847116, 0, 0, 0
405000, 852523, 0, 0, 0
405000, 727274, 1, 0, 0
406000, 852221, 0, 0, 0
406000, 725005, 1, 0, 0
407000, 720413, 1, 0, 0
407000, 852430, 0, 0, 0
408000, 1018871, 0, 0, 0
408000, 612048, 1, 0, 0
409000, 1049850, 0, 0, 0
409000, 577879, 1, 0, 0
410000, 1032866, 0, 0, 0
410000, 562884, 1, 0, 0
411000, 608216, 1, 0, 0
411000, 973672, 0, 0, 0
412000, 965919, 0, 0, 0
412000, 621564, 1, 0, 0
413000, 637407, 1, 0, 0
413000, 949789, 0, 0, 0
414000, 947222, 0, 0, 0
414000, 639199, 1, 0, 0
415000, 644226, 1, 0, 0
415000, 940260, 0, 0, 0
416000, 937885, 0, 0, 0
416000, 641946, 1, 0, 0
417000, 944561, 0, 0, 0
417000, 638669, 1, 0, 0
418000, 625557, 1, 0, 0
418000, 1008638, 0, 0, 0
419000, 940002, 0, 0, 0
419000, 638478, 1, 0, 0
420000, 644391, 1, 0, 0
420000, 936421, 0, 0, 0
421020, 953688, 0, 0, 0
421020, 634053, 1, 0, 0
422000, 588826, 1, 0, 0
422000, 1056219, 0, 0, 0
423000, 601233, 1, 0, 0
423000, 979026, 0, 0, 0
424000, 1017503, 0, 0, 0
424000, 573979, 1, 0, 0
425000, 1073853, 0, 0, 0
425000, 521392, 1, 0, 0
426000, 532261, 1, 0, 0
426000, 1054538, 0, 0, 0
427000, 1059888, 0, 0, 0
427000, 520170, 1, 0, 0
428000, 540014, 1, 0, 0
428000, 1152778, 0, 0, 0
429000, 512157, 1, 0, 0
429000, 1082738, 0, 0, 0
430000, 1121660, 0, 0, 0
430000, 475126, 1, 0, 0
431000, 486024, 1, 0, 0
431000, 1096693, 0, 0, 0
432000, 497173, 1, 0, 0
432000, 1090654, 0, 0, 0
433000, 493776, 1, 0, 0
433000, 1159169, 0, 0, 0
434000, 1114957, 0, 0, 0
434000, 478354, 1, 0, 0
435000, 488077, 1, 0, 0
435000, 1124010, 0, 0, 0
436000, 502386, 1, 0, 0
436000, 1089306, 0, 0, 0
437000, 712134, 1, 0, 0
437000, 866706, 0, 0, 0
438000, 912632, 0, 0, 0
438000, 705399, 1, 0, 0
439000, 855340, 0, 0, 0
439000, 716502, 1, 0, 0
440000, 714432, 1, 0, 0
440000, 857881, 0, 0, 0
441000, 859311, 0, 0, 0
441000, 716065, 1, 0, 0
442000, 859261, 0, 0, 0
442000, 721058, 1, 0, 0
443000, 854761, 0, 0, 0
443000, 727502, 1, 0, 0
444000, 728775, 1, 0, 0
444000, 852435, 0, 0, 0
445000, 850915, 0, 0, 0
445000, 727985, 1, 0, 0
446000, 850373, 0, 0, 0
446000, 721294, 1, 0, 0
447000, 857016, 0, 0, 0
447000, 716774, 1, 0, 0
448000, 912929, 0, 0, 0
448000, 707354, 1, 0, 0
449000, 858784, 0, 0, 0
449000, 720223, 1, 0, 0
450000, 713753, 1, 0, 0
450000, 859780, 0, 0, 0
451000, 858840, 0, 0, 0
451000, 721724, 1, 0, 0
452000, 859041, 0, 0, 0
452000, 717729, 1, 0, 0
453000, 724089, 1, 0, 0
453000, 848982, 0, 0, 0
454000, 848736, 0, 0, 0
454000, 728263, 1, 0, 0
455000, 848924, 0, 0, 0
455000, 722638, 1, 0, 0
456000, 851359, 0, 0, 0
456000, 721473, 1, 0, 0
457000, 918029, 0, 0, 0
457000, 718221, 1, 0, 0
458000, 900741, 1, 0, 0
458000, 1202068, 0, 0, 0
459000, 1143401, 0, 0, 0
459000, 929730, 1, 0, 0
460000, 872765, 1, 0, 0
460000, 1127054, 0, 0, 0
461000, 1132436, 0, 0, 0
461000, 901948, 1, 0, 0
462000, 855222, 1, 0, 0
462000, 1216049, 0, 0, 0
463000, 399779, 1, 0, 0
463000, 1251535, 0, 0, 0
464000, 1208319, 0, 0, 0
464000, 374527, 1, 0, 0
465000, 895827, 0, 0, 0
465000, 687786, 1, 0, 0
466000, 728617, 1, 0, 0
466000, 850064, 0, 0, 0
467000, 850429, 0, 0, 0
467000, 725844, 1, 0, 0
468000, 856318, 0, 0, 0
468000, 716522, 1, 0, 0
469000, 706211, 1, 0, 0
469000, 906647, 0, 0, 0
470000, 859789, 0, 0, 0
470000, 728893, 1, 0, 0
471000, 861773, 0, 0, 0
471000, 720541, 1, 0, 0
472000, 856920, 0, 0, 0
472000, 721200, 1, 0, 0
473000, 717838, 1, 0, 0
473000, 855217, 0, 0, 0
474000, 850614, 0, 0, 0
474000, 728652, 1, 0, 0
475000, 851110, 0, 0, 0
475000, 733579, 1, 0, 0
476000, 850825, 0, 0, 0
476000, 729400, 1, 0, 0
477000, 851079, 0, 0, 0
477000, 725889, 1, 0, 0
478000, 922339, 0, 0, 0
478000, 706651, 1, 0, 0
479000, 1142001, 0, 0, 0
479000, 514569, 1, 0, 0
480000, 1079748, 0, 0, 0
480001, 521702, 1, 0, 0
480001, 1730625, 0, 0, 0
480001, 1607977, 1, 0, 0
