1033, 2918855, 0, 0, 0
2000, 3249671, 0, 0, 0
3000, 2746534, 0, 0, 0
4002, 3010836, 0, 0, 0
5000, 3273961, 0, 0, 0
6002, 3201573, 0, 0, 0
7001, 2685332, 0, 0, 0
8000, 3110600, 0, 0, 0
9002, 3272011, 0, 0, 0
10001, 3242768, 0, 0, 0
11003, 3312454, 0, 0, 0
12000, 3319390, 0, 0, 0
13002, 3004724, 0, 0, 0
14000, 1313395, 0, 0, 0
15000, 985942, 0, 0, 0
16003, 995934, 0, 0, 0
17002, 1021826, 0, 0, 0
18000, 1151262, 0, 0, 0
19003, 1155423, 0, 0, 0
20004, 1248010, 0, 0, 0
21002, 1169051, 0, 0, 0
22003, 1148074, 0, 0, 0
23000, 1146680, 0, 0, 0
24000, 1000801, 0, 0, 0
25000, 1000547, 0, 0, 0
26000, 1037867, 0, 0, 0
27000, 1102529, 0, 0, 0
28001, 1158647, 0, 0, 0
29000, 1185914, 0, 0, 0
30006, 1216727, 0, 0, 0
31000, 1218830, 0, 0, 0
32000, 1164715, 0, 0, 0
33000, 1093985, 0, 0, 0
34000, 988141, 0, 0, 0
35000, 976640, 0, 0, 0
36000, 980453, 0, 0, 0
37004, 1087523, 0, 0, 0
38000, 1197527, 0, 0, 0
39002, 1106301, 0, 0, 0
40005, 2301995, 0, 0, 0
41000, 2680130, 0, 0, 0
42000, 3194582, 0, 0, 0
43002, 2529200, 0, 0, 0
44000, 3056780, 0, 0, 0
45002, 2919960, 0, 0, 0
46000, 3081714, 0, 0, 0
47002, 2598616, 0, 0, 0
48002, 2922841, 0, 0, 0
49001, 3070838, 0, 0, 0
50000, 3302069, 0, 0, 0
51000, 3043364, 0, 0, 0
52000, 2906974, 0, 0, 0
53001, 3329512, 0, 0, 0
54005, 2817884, 0, 0, 0
55002, 3357026, 0, 0, 0
56000, 3453784, 0, 0, 0
57001, 3329545, 0, 0, 0
58000, 3357791, 0, 0, 0
59004, 3292984, 0, 0, 0
60000, 3439225, 0, 0, 0
61001, 3275542, 0, 0, 0
62001, 3361511, 0, 0, 0
63004, 3267304, 0, 0, 0
64000, 3451309, 0, 0, 0
65000, 2011056, 0, 0, 0
66002, 3259757, 0, 0, 0
67002, 3236850, 0, 0, 0
68005, 3219052, 0, 0, 0
69005, 3136760, 0, 0, 0
70011, 3188797, 0, 0, 0
71002, 3271466, 0, 0, 0
72002, 3251154, 0, 0, 0
73000, 3282920, 0, 0, 0
74005, 3148257, 0, 0, 0
75000, 3187306, 0, 0, 0
76000, 2704266, 0, 0, 0
77002, 3080749, 0, 0, 0
78000, 2650313, 0, 0, 0
79001, 3178236, 0, 0, 0
80000, 3327809, 0, 0, 0
81000, 3073945, 0, 0, 0
82000, 2984218, 0, 0, 0
83000, 2921842, 0, 0, 0
84000, 3275966, 0, 0, 0
85001, 3187769, 0, 0, 0
86004, 2603445, 0, 0, 0
87000, 2047835, 0, 0, 0
88000, 1142661, 0, 0, 0
89000, 1120184, 0, 0, 0
90006, 1157111, 0, 0, 0
91000, 1173873, 0, 0, 0
92000, 1252687, 0, 0, 0
93000, 1217565, 0, 0, 0
94000, 1251689, 0, 0, 0
95000, 1221346, 0, 0, 0
96000, 1226117, 0, 0, 0
97000, 1198447, 0, 0, 0
98000, 1172355, 0, 0, 0
99000, 1186287, 0, 0, 0
100004, 1091267, 0, 0, 0
101002, 2999063, 0, 0, 0
102002, 3311288, 0, 0, 0
103000, 2828498, 0, 0, 0
104007, 2718088, 0, 0, 0
105005, 1484608, 0, 0, 0
106000, 1135597, 0, 0, 0
107000, 1083398, 0, 0, 0
108007, 1276497, 0, 0, 0
109002, 3350327, 0, 0, 0
110000, 3431328, 0, 0, 0
111000, 3165282, 0, 0, 0
112000, 3334517, 0, 0, 0
113000, 3673682, 0, 0, 0
114000, 3307815, 0, 0, 0
115001, 2624496, 0, 0, 0
116002, 3437556, 0, 0, 0
117007, 3317944, 0, 0, 0
118000, 3323292, 0, 0, 0
119003, 3440302, 0, 0, 0
120004, 3293318, 0, 0, 0
121005, 3302615, 0, 0, 0
122002, 3268123, 0, 0, 0
123000, 3322146, 0, 0, 0
124004, 3345334, 0, 0, 0
125008, 3211405, 0, 0, 0
126007, 2776745, 0, 0, 0
127000, 3252124, 0, 0, 0
128000, 3713454, 0, 0, 0
129001, 3052269, 0, 0, 0
130001, 3233658, 0, 0, 0
131004, 3366012, 0, 0, 0
132000, 3517521, 0, 0, 0
133001, 3059449, 0, 0, 0
134002, 3340844, 0, 0, 0
135000, 3270987, 0, 0, 0
136000, 3348116, 0, 0, 0
137002, 2287717, 0, 0, 0
138005, 3248431, 0, 0, 0
139000, 3379255, 0, 0, 0
140003, 3008196, 0, 0, 0
141004, 3248012, 0, 0, 0
142000, 3144766, 0, 0, 0
143001, 3122290, 0, 0, 0
144008, 3263639, 0, 0, 0
145002, 3099405, 0, 0, 0
146008, 3217080, 0, 0, 0
147003, 3368848, 0, 0, 0
148000, 2793773, 0, 0, 0
149000, 3646197, 0, 0, 0
150000, 2621520, 0, 0, 0
151008, 2838326, 0, 0, 0
152000, 3088018, 0, 0, 0
153001, 3001456, 0, 0, 0
154003, 3191674, 0, 0, 0
155002, 3150873, 0, 0, 0
156000, 3160950, 0, 0, 0
157007, 3292833, 0, 0, 0
158005, 1932928, 0, 0, 0
159000, 1359160, 0, 0, 0
160000, 1115556, 0, 0, 0
161002, 1297403, 0, 0, 0
162005, 1311705, 0, 0, 0
163000, 1133549, 0, 0, 0
164000, 1955522, 0, 0, 0
165003, 2496179, 0, 0, 0
166006, 3279540, 0, 0, 0
167005, 3093529, 0, 0, 0
168000, 3263230, 0, 0, 0
169000, 3030745, 0, 0, 0
170000, 1136655, 0, 0, 0
171004, 947554, 0, 0, 0
172019, 956967, 0, 0, 0
173000, 1023478, 0, 0, 0
174000, 1132675, 0, 0, 0
175000, 1786338, 0, 0, 0
176009, 3265802, 0, 0, 0
177000, 2751359, 0, 0, 0
178006, 2968037, 0, 0, 0
179000, 1821232, 0, 0, 0
180000, 2065020, 0, 0, 0
181000, 2088969, 0, 0, 0
182000, 1804170, 0, 0, 0
183000, 2045857, 0, 0, 0
184003, 2207633, 0, 0, 0
185002, 1987690, 0, 0, 0
186001, 1828182, 0, 0, 0
187003, 1570510, 0, 0, 0
188003, 1058292, 0, 0, 0
189000, 969590, 0, 0, 0
190000, 999944, 0, 0, 0
191002, 970617, 0, 0, 0
192000, 994361, 0, 0, 0
193002, 974182, 0, 0, 0
194000, 994076, 0, 0, 0
195000, 959337, 0, 0, 0
196002, 931832, 0, 0, 0
197005, 1447233, 0, 0, 0
198003, 3257293, 0, 0, 0
199014, 3391422, 0, 0, 0
200002, 3225489, 0, 0, 0
201002, 3325143, 0, 0, 0
202000, 2887975, 0, 0, 0
203000, 3096880, 0, 0, 0
204003, 3281751, 0, 0, 0
205001, 3353574, 0, 0, 0
206000, 3414264, 0, 0, 0
207000, 3536171, 0, 0, 0
208000, 3246968, 0, 0, 0
209003, 3071782, 0, 0, 0
210000, 3282813, 0, 0, 0
211006, 3277954, 0, 0, 0
212005, 3191151, 0, 0, 0
213005, 2686735, 0, 0, 0
214002, 2840833, 0, 0, 0
215000, 3263959, 0, 0, 0
216000, 3325143, 0, 0, 0
217000, 3284891, 0, 0, 0
218005, 2879499, 0, 0, 0
219000, 3142808, 0, 0, 0
220010, 3032736, 0, 0, 0
221002, 2634791, 0, 0, 0
222000, 3142568, 0, 0, 0
223003, 3085353, 0, 0, 0
224000, 2558051, 0, 0, 0
225004, 3045964, 0, 0, 0
226002, 3130841, 0, 0, 0
227006, 2588064, 0, 0, 0
228003, 3108733, 0, 0, 0
229000, 1932312, 0, 0, 0
230000, 2198336, 0, 0, 0
231000, 1922904, 0, 0, 0
232000, 1871427, 0, 0, 0
233002, 1382620, 0, 0, 0
234000, 3219186, 0, 0, 0
235001, 2806348, 0, 0, 0
236005, 3329096, 0, 0, 0
237000, 3443144, 0, 0, 0
238001, 3110591, 0, 0, 0
239002, 3265063, 0, 0, 0
240000, 3239051, 0, 0, 0
241002, 3261804, 0, 0, 0
242004, 3251153, 0, 0, 0
243000, 3744090, 0, 0, 0
244000, 3072491, 0, 0, 0
245005, 3346248, 0, 0, 0
246003, 2689168, 0, 0, 0
247003, 2782030, 0, 0, 0
248002, 3339753, 0, 0, 0
249001, 3287173, 0, 0, 0
250000, 3206746, 0, 0, 0
251000, 3457486, 0, 0, 0
252000, 2741592, 0, 0, 0
253001, 2783164, 0, 0, 0
254000, 2983834, 0, 0, 0
255002, 2864879, 0, 0, 0
256004, 2170020, 0, 0, 0
257000, 1147672, 0, 0, 0
258000, 978112, 0, 0, 0
259000, 1032946, 0, 0, 0
260000, 976894, 0, 0, 0
261000, 989944, 0, 0, 0
262002, 1378710, 0, 0, 0
263009, 3356592, 0, 0, 0
264001, 3247858, 0, 0, 0
265000, 3251982, 0, 0, 0
266005, 3390225, 0, 0, 0
267001, 3190148, 0, 0, 0
268001, 3242218, 0, 0, 0
269001, 2784917, 0, 0, 0
270001, 3380042, 0, 0, 0
271000, 3519890, 0, 0, 0
272004, 3157188, 0, 0, 0
273005, 3335022, 0, 0, 0
274000, 3338864, 0, 0, 0
275000, 3270799, 0, 0, 0
276003, 3308929, 0, 0, 0
277008, 3271414, 0, 0, 0
278000, 3665400, 0, 0, 0
279000, 3036198, 0, 0, 0
280002, 2780162, 0, 0, 0
281000, 3640826, 0, 0, 0
282000, 3303413, 0, 0, 0
283002, 3133139, 0, 0, 0
284000, 3330454, 0, 0, 0
285006, 3260574, 0, 0, 0
286009, 3319277, 0, 0, 0
287000, 3459158, 0, 0, 0
288000, 3357820, 0, 0, 0
289003, 3019003, 0, 0, 0
290001, 3473909, 0, 0, 0
291004, 2753129, 0, 0, 0
292000, 3462287, 0, 0, 0
293005, 3071832, 0, 0, 0
294003, 3419949, 0, 0, 0
295000, 3642999, 0, 0, 0
296001, 2513522, 0, 0, 0
297000, 3534352, 0, 0, 0
298000, 3108232, 0, 0, 0
299002, 3161749, 0, 0, 0
300006, 3252822, 0, 0, 0
301017, 3271442, 0, 0, 0
302000, 3003809, 0, 0, 0
303001, 2897301, 0, 0, 0
304000, 3438824, 0, 0, 0
305000, 2930433, 0, 0, 0
306000, 2904946, 0, 0, 0
307002, 2687065, 0, 0, 0
308010, 2974382, 0, 0, 0
309001, 3111574, 0, 0, 0
310003, 2920184, 0, 0, 0
311000, 3402745, 0, 0, 0
312013, 2900788, 0, 0, 0
313001, 2185379, 0, 0, 0
314003, 3099910, 0, 0, 0
315008, 2990863, 0, 0, 0
316001, 3115656, 0, 0, 0
317000, 3565357, 0, 0, 0
318004, 2909894, 0, 0, 0
319000, 3508275, 0, 0, 0
320007, 3169705, 0, 0, 0
321005, 3234129, 0, 0, 0
322002, 2837095, 0, 0, 0
323000, 3157657, 0, 0, 0
324001, 2571093, 0, 0, 0
325005, 3035684, 0, 0, 0
326000, 3302597, 0, 0, 0
327004, 2835843, 0, 0, 0
328004, 3102150, 0, 0, 0
329004, 2630938, 0, 0, 0
330004, 3003260, 0, 0, 0
331008, 3057498, 0, 0, 0
332015, 3074033, 0, 0, 0
333011, 2678042, 0, 0, 0
334000, 2830955, 0, 0, 0
335001, 2005508, 0, 0, 0
336001, 2845696, 0, 0, 0
337009, 2989432, 0, 0, 0
338000, 2728427, 0, 0, 0
339002, 2700529, 0, 0, 0
340003, 3147343, 0, 0, 0
341000, 3357792, 0, 0, 0
342005, 3186354, 0, 0, 0
343002, 3198973, 0, 0, 0
344004, 3191658, 0, 0, 0
345000, 2797342, 0, 0, 0
346004, 2425969, 0, 0, 0
347004, 3092212, 0, 0, 0
348003, 3191732, 0, 0, 0
349005, 3044114, 0, 0, 0
350002, 2497044, 0, 0, 0
351005, 3127780, 0, 0, 0
352004, 3212000, 0, 0, 0
353000, 3157839, 0, 0, 0
354003, 3129951, 0, 0, 0
355003, 3123591, 0, 0, 0
356005, 2652327, 0, 0, 0
357003, 2696711, 0, 0, 0
358006, 3153324, 0, 0, 0
359003, 3147148, 0, 0, 0
360000, 3220807, 0, 0, 0
361006, 2527055, 0, 0, 0
362009, 3076686, 0, 0, 0
363006, 3029343, 0, 0, 0
364006, 3226437, 0, 0, 0
365001, 2747683, 0, 0, 0
366010, 3702848, 0, 0, 0
367005, 4387689, 0, 0, 0
368000, 1983114, 0, 0, 0
369000, 1090929, 0, 0, 0
370000, 974323, 0, 0, 0
371000, 1050282, 0, 0, 0
372000, 1010773, 0, 0, 0
373001, 999182, 0, 0, 0
374000, 919850, 0, 0, 0
375000, 1034493, 0, 0, 0
376000, 1022448, 0, 0, 0
377000, 998169, 0, 0, 0
378000, 1191302, 0, 0, 0
379007, 1280683, 0, 0, 0
380002, 2696946, 0, 0, 0
381000, 3546132, 0, 0, 0
382002, 3080673, 0, 0, 0
383002, 2704365, 0, 0, 0
384000, 3011994, 0, 0, 0
385000, 3248222, 0, 0, 0
386000, 4607680, 0, 0, 0
387010, 2765994, 0, 0, 0
388002, 3085571, 0, 0, 0
389003, 3137686, 0, 0, 0
390003, 3150392, 0, 0, 0
391003, 2553887, 0, 0, 0
392001, 3171642, 0, 0, 0
393007, 2461822, 0, 0, 0
394006, 2975292, 0, 0, 0
395000, 3073618, 0, 0, 0
396000, 3074361, 0, 0, 0
397003, 2567313, 0, 0, 0
398004, 3146611, 0, 0, 0
399000, 3135864, 0, 0, 0
400001, 3097480, 0, 0, 0
401001, 3287807, 0, 0, 0
402000, 3046795, 0, 0, 0
403000, 2985114, 0, 0, 0
404003, 3286344, 0, 0, 0
405008, 3270171, 0, 0, 0
406001, 3434878, 0, 0, 0
407001, 3434215, 0, 0, 0
408002, 3221816, 0, 0, 0
409000, 3554635, 0, 0, 0
410006, 2977415, 0, 0, 0
411007, 3270585, 0, 0, 0
412001, 3512761, 0, 0, 0
413000, 2987330, 0, 0, 0
414000, 3476266, 0, 0, 0
415001, 3039713, 0, 0, 0
416004, 3255952, 0, 0, 0
417000, 3313013, 0, 0, 0
418010, 3234894, 0, 0, 0
419005, 3176691, 0, 0, 0
420002, 3280098, 0, 0, 0
421001, 3365310, 0, 0, 0
422000, 3600343, 0, 0, 0
423000, 3291115, 0, 0, 0
424000, 2449660, 0, 0, 0
425000, 2130057, 0, 0, 0
426000, 2493442, 0, 0, 0
427000, 3422403, 0, 0, 0
428000, 3059954, 0, 0, 0
429003, 3070099, 0, 0, 0
430001, 2589864, 0, 0, 0
431007, 3184999, 0, 0, 0
432004, 3181339, 0, 0, 0
433000, 3466242, 0, 0, 0
434003, 3076266, 0, 0, 0
435000, 2100246, 0, 0, 0
436000, 1101379, 0, 0, 0
437000, 1146920, 0, 0, 0
438000, 1163273, 0, 0, 0
439000, 1223613, 0, 0, 0
440000, 1176531, 0, 0, 0
441000, 1142060, 0, 0, 0
442003, 1237670, 0, 0, 0
443000, 1166844, 0, 0, 0
444002, 1074827, 0, 0, 0
445003, 1100772, 0, 0, 0
446000, 1155158, 0, 0, 0
447003, 1116914, 0, 0, 0
448000, 1039558, 0, 0, 0
449000, 1265603, 0, 0, 0
450000, 1198516, 0, 0, 0
451000, 1237581, 0, 0, 0
452000, 1238051, 0, 0, 0
453002, 1833803, 0, 0, 0
454000, 3207364, 0, 0, 0
455000, 3143335, 0, 0, 0
456000, 3035139, 0, 0, 0
457009, 3311121, 0, 0, 0
458003, 3046603, 0, 0, 0
459000, 3311783, 0, 0, 0
460003, 2920982, 0, 0, 0
461002, 3042564, 0, 0, 0
462007, 2681431, 0, 0, 0
463000, 2735314, 0, 0, 0
464002, 3211515, 0, 0, 0
465003, 3203537, 0, 0, 0
466001, 3142327, 0, 0, 0
467000, 3242845, 0, 0, 0
468001, 3184245, 0, 0, 0
469005, 3240329, 0, 0, 0
470001, 3115422, 0, 0, 0
471003, 2760637, 0, 0, 0
472004, 3165382, 0, 0, 0
473007, 3061844, 0, 0, 0
474003, 2813751, 0, 0, 0
475002, 3203466, 0, 0, 0
476004, 3232405, 0, 0, 0
477007, 2076498, 0, 0, 0
478003, 1986154, 0, 0, 0
479000, 1902232, 0, 0, 0
480001, 1834704, 0, 0, 0
480003, 7675838, 0, 0, 0
