1000, 1037373, 0, 0, 0
2000, 1060042, 0, 0, 0
3000, 1272447, 0, 0, 0
4002, 1056962, 0, 0, 0
5004, 980216, 0, 0, 0
6000, 991798, 0, 0, 0
7000, 1300041, 0, 0, 0
8010, 1054383, 0, 0, 0
9000, 1112390, 0, 0, 0
10006, 1101960, 0, 0, 0
11000, 1378457, 0, 0, 0
12000, 1036653, 0, 0, 0
13000, 977781, 0, 0, 0
14000, 946209, 0, 0, 0
15000, 947438, 0, 0, 0
16028, 958486, 0, 0, 0
17000, 1035969, 0, 0, 0
18000, 986048, 0, 0, 0
19000, 983674, 0, 0, 0
20004, 1071343, 0, 0, 0
21000, 1302511, 0, 0, 0
22002, 1208439, 0, 0, 0
23000, 1208516, 0, 0, 0
24000, 1158077, 0, 0, 0
25000, 1154731, 0, 0, 0
26000, 1016772, 0, 0, 0
27000, 961783, 0, 0, 0
28000, 925723, 0, 0, 0
29003, 946495, 0, 0, 0
30000, 995741, 0, 0, 0
31015, 968330, 0, 0, 0
32000, 1000399, 0, 0, 0
33000, 1123931, 0, 0, 0
34000, 1097080, 0, 0, 0
35000, 1148466, 0, 0, 0
36000, 986747, 0, 0, 0
37000, 965337, 0, 0, 0
38003, 944731, 0, 0, 0
39000, 902959, 0, 0, 0
40015, 883331, 0, 0, 0
41011, 890209, 0, 0, 0
42003, 888099, 0, 0, 0
43000, 903617, 0, 0, 0
44000, 918671, 0, 0, 0
45000, 895514, 0, 0, 0
46000, 886303, 0, 0, 0
47011, 888584, 0, 0, 0
48003, 888718, 0, 0, 0
49000, 896767, 0, 0, 0
50002, 1011045, 0, 0, 0
51000, 1275334, 0, 0, 0
52000, 1212083, 0, 0, 0
53000, 1136214, 0, 0, 0
54000, 1185529, 0, 0, 0
55000, 1012037, 0, 0, 0
56000, 987631, 0, 0, 0
57000, 1059300, 0, 0, 0
58000, 1037210, 0, 0, 0
59000, 1093260, 0, 0, 0
60000, 1041118, 0, 0, 0
61000, 959403, 0, 0, 0
62000, 984945, 0, 0, 0
63000, 1331852, 0, 0, 0
64000, 1219779, 0, 0, 0
65000, 1202977, 0, 0, 0
66014, 1050761, 0, 0, 0
67000, 1271699, 0, 0, 0
68000, 1464344, 0, 0, 0
69000, 1190332, 0, 0, 0
70001, 1264442, 0, 0, 0
71000, 1198233, 0, 0, 0
72000, 1172990, 0, 0, 0
73000, 1141840, 0, 0, 0
74000, 1190967, 0, 0, 0
75003, 1068501, 0, 0, 0
76007, 948658, 0, 0, 0
77000, 981874, 0, 0, 0
78000, 939368, 0, 0, 0
79002, 1058581, 0, 0, 0
80011, 980018, 0, 0, 0
81001, 999497, 0, 0, 0
82000, 1001360, 0, 0, 0
83008, 996781, 0, 0, 0
84000, 1293010, 0, 0, 0
85000, 1197743, 0, 0, 0
86000, 1234178, 0, 0, 0
87000, 1273261, 0, 0, 0
88000, 1251871, 0, 0, 0
89000, 1196505, 0, 0, 0
90000, 1075869, 0, 0, 0
91000, 1071566, 0, 0, 0
92000, 1007969, 0, 0, 0
93000, 1059870, 0, 0, 0
94003, 945009, 0, 0, 0
95000, 981131, 0, 0, 0
96000, 1091796, 0, 0, 0
97000, 1068285, 0, 0, 0
98000, 1091544, 0, 0, 0
99004, 1240484, 0, 0, 0
100003, 1269161, 0, 0, 0
101000, 1244852, 0, 0, 0
102000, 1159585, 0, 0, 0
103000, 1225293, 0, 0, 0
104000, 1150589, 0, 0, 0
105000, 1074089, 0, 0, 0
106000, 1056111, 0, 0, 0
107000, 1168065, 0, 0, 0
108000, 1039441, 0, 0, 0
109000, 1041771, 0, 0, 0
110004, 937040, 0, 0, 0
111000, 945022, 0, 0, 0
112024, 968926, 0, 0, 0
113015, 1020701, 0, 0, 0
114000, 989545, 0, 0, 0
115008, 1005062, 0, 0, 0
116000, 983489, 0, 0, 0
117022, 1085156, 0, 0, 0
118000, 1291016, 0, 0, 0
119000, 1236526, 0, 0, 0
120006, 1258196, 0, 0, 0
121000, 1257388, 0, 0, 0
122006, 1205456, 0, 0, 0
123000, 1210664, 0, 0, 0
124000, 1213844, 0, 0, 0
125000, 1008520, 0, 0, 0
126000, 1011998, 0, 0, 0
127000, 1181703, 0, 0, 0
128000, 1240147, 0, 0, 0
129004, 1161630, 0, 0, 0
130000, 1140492, 0, 0, 0
131000, 1219662, 0, 0, 0
132000, 1186561, 0, 0, 0
133000, 1149815, 0, 0, 0
134002, 1222591, 0, 0, 0
135000, 1186016, 0, 0, 0
136002, 1111650, 0, 0, 0
137001, 1079976, 0, 0, 0
138000, 1276367, 0, 0, 0
139000, 1184327, 0, 0, 0
140003, 1161231, 0, 0, 0
141000, 1161940, 0, 0, 0
142000, 1194911, 0, 0, 0
143000, 1180541, 0, 0, 0
144000, 1055124, 0, 0, 0
145000, 918587, 0, 0, 0
146000, 883420, 0, 0, 0
147012, 886128, 0, 0, 0
148004, 887349, 0, 0, 0
149000, 896634, 0, 0, 0
150000, 882631, 0, 0, 0
151012, 963297, 0, 0, 0
152004, 980558, 0, 0, 0
153012, 946572, 0, 0, 0
154000, 975464, 0, 0, 0
155000, 919284, 0, 0, 0
156004, 935977, 0, 0, 0
157001, 1014847, 0, 0, 0
158000, 1048952, 0, 0, 0
159000, 992437, 0, 0, 0
160000, 1047548, 0, 0, 0
161000, 1182361, 0, 0, 0
162005, 1143852, 0, 0, 0
163000, 1141146, 0, 0, 0
164000, 1142592, 0, 0, 0
165000, 969750, 0, 0, 0
166000, 943036, 0, 0, 0
167000, 923501, 0, 0, 0
168000, 910638, 0, 0, 0
169012, 886806, 0, 0, 0
170000, 890193, 0, 0, 0
171000, 904665, 0, 0, 0
172000, 884188, 0, 0, 0
173000, 891601, 0, 0, 0
174000, 1203077, 0, 0, 0
175000, 1203652, 0, 0, 0
176000, 1145960, 0, 0, 0
177000, 1162835, 0, 0, 0
178000, 1206779, 0, 0, 0
179002, 1168004, 0, 0, 0
180000, 1127298, 0, 0, 0
181012, 912668, 0, 0, 0
182004, 889546, 0, 0, 0
183000, 908319, 0, 0, 0
184000, 881706, 0, 0, 0
185012, 888324, 0, 0, 0
186004, 890291, 0, 0, 0
187000, 961414, 0, 0, 0
188000, 973394, 0, 0, 0
189008, 921891, 0, 0, 0
190000, 959464, 0, 0, 0
191000, 938021, 0, 0, 0
192008, 916744, 0, 0, 0
193000, 1033312, 0, 0, 0
194000, 1137728, 0, 0, 0
195007, 1789121, 0, 0, 0
196003, 3206006, 0, 0, 0
197000, 2742109, 0, 0, 0
198000, 1806106, 0, 0, 0
199001, 2008754, 0, 0, 0
200000, 1735034, 0, 0, 0
201002, 1744685, 0, 0, 0
202000, 1492748, 0, 0, 0
203000, 1010797, 0, 0, 0
204000, 944517, 0, 0, 0
205003, 1155716, 0, 0, 0
206000, 1210857, 0, 0, 0
207004, 1207986, 0, 0, 0
208000, 1179302, 0, 0, 0
209000, 1177120, 0, 0, 0
210000, 1064563, 0, 0, 0
211000, 1027928, 0, 0, 0
212004, 901554, 0, 0, 0
213000, 897392, 0, 0, 0
214000, 881346, 0, 0, 0
215012, 882308, 0, 0, 0
216000, 903171, 0, 0, 0
217000, 892567, 0, 0, 0
218012, 971833, 0, 0, 0
219000, 992472, 0, 0, 0
220004, 946098, 0, 0, 0
221000, 968531, 0, 0, 0
222004, 922878, 0, 0, 0
223012, 934257, 0, 0, 0
224000, 1080292, 0, 0, 0
225007, 1122040, 0, 0, 0
226000, 1160744, 0, 0, 0
227000, 1188957, 0, 0, 0
228000, 1258486, 0, 0, 0
229000, 1104693, 0, 0, 0
230000, 1066277, 0, 0, 0
231010, 1107480, 0, 0, 0
232005, 1048963, 0, 0, 0
233007, 2952623, 0, 0, 0
234009, 3041886, 0, 0, 0
235000, 2770392, 0, 0, 0
236019, 2912171, 0, 0, 0
237001, 3043499, 0, 0, 0
238013, 2729352, 0, 0, 0
239004, 3114640, 0, 0, 0
240015, 2537795, 0, 0, 0
241000, 1092801, 0, 0, 0
242000, 1060622, 0, 0, 0
243000, 1060975, 0, 0, 0
244003, 1046131, 0, 0, 0
245000, 1189438, 0, 0, 0
246000, 1129404, 0, 0, 0
247000, 1001653, 0, 0, 0
248000, 1203961, 0, 0, 0
249000, 1234992, 0, 0, 0
250000, 1241151, 0, 0, 0
251000, 1186767, 0, 0, 0
252000, 1246651, 0, 0, 0
253005, 1089037, 0, 0, 0
254002, 1082667, 0, 0, 0
255000, 1119437, 0, 0, 0
256000, 1086953, 0, 0, 0
257000, 1001134, 0, 0, 0
258000, 1024034, 0, 0, 0
259000, 1048061, 0, 0, 0
260000, 1106105, 0, 0, 0
261000, 1122908, 0, 0, 0
262000, 1202597, 0, 0, 0
263012, 1396374, 0, 0, 0
264000, 3228068, 0, 0, 0
265001, 3006112, 0, 0, 0
266010, 3071799, 0, 0, 0
267000, 1551325, 0, 0, 0
268000, 1060056, 0, 0, 0
269000, 1160453, 0, 0, 0
270002, 1579097, 0, 0, 0
271007, 3155283, 0, 0, 0
272000, 1444022, 0, 0, 0
273000, 1073990, 0, 0, 0
274000, 1067973, 0, 0, 0
275000, 1068645, 0, 0, 0
276000, 1109651, 0, 0, 0
277012, 1080530, 0, 0, 0
278004, 893770, 0, 0, 0
279000, 903794, 0, 0, 0
280000, 881630, 0, 0, 0
281000, 894742, 0, 0, 0
282000, 882645, 0, 0, 0
283000, 943033, 0, 0, 0
284000, 1007042, 0, 0, 0
285000, 973671, 0, 0, 0
286000, 995543, 0, 0, 0
287004, 967169, 0, 0, 0
288000, 986224, 0, 0, 0
289000, 1064329, 0, 0, 0
290000, 1034683, 0, 0, 0
291000, 974697, 0, 0, 0
292000, 952534, 0, 0, 0
293004, 925075, 0, 0, 0
294000, 950778, 0, 0, 0
295000, 972613, 0, 0, 0
296000, 1072509, 0, 0, 0
297000, 1059737, 0, 0, 0
298000, 1062934, 0, 0, 0
299000, 1042706, 0, 0, 0
300000, 1059308, 0, 0, 0
301000, 1013993, 0, 0, 0
302000, 1088760, 0, 0, 0
303000, 1007452, 0, 0, 0
304004, 992776, 0, 0, 0
305000, 986305, 0, 0, 0
306000, 940339, 0, 0, 0
307000, 936479, 0, 0, 0
308004, 982326, 0, 0, 0
309000, 1028892, 0, 0, 0
310000, 1054339, 0, 0, 0
311000, 1045076, 0, 0, 0
312003, 1012389, 0, 0, 0
313006, 1035131, 0, 0, 0
314000, 1037935, 0, 0, 0
315000, 1307159, 0, 0, 0
316002, 1052089, 0, 0, 0
317000, 1094706, 0, 0, 0
318000, 1069418, 0, 0, 0
319000, 1126363, 0, 0, 0
320001, 991347, 0, 0, 0
321000, 3002021, 0, 0, 0
322000, 2788686, 0, 0, 0
323000, 2942083, 0, 0, 0
324000, 1691176, 0, 0, 0
325000, 1097804, 0, 0, 0
326002, 992108, 0, 0, 0
327000, 1050153, 0, 0, 0
328000, 1011559, 0, 0, 0
329000, 996288, 0, 0, 0
330000, 1163436, 0, 0, 0
331000, 1252034, 0, 0, 0
332000, 1226545, 0, 0, 0
333000, 1183528, 0, 0, 0
334003, 1213009, 0, 0, 0
335000, 996469, 0, 0, 0
336000, 967872, 0, 0, 0
337000, 1030649, 0, 0, 0
338000, 981641, 0, 0, 0
339000, 967195, 0, 0, 0
340000, 1058061, 0, 0, 0
341004, 886612, 0, 0, 0
342004, 892533, 0, 0, 0
343000, 929230, 0, 0, 0
344000, 884004, 0, 0, 0
345000, 891496, 0, 0, 0
346000, 884453, 0, 0, 0
347012, 885727, 0, 0, 0
348004, 890133, 0, 0, 0
349000, 1001047, 0, 0, 0
350000, 977287, 0, 0, 0
351000, 977358, 0, 0, 0
352004, 946429, 0, 0, 0
353000, 947094, 0, 0, 0
354000, 958589, 0, 0, 0
355000, 1077230, 0, 0, 0
356000, 1084247, 0, 0, 0
357003, 1062527, 0, 0, 0
358000, 1079723, 0, 0, 0
359000, 1124898, 0, 0, 0
360000, 1067061, 0, 0, 0
361000, 1070864, 0, 0, 0
362000, 1153205, 0, 0, 0
363000, 1093299, 0, 0, 0
364000, 1124934, 0, 0, 0
365000, 1080513, 0, 0, 0
366005, 1860816, 0, 0, 0
367000, 1742900, 0, 0, 0
368000, 1224801, 0, 0, 0
369001, 1112469, 0, 0, 0
370015, 1201604, 0, 0, 0
371000, 1349729, 0, 0, 0
372003, 1341917, 0, 0, 0
373011, 3274129, 0, 0, 0
374004, 3142300, 0, 0, 0
375014, 3235249, 0, 0, 0
376000, 2722930, 0, 0, 0
377000, 1838915, 0, 0, 0
378000, 1814820, 0, 0, 0
379002, 1779347, 0, 0, 0
380000, 1297847, 0, 0, 0
381000, 1122662, 0, 0, 0
382000, 998905, 0, 0, 0
383000, 1043142, 0, 0, 0
384000, 1000287, 0, 0, 0
385000, 940879, 0, 0, 0
386002, 1019599, 0, 0, 0
387000, 1002177, 0, 0, 0
388000, 985475, 0, 0, 0
389000, 1091073, 0, 0, 0
390008, 982096, 0, 0, 0
391008, 979137, 0, 0, 0
392004, 888904, 0, 0, 0
393000, 899251, 0, 0, 0
394000, 885552, 0, 0, 0
395000, 893428, 0, 0, 0
396004, 883201, 0, 0, 0
397000, 923726, 0, 0, 0
398000, 927071, 0, 0, 0
399000, 931374, 0, 0, 0
400000, 934245, 0, 0, 0
401004, 909003, 0, 0, 0
402000, 932910, 0, 0, 0
403000, 955981, 0, 0, 0
404012, 992927, 0, 0, 0
405000, 984198, 0, 0, 0
406000, 979168, 0, 0, 0
407004, 956135, 0, 0, 0
408000, 1049156, 0, 0, 0
409000, 1193145, 0, 0, 0
410000, 1216472, 0, 0, 0
411006, 1036673, 0, 0, 0
412000, 1083120, 0, 0, 0
413000, 1167939, 0, 0, 0
414003, 1052144, 0, 0, 0
415004, 1070803, 0, 0, 0
416000, 1085895, 0, 0, 0
417008, 1106828, 0, 0, 0
418004, 1400425, 0, 0, 0
419000, 1039526, 0, 0, 0
420000, 1027487, 0, 0, 0
421003, 1166095, 0, 0, 0
422002, 1140443, 0, 0, 0
423000, 1094074, 0, 0, 0
424000, 957158, 0, 0, 0
425000, 890834, 0, 0, 0
426000, 914163, 0, 0, 0
427012, 894108, 0, 0, 0
428004, 892684, 0, 0, 0
429000, 895002, 0, 0, 0
430000, 883830, 0, 0, 0
431012, 884992, 0, 0, 0
432000, 939977, 0, 0, 0
433012, 953716, 0, 0, 0
434000, 937420, 0, 0, 0
435000, 941019, 0, 0, 0
436000, 909426, 0, 0, 0
437000, 926634, 0, 0, 0
438000, 928000, 0, 0, 0
439000, 934484, 0, 0, 0
440000, 911476, 0, 0, 0
441000, 922007, 0, 0, 0
442000, 989814, 0, 0, 0
443008, 942489, 0, 0, 0
444000, 1021666, 0, 0, 0
445000, 940938, 0, 0, 0
446000, 987780, 0, 0, 0
447000, 1009311, 0, 0, 0
448005, 1080464, 0, 0, 0
449000, 1105784, 0, 0, 0
450000, 1108797, 0, 0, 0
451000, 1281328, 0, 0, 0
452000, 1140392, 0, 0, 0
453000, 1192187, 0, 0, 0
454000, 1130007, 0, 0, 0
455000, 1220793, 0, 0, 0
456000, 1371494, 0, 0, 0
457002, 1193810, 0, 0, 0
458000, 1179678, 0, 0, 0
459000, 1008030, 0, 0, 0
460000, 1007225, 0, 0, 0
461000, 1025040, 0, 0, 0
462000, 977406, 0, 0, 0
463003, 950273, 0, 0, 0
464000, 1109460, 0, 0, 0
465000, 1142185, 0, 0, 0
466000, 1200584, 0, 0, 0
467000, 1170580, 0, 0, 0
468000, 1133783, 0, 0, 0
469002, 1091794, 0, 0, 0
470000, 1115891, 0, 0, 0
471000, 1113372, 0, 0, 0
472000, 1183202, 0, 0, 0
473007, 1224806, 0, 0, 0
474000, 1230256, 0, 0, 0
475000, 1253641, 0, 0, 0
476000, 1208067, 0, 0, 0
477000, 1047343, 0, 0, 0
478000, 1045858, 0, 0, 0
479000, 1038097, 0, 0, 0
480000, 1103717, 0, 0, 0
480001, 2019348, 0, 0, 0
