1000, 949190, 0, 0, 0
2007, 959407, 0, 0, 0
3011, 942614, 0, 0, 0
4000, 948334, 0, 0, 0
5000, 1027525, 0, 0, 0
6000, 1073577, 0, 0, 0
7000, 1096547, 0, 0, 0
8001, 1103728, 0, 0, 0
9004, 1214839, 0, 0, 0
10002, 1147581, 0, 0, 0
11000, 1242012, 0, 0, 0
12000, 1155096, 0, 0, 0
13003, 1141570, 0, 0, 0
14000, 1247946, 0, 0, 0
15000, 1490419, 0, 0, 0
16000, 1544264, 0, 0, 0
17000, 1546689, 0, 0, 0
18000, 1128362, 0, 0, 0
19000, 1271491, 0, 0, 0
20000, 1606871, 0, 0, 0
21000, 2024561, 0, 0, 0
22000, 3906164, 0, 0, 0
23000, 2442747, 0, 0, 0
24000, 1595273, 0, 0, 0
25000, 1219565, 0, 0, 0
26000, 1216761, 0, 0, 0
27000, 2310760, 0, 0, 0
28000, 3749571, 0, 0, 0
29000, 4363774, 0, 0, 0
30000, 4679029, 0, 0, 0
31000, 3452402, 0, 0, 0
32000, 3868975, 0, 0, 0
33000, 2420043, 0, 0, 0
34000, 1549682, 0, 0, 0
35000, 1452635, 0, 0, 0
36000, 1800246, 0, 0, 0
37000, 3516915, 0, 0, 0
38000, 3028262, 0, 0, 0
39000, 2822890, 0, 0, 0
40005, 1559724, 0, 0, 0
41015, 1144281, 0, 0, 0
42015, 970565, 0, 0, 0
43000, 978641, 0, 0, 0
44000, 987401, 0, 0, 0
45000, 966304, 0, 0, 0
46000, 1011258, 0, 0, 0
47000, 1003890, 0, 0, 0
48000, 1053364, 0, 0, 0
49000, 1023380, 0, 0, 0
50000, 1034992, 0, 0, 0
51003, 1035230, 0, 0, 0
52004, 1028946, 0, 0, 0
53000, 1067857, 0, 0, 0
54000, 1086085, 0, 0, 0
55000, 1167566, 0, 0, 0
56004, 1155522, 0, 0, 0
57000, 1212604, 0, 0, 0
58000, 3172605, 0, 0, 0
59000, 2071192, 0, 0, 0
60000, 2194184, 0, 0, 0
61000, 2449381, 0, 0, 0
62000, 1492078, 0, 0, 0
63001, 1187092, 0, 0, 0
64000, 1170981, 0, 0, 0
65003, 1236297, 0, 0, 0
66000, 1259223, 0, 0, 0
67000, 1144286, 0, 0, 0
68000, 1216614, 0, 0, 0
69001, 1189655, 0, 0, 0
70000, 1198204, 0, 0, 0
71000, 1057629, 0, 0, 0
72000, 1012307, 0, 0, 0
73011, 968740, 0, 0, 0
74007, 935672, 0, 0, 0
75000, 958581, 0, 0, 0
76007, 926087, 0, 0, 0
77000, 1101532, 0, 0, 0
78000, 1235101, 0, 0, 0
79007, 1156107, 0, 0, 0
80000, 1191239, 0, 0, 0
81002, 1194001, 0, 0, 0
82000, 1200606, 0, 0, 0
83000, 1196600, 0, 0, 0
84011, 1037165, 0, 0, 0
85000, 883970, 0, 0, 0
86011, 886209, 0, 0, 0
87003, 887951, 0, 0, 0
88000, 895667, 0, 0, 0
89000, 879107, 0, 0, 0
90003, 913457, 0, 0, 0
91007, 931495, 0, 0, 0
92011, 974798, 0, 0, 0
93000, 938118, 0, 0, 0
94003, 924989, 0, 0, 0
95000, 948865, 0, 0, 0
96004, 988181, 0, 0, 0
97000, 1144222, 0, 0, 0
98000, 1190901, 0, 0, 0
99000, 1060603, 0, 0, 0
100004, 1047724, 0, 0, 0
101007, 1430739, 0, 0, 0
102000, 1139256, 0, 0, 0
103000, 1110510, 0, 0, 0
104000, 1100536, 0, 0, 0
105001, 1206363, 0, 0, 0
106003, 1068230, 0, 0, 0
107003, 1070771, 0, 0, 0
108012, 1047269, 0, 0, 0
109000, 1148215, 0, 0, 0
110000, 1160254, 0, 0, 0
111000, 1161613, 0, 0, 0
112000, 1197034, 0, 0, 0
113000, 1198588, 0, 0, 0
114000, 1191452, 0, 0, 0
115005, 1184747, 0, 0, 0
116006, 1252867, 0, 0, 0
117000, 1196430, 0, 0, 0
118000, 1155179, 0, 0, 0
119002, 1221458, 0, 0, 0
120000, 1182212, 0, 0, 0
121001, 1073464, 0, 0, 0
122000, 1069098, 0, 0, 0
123002, 1090826, 0, 0, 0
124000, 970261, 0, 0, 0
125000, 978912, 0, 0, 0
126003, 1077757, 0, 0, 0
127000, 1168518, 0, 0, 0
128000, 1204818, 0, 0, 0
129000, 1485622, 0, 0, 0
130000, 4106563, 0, 0, 0
131000, 3202641, 0, 0, 0
132000, 2197804, 0, 0, 0
133000, 2133228, 0, 0, 0
134000, 978931, 0, 0, 0
135003, 961970, 0, 0, 0
136003, 927347, 0, 0, 0
137007, 930373, 0, 0, 0
138007, 926385, 0, 0, 0
139003, 927799, 0, 0, 0
140003, 924849, 0, 0, 0
141015, 1105713, 0, 0, 0
142000, 1054649, 0, 0, 0
143000, 1028781, 0, 0, 0
144000, 994533, 0, 0, 0
145003, 986911, 0, 0, 0
146007, 954879, 0, 0, 0
147000, 1067341, 0, 0, 0
148010, 975620, 0, 0, 0
149000, 989714, 0, 0, 0
150000, 982201, 0, 0, 0
151000, 980730, 0, 0, 0
152000, 1032336, 0, 0, 0
153000, 1035066, 0, 0, 0
154003, 1024870, 0, 0, 0
155014, 987184, 0, 0, 0
156000, 1017254, 0, 0, 0
157001, 1265219, 0, 0, 0
158000, 1266975, 0, 0, 0
159000, 1195422, 0, 0, 0
160000, 1261103, 0, 0, 0
161000, 1228414, 0, 0, 0
162000, 1231705, 0, 0, 0
163000, 1283178, 0, 0, 0
164000, 1227565, 0, 0, 0
165000, 1243447, 0, 0, 0
166004, 1196521, 0, 0, 0
167000, 1233757, 0, 0, 0
168000, 1168511, 0, 0, 0
169002, 1174359, 0, 0, 0
170000, 1276127, 0, 0, 0
171001, 1212070, 0, 0, 0
172000, 1242807, 0, 0, 0
173009, 1194523, 0, 0, 0
174000, 1268591, 0, 0, 0
175003, 1219326, 0, 0, 0
176000, 1098704, 0, 0, 0
177000, 1133370, 0, 0, 0
178000, 1047234, 0, 0, 0
179000, 1442026, 0, 0, 0
180000, 1974392, 0, 0, 0
181000, 2072894, 0, 0, 0
182000, 2151432, 0, 0, 0
183000, 2606262, 0, 0, 0
184000, 3053958, 0, 0, 0
185000, 3091446, 0, 0, 0
186005, 3075887, 0, 0, 0
187000, 3017541, 0, 0, 0
188000, 3486423, 0, 0, 0
189000, 3224473, 0, 0, 0
190000, 1920857, 0, 0, 0
191000, 2185468, 0, 0, 0
192000, 2603788, 0, 0, 0
193000, 1549763, 0, 0, 0
194000, 1379135, 0, 0, 0
195000, 1361621, 0, 0, 0
196000, 1333206, 0, 0, 0
197000, 3101033, 0, 0, 0
198000, 4121514, 0, 0, 0
199000, 3275328, 0, 0, 0
200000, 2539051, 0, 0, 0
201000, 2253265, 0, 0, 0
202000, 1237360, 0, 0, 0
203000, 939860, 0, 0, 0
204008, 946617, 0, 0, 0
205000, 935515, 0, 0, 0
206008, 934395, 0, 0, 0
207000, 932527, 0, 0, 0
208000, 935211, 0, 0, 0
209008, 925922, 0, 0, 0
210000, 992644, 0, 0, 0
211008, 938471, 0, 0, 0
212000, 937139, 0, 0, 0
213004, 909240, 0, 0, 0
214004, 926013, 0, 0, 0
215000, 940549, 0, 0, 0
216000, 958928, 0, 0, 0
217000, 937843, 0, 0, 0
218012, 972798, 0, 0, 0
219000, 984884, 0, 0, 0
220000, 979059, 0, 0, 0
221000, 989987, 0, 0, 0
222000, 1027541, 0, 0, 0
223000, 983711, 0, 0, 0
224004, 1011913, 0, 0, 0
225000, 1162011, 0, 0, 0
226000, 1089827, 0, 0, 0
227004, 1102216, 0, 0, 0
228006, 1128350, 0, 0, 0
229000, 1192075, 0, 0, 0
230001, 1072573, 0, 0, 0
231000, 1159266, 0, 0, 0
232000, 1115124, 0, 0, 0
233000, 1171491, 0, 0, 0
234000, 1205728, 0, 0, 0
235000, 1174048, 0, 0, 0
236000, 1163510, 0, 0, 0
237000, 1113565, 0, 0, 0
238000, 1164436, 0, 0, 0
239000, 1146935, 0, 0, 0
240000, 1080792, 0, 0, 0
241000, 1151596, 0, 0, 0
242000, 1858807, 0, 0, 0
243000, 4487983, 0, 0, 0
244000, 2976325, 0, 0, 0
245000, 4222096, 0, 0, 0
246000, 3829149, 0, 0, 0
247000, 3126301, 0, 0, 0
248000, 1141469, 0, 0, 0
249000, 1184037, 0, 0, 0
250004, 1165006, 0, 0, 0
251000, 1215831, 0, 0, 0
252000, 1035358, 0, 0, 0
253005, 994957, 0, 0, 0
254002, 1144175, 0, 0, 0
255005, 1291047, 0, 0, 0
256003, 1206018, 0, 0, 0
257000, 1187160, 0, 0, 0
258000, 1217122, 0, 0, 0
259000, 1192000, 0, 0, 0
260000, 1179321, 0, 0, 0
261000, 1177593, 0, 0, 0
262000, 1249208, 0, 0, 0
263001, 1218573, 0, 0, 0
264002, 1205102, 0, 0, 0
265000, 1245950, 0, 0, 0
266000, 1160550, 0, 0, 0
267000, 3358714, 0, 0, 0
268021, 4856058, 0, 0, 0
269000, 3949858, 0, 0, 0
270000, 4739708, 0, 0, 0
271000, 1983354, 0, 0, 0
272012, 981630, 0, 0, 0
273004, 993606, 0, 0, 0
274000, 996114, 0, 0, 0
275000, 998863, 0, 0, 0
276004, 989541, 0, 0, 0
277004, 992547, 0, 0, 0
278000, 1760289, 0, 0, 0
279000, 1213963, 0, 0, 0
280012, 1070623, 0, 0, 0
281000, 1039856, 0, 0, 0
282000, 1069519, 0, 0, 0
283000, 1041570, 0, 0, 0
284000, 1050368, 0, 0, 0
285000, 1058789, 0, 0, 0
286000, 987859, 0, 0, 0
287000, 1056129, 0, 0, 0
288000, 1054999, 0, 0, 0
289000, 1058506, 0, 0, 0
290000, 1163258, 0, 0, 0
291000, 1200031, 0, 0, 0
292005, 1102726, 0, 0, 0
293000, 1104293, 0, 0, 0
294000, 1154887, 0, 0, 0
295004, 1217184, 0, 0, 0
296003, 1175857, 0, 0, 0
297000, 1054079, 0, 0, 0
298000, 1063133, 0, 0, 0
299004, 1216052, 0, 0, 0
300004, 1153790, 0, 0, 0
301000, 1144801, 0, 0, 0
302000, 1335742, 0, 0, 0
303000, 3706605, 0, 0, 0
304000, 4558867, 0, 0, 0
305000, 4616350, 0, 0, 0
306000, 4517678, 0, 0, 0
307000, 3703086, 0, 0, 0
308000, 3282221, 0, 0, 0
309000, 3437467, 0, 0, 0
310000, 4204185, 0, 0, 0
311000, 2810960, 0, 0, 0
312000, 1989115, 0, 0, 0
313000, 1903007, 0, 0, 0
314000, 1676132, 0, 0, 0
315000, 1611206, 0, 0, 0
316000, 3895466, 0, 0, 0
317000, 3690800, 0, 0, 0
318000, 2012886, 0, 0, 0
319000, 1241495, 0, 0, 0
320000, 1248763, 0, 0, 0
321000, 1217345, 0, 0, 0
322000, 1170675, 0, 0, 0
323000, 1150906, 0, 0, 0
324000, 1003540, 0, 0, 0
325000, 879080, 0, 0, 0
326000, 911323, 0, 0, 0
327000, 872343, 0, 0, 0
328012, 874226, 0, 0, 0
329004, 877691, 0, 0, 0
330000, 882627, 0, 0, 0
331004, 891149, 0, 0, 0
332000, 922812, 0, 0, 0
333000, 872739, 0, 0, 0
334000, 883355, 0, 0, 0
335000, 872811, 0, 0, 0
336012, 880066, 0, 0, 0
337004, 884053, 0, 0, 0
338000, 1078740, 0, 0, 0
339000, 1058140, 0, 0, 0
340008, 1043824, 0, 0, 0
341000, 1029995, 0, 0, 0
342000, 1014223, 0, 0, 0
343000, 1050447, 0, 0, 0
344012, 1051041, 0, 0, 0
345000, 1033476, 0, 0, 0
346000, 1054585, 0, 0, 0
347000, 1091221, 0, 0, 0
348001, 1049971, 0, 0, 0
349000, 1018551, 0, 0, 0
350006, 1060779, 0, 0, 0
351000, 1117337, 0, 0, 0
352000, 1085670, 0, 0, 0
353000, 1092884, 0, 0, 0
354000, 1052784, 0, 0, 0
355002, 1144186, 0, 0, 0
356000, 1563138, 0, 0, 0
357000, 4585534, 0, 0, 0
358000, 3799307, 0, 0, 0
359000, 4038884, 0, 0, 0
360000, 4223346, 0, 0, 0
361001, 4630416, 0, 0, 0
362000, 3970692, 0, 0, 0
363000, 4352956, 0, 0, 0
364000, 4069324, 0, 0, 0
365000, 3677447, 0, 0, 0
366000, 4243111, 0, 0, 0
367000, 4594849, 0, 0, 0
368000, 2964581, 0, 0, 0
369005, 1935742, 0, 0, 0
370000, 1490462, 0, 0, 0
371004, 1193869, 0, 0, 0
372003, 1153755, 0, 0, 0
373001, 1131220, 0, 0, 0
374000, 1242614, 0, 0, 0
375000, 1164360, 0, 0, 0
376000, 1149103, 0, 0, 0
377000, 969373, 0, 0, 0
378000, 918860, 0, 0, 0
379000, 874495, 0, 0, 0
380000, 888781, 0, 0, 0
381000, 880020, 0, 0, 0
382000, 885425, 0, 0, 0
383004, 883456, 0, 0, 0
384000, 921481, 0, 0, 0
385000, 882173, 0, 0, 0
386012, 882637, 0, 0, 0
387004, 883644, 0, 0, 0
388000, 893197, 0, 0, 0
389000, 875239, 0, 0, 0
390000, 1173947, 0, 0, 0
391000, 1197753, 0, 0, 0
392000, 1093430, 0, 0, 0
393008, 993229, 0, 0, 0
394008, 1044409, 0, 0, 0
395000, 1071649, 0, 0, 0
396008, 1095304, 0, 0, 0
397000, 1115494, 0, 0, 0
398000, 1166904, 0, 0, 0
399000, 1162678, 0, 0, 0
400001, 1120374, 0, 0, 0
401000, 1018478, 0, 0, 0
402000, 1059329, 0, 0, 0
403000, 1110461, 0, 0, 0
404000, 1207110, 0, 0, 0
405000, 1197677, 0, 0, 0
406000, 1378583, 0, 0, 0
407000, 3593763, 0, 0, 0
408000, 3607382, 0, 0, 0
409000, 1442258, 0, 0, 0
410000, 1243752, 0, 0, 0
411000, 1188472, 0, 0, 0
412000, 1315665, 0, 0, 0
413002, 1237832, 0, 0, 0
414000, 1223397, 0, 0, 0
415000, 1196504, 0, 0, 0
416001, 1213264, 0, 0, 0
417000, 1224800, 0, 0, 0
418001, 1211956, 0, 0, 0
419000, 1261752, 0, 0, 0
420000, 1149619, 0, 0, 0
421000, 990072, 0, 0, 0
422000, 1675215, 0, 0, 0
423000, 3501227, 0, 0, 0
424000, 4162593, 0, 0, 0
425000, 4077185, 0, 0, 0
426000, 4067644, 0, 0, 0
427000, 4055664, 0, 0, 0
428000, 3675668, 0, 0, 0
429000, 2549990, 0, 0, 0
430000, 1452340, 0, 0, 0
431000, 1091743, 0, 0, 0
432000, 1108290, 0, 0, 0
433000, 1129901, 0, 0, 0
434000, 1180537, 0, 0, 0
435000, 1162720, 0, 0, 0
436012, 965975, 0, 0, 0
437008, 915768, 0, 0, 0
438012, 883061, 0, 0, 0
439004, 881245, 0, 0, 0
440000, 878565, 0, 0, 0
441000, 890661, 0, 0, 0
442000, 885862, 0, 0, 0
443000, 984337, 0, 0, 0
444000, 947622, 0, 0, 0
445000, 941907, 0, 0, 0
446000, 925649, 0, 0, 0
447008, 918294, 0, 0, 0
448012, 927498, 0, 0, 0
449000, 1038607, 0, 0, 0
450004, 1067945, 0, 0, 0
451000, 1063089, 0, 0, 0
452000, 1061372, 0, 0, 0
453000, 1065303, 0, 0, 0
454003, 1180773, 0, 0, 0
455000, 1200692, 0, 0, 0
456000, 1167525, 0, 0, 0
457020, 1006434, 0, 0, 0
458004, 1082398, 0, 0, 0
459000, 1172923, 0, 0, 0
460000, 1120068, 0, 0, 0
461008, 1097291, 0, 0, 0
462000, 1100184, 0, 0, 0
463000, 1062190, 0, 0, 0
464005, 1176924, 0, 0, 0
465000, 1271969, 0, 0, 0
466000, 1243942, 0, 0, 0
467000, 1263653, 0, 0, 0
468000, 1227631, 0, 0, 0
469000, 1861309, 0, 0, 0
470000, 3735454, 0, 0, 0
471000, 3055886, 0, 0, 0
472000, 1658983, 0, 0, 0
473000, 1573963, 0, 0, 0
474000, 1542051, 0, 0, 0
475000, 1410874, 0, 0, 0
476000, 1257666, 0, 0, 0
477000, 1163154, 0, 0, 0
478000, 1266114, 0, 0, 0
479000, 1174548, 0, 0, 0
480000, 1171401, 0, 0, 0
480002, 2508431, 0, 0, 0
