1001, 923260, 1, 0, 0
2000, 908778, 1, 0, 0
3004, 877448, 1, 0, 0
4000, 926720, 1, 0, 0
5000, 1052890, 1, 0, 0
6000, 1141766, 1, 0, 0
7000, 1270916, 1, 0, 0
8008, 1658686, 1, 0, 0
9004, 1871871, 1, 0, 0
10008, 1723707, 1, 0, 0
11000, 1774620, 1, 0, 0
12000, 1984761, 1, 0, 0
13000, 1756183, 1, 0, 0
14004, 1063420, 1, 0, 0
15006, 1086390, 1, 0, 0
16001, 1114590, 1, 0, 0
17008, 1160336, 1, 0, 0
18000, 1575747, 1, 0, 0
19000, 1614014, 1, 0, 0
20004, 1571943, 1, 0, 0
21000, 1678904, 1, 0, 0
22000, 1704794, 1, 0, 0
23004, 1921254, 1, 0, 0
24003, 1972377, 1, 0, 0
25004, 1423968, 1, 0, 0
26000, 933634, 1, 0, 0
27000, 473970, 1, 0, 0
28000, 474871, 1, 0, 0
29000, 518909, 1, 0, 0
30000, 602482, 1, 0, 0
31000, 717717, 1, 0, 0
32000, 767608, 1, 0, 0
33004, 768995, 1, 0, 0
34000, 914002, 1, 0, 0
35003, 954258, 1, 0, 0
36000, 1003318, 1, 0, 0
37000, 1054139, 1, 0, 0
38010, 964638, 1, 0, 0
39001, 1015040, 1, 0, 0
40000, 1106799, 1, 0, 0
41000, 1142220, 1, 0, 0
42000, 1230328, 1, 0, 0
43005, 1280516, 1, 0, 0
44000, 1746999, 1, 0, 0
45004, 1653210, 1, 0, 0
46002, 1818934, 1, 0, 0
47009, 1907418, 1, 0, 0
48000, 1542896, 1, 0, 0
49000, 489390, 1, 0, 0
50000, 475413, 1, 0, 0
51000, 475350, 1, 0, 0
52000, 491557, 1, 0, 0
53000, 475953, 1, 0, 0
54000, 475874, 1, 0, 0
55000, 1029944, 1, 0, 0
56000, 1127918, 1, 0, 0
57009, 1059449, 1, 0, 0
58003, 1038555, 1, 0, 0
59000, 1069613, 1, 0, 0
60000, 1077045, 1, 0, 0
61003, 1147125, 1, 0, 0
62000, 1104702, 1, 0, 0
63004, 1395611, 1, 0, 0
64002, 1376000, 1, 0, 0
65000, 1362836, 1, 0, 0
66000, 1456902, 1, 0, 0
67004, 1457064, 1, 0, 0
68005, 1450280, 1, 0, 0
69004, 1464979, 1, 0, 0
70002, 1890193, 1, 0, 0
71000, 2004309, 1, 0, 0
72006, 1900824, 1, 0, 0
73010, 2039485, 1, 0, 0
74010, 1977916, 1, 0, 0
75000, 1647815, 1, 0, 0
76000, 1450763, 1, 0, 0
77008, 1398308, 1, 0, 0
78002, 1410190, 1, 0, 0
79009, 1256796, 1, 0, 0
80000, 1256822, 1, 0, 0
81006, 1154631, 1, 0, 0
82013, 1268698, 1, 0, 0
83005, 1588854, 1, 0, 0
84006, 1539676, 1, 0, 0
85000, 1492768, 1, 0, 0
86000, 1536623, 1, 0, 0
87005, 1565474, 1, 0, 0
88000, 1510525, 1, 0, 0
89008, 1542871, 1, 0, 0
90000, 1361000, 1, 0, 0
91000, 1324517, 1, 0, 0
92000, 1139288, 1, 0, 0
93000, 1073793, 1, 0, 0
94000, 1191550, 1, 0, 0
95004, 1191678, 1, 0, 0
96002, 1230776, 1, 0, 0
97006, 2006228, 1, 0, 0
98008, 2025130, 1, 0, 0
99000, 1309461, 1, 0, 0
100001, 1116069, 1, 0, 0
101000, 1077107, 1, 0, 0
102001, 1027885, 1, 0, 0
103000, 524245, 1, 0, 0
104000, 470722, 1, 0, 0
105000, 469191, 1, 0, 0
106010, 513906, 1, 0, 0
107004, 995128, 1, 0, 0
108002, 915517, 1, 0, 0
109000, 705990, 1, 0, 0
110000, 662610, 1, 0, 0
111000, 828489, 1, 0, 0
112000, 842665, 1, 0, 0
113005, 948363, 1, 0, 0
114000, 972078, 1, 0, 0
115006, 1034810, 1, 0, 0
116006, 1071732, 1, 0, 0
117003, 1062390, 1, 0, 0
118008, 1040944, 1, 0, 0
119000, 1085320, 1, 0, 0
120000, 989590, 1, 0, 0
121000, 924216, 1, 0, 0
122000, 1242378, 1, 0, 0
123005, 1073665, 1, 0, 0
124009, 1165985, 1, 0, 0
125000, 892204, 1, 0, 0
126000, 997984, 1, 0, 0
127008, 1009526, 1, 0, 0
128011, 1000517, 1, 0, 0
129001, 1079537, 1, 0, 0
130011, 1515089, 1, 0, 0
131002, 1536134, 1, 0, 0
132000, 1092079, 1, 0, 0
133011, 1199664, 1, 0, 0
134010, 1317487, 1, 0, 0
135007, 1149718, 1, 0, 0
136010, 960698, 1, 0, 0
137001, 1389682, 1, 0, 0
138000, 1564934, 1, 0, 0
139007, 1405704, 1, 0, 0
140004, 1710435, 1, 0, 0
141009, 1989123, 1, 0, 0
142007, 1865284, 1, 0, 0
143000, 1054174, 1, 0, 0
144006, 1054088, 1, 0, 0
145002, 1046247, 1, 0, 0
146000, 773775, 1, 0, 0
147000, 476371, 1, 0, 0
148000, 476312, 1, 0, 0
149001, 514629, 1, 0, 0
150000, 696614, 1, 0, 0
151000, 640368, 1, 0, 0
152000, 620920, 1, 0, 0
153007, 669351, 1, 0, 0
154003, 922888, 1, 0, 0
155000, 912228, 1, 0, 0
156000, 1128247, 1, 0, 0
157008, 1288380, 1, 0, 0
158000, 1377552, 1, 0, 0
159000, 1164474, 1, 0, 0
160009, 1228140, 1, 0, 0
161001, 1192961, 1, 0, 0
162010, 1186425, 1, 0, 0
163000, 1177422, 1, 0, 0
164004, 1108230, 1, 0, 0
165008, 1199555, 1, 0, 0
166008, 1096178, 1, 0, 0
167004, 1137736, 1, 0, 0
168003, 1357428, 1, 0, 0
169011, 1451904, 1, 0, 0
170008, 1447284, 1, 0, 0
171000, 1307193, 1, 0, 0
172000, 1319166, 1, 0, 0
173000, 1115437, 1, 0, 0
174006, 1016021, 1, 0, 0
175011, 1260218, 1, 0, 0
176000, 1263888, 1, 0, 0
177000, 1215639, 1, 0, 0
178010, 1203544, 1, 0, 0
179000, 1263158, 1, 0, 0
180001, 1447639, 1, 0, 0
181014, 1767363, 1, 0, 0
182000, 1748535, 1, 0, 0
183003, 1187720, 1, 0, 0
184000, 1227056, 1, 0, 0
185001, 1208269, 1, 0, 0
186009, 1271878, 1, 0, 0
187007, 1235008, 1, 0, 0
188000, 1240435, 1, 0, 0
189000, 1200895, 1, 0, 0
190000, 1507799, 1, 0, 0
191006, 1943829, 1, 0, 0
192009, 2116137, 1, 0, 0
193000, 1993687, 1, 0, 0
194000, 1942616, 1, 0, 0
195000, 1883302, 1, 0, 0
196004, 1943793, 1, 0, 0
197005, 1810749, 1, 0, 0
198007, 1902973, 1, 0, 0
199004, 1964424, 1, 0, 0
200000, 1849577, 1, 0, 0
201001, 1775490, 1, 0, 0
202000, 697235, 1, 0, 0
203000, 475414, 1, 0, 0
204000, 475757, 1, 0, 0
205005, 502565, 1, 0, 0
206000, 2045749, 1, 0, 0
207002, 1867839, 1, 0, 0
208009, 1228612, 1, 0, 0
209004, 977522, 1, 0, 0
210001, 936934, 1, 0, 0
211000, 812911, 1, 0, 0
212012, 929942, 1, 0, 0
213007, 1327719, 1, 0, 0
214000, 1292159, 1, 0, 0
215006, 1268696, 1, 0, 0
216008, 1793560, 1, 0, 0
217000, 1953955, 1, 0, 0
218000, 1296758, 1, 0, 0
219000, 1190669, 1, 0, 0
220000, 1246837, 1, 0, 0
221005, 1327212, 1, 0, 0
222005, 1395094, 1, 0, 0
223000, 1697092, 1, 0, 0
224005, 1612111, 1, 0, 0
225008, 1637772, 1, 0, 0
226000, 1735237, 1, 0, 0
227001, 1785565, 1, 0, 0
228007, 1957345, 1, 0, 0
229001, 2039969, 1, 0, 0
230000, 2023441, 1, 0, 0
231009, 1975069, 1, 0, 0
232000, 1485252, 1, 0, 0
233000, 1171740, 1, 0, 0
234000, 1140872, 1, 0, 0
235001, 811320, 1, 0, 0
236000, 727350, 1, 0, 0
237013, 742638, 1, 0, 0
238000, 818213, 1, 0, 0
239002, 862308, 1, 0, 0
240001, 877890, 1, 0, 0
241000, 866674, 1, 0, 0
242000, 852094, 1, 0, 0
243000, 976295, 1, 0, 0
244000, 1151088, 1, 0, 0
245000, 1143675, 1, 0, 0
246006, 1116440, 1, 0, 0
247011, 2034643, 1, 0, 0
248005, 2026886, 1, 0, 0
249000, 1962209, 1, 0, 0
250000, 1143569, 1, 0, 0
251000, 1115354, 1, 0, 0
252000, 993529, 1, 0, 0
253000, 1046747, 1, 0, 0
254000, 1084825, 1, 0, 0
255010, 1429552, 1, 0, 0
256000, 1485904, 1, 0, 0
257000, 490570, 1, 0, 0
258000, 473746, 1, 0, 0
259000, 472715, 1, 0, 0
260000, 566860, 1, 0, 0
261005, 988244, 1, 0, 0
262003, 988758, 1, 0, 0
263000, 716245, 1, 0, 0
264003, 783744, 1, 0, 0
265008, 886710, 1, 0, 0
266000, 1038484, 1, 0, 0
267000, 1039094, 1, 0, 0
268000, 1103775, 1, 0, 0
269002, 1119014, 1, 0, 0
270000, 1261702, 1, 0, 0
271000, 912206, 1, 0, 0
272007, 1024374, 1, 0, 0
273004, 931614, 1, 0, 0
274000, 911404, 1, 0, 0
275003, 894658, 1, 0, 0
276010, 1612724, 1, 0, 0
277009, 1992559, 1, 0, 0
278004, 1919224, 1, 0, 0
279000, 1148239, 1, 0, 0
280001, 1092552, 1, 0, 0
281000, 952440, 1, 0, 0
282000, 982859, 1, 0, 0
283002, 933895, 1, 0, 0
284009, 1638684, 1, 0, 0
285007, 1718716, 1, 0, 0
286000, 1826526, 1, 0, 0
287004, 1890568, 1, 0, 0
288000, 2127981, 1, 0, 0
289004, 1133619, 1, 0, 0
290000, 1117370, 1, 0, 0
291005, 1089107, 1, 0, 0
292011, 1185139, 1, 0, 0
293000, 1709026, 1, 0, 0
294000, 1366090, 1, 0, 0
295000, 490125, 1, 0, 0
296000, 475096, 1, 0, 0
297000, 475211, 1, 0, 0
298000, 736345, 1, 0, 0
299000, 1422815, 1, 0, 0
300004, 1387116, 1, 0, 0
301000, 881763, 1, 0, 0
302008, 913538, 1, 0, 0
303000, 1003586, 1, 0, 0
304000, 969514, 1, 0, 0
305007, 1662918, 1, 0, 0
306000, 1810248, 1, 0, 0
307010, 1712750, 1, 0, 0
308004, 1642451, 1, 0, 0
309011, 1853040, 1, 0, 0
310009, 2035013, 1, 0, 0
311002, 1857486, 1, 0, 0
312000, 1914773, 1, 0, 0
313007, 1837138, 1, 0, 0
314000, 1854414, 1, 0, 0
315000, 1958247, 1, 0, 0
316011, 2223372, 1, 0, 0
317004, 2037390, 1, 0, 0
318000, 1991531, 1, 0, 0
319003, 1194338, 1, 0, 0
320000, 1137545, 1, 0, 0
321000, 1161582, 1, 0, 0
322008, 1078672, 1, 0, 0
323000, 991536, 1, 0, 0
324026, 1237640, 1, 0, 0
325000, 1350174, 1, 0, 0
326000, 1063581, 1, 0, 0
327000, 1092794, 1, 0, 0
328009, 1181103, 1, 0, 0
329000, 1294208, 1, 0, 0
330000, 1231329, 1, 0, 0
331000, 1237641, 1, 0, 0
332010, 1481158, 1, 0, 0
333007, 917072, 1, 0, 0
334000, 743306, 1, 0, 0
335000, 462225, 1, 0, 0
336000, 519670, 1, 0, 0
337000, 554060, 1, 0, 0
338000, 554724, 1, 0, 0
339000, 557053, 1, 0, 0
340000, 833563, 1, 0, 0
341000, 817408, 1, 0, 0
342000, 829841, 1, 0, 0
343000, 947822, 1, 0, 0
344000, 972772, 1, 0, 0
345000, 1270646, 1, 0, 0
346000, 1575840, 1, 0, 0
347004, 1558281, 1, 0, 0
348000, 1002930, 1, 0, 0
349000, 1086508, 1, 0, 0
350008, 1180913, 1, 0, 0
351000, 1176452, 1, 0, 0
352011, 938621, 1, 0, 0
353002, 1380564, 1, 0, 0
354000, 1154030, 1, 0, 0
355000, 1115871, 1, 0, 0
356009, 1076363, 1, 0, 0
357010, 1400903, 1, 0, 0
358000, 1621182, 1, 0, 0
359000, 1538315, 1, 0, 0
360007, 1698621, 1, 0, 0
361000, 2200306, 1, 0, 0
362006, 1124260, 1, 0, 0
363000, 1039675, 1, 0, 0
364000, 1068964, 1, 0, 0
365000, 1028148, 1, 0, 0
366010, 1020195, 1, 0, 0
367002, 1323721, 1, 0, 0
368004, 1832127, 1, 0, 0
369006, 1057799, 1, 0, 0
370005, 1108215, 1, 0, 0
371000, 773907, 1, 0, 0
372000, 674420, 1, 0, 0
373000, 673883, 1, 0, 0
374000, 732783, 1, 0, 0
375006, 944248, 1, 0, 0
376003, 922764, 1, 0, 0
377007, 981999, 1, 0, 0
378005, 1320929, 1, 0, 0
379000, 1162967, 1, 0, 0
380003, 1115366, 1, 0, 0
381007, 1023210, 1, 0, 0
382005, 1105156, 1, 0, 0
383000, 1109246, 1, 0, 0
384000, 1065307, 1, 0, 0
385003, 1254674, 1, 0, 0
386000, 1847956, 1, 0, 0
387009, 1607540, 1, 0, 0
388000, 1140401, 1, 0, 0
389002, 1252107, 1, 0, 0
390000, 1264037, 1, 0, 0
391000, 1231815, 1, 0, 0
392000, 1556955, 1, 0, 0
393007, 2039976, 1, 0, 0
394008, 1512437, 1, 0, 0
395000, 1341200, 1, 0, 0
396000, 1513662, 1, 0, 0
397010, 1292353, 1, 0, 0
398001, 1309406, 1, 0, 0
399003, 1098868, 1, 0, 0
400000, 1118665, 1, 0, 0
401000, 1342204, 1, 0, 0
402008, 1380647, 1, 0, 0
403000, 1304432, 1, 0, 0
404000, 1745743, 1, 0, 0
405000, 1565142, 1, 0, 0
406000, 1495909, 1, 0, 0
407000, 1446560, 1, 0, 0
408000, 1593597, 1, 0, 0
409008, 1636312, 1, 0, 0
410008, 1669037, 1, 0, 0
411002, 1907489, 1, 0, 0
412005, 2047555, 1, 0, 0
413000, 1941333, 1, 0, 0
414000, 1840097, 1, 0, 0
415000, 1038528, 1, 0, 0
416000, 835892, 1, 0, 0
417000, 829359, 1, 0, 0
418000, 813799, 1, 0, 0
419004, 876860, 1, 0, 0
420000, 1427533, 1, 0, 0
421012, 1503764, 1, 0, 0
422000, 1701002, 1, 0, 0
423006, 1636512, 1, 0, 0
424004, 1393879, 1, 0, 0
425000, 1321947, 1, 0, 0
426006, 1244120, 1, 0, 0
427008, 1269201, 1, 0, 0
428000, 1252745, 1, 0, 0
429000, 480885, 1, 0, 0
430000, 461823, 1, 0, 0
431000, 479942, 1, 0, 0
432001, 689591, 1, 0, 0
433000, 665669, 1, 0, 0
434000, 616098, 1, 0, 0
435000, 631521, 1, 0, 0
436000, 679712, 1, 0, 0
437000, 641675, 1, 0, 0
438000, 615212, 1, 0, 0
439000, 749875, 1, 0, 0
440000, 956695, 1, 0, 0
441000, 1312575, 1, 0, 0
442000, 1164625, 1, 0, 0
443008, 1112732, 1, 0, 0
444002, 1344242, 1, 0, 0
445005, 1414043, 1, 0, 0
446006, 1377215, 1, 0, 0
447000, 1059388, 1, 0, 0
448000, 1016809, 1, 0, 0
449006, 1019898, 1, 0, 0
450006, 990855, 1, 0, 0
451002, 1037705, 1, 0, 0
452007, 1082229, 1, 0, 0
453003, 1027006, 1, 0, 0
454000, 907280, 1, 0, 0
455000, 921712, 1, 0, 0
456000, 1321476, 1, 0, 0
457000, 1282274, 1, 0, 0
458000, 1103351, 1, 0, 0
459000, 868142, 1, 0, 0
460000, 1005717, 1, 0, 0
461007, 910918, 1, 0, 0
462000, 908034, 1, 0, 0
463000, 1065567, 1, 0, 0
464007, 1086724, 1, 0, 0
465001, 1047369, 1, 0, 0
466010, 1154749, 1, 0, 0
467006, 1791255, 1, 0, 0
468002, 1791633, 1, 0, 0
469008, 1737787, 1, 0, 0
470010, 1948919, 1, 0, 0
471000, 1892613, 1, 0, 0
472006, 1811657, 1, 0, 0
473005, 1910229, 1, 0, 0
474000, 1766371, 1, 0, 0
475014, 1333034, 1, 0, 0
476006, 1437711, 1, 0, 0
477000, 1528571, 1, 0, 0
478000, 1357219, 1, 0, 0
479004, 1447056, 1, 0, 0
480002, 1444131, 1, 0, 0
480004, 12995932, 1, 0, 0
