1000, 1799063, 1, 0, 0
2000, 1805942, 1, 0, 0
3000, 1805201, 1, 0, 0
4000, 1807439, 1, 0, 0
5000, 1805262, 1, 0, 0
6000, 1810216, 1, 0, 0
7000, 1811572, 1, 0, 0
8000, 1811134, 1, 0, 0
9000, 1847349, 1, 0, 0
10000, 1810720, 1, 0, 0
11000, 1808911, 1, 0, 0
12000, 1807362, 1, 0, 0
13000, 1805929, 1, 0, 0
14000, 1804544, 1, 0, 0
15000, 1809867, 1, 0, 0
16000, 1810453, 1, 0, 0
17000, 1805432, 1, 0, 0
18000, 1802398, 1, 0, 0
19000, 1804385, 1, 0, 0
20000, 1805242, 1, 0, 0
21000, 1872039, 1, 0, 0
22000, 1784002, 1, 0, 0
23000, 1778567, 1, 0, 0
24000, 1776040, 1, 0, 0
25000, 1776846, 1, 0, 0
26000, 1779320, 1, 0, 0
27000, 1774694, 1, 0, 0
28000, 1827707, 1, 0, 0
29000, 1780734, 1, 0, 0
30000, 1780729, 1, 0, 0
31000, 1779491, 1, 0, 0
32000, 1816290, 1, 0, 0
33000, 1777917, 1, 0, 0
34000, 1777123, 1, 0, 0
35000, 1807128, 1, 0, 0
36000, 1781462, 1, 0, 0
37000, 1776774, 1, 0, 0
38000, 1777506, 1, 0, 0
39000, 1778991, 1, 0, 0
40000, 1782420, 1, 0, 0
41000, 1781093, 1, 0, 0
42000, 1782269, 1, 0, 0
43000, 1862522, 1, 0, 0
44000, 1777086, 1, 0, 0
45000, 1767511, 1, 0, 0
46000, 1768447, 1, 0, 0
47000, 1769205, 1, 0, 0
48000, 1770063, 1, 0, 0
49000, 1772939, 1, 0, 0
50000, 1820608, 1, 0, 0
51000, 1771822, 1, 0, 0
52000, 1766631, 1, 0, 0
53000, 1766123, 1, 0, 0
54000, 1805121, 1, 0, 0
55000, 1766521, 1, 0, 0
56000, 1812345, 1, 0, 0
57000, 1770212, 1, 0, 0
58000, 1769347, 1, 0, 0
59000, 1770178, 1, 0, 0
60000, 1782815, 1, 0, 0
61000, 1782454, 1, 0, 0
62000, 1775930, 1, 0, 0
63000, 1815595, 1, 0, 0
64000, 1770209, 1, 0, 0
65000, 1819658, 1, 0, 0
66000, 1770732, 1, 0, 0
67000, 1771609, 1, 0, 0
68000, 1770505, 1, 0, 0
69000, 1812059, 1, 0, 0
70000, 1766726, 1, 0, 0
71000, 1767456, 1, 0, 0
72000, 1770589, 1, 0, 0
73000, 1776207, 1, 0, 0
74000, 1769334, 1, 0, 0
75000, 1817791, 1, 0, 0
76000, 1818253, 1, 0, 0
77000, 1776743, 1, 0, 0
78000, 1777476, 1, 0, 0
79000, 1774095, 1, 0, 0
80000, 1772482, 1, 0, 0
81000, 1771749, 1, 0, 0
82000, 1824436, 1, 0, 0
83000, 1788747, 1, 0, 0
84000, 1778620, 1, 0, 0
85000, 1779567, 1, 0, 0
86000, 1775552, 1, 0, 0
87000, 1808908, 1, 0, 0
88000, 1813866, 1, 0, 0
89000, 1767628, 1, 0, 0
90000, 1767362, 1, 0, 0
91000, 1770381, 1, 0, 0
92000, 1772492, 1, 0, 0
93000, 1771780, 1, 0, 0
94014, 1801132, 1, 0, 0
95000, 1990965, 1, 0, 0
96000, 1906571, 1, 0, 0
97000, 1880393, 1, 0, 0
98000, 2322879, 1, 0, 0
99000, 2070901, 1, 0, 0
100000, 1863180, 1, 0, 0
101000, 1761299, 1, 0, 0
102000, 1803711, 1, 0, 0
103000, 1764977, 1, 0, 0
104000, 1761863, 1, 0, 0
105000, 1765065, 1, 0, 0
106000, 1765157, 1, 0, 0
107000, 1818999, 1, 0, 0
108000, 1776158, 1, 0, 0
109000, 1772010, 1, 0, 0
110000, 1841080, 1, 0, 0
111000, 1756606, 1, 0, 0
112000, 1798585, 1, 0, 0
113000, 1945990, 1, 0, 0
114000, 2045367, 1, 0, 0
115000, 2007102, 1, 0, 0
116000, 1799999, 1, 0, 0
117000, 1743598, 1, 0, 0
118000, 1745873, 1, 0, 0
119000, 1788673, 1, 0, 0
120000, 1762215, 1, 0, 0
121000, 2161414, 1, 0, 0
122000, 2048127, 1, 0, 0
123000, 2116646, 1, 0, 0
124000, 1785504, 1, 0, 0
125000, 1761481, 1, 0, 0
126000, 1770864, 1, 0, 0
127000, 1766441, 1, 0, 0
128000, 1811476, 1, 0, 0
129000, 1764299, 1, 0, 0
130000, 1765458, 1, 0, 0
131000, 1769969, 1, 0, 0
132000, 1839670, 1, 0, 0
133000, 1813650, 1, 0, 0
134000, 1747068, 1, 0, 0
135000, 1747900, 1, 0, 0
136000, 2067878, 1, 0, 0
137000, 2066585, 1, 0, 0
138000, 2030403, 1, 0, 0
139000, 1961642, 1, 0, 0
140000, 2007417, 1, 0, 0
141000, 1995995, 1, 0, 0
142000, 2004404, 1, 0, 0
143000, 2059661, 1, 0, 0
144000, 2166842, 1, 0, 0
145000, 1928214, 1, 0, 0
146000, 1757996, 1, 0, 0
147000, 1797095, 1, 0, 0
148000, 1769542, 1, 0, 0
149000, 1768637, 1, 0, 0
150000, 1765902, 1, 0, 0
151000, 1771583, 1, 0, 0
152000, 1776572, 1, 0, 0
153000, 1780813, 1, 0, 0
154000, 1779753, 1, 0, 0
155000, 1824925, 1, 0, 0
156000, 1812327, 1, 0, 0
157000, 1775861, 1, 0, 0
158000, 1773045, 1, 0, 0
159000, 1773409, 1, 0, 0
160000, 1777025, 1, 0, 0
161000, 1773929, 1, 0, 0
162000, 1768526, 1, 0, 0
163000, 1803384, 1, 0, 0
164000, 1755798, 1, 0, 0
165000, 1757441, 1, 0, 0
166000, 1745876, 1, 0, 0
167000, 2258933, 1, 0, 0
168000, 2067683, 1, 0, 0
169000, 2113541, 1, 0, 0
170000, 2178716, 1, 0, 0
171000, 2174661, 1, 0, 0
172000, 2111073, 1, 0, 0
173000, 2106002, 1, 0, 0
174000, 2157347, 1, 0, 0
175000, 2182549, 1, 0, 0
176000, 2137271, 1, 0, 0
177000, 1824286, 1, 0, 0
178000, 1805896, 1, 0, 0
179000, 1862283, 1, 0, 0
180000, 1806749, 1, 0, 0
181000, 1807534, 1, 0, 0
182000, 1810442, 1, 0, 0
183000, 1812756, 1, 0, 0
184000, 1812823, 1, 0, 0
185000, 1812225, 1, 0, 0
186000, 1809886, 1, 0, 0
187000, 1812293, 1, 0, 0
188000, 1810437, 1, 0, 0
189000, 1811474, 1, 0, 0
190000, 1810313, 1, 0, 0
191000, 1862908, 1, 0, 0
192000, 1830911, 1, 0, 0
193000, 1828724, 1, 0, 0
194000, 1827177, 1, 0, 0
195000, 1829039, 1, 0, 0
196000, 1829293, 1, 0, 0
197000, 1830744, 1, 0, 0
198000, 1832752, 1, 0, 0
199000, 1829443, 1, 0, 0
200000, 1827300, 1, 0, 0
201000, 1827802, 1, 0, 0
202000, 1866829, 1, 0, 0
203000, 1829505, 1, 0, 0
204000, 1834111, 1, 0, 0
205000, 1832848, 1, 0, 0
206000, 1832476, 1, 0, 0
207000, 1829756, 1, 0, 0
208000, 1829613, 1, 0, 0
209000, 1831364, 1, 0, 0
210000, 1829927, 1, 0, 0
211000, 1829615, 1, 0, 0
212000, 1833113, 1, 0, 0
213000, 1869195, 1, 0, 0
214000, 1782479, 1, 0, 0
215000, 1790630, 1, 0, 0
216000, 1775767, 1, 0, 0
217000, 1775411, 1, 0, 0
218000, 1777828, 1, 0, 0
219000, 1778336, 1, 0, 0
220000, 1784275, 1, 0, 0
221000, 1781744, 1, 0, 0
222000, 1777634, 1, 0, 0
223000, 1778940, 1, 0, 0
224001, 1818321, 1, 0, 0
225000, 1814475, 1, 0, 0
226000, 1776480, 1, 0, 0
227000, 1778590, 1, 0, 0
228000, 1762447, 1, 0, 0
229010, 1758192, 1, 0, 0
230000, 1977575, 1, 0, 0
231000, 1996766, 1, 0, 0
232000, 2027261, 1, 0, 0
233001, 2132808, 1, 0, 0
234000, 2160696, 1, 0, 0
235001, 2068164, 1, 0, 0
236000, 2133093, 1, 0, 0
237000, 1814344, 1, 0, 0
238000, 1811941, 1, 0, 0
239000, 1810183, 1, 0, 0
240000, 1817840, 1, 0, 0
241000, 1829891, 1, 0, 0
242000, 1833333, 1, 0, 0
243000, 1836065, 1, 0, 0
244000, 1832885, 1, 0, 0
245000, 1828528, 1, 0, 0
246000, 1826588, 1, 0, 0
247000, 1826419, 1, 0, 0
248000, 1893353, 1, 0, 0
249000, 1787301, 1, 0, 0
250000, 1789424, 1, 0, 0
251000, 1785835, 1, 0, 0
252000, 1786674, 1, 0, 0
253000, 1786824, 1, 0, 0
254000, 1790836, 1, 0, 0
255000, 1789143, 1, 0, 0
256000, 1790972, 1, 0, 0
257000, 1793696, 1, 0, 0
258000, 1790261, 1, 0, 0
259000, 1825429, 1, 0, 0
260000, 1781904, 1, 0, 0
261000, 1782033, 1, 0, 0
262000, 1828011, 1, 0, 0
263000, 1782383, 1, 0, 0
264000, 1778908, 1, 0, 0
265000, 1767622, 1, 0, 0
266000, 1771379, 1, 0, 0
267000, 1770965, 1, 0, 0
268000, 1767842, 1, 0, 0
269000, 1797498, 1, 0, 0
270000, 2033789, 1, 0, 0
271000, 1853366, 1, 0, 0
272002, 2033104, 1, 0, 0
273000, 2147713, 1, 0, 0
274000, 2083379, 1, 0, 0
275000, 2092925, 1, 0, 0
276000, 1885580, 1, 0, 0
277000, 1765525, 1, 0, 0
278000, 1775625, 1, 0, 0
279000, 1778343, 1, 0, 0
280000, 1773602, 1, 0, 0
281000, 1785024, 1, 0, 0
282000, 1847088, 1, 0, 0
283000, 1806499, 1, 0, 0
284000, 1802941, 1, 0, 0
285000, 1804584, 1, 0, 0
286000, 1806262, 1, 0, 0
287000, 1807611, 1, 0, 0
288000, 1806579, 1, 0, 0
289000, 1805646, 1, 0, 0
290000, 1802882, 1, 0, 0
291000, 1801712, 1, 0, 0
292000, 1801599, 1, 0, 0
293000, 1842927, 1, 0, 0
294000, 1822314, 1, 0, 0
295000, 1788908, 1, 0, 0
296000, 1785741, 1, 0, 0
297000, 1787275, 1, 0, 0
298000, 1786153, 1, 0, 0
299000, 1795592, 1, 0, 0
300000, 1790729, 1, 0, 0
301000, 1792784, 1, 0, 0
302000, 1790221, 1, 0, 0
303000, 1791931, 1, 0, 0
304000, 1823501, 1, 0, 0
305000, 1778898, 1, 0, 0
306000, 1777313, 1, 0, 0
307000, 1822483, 1, 0, 0
308000, 1784904, 1, 0, 0
309000, 1781687, 1, 0, 0
310000, 1788140, 1, 0, 0
311000, 1790680, 1, 0, 0
312000, 1807770, 1, 0, 0
313000, 1807602, 1, 0, 0
314000, 1804118, 1, 0, 0
315000, 1888023, 1, 0, 0
316000, 1764623, 1, 0, 0
317000, 1760984, 1, 0, 0
318000, 1761676, 1, 0, 0
319000, 1757119, 1, 0, 0
320000, 1807099, 1, 0, 0
321001, 1821095, 1, 0, 0
322000, 2080273, 1, 0, 0
323000, 2016737, 1, 0, 0
324000, 1920631, 1, 0, 0
325000, 1808594, 1, 0, 0
326000, 1810476, 1, 0, 0
327000, 1848323, 1, 0, 0
328000, 1809593, 1, 0, 0
329000, 1811389, 1, 0, 0
330000, 1805921, 1, 0, 0
331000, 1807997, 1, 0, 0
332000, 1806380, 1, 0, 0
333000, 1806544, 1, 0, 0
334000, 1808300, 1, 0, 0
335000, 1808151, 1, 0, 0
336000, 1808450, 1, 0, 0
337000, 1807867, 1, 0, 0
338000, 1846842, 1, 0, 0
339000, 1809999, 1, 0, 0
340000, 1809136, 1, 0, 0
341000, 1807157, 1, 0, 0
342000, 1811294, 1, 0, 0
343000, 1810726, 1, 0, 0
344000, 1809481, 1, 0, 0
345000, 1808535, 1, 0, 0
346000, 1812116, 1, 0, 0
347000, 1808614, 1, 0, 0
348000, 1809079, 1, 0, 0
349000, 1890683, 1, 0, 0
350000, 1757727, 1, 0, 0
351000, 1761134, 1, 0, 0
352000, 1765735, 1, 0, 0
353000, 1775212, 1, 0, 0
354000, 1774646, 1, 0, 0
355000, 1822551, 1, 0, 0
356000, 1771873, 1, 0, 0
357000, 1770042, 1, 0, 0
358000, 1771934, 1, 0, 0
359000, 1771886, 1, 0, 0
360000, 1931558, 1, 0, 0
361000, 2148770, 1, 0, 0
362000, 2059847, 1, 0, 0
363000, 2029795, 1, 0, 0
364000, 2107749, 1, 0, 0
365000, 2009895, 1, 0, 0
366000, 1769081, 1, 0, 0
367000, 1769762, 1, 0, 0
368000, 1771859, 1, 0, 0
369000, 1812797, 1, 0, 0
370000, 1766820, 1, 0, 0
371000, 1761696, 1, 0, 0
372000, 2002256, 1, 0, 0
373001, 2105258, 1, 0, 0
374000, 2157597, 1, 0, 0
375000, 2119831, 1, 0, 0
376000, 2069298, 1, 0, 0
377000, 2134805, 1, 0, 0
378000, 2140352, 1, 0, 0
379000, 2078777, 1, 0, 0
380000, 1912974, 1, 0, 0
381000, 1806918, 1, 0, 0
382000, 1812728, 1, 0, 0
383000, 1808733, 1, 0, 0
384000, 1847427, 1, 0, 0
385000, 1805171, 1, 0, 0
386000, 1808765, 1, 0, 0
387000, 1811649, 1, 0, 0
388000, 1815174, 1, 0, 0
389000, 1812375, 1, 0, 0
390000, 1813512, 1, 0, 0
391000, 1814522, 1, 0, 0
392000, 1808765, 1, 0, 0
393000, 1808687, 1, 0, 0
394000, 1808607, 1, 0, 0
395000, 1806779, 1, 0, 0
396000, 1837376, 1, 0, 0
397000, 1797149, 1, 0, 0
398000, 1792372, 1, 0, 0
399000, 1839981, 1, 0, 0
400000, 1808144, 1, 0, 0
401000, 1806970, 1, 0, 0
402000, 1802136, 1, 0, 0
403000, 1804360, 1, 0, 0
404000, 1802685, 1, 0, 0
405000, 1804501, 1, 0, 0
406000, 1802346, 1, 0, 0
407000, 1841448, 1, 0, 0
408000, 1801835, 1, 0, 0
409000, 1801405, 1, 0, 0
410000, 1800068, 1, 0, 0
411000, 1804297, 1, 0, 0
412000, 1802499, 1, 0, 0
413000, 1801117, 1, 0, 0
414000, 1799527, 1, 0, 0
415000, 1802072, 1, 0, 0
416000, 1798282, 1, 0, 0
417000, 1792345, 1, 0, 0
418000, 1825915, 1, 0, 0
419000, 1790805, 1, 0, 0
420000, 1792523, 1, 0, 0
421000, 1833588, 1, 0, 0
422000, 1778253, 1, 0, 0
423000, 1774325, 1, 0, 0
424000, 1776878, 1, 0, 0
425000, 1773493, 1, 0, 0
426000, 1764675, 1, 0, 0
427000, 1807128, 1, 0, 0
428000, 1759584, 1, 0, 0
429000, 1878291, 1, 0, 0
430000, 1753154, 1, 0, 0
431000, 1812166, 1, 0, 0
432000, 1774501, 1, 0, 0
433000, 1768403, 1, 0, 0
434000, 1768442, 1, 0, 0
435000, 1768962, 1, 0, 0
436000, 1810529, 1, 0, 0
437000, 1763304, 1, 0, 0
438000, 1762998, 1, 0, 0
439000, 1769782, 1, 0, 0
440000, 1854499, 1, 0, 0
441000, 1834589, 1, 0, 0
442000, 1814087, 1, 0, 0
443000, 1817191, 1, 0, 0
444000, 1804301, 1, 0, 0
445000, 1812049, 1, 0, 0
446000, 1762637, 1, 0, 0
447000, 1765854, 1, 0, 0
448000, 1768972, 1, 0, 0
449000, 1764552, 1, 0, 0
450000, 1814551, 1, 0, 0
451000, 2083435, 1, 0, 0
452000, 1757732, 1, 0, 0
453000, 1758242, 1, 0, 0
454000, 1805437, 1, 0, 0
455000, 1766908, 1, 0, 0
456000, 1768247, 1, 0, 0
457000, 1771253, 1, 0, 0
458000, 1775916, 1, 0, 0
459011, 1773589, 1, 0, 0
460000, 1819017, 1, 0, 0
461000, 1767256, 1, 0, 0
462000, 1815766, 1, 0, 0
463000, 1768174, 1, 0, 0
464000, 1766687, 1, 0, 0
465000, 1810560, 1, 0, 0
466000, 1764489, 1, 0, 0
467000, 1765432, 1, 0, 0
468000, 1769994, 1, 0, 0
469000, 1771070, 1, 0, 0
470000, 1818246, 1, 0, 0
471000, 1772018, 1, 0, 0
472000, 1766773, 1, 0, 0
473000, 1804604, 1, 0, 0
474000, 1769418, 1, 0, 0
475000, 1766774, 1, 0, 0
476000, 1809249, 1, 0, 0
477000, 1777249, 1, 0, 0
478000, 1778608, 1, 0, 0
479000, 1778248, 1, 0, 0
480000, 1784267, 1, 0, 0
480001, 2491912, 1, 0, 0
