1000, 1579093, 1, 0, 0
2000, 1696904, 1, 0, 0
3009, 1856789, 1, 0, 0
4009, 1756091, 1, 0, 0
5008, 1904542, 1, 0, 0
6008, 1966497, 1, 0, 0
7005, 1424779, 1, 0, 0
8007, 1064700, 1, 0, 0
9000, 1072324, 1, 0, 0
10000, 1113635, 1, 0, 0
11007, 1175042, 1, 0, 0
12000, 1050607, 1, 0, 0
13006, 1032287, 1, 0, 0
14000, 1580134, 1, 0, 0
15008, 1937932, 1, 0, 0
16003, 1836705, 1, 0, 0
17001, 1957618, 1, 0, 0
18001, 2015477, 1, 0, 0
19000, 1954057, 1, 0, 0
20000, 2010563, 1, 0, 0
21000, 2295669, 1, 0, 0
22006, 1998705, 1, 0, 0
23008, 2016919, 1, 0, 0
24012, 1855273, 1, 0, 0
25002, 1658806, 1, 0, 0
26000, 1434269, 1, 0, 0
27000, 871130, 1, 0, 0
28000, 1798126, 1, 0, 0
29000, 1800788, 1, 0, 0
30000, 1800049, 1, 0, 0
31000, 1713781, 1, 0, 0
32000, 1744637, 1, 0, 0
33000, 1790603, 1, 0, 0
34000, 1791334, 1, 0, 0
35000, 1792927, 1, 0, 0
36000, 1794841, 1, 0, 0
37000, 1798711, 1, 0, 0
38000, 1797890, 1, 0, 0
39000, 1800766, 1, 0, 0
40000, 1800142, 1, 0, 0
41000, 1798765, 1, 0, 0
42000, 1781759, 1, 0, 0
43000, 1593331, 1, 0, 0
44000, 1590484, 1, 0, 0
45000, 1748226, 1, 0, 0
46000, 1747772, 1, 0, 0
47000, 1753432, 1, 0, 0
48000, 1685580, 1, 0, 0
49008, 1705706, 1, 0, 0
50013, 2000558, 1, 0, 0
51000, 1727265, 1, 0, 0
52000, 1007528, 1, 0, 0
53000, 1650220, 1, 0, 0
54000, 1796942, 1, 0, 0
55000, 1796960, 1, 0, 0
56000, 1791193, 1, 0, 0
57000, 1791865, 1, 0, 0
58000, 1792760, 1, 0, 0
59000, 1794598, 1, 0, 0
60000, 1792111, 1, 0, 0
61000, 1791518, 1, 0, 0
62000, 1793934, 1, 0, 0
63000, 1904691, 1, 0, 0
64003, 1732222, 1, 0, 0
65000, 1630825, 1, 0, 0
66006, 1566390, 1, 0, 0
67000, 1398044, 1, 0, 0
68000, 1093321, 1, 0, 0
69000, 956298, 1, 0, 0
70000, 780428, 1, 0, 0
71005, 1086460, 1, 0, 0
72009, 1255720, 1, 0, 0
73000, 1235101, 1, 0, 0
74000, 1602010, 1, 0, 0
75011, 2135319, 1, 0, 0
76006, 2080678, 1, 0, 0
77011, 1996059, 1, 0, 0
78000, 2157711, 1, 0, 0
79000, 1188899, 1, 0, 0
80000, 1104945, 1, 0, 0
81000, 1789954, 1, 0, 0
82000, 1791452, 1, 0, 0
83000, 1792654, 1, 0, 0
84000, 1790251, 1, 0, 0
85000, 1791263, 1, 0, 0
86000, 1794213, 1, 0, 0
87000, 1800757, 1, 0, 0
88000, 1813922, 1, 0, 0
89000, 1813240, 1, 0, 0
90000, 1811120, 1, 0, 0
91000, 1694556, 1, 0, 0
92000, 1757396, 1, 0, 0
93000, 1762729, 1, 0, 0
94000, 1759206, 1, 0, 0
95000, 1768544, 1, 0, 0
96000, 1648880, 1, 0, 0
97000, 1792991, 1, 0, 0
98000, 1790591, 1, 0, 0
99000, 1773000, 1, 0, 0
100000, 1761314, 1, 0, 0
101000, 1765988, 1, 0, 0
102000, 1637088, 1, 0, 0
103000, 1767718, 1, 0, 0
104000, 1773763, 1, 0, 0
105000, 1633267, 1, 0, 0
106000, 1758745, 1, 0, 0
107000, 1760181, 1, 0, 0
108000, 1758954, 1, 0, 0
109000, 1757868, 1, 0, 0
110000, 1762188, 1, 0, 0
111000, 1739277, 1, 0, 0
112000, 1697457, 1, 0, 0
113000, 2395962, 1, 0, 0
114002, 2063552, 1, 0, 0
115006, 2120888, 1, 0, 0
116002, 2143723, 1, 0, 0
117002, 2068832, 1, 0, 0
118000, 880153, 1, 0, 0
119000, 1793943, 1, 0, 0
120000, 1802508, 1, 0, 0
121000, 1815224, 1, 0, 0
122000, 1819590, 1, 0, 0
123000, 1820544, 1, 0, 0
124000, 1676872, 1, 0, 0
125000, 1815866, 1, 0, 0
126000, 1819612, 1, 0, 0
127000, 1820322, 1, 0, 0
128000, 1820963, 1, 0, 0
129000, 1823242, 1, 0, 0
130000, 1822937, 1, 0, 0
131000, 1824177, 1, 0, 0
132000, 1822479, 1, 0, 0
133000, 1807166, 1, 0, 0
134000, 1800105, 1, 0, 0
135000, 1350849, 1, 0, 0
136000, 1770143, 1, 0, 0
137000, 1653740, 1, 0, 0
138000, 1776268, 1, 0, 0
139000, 1772277, 1, 0, 0
140000, 1769603, 1, 0, 0
141000, 1772954, 1, 0, 0
142000, 1771193, 1, 0, 0
143000, 1772764, 1, 0, 0
144000, 1778355, 1, 0, 0
145000, 1780853, 1, 0, 0
146000, 1650678, 1, 0, 0
147000, 1773069, 1, 0, 0
148000, 1765682, 1, 0, 0
149000, 1640458, 1, 0, 0
150000, 1758349, 1, 0, 0
151000, 1757555, 1, 0, 0
152000, 1746273, 1, 0, 0
153000, 1732979, 1, 0, 0
154000, 1811261, 1, 0, 0
155006, 1834228, 1, 0, 0
156001, 1979990, 1, 0, 0
157000, 2292721, 1, 0, 0
158010, 2049948, 1, 0, 0
159000, 2038013, 1, 0, 0
160002, 2009295, 1, 0, 0
161010, 2142564, 1, 0, 0
162000, 2085406, 1, 0, 0
163000, 933730, 1, 0, 0
164000, 1795042, 1, 0, 0
165000, 1796776, 1, 0, 0
166000, 1798345, 1, 0, 0
167000, 1801100, 1, 0, 0
168000, 1672351, 1, 0, 0
169000, 1796047, 1, 0, 0
170000, 1792874, 1, 0, 0
171000, 1790961, 1, 0, 0
172000, 1791255, 1, 0, 0
173000, 1791209, 1, 0, 0
174000, 1791484, 1, 0, 0
175000, 1796328, 1, 0, 0
176000, 1793565, 1, 0, 0
177000, 1795293, 1, 0, 0
178000, 1793281, 1, 0, 0
179000, 1654230, 1, 0, 0
180000, 1760350, 1, 0, 0
181000, 1655430, 1, 0, 0
182000, 1765842, 1, 0, 0
183000, 1769060, 1, 0, 0
184000, 1770793, 1, 0, 0
185000, 1774916, 1, 0, 0
186000, 1774633, 1, 0, 0
187000, 1780194, 1, 0, 0
188000, 1776174, 1, 0, 0
189000, 1770906, 1, 0, 0
190000, 1642696, 1, 0, 0
191000, 1649880, 1, 0, 0
192000, 1770890, 1, 0, 0
193000, 1771723, 1, 0, 0
194000, 1769363, 1, 0, 0
195000, 1770595, 1, 0, 0
196000, 1775570, 1, 0, 0
197000, 1776023, 1, 0, 0
198000, 1772524, 1, 0, 0
199000, 1766318, 1, 0, 0
200000, 1802015, 1, 0, 0
201000, 1502243, 1, 0, 0
202000, 1762930, 1, 0, 0
203000, 1762668, 1, 0, 0
204000, 1763711, 1, 0, 0
205000, 1763058, 1, 0, 0
206000, 1765870, 1, 0, 0
207000, 1768321, 1, 0, 0
208000, 1760961, 1, 0, 0
209000, 1701678, 1, 0, 0
210000, 1754437, 1, 0, 0
211000, 1629919, 1, 0, 0
212000, 1759125, 1, 0, 0
213000, 1754464, 1, 0, 0
214000, 1708231, 1, 0, 0
215000, 1753930, 1, 0, 0
216000, 1770035, 1, 0, 0
217000, 1760682, 1, 0, 0
218000, 1758714, 1, 0, 0
219000, 1759649, 1, 0, 0
220000, 1677073, 1, 0, 0
221000, 1784949, 1, 0, 0
222000, 1575579, 1, 0, 0
223000, 1547397, 1, 0, 0
224000, 1763001, 1, 0, 0
225000, 1764527, 1, 0, 0
226000, 1746023, 1, 0, 0
227000, 1752628, 1, 0, 0
228000, 1756103, 1, 0, 0
229000, 1762677, 1, 0, 0
230000, 1645430, 1, 0, 0
231000, 1773462, 1, 0, 0
232000, 1761378, 1, 0, 0
233000, 1642308, 1, 0, 0
234000, 1775038, 1, 0, 0
235000, 1772527, 1, 0, 0
236000, 1769939, 1, 0, 0
237000, 1647506, 1, 0, 0
238000, 1778063, 1, 0, 0
239000, 1771974, 1, 0, 0
240000, 1769812, 1, 0, 0
241000, 1773021, 1, 0, 0
242000, 1774735, 1, 0, 0
243000, 1810849, 1, 0, 0
244000, 1603322, 1, 0, 0
245000, 1579037, 1, 0, 0
246000, 1341928, 1, 0, 0
247000, 1552831, 1, 0, 0
248000, 1750526, 1, 0, 0
249000, 1787706, 1, 0, 0
250000, 1223353, 1, 0, 0
251000, 1240648, 1, 0, 0
252019, 1279618, 1, 0, 0
253000, 1286888, 1, 0, 0
254000, 1136791, 1, 0, 0
255007, 1198086, 1, 0, 0
256005, 1185708, 1, 0, 0
257008, 1191100, 1, 0, 0
258003, 1705995, 1, 0, 0
259000, 1633913, 1, 0, 0
260000, 885841, 1, 0, 0
261000, 1805514, 1, 0, 0
262000, 1809416, 1, 0, 0
263000, 1812749, 1, 0, 0
264000, 1814255, 1, 0, 0
265000, 1810458, 1, 0, 0
266000, 1810088, 1, 0, 0
267000, 1814346, 1, 0, 0
268000, 1816790, 1, 0, 0
269000, 1812298, 1, 0, 0
270000, 1808743, 1, 0, 0
271000, 1662341, 1, 0, 0
272000, 1641269, 1, 0, 0
273000, 1763584, 1, 0, 0
274000, 1761911, 1, 0, 0
275000, 1762403, 1, 0, 0
276000, 1766324, 1, 0, 0
277000, 1766784, 1, 0, 0
278000, 1764836, 1, 0, 0
279000, 1769315, 1, 0, 0
280000, 1646649, 1, 0, 0
281000, 1772268, 1, 0, 0
282000, 1644131, 1, 0, 0
283000, 1756397, 1, 0, 0
284000, 1758545, 1, 0, 0
285000, 1762636, 1, 0, 0
286000, 1764601, 1, 0, 0
287000, 1825273, 1, 0, 0
288009, 2010494, 1, 0, 0
289008, 1989545, 1, 0, 0
290012, 1921705, 1, 0, 0
291000, 2082318, 1, 0, 0
292002, 2010053, 1, 0, 0
293010, 2018943, 1, 0, 0
294000, 2269521, 1, 0, 0
295000, 1640800, 1, 0, 0
296007, 1032986, 1, 0, 0
297004, 1048489, 1, 0, 0
298000, 955338, 1, 0, 0
299002, 891705, 1, 0, 0
300001, 913885, 1, 0, 0
301000, 1609056, 1, 0, 0
302005, 1107111, 1, 0, 0
303000, 1105497, 1, 0, 0
304000, 1044113, 1, 0, 0
305000, 797776, 1, 0, 0
306000, 1308121, 1, 0, 0
307000, 1793233, 1, 0, 0
308000, 1663175, 1, 0, 0
309000, 1796291, 1, 0, 0
310000, 1797410, 1, 0, 0
311000, 1814746, 1, 0, 0
312000, 1822423, 1, 0, 0
313000, 1820266, 1, 0, 0
314000, 1815911, 1, 0, 0
315000, 1822064, 1, 0, 0
316000, 1815004, 1, 0, 0
317000, 1812130, 1, 0, 0
318000, 1816197, 1, 0, 0
319000, 1705286, 1, 0, 0
320000, 1613197, 1, 0, 0
321000, 1770763, 1, 0, 0
322000, 1769563, 1, 0, 0
323000, 1768644, 1, 0, 0
324000, 1766329, 1, 0, 0
325000, 1773716, 1, 0, 0
326000, 1770752, 1, 0, 0
327000, 1780198, 1, 0, 0
328000, 1658115, 1, 0, 0
329000, 1774965, 1, 0, 0
330001, 1513276, 1, 0, 0
331000, 1702673, 1, 0, 0
332000, 1754352, 1, 0, 0
333000, 1750523, 1, 0, 0
334000, 1662137, 1, 0, 0
335000, 1763945, 1, 0, 0
336000, 1761803, 1, 0, 0
337000, 1771750, 1, 0, 0
338000, 1784979, 1, 0, 0
339000, 1783941, 1, 0, 0
340000, 1810882, 1, 0, 0
341000, 1665786, 1, 0, 0
342000, 1792941, 1, 0, 0
343000, 1792802, 1, 0, 0
344000, 1794528, 1, 0, 0
345000, 1793844, 1, 0, 0
346000, 1795329, 1, 0, 0
347000, 1799522, 1, 0, 0
348000, 1794673, 1, 0, 0
349000, 1794451, 1, 0, 0
350000, 1792694, 1, 0, 0
351000, 1790363, 1, 0, 0
352000, 1639199, 1, 0, 0
353000, 1639991, 1, 0, 0
354000, 1761548, 1, 0, 0
355000, 1763629, 1, 0, 0
356000, 1767876, 1, 0, 0
357000, 1768797, 1, 0, 0
358000, 1768092, 1, 0, 0
359000, 1768242, 1, 0, 0
360000, 1772388, 1, 0, 0
361000, 1769667, 1, 0, 0
362000, 1679505, 1, 0, 0
363000, 1606723, 1, 0, 0
364000, 1763748, 1, 0, 0
365000, 1764821, 1, 0, 0
366000, 1767338, 1, 0, 0
367000, 1764175, 1, 0, 0
368000, 1764089, 1, 0, 0
369000, 1608072, 1, 0, 0
370000, 1755812, 1, 0, 0
371000, 1756646, 1, 0, 0
372000, 1759848, 1, 0, 0
373000, 1670253, 1, 0, 0
374000, 1763180, 1, 0, 0
375000, 1680358, 1, 0, 0
376000, 1767084, 1, 0, 0
377000, 1776953, 1, 0, 0
378000, 1772521, 1, 0, 0
379000, 1770597, 1, 0, 0
380000, 1411101, 1, 0, 0
381000, 1112582, 1, 0, 0
382002, 1035586, 1, 0, 0
383000, 1146069, 1, 0, 0
384000, 1036040, 1, 0, 0
385000, 1007569, 1, 0, 0
386000, 1107882, 1, 0, 0
387002, 1749866, 1, 0, 0
388006, 1849846, 1, 0, 0
389005, 1688776, 1, 0, 0
390008, 1729873, 1, 0, 0
391009, 2107230, 1, 0, 0
392000, 1865833, 1, 0, 0
393003, 1873296, 1, 0, 0
394005, 1969516, 1, 0, 0
395002, 1920105, 1, 0, 0
396006, 1859562, 1, 0, 0
397001, 1997378, 1, 0, 0
398008, 2046330, 1, 0, 0
399007, 1961163, 1, 0, 0
400000, 2080722, 1, 0, 0
401004, 2078896, 1, 0, 0
402000, 1398299, 1, 0, 0
403000, 1046326, 1, 0, 0
404000, 1795594, 1, 0, 0
405000, 1795815, 1, 0, 0
406000, 1798181, 1, 0, 0
407000, 1795353, 1, 0, 0
408000, 1797811, 1, 0, 0
409000, 1811569, 1, 0, 0
410000, 1800024, 1, 0, 0
411000, 1802383, 1, 0, 0
412000, 1798408, 1, 0, 0
413000, 1655834, 1, 0, 0
414000, 1774435, 1, 0, 0
415000, 1776764, 1, 0, 0
416000, 1645460, 1, 0, 0
417000, 1774007, 1, 0, 0
418000, 1772870, 1, 0, 0
419000, 1777889, 1, 0, 0
420000, 1774733, 1, 0, 0
421000, 1778821, 1, 0, 0
422000, 1780208, 1, 0, 0
423000, 1780331, 1, 0, 0
424000, 1637268, 1, 0, 0
425000, 1769966, 1, 0, 0
426000, 1656134, 1, 0, 0
427000, 1759843, 1, 0, 0
428000, 1761149, 1, 0, 0
429000, 1761707, 1, 0, 0
430000, 1763912, 1, 0, 0
431000, 1759121, 1, 0, 0
432000, 1652035, 1, 0, 0
433000, 1754522, 1, 0, 0
434000, 1752437, 1, 0, 0
435000, 1687744, 1, 0, 0
436000, 1756790, 1, 0, 0
437000, 1559149, 1, 0, 0
438000, 1752494, 1, 0, 0
439000, 1753228, 1, 0, 0
440000, 1762107, 1, 0, 0
441000, 1766172, 1, 0, 0
442000, 1763532, 1, 0, 0
443000, 1637748, 1, 0, 0
444000, 1754014, 1, 0, 0
445000, 1757848, 1, 0, 0
446000, 1640288, 1, 0, 0
447000, 1763117, 1, 0, 0
448000, 1648995, 1, 0, 0
449000, 1790107, 1, 0, 0
450000, 1792361, 1, 0, 0
451000, 1790697, 1, 0, 0
452000, 1793876, 1, 0, 0
453000, 1795402, 1, 0, 0
454000, 1796126, 1, 0, 0
455000, 1685351, 1, 0, 0
456009, 1753962, 1, 0, 0
457013, 2098293, 1, 0, 0
458011, 2014331, 1, 0, 0
459008, 2095660, 1, 0, 0
460006, 2133970, 1, 0, 0
461008, 2065197, 1, 0, 0
462000, 2126260, 1, 0, 0
463000, 2153266, 1, 0, 0
464003, 2030979, 1, 0, 0
465005, 2026555, 1, 0, 0
466005, 2077619, 1, 0, 0
467004, 2024625, 1, 0, 0
468000, 2054306, 1, 0, 0
469009, 2468917, 1, 0, 0
470011, 2100181, 1, 0, 0
471000, 2016418, 1, 0, 0
472000, 2042822, 1, 0, 0
473011, 2147323, 1, 0, 0
474008, 2121225, 1, 0, 0
475002, 2050081, 1, 0, 0
476000, 2235047, 1, 0, 0
477008, 2133399, 1, 0, 0
478007, 2050968, 1, 0, 0
479000, 1406297, 1, 0, 0
480003, 1072401, 1, 0, 0
480003, 8930940, 1, 0, 0
