1000, 932292, 0, 0, 0
2000, 855426, 0, 0, 0
3000, 982505, 0, 0, 0
4000, 906066, 0, 0, 0
5000, 914373, 0, 0, 0
6000, 954641, 0, 0, 0
7000, 918437, 0, 0, 0
8000, 962132, 0, 0, 0
9000, 919510, 0, 0, 0
10000, 991574, 0, 0, 0
11000, 1026875, 0, 0, 0
12000, 998026, 0, 0, 0
13000, 1010238, 0, 0, 0
14000, 960832, 0, 0, 0
15000, 885350, 0, 0, 0
16000, 860476, 0, 0, 0
17000, 910993, 0, 0, 0
18000, 882688, 0, 0, 0
19000, 859030, 0, 0, 0
20000, 901486, 0, 0, 0
21000, 923571, 0, 0, 0
22000, 872532, 0, 0, 0
23000, 827563, 0, 0, 0
24000, 945489, 0, 0, 0
25000, 962607, 0, 0, 0
26000, 927917, 0, 0, 0
27000, 500114, 0, 0, 0
28000, 461163, 0, 0, 0
29000, 463525, 0, 0, 0
30000, 463566, 0, 0, 0
31000, 488620, 0, 0, 0
32000, 474231, 0, 0, 0
33000, 473740, 0, 0, 0
34000, 474808, 0, 0, 0
35000, 470721, 0, 0, 0
36000, 468068, 0, 0, 0
37000, 463586, 0, 0, 0
38000, 460518, 0, 0, 0
39000, 464037, 0, 0, 0
40000, 463805, 0, 0, 0
41000, 463398, 0, 0, 0
42000, 503985, 0, 0, 0
43000, 742938, 0, 0, 0
44000, 722622, 0, 0, 0
45000, 696390, 0, 0, 0
46000, 683923, 0, 0, 0
47000, 676310, 0, 0, 0
48000, 735596, 0, 0, 0
49000, 873139, 0, 0, 0
50000, 849851, 0, 0, 0
51000, 831412, 0, 0, 0
52000, 516856, 0, 0, 0
53000, 477218, 0, 0, 0
54000, 466250, 0, 0, 0
55000, 468974, 0, 0, 0
56000, 468882, 0, 0, 0
57000, 468255, 0, 0, 0
58000, 463800, 0, 0, 0
59000, 461797, 0, 0, 0
60000, 465236, 0, 0, 0
61000, 463081, 0, 0, 0
62000, 461090, 0, 0, 0
63000, 485184, 0, 0, 0
64000, 943953, 0, 0, 0
65000, 905218, 0, 0, 0
66000, 892017, 0, 0, 0
67000, 968046, 0, 0, 0
68000, 963653, 0, 0, 0
69000, 959008, 0, 0, 0
70000, 1055819, 0, 0, 0
71000, 1099180, 0, 0, 0
72000, 945075, 0, 0, 0
73000, 941249, 0, 0, 0
74000, 890930, 0, 0, 0
75000, 911686, 0, 0, 0
76000, 871979, 0, 0, 0
77000, 842766, 0, 0, 0
78000, 905855, 0, 0, 0
79000, 826012, 0, 0, 0
80000, 521127, 0, 0, 0
81000, 477430, 0, 0, 0
82000, 468423, 0, 0, 0
83000, 468767, 0, 0, 0
84000, 468986, 0, 0, 0
85000, 467156, 0, 0, 0
86000, 462499, 0, 0, 0
87000, 461273, 0, 0, 0
88000, 463245, 0, 0, 0
89000, 463660, 0, 0, 0
90000, 464532, 0, 0, 0
91000, 526162, 0, 0, 0
92000, 602258, 0, 0, 0
93000, 582771, 0, 0, 0
94000, 595753, 0, 0, 0
95000, 555436, 0, 0, 0
96000, 582774, 0, 0, 0
97000, 536377, 0, 0, 0
98000, 565151, 0, 0, 0
99000, 570654, 0, 0, 0
100000, 569732, 0, 0, 0
101000, 559070, 0, 0, 0
102000, 634412, 0, 0, 0
103000, 575131, 0, 0, 0
104000, 614519, 0, 0, 0
105000, 637352, 0, 0, 0
106000, 604885, 0, 0, 0
107000, 606207, 0, 0, 0
108000, 584265, 0, 0, 0
109000, 592337, 0, 0, 0
110000, 588699, 0, 0, 0
111000, 636638, 0, 0, 0
112000, 728387, 0, 0, 0
113000, 890914, 0, 0, 0
114000, 860420, 0, 0, 0
115000, 918870, 0, 0, 0
116000, 891523, 0, 0, 0
117000, 870199, 0, 0, 0
118000, 635148, 0, 0, 0
119000, 461023, 0, 0, 0
120000, 460942, 0, 0, 0
121000, 462667, 0, 0, 0
122000, 463135, 0, 0, 0
123000, 462543, 0, 0, 0
124000, 488425, 0, 0, 0
125000, 466628, 0, 0, 0
126000, 463392, 0, 0, 0
127000, 467543, 0, 0, 0
128000, 462129, 0, 0, 0
129000, 462697, 0, 0, 0
130000, 459531, 0, 0, 0
131000, 458611, 0, 0, 0
132000, 459768, 0, 0, 0
133000, 461445, 0, 0, 0
134000, 462445, 0, 0, 0
135000, 580208, 0, 0, 0
136000, 551421, 0, 0, 0
137000, 581489, 0, 0, 0
138000, 533606, 0, 0, 0
139000, 536427, 0, 0, 0
140000, 537544, 0, 0, 0
141000, 527211, 0, 0, 0
142000, 529363, 0, 0, 0
143000, 525542, 0, 0, 0
144000, 523998, 0, 0, 0
145000, 510453, 0, 0, 0
146000, 565619, 0, 0, 0
147000, 556241, 0, 0, 0
148000, 579814, 0, 0, 0
149000, 662254, 0, 0, 0
150000, 601022, 0, 0, 0
151000, 601584, 0, 0, 0
152000, 645565, 0, 0, 0
153000, 772060, 0, 0, 0
154000, 872382, 0, 0, 0
155000, 915429, 0, 0, 0
156000, 877615, 0, 0, 0
157000, 986691, 0, 0, 0
158000, 897276, 0, 0, 0
159000, 863851, 0, 0, 0
160000, 863685, 0, 0, 0
161000, 918745, 0, 0, 0
162000, 880639, 0, 0, 0
163000, 656331, 0, 0, 0
164000, 461311, 0, 0, 0
165000, 463409, 0, 0, 0
166000, 464548, 0, 0, 0
167000, 464148, 0, 0, 0
168000, 485011, 0, 0, 0
169000, 462723, 0, 0, 0
170000, 464996, 0, 0, 0
171000, 465830, 0, 0, 0
172000, 468314, 0, 0, 0
173000, 467577, 0, 0, 0
174000, 460023, 0, 0, 0
175000, 462272, 0, 0, 0
176000, 462296, 0, 0, 0
177000, 461824, 0, 0, 0
178000, 468922, 0, 0, 0
179000, 605311, 0, 0, 0
180000, 599163, 0, 0, 0
181000, 664686, 0, 0, 0
182000, 584491, 0, 0, 0
183000, 552946, 0, 0, 0
184000, 546499, 0, 0, 0
185000, 529306, 0, 0, 0
186000, 526675, 0, 0, 0
187000, 526487, 0, 0, 0
188000, 529264, 0, 0, 0
189000, 544100, 0, 0, 0
190000, 589002, 0, 0, 0
191000, 575549, 0, 0, 0
192000, 553881, 0, 0, 0
193000, 541513, 0, 0, 0
194000, 545407, 0, 0, 0
195000, 539022, 0, 0, 0
196000, 533500, 0, 0, 0
197000, 527582, 0, 0, 0
198000, 538201, 0, 0, 0
199000, 555201, 0, 0, 0
200000, 604500, 0, 0, 0
201000, 677280, 0, 0, 0
202000, 595351, 0, 0, 0
203000, 599543, 0, 0, 0
204000, 583059, 0, 0, 0
205000, 578203, 0, 0, 0
206000, 564145, 0, 0, 0
207000, 586492, 0, 0, 0
208000, 624124, 0, 0, 0
209000, 706122, 0, 0, 0
210000, 660547, 0, 0, 0
211000, 767033, 0, 0, 0
212000, 654426, 0, 0, 0
213000, 653814, 0, 0, 0
214000, 727523, 0, 0, 0
215000, 682029, 0, 0, 0
216000, 635285, 0, 0, 0
217000, 613225, 0, 0, 0
218000, 607626, 0, 0, 0
219000, 615780, 0, 0, 0
220000, 694254, 0, 0, 0
221000, 635532, 0, 0, 0
222000, 789140, 0, 0, 0
223000, 757699, 0, 0, 0
224000, 715124, 0, 0, 0
225000, 746686, 0, 0, 0
226000, 703854, 0, 0, 0
227000, 674046, 0, 0, 0
228000, 655524, 0, 0, 0
229000, 591346, 0, 0, 0
230000, 624206, 0, 0, 0
231000, 606272, 0, 0, 0
232000, 655428, 0, 0, 0
233000, 637249, 0, 0, 0
234000, 572054, 0, 0, 0
235000, 568273, 0, 0, 0
236000, 571381, 0, 0, 0
237000, 632371, 0, 0, 0
238000, 578086, 0, 0, 0
239000, 575560, 0, 0, 0
240000, 568872, 0, 0, 0
241000, 550316, 0, 0, 0
242000, 544611, 0, 0, 0
243000, 583298, 0, 0, 0
244000, 623556, 0, 0, 0
245000, 782546, 0, 0, 0
246000, 904777, 0, 0, 0
247000, 750197, 0, 0, 0
248000, 671485, 0, 0, 0
249000, 675459, 0, 0, 0
250000, 921513, 0, 0, 0
251000, 931535, 0, 0, 0
252021, 910007, 0, 0, 0
253000, 1030651, 0, 0, 0
254000, 1005017, 0, 0, 0
255000, 932040, 0, 0, 0
256000, 921204, 0, 0, 0
257000, 994658, 0, 0, 0
258000, 908012, 0, 0, 0
259000, 899945, 0, 0, 0
260000, 598636, 0, 0, 0
261000, 472715, 0, 0, 0
262000, 466602, 0, 0, 0
263000, 464165, 0, 0, 0
264000, 464700, 0, 0, 0
265000, 463847, 0, 0, 0
266000, 460825, 0, 0, 0
267000, 454555, 0, 0, 0
268000, 456681, 0, 0, 0
269000, 457958, 0, 0, 0
270000, 458435, 0, 0, 0
271000, 535855, 0, 0, 0
272000, 647179, 0, 0, 0
273000, 584344, 0, 0, 0
274000, 593906, 0, 0, 0
275000, 588616, 0, 0, 0
276000, 568929, 0, 0, 0
277000, 556055, 0, 0, 0
278000, 563647, 0, 0, 0
279000, 571411, 0, 0, 0
280000, 591671, 0, 0, 0
281000, 540511, 0, 0, 0
282000, 648705, 0, 0, 0
283000, 595222, 0, 0, 0
284000, 585543, 0, 0, 0
285000, 582557, 0, 0, 0
286000, 580188, 0, 0, 0
287000, 641762, 0, 0, 0
288000, 873156, 0, 0, 0
289000, 835900, 0, 0, 0
290000, 845199, 0, 0, 0
291000, 916135, 0, 0, 0
292000, 872566, 0, 0, 0
293000, 847044, 0, 0, 0
294000, 942287, 0, 0, 0
295000, 897342, 0, 0, 0
296000, 950277, 0, 0, 0
297000, 946984, 0, 0, 0
298000, 1024242, 0, 0, 0
299000, 963902, 0, 0, 0
300000, 963178, 0, 0, 0
301000, 914384, 0, 0, 0
302000, 1041892, 0, 0, 0
303000, 995991, 0, 0, 0
304000, 992077, 0, 0, 0
305000, 820798, 0, 0, 0
306000, 473909, 0, 0, 0
307000, 468388, 0, 0, 0
308000, 494290, 0, 0, 0
309000, 466043, 0, 0, 0
310000, 466722, 0, 0, 0
311000, 466603, 0, 0, 0
312000, 460648, 0, 0, 0
313000, 466487, 0, 0, 0
314000, 464225, 0, 0, 0
315000, 460648, 0, 0, 0
316000, 460040, 0, 0, 0
317000, 462738, 0, 0, 0
318000, 461929, 0, 0, 0
319000, 556676, 0, 0, 0
320000, 603058, 0, 0, 0
321000, 568897, 0, 0, 0
322000, 575488, 0, 0, 0
323000, 570370, 0, 0, 0
324000, 568058, 0, 0, 0
325000, 544978, 0, 0, 0
326000, 550927, 0, 0, 0
327000, 552166, 0, 0, 0
328000, 584576, 0, 0, 0
329000, 538219, 0, 0, 0
330000, 776139, 0, 0, 0
331000, 689183, 0, 0, 0
332000, 649190, 0, 0, 0
333000, 661844, 0, 0, 0
334000, 631735, 0, 0, 0
335000, 619299, 0, 0, 0
336000, 618564, 0, 0, 0
337000, 608926, 0, 0, 0
338000, 591204, 0, 0, 0
339000, 576062, 0, 0, 0
340000, 461844, 0, 0, 0
341000, 487705, 0, 0, 0
342000, 464597, 0, 0, 0
343000, 463941, 0, 0, 0
344000, 464397, 0, 0, 0
345000, 470851, 0, 0, 0
346000, 466092, 0, 0, 0
347000, 458637, 0, 0, 0
348000, 460262, 0, 0, 0
349000, 460525, 0, 0, 0
350000, 464232, 0, 0, 0
351000, 467270, 0, 0, 0
352000, 620835, 0, 0, 0
353000, 642468, 0, 0, 0
354000, 591808, 0, 0, 0
355000, 584826, 0, 0, 0
356000, 559783, 0, 0, 0
357000, 542208, 0, 0, 0
358000, 536954, 0, 0, 0
359000, 543863, 0, 0, 0
360000, 538531, 0, 0, 0
361000, 547621, 0, 0, 0
362000, 655552, 0, 0, 0
363000, 617188, 0, 0, 0
364000, 582426, 0, 0, 0
365000, 586704, 0, 0, 0
366000, 577200, 0, 0, 0
367000, 583832, 0, 0, 0
368000, 573061, 0, 0, 0
369000, 641463, 0, 0, 0
370000, 623570, 0, 0, 0
371000, 619889, 0, 0, 0
372000, 610511, 0, 0, 0
373000, 700302, 0, 0, 0
374000, 633546, 0, 0, 0
375000, 689925, 0, 0, 0
376000, 642139, 0, 0, 0
377000, 681961, 0, 0, 0
378000, 733584, 0, 0, 0
379000, 764701, 0, 0, 0
380000, 875141, 0, 0, 0
381000, 974122, 0, 0, 0
382000, 949394, 0, 0, 0
383000, 1062676, 0, 0, 0
384000, 1009129, 0, 0, 0
385000, 994351, 0, 0, 0
386000, 910560, 0, 0, 0
387000, 909633, 0, 0, 0
388000, 885119, 0, 0, 0
389000, 892320, 0, 0, 0
390000, 995730, 0, 0, 0
391000, 948263, 0, 0, 0
392000, 880679, 0, 0, 0
393000, 900715, 0, 0, 0
394000, 890887, 0, 0, 0
395000, 868239, 0, 0, 0
396000, 850934, 0, 0, 0
397000, 896969, 0, 0, 0
398000, 863273, 0, 0, 0
399000, 834875, 0, 0, 0
400000, 883799, 0, 0, 0
401000, 861973, 0, 0, 0
402000, 863423, 0, 0, 0
403000, 513631, 0, 0, 0
404000, 463340, 0, 0, 0
405000, 465950, 0, 0, 0
406000, 461638, 0, 0, 0
407000, 460935, 0, 0, 0
408000, 459261, 0, 0, 0
409000, 457825, 0, 0, 0
410000, 459781, 0, 0, 0
411000, 459116, 0, 0, 0
412000, 457990, 0, 0, 0
413000, 530042, 0, 0, 0
414000, 559274, 0, 0, 0
415000, 547921, 0, 0, 0
416000, 603609, 0, 0, 0
417000, 568186, 0, 0, 0
418000, 560766, 0, 0, 0
419000, 542020, 0, 0, 0
420000, 539230, 0, 0, 0
421000, 537680, 0, 0, 0
422000, 533198, 0, 0, 0
423000, 535962, 0, 0, 0
424000, 600621, 0, 0, 0
425000, 616950, 0, 0, 0
426000, 666806, 0, 0, 0
427000, 624376, 0, 0, 0
428000, 615079, 0, 0, 0
429000, 603165, 0, 0, 0
430000, 590405, 0, 0, 0
431000, 600563, 0, 0, 0
432000, 646711, 0, 0, 0
433000, 641701, 0, 0, 0
434000, 655814, 0, 0, 0
435000, 718157, 0, 0, 0
436000, 638683, 0, 0, 0
437000, 768855, 0, 0, 0
438000, 672678, 0, 0, 0
439000, 666342, 0, 0, 0
440000, 610823, 0, 0, 0
441000, 581503, 0, 0, 0
442000, 593224, 0, 0, 0
443000, 641507, 0, 0, 0
444000, 639645, 0, 0, 0
445000, 708574, 0, 0, 0
446000, 675605, 0, 0, 0
447000, 629592, 0, 0, 0
448000, 652366, 0, 0, 0
449000, 592931, 0, 0, 0
450000, 592473, 0, 0, 0
451000, 589440, 0, 0, 0
452000, 580752, 0, 0, 0
453000, 585979, 0, 0, 0
454000, 583990, 0, 0, 0
455000, 647950, 0, 0, 0
456000, 697532, 0, 0, 0
457000, 859360, 0, 0, 0
458000, 828871, 0, 0, 0
459000, 901100, 0, 0, 0
460000, 883198, 0, 0, 0
461000, 858666, 0, 0, 0
462000, 894545, 0, 0, 0
463000, 869018, 0, 0, 0
464000, 836903, 0, 0, 0
465000, 838098, 0, 0, 0
466000, 935407, 0, 0, 0
467000, 873858, 0, 0, 0
468000, 824036, 0, 0, 0
469000, 917672, 0, 0, 0
470000, 912409, 0, 0, 0
471000, 876801, 0, 0, 0
472000, 944521, 0, 0, 0
473000, 873902, 0, 0, 0
474000, 847410, 0, 0, 0
475000, 845707, 0, 0, 0
476000, 886983, 0, 0, 0
477000, 859900, 0, 0, 0
478000, 830045, 0, 0, 0
479000, 939330, 0, 0, 0
480000, 941020, 0, 0, 0
480002, 4126779, 0, 0, 0
