1000, 687460, 0, 0, 0
2000, 674937, 0, 0, 0
3000, 607066, 0, 0, 0
4000, 921667, 0, 0, 0
5000, 1212624, 0, 0, 0
6000, 1129167, 0, 0, 0
7000, 1132972, 0, 0, 0
8000, 1147872, 0, 0, 0
9000, 956117, 0, 0, 0
10000, 995094, 0, 0, 0
11000, 947510, 0, 0, 0
12000, 901160, 0, 0, 0
13000, 949504, 0, 0, 0
14000, 1048153, 0, 0, 0
15000, 925618, 0, 0, 0
16000, 819059, 0, 0, 0
17000, 873678, 0, 0, 0
18000, 906601, 0, 0, 0
19000, 918918, 0, 0, 0
20000, 665782, 0, 0, 0
21000, 650999, 0, 0, 0
22000, 625945, 0, 0, 0
23000, 626380, 0, 0, 0
24000, 881578, 0, 0, 0
25000, 960312, 0, 0, 0
26000, 916829, 0, 0, 0
27000, 976375, 0, 0, 0
28000, 1001321, 0, 0, 0
29000, 670761, 0, 0, 0
30000, 1088718, 0, 0, 0
31000, 1030584, 0, 0, 0
32000, 964205, 0, 0, 0
33000, 970309, 0, 0, 0
34000, 951090, 0, 0, 0
35000, 955050, 0, 0, 0
36000, 752788, 0, 0, 0
37000, 630467, 0, 0, 0
38000, 589874, 0, 0, 0
39000, 785318, 0, 0, 0
40000, 1179011, 0, 0, 0
41000, 1090412, 0, 0, 0
42000, 1031161, 0, 0, 0
43000, 1029370, 0, 0, 0
44000, 1214026, 0, 0, 0
45000, 1211646, 0, 0, 0
46000, 1264349, 0, 0, 0
47000, 1167646, 0, 0, 0
48000, 1121884, 0, 0, 0
49000, 1193487, 0, 0, 0
50000, 1007801, 0, 0, 0
51000, 998413, 0, 0, 0
52000, 1009179, 0, 0, 0
53000, 1037902, 0, 0, 0
54000, 953769, 0, 0, 0
55000, 939187, 0, 0, 0
56000, 933020, 0, 0, 0
57000, 988461, 0, 0, 0
58000, 943783, 0, 0, 0
59000, 939104, 0, 0, 0
60000, 1103039, 0, 0, 0
61000, 1016078, 0, 0, 0
62000, 938821, 0, 0, 0
63000, 900863, 0, 0, 0
64000, 1007967, 0, 0, 0
65000, 1118234, 0, 0, 0
66000, 991071, 0, 0, 0
67000, 966031, 0, 0, 0
68000, 1005523, 0, 0, 0
69000, 949267, 0, 0, 0
70000, 907609, 0, 0, 0
71000, 933762, 0, 0, 0
72000, 1024096, 0, 0, 0
73000, 971675, 0, 0, 0
74000, 896849, 0, 0, 0
75000, 947769, 0, 0, 0
76000, 968876, 0, 0, 0
77000, 1009545, 0, 0, 0
78000, 931890, 0, 0, 0
79000, 911860, 0, 0, 0
80000, 881695, 0, 0, 0
81000, 897343, 0, 0, 0
82000, 1002936, 0, 0, 0
83000, 948220, 0, 0, 0
84000, 944270, 0, 0, 0
85000, 911420, 0, 0, 0
86000, 959085, 0, 0, 0
87000, 933607, 0, 0, 0
88000, 848401, 0, 0, 0
89000, 910611, 0, 0, 0
90000, 917065, 0, 0, 0
91000, 948879, 0, 0, 0
92000, 938152, 0, 0, 0
93000, 969321, 0, 0, 0
94000, 897718, 0, 0, 0
95000, 868170, 0, 0, 0
96000, 874289, 0, 0, 0
97000, 837828, 0, 0, 0
98000, 864985, 0, 0, 0
99000, 947574, 0, 0, 0
100000, 989431, 0, 0, 0
101000, 1029258, 0, 0, 0
102000, 963461, 0, 0, 0
103000, 938465, 0, 0, 0
104000, 913870, 0, 0, 0
105000, 900522, 0, 0, 0
106009, 917361, 0, 0, 0
107000, 983095, 0, 0, 0
108000, 924586, 0, 0, 0
109000, 919518, 0, 0, 0
110000, 960932, 0, 0, 0
111000, 868926, 0, 0, 0
112000, 842360, 0, 0, 0
113000, 963229, 0, 0, 0
114000, 922200, 0, 0, 0
115000, 886478, 0, 0, 0
116000, 889231, 0, 0, 0
117000, 887470, 0, 0, 0
118000, 839548, 0, 0, 0
119000, 816746, 0, 0, 0
120000, 889817, 0, 0, 0
121000, 843667, 0, 0, 0
122000, 803574, 0, 0, 0
123000, 954750, 0, 0, 0
124000, 1088736, 0, 0, 0
125000, 1058847, 0, 0, 0
126000, 1009728, 0, 0, 0
127000, 1123586, 0, 0, 0
128000, 1195823, 0, 0, 0
129000, 1183092, 0, 0, 0
130000, 1005606, 0, 0, 0
131000, 1069677, 0, 0, 0
132000, 1185699, 0, 0, 0
133000, 1171230, 0, 0, 0
134000, 1203366, 0, 0, 0
135000, 1086929, 0, 0, 0
136000, 1220507, 0, 0, 0
137000, 1111011, 0, 0, 0
138000, 1032502, 0, 0, 0
139000, 1014590, 0, 0, 0
140000, 1018466, 0, 0, 0
141000, 919170, 0, 0, 0
142000, 900852, 0, 0, 0
143000, 936624, 0, 0, 0
144000, 923649, 0, 0, 0
145000, 905300, 0, 0, 0
146000, 897582, 0, 0, 0
147000, 935338, 0, 0, 0
148000, 885448, 0, 0, 0
149000, 816194, 0, 0, 0
150000, 893795, 0, 0, 0
151000, 911035, 0, 0, 0
152000, 881942, 0, 0, 0
153000, 743903, 0, 0, 0
154000, 678216, 0, 0, 0
155000, 623173, 0, 0, 0
156000, 727398, 0, 0, 0
157000, 1121982, 0, 0, 0
158000, 1068664, 0, 0, 0
159000, 1048070, 0, 0, 0
160000, 1018960, 0, 0, 0
161000, 1111077, 0, 0, 0
162000, 1092901, 0, 0, 0
163000, 973955, 0, 0, 0
164000, 932395, 0, 0, 0
165000, 969560, 0, 0, 0
166000, 950140, 0, 0, 0
167000, 991917, 0, 0, 0
168000, 1075958, 0, 0, 0
169000, 1006173, 0, 0, 0
170000, 995966, 0, 0, 0
171000, 979891, 0, 0, 0
172000, 1004406, 0, 0, 0
173000, 935285, 0, 0, 0
174000, 918865, 0, 0, 0
175000, 912766, 0, 0, 0
176000, 943602, 0, 0, 0
177000, 885771, 0, 0, 0
178000, 913330, 0, 0, 0
179000, 960308, 0, 0, 0
180000, 907572, 0, 0, 0
181000, 866312, 0, 0, 0
182000, 895304, 0, 0, 0
183000, 851794, 0, 0, 0
184000, 836642, 0, 0, 0
185000, 847835, 0, 0, 0
186000, 1040027, 0, 0, 0
187000, 968198, 0, 0, 0
188000, 904532, 0, 0, 0
189000, 941666, 0, 0, 0
190000, 940463, 0, 0, 0
191000, 934842, 0, 0, 0
192000, 926593, 0, 0, 0
193000, 917426, 0, 0, 0
194000, 851898, 0, 0, 0
195000, 818528, 0, 0, 0
196000, 675744, 0, 0, 0
197000, 658152, 0, 0, 0
198000, 644059, 0, 0, 0
199000, 1217160, 0, 0, 0
200000, 1143497, 0, 0, 0
201000, 1090652, 0, 0, 0
202000, 1056600, 0, 0, 0
203000, 1094823, 0, 0, 0
204000, 1059925, 0, 0, 0
205000, 1037193, 0, 0, 0
206000, 938397, 0, 0, 0
207000, 1043486, 0, 0, 0
208000, 1024480, 0, 0, 0
209000, 1061616, 0, 0, 0
210000, 956664, 0, 0, 0
211000, 1026340, 0, 0, 0
212000, 944324, 0, 0, 0
213000, 952979, 0, 0, 0
214000, 908953, 0, 0, 0
215000, 966908, 0, 0, 0
216000, 1014800, 0, 0, 0
217000, 983564, 0, 0, 0
218000, 1015239, 0, 0, 0
219000, 1005202, 0, 0, 0
220000, 959149, 0, 0, 0
221000, 904314, 0, 0, 0
222000, 970222, 0, 0, 0
223000, 996420, 0, 0, 0
224000, 906265, 0, 0, 0
225000, 906683, 0, 0, 0
226000, 953395, 0, 0, 0
227000, 942280, 0, 0, 0
228000, 922324, 0, 0, 0
229000, 971704, 0, 0, 0
230000, 972388, 0, 0, 0
231000, 939425, 0, 0, 0
232000, 884830, 0, 0, 0
233000, 947992, 0, 0, 0
234000, 969888, 0, 0, 0
235000, 932180, 0, 0, 0
236000, 952375, 0, 0, 0
237000, 957180, 0, 0, 0
238000, 946656, 0, 0, 0
239000, 906439, 0, 0, 0
240000, 999176, 0, 0, 0
241000, 901275, 0, 0, 0
242000, 876299, 0, 0, 0
243000, 910154, 0, 0, 0
244000, 896874, 0, 0, 0
245000, 875329, 0, 0, 0
246000, 980587, 0, 0, 0
247000, 970783, 0, 0, 0
248000, 892874, 0, 0, 0
249000, 887077, 0, 0, 0
250000, 913257, 0, 0, 0
251000, 957785, 0, 0, 0
252000, 925562, 0, 0, 0
253000, 992507, 0, 0, 0
254000, 968415, 0, 0, 0
255000, 897900, 0, 0, 0
256000, 819351, 0, 0, 0
257000, 895599, 0, 0, 0
258000, 849888, 0, 0, 0
259000, 806177, 0, 0, 0
260000, 914219, 0, 0, 0
261000, 1045225, 0, 0, 0
262000, 1040864, 0, 0, 0
263000, 1083268, 0, 0, 0
264000, 1085053, 0, 0, 0
265000, 966316, 0, 0, 0
266000, 954132, 0, 0, 0
267000, 741662, 0, 0, 0
268000, 667819, 0, 0, 0
269000, 623240, 0, 0, 0
270000, 817346, 0, 0, 0
271000, 1210920, 0, 0, 0
272000, 1160215, 0, 0, 0
273000, 1148981, 0, 0, 0
274000, 1116068, 0, 0, 0
275000, 1214275, 0, 0, 0
276000, 1217517, 0, 0, 0
277000, 1157449, 0, 0, 0
278000, 971094, 0, 0, 0
279000, 1006813, 0, 0, 0
280000, 917687, 0, 0, 0
281000, 912111, 0, 0, 0
282000, 895510, 0, 0, 0
283000, 955671, 0, 0, 0
284000, 989550, 0, 0, 0
285000, 942300, 0, 0, 0
286000, 960537, 0, 0, 0
287000, 1089506, 0, 0, 0
288000, 960746, 0, 0, 0
289000, 973558, 0, 0, 0
290000, 1016658, 0, 0, 0
291000, 996987, 0, 0, 0
292000, 930429, 0, 0, 0
293000, 899862, 0, 0, 0
294000, 997378, 0, 0, 0
295000, 975457, 0, 0, 0
296000, 956074, 0, 0, 0
297000, 992681, 0, 0, 0
298000, 930450, 0, 0, 0
299000, 873081, 0, 0, 0
300000, 872881, 0, 0, 0
301000, 992521, 0, 0, 0
302000, 936969, 0, 0, 0
303000, 885093, 0, 0, 0
304000, 1047256, 0, 0, 0
305000, 942037, 0, 0, 0
306000, 935637, 0, 0, 0
307000, 951219, 0, 0, 0
308000, 1034000, 0, 0, 0
309000, 970380, 0, 0, 0
310000, 873485, 0, 0, 0
311000, 939892, 0, 0, 0
312000, 974543, 0, 0, 0
313000, 928697, 0, 0, 0
314000, 962588, 0, 0, 0
315000, 1036528, 0, 0, 0
316000, 982659, 0, 0, 0
317000, 865856, 0, 0, 0
318000, 942480, 0, 0, 0
319000, 909931, 0, 0, 0
320000, 934990, 0, 0, 0
321000, 910933, 0, 0, 0
322000, 947684, 0, 0, 0
323000, 935114, 0, 0, 0
324000, 883403, 0, 0, 0
325000, 936994, 0, 0, 0
326000, 915863, 0, 0, 0
327000, 876739, 0, 0, 0
328000, 920896, 0, 0, 0
329000, 904167, 0, 0, 0
330000, 926033, 0, 0, 0
331000, 881612, 0, 0, 0
332000, 681938, 0, 0, 0
333000, 637728, 0, 0, 0
334000, 682026, 0, 0, 0
335000, 1123797, 0, 0, 0
336000, 1092210, 0, 0, 0
337000, 1048239, 0, 0, 0
338000, 1038752, 0, 0, 0
339000, 1158755, 0, 0, 0
340000, 1120205, 0, 0, 0
341000, 1124294, 0, 0, 0
342000, 1007423, 0, 0, 0
343000, 1035928, 0, 0, 0
344010, 998003, 0, 0, 0
345000, 1012706, 0, 0, 0
346000, 974837, 0, 0, 0
347000, 1029612, 0, 0, 0
348000, 990570, 0, 0, 0
349000, 929678, 0, 0, 0
350000, 958675, 0, 0, 0
351000, 920784, 0, 0, 0
352000, 929055, 0, 0, 0
353000, 873121, 0, 0, 0
354000, 937711, 0, 0, 0
355000, 851257, 0, 0, 0
356000, 825709, 0, 0, 0
357000, 953206, 0, 0, 0
358000, 1064767, 0, 0, 0
359000, 1016128, 0, 0, 0
360000, 1083316, 0, 0, 0
361000, 1074608, 0, 0, 0
362000, 936516, 0, 0, 0
363000, 927170, 0, 0, 0
364000, 919699, 0, 0, 0
365000, 981135, 0, 0, 0
366000, 994000, 0, 0, 0
367000, 963560, 0, 0, 0
368000, 925993, 0, 0, 0
369000, 907784, 0, 0, 0
370000, 874549, 0, 0, 0
371000, 865896, 0, 0, 0
372000, 995650, 0, 0, 0
373000, 926834, 0, 0, 0
374000, 885677, 0, 0, 0
375000, 945383, 0, 0, 0
376000, 965974, 0, 0, 0
377000, 931566, 0, 0, 0
378000, 896610, 0, 0, 0
379000, 1022907, 0, 0, 0
380000, 949130, 0, 0, 0
381000, 940882, 0, 0, 0
382000, 963875, 0, 0, 0
383000, 974374, 0, 0, 0
384000, 935653, 0, 0, 0
385000, 955283, 0, 0, 0
386000, 1019642, 0, 0, 0
387000, 1082829, 0, 0, 0
388000, 1008624, 0, 0, 0
389000, 910378, 0, 0, 0
390000, 863266, 0, 0, 0
391000, 914045, 0, 0, 0
392000, 913743, 0, 0, 0
393000, 921249, 0, 0, 0
394000, 919869, 0, 0, 0
395000, 874348, 0, 0, 0
396000, 839815, 0, 0, 0
397000, 913560, 0, 0, 0
398000, 917077, 0, 0, 0
399000, 854489, 0, 0, 0
400000, 881979, 0, 0, 0
401000, 936842, 0, 0, 0
402000, 920311, 0, 0, 0
403000, 895777, 0, 0, 0
404000, 915789, 0, 0, 0
405000, 868363, 0, 0, 0
406000, 838163, 0, 0, 0
407000, 939622, 0, 0, 0
408000, 953169, 0, 0, 0
409000, 880160, 0, 0, 0
410000, 879321, 0, 0, 0
411000, 889519, 0, 0, 0
412000, 848877, 0, 0, 0
413000, 834545, 0, 0, 0
414000, 960153, 0, 0, 0
415000, 902313, 0, 0, 0
416000, 855283, 0, 0, 0
417000, 953449, 0, 0, 0
418000, 972772, 0, 0, 0
419000, 973177, 0, 0, 0
420000, 992530, 0, 0, 0
421000, 1006573, 0, 0, 0
422000, 943171, 0, 0, 0
423000, 897665, 0, 0, 0
424000, 920310, 0, 0, 0
425000, 897017, 0, 0, 0
426000, 876904, 0, 0, 0
427000, 909743, 0, 0, 0
428000, 1034447, 0, 0, 0
429000, 964921, 0, 0, 0
430000, 983228, 0, 0, 0
431000, 1059538, 0, 0, 0
432000, 1035775, 0, 0, 0
433000, 937756, 0, 0, 0
434000, 956105, 0, 0, 0
435000, 1009317, 0, 0, 0
436000, 954927, 0, 0, 0
437000, 918914, 0, 0, 0
438000, 1029437, 0, 0, 0
439000, 983011, 0, 0, 0
440000, 932290, 0, 0, 0
441000, 1029830, 0, 0, 0
442000, 911394, 0, 0, 0
443000, 892865, 0, 0, 0
444000, 887625, 0, 0, 0
445000, 942005, 0, 0, 0
446000, 898114, 0, 0, 0
447000, 874086, 0, 0, 0
448000, 939892, 0, 0, 0
449000, 908275, 0, 0, 0
450000, 887657, 0, 0, 0
451000, 955764, 0, 0, 0
452000, 926341, 0, 0, 0
453000, 997275, 0, 0, 0
454000, 926666, 0, 0, 0
455000, 953109, 0, 0, 0
456000, 979921, 0, 0, 0
457000, 1110291, 0, 0, 0
458000, 1073389, 0, 0, 0
459000, 1049449, 0, 0, 0
460000, 1000718, 0, 0, 0
461000, 953438, 0, 0, 0
462000, 922371, 0, 0, 0
463000, 943481, 0, 0, 0
464000, 936246, 0, 0, 0
465000, 909860, 0, 0, 0
466000, 952574, 0, 0, 0
467000, 985275, 0, 0, 0
468000, 925392, 0, 0, 0
469000, 988209, 0, 0, 0
470000, 957107, 0, 0, 0
471000, 896791, 0, 0, 0
472000, 880059, 0, 0, 0
473000, 940961, 0, 0, 0
474000, 887259, 0, 0, 0
475000, 938738, 0, 0, 0
476000, 955240, 0, 0, 0
477000, 898457, 0, 0, 0
478000, 867474, 0, 0, 0
479000, 958135, 0, 0, 0
480000, 902920, 0, 0, 0
480000, 2196297, 0, 0, 0
