999, 9775, 0, 0, 0
1999, 9042, 0, 0, 0
2999, 9305, 0, 0, 0
3999, 9761, 0, 0, 0
4999, 9338, 0, 0, 0
5999, 9556, 0, 0, 0
6999, 9515, 0, 0, 0
7999, 9703, 0, 0, 0
8999, 9792, 0, 0, 0
9999, 9653, 0, 0, 0
10999, 9725, 0, 0, 0
11999, 9836, 0, 0, 0
12999, 8867, 0, 0, 0
13999, 9382, 0, 0, 0
14999, 9372, 0, 0, 0
15999, 9276, 0, 0, 0
16999, 9455, 0, 0, 0
17999, 9420, 0, 0, 0
18999, 9926, 0, 0, 0
19998, 9772, 0, 0, 0
20999, 9790, 0, 0, 0
21999, 9730, 0, 0, 0
22998, 9599, 0, 0, 0
23999, 8851, 0, 0, 0
24999, 9462, 0, 0, 0
25998, 9443, 0, 0, 0
26999, 9403, 0, 0, 0
27999, 9438, 0, 0, 0
28998, 9521, 0, 0, 0
29999, 9903, 0, 0, 0
30999, 9709, 0, 0, 0
31998, 9693, 0, 0, 0
32999, 9974, 0, 0, 0
33999, 8983, 0, 0, 0
34998, 9288, 0, 0, 0
35998, 9528, 0, 0, 0
36999, 9497, 0, 0, 0
37998, 9438, 0, 0, 0
38998, 9498, 0, 0, 0
39999, 9785, 0, 0, 0
40998, 9730, 0, 0, 0
41998, 9715, 0, 0, 0
42998, 9878, 0, 0, 0
43999, 9659, 0, 0, 0
44998, 8758, 0, 0, 0
45998, 9277, 0, 0, 0
46999, 9523, 0, 0, 0
47998, 9250, 0, 0, 0
48998, 9644, 0, 0, 0
49999, 9452, 0, 0, 0
50998, 9841, 0, 0, 0
51998, 9667, 0, 0, 0
52999, 9791, 0, 0, 0
53998, 9622, 0, 0, 0
54998, 9588, 0, 0, 0
55998, 8896, 0, 0, 0
56998, 9573, 0, 0, 0
57998, 9394, 0, 0, 0
58998, 9323, 0, 0, 0
59998, 9494, 0, 0, 0
60998, 9675, 0, 0, 0
61998, 9714, 0, 0, 0
62998, 9907, 0, 0, 0
63998, 9737, 0, 0, 0
64998, 9732, 0, 0, 0
65998, 8961, 0, 0, 0
66998, 9303, 0, 0, 0
67998, 9395, 0, 0, 0
68998, 9420, 0, 0, 0
69998, 9512, 0, 0, 0
70997, 9346, 0, 0, 0
71998, 9601, 0, 0, 0
72998, 9784, 0, 0, 0
73997, 9646, 0, 0, 0
74998, 9752, 0, 0, 0
75998, 9724, 0, 0, 0
76997, 8988, 0, 0, 0
77998, 9507, 0, 0, 0
78998, 9546, 0, 0, 0
79997, 9230, 0, 0, 0
80998, 9431, 0, 0, 0
81997, 9361, 0, 0, 0
82997, 9718, 0, 0, 0
83998, 9738, 0, 0, 0
84997, 9798, 0, 0, 0
85997, 9598, 0, 0, 0
86998, 9485, 0, 0, 0
87997, 9025, 0, 0, 0
88997, 9440, 0, 0, 0
89998, 9612, 0, 0, 0
90997, 9415, 0, 0, 0
91997, 9310, 0, 0, 0
92997, 9644, 0, 0, 0
93997, 9862, 0, 0, 0
94997, 9677, 0, 0, 0
95997, 9772, 0, 0, 0
96997, 9787, 0, 0, 0
97997, 9012, 0, 0, 0
98997, 9384, 0, 0, 0
99997, 9276, 0, 0, 0
100998, 9376, 0, 0, 0
101997, 9349, 0, 0, 0
102997, 9529, 0, 0, 0
103997, 9719, 0, 0, 0
104997, 9790, 0, 0, 0
105997, 9806, 0, 0, 0
106997, 9762, 0, 0, 0
107997, 9709, 0, 0, 0
108997, 8732, 0, 0, 0
109997, 9390, 0, 0, 0
110997, 9484, 0, 0, 0
111997, 9382, 0, 0, 0
112997, 9386, 0, 0, 0
113996, 9469, 0, 0, 0
114997, 9721, 0, 0, 0
115997, 9801, 0, 0, 0
116996, 9792, 0, 0, 0
117997, 9707, 0, 0, 0
118996, 9696, 0, 0, 0
119997, 8771, 0, 0, 0
120997, 9449, 0, 0, 0
121996, 9376, 0, 0, 0
122997, 9323, 0, 0, 0
123996, 9420, 0, 0, 0
124996, 9540, 0, 0, 0
125997, 9623, 0, 0, 0
126996, 9707, 0, 0, 0
127997, 9675, 0, 0, 0
128997, 9879, 0, 0, 0
129996, 9376, 0, 0, 0
130997, 9000, 0, 0, 0
131996, 9699, 0, 0, 0
132996, 9274, 0, 0, 0
133997, 9398, 0, 0, 0
134996, 9425, 0, 0, 0
135996, 9626, 0, 0, 0
136997, 9947, 0, 0, 0
137996, 9680, 0, 0, 0
138996, 9764, 0, 0, 0
139997, 9740, 0, 0, 0
140996, 8765, 0, 0, 0
141996, 9422, 0, 0, 0
142996, 9682, 0, 0, 0
143996, 9433, 0, 0, 0
144996, 9518, 0, 0, 0
145997, 9408, 0, 0, 0
146996, 9725, 0, 0, 0
147996, 9866, 0, 0, 0
148997, 9812, 0, 0, 0
149996, 9832, 0, 0, 0
150996, 9693, 0, 0, 0
151996, 9000, 0, 0, 0
152996, 9671, 0, 0, 0
153996, 9374, 0, 0, 0
154996, 9573, 0, 0, 0
155996, 9422, 0, 0, 0
156996, 9600, 0, 0, 0
157996, 9794, 0, 0, 0
158996, 9823, 0, 0, 0
159995, 9791, 0, 0, 0
160996, 9899, 0, 0, 0
161996, 9516, 0, 0, 0
162995, 8946, 0, 0, 0
163996, 9734, 0, 0, 0
164996, 9393, 0, 0, 0
165995, 9382, 0, 0, 0
166996, 9506, 0, 0, 0
167996, 9604, 0, 0, 0
168995, 9962, 0, 0, 0
169996, 9718, 0, 0, 0
170996, 9666, 0, 0, 0
171995, 9802, 0, 0, 0
172996, 9027, 0, 0, 0
173995, 9393, 0, 0, 0
174995, 9424, 0, 0, 0
175996, 9331, 0, 0, 0
176995, 9451, 0, 0, 0
177995, 9488, 0, 0, 0
178996, 9810, 0, 0, 0
179995, 9735, 0, 0, 0
180995, 9744, 0, 0, 0
181996, 9848, 0, 0, 0
182995, 9717, 0, 0, 0
183995, 8845, 0, 0, 0
184996, 9456, 0, 0, 0
185995, 9535, 0, 0, 0
186995, 9458, 0, 0, 0
187995, 9759, 0, 0, 0
188995, 9798, 0, 0, 0
189995, 9998, 0, 0, 0
190995, 9857, 0, 0, 0
191995, 9893, 0, 0, 0
192995, 9840, 0, 0, 0
193995, 9635, 0, 0, 0
194995, 9053, 0, 0, 0
195995, 9597, 0, 0, 0
196995, 9554, 0, 0, 0
197995, 9571, 0, 0, 0
198995, 9670, 0, 0, 0
199994, 9628, 0, 0, 0
200995, 10077, 0, 0, 0
201995, 9743, 0, 0, 0
202994, 9811, 0, 0, 0
203995, 9944, 0, 0, 0
204995, 9096, 0, 0, 0
205994, 9621, 0, 0, 0
206995, 9707, 0, 0, 0
207995, 9496, 0, 0, 0
208994, 9628, 0, 0, 0
209995, 9583, 0, 0, 0
210995, 10104, 0, 0, 0
211994, 10092, 0, 0, 0
212995, 9773, 0, 0, 0
213995, 9775, 0, 0, 0
214994, 9918, 0, 0, 0
215995, 8958, 0, 0, 0
216995, 9487, 0, 0, 0
217994, 9530, 0, 0, 0
218995, 9557, 0, 0, 0
219994, 9629, 0, 0, 0
220994, 9668, 0, 0, 0
221995, 9975, 0, 0, 0
222994, 9801, 0, 0, 0
223994, 9855, 0, 0, 0
224995, 9950, 0, 0, 0
225994, 9515, 0, 0, 0
226994, 9064, 0, 0, 0
227994, 9576, 0, 0, 0
228994, 9555, 0, 0, 0
229994, 9451, 0, 0, 0
230994, 9464, 0, 0, 0
231994, 9526, 0, 0, 0
232994, 9947, 0, 0, 0
233994, 9669, 0, 0, 0
234994, 9924, 0, 0, 0
235994, 9796, 0, 0, 0
236993, 8899, 0, 0, 0
237994, 9515, 0, 0, 0
238994, 9717, 0, 0, 0
239994, 9552, 0, 0, 0
240994, 9724, 0, 0, 0
241994, 9728, 0, 0, 0
242994, 9753, 0, 0, 0
243994, 10020, 0, 0, 0
244993, 9816, 0, 0, 0
245994, 9915, 0, 0, 0
246994, 9922, 0, 0, 0
247994, 8922, 0, 0, 0
248994, 9675, 0, 0, 0
249993, 9751, 0, 0, 0
250994, 9317, 0, 0, 0
251994, 9575, 0, 0, 0
252993, 9701, 0, 0, 0
253994, 10010, 0, 0, 0
254993, 9845, 0, 0, 0
255993, 9749, 0, 0, 0
256994, 9751, 0, 0, 0
257993, 9645, 0, 0, 0
258994, 9014, 0, 0, 0
259993, 9554, 0, 0, 0
260993, 9386, 0, 0, 0
261994, 9381, 0, 0, 0
262993, 9582, 0, 0, 0
263993, 9686, 0, 0, 0
264994, 9951, 0, 0, 0
265993, 9956, 0, 0, 0
266993, 9800, 0, 0, 0
267993, 9869, 0, 0, 0
268993, 9059, 0, 0, 0
269994, 9499, 0, 0, 0
270993, 9614, 0, 0, 0
271993, 9470, 0, 0, 0
272993, 9739, 0, 0, 0
273993, 9621, 0, 0, 0
274993, 9755, 0, 0, 0
275993, 9963, 0, 0, 0
276993, 9710, 0, 0, 0
277992, 9699, 0, 0, 0
278993, 9832, 0, 0, 0
279993, 9143, 0, 0, 0
280993, 9609, 0, 0, 0
281993, 9710, 0, 0, 0
282993, 9460, 0, 0, 0
283993, 9653, 0, 0, 0
284993, 9632, 0, 0, 0
285992, 9928, 0, 0, 0
286993, 9991, 0, 0, 0
287993, 9996, 0, 0, 0
288992, 9798, 0, 0, 0
289993, 9865, 0, 0, 0
290992, 9139, 0, 0, 0
291992, 9569, 0, 0, 0
292993, 9613, 0, 0, 0
293992, 9495, 0, 0, 0
294992, 9743, 0, 0, 0
295993, 9665, 0, 0, 0
296992, 10012, 0, 0, 0
297992, 9917, 0, 0, 0
298993, 9803, 0, 0, 0
299992, 9857, 0, 0, 0
300993, 9498, 0, 0, 0
301992, 9068, 0, 0, 0
302992, 9778, 0, 0, 0
303993, 9640, 0, 0, 0
304992, 9415, 0, 0, 0
305992, 9554, 0, 0, 0
306993, 9930, 0, 0, 0
307992, 10170, 0, 0, 0
308992, 9723, 0, 0, 0
309992, 9740, 0, 0, 0
310992, 9895, 0, 0, 0
311992, 8858, 0, 0, 0
312992, 9409, 0, 0, 0
313992, 9699, 0, 0, 0
314992, 9450, 0, 0, 0
315992, 9657, 0, 0, 0
316992, 9845, 0, 0, 0
317992, 9978, 0, 0, 0
318992, 10011, 0, 0, 0
319992, 9869, 0, 0, 0
320992, 9910, 0, 0, 0
321992, 9794, 0, 0, 0
322992, 9066, 0, 0, 0
323992, 9724, 0, 0, 0
324991, 9560, 0, 0, 0
325992, 9505, 0, 0, 0
326992, 9544, 0, 0, 0
327991, 9687, 0, 0, 0
328992, 9809, 0, 0, 0
329991, 9920, 0, 0, 0
330991, 9797, 0, 0, 0
331992, 9980, 0, 0, 0
332991, 9492, 0, 0, 0
333991, 9010, 0, 0, 0
334992, 9600, 0, 0, 0
335991, 9551, 0, 0, 0
336991, 9678, 0, 0, 0
337992, 9592, 0, 0, 0
338991, 9756, 0, 0, 0
339991, 10092, 0, 0, 0
340992, 9652, 0, 0, 0
341991, 9852, 0, 0, 0
342991, 9929, 0, 0, 0
343992, 8957, 0, 0, 0
344991, 9499, 0, 0, 0
345991, 9555, 0, 0, 0
346991, 9571, 0, 0, 0
347991, 9637, 0, 0, 0
348991, 9740, 0, 0, 0
349991, 9782, 0, 0, 0
350991, 9905, 0, 0, 0
351991, 9803, 0, 0, 0
352991, 9822, 0, 0, 0
353991, 9940, 0, 0, 0
354991, 8806, 0, 0, 0
355991, 9580, 0, 0, 0
356991, 9491, 0, 0, 0
357990, 9485, 0, 0, 0
358991, 9574, 0, 0, 0
359991, 9562, 0, 0, 0
