999, 74386, 1, 0, 0
1999, 73080, 1, 0, 0
2999, 74552, 1, 0, 0
3999, 75056, 1, 0, 0
4999, 75167, 1, 0, 0
5999, 74983, 1, 0, 0
6999, 75045, 1, 0, 0
7999, 74941, 1, 0, 0
8999, 75175, 1, 0, 0
10000, 75186, 1, 0, 0
10999, 75173, 1, 0, 0
11999, 75173, 1, 0, 0
13000, 73679, 1, 0, 0
13999, 75311, 1, 0, 0
14999, 75193, 1, 0, 0
15999, 75354, 1, 0, 0
16999, 75821, 1, 0, 0
17999, 75672, 1, 0, 0
18999, 75514, 1, 0, 0
19999, 75430, 1, 0, 0
20999, 75436, 1, 0, 0
21999, 75700, 1, 0, 0
23000, 73613, 1, 0, 0
23999, 74821, 1, 0, 0
24999, 74780, 1, 0, 0
25999, 74914, 1, 0, 0
26999, 74753, 1, 0, 0
27999, 74883, 1, 0, 0
28999, 74905, 1, 0, 0
29999, 74805, 1, 0, 0
30999, 75217, 1, 0, 0
31999, 75235, 1, 0, 0
33000, 75301, 1, 0, 0
33999, 73283, 1, 0, 0
34999, 74297, 1, 0, 0
35999, 74343, 1, 0, 0
36999, 74437, 1, 0, 0
37999, 74367, 1, 0, 0
38999, 74229, 1, 0, 0
39999, 74488, 1, 0, 0
40999, 74498, 1, 0, 0
41999, 74388, 1, 0, 0
43000, 74457, 1, 0, 0
43999, 73514, 1, 0, 0
44999, 73582, 1, 0, 0
46000, 74299, 1, 0, 0
46999, 74123, 1, 0, 0
47999, 74602, 1, 0, 0
48999, 74975, 1, 0, 0
49999, 74781, 1, 0, 0
50999, 74955, 1, 0, 0
51999, 75026, 1, 0, 0
52999, 75052, 1, 0, 0
53999, 75030, 1, 0, 0
54999, 73300, 1, 0, 0
56000, 75195, 1, 0, 0
56999, 75437, 1, 0, 0
57999, 75144, 1, 0, 0
58999, 75107, 1, 0, 0
59999, 75185, 1, 0, 0
60999, 75161, 1, 0, 0
61999, 74940, 1, 0, 0
62999, 75235, 1, 0, 0
63999, 75165, 1, 0, 0
64999, 75071, 1, 0, 0
66000, 73306, 1, 0, 0
66999, 74656, 1, 0, 0
67999, 74703, 1, 0, 0
69000, 75275, 1, 0, 0
69999, 75095, 1, 0, 0
70999, 75217, 1, 0, 0
71999, 75037, 1, 0, 0
72999, 74624, 1, 0, 0
73999, 74541, 1, 0, 0
74999, 74495, 1, 0, 0
76000, 73396, 1, 0, 0
76999, 74753, 1, 0, 0
77999, 74943, 1, 0, 0
79000, 75090, 1, 0, 0
79999, 75143, 1, 0, 0
80999, 75307, 1, 0, 0
81999, 75075, 1, 0, 0
82999, 75094, 1, 0, 0
83999, 75056, 1, 0, 0
84999, 75086, 1, 0, 0
85999, 74958, 1, 0, 0
86999, 73157, 1, 0, 0
87999, 74998, 1, 0, 0
89000, 74874, 1, 0, 0
89999, 74867, 1, 0, 0
90999, 75238, 1, 0, 0
91999, 75161, 1, 0, 0
92999, 75126, 1, 0, 0
93999, 75076, 1, 0, 0
94999, 75141, 1, 0, 0
95999, 75145, 1, 0, 0
96999, 73379, 1, 0, 0
97999, 74598, 1, 0, 0
99000, 74353, 1, 0, 0
99999, 74337, 1, 0, 0
100999, 74631, 1, 0, 0
101999, 74736, 1, 0, 0
102999, 74576, 1, 0, 0
103999, 74399, 1, 0, 0
104999, 74310, 1, 0, 0
105999, 74384, 1, 0, 0
106999, 74788, 1, 0, 0
107999, 72954, 1, 0, 0
109000, 74701, 1, 0, 0
109999, 74673, 1, 0, 0
110999, 74674, 1, 0, 0
112000, 74734, 1, 0, 0
112999, 74842, 1, 0, 0
113999, 74732, 1, 0, 0
114999, 74696, 1, 0, 0
115999, 74856, 1, 0, 0
116999, 74904, 1, 0, 0
117999, 74721, 1, 0, 0
119000, 72580, 1, 0, 0
119999, 74369, 1, 0, 0
120999, 74641, 1, 0, 0
122000, 74810, 1, 0, 0
122999, 74652, 1, 0, 0
123999, 74263, 1, 0, 0
124999, 74498, 1, 0, 0
125999, 74577, 1, 0, 0
126999, 74723, 1, 0, 0
127999, 74135, 1, 0, 0
129000, 72666, 1, 0, 0
129999, 74858, 1, 0, 0
130999, 75150, 1, 0, 0
132000, 75013, 1, 0, 0
132999, 75091, 1, 0, 0
133999, 75053, 1, 0, 0
134999, 75069, 1, 0, 0
135999, 75135, 1, 0, 0
136999, 75156, 1, 0, 0
137999, 75107, 1, 0, 0
139000, 75138, 1, 0, 0
139999, 73364, 1, 0, 0
140999, 74711, 1, 0, 0
142000, 74896, 1, 0, 0
142999, 74813, 1, 0, 0
143999, 75020, 1, 0, 0
145000, 75054, 1, 0, 0
145999, 75067, 1, 0, 0
146999, 74909, 1, 0, 0
147999, 75091, 1, 0, 0
148999, 74845, 1, 0, 0
149999, 74843, 1, 0, 0
150999, 73032, 1, 0, 0
152000, 74809, 1, 0, 0
152999, 74869, 1, 0, 0
153999, 75090, 1, 0, 0
155000, 75071, 1, 0, 0
155999, 75102, 1, 0, 0
156999, 75168, 1, 0, 0
158000, 75133, 1, 0, 0
158999, 74951, 1, 0, 0
159999, 75100, 1, 0, 0
160999, 73396, 1, 0, 0
161999, 74560, 1, 0, 0
162999, 74037, 1, 0, 0
163999, 73958, 1, 0, 0
165000, 74064, 1, 0, 0
165999, 74056, 1, 0, 0
166999, 74218, 1, 0, 0
167999, 74550, 1, 0, 0
168999, 74016, 1, 0, 0
169999, 74357, 1, 0, 0
170999, 74297, 1, 0, 0
172000, 72720, 1, 0, 0
172999, 74819, 1, 0, 0
173999, 74694, 1, 0, 0
175000, 74779, 1, 0, 0
175999, 74957, 1, 0, 0
176999, 75082, 1, 0, 0
178000, 74793, 1, 0, 0
178999, 74929, 1, 0, 0
179999, 74672, 1, 0, 0
180999, 74642, 1, 0, 0
182000, 74743, 1, 0, 0
182999, 73070, 1, 0, 0
183999, 74540, 1, 0, 0
185000, 74622, 1, 0, 0
185999, 74465, 1, 0, 0
186999, 74716, 1, 0, 0
188000, 75003, 1, 0, 0
188999, 74597, 1, 0, 0
189999, 74401, 1, 0, 0
190999, 74416, 1, 0, 0
192000, 74599, 1, 0, 0
192999, 72829, 1, 0, 0
193999, 74222, 1, 0, 0
195000, 73999, 1, 0, 0
195999, 73902, 1, 0, 0
196999, 73978, 1, 0, 0
197999, 73891, 1, 0, 0
198999, 74210, 1, 0, 0
199999, 74350, 1, 0, 0
200999, 74195, 1, 0, 0
202000, 74139, 1, 0, 0
202999, 74145, 1, 0, 0
203999, 73056, 1, 0, 0
205000, 74920, 1, 0, 0
205999, 74246, 1, 0, 0
206999, 74380, 1, 0, 0
207999, 74561, 1, 0, 0
208999, 74212, 1, 0, 0
209999, 74301, 1, 0, 0
210999, 74412, 1, 0, 0
212000, 74507, 1, 0, 0
212999, 74312, 1, 0, 0
213999, 74242, 1, 0, 0
215000, 73780, 1, 0, 0
215999, 75159, 1, 0, 0
216999, 75084, 1, 0, 0
217999, 75233, 1, 0, 0
218999, 75146, 1, 0, 0
219999, 75285, 1, 0, 0
220999, 75276, 1, 0, 0
222000, 75241, 1, 0, 0
222999, 75151, 1, 0, 0
223999, 75113, 1, 0, 0
225000, 73222, 1, 0, 0
225999, 74199, 1, 0, 0
226999, 74301, 1, 0, 0
227999, 74765, 1, 0, 0
228999, 74428, 1, 0, 0
229999, 74355, 1, 0, 0
230999, 74275, 1, 0, 0
232000, 74339, 1, 0, 0
232999, 74513, 1, 0, 0
233999, 74650, 1, 0, 0
235000, 74917, 1, 0, 0
235999, 73521, 1, 0, 0
236999, 74651, 1, 0, 0
237999, 74914, 1, 0, 0
238999, 74803, 1, 0, 0
239999, 74255, 1, 0, 0
240999, 74394, 1, 0, 0
242000, 74440, 1, 0, 0
242999, 74093, 1, 0, 0
243999, 75000, 1, 0, 0
245000, 75260, 1, 0, 0
245999, 73322, 1, 0, 0
246999, 73973, 1, 0, 0
248000, 73982, 1, 0, 0
248999, 74082, 1, 0, 0
249999, 74183, 1, 0, 0
250999, 74143, 1, 0, 0
252000, 74265, 1, 0, 0
252999, 74145, 1, 0, 0
253999, 73930, 1, 0, 0
255000, 74164, 1, 0, 0
255999, 74415, 1, 0, 0
256999, 72622, 1, 0, 0
258000, 74805, 1, 0, 0
258999, 75008, 1, 0, 0
259999, 74904, 1, 0, 0
260999, 74973, 1, 0, 0
262000, 75032, 1, 0, 0
262999, 74996, 1, 0, 0
263999, 75094, 1, 0, 0
265000, 75190, 1, 0, 0
265999, 75168, 1, 0, 0
266999, 75326, 1, 0, 0
268000, 73141, 1, 0, 0
268999, 75063, 1, 0, 0
269999, 74870, 1, 0, 0
271000, 74919, 1, 0, 0
271999, 74901, 1, 0, 0
272999, 74205, 1, 0, 0
273999, 73960, 1, 0, 0
275000, 73828, 1, 0, 0
275999, 73998, 1, 0, 0
276999, 74031, 1, 0, 0
278000, 72506, 1, 0, 0
278999, 74496, 1, 0, 0
279999, 74143, 1, 0, 0
281000, 74276, 1, 0, 0
281999, 74613, 1, 0, 0
282999, 74340, 1, 0, 0
283999, 74293, 1, 0, 0
285000, 74448, 1, 0, 0
285999, 74451, 1, 0, 0
286999, 74640, 1, 0, 0
288000, 74715, 1, 0, 0
288999, 73130, 1, 0, 0
289999, 74254, 1, 0, 0
291000, 75146, 1, 0, 0
291999, 74716, 1, 0, 0
292999, 74709, 1, 0, 0
294000, 74764, 1, 0, 0
294999, 74942, 1, 0, 0
295999, 74603, 1, 0, 0
296999, 74730, 1, 0, 0
298000, 74348, 1, 0, 0
298999, 74077, 1, 0, 0
299999, 73121, 1, 0, 0
301000, 74727, 1, 0, 0
301999, 74493, 1, 0, 0
302999, 74613, 1, 0, 0
304000, 74753, 1, 0, 0
304999, 74822, 1, 0, 0
305999, 75140, 1, 0, 0
307000, 74893, 1, 0, 0
307999, 74882, 1, 0, 0
308999, 74876, 1, 0, 0
309999, 73497, 1, 0, 0
311000, 74881, 1, 0, 0
311999, 74874, 1, 0, 0
312999, 74780, 1, 0, 0
314000, 74841, 1, 0, 0
314999, 74716, 1, 0, 0
315999, 74533, 1, 0, 0
317000, 74531, 1, 0, 0
318000, 74595, 1, 0, 0
318999, 74356, 1, 0, 0
319999, 74629, 1, 0, 0
321000, 73136, 1, 0, 0
321999, 75093, 1, 0, 0
322999, 75445, 1, 0, 0
324000, 75409, 1, 0, 0
324999, 75120, 1, 0, 0
325999, 75165, 1, 0, 0
327000, 75307, 1, 0, 0
328000, 75620, 1, 0, 0
328999, 75312, 1, 0, 0
329999, 75394, 1, 0, 0
331000, 75553, 1, 0, 0
331999, 73432, 1, 0, 0
332999, 74726, 1, 0, 0
334000, 75008, 1, 0, 0
334999, 74589, 1, 0, 0
335999, 74556, 1, 0, 0
337000, 74507, 1, 0, 0
338000, 74443, 1, 0, 0
338999, 74548, 1, 0, 0
339999, 74288, 1, 0, 0
341000, 74312, 1, 0, 0
341999, 72810, 1, 0, 0
342999, 74941, 1, 0, 0
344000, 75049, 1, 0, 0
344999, 75090, 1, 0, 0
345999, 75051, 1, 0, 0
346999, 75106, 1, 0, 0
348000, 75016, 1, 0, 0
348999, 74941, 1, 0, 0
349999, 74920, 1, 0, 0
351000, 75206, 1, 0, 0
351999, 75240, 1, 0, 0
352999, 73092, 1, 0, 0
354000, 74242, 1, 0, 0
354999, 74165, 1, 0, 0
355999, 74171, 1, 0, 0
356999, 74323, 1, 0, 0
358000, 74298, 1, 0, 0
358999, 74452, 1, 0, 0
359999, 74632, 1, 0, 0
