1000, 2125, 0, 0, 0
2001, 2085, 0, 0, 0
3002, 1911, 0, 0, 0
4002, 1969, 0, 0, 0
5003, 2110, 0, 0, 0
6002, 2017, 0, 0, 0
7003, 2034, 0, 0, 0
8002, 1906, 0, 0, 0
9003, 1778, 0, 0, 0
10002, 1935, 0, 0, 0
11003, 2004, 0, 0, 0
12002, 1867, 0, 0, 0
13003, 2185, 0, 0, 0
14002, 2134, 0, 0, 0
15003, 1862, 0, 0, 0
16002, 1744, 0, 0, 0
17003, 1640, 0, 0, 0
18002, 1696, 0, 0, 0
19003, 1582, 0, 0, 0
20002, 1551, 0, 0, 0
21003, 1810, 0, 0, 0
22002, 1657, 0, 0, 0
23003, 1839, 0, 0, 0
24002, 1879, 0, 0, 0
25003, 1803, 0, 0, 0
26002, 2040, 0, 0, 0
27002, 2153, 0, 0, 0
28002, 2002, 0, 0, 0
29002, 2029, 0, 0, 0
30002, 2250, 0, 0, 0
31002, 1939, 0, 0, 0
32003, 2168, 0, 0, 0
33002, 2139, 0, 0, 0
34003, 2045, 0, 0, 0
35002, 2103, 0, 0, 0
36002, 2204, 0, 0, 0
37002, 2058, 0, 0, 0
38002, 2203, 0, 0, 0
39003, 2136, 0, 0, 0
40002, 1968, 0, 0, 0
41003, 2125, 0, 0, 0
42002, 1814, 0, 0, 0
43003, 1909, 0, 0, 0
44002, 1969, 0, 0, 0
45003, 2072, 0, 0, 0
46002, 1899, 0, 0, 0
47002, 1811, 0, 0, 0
48002, 1670, 0, 0, 0
49002, 1690, 0, 0, 0
50002, 1586, 0, 0, 0
51002, 1615, 0, 0, 0
52003, 1434, 0, 0, 0
53002, 1714, 0, 0, 0
54002, 1711, 0, 0, 0
55002, 1789, 0, 0, 0
56002, 1910, 0, 0, 0
57002, 2043, 0, 0, 0
58003, 2058, 0, 0, 0
59002, 1850, 0, 0, 0
60002, 1920, 0, 0, 0
61002, 2003, 0, 0, 0
62002, 1860, 0, 0, 0
63002, 2052, 0, 0, 0
64002, 2202, 0, 0, 0
65002, 1959, 0, 0, 0
66002, 2036, 0, 0, 0
67002, 2078, 0, 0, 0
68003, 1847, 0, 0, 0
69002, 1993, 0, 0, 0
70003, 2083, 0, 0, 0
71002, 1967, 0, 0, 0
72002, 2063, 0, 0, 0
73002, 1980, 0, 0, 0
74002, 2092, 0, 0, 0
75002, 2109, 0, 0, 0
76002, 1943, 0, 0, 0
77002, 1891, 0, 0, 0
78002, 1885, 0, 0, 0
79002, 2072, 0, 0, 0
80003, 1922, 0, 0, 0
81002, 2055, 0, 0, 0
82002, 2171, 0, 0, 0
83002, 1988, 0, 0, 0
84002, 2046, 0, 0, 0
85002, 2074, 0, 0, 0
86002, 1873, 0, 0, 0
87002, 2221, 0, 0, 0
88002, 2172, 0, 0, 0
89002, 1976, 0, 0, 0
90002, 2019, 0, 0, 0
91002, 2020, 0, 0, 0
92002, 1896, 0, 0, 0
93002, 1897, 0, 0, 0
94002, 1918, 0, 0, 0
95002, 1745, 0, 0, 0
96001, 1901, 0, 0, 0
97002, 1895, 0, 0, 0
98001, 1939, 0, 0, 0
99002, 2296, 0, 0, 0
100002, 2370, 0, 0, 0
101001, 1963, 0, 0, 0
102002, 2170, 0, 0, 0
103001, 2361, 0, 0, 0
104002, 1820, 0, 0, 0
105002, 6106, 0, 0, 0
106002, 6906, 0, 0, 0
107002, 6930, 0, 0, 0
108001, 3804, 0, 0, 0
109002, 959, 0, 0, 0
110002, 1101, 0, 0, 0
111002, 1008, 0, 0, 0
112002, 994, 0, 0, 0
113001, 1198, 0, 0, 0
114002, 1108, 0, 0, 0
115001, 1749, 0, 0, 0
116002, 1965, 0, 0, 0
117001, 1694, 0, 0, 0
118002, 1439, 0, 0, 0
119002, 1363, 0, 0, 0
120002, 1386, 0, 0, 0
121002, 1706, 0, 0, 0
122002, 2058, 0, 0, 0
123002, 2095, 0, 0, 0
124002, 1847, 0, 0, 0
125002, 1896, 0, 0, 0
126002, 1967, 0, 0, 0
127001, 2024, 0, 0, 0
128002, 1849, 0, 0, 0
129001, 1871, 0, 0, 0
130002, 1888, 0, 0, 0
131001, 1811, 0, 0, 0
132002, 1987, 0, 0, 0
133001, 1940, 0, 0, 0
134002, 2008, 0, 0, 0
135002, 2109, 0, 0, 0
136001, 2061, 0, 0, 0
137002, 1804, 0, 0, 0
138001, 1936, 0, 0, 0
139002, 1816, 0, 0, 0
140002, 1961, 0, 0, 0
141001, 2191, 0, 0, 0
142002, 2008, 0, 0, 0
143001, 1903, 0, 0, 0
144002, 1992, 0, 0, 0
145002, 1902, 0, 0, 0
146001, 1992, 0, 0, 0
147002, 1967, 0, 0, 0
148001, 1780, 0, 0, 0
149002, 2008, 0, 0, 0
150001, 1979, 0, 0, 0
151001, 1896, 0, 0, 0
152002, 1746, 0, 0, 0
153001, 1821, 0, 0, 0
154002, 1672, 0, 0, 0
155001, 1765, 0, 0, 0
156002, 1573, 0, 0, 0
157001, 2015, 0, 0, 0
158001, 1811, 0, 0, 0
159001, 1822, 0, 0, 0
160001, 1881, 0, 0, 0
161002, 1803, 0, 0, 0
162001, 1707, 0, 0, 0
163002, 2162, 0, 0, 0
164001, 1814, 0, 0, 0
165002, 1881, 0, 0, 0
166001, 2166, 0, 0, 0
167001, 2072, 0, 0, 0
168001, 2171, 0, 0, 0
169001, 2134, 0, 0, 0
170001, 2066, 0, 0, 0
171002, 2049, 0, 0, 0
172001, 2134, 0, 0, 0
173002, 1920, 0, 0, 0
174001, 1998, 0, 0, 0
175001, 2169, 0, 0, 0
176001, 2076, 0, 0, 0
177001, 2114, 0, 0, 0
178002, 2198, 0, 0, 0
179001, 2017, 0, 0, 0
180002, 1957, 0, 0, 0
181001, 2174, 0, 0, 0
182001, 1784, 0, 0, 0
183001, 2061, 0, 0, 0
184001, 1963, 0, 0, 0
185002, 1744, 0, 0, 0
186001, 1894, 0, 0, 0
187002, 2025, 0, 0, 0
188001, 2045, 0, 0, 0
189001, 2011, 0, 0, 0
190001, 1811, 0, 0, 0
191001, 1627, 0, 0, 0
192001, 1859, 0, 0, 0
193001, 1990, 0, 0, 0
194001, 1959, 0, 0, 0
195001, 1890, 0, 0, 0
196001, 2122, 0, 0, 0
197001, 1809, 0, 0, 0
198001, 1737, 0, 0, 0
199002, 1902, 0, 0, 0
200001, 1605, 0, 0, 0
201001, 1899, 0, 0, 0
202001, 1883, 0, 0, 0
203001, 1827, 0, 0, 0
204000, 2229, 0, 0, 0
205001, 2035, 0, 0, 0
206001, 2096, 0, 0, 0
207001, 1770, 0, 0, 0
208001, 1922, 0, 0, 0
209001, 1991, 0, 0, 0
210001, 1880, 0, 0, 0
211001, 1968, 0, 0, 0
212001, 1876, 0, 0, 0
213001, 1813, 0, 0, 0
214001, 1813, 0, 0, 0
215001, 1729, 0, 0, 0
216001, 1825, 0, 0, 0
217001, 1949, 0, 0, 0
218001, 2033, 0, 0, 0
219001, 1896, 0, 0, 0
220001, 2121, 0, 0, 0
221001, 2197, 0, 0, 0
222001, 2304, 0, 0, 0
223001, 1874, 0, 0, 0
224001, 1901, 0, 0, 0
225001, 1796, 0, 0, 0
226001, 1491, 0, 0, 0
227001, 1773, 0, 0, 0
228000, 3905, 0, 0, 0
229001, 6725, 0, 0, 0
230001, 7048, 0, 0, 0
231001, 6760, 0, 0, 0
232001, 2125, 0, 0, 0
233000, 1194, 0, 0, 0
234001, 1468, 0, 0, 0
235001, 1472, 0, 0, 0
236001, 1366, 0, 0, 0
237001, 1217, 0, 0, 0
238001, 1826, 0, 0, 0
239001, 1662, 0, 0, 0
240000, 1446, 0, 0, 0
241001, 1434, 0, 0, 0
242000, 1726, 0, 0, 0
243001, 1419, 0, 0, 0
244001, 1356, 0, 0, 0
245001, 2028, 0, 0, 0
246001, 1877, 0, 0, 0
247000, 1837, 0, 0, 0
248001, 1772, 0, 0, 0
249000, 1627, 0, 0, 0
250001, 1802, 0, 0, 0
251000, 1800, 0, 0, 0
252001, 2048, 0, 0, 0
253001, 2118, 0, 0, 0
254001, 1953, 0, 0, 0
255001, 2023, 0, 0, 0
256001, 1973, 0, 0, 0
257001, 1877, 0, 0, 0
258000, 2106, 0, 0, 0
259000, 2033, 0, 0, 0
260001, 1930, 0, 0, 0
261000, 1993, 0, 0, 0
262001, 1861, 0, 0, 0
263000, 1859, 0, 0, 0
264001, 1990, 0, 0, 0
265000, 1827, 0, 0, 0
266001, 1962, 0, 0, 0
267000, 1986, 0, 0, 0
268001, 1956, 0, 0, 0
269000, 1782, 0, 0, 0
270001, 1974, 0, 0, 0
271000, 2082, 0, 0, 0
272000, 1934, 0, 0, 0
273001, 2163, 0, 0, 0
274000, 2183, 0, 0, 0
275001, 1804, 0, 0, 0
276000, 1962, 0, 0, 0
277001, 1932, 0, 0, 0
278000, 1749, 0, 0, 0
279001, 1910, 0, 0, 0
280000, 1895, 0, 0, 0
281001, 1829, 0, 0, 0
282000, 2102, 0, 0, 0
283000, 1998, 0, 0, 0
284001, 2004, 0, 0, 0
285000, 1948, 0, 0, 0
286001, 2005, 0, 0, 0
287000, 2014, 0, 0, 0
288001, 2076, 0, 0, 0
289000, 2045, 0, 0, 0
290000, 2000, 0, 0, 0
291001, 1948, 0, 0, 0
292000, 2271, 0, 0, 0
293001, 2231, 0, 0, 0
294000, 2165, 0, 0, 0
295000, 1847, 0, 0, 0
296001, 1965, 0, 0, 0
297000, 2084, 0, 0, 0
298001, 2066, 0, 0, 0
299000, 2037, 0, 0, 0
300000, 1967, 0, 0, 0
301001, 2229, 0, 0, 0
302000, 1890, 0, 0, 0
303000, 1990, 0, 0, 0
304000, 2167, 0, 0, 0
305000, 2030, 0, 0, 0
306000, 2027, 0, 0, 0
307000, 2105, 0, 0, 0
308000, 1934, 0, 0, 0
309000, 2104, 0, 0, 0
310000, 2161, 0, 0, 0
311000, 2031, 0, 0, 0
312000, 2236, 0, 0, 0
313000, 2110, 0, 0, 0
314000, 2041, 0, 0, 0
315000, 2113, 0, 0, 0
316000, 2109, 0, 0, 0
317000, 2011, 0, 0, 0
318000, 1986, 0, 0, 0
319000, 2151, 0, 0, 0
320000, 1902, 0, 0, 0
321000, 2112, 0, 0, 0
322000, 2309, 0, 0, 0
323000, 6262, 0, 0, 0
324000, 6577, 0, 0, 0
325000, 6981, 0, 0, 0
326000, 6770, 0, 0, 0
327000, 2590, 0, 0, 0
328000, 1515, 0, 0, 0
329000, 1593, 0, 0, 0
330000, 1596, 0, 0, 0
331000, 1523, 0, 0, 0
332000, 1884, 0, 0, 0
332999, 2106, 0, 0, 0
334000, 1724, 0, 0, 0
335000, 1912, 0, 0, 0
336000, 1871, 0, 0, 0
337000, 1884, 0, 0, 0
338000, 1629, 0, 0, 0
339000, 1904, 0, 0, 0
340000, 2045, 0, 0, 0
341000, 1849, 0, 0, 0
341999, 1823, 0, 0, 0
343000, 1898, 0, 0, 0
343999, 1839, 0, 0, 0
345000, 1880, 0, 0, 0
345999, 1997, 0, 0, 0
347000, 1909, 0, 0, 0
348000, 1951, 0, 0, 0
348999, 2007, 0, 0, 0
350000, 1877, 0, 0, 0
351000, 1993, 0, 0, 0
351999, 2168, 0, 0, 0
353000, 2003, 0, 0, 0
354000, 2116, 0, 0, 0
354999, 2127, 0, 0, 0
356000, 1949, 0, 0, 0
356999, 1996, 0, 0, 0
358000, 1937, 0, 0, 0
359000, 1798, 0, 0, 0
