1000, 1902, 0, 0, 0
2000, 1715, 0, 0, 0
3000, 1754, 0, 0, 0
4001, 1766, 0, 0, 0
5002, 1537, 0, 0, 0
6002, 1693, 0, 0, 0
7003, 1724, 0, 0, 0
8003, 1872, 0, 0, 0
9003, 1870, 0, 0, 0
10002, 2075, 0, 0, 0
11003, 1821, 0, 0, 0
12002, 1844, 0, 0, 0
13003, 2028, 0, 0, 0
14003, 2232, 0, 0, 0
15003, 1412, 0, 0, 0
16003, 1259, 0, 0, 0
17003, 1256, 0, 0, 0
18003, 1251, 0, 0, 0
19003, 1222, 0, 0, 0
20003, 1389, 0, 0, 0
21002, 1458, 0, 0, 0
22003, 1414, 0, 0, 0
23003, 1700, 0, 0, 0
24003, 1772, 0, 0, 0
25003, 1428, 0, 0, 0
26003, 1672, 0, 0, 0
27003, 1708, 0, 0, 0
28003, 1757, 0, 0, 0
29003, 1712, 0, 0, 0
30003, 1822, 0, 0, 0
31003, 1778, 0, 0, 0
32003, 1881, 0, 0, 0
33003, 1828, 0, 0, 0
34003, 1747, 0, 0, 0
35002, 1932, 0, 0, 0
36003, 1622, 0, 0, 0
37003, 1989, 0, 0, 0
38003, 2166, 0, 0, 0
39003, 1915, 0, 0, 0
40003, 1977, 0, 0, 0
41003, 2201, 0, 0, 0
42003, 1574, 0, 0, 0
43003, 1690, 0, 0, 0
44003, 1714, 0, 0, 0
45003, 1762, 0, 0, 0
46003, 2043, 0, 0, 0
47003, 2032, 0, 0, 0
48003, 1782, 0, 0, 0
49003, 1780, 0, 0, 0
50003, 1785, 0, 0, 0
51003, 1923, 0, 0, 0
52003, 2033, 0, 0, 0
53003, 2042, 0, 0, 0
54003, 1874, 0, 0, 0
55003, 2117, 0, 0, 0
56003, 2131, 0, 0, 0
57003, 2100, 0, 0, 0
58003, 1908, 0, 0, 0
59003, 2043, 0, 0, 0
60003, 2038, 0, 0, 0
61003, 1861, 0, 0, 0
62003, 1892, 0, 0, 0
63003, 1615, 0, 0, 0
64003, 1297, 0, 0, 0
65003, 1354, 0, 0, 0
66002, 1084, 0, 0, 0
67003, 1059, 0, 0, 0
68003, 923, 0, 0, 0
69003, 1288, 0, 0, 0
70003, 1398, 0, 0, 0
71003, 1619, 0, 0, 0
72003, 1460, 0, 0, 0
73002, 1602, 0, 0, 0
74003, 1650, 0, 0, 0
75003, 1479, 0, 0, 0
76003, 1571, 0, 0, 0
77003, 1399, 0, 0, 0
78003, 1428, 0, 0, 0
79003, 1443, 0, 0, 0
80003, 1786, 0, 0, 0
81003, 1702, 0, 0, 0
82003, 2019, 0, 0, 0
83003, 1749, 0, 0, 0
84003, 1712, 0, 0, 0
85003, 1516, 0, 0, 0
86003, 1393, 0, 0, 0
87003, 1872, 0, 0, 0
88003, 1921, 0, 0, 0
89003, 1775, 0, 0, 0
90003, 1550, 0, 0, 0
91003, 1600, 0, 0, 0
92003, 1852, 0, 0, 0
93003, 1987, 0, 0, 0
94003, 2073, 0, 0, 0
95003, 2019, 0, 0, 0
96003, 1719, 0, 0, 0
97003, 1904, 0, 0, 0
98003, 1812, 0, 0, 0
99003, 1884, 0, 0, 0
100003, 1958, 0, 0, 0
101003, 2175, 0, 0, 0
102003, 1974, 0, 0, 0
103003, 2123, 0, 0, 0
104003, 1726, 0, 0, 0
105003, 2026, 0, 0, 0
106003, 2159, 0, 0, 0
107003, 1849, 0, 0, 0
108003, 1207, 0, 0, 0
109003, 1112, 0, 0, 0
110003, 1203, 0, 0, 0
111004, 1197, 0, 0, 0
112003, 1341, 0, 0, 0
113003, 1352, 0, 0, 0
114003, 1185, 0, 0, 0
115003, 1438, 0, 0, 0
116003, 1303, 0, 0, 0
117003, 1430, 0, 0, 0
118003, 1572, 0, 0, 0
119003, 1539, 0, 0, 0
120003, 1392, 0, 0, 0
121003, 1357, 0, 0, 0
122003, 1123, 0, 0, 0
123003, 1097, 0, 0, 0
124003, 1558, 0, 0, 0
125003, 1777, 0, 0, 0
126003, 1868, 0, 0, 0
127003, 2100, 0, 0, 0
128003, 1913, 0, 0, 0
129003, 2047, 0, 0, 0
130003, 2055, 0, 0, 0
131003, 2024, 0, 0, 0
132003, 1853, 0, 0, 0
133003, 1850, 0, 0, 0
134003, 1748, 0, 0, 0
135003, 1834, 0, 0, 0
136003, 1929, 0, 0, 0
137003, 1769, 0, 0, 0
138003, 1821, 0, 0, 0
139003, 2017, 0, 0, 0
140003, 1949, 0, 0, 0
141003, 1974, 0, 0, 0
142003, 2122, 0, 0, 0
143003, 1911, 0, 0, 0
144003, 1814, 0, 0, 0
145003, 1886, 0, 0, 0
146004, 1810, 0, 0, 0
147003, 1907, 0, 0, 0
148003, 1767, 0, 0, 0
149003, 1589, 0, 0, 0
150004, 1807, 0, 0, 0
151003, 1795, 0, 0, 0
152003, 1905, 0, 0, 0
153003, 1729, 0, 0, 0
154003, 1844, 0, 0, 0
155003, 1928, 0, 0, 0
156003, 1840, 0, 0, 0
157003, 1873, 0, 0, 0
158004, 1834, 0, 0, 0
159003, 1625, 0, 0, 0
160003, 1761, 0, 0, 0
161003, 1650, 0, 0, 0
162003, 1887, 0, 0, 0
163003, 2143, 0, 0, 0
164003, 2293, 0, 0, 0
165003, 1873, 0, 0, 0
166003, 1701, 0, 0, 0
167003, 1772, 0, 0, 0
168003, 1687, 0, 0, 0
169003, 1685, 0, 0, 0
170003, 1715, 0, 0, 0
171003, 2128, 0, 0, 0
172003, 2157, 0, 0, 0
173003, 1757, 0, 0, 0
174003, 1816, 0, 0, 0
175003, 1733, 0, 0, 0
176004, 1569, 0, 0, 0
177003, 1419, 0, 0, 0
178004, 1444, 0, 0, 0
179003, 1711, 0, 0, 0
180003, 1329, 0, 0, 0
181003, 1293, 0, 0, 0
182004, 1454, 0, 0, 0
183003, 2017, 0, 0, 0
184003, 1991, 0, 0, 0
185003, 2105, 0, 0, 0
186003, 1805, 0, 0, 0
187003, 1634, 0, 0, 0
188003, 1427, 0, 0, 0
189003, 1392, 0, 0, 0
190004, 1142, 0, 0, 0
191003, 1089, 0, 0, 0
192003, 1388, 0, 0, 0
193003, 1428, 0, 0, 0
194003, 1585, 0, 0, 0
195003, 1853, 0, 0, 0
196003, 1992, 0, 0, 0
197003, 1878, 0, 0, 0
198003, 1990, 0, 0, 0
199003, 2127, 0, 0, 0
200004, 1928, 0, 0, 0
201003, 1926, 0, 0, 0
202003, 2104, 0, 0, 0
203003, 1965, 0, 0, 0
204004, 1824, 0, 0, 0
205003, 1697, 0, 0, 0
206003, 1193, 0, 0, 0
207003, 1644, 0, 0, 0
208003, 1222, 0, 0, 0
209003, 1965, 0, 0, 0
210004, 1957, 0, 0, 0
211003, 2161, 0, 0, 0
212004, 2071, 0, 0, 0
213003, 2126, 0, 0, 0
214003, 2033, 0, 0, 0
215004, 2101, 0, 0, 0
216003, 1912, 0, 0, 0
217003, 1936, 0, 0, 0
218003, 2409, 0, 0, 0
219003, 1756, 0, 0, 0
220004, 1750, 0, 0, 0
221003, 1570, 0, 0, 0
222004, 1649, 0, 0, 0
223003, 1401, 0, 0, 0
224003, 1672, 0, 0, 0
225003, 1488, 0, 0, 0
226004, 1479, 0, 0, 0
227003, 1721, 0, 0, 0
228004, 1919, 0, 0, 0
229003, 1770, 0, 0, 0
230004, 1814, 0, 0, 0
231003, 1780, 0, 0, 0
232004, 1882, 0, 0, 0
233003, 1743, 0, 0, 0
234004, 1743, 0, 0, 0
235003, 1869, 0, 0, 0
236004, 1880, 0, 0, 0
237003, 1904, 0, 0, 0
238003, 2057, 0, 0, 0
239003, 1941, 0, 0, 0
240004, 2046, 0, 0, 0
241003, 2181, 0, 0, 0
242004, 1945, 0, 0, 0
243003, 2020, 0, 0, 0
244003, 1791, 0, 0, 0
245003, 1661, 0, 0, 0
246004, 1739, 0, 0, 0
247003, 1792, 0, 0, 0
248004, 1752, 0, 0, 0
249003, 1950, 0, 0, 0
250003, 2117, 0, 0, 0
251003, 1917, 0, 0, 0
252003, 1940, 0, 0, 0
253003, 1997, 0, 0, 0
254003, 1877, 0, 0, 0
255004, 2044, 0, 0, 0
256003, 2177, 0, 0, 0
257004, 2033, 0, 0, 0
258003, 1977, 0, 0, 0
259004, 1926, 0, 0, 0
260003, 1933, 0, 0, 0
261003, 2268, 0, 0, 0
262004, 2024, 0, 0, 0
263003, 1691, 0, 0, 0
264004, 1741, 0, 0, 0
265003, 1620, 0, 0, 0
266004, 1787, 0, 0, 0
267003, 1542, 0, 0, 0
268003, 1489, 0, 0, 0
269004, 1170, 0, 0, 0
270003, 1413, 0, 0, 0
271004, 1300, 0, 0, 0
272003, 1617, 0, 0, 0
273004, 1749, 0, 0, 0
274003, 1987, 0, 0, 0
275003, 1577, 0, 0, 0
276003, 1788, 0, 0, 0
277003, 1560, 0, 0, 0
278004, 1505, 0, 0, 0
279003, 1701, 0, 0, 0
280004, 1755, 0, 0, 0
281003, 1524, 0, 0, 0
282004, 1741, 0, 0, 0
283003, 2036, 0, 0, 0
284004, 1946, 0, 0, 0
285003, 1964, 0, 0, 0
286003, 2139, 0, 0, 0
287003, 2382, 0, 0, 0
288003, 1978, 0, 0, 0
289003, 1920, 0, 0, 0
290004, 2255, 0, 0, 0
291003, 1739, 0, 0, 0
292003, 1203, 0, 0, 0
293004, 1141, 0, 0, 0
294003, 1353, 0, 0, 0
295004, 1606, 0, 0, 0
296003, 1519, 0, 0, 0
297003, 1582, 0, 0, 0
298003, 1331, 0, 0, 0
299004, 1220, 0, 0, 0
300003, 983, 0, 0, 0
301003, 1078, 0, 0, 0
302004, 1344, 0, 0, 0
303003, 1245, 0, 0, 0
304004, 1219, 0, 0, 0
305003, 1169, 0, 0, 0
306003, 1294, 0, 0, 0
307004, 1027, 0, 0, 0
308003, 1234, 0, 0, 0
309004, 1108, 0, 0, 0
310003, 1153, 0, 0, 0
311003, 1269, 0, 0, 0
312004, 1614, 0, 0, 0
313003, 1112, 0, 0, 0
314004, 1050, 0, 0, 0
315003, 1071, 0, 0, 0
316003, 1081, 0, 0, 0
317004, 1197, 0, 0, 0
318003, 1366, 0, 0, 0
319004, 1396, 0, 0, 0
320003, 1672, 0, 0, 0
321004, 1625, 0, 0, 0
322003, 1902, 0, 0, 0
323003, 2052, 0, 0, 0
324003, 2006, 0, 0, 0
325003, 2169, 0, 0, 0
326003, 2153, 0, 0, 0
327004, 1949, 0, 0, 0
328003, 1961, 0, 0, 0
329003, 2067, 0, 0, 0
330004, 1685, 0, 0, 0
331003, 1746, 0, 0, 0
332003, 1740, 0, 0, 0
333003, 1652, 0, 0, 0
334003, 2030, 0, 0, 0
335004, 2003, 0, 0, 0
336003, 1915, 0, 0, 0
337004, 2033, 0, 0, 0
338003, 1770, 0, 0, 0
339004, 1587, 0, 0, 0
340003, 1537, 0, 0, 0
341004, 1681, 0, 0, 0
342003, 1874, 0, 0, 0
343003, 1914, 0, 0, 0
344004, 1784, 0, 0, 0
345003, 1864, 0, 0, 0
346004, 1974, 0, 0, 0
347003, 1789, 0, 0, 0
348004, 1893, 0, 0, 0
349003, 1829, 0, 0, 0
350003, 1860, 0, 0, 0
351004, 2016, 0, 0, 0
352003, 2018, 0, 0, 0
353003, 2107, 0, 0, 0
354003, 2138, 0, 0, 0
355003, 1966, 0, 0, 0
356004, 2026, 0, 0, 0
357003, 2198, 0, 0, 0
358004, 1905, 0, 0, 0
359003, 2061, 0, 0, 0
