999, 8076, 0, 0, 0
1999, 9297, 0, 0, 0
3000, 9217, 0, 0, 0
4000, 9570, 0, 0, 0
4999, 9536, 0, 0, 0
6000, 9359, 0, 0, 0
7000, 9302, 0, 0, 0
7999, 9519, 0, 0, 0
8999, 8594, 0, 0, 0
10000, 9223, 0, 0, 0
11000, 9341, 0, 0, 0
11999, 9208, 0, 0, 0
13000, 9309, 0, 0, 0
14000, 9456, 0, 0, 0
14999, 9602, 0, 0, 0
16000, 9535, 0, 0, 0
17000, 9518, 0, 0, 0
17999, 9683, 0, 0, 0
18999, 9237, 0, 0, 0
20000, 7592, 0, 0, 0
21000, 7652, 0, 0, 0
21999, 7870, 0, 0, 0
23000, 7945, 0, 0, 0
24000, 7934, 0, 0, 0
24999, 7950, 0, 0, 0
26000, 8573, 0, 0, 0
27000, 8527, 0, 0, 0
27999, 8441, 0, 0, 0
29000, 8698, 0, 0, 0
30000, 7837, 0, 0, 0
30999, 8165, 0, 0, 0
31999, 8355, 0, 0, 0
33000, 8281, 0, 0, 0
34000, 8371, 0, 0, 0
34999, 8204, 0, 0, 0
36000, 8417, 0, 0, 0
37000, 8480, 0, 0, 0
37999, 8468, 0, 0, 0
38999, 8372, 0, 0, 0
40000, 8335, 0, 0, 0
41000, 7275, 0, 0, 0
41999, 8138, 0, 0, 0
43000, 8013, 0, 0, 0
44000, 7945, 0, 0, 0
44999, 7850, 0, 0, 0
46000, 7978, 0, 0, 0
47000, 8364, 0, 0, 0
47999, 8156, 0, 0, 0
49000, 8149, 0, 0, 0
50000, 8055, 0, 0, 0
50999, 7523, 0, 0, 0
52000, 6134, 0, 0, 0
53000, 6693, 0, 0, 0
53999, 6704, 0, 0, 0
54999, 6771, 0, 0, 0
56000, 6622, 0, 0, 0
57000, 6673, 0, 0, 0
57999, 6650, 0, 0, 0
59000, 6549, 0, 0, 0
60000, 6346, 0, 0, 0
60999, 5763, 0, 0, 0
62000, 4395, 0, 0, 0
63000, 4822, 0, 0, 0
63999, 4566, 0, 0, 0
65000, 5122, 0, 0, 0
66000, 5814, 0, 0, 0
66999, 5816, 0, 0, 0
67999, 6061, 0, 0, 0
69000, 5147, 0, 0, 0
70000, 3867, 0, 0, 0
70999, 4118, 0, 0, 0
72000, 4309, 0, 0, 0
73000, 3007, 0, 0, 0
73999, 1860, 0, 0, 0
75000, 3519, 0, 0, 0
76000, 5167, 0, 0, 0
76999, 5066, 0, 0, 0
77999, 5201, 0, 0, 0
79000, 4962, 0, 0, 0
79999, 5129, 0, 0, 0
80999, 4909, 0, 0, 0
82000, 5331, 0, 0, 0
83000, 5343, 0, 0, 0
83999, 3896, 0, 0, 0
85000, 4604, 0, 0, 0
86000, 5986, 0, 0, 0
86999, 6058, 0, 0, 0
88000, 6215, 0, 0, 0
89000, 6034, 0, 0, 0
89999, 6488, 0, 0, 0
91000, 6589, 0, 0, 0
92000, 7131, 0, 0, 0
92999, 7043, 0, 0, 0
93999, 7022, 0, 0, 0
95000, 6370, 0, 0, 0
96000, 6988, 0, 0, 0
96999, 7115, 0, 0, 0
98000, 6909, 0, 0, 0
99000, 7141, 0, 0, 0
99999, 7090, 0, 0, 0
101000, 6728, 0, 0, 0
102000, 7499, 0, 0, 0
102999, 7609, 0, 0, 0
103999, 7645, 0, 0, 0
105000, 6728, 0, 0, 0
106000, 6382, 0, 0, 0
106999, 6587, 0, 0, 0
108000, 6491, 0, 0, 0
109000, 5834, 0, 0, 0
109999, 5154, 0, 0, 0
111000, 6149, 0, 0, 0
112000, 6386, 0, 0, 0
112999, 6365, 0, 0, 0
114000, 6343, 0, 0, 0
115000, 4909, 0, 0, 0
115999, 4389, 0, 0, 0
116999, 6016, 0, 0, 0
118000, 6247, 0, 0, 0
118999, 5942, 0, 0, 0
119999, 7067, 0, 0, 0
121000, 7469, 0, 0, 0
122000, 7678, 0, 0, 0
122999, 7514, 0, 0, 0
124000, 7381, 0, 0, 0
125000, 7426, 0, 0, 0
125999, 7227, 0, 0, 0
127000, 6674, 0, 0, 0
128000, 7286, 0, 0, 0
128999, 7385, 0, 0, 0
130000, 7128, 0, 0, 0
131000, 6211, 0, 0, 0
131999, 6351, 0, 0, 0
132999, 6643, 0, 0, 0
134000, 5861, 0, 0, 0
135000, 5165, 0, 0, 0
135999, 4365, 0, 0, 0
137000, 3776, 0, 0, 0
138000, 2029, 0, 0, 0
138999, 2161, 0, 0, 0
140000, 3022, 0, 0, 0
141000, 4262, 0, 0, 0
141999, 4380, 0, 0, 0
143000, 4316, 0, 0, 0
144000, 4837, 0, 0, 0
144999, 4678, 0, 0, 0
145999, 4920, 0, 0, 0
147000, 5705, 0, 0, 0
147999, 4786, 0, 0, 0
148999, 5422, 0, 0, 0
150000, 6026, 0, 0, 0
151000, 5955, 0, 0, 0
151999, 6105, 0, 0, 0
153000, 6346, 0, 0, 0
154000, 6124, 0, 0, 0
154999, 6109, 0, 0, 0
156000, 5353, 0, 0, 0
157000, 5370, 0, 0, 0
157999, 5316, 0, 0, 0
159000, 2897, 0, 0, 0
160000, 1918, 0, 0, 0
160999, 2549, 0, 0, 0
161999, 2032, 0, 0, 0
163000, 1901, 0, 0, 0
164000, 1978, 0, 0, 0
164999, 2104, 0, 0, 0
166000, 4725, 0, 0, 0
167000, 9391, 0, 0, 0
167999, 9429, 0, 0, 0
169000, 9488, 0, 0, 0
170000, 8624, 0, 0, 0
170999, 9213, 0, 0, 0
172000, 9154, 0, 0, 0
173000, 9029, 0, 0, 0
173999, 9228, 0, 0, 0
174999, 9077, 0, 0, 0
176000, 9465, 0, 0, 0
176999, 9502, 0, 0, 0
177999, 9444, 0, 0, 0
179000, 9357, 0, 0, 0
180000, 9406, 0, 0, 0
180999, 5913, 0, 0, 0
182000, 6002, 0, 0, 0
183000, 5935, 0, 0, 0
183999, 6217, 0, 0, 0
184999, 7190, 0, 0, 0
186000, 7453, 0, 0, 0
187000, 8106, 0, 0, 0
187999, 7717, 0, 0, 0
189000, 7729, 0, 0, 0
190000, 7899, 0, 0, 0
190999, 7602, 0, 0, 0
192000, 9328, 0, 0, 0
193000, 9496, 0, 0, 0
193999, 9158, 0, 0, 0
195000, 9287, 0, 0, 0
196000, 9295, 0, 0, 0
196999, 9484, 0, 0, 0
197999, 9475, 0, 0, 0
199000, 9544, 0, 0, 0
200000, 9488, 0, 0, 0
200999, 9630, 0, 0, 0
202000, 7734, 0, 0, 0
203000, 6941, 0, 0, 0
203999, 6967, 0, 0, 0
205000, 6992, 0, 0, 0
206000, 7067, 0, 0, 0
206999, 7111, 0, 0, 0
208000, 7343, 0, 0, 0
209000, 6588, 0, 0, 0
209999, 6535, 0, 0, 0
210999, 6450, 0, 0, 0
212000, 6236, 0, 0, 0
212999, 5435, 0, 0, 0
213999, 6209, 0, 0, 0
215000, 6201, 0, 0, 0
216000, 6150, 0, 0, 0
216999, 6331, 0, 0, 0
218000, 6129, 0, 0, 0
219000, 6435, 0, 0, 0
219999, 6251, 0, 0, 0
221000, 6299, 0, 0, 0
222000, 6190, 0, 0, 0
222999, 6097, 0, 0, 0
223999, 6031, 0, 0, 0
225000, 6582, 0, 0, 0
226000, 6265, 0, 0, 0
226999, 5411, 0, 0, 0
228000, 5332, 0, 0, 0
229000, 5522, 0, 0, 0
229999, 5691, 0, 0, 0
231000, 5689, 0, 0, 0
232000, 5774, 0, 0, 0
232999, 5425, 0, 0, 0
233999, 4898, 0, 0, 0
235000, 5317, 0, 0, 0
236000, 5206, 0, 0, 0
236999, 5442, 0, 0, 0
238000, 5341, 0, 0, 0
239000, 5076, 0, 0, 0
239999, 5316, 0, 0, 0
241000, 5306, 0, 0, 0
242000, 5391, 0, 0, 0
242999, 5376, 0, 0, 0
244000, 5409, 0, 0, 0
245000, 2672, 0, 0, 0
245999, 4047, 0, 0, 0
246999, 4322, 0, 0, 0
248000, 5089, 0, 0, 0
249000, 6099, 0, 0, 0
249999, 5517, 0, 0, 0
251000, 5718, 0, 0, 0
252000, 5374, 0, 0, 0
252999, 5534, 0, 0, 0
254000, 5312, 0, 0, 0
255000, 2868, 0, 0, 0
255999, 2364, 0, 0, 0
256999, 2929, 0, 0, 0
258000, 2147, 0, 0, 0
259000, 1981, 0, 0, 0
259999, 2068, 0, 0, 0
261000, 2014, 0, 0, 0
262000, 1938, 0, 0, 0
262999, 2036, 0, 0, 0
264000, 2143, 0, 0, 0
265000, 8540, 0, 0, 0
265999, 9300, 0, 0, 0
266999, 8578, 0, 0, 0
268000, 9331, 0, 0, 0
269000, 9236, 0, 0, 0
269999, 9149, 0, 0, 0
271000, 9158, 0, 0, 0
272000, 9303, 0, 0, 0
273000, 9573, 0, 0, 0
273999, 9432, 0, 0, 0
275000, 9479, 0, 0, 0
276000, 9593, 0, 0, 0
276999, 8978, 0, 0, 0
278000, 8786, 0, 0, 0
279000, 9338, 0, 0, 0
279999, 9239, 0, 0, 0
280999, 9217, 0, 0, 0
282000, 9255, 0, 0, 0
283000, 9335, 0, 0, 0
283999, 9658, 0, 0, 0
285000, 9439, 0, 0, 0
286000, 9312, 0, 0, 0
286999, 9620, 0, 0, 0
288000, 6359, 0, 0, 0
289000, 1880, 0, 0, 0
289999, 1968, 0, 0, 0
291000, 5055, 0, 0, 0
292000, 5295, 0, 0, 0
292999, 5267, 0, 0, 0
294000, 5574, 0, 0, 0
295000, 5757, 0, 0, 0
295999, 5665, 0, 0, 0
296999, 5648, 0, 0, 0
298000, 5366, 0, 0, 0
299000, 2734, 0, 0, 0
299999, 3728, 0, 0, 0
301000, 4219, 0, 0, 0
302000, 3973, 0, 0, 0
302999, 3628, 0, 0, 0
304000, 3595, 0, 0, 0
305000, 4127, 0, 0, 0
305999, 4332, 0, 0, 0
306999, 3672, 0, 0, 0
308000, 3244, 0, 0, 0
309000, 3984, 0, 0, 0
309999, 4801, 0, 0, 0
311000, 4988, 0, 0, 0
312000, 5191, 0, 0, 0
312999, 5043, 0, 0, 0
314000, 5087, 0, 0, 0
315000, 3874, 0, 0, 0
315999, 2086, 0, 0, 0
317000, 2050, 0, 0, 0
318000, 4863, 0, 0, 0
318999, 5262, 0, 0, 0
319999, 8873, 0, 0, 0
321000, 8584, 0, 0, 0
322000, 9294, 0, 0, 0
322999, 9195, 0, 0, 0
324000, 9196, 0, 0, 0
325000, 9083, 0, 0, 0
325999, 9342, 0, 0, 0
327000, 9591, 0, 0, 0
328000, 9619, 0, 0, 0
328999, 9554, 0, 0, 0
330000, 9500, 0, 0, 0
331000, 7938, 0, 0, 0
331999, 4498, 0, 0, 0
332999, 4648, 0, 0, 0
334000, 4612, 0, 0, 0
335000, 4810, 0, 0, 0
335999, 6647, 0, 0, 0
337000, 6287, 0, 0, 0
338000, 5640, 0, 0, 0
338999, 5275, 0, 0, 0
340000, 5465, 0, 0, 0
341000, 5463, 0, 0, 0
341999, 5174, 0, 0, 0
343000, 5223, 0, 0, 0
344000, 5287, 0, 0, 0
344999, 5015, 0, 0, 0
345999, 5298, 0, 0, 0
347000, 5058, 0, 0, 0
348000, 2878, 0, 0, 0
348999, 2276, 0, 0, 0
350000, 2973, 0, 0, 0
351000, 2976, 0, 0, 0
351999, 2881, 0, 0, 0
353000, 2050, 0, 0, 0
354000, 2459, 0, 0, 0
354999, 2857, 0, 0, 0
356000, 3889, 0, 0, 0
357000, 4715, 0, 0, 0
357999, 4784, 0, 0, 0
358999, 5045, 0, 0, 0
