999, 73976, 1, 0, 0
1999, 79968, 1, 0, 0
2999, 75396, 1, 0, 0
3999, 75324, 1, 0, 0
4999, 75106, 1, 0, 0
5999, 75126, 1, 0, 0
7000, 75081, 1, 0, 0
7999, 75138, 1, 0, 0
8999, 75176, 1, 0, 0
9999, 75232, 1, 0, 0
10999, 75161, 1, 0, 0
11999, 75205, 1, 0, 0
12999, 81669, 1, 0, 0
13999, 75093, 1, 0, 0
14999, 75274, 1, 0, 0
15999, 75351, 1, 0, 0
16999, 75319, 1, 0, 0
17999, 75191, 1, 0, 0
18999, 75393, 1, 0, 0
19999, 75560, 1, 0, 0
20999, 75536, 1, 0, 0
21999, 75611, 1, 0, 0
23000, 81297, 1, 0, 0
23999, 75295, 1, 0, 0
24999, 75264, 1, 0, 0
25999, 75318, 1, 0, 0
26999, 75340, 1, 0, 0
27999, 75293, 1, 0, 0
28999, 75359, 1, 0, 0
30000, 75397, 1, 0, 0
30999, 75416, 1, 0, 0
31999, 75356, 1, 0, 0
32999, 75553, 1, 0, 0
33999, 81163, 1, 0, 0
34999, 75081, 1, 0, 0
35999, 75093, 1, 0, 0
36999, 75095, 1, 0, 0
37999, 75292, 1, 0, 0
38999, 75263, 1, 0, 0
39999, 75361, 1, 0, 0
40999, 75426, 1, 0, 0
41999, 75331, 1, 0, 0
43000, 75415, 1, 0, 0
43999, 81178, 1, 0, 0
44999, 75221, 1, 0, 0
46000, 75327, 1, 0, 0
46999, 75326, 1, 0, 0
47999, 75239, 1, 0, 0
48999, 75252, 1, 0, 0
49999, 75060, 1, 0, 0
50999, 75279, 1, 0, 0
51999, 75426, 1, 0, 0
52999, 75345, 1, 0, 0
53999, 75336, 1, 0, 0
54999, 81221, 1, 0, 0
56000, 75071, 1, 0, 0
56999, 75296, 1, 0, 0
57999, 75262, 1, 0, 0
59000, 75132, 1, 0, 0
59999, 75083, 1, 0, 0
60999, 75120, 1, 0, 0
61999, 75209, 1, 0, 0
62999, 75262, 1, 0, 0
63999, 75399, 1, 0, 0
64999, 81493, 1, 0, 0
65999, 75043, 1, 0, 0
66999, 75420, 1, 0, 0
67999, 75386, 1, 0, 0
68999, 75342, 1, 0, 0
69999, 75256, 1, 0, 0
70999, 75248, 1, 0, 0
72000, 75214, 1, 0, 0
72999, 75073, 1, 0, 0
73999, 75135, 1, 0, 0
74999, 75069, 1, 0, 0
75999, 81200, 1, 0, 0
76999, 75246, 1, 0, 0
77999, 75340, 1, 0, 0
78999, 75407, 1, 0, 0
79999, 75370, 1, 0, 0
80999, 75358, 1, 0, 0
82000, 75247, 1, 0, 0
82999, 75211, 1, 0, 0
83999, 75374, 1, 0, 0
84999, 75408, 1, 0, 0
85999, 81398, 1, 0, 0
86999, 75265, 1, 0, 0
87999, 75482, 1, 0, 0
88999, 75307, 1, 0, 0
89999, 75252, 1, 0, 0
90999, 75410, 1, 0, 0
92000, 75595, 1, 0, 0
92999, 75485, 1, 0, 0
93999, 75498, 1, 0, 0
95000, 75420, 1, 0, 0
95999, 80841, 1, 0, 0
96999, 75614, 1, 0, 0
97999, 75428, 1, 0, 0
98999, 75439, 1, 0, 0
99999, 75190, 1, 0, 0
100999, 75162, 1, 0, 0
101999, 75314, 1, 0, 0
102999, 75363, 1, 0, 0
103999, 75429, 1, 0, 0
105000, 75112, 1, 0, 0
105999, 75106, 1, 0, 0
106999, 81404, 1, 0, 0
108000, 75284, 1, 0, 0
108999, 75159, 1, 0, 0
109999, 75384, 1, 0, 0
110999, 75398, 1, 0, 0
111999, 75531, 1, 0, 0
112999, 75529, 1, 0, 0
113999, 75475, 1, 0, 0
114999, 75352, 1, 0, 0
115999, 75250, 1, 0, 0
116999, 81139, 1, 0, 0
118000, 75003, 1, 0, 0
118999, 75239, 1, 0, 0
119999, 75262, 1, 0, 0
120999, 75323, 1, 0, 0
121999, 75122, 1, 0, 0
122999, 75028, 1, 0, 0
123999, 74969, 1, 0, 0
125000, 75162, 1, 0, 0
125999, 75207, 1, 0, 0
126999, 75159, 1, 0, 0
127999, 80950, 1, 0, 0
128999, 75090, 1, 0, 0
129999, 74998, 1, 0, 0
130999, 75231, 1, 0, 0
131999, 75343, 1, 0, 0
132999, 75486, 1, 0, 0
133999, 75301, 1, 0, 0
135000, 75404, 1, 0, 0
135999, 75522, 1, 0, 0
136999, 75289, 1, 0, 0
137999, 81024, 1, 0, 0
138999, 75675, 1, 0, 0
139999, 75592, 1, 0, 0
140999, 75630, 1, 0, 0
141999, 75491, 1, 0, 0
142999, 75356, 1, 0, 0
143999, 75203, 1, 0, 0
145000, 75428, 1, 0, 0
145999, 75389, 1, 0, 0
146999, 75425, 1, 0, 0
148000, 75425, 1, 0, 0
148999, 81119, 1, 0, 0
149999, 75320, 1, 0, 0
150999, 75371, 1, 0, 0
151999, 75150, 1, 0, 0
153000, 75373, 1, 0, 0
153999, 75109, 1, 0, 0
154999, 75281, 1, 0, 0
155999, 75407, 1, 0, 0
157000, 75344, 1, 0, 0
157999, 75515, 1, 0, 0
158999, 81307, 1, 0, 0
160000, 75491, 1, 0, 0
160999, 75602, 1, 0, 0
161999, 75472, 1, 0, 0
163000, 75515, 1, 0, 0
163999, 75175, 1, 0, 0
164999, 75266, 1, 0, 0
166000, 75193, 1, 0, 0
166999, 75463, 1, 0, 0
167999, 75217, 1, 0, 0
169000, 73843, 1, 0, 0
169999, 82619, 1, 0, 0
170999, 75021, 1, 0, 0
171999, 74998, 1, 0, 0
172999, 75194, 1, 0, 0
173999, 75250, 1, 0, 0
174999, 75149, 1, 0, 0
175999, 75063, 1, 0, 0
176999, 75243, 1, 0, 0
177999, 75303, 1, 0, 0
178999, 75113, 1, 0, 0
179999, 81027, 1, 0, 0
180999, 75298, 1, 0, 0
181999, 75291, 1, 0, 0
182999, 75554, 1, 0, 0
183999, 75618, 1, 0, 0
184999, 75462, 1, 0, 0
185999, 75479, 1, 0, 0
186999, 75446, 1, 0, 0
188000, 75477, 1, 0, 0
188999, 75288, 1, 0, 0
189999, 74408, 1, 0, 0
191000, 82112, 1, 0, 0
191999, 75417, 1, 0, 0
192999, 75537, 1, 0, 0
194000, 75373, 1, 0, 0
194999, 75342, 1, 0, 0
195999, 75273, 1, 0, 0
196999, 75187, 1, 0, 0
197999, 75246, 1, 0, 0
198999, 75277, 1, 0, 0
200000, 75392, 1, 0, 0
200999, 81245, 1, 0, 0
201999, 75248, 1, 0, 0
203000, 75353, 1, 0, 0
203999, 75370, 1, 0, 0
204999, 75412, 1, 0, 0
206000, 75363, 1, 0, 0
206999, 75351, 1, 0, 0
207999, 75311, 1, 0, 0
208999, 75460, 1, 0, 0
209999, 75244, 1, 0, 0
210999, 81227, 1, 0, 0
211999, 75301, 1, 0, 0
212999, 75559, 1, 0, 0
213999, 75583, 1, 0, 0
214999, 75566, 1, 0, 0
215999, 75509, 1, 0, 0
216999, 75508, 1, 0, 0
217999, 75497, 1, 0, 0
218999, 75475, 1, 0, 0
219999, 75394, 1, 0, 0
220999, 75588, 1, 0, 0
222000, 81558, 1, 0, 0
222999, 75372, 1, 0, 0
223999, 75204, 1, 0, 0
224999, 75327, 1, 0, 0
225999, 75290, 1, 0, 0
226999, 75509, 1, 0, 0
227999, 75414, 1, 0, 0
228999, 75510, 1, 0, 0
229999, 75512, 1, 0, 0
230999, 75558, 1, 0, 0
232000, 81371, 1, 0, 0
232999, 74970, 1, 0, 0
233999, 75184, 1, 0, 0
234999, 75301, 1, 0, 0
235999, 75415, 1, 0, 0
236999, 75392, 1, 0, 0
237999, 75293, 1, 0, 0
238999, 75242, 1, 0, 0
240000, 75272, 1, 0, 0
240999, 75388, 1, 0, 0
241999, 75349, 1, 0, 0
242999, 81232, 1, 0, 0
243999, 75380, 1, 0, 0
244999, 75321, 1, 0, 0
245999, 74920, 1, 0, 0
246999, 75200, 1, 0, 0
247999, 75161, 1, 0, 0
248999, 75175, 1, 0, 0
250000, 75234, 1, 0, 0
250999, 75296, 1, 0, 0
251999, 75422, 1, 0, 0
252999, 81431, 1, 0, 0
253999, 75016, 1, 0, 0
254999, 75061, 1, 0, 0
255999, 75039, 1, 0, 0
257000, 75230, 1, 0, 0
257999, 75263, 1, 0, 0
258999, 75276, 1, 0, 0
259999, 75199, 1, 0, 0
260999, 75160, 1, 0, 0
262000, 75132, 1, 0, 0
262999, 73993, 1, 0, 0
263999, 82400, 1, 0, 0
264999, 75146, 1, 0, 0
266000, 75237, 1, 0, 0
266999, 75142, 1, 0, 0
267999, 75238, 1, 0, 0
269000, 75129, 1, 0, 0
269999, 75260, 1, 0, 0
270999, 75425, 1, 0, 0
271999, 75241, 1, 0, 0
272999, 75234, 1, 0, 0
273999, 81215, 1, 0, 0
274999, 75309, 1, 0, 0
276000, 75137, 1, 0, 0
276999, 75133, 1, 0, 0
277999, 75151, 1, 0, 0
278999, 75268, 1, 0, 0
279999, 75360, 1, 0, 0
280999, 75173, 1, 0, 0
281999, 75089, 1, 0, 0
282999, 75090, 1, 0, 0
283999, 74231, 1, 0, 0
284999, 82006, 1, 0, 0
286000, 75071, 1, 0, 0
286999, 75195, 1, 0, 0
287999, 75206, 1, 0, 0
288999, 75145, 1, 0, 0
289999, 75196, 1, 0, 0
290999, 75344, 1, 0, 0
291999, 75340, 1, 0, 0
292999, 75312, 1, 0, 0
293999, 75407, 1, 0, 0
294999, 81279, 1, 0, 0
296000, 75196, 1, 0, 0
296999, 75341, 1, 0, 0
297999, 75062, 1, 0, 0
298999, 75306, 1, 0, 0
299999, 75336, 1, 0, 0
300999, 75402, 1, 0, 0
301999, 75272, 1, 0, 0
303000, 75249, 1, 0, 0
303999, 75422, 1, 0, 0
304999, 77721, 1, 0, 0
306000, 78741, 1, 0, 0
306999, 75115, 1, 0, 0
307999, 75384, 1, 0, 0
308999, 75232, 1, 0, 0
309999, 75342, 1, 0, 0
310999, 75106, 1, 0, 0
311999, 75411, 1, 0, 0
313000, 75554, 1, 0, 0
313999, 75414, 1, 0, 0
314999, 75565, 1, 0, 0
316000, 80963, 1, 0, 0
316999, 75192, 1, 0, 0
317999, 75124, 1, 0, 0
318999, 75238, 1, 0, 0
319999, 75237, 1, 0, 0
320999, 75197, 1, 0, 0
321999, 75254, 1, 0, 0
322999, 75263, 1, 0, 0
323999, 75230, 1, 0, 0
324999, 75213, 1, 0, 0
325999, 81097, 1, 0, 0
326999, 75053, 1, 0, 0
327999, 75243, 1, 0, 0
328999, 75304, 1, 0, 0
330000, 75122, 1, 0, 0
330999, 74948, 1, 0, 0
331999, 75175, 1, 0, 0
332999, 75196, 1, 0, 0
333999, 75251, 1, 0, 0
334999, 75584, 1, 0, 0
335999, 75341, 1, 0, 0
336999, 81102, 1, 0, 0
337999, 75234, 1, 0, 0
338999, 75394, 1, 0, 0
339999, 75525, 1, 0, 0
340999, 75353, 1, 0, 0
341999, 75274, 1, 0, 0
343000, 75134, 1, 0, 0
343999, 75285, 1, 0, 0
344999, 75243, 1, 0, 0
346000, 75261, 1, 0, 0
346999, 88663, 1, 0, 0
347999, 75542, 1, 0, 0
348999, 88992, 1, 0, 0
349999, 75089, 1, 0, 0
350999, 75278, 1, 0, 0
351999, 75269, 1, 0, 0
353000, 75286, 1, 0, 0
353999, 75138, 1, 0, 0
354999, 75325, 1, 0, 0
356000, 75387, 1, 0, 0
356999, 81052, 1, 0, 0
357999, 100488, 1, 0, 0
359000, 75025, 1, 0, 0
359999, 75140, 1, 0, 0
