999, 121885, 1, 0, 0
1999, 114917, 1, 0, 0
2999, 98521, 1, 0, 0
3999, 93120, 1, 0, 0
4999, 89009, 1, 0, 0
5999, 79152, 1, 0, 0
6999, 121060, 1, 0, 0
7999, 153133, 1, 0, 0
8999, 195158, 1, 0, 0
9999, 225002, 1, 0, 0
10999, 148390, 1, 0, 0
11999, 148693, 1, 0, 0
12999, 148380, 1, 0, 0
13999, 148171, 1, 0, 0
14999, 162838, 1, 0, 0
16000, 165929, 1, 0, 0
16999, 171226, 1, 0, 0
17999, 142493, 1, 0, 0
18999, 121027, 1, 0, 0
19999, 150120, 1, 0, 0
20999, 164856, 1, 0, 0
21999, 151264, 1, 0, 0
22999, 156619, 1, 0, 0
24000, 111788, 1, 0, 0
24999, 85813, 1, 0, 0
26000, 85536, 1, 0, 0
26999, 84265, 1, 0, 0
28000, 84755, 1, 0, 0
28999, 85813, 1, 0, 0
30000, 93864, 1, 0, 0
30999, 95769, 1, 0, 0
31999, 97411, 1, 0, 0
32999, 86385, 1, 0, 0
33999, 93072, 1, 0, 0
34999, 98615, 1, 0, 0
35999, 100491, 1, 0, 0
37000, 101928, 1, 0, 0
37999, 107051, 1, 0, 0
39000, 115577, 1, 0, 0
39999, 96344, 1, 0, 0
40999, 90281, 1, 0, 0
41999, 99945, 1, 0, 0
42999, 87840, 1, 0, 0
43999, 89225, 1, 0, 0
44999, 83856, 1, 0, 0
45999, 83315, 1, 0, 0
46999, 89736, 1, 0, 0
47999, 95423, 1, 0, 0
48999, 95976, 1, 0, 0
50000, 90312, 1, 0, 0
50999, 95567, 1, 0, 0
52000, 89616, 1, 0, 0
52999, 87807, 1, 0, 0
54000, 79488, 1, 0, 0
54999, 84357, 1, 0, 0
56000, 100527, 1, 0, 0
56999, 102678, 1, 0, 0
57999, 235796, 1, 0, 0
59000, 205626, 1, 0, 0
59999, 205230, 1, 0, 0
60999, 206259, 1, 0, 0
61999, 100022, 1, 0, 0
62999, 97777, 1, 0, 0
63999, 98112, 1, 0, 0
65000, 84772, 1, 0, 0
65999, 81317, 1, 0, 0
67000, 85776, 1, 0, 0
67999, 81465, 1, 0, 0
69000, 81504, 1, 0, 0
69999, 82162, 1, 0, 0
71000, 71952, 1, 0, 0
71999, 82210, 1, 0, 0
72999, 84856, 1, 0, 0
73999, 81691, 1, 0, 0
75000, 83500, 1, 0, 0
75999, 83145, 1, 0, 0
76999, 77878, 1, 0, 0
77999, 78750, 1, 0, 0
79000, 78480, 1, 0, 0
79999, 75980, 1, 0, 0
81000, 113215, 1, 0, 0
81999, 135951, 1, 0, 0
82999, 181872, 1, 0, 0
83999, 186218, 1, 0, 0
84999, 182688, 1, 0, 0
85999, 112928, 1, 0, 0
86999, 134235, 1, 0, 0
87999, 136312, 1, 0, 0
88999, 229444, 1, 0, 0
90000, 172865, 1, 0, 0
90999, 203010, 1, 0, 0
91999, 206675, 1, 0, 0
92999, 206630, 1, 0, 0
94000, 193280, 1, 0, 0
94999, 190662, 1, 0, 0
96000, 185280, 1, 0, 0
96999, 206493, 1, 0, 0
97999, 202404, 1, 0, 0
99000, 190949, 1, 0, 0
99999, 179380, 1, 0, 0
100999, 177445, 1, 0, 0
102000, 179766, 1, 0, 0
102999, 161382, 1, 0, 0
103999, 171815, 1, 0, 0
104999, 120648, 1, 0, 0
105999, 118464, 1, 0, 0
107000, 161280, 1, 0, 0
107999, 137803, 1, 0, 0
109000, 135141, 1, 0, 0
109999, 132795, 1, 0, 0
110999, 148518, 1, 0, 0
112000, 132147, 1, 0, 0
112999, 89993, 1, 0, 0
114000, 91684, 1, 0, 0
114999, 77137, 1, 0, 0
116000, 51672, 1, 0, 0
116999, 49143, 1, 0, 0
118000, 48546, 1, 0, 0
118999, 48400, 1, 0, 0
120000, 65948, 1, 0, 0
120999, 91379, 1, 0, 0
122000, 95636, 1, 0, 0
122999, 96400, 1, 0, 0
124000, 92448, 1, 0, 0
124999, 53189, 1, 0, 0
126000, 53088, 1, 0, 0
126999, 45981, 1, 0, 0
128000, 57408, 1, 0, 0
128999, 59867, 1, 0, 0
129999, 71608, 1, 0, 0
130999, 70927, 1, 0, 0
131999, 71111, 1, 0, 0
132999, 154446, 1, 0, 0
134000, 229181, 1, 0, 0
134999, 188819, 1, 0, 0
135999, 208946, 1, 0, 0
136999, 199355, 1, 0, 0
138000, 193571, 1, 0, 0
138999, 144430, 1, 0, 0
140000, 130654, 1, 0, 0
140999, 134261, 1, 0, 0
141999, 141961, 1, 0, 0
142999, 121187, 1, 0, 0
143999, 124680, 1, 0, 0
144999, 112096, 1, 0, 0
146000, 117912, 1, 0, 0
146999, 114018, 1, 0, 0
148000, 117768, 1, 0, 0
148999, 214178, 1, 0, 0
149999, 154963, 1, 0, 0
151000, 189188, 1, 0, 0
151999, 205481, 1, 0, 0
152999, 208992, 1, 0, 0
153999, 209460, 1, 0, 0
155000, 138397, 1, 0, 0
155999, 151255, 1, 0, 0
156999, 196804, 1, 0, 0
157999, 194811, 1, 0, 0
158999, 169869, 1, 0, 0
159999, 186354, 1, 0, 0
160999, 181032, 1, 0, 0
161999, 128128, 1, 0, 0
162999, 125344, 1, 0, 0
163999, 125750, 1, 0, 0
164999, 100839, 1, 0, 0
165999, 91819, 1, 0, 0
167000, 93936, 1, 0, 0
167999, 93382, 1, 0, 0
169000, 99451, 1, 0, 0
169999, 96868, 1, 0, 0
171000, 83760, 1, 0, 0
171999, 87879, 1, 0, 0
172999, 92752, 1, 0, 0
173999, 96959, 1, 0, 0
175000, 94905, 1, 0, 0
175999, 97681, 1, 0, 0
176999, 84648, 1, 0, 0
177999, 76060, 1, 0, 0
178999, 91608, 1, 0, 0
180000, 103543, 1, 0, 0
180999, 102383, 1, 0, 0
181999, 117691, 1, 0, 0
182999, 94010, 1, 0, 0
183999, 84012, 1, 0, 0
184999, 84216, 1, 0, 0
186000, 84360, 1, 0, 0
186999, 95070, 1, 0, 0
188000, 110484, 1, 0, 0
188999, 105326, 1, 0, 0
190000, 120612, 1, 0, 0
190999, 124888, 1, 0, 0
192000, 125952, 1, 0, 0
192999, 116730, 1, 0, 0
194000, 130298, 1, 0, 0
194999, 126997, 1, 0, 0
195999, 84089, 1, 0, 0
196999, 88936, 1, 0, 0
198000, 83232, 1, 0, 0
199000, 75120, 1, 0, 0
199999, 81753, 1, 0, 0
201000, 202566, 1, 0, 0
201999, 198078, 1, 0, 0
202999, 180817, 1, 0, 0
204000, 211117, 1, 0, 0
204999, 198391, 1, 0, 0
205999, 201236, 1, 0, 0
207000, 244300, 1, 0, 0
207999, 253979, 1, 0, 0
208999, 269213, 1, 0, 0
210000, 195515, 1, 0, 0
210999, 196397, 1, 0, 0
211999, 187071, 1, 0, 0
213000, 190876, 1, 0, 0
213999, 126527, 1, 0, 0
215000, 119040, 1, 0, 0
215999, 121239, 1, 0, 0
217000, 124930, 1, 0, 0
217999, 122640, 1, 0, 0
218999, 130754, 1, 0, 0
220000, 128696, 1, 0, 0
220999, 134406, 1, 0, 0
222000, 128949, 1, 0, 0
222999, 130463, 1, 0, 0
224000, 135207, 1, 0, 0
225000, 134135, 1, 0, 0
225999, 121366, 1, 0, 0
227000, 131907, 1, 0, 0
227999, 122772, 1, 0, 0
229000, 74184, 1, 0, 0
229999, 75520, 1, 0, 0
231000, 119232, 1, 0, 0
231999, 124924, 1, 0, 0
233000, 126472, 1, 0, 0
234000, 118153, 1, 0, 0
234999, 107749, 1, 0, 0
236000, 110451, 1, 0, 0
236999, 111279, 1, 0, 0
238000, 108893, 1, 0, 0
238999, 81220, 1, 0, 0
240000, 76320, 1, 0, 0
240999, 89822, 1, 0, 0
241999, 108737, 1, 0, 0
242999, 117598, 1, 0, 0
243999, 113009, 1, 0, 0
245000, 115191, 1, 0, 0
245999, 120869, 1, 0, 0
246999, 221164, 1, 0, 0
248000, 201575, 1, 0, 0
248999, 205434, 1, 0, 0
249999, 207108, 1, 0, 0
251000, 203912, 1, 0, 0
251999, 154666, 1, 0, 0
253000, 172593, 1, 0, 0
253999, 215990, 1, 0, 0
255000, 187488, 1, 0, 0
255999, 151783, 1, 0, 0
256999, 159960, 1, 0, 0
258000, 160793, 1, 0, 0
258999, 157073, 1, 0, 0
260000, 158666, 1, 0, 0
260999, 139022, 1, 0, 0
262000, 146717, 1, 0, 0
262999, 140069, 1, 0, 0
264000, 142239, 1, 0, 0
264999, 124612, 1, 0, 0
266000, 79443, 1, 0, 0
266999, 71324, 1, 0, 0
268000, 80088, 1, 0, 0
268999, 78192, 1, 0, 0
270000, 75990, 1, 0, 0
271000, 76708, 1, 0, 0
271999, 72432, 1, 0, 0
273000, 74688, 1, 0, 0
273999, 74762, 1, 0, 0
275000, 261575, 1, 0, 0
275999, 210833, 1, 0, 0
276999, 211912, 1, 0, 0
278000, 195932, 1, 0, 0
279000, 186959, 1, 0, 0
279999, 205248, 1, 0, 0
281000, 198693, 1, 0, 0
282000, 209695, 1, 0, 0
282999, 184648, 1, 0, 0
284000, 171353, 1, 0, 0
284999, 183653, 1, 0, 0
285999, 184048, 1, 0, 0
287000, 113721, 1, 0, 0
287999, 105536, 1, 0, 0
289000, 93160, 1, 0, 0
289999, 83641, 1, 0, 0
291000, 73330, 1, 0, 0
291999, 75411, 1, 0, 0
292999, 70273, 1, 0, 0
294000, 73205, 1, 0, 0
294999, 74489, 1, 0, 0
296000, 79512, 1, 0, 0
296999, 86294, 1, 0, 0
298000, 151440, 1, 0, 0
298999, 219927, 1, 0, 0
300000, 148630, 1, 0, 0
301000, 149257, 1, 0, 0
301999, 149146, 1, 0, 0
303000, 139904, 1, 0, 0
304000, 139275, 1, 0, 0
304999, 141978, 1, 0, 0
306000, 151920, 1, 0, 0
306999, 159667, 1, 0, 0
308000, 152180, 1, 0, 0
308999, 154063, 1, 0, 0
310000, 153315, 1, 0, 0
310999, 121944, 1, 0, 0
312000, 118783, 1, 0, 0
312999, 122778, 1, 0, 0
314000, 124898, 1, 0, 0
315000, 145147, 1, 0, 0
315999, 147176, 1, 0, 0
317000, 123912, 1, 0, 0
318000, 126270, 1, 0, 0
318999, 143306, 1, 0, 0
320000, 128517, 1, 0, 0
321000, 121813, 1, 0, 0
321999, 124066, 1, 0, 0
323000, 96941, 1, 0, 0
323999, 77477, 1, 0, 0
324999, 89328, 1, 0, 0
326000, 102384, 1, 0, 0
326999, 97057, 1, 0, 0
328000, 106301, 1, 0, 0
328999, 126288, 1, 0, 0
330000, 136224, 1, 0, 0
330999, 146256, 1, 0, 0
331999, 162230, 1, 0, 0
333000, 234681, 1, 0, 0
334000, 241092, 1, 0, 0
334999, 205483, 1, 0, 0
336000, 206894, 1, 0, 0
337000, 166567, 1, 0, 0
337999, 169874, 1, 0, 0
339000, 198301, 1, 0, 0
340000, 215719, 1, 0, 0
340999, 172241, 1, 0, 0
342000, 167474, 1, 0, 0
343000, 155016, 1, 0, 0
343999, 152668, 1, 0, 0
345000, 155257, 1, 0, 0
345999, 131534, 1, 0, 0
347000, 130272, 1, 0, 0
347999, 125620, 1, 0, 0
349000, 157978, 1, 0, 0
349999, 163878, 1, 0, 0
351000, 109060, 1, 0, 0
352000, 100152, 1, 0, 0
353000, 114474, 1, 0, 0
354000, 108072, 1, 0, 0
354999, 104600, 1, 0, 0
356000, 77856, 1, 0, 0
357000, 76228, 1, 0, 0
357999, 75496, 1, 0, 0
359000, 77443, 1, 0, 0
