1003, 2648, 1, 0, 0
2000, 2659, 1, 0, 0
3000, 2637, 1, 0, 0
4009, 2639, 1, 0, 0
5007, 2650, 1, 0, 0
6000, 2691, 1, 0, 0
7006, 2643, 1, 0, 0
8000, 2671, 1, 0, 0
9003, 2694, 1, 0, 0
10003, 2683, 1, 0, 0
11005, 2650, 1, 0, 0
12001, 2641, 1, 0, 0
13000, 2624, 1, 0, 0
14002, 2625, 1, 0, 0
15009, 2628, 1, 0, 0
16010, 2629, 1, 0, 0
17000, 2626, 1, 0, 0
18009, 2639, 1, 0, 0
19005, 2635, 1, 0, 0
20003, 2631, 1, 0, 0
21001, 2629, 1, 0, 0
22003, 2632, 1, 0, 0
23010, 2633, 1, 0, 0
24003, 2649, 1, 0, 0
25000, 2661, 1, 0, 0
26000, 2650, 1, 0, 0
27013, 2636, 1, 0, 0
28000, 2641, 1, 0, 0
29000, 2610, 1, 0, 0
30000, 2609, 1, 0, 0
31000, 2638, 1, 0, 0
32000, 2628, 1, 0, 0
33005, 2624, 1, 0, 0
34000, 2659, 1, 0, 0
35003, 2692, 1, 0, 0
36003, 2689, 1, 0, 0
37010, 2644, 1, 0, 0
38000, 2646, 1, 0, 0
39000, 2648, 1, 0, 0
40000, 2651, 1, 0, 0
41007, 2638, 1, 0, 0
42000, 2651, 1, 0, 0
43000, 2651, 1, 0, 0
44000, 2663, 1, 0, 0
45000, 2598, 1, 0, 0
46000, 2785, 1, 0, 0
47000, 2939, 1, 0, 0
48000, 2934, 1, 0, 0
49000, 2917, 1, 0, 0
50000, 2925, 1, 0, 0
51000, 2911, 1, 0, 0
52000, 2990, 1, 0, 0
53000, 2998, 1, 0, 0
54002, 3746, 1, 0, 0
55005, 2777, 1, 0, 0
56006, 2656, 1, 0, 0
57000, 2652, 1, 0, 0
58000, 2639, 1, 0, 0
59001, 2629, 1, 0, 0
60000, 2630, 1, 0, 0
61000, 2638, 1, 0, 0
62000, 2626, 1, 0, 0
63003, 2617, 1, 0, 0
64000, 2646, 1, 0, 0
65000, 2648, 1, 0, 0
66002, 2655, 1, 0, 0
67006, 2626, 1, 0, 0
68000, 2616, 1, 0, 0
69008, 2614, 1, 0, 0
70000, 2620, 1, 0, 0
71005, 2653, 1, 0, 0
72000, 2671, 1, 0, 0
73000, 2637, 1, 0, 0
74005, 2621, 1, 0, 0
75008, 2613, 1, 0, 0
76000, 2606, 1, 0, 0
77000, 2623, 1, 0, 0
78002, 2638, 1, 0, 0
79000, 2624, 1, 0, 0
80002, 2637, 1, 0, 0
81000, 2617, 1, 0, 0
82008, 2644, 1, 0, 0
83005, 2632, 1, 0, 0
84000, 2660, 1, 0, 0
85008, 2674, 1, 0, 0
86008, 2663, 1, 0, 0
87000, 2629, 1, 0, 0
88008, 2617, 1, 0, 0
89004, 2624, 1, 0, 0
90000, 2630, 1, 0, 0
91002, 2655, 1, 0, 0
92004, 2675, 1, 0, 0
93010, 2656, 1, 0, 0
94000, 2665, 1, 0, 0
95002, 2680, 1, 0, 0
96002, 2684, 1, 0, 0
97000, 2667, 1, 0, 0
98000, 2633, 1, 0, 0
99008, 2630, 1, 0, 0
100000, 2625, 1, 0, 0
101000, 2628, 1, 0, 0
102006, 2672, 1, 0, 0
103000, 2695, 1, 0, 0
104010, 2661, 1, 0, 0
105000, 2648, 1, 0, 0
106000, 2631, 1, 0, 0
107002, 2648, 1, 0, 0
108003, 2634, 1, 0, 0
109000, 2656, 1, 0, 0
110008, 2663, 1, 0, 0
111011, 2641, 1, 0, 0
112002, 2630, 1, 0, 0
113000, 2646, 1, 0, 0
114007, 2623, 1, 0, 0
115000, 2631, 1, 0, 0
116000, 2619, 1, 0, 0
117004, 2684, 1, 0, 0
118010, 2656, 1, 0, 0
119006, 2668, 1, 0, 0
120000, 2660, 1, 0, 0
121000, 2614, 1, 0, 0
122000, 2618, 1, 0, 0
123000, 2617, 1, 0, 0
124003, 2616, 1, 0, 0
125000, 2627, 1, 0, 0
126011, 2648, 1, 0, 0
127006, 2681, 1, 0, 0
128000, 2680, 1, 0, 0
129010, 2648, 1, 0, 0
130008, 2659, 1, 0, 0
131011, 2623, 1, 0, 0
132006, 2625, 1, 0, 0
133000, 2651, 1, 0, 0
134011, 2661, 1, 0, 0
135004, 2652, 1, 0, 0
136010, 2646, 1, 0, 0
137000, 2661, 1, 0, 0
138000, 2653, 1, 0, 0
139000, 2642, 1, 0, 0
140006, 2645, 1, 0, 0
141008, 2646, 1, 0, 0
142000, 2615, 1, 0, 0
143000, 2634, 1, 0, 0
144000, 2628, 1, 0, 0
145009, 2652, 1, 0, 0
146000, 2634, 1, 0, 0
147008, 2622, 1, 0, 0
148007, 2629, 1, 0, 0
149009, 2617, 1, 0, 0
150001, 2643, 1, 0, 0
151000, 2641, 1, 0, 0
152004, 2636, 1, 0, 0
153004, 2678, 1, 0, 0
154002, 2686, 1, 0, 0
155008, 2653, 1, 0, 0
156000, 2649, 1, 0, 0
157000, 2634, 1, 0, 0
158000, 2637, 1, 0, 0
159000, 2641, 1, 0, 0
160000, 2648, 1, 0, 0
161000, 2661, 1, 0, 0
162000, 2701, 1, 0, 0
163000, 2672, 1, 0, 0
164002, 2639, 1, 0, 0
165000, 2629, 1, 0, 0
166002, 2624, 1, 0, 0
167000, 2611, 1, 0, 0
168000, 2611, 1, 0, 0
169008, 2601, 1, 0, 0
170000, 2602, 1, 0, 0
171004, 2600, 1, 0, 0
172005, 2613, 1, 0, 0
173000, 2627, 1, 0, 0
174000, 2622, 1, 0, 0
175005, 2623, 1, 0, 0
176000, 2624, 1, 0, 0
177000, 2634, 1, 0, 0
178000, 2645, 1, 0, 0
179000, 2658, 1, 0, 0
180006, 2619, 1, 0, 0
181005, 2627, 1, 0, 0
182000, 2648, 1, 0, 0
183010, 2627, 1, 0, 0
184004, 2634, 1, 0, 0
185000, 2620, 1, 0, 0
186000, 2644, 1, 0, 0
187008, 2633, 1, 0, 0
188000, 2638, 1, 0, 0
189009, 2655, 1, 0, 0
190000, 2643, 1, 0, 0
191000, 2625, 1, 0, 0
192010, 2624, 1, 0, 0
193000, 2621, 1, 0, 0
194006, 2631, 1, 0, 0
195000, 2649, 1, 0, 0
196005, 2630, 1, 0, 0
197000, 2648, 1, 0, 0
198000, 2642, 1, 0, 0
199000, 2651, 1, 0, 0
200003, 2630, 1, 0, 0
201001, 2629, 1, 0, 0
202004, 2629, 1, 0, 0
203001, 2636, 1, 0, 0
204000, 2611, 1, 0, 0
205000, 2727, 1, 0, 0
206000, 2954, 1, 0, 0
207000, 2959, 1, 0, 0
208000, 2940, 1, 0, 0
209000, 2937, 1, 0, 0
210000, 2941, 1, 0, 0
211000, 2952, 1, 0, 0
212000, 2954, 1, 0, 0
213000, 3722, 1, 0, 0
214000, 3035, 1, 0, 0
215000, 2971, 1, 0, 0
216000, 2983, 1, 0, 0
217000, 2972, 1, 0, 0
218000, 2963, 1, 0, 0
219000, 2955, 1, 0, 0
220000, 2938, 1, 0, 0
221000, 2950, 1, 0, 0
222000, 3592, 1, 0, 0
223000, 3549, 1, 0, 0
224000, 2932, 1, 0, 0
225000, 2921, 1, 0, 0
226000, 2921, 1, 0, 0
227000, 2927, 1, 0, 0
228000, 2942, 1, 0, 0
229005, 2921, 1, 0, 0
230000, 4782, 1, 0, 0
231000, 2942, 1, 0, 0
232000, 2939, 1, 0, 0
233000, 4360, 1, 0, 0
234011, 3265, 1, 0, 0
235000, 4320, 1, 0, 0
236000, 2922, 1, 0, 0
237000, 2904, 1, 0, 0
238000, 2906, 1, 0, 0
239000, 3455, 1, 0, 0
240000, 2943, 1, 0, 0
241000, 2935, 1, 0, 0
242000, 2942, 1, 0, 0
243000, 3477, 1, 0, 0
244000, 4474, 1, 0, 0
245000, 2977, 1, 0, 0
246000, 2969, 1, 0, 0
247000, 2969, 1, 0, 0
248000, 2974, 1, 0, 0
249000, 3550, 1, 0, 0
250000, 2992, 1, 0, 0
251000, 2975, 1, 0, 0
252000, 4073, 1, 0, 0
253007, 6438, 1, 0, 0
254002, 3769, 1, 0, 0
255000, 2630, 1, 0, 0
256002, 2638, 1, 0, 0
257000, 2623, 1, 0, 0
258004, 2621, 1, 0, 0
259000, 2632, 1, 0, 0
260005, 2643, 1, 0, 0
261010, 2639, 1, 0, 0
262009, 2647, 1, 0, 0
263001, 2631, 1, 0, 0
264011, 2642, 1, 0, 0
265003, 2640, 1, 0, 0
266007, 2662, 1, 0, 0
267010, 2669, 1, 0, 0
268003, 2675, 1, 0, 0
269010, 2670, 1, 0, 0
270007, 2658, 1, 0, 0
271000, 2631, 1, 0, 0
272010, 2631, 1, 0, 0
273000, 2632, 1, 0, 0
274000, 2638, 1, 0, 0
275000, 2633, 1, 0, 0
276000, 2632, 1, 0, 0
277007, 2654, 1, 0, 0
278002, 2639, 1, 0, 0
279000, 2638, 1, 0, 0
280000, 2626, 1, 0, 0
281006, 2648, 1, 0, 0
282003, 2640, 1, 0, 0
283003, 2643, 1, 0, 0
284000, 2641, 1, 0, 0
285000, 2629, 1, 0, 0
286008, 2627, 1, 0, 0
287008, 2610, 1, 0, 0
288006, 2649, 1, 0, 0
289000, 2679, 1, 0, 0
290000, 2648, 1, 0, 0
291001, 2650, 1, 0, 0
292000, 2644, 1, 0, 0
293000, 2637, 1, 0, 0
294006, 2639, 1, 0, 0
295001, 2656, 1, 0, 0
296006, 2643, 1, 0, 0
297005, 2637, 1, 0, 0
298007, 2638, 1, 0, 0
299003, 2634, 1, 0, 0
300003, 2684, 1, 0, 0
301007, 2672, 1, 0, 0
302000, 2625, 1, 0, 0
303000, 2629, 1, 0, 0
304001, 2645, 1, 0, 0
305000, 2682, 1, 0, 0
306000, 2650, 1, 0, 0
307002, 2643, 1, 0, 0
308000, 2640, 1, 0, 0
309002, 2636, 1, 0, 0
310000, 2640, 1, 0, 0
311000, 2646, 1, 0, 0
312000, 2627, 1, 0, 0
313009, 2654, 1, 0, 0
314000, 2615, 1, 0, 0
315000, 2630, 1, 0, 0
316000, 2625, 1, 0, 0
317006, 2620, 1, 0, 0
318000, 2645, 1, 0, 0
319007, 2649, 1, 0, 0
320009, 2626, 1, 0, 0
321000, 2625, 1, 0, 0
322000, 2631, 1, 0, 0
323001, 2671, 1, 0, 0
324000, 2686, 1, 0, 0
325005, 2646, 1, 0, 0
326000, 2646, 1, 0, 0
327008, 2628, 1, 0, 0
328000, 2630, 1, 0, 0
329001, 2625, 1, 0, 0
330000, 2636, 1, 0, 0
331000, 2655, 1, 0, 0
332000, 3103, 1, 0, 0
333000, 2933, 1, 0, 0
334000, 2914, 1, 0, 0
335000, 2926, 1, 0, 0
336000, 2930, 1, 0, 0
337000, 2904, 1, 0, 0
338000, 2911, 1, 0, 0
339000, 2908, 1, 0, 0
340007, 3854, 1, 0, 0
341000, 2908, 1, 0, 0
342000, 2707, 1, 0, 0
343021, 2644, 1, 0, 0
344006, 2639, 1, 0, 0
345001, 2623, 1, 0, 0
346000, 2625, 1, 0, 0
347000, 2664, 1, 0, 0
348000, 2685, 1, 0, 0
349012, 2658, 1, 0, 0
350009, 2665, 1, 0, 0
351000, 2649, 1, 0, 0
352003, 2698, 1, 0, 0
353004, 2670, 1, 0, 0
354000, 2652, 1, 0, 0
355005, 2646, 1, 0, 0
356001, 2630, 1, 0, 0
357004, 2629, 1, 0, 0
358000, 2624, 1, 0, 0
359002, 2636, 1, 0, 0
360010, 2633, 1, 0, 0
