1000, 1596910, 1, 0, 0
2000, 639822, 1, 0, 0
3000, 471648, 1, 0, 0
4000, 470618, 1, 0, 0
5000, 687493, 1, 0, 0
6001, 1076965, 1, 0, 0
7007, 997194, 1, 0, 0
8005, 937664, 1, 0, 0
9000, 954016, 1, 0, 0
10002, 954702, 1, 0, 0
11006, 1095093, 1, 0, 0
12006, 1240851, 1, 0, 0
13000, 1212785, 1, 0, 0
14000, 1163567, 1, 0, 0
15000, 1182123, 1, 0, 0
16000, 1029657, 1, 0, 0
17000, 997392, 1, 0, 0
18000, 1185024, 1, 0, 0
19002, 1099157, 1, 0, 0
20000, 1091653, 1, 0, 0
21003, 1082275, 1, 0, 0
22000, 1309681, 1, 0, 0
23000, 1329640, 1, 0, 0
24004, 1300487, 1, 0, 0
25000, 1366947, 1, 0, 0
26015, 1361890, 1, 0, 0
27003, 947238, 1, 0, 0
28000, 884824, 1, 0, 0
29000, 849318, 1, 0, 0
30000, 830437, 1, 0, 0
31003, 958261, 1, 0, 0
32013, 1500741, 1, 0, 0
33011, 1541145, 1, 0, 0
34000, 1581996, 1, 0, 0
35000, 1076492, 1, 0, 0
36000, 1046139, 1, 0, 0
37000, 1078317, 1, 0, 0
38000, 971148, 1, 0, 0
39000, 974519, 1, 0, 0
40000, 934545, 1, 0, 0
41008, 932791, 1, 0, 0
42000, 939831, 1, 0, 0
43000, 1038476, 1, 0, 0
44000, 978544, 1, 0, 0
45000, 912410, 1, 0, 0
46000, 734916, 1, 0, 0
47000, 768840, 1, 0, 0
48000, 762091, 1, 0, 0
49000, 763128, 1, 0, 0
50003, 1114651, 1, 0, 0
51000, 1078784, 1, 0, 0
52000, 965054, 1, 0, 0
53000, 857788, 1, 0, 0
54000, 888291, 1, 0, 0
55000, 989121, 1, 0, 0
56000, 1213837, 1, 0, 0
57000, 1237979, 1, 0, 0
58000, 1295301, 1, 0, 0
59000, 1269241, 1, 0, 0
60000, 1324484, 1, 0, 0
61009, 1302182, 1, 0, 0
62000, 1504671, 1, 0, 0
63008, 1552563, 1, 0, 0
64000, 1536303, 1, 0, 0
65000, 1023908, 1, 0, 0
66002, 1014563, 1, 0, 0
67005, 1075057, 1, 0, 0
68000, 1039684, 1, 0, 0
69002, 1003891, 1, 0, 0
70002, 1046541, 1, 0, 0
71006, 1495277, 1, 0, 0
72010, 1562013, 1, 0, 0
73000, 1256066, 1, 0, 0
74001, 895142, 1, 0, 0
75000, 648926, 1, 0, 0
76000, 484171, 1, 0, 0
77000, 471921, 1, 0, 0
78000, 469530, 1, 0, 0
79002, 528399, 1, 0, 0
80002, 675567, 1, 0, 0
81000, 700345, 1, 0, 0
82000, 687448, 1, 0, 0
83000, 688683, 1, 0, 0
84000, 963126, 1, 0, 0
85005, 919029, 1, 0, 0
86000, 765086, 1, 0, 0
87000, 857719, 1, 0, 0
88000, 907539, 1, 0, 0
89005, 944930, 1, 0, 0
90006, 848697, 1, 0, 0
91000, 1114758, 1, 0, 0
92006, 1426232, 1, 0, 0
93000, 1320860, 1, 0, 0
94010, 1296394, 1, 0, 0
95001, 1310375, 1, 0, 0
96003, 1433422, 1, 0, 0
97000, 1035771, 1, 0, 0
98001, 922661, 1, 0, 0
99000, 831519, 1, 0, 0
100002, 849248, 1, 0, 0
101000, 855742, 1, 0, 0
102007, 932177, 1, 0, 0
103001, 891259, 1, 0, 0
104000, 1042048, 1, 0, 0
105000, 1089483, 1, 0, 0
106004, 1017852, 1, 0, 0
107000, 943490, 1, 0, 0
108000, 967819, 1, 0, 0
109005, 876470, 1, 0, 0
110000, 945198, 1, 0, 0
111008, 939705, 1, 0, 0
112000, 932371, 1, 0, 0
113008, 990421, 1, 0, 0
114006, 1220929, 1, 0, 0
115000, 1018077, 1, 0, 0
116000, 989302, 1, 0, 0
117000, 1184612, 1, 0, 0
118000, 1154480, 1, 0, 0
119000, 1295535, 1, 0, 0
120001, 1503920, 1, 0, 0
121005, 1268730, 1, 0, 0
122000, 1004163, 1, 0, 0
123000, 1007485, 1, 0, 0
124000, 987895, 1, 0, 0
125000, 1294142, 1, 0, 0
126001, 1515708, 1, 0, 0
127007, 1519151, 1, 0, 0
128005, 1545116, 1, 0, 0
129001, 1742628, 1, 0, 0
130006, 1505858, 1, 0, 0
131005, 1473949, 1, 0, 0
132010, 1303343, 1, 0, 0
133002, 1291966, 1, 0, 0
134000, 1329769, 1, 0, 0
135000, 1390493, 1, 0, 0
136000, 1473847, 1, 0, 0
137000, 1602971, 1, 0, 0
138000, 1337376, 1, 0, 0
139000, 791531, 1, 0, 0
140000, 782060, 1, 0, 0
141000, 723278, 1, 0, 0
142008, 777202, 1, 0, 0
143000, 1223896, 1, 0, 0
144000, 1319629, 1, 0, 0
145000, 1151269, 1, 0, 0
146000, 1135881, 1, 0, 0
147004, 1104381, 1, 0, 0
148007, 1148413, 1, 0, 0
149005, 1386381, 1, 0, 0
150000, 1581463, 1, 0, 0
151005, 1836662, 1, 0, 0
152008, 1664198, 1, 0, 0
153000, 1559625, 1, 0, 0
154007, 949477, 1, 0, 0
155000, 944136, 1, 0, 0
156000, 913758, 1, 0, 0
157000, 561542, 1, 0, 0
158000, 473006, 1, 0, 0
159000, 472931, 1, 0, 0
160002, 514941, 1, 0, 0
161000, 628521, 1, 0, 0
162000, 538858, 1, 0, 0
163000, 521371, 1, 0, 0
164000, 671540, 1, 0, 0
165000, 735784, 1, 0, 0
166000, 714820, 1, 0, 0
167007, 785865, 1, 0, 0
168026, 863747, 1, 0, 0
169000, 954048, 1, 0, 0
170000, 704656, 1, 0, 0
171000, 757122, 1, 0, 0
172000, 976409, 1, 0, 0
173007, 899970, 1, 0, 0
174000, 864685, 1, 0, 0
175000, 820579, 1, 0, 0
176000, 796830, 1, 0, 0
177000, 600441, 1, 0, 0
178000, 637617, 1, 0, 0
179000, 606676, 1, 0, 0
180000, 726101, 1, 0, 0
181005, 772382, 1, 0, 0
182003, 788118, 1, 0, 0
183000, 905758, 1, 0, 0
184000, 897181, 1, 0, 0
185004, 883369, 1, 0, 0
186010, 1391246, 1, 0, 0
187004, 1373701, 1, 0, 0
188002, 1378754, 1, 0, 0
189005, 1414245, 1, 0, 0
190006, 1726484, 1, 0, 0
191000, 1562514, 1, 0, 0
192004, 1478832, 1, 0, 0
193008, 1410712, 1, 0, 0
194000, 1390449, 1, 0, 0
195008, 1428721, 1, 0, 0
196000, 1446161, 1, 0, 0
197008, 1600722, 1, 0, 0
198000, 1479911, 1, 0, 0
199000, 1098306, 1, 0, 0
200000, 961335, 1, 0, 0
201002, 994282, 1, 0, 0
202000, 855883, 1, 0, 0
203000, 815821, 1, 0, 0
204000, 545720, 1, 0, 0
205000, 473204, 1, 0, 0
206000, 472928, 1, 0, 0
207000, 550935, 1, 0, 0
208002, 730107, 1, 0, 0
209000, 742160, 1, 0, 0
210003, 787587, 1, 0, 0
211000, 874260, 1, 0, 0
212000, 1255611, 1, 0, 0
213005, 1377433, 1, 0, 0
214006, 1336983, 1, 0, 0
215006, 1376890, 1, 0, 0
216000, 1262403, 1, 0, 0
217000, 1048236, 1, 0, 0
218005, 1001188, 1, 0, 0
219002, 931539, 1, 0, 0
220000, 1077750, 1, 0, 0
221000, 1210338, 1, 0, 0
222010, 1340237, 1, 0, 0
223002, 1354895, 1, 0, 0
224010, 1531791, 1, 0, 0
225000, 1291660, 1, 0, 0
226000, 1078750, 1, 0, 0
227000, 664926, 1, 0, 0
228000, 471822, 1, 0, 0
229000, 471876, 1, 0, 0
230000, 660262, 1, 0, 0
231000, 1098878, 1, 0, 0
232001, 1067022, 1, 0, 0
233000, 826009, 1, 0, 0
234000, 817341, 1, 0, 0
235000, 806849, 1, 0, 0
236000, 1163636, 1, 0, 0
237003, 1266821, 1, 0, 0
238002, 1374542, 1, 0, 0
239000, 1404672, 1, 0, 0
240005, 1393432, 1, 0, 0
241000, 1402441, 1, 0, 0
242010, 1305349, 1, 0, 0
243000, 1291952, 1, 0, 0
244000, 1251374, 1, 0, 0
245000, 950175, 1, 0, 0
246000, 962098, 1, 0, 0
247000, 1002505, 1, 0, 0
248000, 994610, 1, 0, 0
249000, 1108610, 1, 0, 0
250001, 1531698, 1, 0, 0
251000, 1770335, 1, 0, 0
252000, 1572089, 1, 0, 0
253000, 1604451, 1, 0, 0
254001, 1021503, 1, 0, 0
255000, 987351, 1, 0, 0
256006, 1022605, 1, 0, 0
257007, 971984, 1, 0, 0
258005, 1250154, 1, 0, 0
259010, 1515043, 1, 0, 0
260000, 1084795, 1, 0, 0
261005, 976383, 1, 0, 0
262000, 1036721, 1, 0, 0
263000, 1031442, 1, 0, 0
264000, 739234, 1, 0, 0
265001, 961923, 1, 0, 0
266004, 820740, 1, 0, 0
267000, 796851, 1, 0, 0
268007, 845376, 1, 0, 0
269000, 524548, 1, 0, 0
270000, 471978, 1, 0, 0
271000, 472556, 1, 0, 0
272002, 539445, 1, 0, 0
273000, 864491, 1, 0, 0
274000, 843086, 1, 0, 0
275000, 736504, 1, 0, 0
276000, 711781, 1, 0, 0
277000, 726525, 1, 0, 0
278000, 670052, 1, 0, 0
279000, 678416, 1, 0, 0
280004, 776344, 1, 0, 0
281000, 937053, 1, 0, 0
282000, 996631, 1, 0, 0
283001, 887947, 1, 0, 0
284000, 863356, 1, 0, 0
285000, 838435, 1, 0, 0
286002, 868555, 1, 0, 0
287001, 1004039, 1, 0, 0
288007, 964405, 1, 0, 0
289007, 1523009, 1, 0, 0
290000, 1604970, 1, 0, 0
291005, 1095555, 1, 0, 0
292000, 964335, 1, 0, 0
293000, 1009983, 1, 0, 0
294000, 1087206, 1, 0, 0
295006, 873611, 1, 0, 0
296000, 910504, 1, 0, 0
297000, 1122475, 1, 0, 0
298002, 1113833, 1, 0, 0
299000, 1155226, 1, 0, 0
300011, 1156517, 1, 0, 0
301004, 1249109, 1, 0, 0
302024, 1096094, 1, 0, 0
303000, 1253592, 1, 0, 0
304000, 1287981, 1, 0, 0
305010, 1212370, 1, 0, 0
306002, 1227197, 1, 0, 0
307000, 1209039, 1, 0, 0
308006, 1375549, 1, 0, 0
309000, 1645917, 1, 0, 0
310000, 1491824, 1, 0, 0
311011, 1500715, 1, 0, 0
312000, 1467286, 1, 0, 0
313000, 1258497, 1, 0, 0
314000, 1218092, 1, 0, 0
315010, 1314936, 1, 0, 0
316000, 1264652, 1, 0, 0
317000, 1449378, 1, 0, 0
318004, 1573984, 1, 0, 0
319003, 1534328, 1, 0, 0
320002, 1522054, 1, 0, 0
321000, 1600241, 1, 0, 0
322003, 1549741, 1, 0, 0
323012, 1509785, 1, 0, 0
324003, 1648365, 1, 0, 0
325005, 1584913, 1, 0, 0
326007, 1609221, 1, 0, 0
327000, 1916203, 1, 0, 0
328002, 1664810, 1, 0, 0
329000, 1654544, 1, 0, 0
330003, 1430927, 1, 0, 0
331000, 1085660, 1, 0, 0
332009, 1034580, 1, 0, 0
333000, 1107685, 1, 0, 0
334000, 1068678, 1, 0, 0
335000, 1077317, 1, 0, 0
336000, 1011716, 1, 0, 0
337000, 735840, 1, 0, 0
338000, 603468, 1, 0, 0
339000, 610043, 1, 0, 0
340002, 625847, 1, 0, 0
341000, 717788, 1, 0, 0
342000, 751706, 1, 0, 0
343008, 991190, 1, 0, 0
344000, 1169793, 1, 0, 0
345006, 1016022, 1, 0, 0
346000, 1063859, 1, 0, 0
347008, 1123350, 1, 0, 0
348005, 1091191, 1, 0, 0
349001, 1623455, 1, 0, 0
350006, 1734653, 1, 0, 0
351000, 1133332, 1, 0, 0
352004, 1151382, 1, 0, 0
353005, 1104013, 1, 0, 0
354005, 1103747, 1, 0, 0
355006, 1031162, 1, 0, 0
356000, 1045804, 1, 0, 0
357005, 1049281, 1, 0, 0
358021, 1055464, 1, 0, 0
359009, 1315591, 1, 0, 0
360008, 1375687, 1, 0, 0
360008, 11747936, 1, 0, 0
