1000, 532830, 1, 0, 0
2000, 1535154, 1, 0, 0
3007, 1535638, 1, 0, 0
4007, 1492626, 1, 0, 0
5008, 1545690, 1, 0, 0
6000, 1513140, 1, 0, 0
7002, 1506069, 1, 0, 0
8000, 886181, 1, 0, 0
9000, 477261, 1, 0, 0
10000, 466175, 1, 0, 0
11000, 458552, 1, 0, 0
12001, 730851, 1, 0, 0
13000, 1118641, 1, 0, 0
14000, 1076050, 1, 0, 0
15000, 1154302, 1, 0, 0
16000, 1064838, 1, 0, 0
17000, 888922, 1, 0, 0
18000, 557198, 1, 0, 0
19000, 459427, 1, 0, 0
20000, 458144, 1, 0, 0
21003, 653809, 1, 0, 0
22005, 1037742, 1, 0, 0
23000, 1015468, 1, 0, 0
24000, 726433, 1, 0, 0
25005, 773107, 1, 0, 0
26008, 880550, 1, 0, 0
27000, 730145, 1, 0, 0
28001, 701443, 1, 0, 0
29001, 1092572, 1, 0, 0
30000, 1059342, 1, 0, 0
31003, 1039034, 1, 0, 0
32000, 1632158, 1, 0, 0
33000, 1302966, 1, 0, 0
34004, 991495, 1, 0, 0
35000, 1038376, 1, 0, 0
36000, 1017263, 1, 0, 0
37000, 970830, 1, 0, 0
38005, 1192410, 1, 0, 0
39005, 1625958, 1, 0, 0
40010, 1586875, 1, 0, 0
41000, 1582503, 1, 0, 0
42007, 1562594, 1, 0, 0
43008, 1529638, 1, 0, 0
44000, 1173616, 1, 0, 0
45000, 863282, 1, 0, 0
46000, 767597, 1, 0, 0
47000, 476998, 1, 0, 0
48000, 461285, 1, 0, 0
49000, 461457, 1, 0, 0
50000, 481820, 1, 0, 0
51000, 463888, 1, 0, 0
52027, 465767, 1, 0, 0
53000, 480603, 1, 0, 0
54000, 464863, 1, 0, 0
55000, 545803, 1, 0, 0
56000, 605795, 1, 0, 0
57000, 682693, 1, 0, 0
58002, 848827, 1, 0, 0
59003, 1453810, 1, 0, 0
60004, 1531411, 1, 0, 0
61000, 1523890, 1, 0, 0
62000, 1028077, 1, 0, 0
63000, 865182, 1, 0, 0
64000, 857700, 1, 0, 0
65008, 859626, 1, 0, 0
66000, 851475, 1, 0, 0
67000, 944430, 1, 0, 0
68000, 1016890, 1, 0, 0
69009, 998204, 1, 0, 0
70000, 1266848, 1, 0, 0
71000, 1449366, 1, 0, 0
72007, 1462238, 1, 0, 0
73000, 1549365, 1, 0, 0
74005, 1543014, 1, 0, 0
75000, 1595240, 1, 0, 0
76000, 1149837, 1, 0, 0
77000, 1146466, 1, 0, 0
78000, 1186169, 1, 0, 0
79000, 961836, 1, 0, 0
80000, 573039, 1, 0, 0
81000, 472979, 1, 0, 0
82000, 457327, 1, 0, 0
83000, 460462, 1, 0, 0
84000, 491464, 1, 0, 0
85000, 480368, 1, 0, 0
86000, 460419, 1, 0, 0
87000, 487697, 1, 0, 0
88000, 472752, 1, 0, 0
89000, 458491, 1, 0, 0
90000, 708718, 1, 0, 0
91000, 811662, 1, 0, 0
92000, 764422, 1, 0, 0
93000, 775076, 1, 0, 0
94000, 780593, 1, 0, 0
95000, 719547, 1, 0, 0
96000, 717631, 1, 0, 0
97000, 723614, 1, 0, 0
98000, 930180, 1, 0, 0
99000, 1003737, 1, 0, 0
100009, 1027973, 1, 0, 0
101000, 1072931, 1, 0, 0
102005, 1105439, 1, 0, 0
103007, 1154844, 1, 0, 0
104000, 1179363, 1, 0, 0
105000, 1232756, 1, 0, 0
106019, 1301969, 1, 0, 0
107000, 1015545, 1, 0, 0
108000, 895483, 1, 0, 0
109006, 874818, 1, 0, 0
110009, 1105614, 1, 0, 0
111000, 1552995, 1, 0, 0
112008, 1462906, 1, 0, 0
113000, 1575692, 1, 0, 0
114000, 1733581, 1, 0, 0
115000, 1507978, 1, 0, 0
116004, 1585838, 1, 0, 0
117004, 1580899, 1, 0, 0
118006, 1532139, 1, 0, 0
119000, 630878, 1, 0, 0
120000, 478577, 1, 0, 0
121000, 461992, 1, 0, 0
122000, 463884, 1, 0, 0
123000, 480068, 1, 0, 0
124000, 462136, 1, 0, 0
125000, 460161, 1, 0, 0
126000, 662818, 1, 0, 0
127009, 1289972, 1, 0, 0
128005, 1137620, 1, 0, 0
129000, 898423, 1, 0, 0
130005, 868422, 1, 0, 0
131000, 863460, 1, 0, 0
132000, 888725, 1, 0, 0
133000, 904043, 1, 0, 0
134000, 912522, 1, 0, 0
135009, 1253737, 1, 0, 0
136009, 1246052, 1, 0, 0
137000, 1286926, 1, 0, 0
138000, 1258297, 1, 0, 0
139000, 1540631, 1, 0, 0
140006, 1434402, 1, 0, 0
141002, 1492281, 1, 0, 0
142000, 1550927, 1, 0, 0
143001, 1532616, 1, 0, 0
144000, 1495784, 1, 0, 0
145000, 1174168, 1, 0, 0
146001, 939063, 1, 0, 0
147006, 1012466, 1, 0, 0
148000, 889070, 1, 0, 0
149002, 1124286, 1, 0, 0
150010, 1262203, 1, 0, 0
151000, 1052153, 1, 0, 0
152000, 856774, 1, 0, 0
153004, 935454, 1, 0, 0
154000, 977400, 1, 0, 0
155009, 1419256, 1, 0, 0
156000, 1584225, 1, 0, 0
157002, 1408074, 1, 0, 0
158000, 1434817, 1, 0, 0
159010, 1393026, 1, 0, 0
160009, 1384544, 1, 0, 0
161010, 1485241, 1, 0, 0
162004, 1653998, 1, 0, 0
163005, 1242103, 1, 0, 0
164000, 1110351, 1, 0, 0
165006, 1077137, 1, 0, 0
166000, 1090080, 1, 0, 0
167000, 1133356, 1, 0, 0
168001, 1567116, 1, 0, 0
169002, 1564987, 1, 0, 0
170000, 627612, 1, 0, 0
171000, 465013, 1, 0, 0
172000, 465527, 1, 0, 0
173003, 850137, 1, 0, 0
174000, 1237670, 1, 0, 0
175000, 1216695, 1, 0, 0
176007, 1266140, 1, 0, 0
177000, 1259080, 1, 0, 0
178000, 1338545, 1, 0, 0
179000, 949305, 1, 0, 0
180000, 479818, 1, 0, 0
181000, 461490, 1, 0, 0
182000, 460886, 1, 0, 0
183010, 1056929, 1, 0, 0
184000, 1603240, 1, 0, 0
185004, 1175928, 1, 0, 0
186000, 910348, 1, 0, 0
187000, 886897, 1, 0, 0
188000, 841067, 1, 0, 0
189000, 1018393, 1, 0, 0
190000, 1517190, 1, 0, 0
191000, 1545913, 1, 0, 0
192009, 1567797, 1, 0, 0
193002, 1552882, 1, 0, 0
194000, 1535375, 1, 0, 0
195000, 1179478, 1, 0, 0
196006, 1002556, 1, 0, 0
197000, 1011233, 1, 0, 0
198000, 925357, 1, 0, 0
199000, 1000018, 1, 0, 0
200005, 1058999, 1, 0, 0
201004, 1019965, 1, 0, 0
202000, 1068286, 1, 0, 0
203000, 995510, 1, 0, 0
204002, 1084462, 1, 0, 0
205001, 1039128, 1, 0, 0
206002, 1071052, 1, 0, 0
207006, 1164472, 1, 0, 0
208009, 1568989, 1, 0, 0
209000, 1555570, 1, 0, 0
210000, 1574201, 1, 0, 0
211010, 1512382, 1, 0, 0
212001, 1394758, 1, 0, 0
213000, 1236061, 1, 0, 0
214009, 1334593, 1, 0, 0
215000, 1432842, 1, 0, 0
216000, 1410162, 1, 0, 0
217000, 1551755, 1, 0, 0
218000, 1543744, 1, 0, 0
219010, 1482097, 1, 0, 0
220003, 1541212, 1, 0, 0
221006, 1788900, 1, 0, 0
222004, 1587602, 1, 0, 0
223000, 1497001, 1, 0, 0
224000, 1410127, 1, 0, 0
225000, 1338260, 1, 0, 0
226008, 1313582, 1, 0, 0
227000, 1373251, 1, 0, 0
228006, 1488405, 1, 0, 0
229005, 1513577, 1, 0, 0
230005, 1808450, 1, 0, 0
231001, 1606807, 1, 0, 0
232001, 1306302, 1, 0, 0
233000, 1103494, 1, 0, 0
234000, 1060308, 1, 0, 0
235000, 1097793, 1, 0, 0
236000, 1095134, 1, 0, 0
237000, 1151209, 1, 0, 0
238002, 1142397, 1, 0, 0
239006, 1612116, 1, 0, 0
240000, 1590124, 1, 0, 0
241000, 742389, 1, 0, 0
242000, 460670, 1, 0, 0
243000, 477505, 1, 0, 0
244000, 463508, 1, 0, 0
245000, 461156, 1, 0, 0
246000, 614973, 1, 0, 0
247000, 620192, 1, 0, 0
248000, 607218, 1, 0, 0
249000, 604973, 1, 0, 0
250000, 528553, 1, 0, 0
251000, 471175, 1, 0, 0
252000, 472053, 1, 0, 0
253000, 567984, 1, 0, 0
254000, 570292, 1, 0, 0
255000, 535536, 1, 0, 0
256000, 566034, 1, 0, 0
257000, 534246, 1, 0, 0
258003, 536135, 1, 0, 0
259001, 652550, 1, 0, 0
260007, 798650, 1, 0, 0
261000, 729665, 1, 0, 0
262000, 674292, 1, 0, 0
263000, 680377, 1, 0, 0
264000, 732478, 1, 0, 0
265004, 677319, 1, 0, 0
266000, 736068, 1, 0, 0
267000, 674230, 1, 0, 0
268000, 658243, 1, 0, 0
269003, 642737, 1, 0, 0
270000, 686072, 1, 0, 0
271000, 652560, 1, 0, 0
272017, 645403, 1, 0, 0
273000, 684481, 1, 0, 0
274000, 659900, 1, 0, 0
275000, 667867, 1, 0, 0
276000, 705395, 1, 0, 0
277007, 840602, 1, 0, 0
278002, 969342, 1, 0, 0
279007, 1019749, 1, 0, 0
280000, 1039964, 1, 0, 0
281010, 1034726, 1, 0, 0
282002, 1081625, 1, 0, 0
283000, 1359148, 1, 0, 0
284000, 1287399, 1, 0, 0
285000, 1527711, 1, 0, 0
286023, 1546593, 1, 0, 0
287000, 1613400, 1, 0, 0
288002, 1553773, 1, 0, 0
289002, 1522014, 1, 0, 0
290007, 1583168, 1, 0, 0
291010, 1481995, 1, 0, 0
292000, 1341257, 1, 0, 0
293003, 1214769, 1, 0, 0
294000, 1228899, 1, 0, 0
295000, 1219527, 1, 0, 0
296000, 1126621, 1, 0, 0
297000, 1068271, 1, 0, 0
298010, 1283410, 1, 0, 0
299000, 1357191, 1, 0, 0
300000, 1536678, 1, 0, 0
301010, 1308262, 1, 0, 0
302000, 1349563, 1, 0, 0
303005, 951831, 1, 0, 0
304000, 907184, 1, 0, 0
305000, 962313, 1, 0, 0
306000, 936838, 1, 0, 0
307006, 1330292, 1, 0, 0
308000, 1285364, 1, 0, 0
309000, 1300514, 1, 0, 0
310000, 1294115, 1, 0, 0
311022, 874470, 1, 0, 0
312003, 1015414, 1, 0, 0
313000, 997153, 1, 0, 0
314006, 833366, 1, 0, 0
315006, 866944, 1, 0, 0
316000, 768079, 1, 0, 0
317000, 733360, 1, 0, 0
318001, 771697, 1, 0, 0
319005, 966102, 1, 0, 0
320000, 896332, 1, 0, 0
321007, 887832, 1, 0, 0
322003, 1250509, 1, 0, 0
323000, 1434673, 1, 0, 0
324003, 1396937, 1, 0, 0
325000, 999691, 1, 0, 0
326001, 687957, 1, 0, 0
327000, 679085, 1, 0, 0
328000, 492277, 1, 0, 0
329000, 479344, 1, 0, 0
330000, 466848, 1, 0, 0
331000, 462144, 1, 0, 0
332000, 475830, 1, 0, 0
333000, 464161, 1, 0, 0
334000, 464489, 1, 0, 0
335000, 543172, 1, 0, 0
336000, 567408, 1, 0, 0
337000, 617865, 1, 0, 0
338006, 605369, 1, 0, 0
339000, 632946, 1, 0, 0
340000, 626371, 1, 0, 0
341000, 667472, 1, 0, 0
342001, 731230, 1, 0, 0
343000, 1055146, 1, 0, 0
344000, 1042805, 1, 0, 0
345004, 1023109, 1, 0, 0
346000, 1190351, 1, 0, 0
347006, 1555559, 1, 0, 0
348000, 1411324, 1, 0, 0
349001, 718080, 1, 0, 0
350000, 478758, 1, 0, 0
351000, 462356, 1, 0, 0
352000, 476382, 1, 0, 0
353000, 464334, 1, 0, 0
354000, 461099, 1, 0, 0
355002, 527844, 1, 0, 0
356000, 938943, 1, 0, 0
357000, 929057, 1, 0, 0
358003, 870351, 1, 0, 0
359000, 1129943, 1, 0, 0
360000, 1334326, 1, 0, 0
360010, 10971470, 1, 0, 0
