1001, 885355, 0, 0, 0
2000, 522410, 0, 0, 0
3000, 506948, 0, 0, 0
4000, 519886, 0, 0, 0
5000, 529585, 0, 0, 0
6001, 474916, 0, 0, 0
7001, 495636, 0, 0, 0
8000, 491346, 0, 0, 0
9000, 465310, 0, 0, 0
10001, 527649, 0, 0, 0
11000, 484471, 0, 0, 0
12000, 489742, 0, 0, 0
13000, 532323, 0, 0, 0
14001, 495968, 0, 0, 0
15001, 479993, 0, 0, 0
16000, 499567, 0, 0, 0
17002, 484247, 0, 0, 0
18029, 562050, 0, 0, 0
19000, 514564, 0, 0, 0
20000, 536657, 0, 0, 0
21001, 527370, 0, 0, 0
22001, 500474, 0, 0, 0
23000, 485864, 0, 0, 0
24000, 467080, 0, 0, 0
25000, 565868, 0, 0, 0
26000, 491553, 0, 0, 0
27000, 531452, 0, 0, 0
28001, 521837, 0, 0, 0
29000, 462888, 0, 0, 0
30000, 967144, 0, 0, 0
31001, 1019912, 0, 0, 0
32000, 582012, 0, 0, 0
33001, 504714, 0, 0, 0
34001, 496287, 0, 0, 0
35000, 523782, 0, 0, 0
36000, 480664, 0, 0, 0
37000, 474156, 0, 0, 0
38000, 492502, 0, 0, 0
39000, 474771, 0, 0, 0
40000, 497368, 0, 0, 0
41000, 571007, 0, 0, 0
42001, 487993, 0, 0, 0
43000, 551761, 0, 0, 0
44000, 459836, 0, 0, 0
45023, 461552, 0, 0, 0
46000, 869768, 0, 0, 0
47000, 714926, 0, 0, 0
48000, 785235, 0, 0, 0
49001, 888259, 0, 0, 0
50000, 841741, 0, 0, 0
51000, 811103, 0, 0, 0
52000, 545476, 0, 0, 0
53000, 554557, 0, 0, 0
54000, 475900, 0, 0, 0
55000, 472070, 0, 0, 0
56000, 494993, 0, 0, 0
57000, 449923, 0, 0, 0
58001, 510659, 0, 0, 0
59000, 464994, 0, 0, 0
60000, 516210, 0, 0, 0
61000, 411003, 0, 0, 0
62000, 597827, 0, 0, 0
63000, 733601, 0, 0, 0
64000, 658071, 0, 0, 0
65000, 629290, 0, 0, 0
66000, 559584, 0, 0, 0
67000, 664501, 0, 0, 0
68000, 661585, 0, 0, 0
69000, 624334, 0, 0, 0
70000, 611097, 0, 0, 0
71000, 719586, 0, 0, 0
72001, 763853, 0, 0, 0
73000, 783923, 0, 0, 0
74002, 652765, 0, 0, 0
75000, 666411, 0, 0, 0
76000, 530495, 0, 0, 0
77000, 655053, 0, 0, 0
78000, 617673, 0, 0, 0
79000, 611955, 0, 0, 0
80000, 549033, 0, 0, 0
81001, 591999, 0, 0, 0
82000, 551010, 0, 0, 0
83000, 525582, 0, 0, 0
84000, 576737, 0, 0, 0
85000, 517321, 0, 0, 0
86012, 507869, 0, 0, 0
87001, 509415, 0, 0, 0
88000, 468350, 0, 0, 0
89000, 476686, 0, 0, 0
90000, 510066, 0, 0, 0
91001, 519934, 0, 0, 0
92000, 456771, 0, 0, 0
93000, 522110, 0, 0, 0
94000, 506473, 0, 0, 0
95000, 464534, 0, 0, 0
96000, 540385, 0, 0, 0
97000, 492824, 0, 0, 0
98000, 473056, 0, 0, 0
99002, 535138, 0, 0, 0
100002, 531041, 0, 0, 0
101000, 540889, 0, 0, 0
102000, 637471, 0, 0, 0
103000, 662452, 0, 0, 0
104000, 707081, 0, 0, 0
105000, 690211, 0, 0, 0
106002, 607471, 0, 0, 0
107000, 575430, 0, 0, 0
108000, 579315, 0, 0, 0
109000, 607543, 0, 0, 0
110000, 534175, 0, 0, 0
111000, 489353, 0, 0, 0
112000, 500599, 0, 0, 0
113000, 491335, 0, 0, 0
114000, 420116, 0, 0, 0
115001, 506592, 0, 0, 0
116001, 511095, 0, 0, 0
117001, 562366, 0, 0, 0
118000, 575352, 0, 0, 0
119001, 550018, 0, 0, 0
120000, 511695, 0, 0, 0
121001, 574273, 0, 0, 0
122001, 572044, 0, 0, 0
123000, 675936, 0, 0, 0
124000, 713918, 0, 0, 0
125001, 574829, 0, 0, 0
126001, 541222, 0, 0, 0
127000, 434185, 0, 0, 0
128000, 555258, 0, 0, 0
129000, 541031, 0, 0, 0
130000, 813829, 0, 0, 0
131008, 894660, 0, 0, 0
132000, 688807, 0, 0, 0
133000, 601744, 0, 0, 0
134000, 639700, 0, 0, 0
135000, 857013, 0, 0, 0
136002, 724293, 0, 0, 0
137000, 702363, 0, 0, 0
138000, 624174, 0, 0, 0
139000, 580006, 0, 0, 0
140000, 479255, 0, 0, 0
141001, 469601, 0, 0, 0
142000, 451385, 0, 0, 0
143000, 557814, 0, 0, 0
144000, 491239, 0, 0, 0
145001, 461111, 0, 0, 0
146001, 770748, 0, 0, 0
147000, 644940, 0, 0, 0
148001, 720341, 0, 0, 0
149001, 678952, 0, 0, 0
150000, 558792, 0, 0, 0
151001, 485898, 0, 0, 0
152000, 480768, 0, 0, 0
153000, 530383, 0, 0, 0
154000, 485537, 0, 0, 0
155000, 487927, 0, 0, 0
156000, 476255, 0, 0, 0
157000, 478666, 0, 0, 0
158001, 513619, 0, 0, 0
159000, 571251, 0, 0, 0
160000, 579778, 0, 0, 0
161000, 552902, 0, 0, 0
162000, 520057, 0, 0, 0
163000, 472210, 0, 0, 0
164000, 439819, 0, 0, 0
165000, 484058, 0, 0, 0
166001, 530459, 0, 0, 0
167000, 460215, 0, 0, 0
168001, 468064, 0, 0, 0
169000, 503952, 0, 0, 0
170000, 487940, 0, 0, 0
171000, 487255, 0, 0, 0
172000, 598332, 0, 0, 0
173000, 568564, 0, 0, 0
174000, 455382, 0, 0, 0
175000, 521836, 0, 0, 0
176000, 462658, 0, 0, 0
177000, 428698, 0, 0, 0
178000, 689828, 0, 0, 0
179001, 946284, 0, 0, 0
180000, 895777, 0, 0, 0
181000, 652469, 0, 0, 0
182000, 480331, 0, 0, 0
183000, 507866, 0, 0, 0
184000, 493753, 0, 0, 0
185001, 484763, 0, 0, 0
186000, 547019, 0, 0, 0
187000, 545970, 0, 0, 0
188000, 617219, 0, 0, 0
189000, 622160, 0, 0, 0
190000, 621242, 0, 0, 0
191000, 559769, 0, 0, 0
192000, 583966, 0, 0, 0
193000, 535933, 0, 0, 0
194000, 556806, 0, 0, 0
195000, 543925, 0, 0, 0
196000, 596860, 0, 0, 0
197000, 561793, 0, 0, 0
198000, 546208, 0, 0, 0
199000, 570544, 0, 0, 0
200000, 481857, 0, 0, 0
201000, 489858, 0, 0, 0
202001, 508747, 0, 0, 0
203001, 471036, 0, 0, 0
204000, 478445, 0, 0, 0
205001, 554500, 0, 0, 0
206000, 541642, 0, 0, 0
207001, 620370, 0, 0, 0
208000, 539918, 0, 0, 0
209000, 532318, 0, 0, 0
210000, 464011, 0, 0, 0
211002, 536116, 0, 0, 0
212000, 776837, 0, 0, 0
213000, 761683, 0, 0, 0
214000, 663178, 0, 0, 0
215002, 683985, 0, 0, 0
216000, 580920, 0, 0, 0
217000, 543746, 0, 0, 0
218000, 610138, 0, 0, 0
219001, 535723, 0, 0, 0
220000, 543324, 0, 0, 0
221004, 538747, 0, 0, 0
222000, 641712, 0, 0, 0
223000, 553721, 0, 0, 0
224002, 540233, 0, 0, 0
225000, 542649, 0, 0, 0
226001, 549034, 0, 0, 0
227000, 582041, 0, 0, 0
228000, 552147, 0, 0, 0
229000, 575627, 0, 0, 0
230001, 541422, 0, 0, 0
231000, 612273, 0, 0, 0
232000, 564105, 0, 0, 0
233000, 529473, 0, 0, 0
234000, 563345, 0, 0, 0
235000, 533043, 0, 0, 0
236001, 558267, 0, 0, 0
237000, 550075, 0, 0, 0
238000, 496698, 0, 0, 0
239000, 496229, 0, 0, 0
240002, 501427, 0, 0, 0
241000, 491240, 0, 0, 0
242000, 468918, 0, 0, 0
243000, 524703, 0, 0, 0
244000, 480449, 0, 0, 0
245000, 487892, 0, 0, 0
246000, 503407, 0, 0, 0
247001, 501014, 0, 0, 0
248000, 468108, 0, 0, 0
249000, 500503, 0, 0, 0
250001, 492923, 0, 0, 0
251000, 494158, 0, 0, 0
252000, 551254, 0, 0, 0
253001, 520858, 0, 0, 0
254000, 477554, 0, 0, 0
255000, 516309, 0, 0, 0
256001, 494812, 0, 0, 0
257000, 474682, 0, 0, 0
258000, 490866, 0, 0, 0
259000, 449456, 0, 0, 0
260000, 478302, 0, 0, 0
261000, 502989, 0, 0, 0
262001, 497636, 0, 0, 0
263001, 467179, 0, 0, 0
264000, 505913, 0, 0, 0
265001, 498659, 0, 0, 0
266000, 496895, 0, 0, 0
267000, 512726, 0, 0, 0
268000, 535493, 0, 0, 0
269000, 568250, 0, 0, 0
270007, 577681, 0, 0, 0
271000, 568545, 0, 0, 0
272000, 506077, 0, 0, 0
273000, 481289, 0, 0, 0
274000, 491243, 0, 0, 0
275000, 483598, 0, 0, 0
276001, 497262, 0, 0, 0
277000, 564370, 0, 0, 0
278001, 483147, 0, 0, 0
279000, 534214, 0, 0, 0
280000, 578466, 0, 0, 0
281001, 528709, 0, 0, 0
282000, 532080, 0, 0, 0
283001, 526874, 0, 0, 0
284001, 495165, 0, 0, 0
285000, 479370, 0, 0, 0
286001, 505351, 0, 0, 0
287000, 489845, 0, 0, 0
288000, 463918, 0, 0, 0
289000, 506433, 0, 0, 0
290001, 492104, 0, 0, 0
291001, 444345, 0, 0, 0
292000, 487489, 0, 0, 0
293000, 483982, 0, 0, 0
294000, 479983, 0, 0, 0
295000, 579274, 0, 0, 0
296000, 485970, 0, 0, 0
297000, 548555, 0, 0, 0
298000, 569123, 0, 0, 0
299001, 549433, 0, 0, 0
300000, 499299, 0, 0, 0
301000, 525262, 0, 0, 0
302000, 501733, 0, 0, 0
303001, 515895, 0, 0, 0
304000, 522766, 0, 0, 0
305001, 509839, 0, 0, 0
306001, 469165, 0, 0, 0
307001, 520269, 0, 0, 0
308000, 465872, 0, 0, 0
309000, 464418, 0, 0, 0
310000, 508449, 0, 0, 0
311001, 461049, 0, 0, 0
312000, 497267, 0, 0, 0
313000, 538289, 0, 0, 0
314000, 499300, 0, 0, 0
315000, 457230, 0, 0, 0
316000, 501085, 0, 0, 0
317001, 542198, 0, 0, 0
318000, 452593, 0, 0, 0
319001, 523842, 0, 0, 0
320000, 506604, 0, 0, 0
321000, 495409, 0, 0, 0
322001, 498917, 0, 0, 0
323000, 500732, 0, 0, 0
324001, 482811, 0, 0, 0
325000, 506367, 0, 0, 0
326001, 496016, 0, 0, 0
327001, 477766, 0, 0, 0
328001, 515409, 0, 0, 0
329001, 475236, 0, 0, 0
330001, 488430, 0, 0, 0
331000, 467930, 0, 0, 0
332002, 473138, 0, 0, 0
333002, 490483, 0, 0, 0
334000, 474930, 0, 0, 0
335000, 474280, 0, 0, 0
336000, 503095, 0, 0, 0
337000, 523678, 0, 0, 0
338000, 486978, 0, 0, 0
339015, 576979, 0, 0, 0
340000, 519983, 0, 0, 0
341000, 503245, 0, 0, 0
342000, 443500, 0, 0, 0
343000, 486108, 0, 0, 0
344001, 482428, 0, 0, 0
345000, 488801, 0, 0, 0
346001, 482366, 0, 0, 0
347000, 461802, 0, 0, 0
348000, 486430, 0, 0, 0
349000, 490399, 0, 0, 0
350000, 464012, 0, 0, 0
351000, 558856, 0, 0, 0
352000, 536670, 0, 0, 0
353001, 559657, 0, 0, 0
354002, 581506, 0, 0, 0
355000, 506533, 0, 0, 0
356000, 480466, 0, 0, 0
357000, 503922, 0, 0, 0
358001, 576872, 0, 0, 0
359000, 528209, 0, 0, 0
360000, 541921, 0, 0, 0
