1003, 1331688, 1, 0, 0
2000, 1517866, 1, 0, 0
3000, 1432369, 1, 0, 0
4009, 1556025, 1, 0, 0
5007, 1562323, 1, 0, 0
6000, 1531367, 1, 0, 0
7006, 1781636, 1, 0, 0
8000, 1693215, 1, 0, 0
9003, 1708071, 1, 0, 0
10003, 1770921, 1, 0, 0
11005, 1674592, 1, 0, 0
12001, 1635948, 1, 0, 0
13000, 1735958, 1, 0, 0
14002, 1674999, 1, 0, 0
15009, 1681991, 1, 0, 0
16010, 1758610, 1, 0, 0
17000, 1610239, 1, 0, 0
18009, 1779925, 1, 0, 0
19005, 1616727, 1, 0, 0
20003, 1614049, 1, 0, 0
21001, 1633786, 1, 0, 0
22003, 1650891, 1, 0, 0
23010, 1610906, 1, 0, 0
24003, 1702039, 1, 0, 0
25000, 1750083, 1, 0, 0
26000, 1353786, 1, 0, 0
27013, 1188345, 1, 0, 0
28000, 1364508, 1, 0, 0
29000, 1209418, 1, 0, 0
30000, 1156187, 1, 0, 0
31000, 1370386, 1, 0, 0
32000, 1320512, 1, 0, 0
33005, 1307362, 1, 0, 0
34000, 1467823, 1, 0, 0
35003, 1762553, 1, 0, 0
36003, 2011309, 1, 0, 0
37010, 1815130, 1, 0, 0
38000, 1800487, 1, 0, 0
39000, 1418704, 1, 0, 0
40000, 1327417, 1, 0, 0
41007, 1258371, 1, 0, 0
42000, 1287447, 1, 0, 0
43000, 1532050, 1, 0, 0
44000, 1759747, 1, 0, 0
45000, 1098137, 1, 0, 0
46000, 523917, 1, 0, 0
47000, 1711071, 1, 0, 0
48000, 1721732, 1, 0, 0
49000, 1720539, 1, 0, 0
50000, 1721764, 1, 0, 0
51000, 1722133, 1, 0, 0
52000, 1719247, 1, 0, 0
53000, 1723061, 1, 0, 0
54001, 1405906, 1, 0, 0
55005, 1273337, 1, 0, 0
56006, 1045421, 1, 0, 0
57000, 1022406, 1, 0, 0
58000, 985774, 1, 0, 0
59001, 951906, 1, 0, 0
60000, 1137419, 1, 0, 0
61000, 1124569, 1, 0, 0
62000, 1293518, 1, 0, 0
63003, 1443730, 1, 0, 0
64000, 1313082, 1, 0, 0
65000, 1086180, 1, 0, 0
66002, 1138966, 1, 0, 0
67006, 1187688, 1, 0, 0
68000, 1317514, 1, 0, 0
69008, 1187488, 1, 0, 0
70000, 1221344, 1, 0, 0
71005, 1278750, 1, 0, 0
72000, 1278322, 1, 0, 0
73000, 1096899, 1, 0, 0
74005, 1044591, 1, 0, 0
75008, 1107537, 1, 0, 0
76000, 1036501, 1, 0, 0
77000, 1047809, 1, 0, 0
78002, 1070293, 1, 0, 0
79000, 1308393, 1, 0, 0
80002, 1323626, 1, 0, 0
81000, 1365453, 1, 0, 0
82008, 1652496, 1, 0, 0
83005, 1937445, 1, 0, 0
84000, 1278051, 1, 0, 0
85008, 1340118, 1, 0, 0
86008, 1320541, 1, 0, 0
87000, 1290375, 1, 0, 0
88008, 1274392, 1, 0, 0
89004, 1309629, 1, 0, 0
90000, 1423905, 1, 0, 0
91002, 1746512, 1, 0, 0
92004, 1973985, 1, 0, 0
93010, 1641597, 1, 0, 0
94000, 1705871, 1, 0, 0
95002, 1745723, 1, 0, 0
96002, 1684021, 1, 0, 0
97000, 1643663, 1, 0, 0
98000, 1556755, 1, 0, 0
99008, 1456537, 1, 0, 0
100000, 1488233, 1, 0, 0
101000, 1480612, 1, 0, 0
102006, 1746907, 1, 0, 0
103000, 1698542, 1, 0, 0
104010, 1350471, 1, 0, 0
105000, 1274440, 1, 0, 0
106000, 1238217, 1, 0, 0
107002, 1191261, 1, 0, 0
108003, 1109493, 1, 0, 0
109000, 1274541, 1, 0, 0
110008, 1678628, 1, 0, 0
111011, 1566706, 1, 0, 0
112002, 1567239, 1, 0, 0
113000, 1486757, 1, 0, 0
114007, 1402831, 1, 0, 0
115000, 1486011, 1, 0, 0
116000, 1472521, 1, 0, 0
117004, 1436315, 1, 0, 0
118010, 1691661, 1, 0, 0
119006, 1830122, 1, 0, 0
120000, 1479706, 1, 0, 0
121000, 1181883, 1, 0, 0
122000, 970293, 1, 0, 0
123000, 908298, 1, 0, 0
124003, 922493, 1, 0, 0
125000, 922904, 1, 0, 0
126011, 1359124, 1, 0, 0
127006, 1689060, 1, 0, 0
128000, 1670739, 1, 0, 0
129010, 1647600, 1, 0, 0
130008, 1655861, 1, 0, 0
131011, 1762864, 1, 0, 0
132006, 1671328, 1, 0, 0
133000, 1717617, 1, 0, 0
134011, 1758987, 1, 0, 0
135004, 1698413, 1, 0, 0
136010, 1777033, 1, 0, 0
137000, 2073526, 1, 0, 0
138000, 1798614, 1, 0, 0
139000, 1710855, 1, 0, 0
140006, 1344722, 1, 0, 0
141008, 1303729, 1, 0, 0
142000, 1342981, 1, 0, 0
143000, 1288726, 1, 0, 0
144000, 1154201, 1, 0, 0
145009, 1321533, 1, 0, 0
146000, 1699681, 1, 0, 0
147008, 1534935, 1, 0, 0
148007, 1315764, 1, 0, 0
149009, 1181562, 1, 0, 0
150001, 1174662, 1, 0, 0
151000, 1200407, 1, 0, 0
152004, 1475559, 1, 0, 0
153004, 1812645, 1, 0, 0
154002, 1985425, 1, 0, 0
155008, 1742676, 1, 0, 0
156000, 1665594, 1, 0, 0
157000, 1750730, 1, 0, 0
158000, 1808052, 1, 0, 0
159000, 1803369, 1, 0, 0
160000, 1888218, 1, 0, 0
161000, 1881118, 1, 0, 0
162000, 1830855, 1, 0, 0
163000, 1415702, 1, 0, 0
164002, 874689, 1, 0, 0
165000, 779523, 1, 0, 0
166002, 785073, 1, 0, 0
167000, 845656, 1, 0, 0
168000, 822934, 1, 0, 0
169008, 859201, 1, 0, 0
170000, 811665, 1, 0, 0
171004, 830537, 1, 0, 0
172005, 947677, 1, 0, 0
173000, 1032006, 1, 0, 0
174000, 973831, 1, 0, 0
175005, 1231257, 1, 0, 0
176000, 1185672, 1, 0, 0
177000, 903148, 1, 0, 0
178000, 904300, 1, 0, 0
179000, 982918, 1, 0, 0
180006, 882997, 1, 0, 0
181005, 988509, 1, 0, 0
182000, 1404298, 1, 0, 0
183010, 1426750, 1, 0, 0
184004, 1443958, 1, 0, 0
185000, 1339129, 1, 0, 0
186000, 1016017, 1, 0, 0
187008, 1001168, 1, 0, 0
188000, 972354, 1, 0, 0
189009, 1428109, 1, 0, 0
190000, 1633534, 1, 0, 0
191000, 1565073, 1, 0, 0
192010, 1496735, 1, 0, 0
193000, 1177282, 1, 0, 0
194006, 935703, 1, 0, 0
195000, 907803, 1, 0, 0
196005, 1018442, 1, 0, 0
197000, 1129082, 1, 0, 0
198000, 1374168, 1, 0, 0
199000, 1586338, 1, 0, 0
200003, 1608577, 1, 0, 0
201001, 1701775, 1, 0, 0
202003, 1468846, 1, 0, 0
203001, 1313930, 1, 0, 0
204000, 981750, 1, 0, 0
205000, 528906, 1, 0, 0
206000, 1725698, 1, 0, 0
207000, 1682243, 1, 0, 0
208000, 1670533, 1, 0, 0
209000, 1669688, 1, 0, 0
210000, 1679695, 1, 0, 0
211000, 1715364, 1, 0, 0
212000, 1719197, 1, 0, 0
213000, 1287887, 1, 0, 0
214000, 1066219, 1, 0, 0
215000, 1741961, 1, 0, 0
216000, 1734010, 1, 0, 0
217000, 1734644, 1, 0, 0
218000, 1727735, 1, 0, 0
219000, 1730162, 1, 0, 0
220000, 1731866, 1, 0, 0
221000, 1733489, 1, 0, 0
222000, 1609519, 1, 0, 0
223000, 1602743, 1, 0, 0
224000, 1727102, 1, 0, 0
225000, 1727673, 1, 0, 0
226000, 1728446, 1, 0, 0
227000, 1732486, 1, 0, 0
228000, 1728837, 1, 0, 0
229005, 1729168, 1, 0, 0
230000, 1264137, 1, 0, 0
231000, 1728565, 1, 0, 0
232000, 1726919, 1, 0, 0
233000, 1302543, 1, 0, 0
234011, 1624643, 1, 0, 0
235000, 1581999, 1, 0, 0
236000, 1736667, 1, 0, 0
237000, 1738733, 1, 0, 0
238000, 1736107, 1, 0, 0
239000, 1689896, 1, 0, 0
240000, 1731156, 1, 0, 0
241000, 1728374, 1, 0, 0
242000, 1729405, 1, 0, 0
243000, 1663663, 1, 0, 0
244000, 1472169, 1, 0, 0
245000, 1731706, 1, 0, 0
246000, 1732273, 1, 0, 0
247000, 1733229, 1, 0, 0
248000, 1733651, 1, 0, 0
249000, 1653970, 1, 0, 0
250000, 1749876, 1, 0, 0
251000, 1732627, 1, 0, 0
252000, 1736782, 1, 0, 0
253007, 1681309, 1, 0, 0
254002, 1882041, 1, 0, 0
255000, 1694000, 1, 0, 0
256002, 1688428, 1, 0, 0
257000, 1637734, 1, 0, 0
258004, 1692638, 1, 0, 0
259000, 1673946, 1, 0, 0
260005, 1625896, 1, 0, 0
261010, 1676161, 1, 0, 0
262009, 1611923, 1, 0, 0
263001, 1526313, 1, 0, 0
264011, 1847830, 1, 0, 0
265003, 1626858, 1, 0, 0
266007, 1585121, 1, 0, 0
267010, 1675906, 1, 0, 0
268003, 1680814, 1, 0, 0
269010, 1692042, 1, 0, 0
270007, 1766933, 1, 0, 0
271000, 1757525, 1, 0, 0
272010, 1733743, 1, 0, 0
273000, 1195015, 1, 0, 0
274000, 1137089, 1, 0, 0
275000, 1049717, 1, 0, 0
276000, 1116631, 1, 0, 0
277007, 1036650, 1, 0, 0
278002, 1012809, 1, 0, 0
279000, 1231061, 1, 0, 0
280000, 1455047, 1, 0, 0
281006, 1516337, 1, 0, 0
282003, 1469692, 1, 0, 0
283003, 1397371, 1, 0, 0
284000, 1225173, 1, 0, 0
285000, 1226803, 1, 0, 0
286008, 1222258, 1, 0, 0
287008, 1184041, 1, 0, 0
288006, 1269730, 1, 0, 0
289000, 1854154, 1, 0, 0
290000, 1652301, 1, 0, 0
291001, 1637416, 1, 0, 0
292000, 1647126, 1, 0, 0
293000, 1603056, 1, 0, 0
294006, 1662964, 1, 0, 0
295001, 1678673, 1, 0, 0
296006, 1640419, 1, 0, 0
297005, 1744565, 1, 0, 0
298007, 1780268, 1, 0, 0
299003, 1685428, 1, 0, 0
300003, 2023783, 1, 0, 0
301007, 1790592, 1, 0, 0
302000, 1771264, 1, 0, 0
303000, 1818169, 1, 0, 0
304001, 1787903, 1, 0, 0
305000, 1763909, 1, 0, 0
306000, 1260100, 1, 0, 0
307002, 966642, 1, 0, 0
308000, 969177, 1, 0, 0
309002, 1099263, 1, 0, 0
310000, 1002614, 1, 0, 0
311000, 996876, 1, 0, 0
312000, 1040855, 1, 0, 0
313008, 1124356, 1, 0, 0
314000, 1012117, 1, 0, 0
315000, 1067565, 1, 0, 0
316000, 1315142, 1, 0, 0
317006, 1421425, 1, 0, 0
318000, 1277758, 1, 0, 0
319007, 1230444, 1, 0, 0
320009, 1184111, 1, 0, 0
321000, 1205637, 1, 0, 0
322000, 1331402, 1, 0, 0
323001, 1900188, 1, 0, 0
324000, 1567500, 1, 0, 0
325005, 1251376, 1, 0, 0
326000, 1254703, 1, 0, 0
327008, 1130757, 1, 0, 0
328000, 1242997, 1, 0, 0
329001, 1357976, 1, 0, 0
330000, 1356862, 1, 0, 0
331000, 504181, 1, 0, 0
332000, 1658346, 1, 0, 0
333000, 1726622, 1, 0, 0
334000, 1723814, 1, 0, 0
335000, 1724022, 1, 0, 0
336000, 1725283, 1, 0, 0
337000, 1727581, 1, 0, 0
338000, 1727801, 1, 0, 0
339000, 1725953, 1, 0, 0
340007, 1553049, 1, 0, 0
341000, 1149851, 1, 0, 0
342000, 1130328, 1, 0, 0
343021, 1101814, 1, 0, 0
344006, 1118334, 1, 0, 0
345001, 1097148, 1, 0, 0
346000, 1100407, 1, 0, 0
347000, 1425723, 1, 0, 0
348000, 1370606, 1, 0, 0
349012, 1357474, 1, 0, 0
350009, 1591838, 1, 0, 0
351000, 1532201, 1, 0, 0
352003, 1601964, 1, 0, 0
353004, 1661665, 1, 0, 0
354000, 1547018, 1, 0, 0
355005, 1505517, 1, 0, 0
356001, 1564180, 1, 0, 0
357004, 1743158, 1, 0, 0
358000, 1562250, 1, 0, 0
359002, 1737935, 1, 0, 0
360010, 1657432, 1, 0, 0
360010, 11988228, 1, 0, 0
