1000, 482899, 0, 0, 0
2000, 489148, 0, 0, 0
3001, 502704, 0, 0, 0
4001, 493276, 0, 0, 0
5000, 500974, 0, 0, 0
6003, 488713, 0, 0, 0
7000, 499149, 0, 0, 0
8000, 522317, 0, 0, 0
9000, 542996, 0, 0, 0
10000, 500812, 0, 0, 0
11000, 497680, 0, 0, 0
12000, 547824, 0, 0, 0
13000, 483662, 0, 0, 0
14001, 461287, 0, 0, 0
15000, 505967, 0, 0, 0
16001, 509266, 0, 0, 0
17000, 491538, 0, 0, 0
18000, 502384, 0, 0, 0
19000, 474050, 0, 0, 0
20000, 476802, 0, 0, 0
21001, 517327, 0, 0, 0
22000, 483190, 0, 0, 0
23001, 484723, 0, 0, 0
24000, 513689, 0, 0, 0
25000, 456971, 0, 0, 0
26000, 471300, 0, 0, 0
27019, 532392, 0, 0, 0
28000, 474461, 0, 0, 0
29000, 460573, 0, 0, 0
30000, 492912, 0, 0, 0
31000, 482418, 0, 0, 0
32000, 471199, 0, 0, 0
33000, 490571, 0, 0, 0
34000, 480124, 0, 0, 0
35001, 473943, 0, 0, 0
36000, 507145, 0, 0, 0
37000, 554516, 0, 0, 0
38002, 528929, 0, 0, 0
39000, 573612, 0, 0, 0
40001, 472728, 0, 0, 0
41001, 481146, 0, 0, 0
42000, 518006, 0, 0, 0
43001, 484740, 0, 0, 0
44001, 483651, 0, 0, 0
45001, 500972, 0, 0, 0
46000, 493761, 0, 0, 0
47000, 479431, 0, 0, 0
48001, 497299, 0, 0, 0
49000, 537563, 0, 0, 0
50001, 481530, 0, 0, 0
51000, 549377, 0, 0, 0
52000, 532618, 0, 0, 0
53001, 513407, 0, 0, 0
54001, 528740, 0, 0, 0
55002, 513011, 0, 0, 0
56000, 470482, 0, 0, 0
57000, 503960, 0, 0, 0
58000, 508551, 0, 0, 0
59000, 484746, 0, 0, 0
60000, 546044, 0, 0, 0
61000, 490072, 0, 0, 0
62001, 499708, 0, 0, 0
63000, 518526, 0, 0, 0
64001, 488187, 0, 0, 0
65000, 469149, 0, 0, 0
66000, 476041, 0, 0, 0
67000, 533642, 0, 0, 0
68000, 468030, 0, 0, 0
69000, 517493, 0, 0, 0
70000, 553876, 0, 0, 0
71000, 576336, 0, 0, 0
72000, 541962, 0, 0, 0
73001, 528346, 0, 0, 0
74001, 496657, 0, 0, 0
75000, 484099, 0, 0, 0
76001, 494020, 0, 0, 0
77000, 501158, 0, 0, 0
78000, 551541, 0, 0, 0
79002, 505438, 0, 0, 0
80000, 449851, 0, 0, 0
81000, 577749, 0, 0, 0
82001, 565132, 0, 0, 0
83001, 516442, 0, 0, 0
84000, 590702, 0, 0, 0
85000, 495828, 0, 0, 0
86000, 480318, 0, 0, 0
87000, 491986, 0, 0, 0
88001, 519854, 0, 0, 0
89000, 491723, 0, 0, 0
90000, 514908, 0, 0, 0
91000, 553783, 0, 0, 0
92001, 507618, 0, 0, 0
93000, 475867, 0, 0, 0
94000, 471917, 0, 0, 0
95000, 447352, 0, 0, 0
96000, 437083, 0, 0, 0
97000, 438110, 0, 0, 0
98000, 457701, 0, 0, 0
99000, 364994, 0, 0, 0
100001, 581833, 0, 0, 0
101003, 712408, 0, 0, 0
102000, 690011, 0, 0, 0
103000, 657601, 0, 0, 0
104002, 764483, 0, 0, 0
105001, 627424, 0, 0, 0
106001, 564432, 0, 0, 0
107000, 598870, 0, 0, 0
108000, 606324, 0, 0, 0
109000, 568200, 0, 0, 0
110000, 587886, 0, 0, 0
111000, 517739, 0, 0, 0
112001, 566437, 0, 0, 0
113001, 582274, 0, 0, 0
114001, 594059, 0, 0, 0
115000, 561439, 0, 0, 0
116000, 496615, 0, 0, 0
117000, 508173, 0, 0, 0
118000, 497052, 0, 0, 0
119000, 473774, 0, 0, 0
120000, 525279, 0, 0, 0
121000, 483196, 0, 0, 0
122001, 474108, 0, 0, 0
123000, 543156, 0, 0, 0
124001, 470420, 0, 0, 0
125000, 501667, 0, 0, 0
126000, 528743, 0, 0, 0
127000, 463827, 0, 0, 0
128000, 444347, 0, 0, 0
129002, 495793, 0, 0, 0
130000, 503183, 0, 0, 0
131001, 456371, 0, 0, 0
132002, 472153, 0, 0, 0
133000, 476478, 0, 0, 0
134012, 460909, 0, 0, 0
135000, 470633, 0, 0, 0
136000, 487187, 0, 0, 0
137000, 472928, 0, 0, 0
138001, 513645, 0, 0, 0
139001, 464591, 0, 0, 0
140000, 454723, 0, 0, 0
141001, 476168, 0, 0, 0
142001, 475609, 0, 0, 0
143000, 472135, 0, 0, 0
144001, 514184, 0, 0, 0
145000, 469874, 0, 0, 0
146000, 515915, 0, 0, 0
147001, 561009, 0, 0, 0
148000, 516049, 0, 0, 0
149000, 475190, 0, 0, 0
150001, 599756, 0, 0, 0
151000, 519073, 0, 0, 0
152001, 461563, 0, 0, 0
153001, 541765, 0, 0, 0
154000, 554882, 0, 0, 0
155000, 533418, 0, 0, 0
156000, 509752, 0, 0, 0
157000, 496854, 0, 0, 0
158000, 490344, 0, 0, 0
159001, 485797, 0, 0, 0
160000, 462186, 0, 0, 0
161000, 462295, 0, 0, 0
162001, 496946, 0, 0, 0
163000, 492330, 0, 0, 0
164001, 506995, 0, 0, 0
165001, 495232, 0, 0, 0
166000, 498029, 0, 0, 0
167000, 493186, 0, 0, 0
168000, 540491, 0, 0, 0
169000, 483599, 0, 0, 0
170015, 492935, 0, 0, 0
171001, 504759, 0, 0, 0
172000, 460402, 0, 0, 0
173000, 488826, 0, 0, 0
174000, 494076, 0, 0, 0
175001, 480502, 0, 0, 0
176000, 539975, 0, 0, 0
177001, 581300, 0, 0, 0
178000, 531893, 0, 0, 0
179000, 521195, 0, 0, 0
180001, 517905, 0, 0, 0
181001, 480608, 0, 0, 0
182000, 470661, 0, 0, 0
183000, 486742, 0, 0, 0
184000, 541912, 0, 0, 0
185000, 531380, 0, 0, 0
186000, 540183, 0, 0, 0
187000, 482627, 0, 0, 0
188000, 465828, 0, 0, 0
189000, 464204, 0, 0, 0
190000, 440365, 0, 0, 0
191000, 388177, 0, 0, 0
192001, 552726, 0, 0, 0
193000, 581167, 0, 0, 0
194000, 571390, 0, 0, 0
195001, 618094, 0, 0, 0
196001, 566318, 0, 0, 0
197000, 604845, 0, 0, 0
198000, 591643, 0, 0, 0
199000, 567201, 0, 0, 0
200002, 555397, 0, 0, 0
201000, 501488, 0, 0, 0
202000, 473106, 0, 0, 0
203000, 511118, 0, 0, 0
204001, 524397, 0, 0, 0
205000, 547307, 0, 0, 0
206000, 522693, 0, 0, 0
207000, 508138, 0, 0, 0
208000, 559718, 0, 0, 0
209000, 527500, 0, 0, 0
210001, 478336, 0, 0, 0
211001, 521251, 0, 0, 0
212000, 481472, 0, 0, 0
213000, 490340, 0, 0, 0
214001, 532611, 0, 0, 0
215000, 490569, 0, 0, 0
216001, 481722, 0, 0, 0
217001, 498928, 0, 0, 0
218000, 454951, 0, 0, 0
219000, 436309, 0, 0, 0
220001, 484023, 0, 0, 0
221000, 499548, 0, 0, 0
222000, 471113, 0, 0, 0
223002, 560092, 0, 0, 0
224001, 570548, 0, 0, 0
225000, 576056, 0, 0, 0
226004, 568007, 0, 0, 0
227001, 627056, 0, 0, 0
228000, 611643, 0, 0, 0
229000, 599493, 0, 0, 0
230000, 620181, 0, 0, 0
231001, 519590, 0, 0, 0
232000, 479696, 0, 0, 0
233000, 479407, 0, 0, 0
234001, 470233, 0, 0, 0
235000, 465237, 0, 0, 0
236000, 559417, 0, 0, 0
237000, 601456, 0, 0, 0
238001, 495116, 0, 0, 0
239000, 590738, 0, 0, 0
240000, 527938, 0, 0, 0
241001, 521707, 0, 0, 0
242000, 532093, 0, 0, 0
243000, 518225, 0, 0, 0
244000, 513695, 0, 0, 0
245000, 507395, 0, 0, 0
246000, 492229, 0, 0, 0
247000, 491293, 0, 0, 0
248000, 515911, 0, 0, 0
249000, 509977, 0, 0, 0
250000, 487615, 0, 0, 0
251001, 530260, 0, 0, 0
252000, 544124, 0, 0, 0
253000, 545139, 0, 0, 0
254001, 562984, 0, 0, 0
255000, 569478, 0, 0, 0
256000, 495993, 0, 0, 0
257001, 485394, 0, 0, 0
258001, 589339, 0, 0, 0
259000, 506728, 0, 0, 0
260000, 483152, 0, 0, 0
261001, 512435, 0, 0, 0
262000, 496548, 0, 0, 0
263000, 492756, 0, 0, 0
264000, 501976, 0, 0, 0
265002, 493827, 0, 0, 0
266001, 465979, 0, 0, 0
267000, 509518, 0, 0, 0
268000, 515720, 0, 0, 0
269001, 491096, 0, 0, 0
270000, 533286, 0, 0, 0
271000, 487956, 0, 0, 0
272000, 459543, 0, 0, 0
273000, 531743, 0, 0, 0
274000, 468787, 0, 0, 0
275001, 473009, 0, 0, 0
276002, 499099, 0, 0, 0
277001, 455525, 0, 0, 0
278027, 520678, 0, 0, 0
279000, 543299, 0, 0, 0
280001, 514518, 0, 0, 0
281001, 562676, 0, 0, 0
282000, 622926, 0, 0, 0
283000, 634406, 0, 0, 0
284000, 606688, 0, 0, 0
285000, 667997, 0, 0, 0
286000, 633265, 0, 0, 0
287001, 576158, 0, 0, 0
288001, 632952, 0, 0, 0
289000, 623148, 0, 0, 0
290000, 578000, 0, 0, 0
291000, 541952, 0, 0, 0
292000, 608796, 0, 0, 0
293000, 501971, 0, 0, 0
294000, 482141, 0, 0, 0
295000, 481784, 0, 0, 0
296000, 578374, 0, 0, 0
297000, 568754, 0, 0, 0
298000, 575163, 0, 0, 0
299000, 513414, 0, 0, 0
300000, 532902, 0, 0, 0
301001, 580650, 0, 0, 0
302000, 503914, 0, 0, 0
303000, 506560, 0, 0, 0
304002, 525336, 0, 0, 0
305001, 489592, 0, 0, 0
306001, 469672, 0, 0, 0
307000, 497437, 0, 0, 0
308001, 509560, 0, 0, 0
309000, 481698, 0, 0, 0
310001, 493580, 0, 0, 0
311001, 479767, 0, 0, 0
312000, 521741, 0, 0, 0
313001, 535620, 0, 0, 0
314000, 529210, 0, 0, 0
315001, 478510, 0, 0, 0
316000, 461262, 0, 0, 0
317001, 521142, 0, 0, 0
318001, 500555, 0, 0, 0
319000, 476649, 0, 0, 0
320000, 556839, 0, 0, 0
321000, 488251, 0, 0, 0
322001, 475013, 0, 0, 0
323000, 500359, 0, 0, 0
324001, 492916, 0, 0, 0
325000, 476056, 0, 0, 0
326000, 526419, 0, 0, 0
327000, 477920, 0, 0, 0
328000, 472765, 0, 0, 0
329000, 537931, 0, 0, 0
330000, 493539, 0, 0, 0
331000, 487582, 0, 0, 0
332001, 496408, 0, 0, 0
333000, 556156, 0, 0, 0
334001, 549943, 0, 0, 0
335000, 591218, 0, 0, 0
336000, 587430, 0, 0, 0
337001, 592491, 0, 0, 0
338001, 608401, 0, 0, 0
339001, 562830, 0, 0, 0
340000, 630926, 0, 0, 0
341001, 659300, 0, 0, 0
342000, 594945, 0, 0, 0
343000, 586343, 0, 0, 0
344001, 565403, 0, 0, 0
345001, 550765, 0, 0, 0
346001, 488615, 0, 0, 0
347001, 533067, 0, 0, 0
348000, 518731, 0, 0, 0
349000, 512332, 0, 0, 0
350001, 493563, 0, 0, 0
351001, 507508, 0, 0, 0
352000, 504784, 0, 0, 0
353001, 486471, 0, 0, 0
354000, 505820, 0, 0, 0
355000, 478794, 0, 0, 0
356000, 567956, 0, 0, 0
357001, 540666, 0, 0, 0
358000, 534750, 0, 0, 0
359000, 536181, 0, 0, 0
360000, 546375, 0, 0, 0
