1000, 526429, 0, 0, 0
2000, 479797, 0, 0, 0
3001, 473113, 0, 0, 0
4000, 521050, 0, 0, 0
5000, 446014, 0, 0, 0
6000, 449357, 0, 0, 0
7000, 511340, 0, 0, 0
8000, 500834, 0, 0, 0
9000, 453815, 0, 0, 0
10000, 501567, 0, 0, 0
11001, 491436, 0, 0, 0
12000, 470847, 0, 0, 0
13000, 487497, 0, 0, 0
14000, 452111, 0, 0, 0
15001, 488065, 0, 0, 0
16000, 463581, 0, 0, 0
17000, 454137, 0, 0, 0
18001, 517996, 0, 0, 0
19000, 487658, 0, 0, 0
20000, 476817, 0, 0, 0
21000, 515406, 0, 0, 0
22000, 490344, 0, 0, 0
23001, 476061, 0, 0, 0
24001, 462911, 0, 0, 0
25000, 473515, 0, 0, 0
26000, 500304, 0, 0, 0
27000, 524065, 0, 0, 0
28000, 514562, 0, 0, 0
29001, 522033, 0, 0, 0
30000, 530607, 0, 0, 0
31000, 444578, 0, 0, 0
32000, 460709, 0, 0, 0
33008, 480314, 0, 0, 0
34001, 460704, 0, 0, 0
35000, 438750, 0, 0, 0
36000, 504564, 0, 0, 0
37000, 462957, 0, 0, 0
38002, 457123, 0, 0, 0
39000, 498974, 0, 0, 0
40000, 455146, 0, 0, 0
41000, 489761, 0, 0, 0
42001, 473923, 0, 0, 0
43000, 491796, 0, 0, 0
44001, 472388, 0, 0, 0
45001, 487730, 0, 0, 0
46000, 310494, 0, 0, 0
47000, 102263, 0, 0, 0
48000, 101332, 0, 0, 0
49000, 98109, 0, 0, 0
50000, 100485, 0, 0, 0
51000, 99537, 0, 0, 0
52000, 100553, 0, 0, 0
53000, 101315, 0, 0, 0
54001, 377855, 0, 0, 0
55000, 491837, 0, 0, 0
56000, 493584, 0, 0, 0
57001, 621097, 0, 0, 0
58001, 510812, 0, 0, 0
59001, 479789, 0, 0, 0
60002, 573024, 0, 0, 0
61000, 511680, 0, 0, 0
62000, 499174, 0, 0, 0
63000, 499897, 0, 0, 0
64000, 449022, 0, 0, 0
65000, 530721, 0, 0, 0
66000, 540300, 0, 0, 0
67001, 496362, 0, 0, 0
68002, 503380, 0, 0, 0
69001, 536239, 0, 0, 0
70000, 515742, 0, 0, 0
71001, 457755, 0, 0, 0
72001, 477101, 0, 0, 0
73001, 572716, 0, 0, 0
74000, 485784, 0, 0, 0
75000, 561840, 0, 0, 0
76000, 568673, 0, 0, 0
77000, 541712, 0, 0, 0
78000, 539958, 0, 0, 0
79000, 503566, 0, 0, 0
80000, 491890, 0, 0, 0
81000, 475960, 0, 0, 0
82000, 502214, 0, 0, 0
83000, 483125, 0, 0, 0
84000, 465347, 0, 0, 0
85000, 478165, 0, 0, 0
86000, 500341, 0, 0, 0
87001, 473587, 0, 0, 0
88000, 485265, 0, 0, 0
89001, 473636, 0, 0, 0
90001, 477442, 0, 0, 0
91000, 456120, 0, 0, 0
92001, 473793, 0, 0, 0
93001, 466396, 0, 0, 0
94000, 494991, 0, 0, 0
95001, 464862, 0, 0, 0
96000, 451359, 0, 0, 0
97000, 492528, 0, 0, 0
98000, 474169, 0, 0, 0
99000, 471965, 0, 0, 0
100001, 514250, 0, 0, 0
101001, 478403, 0, 0, 0
102000, 453139, 0, 0, 0
103000, 473003, 0, 0, 0
104001, 494982, 0, 0, 0
105001, 446017, 0, 0, 0
106000, 565307, 0, 0, 0
107000, 538434, 0, 0, 0
108000, 499719, 0, 0, 0
109000, 494841, 0, 0, 0
110001, 502522, 0, 0, 0
111001, 486331, 0, 0, 0
112000, 473650, 0, 0, 0
113001, 500724, 0, 0, 0
114000, 489342, 0, 0, 0
115000, 502044, 0, 0, 0
116000, 475009, 0, 0, 0
117000, 464358, 0, 0, 0
118000, 486742, 0, 0, 0
119000, 449184, 0, 0, 0
120000, 481357, 0, 0, 0
121000, 478936, 0, 0, 0
122000, 522979, 0, 0, 0
123001, 530118, 0, 0, 0
124000, 590340, 0, 0, 0
125000, 590123, 0, 0, 0
126001, 519675, 0, 0, 0
127000, 462385, 0, 0, 0
128001, 471455, 0, 0, 0
129000, 476341, 0, 0, 0
130001, 519643, 0, 0, 0
131000, 493938, 0, 0, 0
132001, 484408, 0, 0, 0
133000, 480232, 0, 0, 0
134001, 463430, 0, 0, 0
135000, 461341, 0, 0, 0
136000, 501283, 0, 0, 0
137001, 485233, 0, 0, 0
138001, 453520, 0, 0, 0
139000, 478065, 0, 0, 0
140000, 497279, 0, 0, 0
141001, 477781, 0, 0, 0
142000, 473579, 0, 0, 0
143001, 509592, 0, 0, 0
144001, 510574, 0, 0, 0
145000, 550449, 0, 0, 0
146000, 517645, 0, 0, 0
147000, 465467, 0, 0, 0
148000, 514914, 0, 0, 0
149001, 486999, 0, 0, 0
150000, 482092, 0, 0, 0
151000, 527388, 0, 0, 0
152000, 467466, 0, 0, 0
153000, 431421, 0, 0, 0
154000, 482482, 0, 0, 0
155001, 481563, 0, 0, 0
156001, 486255, 0, 0, 0
157001, 492287, 0, 0, 0
158000, 463903, 0, 0, 0
159000, 440022, 0, 0, 0
160001, 472650, 0, 0, 0
161001, 450164, 0, 0, 0
162001, 440391, 0, 0, 0
163000, 512609, 0, 0, 0
164000, 574938, 0, 0, 0
165000, 585800, 0, 0, 0
166004, 643330, 0, 0, 0
167000, 586129, 0, 0, 0
168000, 596681, 0, 0, 0
169012, 557342, 0, 0, 0
170000, 672278, 0, 0, 0
171001, 635191, 0, 0, 0
172000, 545729, 0, 0, 0
173000, 575688, 0, 0, 0
174001, 525977, 0, 0, 0
175000, 522878, 0, 0, 0
176000, 575298, 0, 0, 0
177001, 543650, 0, 0, 0
178001, 568369, 0, 0, 0
179000, 508933, 0, 0, 0
180000, 591136, 0, 0, 0
181001, 555494, 0, 0, 0
182000, 445936, 0, 0, 0
183000, 460343, 0, 0, 0
184000, 461024, 0, 0, 0
185001, 465237, 0, 0, 0
186001, 460171, 0, 0, 0
187000, 532565, 0, 0, 0
188000, 555756, 0, 0, 0
189000, 526426, 0, 0, 0
190000, 475024, 0, 0, 0
191000, 479207, 0, 0, 0
192000, 515240, 0, 0, 0
193002, 505452, 0, 0, 0
194000, 564674, 0, 0, 0
195000, 598471, 0, 0, 0
196000, 541254, 0, 0, 0
197000, 524796, 0, 0, 0
198001, 512741, 0, 0, 0
199000, 535757, 0, 0, 0
200000, 502388, 0, 0, 0
201001, 485316, 0, 0, 0
202000, 487172, 0, 0, 0
203000, 482582, 0, 0, 0
204001, 477583, 0, 0, 0
205000, 352499, 0, 0, 0
206000, 103151, 0, 0, 0
207000, 103103, 0, 0, 0
208001, 102254, 0, 0, 0
209000, 98968, 0, 0, 0
210000, 99946, 0, 0, 0
211000, 99827, 0, 0, 0
212000, 99943, 0, 0, 0
213000, 165416, 0, 0, 0
214000, 213499, 0, 0, 0
215000, 145823, 0, 0, 0
216001, 142573, 0, 0, 0
217000, 140166, 0, 0, 0
218000, 130150, 0, 0, 0
219000, 129666, 0, 0, 0
220000, 135447, 0, 0, 0
221000, 132756, 0, 0, 0
222000, 149152, 0, 0, 0
223000, 169951, 0, 0, 0
224000, 142654, 0, 0, 0
225000, 142197, 0, 0, 0
226000, 164710, 0, 0, 0
227001, 167376, 0, 0, 0
228000, 162612, 0, 0, 0
229007, 160626, 0, 0, 0
230001, 252946, 0, 0, 0
231000, 166168, 0, 0, 0
232000, 167207, 0, 0, 0
233001, 267917, 0, 0, 0
234014, 251719, 0, 0, 0
235000, 295939, 0, 0, 0
236000, 251965, 0, 0, 0
237001, 252059, 0, 0, 0
238000, 249093, 0, 0, 0
239000, 268288, 0, 0, 0
240000, 205197, 0, 0, 0
241000, 163091, 0, 0, 0
242000, 162908, 0, 0, 0
243000, 236096, 0, 0, 0
244001, 265107, 0, 0, 0
245001, 199861, 0, 0, 0
246000, 208857, 0, 0, 0
247000, 197454, 0, 0, 0
248000, 209022, 0, 0, 0
249000, 220212, 0, 0, 0
250001, 317658, 0, 0, 0
251000, 456923, 0, 0, 0
252001, 489864, 0, 0, 0
253000, 467290, 0, 0, 0
254000, 452124, 0, 0, 0
255001, 510629, 0, 0, 0
256001, 484755, 0, 0, 0
257000, 465006, 0, 0, 0
258001, 512367, 0, 0, 0
259000, 460496, 0, 0, 0
260000, 449284, 0, 0, 0
261000, 462170, 0, 0, 0
262000, 508311, 0, 0, 0
263000, 483706, 0, 0, 0
264000, 515862, 0, 0, 0
265000, 489654, 0, 0, 0
266000, 439755, 0, 0, 0
267000, 499632, 0, 0, 0
268000, 483068, 0, 0, 0
269000, 454454, 0, 0, 0
270000, 479822, 0, 0, 0
271000, 471952, 0, 0, 0
272001, 448487, 0, 0, 0
273000, 471324, 0, 0, 0
274000, 546111, 0, 0, 0
275001, 514407, 0, 0, 0
276001, 543935, 0, 0, 0
277001, 593896, 0, 0, 0
278000, 510694, 0, 0, 0
279000, 521185, 0, 0, 0
280000, 455549, 0, 0, 0
281001, 504571, 0, 0, 0
282000, 511795, 0, 0, 0
283000, 496117, 0, 0, 0
284000, 470963, 0, 0, 0
285000, 517212, 0, 0, 0
286000, 490559, 0, 0, 0
287000, 515430, 0, 0, 0
288000, 537128, 0, 0, 0
289001, 472712, 0, 0, 0
290000, 476803, 0, 0, 0
291000, 506139, 0, 0, 0
292001, 497047, 0, 0, 0
293001, 472818, 0, 0, 0
294001, 491196, 0, 0, 0
295001, 473764, 0, 0, 0
296001, 469150, 0, 0, 0
297000, 465279, 0, 0, 0
298000, 488558, 0, 0, 0
299000, 462633, 0, 0, 0
300000, 501539, 0, 0, 0
301000, 476599, 0, 0, 0
302000, 450555, 0, 0, 0
303001, 510501, 0, 0, 0
304001, 469749, 0, 0, 0
305000, 450587, 0, 0, 0
306000, 473149, 0, 0, 0
307000, 571051, 0, 0, 0
308002, 540107, 0, 0, 0
309000, 580555, 0, 0, 0
310001, 533460, 0, 0, 0
311002, 527304, 0, 0, 0
312000, 556855, 0, 0, 0
313000, 566993, 0, 0, 0
314000, 483260, 0, 0, 0
315001, 543063, 0, 0, 0
316000, 508836, 0, 0, 0
317001, 483436, 0, 0, 0
318002, 498434, 0, 0, 0
319000, 523683, 0, 0, 0
320000, 489660, 0, 0, 0
321000, 463314, 0, 0, 0
322000, 533506, 0, 0, 0
323000, 487759, 0, 0, 0
324001, 466033, 0, 0, 0
325000, 505549, 0, 0, 0
326000, 503429, 0, 0, 0
327000, 487451, 0, 0, 0
328002, 531862, 0, 0, 0
329000, 462815, 0, 0, 0
330000, 433715, 0, 0, 0
331001, 421428, 0, 0, 0
332000, 103580, 0, 0, 0
333000, 102211, 0, 0, 0
334000, 102308, 0, 0, 0
335000, 97876, 0, 0, 0
336001, 98755, 0, 0, 0
337000, 99280, 0, 0, 0
338000, 100318, 0, 0, 0
339000, 98404, 0, 0, 0
340001, 163406, 0, 0, 0
341000, 569408, 0, 0, 0
342001, 537172, 0, 0, 0
343019, 549790, 0, 0, 0
344000, 561663, 0, 0, 0
345001, 524497, 0, 0, 0
346000, 518652, 0, 0, 0
347000, 515609, 0, 0, 0
348000, 486265, 0, 0, 0
349000, 464758, 0, 0, 0
350001, 500921, 0, 0, 0
351001, 477677, 0, 0, 0
352001, 452693, 0, 0, 0
353000, 482466, 0, 0, 0
354000, 491064, 0, 0, 0
355000, 466378, 0, 0, 0
356001, 506630, 0, 0, 0
357001, 469233, 0, 0, 0
358000, 462147, 0, 0, 0
359001, 485125, 0, 0, 0
360000, 484562, 0, 0, 0
