1000, 102123, 0, 0, 0
2000, 98696, 0, 0, 0
3000, 99456, 0, 0, 0
4000, 100923, 0, 0, 0
5000, 99663, 0, 0, 0
6000, 107409, 0, 0, 0
7000, 103416, 0, 0, 0
8000, 99824, 0, 0, 0
9000, 103555, 0, 0, 0
10000, 102498, 0, 0, 0
11000, 104915, 0, 0, 0
12001, 100371, 0, 0, 0
13000, 100238, 0, 0, 0
14000, 100576, 0, 0, 0
15000, 101098, 0, 0, 0
16000, 100114, 0, 0, 0
17000, 82533, 0, 0, 0
18000, 66927, 0, 0, 0
19000, 67404, 0, 0, 0
20008, 69688, 0, 0, 0
21000, 106261, 0, 0, 0
22000, 103878, 0, 0, 0
23000, 102108, 0, 0, 0
24000, 103661, 0, 0, 0
25000, 103657, 0, 0, 0
26000, 100815, 0, 0, 0
27001, 98775, 0, 0, 0
28000, 101224, 0, 0, 0
29000, 101301, 0, 0, 0
30000, 100574, 0, 0, 0
31000, 110389, 0, 0, 0
32000, 101780, 0, 0, 0
33000, 101378, 0, 0, 0
34000, 104027, 0, 0, 0
35000, 103611, 0, 0, 0
36000, 101160, 0, 0, 0
37000, 99352, 0, 0, 0
38000, 100407, 0, 0, 0
39000, 99605, 0, 0, 0
40000, 100426, 0, 0, 0
41000, 102431, 0, 0, 0
42000, 109533, 0, 0, 0
43000, 101583, 0, 0, 0
44000, 101339, 0, 0, 0
45000, 103159, 0, 0, 0
46000, 103308, 0, 0, 0
47000, 100960, 0, 0, 0
48000, 98416, 0, 0, 0
49000, 101406, 0, 0, 0
50000, 100445, 0, 0, 0
51000, 99508, 0, 0, 0
52000, 111696, 0, 0, 0
53000, 104371, 0, 0, 0
54000, 102219, 0, 0, 0
55000, 103674, 0, 0, 0
56000, 102611, 0, 0, 0
57000, 103580, 0, 0, 0
58000, 97651, 0, 0, 0
59000, 99576, 0, 0, 0
60000, 99358, 0, 0, 0
61000, 100917, 0, 0, 0
62000, 101755, 0, 0, 0
63000, 109405, 0, 0, 0
64000, 100329, 0, 0, 0
65000, 100989, 0, 0, 0
66000, 103883, 0, 0, 0
67000, 104491, 0, 0, 0
68000, 100585, 0, 0, 0
69000, 99352, 0, 0, 0
70000, 100755, 0, 0, 0
71000, 100990, 0, 0, 0
72000, 98400, 0, 0, 0
73000, 106703, 0, 0, 0
74000, 103143, 0, 0, 0
75000, 100492, 0, 0, 0
76000, 104533, 0, 0, 0
77000, 103176, 0, 0, 0
78000, 102525, 0, 0, 0
79000, 99045, 0, 0, 0
80000, 99458, 0, 0, 0
81000, 99820, 0, 0, 0
82000, 101718, 0, 0, 0
83000, 101560, 0, 0, 0
84000, 110283, 0, 0, 0
85000, 100282, 0, 0, 0
86000, 100855, 0, 0, 0
87000, 103899, 0, 0, 0
88000, 103229, 0, 0, 0
89000, 101804, 0, 0, 0
90000, 99170, 0, 0, 0
91000, 99593, 0, 0, 0
92000, 99986, 0, 0, 0
93000, 98524, 0, 0, 0
94000, 106438, 0, 0, 0
95001, 104640, 0, 0, 0
96000, 102168, 0, 0, 0
97000, 104206, 0, 0, 0
98000, 103661, 0, 0, 0
99000, 101431, 0, 0, 0
100000, 99249, 0, 0, 0
101000, 100523, 0, 0, 0
102000, 99406, 0, 0, 0
103000, 101092, 0, 0, 0
104000, 99360, 0, 0, 0
105000, 109540, 0, 0, 0
106000, 102417, 0, 0, 0
107000, 100971, 0, 0, 0
108000, 104116, 0, 0, 0
109000, 102824, 0, 0, 0
110000, 101456, 0, 0, 0
111000, 98450, 0, 0, 0
112000, 99791, 0, 0, 0
113000, 99942, 0, 0, 0
114000, 98280, 0, 0, 0
115000, 107943, 0, 0, 0
116000, 106060, 0, 0, 0
117000, 102877, 0, 0, 0
118000, 103378, 0, 0, 0
119000, 103123, 0, 0, 0
120000, 104065, 0, 0, 0
121000, 101250, 0, 0, 0
122000, 98732, 0, 0, 0
123000, 100448, 0, 0, 0
124000, 100756, 0, 0, 0
125000, 101359, 0, 0, 0
126000, 111725, 0, 0, 0
127000, 102030, 0, 0, 0
128000, 103401, 0, 0, 0
129000, 103843, 0, 0, 0
130000, 101949, 0, 0, 0
131000, 101888, 0, 0, 0
132000, 97859, 0, 0, 0
133000, 99436, 0, 0, 0
134000, 99734, 0, 0, 0
135000, 100188, 0, 0, 0
136000, 102869, 0, 0, 0
137000, 110129, 0, 0, 0
138000, 101628, 0, 0, 0
139000, 104744, 0, 0, 0
140000, 103722, 0, 0, 0
141000, 103308, 0, 0, 0
142000, 99758, 0, 0, 0
143000, 98959, 0, 0, 0
144000, 100420, 0, 0, 0
145000, 101529, 0, 0, 0
146000, 98420, 0, 0, 0
147000, 111183, 0, 0, 0
148000, 104511, 0, 0, 0
149000, 102131, 0, 0, 0
150000, 104929, 0, 0, 0
151000, 102412, 0, 0, 0
152000, 105356, 0, 0, 0
153000, 99259, 0, 0, 0
154000, 99645, 0, 0, 0
155000, 100494, 0, 0, 0
156000, 101207, 0, 0, 0
157000, 104030, 0, 0, 0
158000, 110901, 0, 0, 0
159000, 103364, 0, 0, 0
160000, 103755, 0, 0, 0
161000, 105110, 0, 0, 0
162000, 103709, 0, 0, 0
163000, 101377, 0, 0, 0
164000, 98072, 0, 0, 0
165000, 101328, 0, 0, 0
166000, 100846, 0, 0, 0
167000, 98654, 0, 0, 0
168000, 111224, 0, 0, 0
169000, 104706, 0, 0, 0
170000, 101982, 0, 0, 0
171000, 103701, 0, 0, 0
172000, 102416, 0, 0, 0
173000, 102889, 0, 0, 0
174000, 99272, 0, 0, 0
175000, 100560, 0, 0, 0
176000, 100131, 0, 0, 0
177000, 100534, 0, 0, 0
178001, 102670, 0, 0, 0
179000, 107805, 0, 0, 0
180000, 101210, 0, 0, 0
181000, 103258, 0, 0, 0
182000, 101950, 0, 0, 0
183000, 102618, 0, 0, 0
184000, 102051, 0, 0, 0
185000, 98739, 0, 0, 0
186000, 101467, 0, 0, 0
187000, 101050, 0, 0, 0
188000, 99646, 0, 0, 0
189000, 109107, 0, 0, 0
190000, 104176, 0, 0, 0
191000, 101006, 0, 0, 0
192000, 102225, 0, 0, 0
193000, 101652, 0, 0, 0
194000, 102545, 0, 0, 0
195000, 99639, 0, 0, 0
196000, 100370, 0, 0, 0
197000, 100500, 0, 0, 0
198000, 101512, 0, 0, 0
199000, 99987, 0, 0, 0
200000, 109018, 0, 0, 0
201000, 100921, 0, 0, 0
202000, 102489, 0, 0, 0
203001, 104017, 0, 0, 0
204000, 103092, 0, 0, 0
205001, 102158, 0, 0, 0
206000, 97605, 0, 0, 0
207000, 102301, 0, 0, 0
208000, 100047, 0, 0, 0
209000, 99096, 0, 0, 0
210000, 107913, 0, 0, 0
211000, 104024, 0, 0, 0
212000, 100658, 0, 0, 0
213000, 102796, 0, 0, 0
214000, 102556, 0, 0, 0
215000, 102105, 0, 0, 0
216000, 100082, 0, 0, 0
217000, 99569, 0, 0, 0
218000, 100985, 0, 0, 0
219000, 99637, 0, 0, 0
220000, 100545, 0, 0, 0
221000, 109431, 0, 0, 0
222000, 104038, 0, 0, 0
223000, 102689, 0, 0, 0
224000, 105836, 0, 0, 0
225000, 102341, 0, 0, 0
226000, 101912, 0, 0, 0
227000, 99984, 0, 0, 0
228000, 100685, 0, 0, 0
229000, 100569, 0, 0, 0
230000, 100026, 0, 0, 0
231000, 105714, 0, 0, 0
232000, 104850, 0, 0, 0
233000, 100228, 0, 0, 0
234000, 103116, 0, 0, 0
235000, 101688, 0, 0, 0
236000, 103793, 0, 0, 0
237000, 100425, 0, 0, 0
238000, 98543, 0, 0, 0
239000, 100520, 0, 0, 0
240000, 100927, 0, 0, 0
241001, 100300, 0, 0, 0
242000, 109405, 0, 0, 0
243000, 102429, 0, 0, 0
244000, 102301, 0, 0, 0
245000, 104232, 0, 0, 0
246000, 102868, 0, 0, 0
247000, 102278, 0, 0, 0
248000, 99118, 0, 0, 0
249000, 100024, 0, 0, 0
250000, 99356, 0, 0, 0
251000, 98737, 0, 0, 0
252000, 104328, 0, 0, 0
253000, 109413, 0, 0, 0
254000, 102566, 0, 0, 0
255000, 102868, 0, 0, 0
256000, 103709, 0, 0, 0
257000, 104558, 0, 0, 0
258000, 101474, 0, 0, 0
259000, 98929, 0, 0, 0
260000, 100430, 0, 0, 0
261000, 99375, 0, 0, 0
262000, 98899, 0, 0, 0
263000, 111842, 0, 0, 0
264001, 102781, 0, 0, 0
265001, 100929, 0, 0, 0
266000, 104383, 0, 0, 0
267000, 103322, 0, 0, 0
268000, 102010, 0, 0, 0
269000, 99298, 0, 0, 0
270000, 100831, 0, 0, 0
271000, 101322, 0, 0, 0
272000, 100345, 0, 0, 0
273000, 103315, 0, 0, 0
274000, 110451, 0, 0, 0
275000, 100020, 0, 0, 0
276000, 103372, 0, 0, 0
277000, 103531, 0, 0, 0
278000, 102957, 0, 0, 0
279000, 101582, 0, 0, 0
280000, 96862, 0, 0, 0
281000, 100137, 0, 0, 0
282000, 100859, 0, 0, 0
283000, 97610, 0, 0, 0
284000, 108852, 0, 0, 0
285000, 103133, 0, 0, 0
286000, 100011, 0, 0, 0
287000, 103119, 0, 0, 0
288000, 101420, 0, 0, 0
289000, 103588, 0, 0, 0
290000, 99670, 0, 0, 0
291000, 99988, 0, 0, 0
292000, 99956, 0, 0, 0
293000, 100491, 0, 0, 0
294000, 101417, 0, 0, 0
295000, 110851, 0, 0, 0
296000, 102630, 0, 0, 0
297000, 104658, 0, 0, 0
298000, 104035, 0, 0, 0
299000, 104586, 0, 0, 0
300000, 101259, 0, 0, 0
301000, 98532, 0, 0, 0
302000, 99919, 0, 0, 0
303000, 101838, 0, 0, 0
304000, 100308, 0, 0, 0
305000, 110026, 0, 0, 0
306000, 104337, 0, 0, 0
307000, 100336, 0, 0, 0
308000, 103953, 0, 0, 0
309000, 103840, 0, 0, 0
310000, 101124, 0, 0, 0
311000, 98227, 0, 0, 0
312000, 100323, 0, 0, 0
313000, 100726, 0, 0, 0
314000, 100027, 0, 0, 0
315000, 100290, 0, 0, 0
316000, 110928, 0, 0, 0
317000, 102872, 0, 0, 0
318000, 104052, 0, 0, 0
319000, 105301, 0, 0, 0
320000, 102886, 0, 0, 0
321000, 101830, 0, 0, 0
322000, 98306, 0, 0, 0
323000, 98576, 0, 0, 0
324000, 99709, 0, 0, 0
325000, 100397, 0, 0, 0
326000, 110602, 0, 0, 0
327000, 105820, 0, 0, 0
328000, 102080, 0, 0, 0
329000, 104105, 0, 0, 0
330000, 104410, 0, 0, 0
331000, 102841, 0, 0, 0
332000, 100395, 0, 0, 0
333000, 99174, 0, 0, 0
334000, 101139, 0, 0, 0
335000, 101492, 0, 0, 0
336000, 102173, 0, 0, 0
337000, 109285, 0, 0, 0
338000, 103762, 0, 0, 0
339000, 104617, 0, 0, 0
340000, 104630, 0, 0, 0
341000, 102926, 0, 0, 0
342000, 102451, 0, 0, 0
343000, 100132, 0, 0, 0
344000, 100892, 0, 0, 0
345000, 99667, 0, 0, 0
346000, 100543, 0, 0, 0
347000, 108376, 0, 0, 0
348000, 104414, 0, 0, 0
349000, 101165, 0, 0, 0
350000, 104579, 0, 0, 0
351000, 103075, 0, 0, 0
352000, 104332, 0, 0, 0
353000, 100414, 0, 0, 0
354000, 100697, 0, 0, 0
355000, 99931, 0, 0, 0
356000, 100159, 0, 0, 0
357000, 99012, 0, 0, 0
358000, 109784, 0, 0, 0
359000, 104318, 0, 0, 0
360000, 103267, 0, 0, 0
