1000, 632946, 0, 0, 0
2001, 624736, 0, 0, 0
3000, 526676, 0, 0, 0
4000, 554122, 0, 0, 0
5001, 633756, 0, 0, 0
6001, 566252, 0, 0, 0
7002, 705763, 0, 0, 0
8000, 672892, 0, 0, 0
9000, 519916, 0, 0, 0
10000, 470735, 0, 0, 0
11000, 524848, 0, 0, 0
12000, 476488, 0, 0, 0
13000, 452656, 0, 0, 0
14001, 481286, 0, 0, 0
15000, 464408, 0, 0, 0
16000, 477244, 0, 0, 0
17001, 500104, 0, 0, 0
18000, 479369, 0, 0, 0
19001, 496639, 0, 0, 0
20000, 508248, 0, 0, 0
21000, 450118, 0, 0, 0
22000, 451089, 0, 0, 0
23000, 479337, 0, 0, 0
24000, 464912, 0, 0, 0
25000, 489614, 0, 0, 0
26000, 485374, 0, 0, 0
27000, 484579, 0, 0, 0
28000, 472355, 0, 0, 0
29000, 562565, 0, 0, 0
30001, 589003, 0, 0, 0
31000, 845115, 0, 0, 0
32000, 775765, 0, 0, 0
33001, 539830, 0, 0, 0
34001, 464643, 0, 0, 0
35000, 524393, 0, 0, 0
36001, 478158, 0, 0, 0
37000, 433169, 0, 0, 0
38000, 493223, 0, 0, 0
39000, 463409, 0, 0, 0
40000, 435401, 0, 0, 0
41001, 477410, 0, 0, 0
42000, 503940, 0, 0, 0
43000, 521902, 0, 0, 0
44000, 591292, 0, 0, 0
45000, 673548, 0, 0, 0
46000, 591133, 0, 0, 0
47001, 658055, 0, 0, 0
48001, 681188, 0, 0, 0
49000, 616077, 0, 0, 0
50000, 625945, 0, 0, 0
51001, 635799, 0, 0, 0
52002, 708960, 0, 0, 0
53000, 626534, 0, 0, 0
54000, 549755, 0, 0, 0
55001, 672600, 0, 0, 0
56000, 650294, 0, 0, 0
57000, 609655, 0, 0, 0
58000, 628033, 0, 0, 0
59001, 717755, 0, 0, 0
60000, 697230, 0, 0, 0
61001, 920625, 0, 0, 0
62000, 900377, 0, 0, 0
63000, 965742, 0, 0, 0
64001, 737234, 0, 0, 0
65000, 571227, 0, 0, 0
66000, 585504, 0, 0, 0
67001, 567062, 0, 0, 0
68001, 499237, 0, 0, 0
69000, 452401, 0, 0, 0
70001, 493982, 0, 0, 0
71000, 465246, 0, 0, 0
72000, 458786, 0, 0, 0
73000, 504411, 0, 0, 0
74000, 462497, 0, 0, 0
75000, 453932, 0, 0, 0
76001, 498758, 0, 0, 0
77000, 482863, 0, 0, 0
78024, 483340, 0, 0, 0
79000, 502998, 0, 0, 0
80000, 471477, 0, 0, 0
81000, 444850, 0, 0, 0
82001, 479260, 0, 0, 0
83000, 470037, 0, 0, 0
84000, 450346, 0, 0, 0
85000, 488961, 0, 0, 0
86000, 462886, 0, 0, 0
87000, 460926, 0, 0, 0
88001, 491551, 0, 0, 0
89001, 491001, 0, 0, 0
90001, 510220, 0, 0, 0
91000, 498847, 0, 0, 0
92001, 495698, 0, 0, 0
93000, 447435, 0, 0, 0
94000, 469661, 0, 0, 0
95001, 450615, 0, 0, 0
96000, 442920, 0, 0, 0
97000, 515737, 0, 0, 0
98000, 507758, 0, 0, 0
99000, 462475, 0, 0, 0
100000, 547028, 0, 0, 0
101000, 534508, 0, 0, 0
102000, 506390, 0, 0, 0
103001, 527563, 0, 0, 0
104001, 547377, 0, 0, 0
105000, 533157, 0, 0, 0
106000, 586045, 0, 0, 0
107000, 517657, 0, 0, 0
108001, 522647, 0, 0, 0
109001, 555997, 0, 0, 0
110001, 534708, 0, 0, 0
111000, 553952, 0, 0, 0
112000, 535281, 0, 0, 0
113001, 576613, 0, 0, 0
114001, 564572, 0, 0, 0
115001, 558532, 0, 0, 0
116000, 625662, 0, 0, 0
117000, 559369, 0, 0, 0
118000, 562923, 0, 0, 0
119000, 573811, 0, 0, 0
120000, 535814, 0, 0, 0
121000, 517125, 0, 0, 0
122001, 494046, 0, 0, 0
123000, 494688, 0, 0, 0
124001, 658921, 0, 0, 0
125001, 628478, 0, 0, 0
126001, 670619, 0, 0, 0
127002, 655333, 0, 0, 0
128000, 594818, 0, 0, 0
129000, 553481, 0, 0, 0
130001, 744187, 0, 0, 0
131001, 856025, 0, 0, 0
132001, 682097, 0, 0, 0
133000, 764206, 0, 0, 0
134002, 681489, 0, 0, 0
135001, 605374, 0, 0, 0
136000, 610617, 0, 0, 0
137000, 545937, 0, 0, 0
138000, 496676, 0, 0, 0
139000, 467819, 0, 0, 0
140000, 493129, 0, 0, 0
141000, 485879, 0, 0, 0
142000, 480540, 0, 0, 0
143001, 513538, 0, 0, 0
144001, 489971, 0, 0, 0
145000, 506467, 0, 0, 0
146000, 520465, 0, 0, 0
147001, 448972, 0, 0, 0
148000, 463607, 0, 0, 0
149000, 511068, 0, 0, 0
150001, 459888, 0, 0, 0
151000, 463418, 0, 0, 0
152002, 503319, 0, 0, 0
153000, 470440, 0, 0, 0
154000, 434706, 0, 0, 0
155000, 523838, 0, 0, 0
156001, 563390, 0, 0, 0
157000, 508845, 0, 0, 0
158000, 588601, 0, 0, 0
159000, 568898, 0, 0, 0
160000, 538629, 0, 0, 0
161001, 499216, 0, 0, 0
162003, 534512, 0, 0, 0
163001, 484449, 0, 0, 0
164000, 474503, 0, 0, 0
165000, 532252, 0, 0, 0
166002, 542110, 0, 0, 0
167000, 476230, 0, 0, 0
168001, 543319, 0, 0, 0
169000, 474483, 0, 0, 0
170001, 511255, 0, 0, 0
171000, 523653, 0, 0, 0
172000, 483258, 0, 0, 0
173000, 447924, 0, 0, 0
174001, 486148, 0, 0, 0
175000, 461325, 0, 0, 0
176000, 471183, 0, 0, 0
177000, 503666, 0, 0, 0
178001, 492687, 0, 0, 0
179002, 485088, 0, 0, 0
180001, 490101, 0, 0, 0
181000, 493858, 0, 0, 0
182000, 469525, 0, 0, 0
183000, 498876, 0, 0, 0
184000, 448951, 0, 0, 0
185000, 493228, 0, 0, 0
186000, 481420, 0, 0, 0
187000, 450962, 0, 0, 0
188001, 499547, 0, 0, 0
189000, 549099, 0, 0, 0
190001, 596385, 0, 0, 0
191001, 568019, 0, 0, 0
192000, 608451, 0, 0, 0
193000, 574715, 0, 0, 0
194012, 535842, 0, 0, 0
195004, 568827, 0, 0, 0
196001, 536742, 0, 0, 0
197000, 590463, 0, 0, 0
198001, 641155, 0, 0, 0
199001, 588185, 0, 0, 0
200000, 495294, 0, 0, 0
201000, 521495, 0, 0, 0
202001, 569366, 0, 0, 0
203000, 531981, 0, 0, 0
204001, 515479, 0, 0, 0
205000, 497651, 0, 0, 0
206000, 488929, 0, 0, 0
207001, 448409, 0, 0, 0
208000, 504322, 0, 0, 0
209000, 494331, 0, 0, 0
210001, 447987, 0, 0, 0
211000, 485508, 0, 0, 0
212000, 478677, 0, 0, 0
213000, 478461, 0, 0, 0
214000, 547335, 0, 0, 0
215000, 518546, 0, 0, 0
216000, 478498, 0, 0, 0
217001, 507598, 0, 0, 0
218001, 559723, 0, 0, 0
219000, 496983, 0, 0, 0
220000, 522579, 0, 0, 0
221000, 512480, 0, 0, 0
222000, 513040, 0, 0, 0
223000, 597416, 0, 0, 0
224001, 480789, 0, 0, 0
225001, 481283, 0, 0, 0
226000, 497680, 0, 0, 0
227000, 483969, 0, 0, 0
228001, 448056, 0, 0, 0
229000, 514665, 0, 0, 0
230001, 483472, 0, 0, 0
231000, 465044, 0, 0, 0
232002, 519441, 0, 0, 0
233000, 486116, 0, 0, 0
234000, 475477, 0, 0, 0
235000, 517088, 0, 0, 0
236000, 509788, 0, 0, 0
237000, 435715, 0, 0, 0
238000, 480378, 0, 0, 0
239000, 470072, 0, 0, 0
240000, 458212, 0, 0, 0
241000, 483658, 0, 0, 0
242000, 475317, 0, 0, 0
243000, 484928, 0, 0, 0
244000, 525575, 0, 0, 0
245000, 479321, 0, 0, 0
246000, 533237, 0, 0, 0
247000, 560016, 0, 0, 0
248000, 578195, 0, 0, 0
249001, 519028, 0, 0, 0
250000, 474895, 0, 0, 0
251001, 527805, 0, 0, 0
252001, 468074, 0, 0, 0
253000, 471260, 0, 0, 0
254001, 504346, 0, 0, 0
255001, 450377, 0, 0, 0
256001, 471604, 0, 0, 0
257000, 509278, 0, 0, 0
258001, 485039, 0, 0, 0
259001, 433317, 0, 0, 0
260000, 600804, 0, 0, 0
261000, 557301, 0, 0, 0
262001, 560545, 0, 0, 0
263000, 603728, 0, 0, 0
264001, 491423, 0, 0, 0
265000, 497287, 0, 0, 0
266000, 484546, 0, 0, 0
267000, 485257, 0, 0, 0
268000, 526401, 0, 0, 0
269000, 504187, 0, 0, 0
270000, 483812, 0, 0, 0
271000, 502708, 0, 0, 0
272000, 552640, 0, 0, 0
273000, 461185, 0, 0, 0
274001, 488869, 0, 0, 0
275001, 492013, 0, 0, 0
276000, 490555, 0, 0, 0
277000, 474507, 0, 0, 0
278000, 491435, 0, 0, 0
279000, 467067, 0, 0, 0
280000, 433308, 0, 0, 0
281000, 486851, 0, 0, 0
282002, 548267, 0, 0, 0
283000, 626785, 0, 0, 0
284001, 567957, 0, 0, 0
285001, 665299, 0, 0, 0
286003, 660363, 0, 0, 0
287000, 547563, 0, 0, 0
288001, 645128, 0, 0, 0
289001, 558220, 0, 0, 0
290000, 543125, 0, 0, 0
291000, 546661, 0, 0, 0
292000, 480972, 0, 0, 0
293000, 469169, 0, 0, 0
294001, 479955, 0, 0, 0
295000, 472113, 0, 0, 0
296000, 481795, 0, 0, 0
297000, 504251, 0, 0, 0
298000, 486400, 0, 0, 0
299000, 466744, 0, 0, 0
300000, 491185, 0, 0, 0
301002, 471108, 0, 0, 0
302000, 483612, 0, 0, 0
303000, 485885, 0, 0, 0
304001, 519309, 0, 0, 0
305000, 513683, 0, 0, 0
306000, 547912, 0, 0, 0
307000, 509772, 0, 0, 0
308001, 517799, 0, 0, 0
309001, 528099, 0, 0, 0
310000, 552555, 0, 0, 0
311000, 505456, 0, 0, 0
312000, 483330, 0, 0, 0
313000, 492992, 0, 0, 0
314001, 473290, 0, 0, 0
315001, 506287, 0, 0, 0
316000, 529250, 0, 0, 0
317000, 485881, 0, 0, 0
318000, 470207, 0, 0, 0
319002, 491685, 0, 0, 0
320000, 469816, 0, 0, 0
321000, 462865, 0, 0, 0
322001, 543440, 0, 0, 0
323000, 471525, 0, 0, 0
324000, 539384, 0, 0, 0
325002, 555452, 0, 0, 0
326001, 531768, 0, 0, 0
327001, 455023, 0, 0, 0
328000, 487030, 0, 0, 0
329002, 473427, 0, 0, 0
330000, 478719, 0, 0, 0
331001, 499655, 0, 0, 0
332000, 480797, 0, 0, 0
333000, 457257, 0, 0, 0
334001, 505111, 0, 0, 0
335000, 488522, 0, 0, 0
336001, 487265, 0, 0, 0
337001, 505567, 0, 0, 0
338000, 533313, 0, 0, 0
339000, 561801, 0, 0, 0
340001, 589178, 0, 0, 0
341000, 508291, 0, 0, 0
342001, 472449, 0, 0, 0
343000, 537478, 0, 0, 0
344001, 509947, 0, 0, 0
345000, 471141, 0, 0, 0
346000, 517843, 0, 0, 0
347000, 522989, 0, 0, 0
348000, 462246, 0, 0, 0
349000, 486198, 0, 0, 0
350000, 488317, 0, 0, 0
351002, 548341, 0, 0, 0
352000, 519611, 0, 0, 0
353000, 476840, 0, 0, 0
354001, 475681, 0, 0, 0
355000, 499035, 0, 0, 0
356000, 479606, 0, 0, 0
357000, 428764, 0, 0, 0
358000, 473656, 0, 0, 0
359000, 455669, 0, 0, 0
360000, 481000, 0, 0, 0
