1000, 107688, 0, 0, 0
2000, 109296, 0, 0, 0
3000, 108304, 0, 0, 0
4000, 105360, 0, 0, 0
5000, 104878, 0, 0, 0
6000, 104827, 0, 0, 0
7000, 105398, 0, 0, 0
8000, 103410, 0, 0, 0
9000, 114039, 0, 0, 0
10000, 110378, 0, 0, 0
11000, 109174, 0, 0, 0
12001, 108538, 0, 0, 0
13000, 109965, 0, 0, 0
14000, 107010, 0, 0, 0
15000, 107265, 0, 0, 0
16000, 104721, 0, 0, 0
17000, 105411, 0, 0, 0
18000, 105796, 0, 0, 0
19000, 104418, 0, 0, 0
20000, 114791, 0, 0, 0
21000, 109180, 0, 0, 0
22000, 107081, 0, 0, 0
23000, 107690, 0, 0, 0
24000, 106900, 0, 0, 0
25000, 107625, 0, 0, 0
26000, 104498, 0, 0, 0
27000, 106500, 0, 0, 0
28000, 104963, 0, 0, 0
29000, 104619, 0, 0, 0
30000, 105882, 0, 0, 0
31000, 114167, 0, 0, 0
32000, 106497, 0, 0, 0
33000, 107678, 0, 0, 0
34000, 106918, 0, 0, 0
35000, 107839, 0, 0, 0
36000, 106214, 0, 0, 0
37000, 102534, 0, 0, 0
38000, 106436, 0, 0, 0
39000, 105741, 0, 0, 0
40000, 102469, 0, 0, 0
41000, 116027, 0, 0, 0
42000, 110433, 0, 0, 0
43000, 105766, 0, 0, 0
44001, 109495, 0, 0, 0
45000, 106465, 0, 0, 0
46000, 107744, 0, 0, 0
47000, 104718, 0, 0, 0
48000, 105400, 0, 0, 0
49000, 105180, 0, 0, 0
50000, 104261, 0, 0, 0
51000, 106058, 0, 0, 0
52000, 113163, 0, 0, 0
53000, 106343, 0, 0, 0
54000, 105108, 0, 0, 0
55000, 109136, 0, 0, 0
56000, 107232, 0, 0, 0
57000, 108515, 0, 0, 0
58000, 103539, 0, 0, 0
59000, 105930, 0, 0, 0
60000, 105024, 0, 0, 0
61000, 103897, 0, 0, 0
62000, 111273, 0, 0, 0
63000, 112165, 0, 0, 0
64000, 106579, 0, 0, 0
65000, 109314, 0, 0, 0
66000, 110101, 0, 0, 0
67000, 109462, 0, 0, 0
68000, 106036, 0, 0, 0
69000, 105011, 0, 0, 0
70000, 105072, 0, 0, 0
71000, 106589, 0, 0, 0
72000, 105419, 0, 0, 0
73000, 115348, 0, 0, 0
74000, 108282, 0, 0, 0
75000, 106704, 0, 0, 0
76000, 108069, 0, 0, 0
77000, 107250, 0, 0, 0
78000, 108799, 0, 0, 0
79000, 102993, 0, 0, 0
80000, 103390, 0, 0, 0
81000, 104612, 0, 0, 0
82000, 105562, 0, 0, 0
83000, 107324, 0, 0, 0
84000, 114661, 0, 0, 0
85000, 109054, 0, 0, 0
86000, 108352, 0, 0, 0
87000, 106406, 0, 0, 0
88000, 108745, 0, 0, 0
89000, 106582, 0, 0, 0
90000, 103916, 0, 0, 0
91000, 105947, 0, 0, 0
92000, 105005, 0, 0, 0
93000, 104239, 0, 0, 0
94000, 114279, 0, 0, 0
95000, 107208, 0, 0, 0
96000, 105336, 0, 0, 0
97000, 107704, 0, 0, 0
98000, 106740, 0, 0, 0
99000, 106826, 0, 0, 0
100000, 104055, 0, 0, 0
101000, 105114, 0, 0, 0
102000, 105240, 0, 0, 0
103000, 105690, 0, 0, 0
104000, 105988, 0, 0, 0
105000, 113630, 0, 0, 0
106000, 109502, 0, 0, 0
107000, 109463, 0, 0, 0
108000, 107890, 0, 0, 0
109000, 107549, 0, 0, 0
110000, 104443, 0, 0, 0
111000, 104009, 0, 0, 0
112000, 104349, 0, 0, 0
113000, 105974, 0, 0, 0
114000, 103490, 0, 0, 0
115000, 115317, 0, 0, 0
116000, 108596, 0, 0, 0
117001, 108025, 0, 0, 0
118000, 109241, 0, 0, 0
119000, 106510, 0, 0, 0
120000, 109248, 0, 0, 0
121000, 103636, 0, 0, 0
122000, 105158, 0, 0, 0
123000, 105081, 0, 0, 0
124000, 105754, 0, 0, 0
125000, 106015, 0, 0, 0
126000, 116544, 0, 0, 0
127000, 108202, 0, 0, 0
128000, 108866, 0, 0, 0
129000, 109234, 0, 0, 0
130000, 109296, 0, 0, 0
131000, 108825, 0, 0, 0
132000, 103322, 0, 0, 0
133000, 105759, 0, 0, 0
134000, 103637, 0, 0, 0
135000, 104817, 0, 0, 0
136000, 113909, 0, 0, 0
137000, 107855, 0, 0, 0
138000, 105675, 0, 0, 0
139000, 107319, 0, 0, 0
140000, 108230, 0, 0, 0
141000, 108286, 0, 0, 0
142000, 105873, 0, 0, 0
143000, 105048, 0, 0, 0
144000, 104691, 0, 0, 0
145000, 104771, 0, 0, 0
146000, 104848, 0, 0, 0
147000, 115191, 0, 0, 0
148000, 107294, 0, 0, 0
149000, 107048, 0, 0, 0
150000, 109140, 0, 0, 0
151000, 107151, 0, 0, 0
152000, 107074, 0, 0, 0
153000, 103577, 0, 0, 0
154000, 104220, 0, 0, 0
155000, 102915, 0, 0, 0
156000, 103976, 0, 0, 0
157000, 108941, 0, 0, 0
158000, 112471, 0, 0, 0
159000, 106032, 0, 0, 0
160000, 108443, 0, 0, 0
161000, 109052, 0, 0, 0
162000, 109373, 0, 0, 0
163000, 105321, 0, 0, 0
164000, 105035, 0, 0, 0
165000, 106039, 0, 0, 0
166000, 106708, 0, 0, 0
167000, 103909, 0, 0, 0
168000, 114684, 0, 0, 0
169000, 108716, 0, 0, 0
170000, 104530, 0, 0, 0
171000, 108900, 0, 0, 0
172000, 106827, 0, 0, 0
173000, 106088, 0, 0, 0
174000, 104382, 0, 0, 0
175000, 106062, 0, 0, 0
176000, 104451, 0, 0, 0
177000, 105856, 0, 0, 0
178000, 104484, 0, 0, 0
179000, 113057, 0, 0, 0
180000, 105329, 0, 0, 0
181000, 106533, 0, 0, 0
182000, 110063, 0, 0, 0
183000, 107626, 0, 0, 0
184000, 106890, 0, 0, 0
185000, 103809, 0, 0, 0
186000, 103290, 0, 0, 0
187000, 104731, 0, 0, 0
188000, 104126, 0, 0, 0
189000, 112706, 0, 0, 0
190000, 109399, 0, 0, 0
191000, 108059, 0, 0, 0
192000, 111072, 0, 0, 0
193000, 108271, 0, 0, 0
194000, 108904, 0, 0, 0
195000, 104820, 0, 0, 0
196000, 103443, 0, 0, 0
197000, 106303, 0, 0, 0
198000, 105085, 0, 0, 0
199000, 104517, 0, 0, 0
200000, 114811, 0, 0, 0
201000, 107732, 0, 0, 0
202000, 108304, 0, 0, 0
203000, 108487, 0, 0, 0
204000, 105661, 0, 0, 0
205000, 107703, 0, 0, 0
206000, 104901, 0, 0, 0
207000, 104702, 0, 0, 0
208000, 105975, 0, 0, 0
209000, 103653, 0, 0, 0
210000, 115250, 0, 0, 0
211000, 109538, 0, 0, 0
212000, 109073, 0, 0, 0
213000, 108482, 0, 0, 0
214000, 106848, 0, 0, 0
215000, 106905, 0, 0, 0
216000, 105013, 0, 0, 0
217000, 102244, 0, 0, 0
218000, 106598, 0, 0, 0
219000, 106071, 0, 0, 0
220000, 104472, 0, 0, 0
221000, 115430, 0, 0, 0
222000, 107110, 0, 0, 0
223000, 105748, 0, 0, 0
224000, 110288, 0, 0, 0
225000, 105750, 0, 0, 0
226000, 108115, 0, 0, 0
227000, 103913, 0, 0, 0
228000, 103418, 0, 0, 0
229000, 105042, 0, 0, 0
230000, 103802, 0, 0, 0
231000, 107730, 0, 0, 0
232000, 114107, 0, 0, 0
233000, 104620, 0, 0, 0
234000, 108317, 0, 0, 0
235000, 106890, 0, 0, 0
236000, 108705, 0, 0, 0
237000, 106758, 0, 0, 0
238000, 102081, 0, 0, 0
239001, 104608, 0, 0, 0
240000, 105134, 0, 0, 0
241000, 104211, 0, 0, 0
242000, 114183, 0, 0, 0
243000, 111076, 0, 0, 0
244001, 106232, 0, 0, 0
245001, 108847, 0, 0, 0
246000, 106731, 0, 0, 0
247000, 110749, 0, 0, 0
248000, 105072, 0, 0, 0
249000, 103925, 0, 0, 0
250000, 105086, 0, 0, 0
251000, 105125, 0, 0, 0
252000, 105452, 0, 0, 0
253000, 114298, 0, 0, 0
254000, 107188, 0, 0, 0
255000, 107422, 0, 0, 0
256000, 108942, 0, 0, 0
257000, 105970, 0, 0, 0
258000, 107077, 0, 0, 0
259000, 103832, 0, 0, 0
260000, 104696, 0, 0, 0
261000, 104406, 0, 0, 0
262000, 103102, 0, 0, 0
263000, 106925, 0, 0, 0
264001, 113119, 0, 0, 0
265000, 104742, 0, 0, 0
266000, 108703, 0, 0, 0
267000, 108399, 0, 0, 0
268000, 108309, 0, 0, 0
269000, 106644, 0, 0, 0
270000, 103042, 0, 0, 0
271000, 106194, 0, 0, 0
272000, 104266, 0, 0, 0
273000, 103368, 0, 0, 0
274000, 113743, 0, 0, 0
275000, 107470, 0, 0, 0
276000, 104613, 0, 0, 0
277000, 108126, 0, 0, 0
278000, 106607, 0, 0, 0
279000, 108241, 0, 0, 0
280000, 104030, 0, 0, 0
281000, 105579, 0, 0, 0
282000, 104650, 0, 0, 0
283000, 105511, 0, 0, 0
284000, 105067, 0, 0, 0
285000, 114170, 0, 0, 0
286000, 106574, 0, 0, 0
287000, 107772, 0, 0, 0
288000, 107254, 0, 0, 0
289000, 108002, 0, 0, 0
290000, 106464, 0, 0, 0
291000, 104658, 0, 0, 0
292000, 104641, 0, 0, 0
293000, 106408, 0, 0, 0
294000, 103366, 0, 0, 0
295000, 109442, 0, 0, 0
296000, 109043, 0, 0, 0
297000, 104973, 0, 0, 0
298000, 108016, 0, 0, 0
299000, 107995, 0, 0, 0
300000, 109644, 0, 0, 0
301000, 104037, 0, 0, 0
302000, 103539, 0, 0, 0
303000, 105663, 0, 0, 0
304000, 106962, 0, 0, 0
305000, 106545, 0, 0, 0
306000, 115820, 0, 0, 0
307000, 107330, 0, 0, 0
308000, 107452, 0, 0, 0
309000, 108506, 0, 0, 0
310000, 106537, 0, 0, 0
311000, 107557, 0, 0, 0
312000, 102827, 0, 0, 0
313000, 103517, 0, 0, 0
314000, 104076, 0, 0, 0
315000, 105560, 0, 0, 0
316000, 105262, 0, 0, 0
317000, 112329, 0, 0, 0
318000, 107073, 0, 0, 0
319000, 107152, 0, 0, 0
320000, 110912, 0, 0, 0
321000, 107012, 0, 0, 0
322000, 107236, 0, 0, 0
323000, 103584, 0, 0, 0
324000, 103342, 0, 0, 0
325000, 104902, 0, 0, 0
326000, 104370, 0, 0, 0
327001, 115310, 0, 0, 0
328000, 109489, 0, 0, 0
329000, 105732, 0, 0, 0
330000, 108860, 0, 0, 0
331000, 106995, 0, 0, 0
332000, 107224, 0, 0, 0
333000, 104506, 0, 0, 0
334000, 104720, 0, 0, 0
335000, 104239, 0, 0, 0
336000, 105675, 0, 0, 0
337000, 105026, 0, 0, 0
338000, 115821, 0, 0, 0
339000, 106015, 0, 0, 0
340000, 106494, 0, 0, 0
341000, 109184, 0, 0, 0
342000, 108569, 0, 0, 0
343000, 107997, 0, 0, 0
344000, 105410, 0, 0, 0
345000, 104559, 0, 0, 0
346000, 104497, 0, 0, 0
347000, 104166, 0, 0, 0
348000, 110510, 0, 0, 0
349001, 223504, 0, 0, 0
350000, 201561, 0, 0, 0
351001, 202427, 0, 0, 0
352000, 197298, 0, 0, 0
353001, 177617, 0, 0, 0
354000, 161163, 0, 0, 0
355000, 182000, 0, 0, 0
356000, 182281, 0, 0, 0
357000, 165232, 0, 0, 0
358000, 154537, 0, 0, 0
359000, 185532, 0, 0, 0
360000, 157926, 0, 0, 0
