1006, 972876, 1, 0, 0
2000, 546293, 1, 0, 0
3000, 471018, 1, 0, 0
4000, 472404, 1, 0, 0
5000, 592734, 1, 0, 0
6000, 563941, 1, 0, 0
7000, 522834, 1, 0, 0
8000, 575059, 1, 0, 0
9000, 589259, 1, 0, 0
10000, 573607, 1, 0, 0
11000, 562312, 1, 0, 0
12001, 1237895, 1, 0, 0
13000, 1525233, 1, 0, 0
14000, 1594155, 1, 0, 0
15002, 1664149, 1, 0, 0
16001, 1707914, 1, 0, 0
17000, 1677431, 1, 0, 0
18006, 1686750, 1, 0, 0
19003, 1684571, 1, 0, 0
20007, 1686840, 1, 0, 0
21000, 626368, 1, 0, 0
22000, 464092, 1, 0, 0
23000, 465782, 1, 0, 0
24000, 554723, 1, 0, 0
25000, 724382, 1, 0, 0
26000, 657161, 1, 0, 0
27002, 619748, 1, 0, 0
28000, 695264, 1, 0, 0
29000, 814201, 1, 0, 0
30007, 805805, 1, 0, 0
31000, 980336, 1, 0, 0
32000, 1026963, 1, 0, 0
33000, 866904, 1, 0, 0
34000, 868441, 1, 0, 0
35000, 809775, 1, 0, 0
36004, 822622, 1, 0, 0
37000, 884877, 1, 0, 0
38004, 875571, 1, 0, 0
39000, 826490, 1, 0, 0
40003, 874713, 1, 0, 0
41000, 880008, 1, 0, 0
42000, 901766, 1, 0, 0
43000, 921317, 1, 0, 0
44006, 909026, 1, 0, 0
45000, 896813, 1, 0, 0
46004, 865974, 1, 0, 0
47003, 906633, 1, 0, 0
48003, 990311, 1, 0, 0
49000, 1046742, 1, 0, 0
50000, 1107509, 1, 0, 0
51000, 1040213, 1, 0, 0
52001, 1114229, 1, 0, 0
53006, 1127626, 1, 0, 0
54007, 1040990, 1, 0, 0
55000, 1064114, 1, 0, 0
56008, 986070, 1, 0, 0
57000, 1064382, 1, 0, 0
58000, 1015184, 1, 0, 0
59006, 1013217, 1, 0, 0
60007, 954340, 1, 0, 0
61000, 930492, 1, 0, 0
62003, 1116417, 1, 0, 0
63000, 1396298, 1, 0, 0
64000, 1499911, 1, 0, 0
65007, 1595760, 1, 0, 0
66002, 1577470, 1, 0, 0
67000, 1553515, 1, 0, 0
68007, 1610007, 1, 0, 0
69010, 1566488, 1, 0, 0
70000, 1611604, 1, 0, 0
71010, 1638905, 1, 0, 0
72000, 1687325, 1, 0, 0
73008, 1689523, 1, 0, 0
74008, 1895123, 1, 0, 0
75010, 1712572, 1, 0, 0
76002, 1672131, 1, 0, 0
77005, 1763542, 1, 0, 0
78000, 1719608, 1, 0, 0
79000, 1718052, 1, 0, 0
80004, 1415172, 1, 0, 0
81000, 1378869, 1, 0, 0
82002, 1394155, 1, 0, 0
83000, 1341234, 1, 0, 0
84000, 1028798, 1, 0, 0
85001, 1022847, 1, 0, 0
86002, 1063639, 1, 0, 0
87000, 1048600, 1, 0, 0
88000, 793265, 1, 0, 0
89000, 480689, 1, 0, 0
90000, 465790, 1, 0, 0
91000, 466023, 1, 0, 0
92000, 500694, 1, 0, 0
93000, 523357, 1, 0, 0
94000, 506997, 1, 0, 0
95000, 529954, 1, 0, 0
96011, 508416, 1, 0, 0
97000, 495563, 1, 0, 0
98003, 649560, 1, 0, 0
99000, 644359, 1, 0, 0
100000, 646554, 1, 0, 0
101002, 905680, 1, 0, 0
102000, 971387, 1, 0, 0
103002, 1113858, 1, 0, 0
104003, 1833948, 1, 0, 0
105006, 1749289, 1, 0, 0
106000, 974918, 1, 0, 0
107004, 913604, 1, 0, 0
108000, 911483, 1, 0, 0
109000, 905769, 1, 0, 0
110000, 1120060, 1, 0, 0
111010, 1816519, 1, 0, 0
112006, 1778387, 1, 0, 0
113007, 1646122, 1, 0, 0
114000, 984315, 1, 0, 0
115000, 972712, 1, 0, 0
116000, 964643, 1, 0, 0
117000, 604415, 1, 0, 0
118000, 462268, 1, 0, 0
119000, 462097, 1, 0, 0
120000, 479019, 1, 0, 0
121000, 462665, 1, 0, 0
122000, 463772, 1, 0, 0
123000, 478294, 1, 0, 0
124000, 463285, 1, 0, 0
125000, 464501, 1, 0, 0
126012, 756388, 1, 0, 0
127008, 1779327, 1, 0, 0
128001, 1689585, 1, 0, 0
129004, 1756332, 1, 0, 0
130000, 1729678, 1, 0, 0
131000, 1642770, 1, 0, 0
132000, 1676747, 1, 0, 0
133000, 1683796, 1, 0, 0
134003, 1629621, 1, 0, 0
135010, 1607111, 1, 0, 0
136006, 1659556, 1, 0, 0
137007, 1656885, 1, 0, 0
138007, 1632056, 1, 0, 0
139007, 1660272, 1, 0, 0
140002, 1738960, 1, 0, 0
141002, 1814689, 1, 0, 0
142000, 1748400, 1, 0, 0
143002, 1664697, 1, 0, 0
144000, 550235, 1, 0, 0
145000, 480857, 1, 0, 0
146000, 465672, 1, 0, 0
147000, 464651, 1, 0, 0
148000, 1617918, 1, 0, 0
149000, 1758307, 1, 0, 0
150004, 1526104, 1, 0, 0
151009, 1296364, 1, 0, 0
152008, 1245515, 1, 0, 0
153008, 1241758, 1, 0, 0
154000, 1037740, 1, 0, 0
155000, 910336, 1, 0, 0
156008, 900625, 1, 0, 0
157006, 889670, 1, 0, 0
158007, 1025679, 1, 0, 0
159000, 1276249, 1, 0, 0
160001, 1288636, 1, 0, 0
161012, 1588035, 1, 0, 0
162001, 1742691, 1, 0, 0
163000, 1485438, 1, 0, 0
164000, 997759, 1, 0, 0
165000, 991331, 1, 0, 0
166005, 987608, 1, 0, 0
167001, 1512927, 1, 0, 0
168000, 1657747, 1, 0, 0
169000, 599151, 1, 0, 0
170000, 464447, 1, 0, 0
171000, 463117, 1, 0, 0
172000, 478629, 1, 0, 0
173000, 462703, 1, 0, 0
174000, 462361, 1, 0, 0
175004, 568068, 1, 0, 0
176000, 1019603, 1, 0, 0
177000, 964682, 1, 0, 0
178000, 837912, 1, 0, 0
179000, 921645, 1, 0, 0
180003, 1035460, 1, 0, 0
181007, 1115617, 1, 0, 0
182000, 1121307, 1, 0, 0
183000, 1114832, 1, 0, 0
184001, 1312639, 1, 0, 0
185005, 1350159, 1, 0, 0
186000, 1357823, 1, 0, 0
187006, 1343300, 1, 0, 0
188000, 1242409, 1, 0, 0
189008, 1192451, 1, 0, 0
190005, 1074515, 1, 0, 0
191008, 1080649, 1, 0, 0
192000, 1081016, 1, 0, 0
193000, 796813, 1, 0, 0
194000, 878404, 1, 0, 0
195000, 1138013, 1, 0, 0
196000, 1033245, 1, 0, 0
197007, 970140, 1, 0, 0
198008, 1003980, 1, 0, 0
199006, 1211118, 1, 0, 0
200002, 1272639, 1, 0, 0
201000, 1286843, 1, 0, 0
202000, 1418065, 1, 0, 0
203000, 1333691, 1, 0, 0
204007, 1381545, 1, 0, 0
205000, 1408919, 1, 0, 0
206000, 1528561, 1, 0, 0
207006, 1516273, 1, 0, 0
208001, 1438469, 1, 0, 0
209007, 1372772, 1, 0, 0
210001, 1300658, 1, 0, 0
211002, 1463826, 1, 0, 0
212005, 1295092, 1, 0, 0
213000, 1363022, 1, 0, 0
214001, 1377973, 1, 0, 0
215007, 1528118, 1, 0, 0
216000, 1548108, 1, 0, 0
217006, 1431666, 1, 0, 0
218008, 1364752, 1, 0, 0
219000, 1457473, 1, 0, 0
220003, 1618369, 1, 0, 0
221004, 1418760, 1, 0, 0
222000, 1488852, 1, 0, 0
223000, 1402682, 1, 0, 0
224005, 1246879, 1, 0, 0
225000, 1179976, 1, 0, 0
226005, 1174072, 1, 0, 0
227000, 1149850, 1, 0, 0
228010, 1525416, 1, 0, 0
229002, 1650591, 1, 0, 0
230006, 1711733, 1, 0, 0
231001, 1732086, 1, 0, 0
232007, 1765936, 1, 0, 0
233000, 1742388, 1, 0, 0
234000, 1547512, 1, 0, 0
235004, 1426039, 1, 0, 0
236000, 1386136, 1, 0, 0
237000, 1443971, 1, 0, 0
238003, 1647074, 1, 0, 0
239010, 1723595, 1, 0, 0
240004, 1760295, 1, 0, 0
241000, 1185666, 1, 0, 0
242000, 1054032, 1, 0, 0
243000, 1061424, 1, 0, 0
244007, 1005175, 1, 0, 0
245009, 1091102, 1, 0, 0
246000, 1423140, 1, 0, 0
247008, 1462882, 1, 0, 0
248000, 1475611, 1, 0, 0
249010, 1406599, 1, 0, 0
250002, 1010047, 1, 0, 0
251001, 978121, 1, 0, 0
252000, 968530, 1, 0, 0
253000, 1316648, 1, 0, 0
254002, 1802253, 1, 0, 0
255000, 1662401, 1, 0, 0
256000, 1210894, 1, 0, 0
257007, 1148057, 1, 0, 0
258000, 1104353, 1, 0, 0
259006, 1141031, 1, 0, 0
260001, 1595546, 1, 0, 0
261002, 1785316, 1, 0, 0
262008, 1565312, 1, 0, 0
263000, 1425212, 1, 0, 0
264000, 1367835, 1, 0, 0
265000, 1188341, 1, 0, 0
266000, 976849, 1, 0, 0
267000, 762827, 1, 0, 0
268005, 825892, 1, 0, 0
269003, 1141140, 1, 0, 0
270000, 1123738, 1, 0, 0
271007, 1367893, 1, 0, 0
272000, 1730021, 1, 0, 0
273000, 1620793, 1, 0, 0
274005, 1613791, 1, 0, 0
275004, 1571325, 1, 0, 0
276000, 1637842, 1, 0, 0
277001, 1894577, 1, 0, 0
278008, 1759951, 1, 0, 0
279009, 1731104, 1, 0, 0
280001, 1711706, 1, 0, 0
281000, 1727330, 1, 0, 0
282000, 1493928, 1, 0, 0
283000, 1230579, 1, 0, 0
284009, 1263045, 1, 0, 0
285002, 1268791, 1, 0, 0
286000, 922741, 1, 0, 0
287000, 470007, 1, 0, 0
288000, 464123, 1, 0, 0
289000, 590723, 1, 0, 0
290000, 1049301, 1, 0, 0
291002, 998385, 1, 0, 0
292005, 955326, 1, 0, 0
293005, 932881, 1, 0, 0
294005, 925001, 1, 0, 0
295000, 995381, 1, 0, 0
296000, 1063675, 1, 0, 0
297002, 1066424, 1, 0, 0
298000, 1054003, 1, 0, 0
299000, 1097457, 1, 0, 0
300008, 1166335, 1, 0, 0
301005, 1257175, 1, 0, 0
302004, 1405991, 1, 0, 0
303008, 1502799, 1, 0, 0
304000, 1467434, 1, 0, 0
305009, 1517989, 1, 0, 0
306000, 1528194, 1, 0, 0
307000, 1251752, 1, 0, 0
308000, 1159364, 1, 0, 0
309003, 1163023, 1, 0, 0
310000, 1180591, 1, 0, 0
311000, 1420505, 1, 0, 0
312005, 1798832, 1, 0, 0
313006, 1767778, 1, 0, 0
314010, 1598690, 1, 0, 0
315000, 1576877, 1, 0, 0
316000, 1506441, 1, 0, 0
317006, 1580454, 1, 0, 0
318000, 1557071, 1, 0, 0
319001, 1505928, 1, 0, 0
320000, 1738201, 1, 0, 0
321010, 1600297, 1, 0, 0
322002, 1542916, 1, 0, 0
323005, 1319389, 1, 0, 0
324003, 1281341, 1, 0, 0
325000, 1263835, 1, 0, 0
326003, 1296907, 1, 0, 0
327005, 1274287, 1, 0, 0
328007, 1275446, 1, 0, 0
329000, 1188102, 1, 0, 0
330000, 698846, 1, 0, 0
331000, 693489, 1, 0, 0
332000, 666257, 1, 0, 0
333000, 814205, 1, 0, 0
334003, 912126, 1, 0, 0
335000, 957908, 1, 0, 0
336000, 1484416, 1, 0, 0
337003, 1457225, 1, 0, 0
338000, 1102525, 1, 0, 0
339000, 1063085, 1, 0, 0
340010, 1139892, 1, 0, 0
341000, 1058888, 1, 0, 0
342000, 1168929, 1, 0, 0
343000, 1211774, 1, 0, 0
344004, 1201397, 1, 0, 0
345005, 1166546, 1, 0, 0
346000, 1233069, 1, 0, 0
347000, 1550963, 1, 0, 0
348005, 2017806, 1, 0, 0
349000, 1782309, 1, 0, 0
350000, 1766042, 1, 0, 0
351000, 1797674, 1, 0, 0
352000, 1832960, 1, 0, 0
353013, 1780973, 1, 0, 0
354007, 1816176, 1, 0, 0
355001, 1776879, 1, 0, 0
356000, 1644236, 1, 0, 0
357003, 1653780, 1, 0, 0
358002, 1596409, 1, 0, 0
359000, 1710605, 1, 0, 0
360001, 1555366, 1, 0, 0
360002, 12071973, 1, 0, 0
