999, 76768, 0, 0, 0
999, 76972, 1, 0, 0
2000, 78148, 0, 0, 0
2000, 77915, 1, 0, 0
2999, 74032, 0, 0, 0
2999, 73803, 1, 0, 0
3999, 79555, 0, 0, 0
3999, 79163, 1, 0, 0
4999, 85987, 0, 0, 0
4999, 85704, 1, 0, 0
6000, 92017, 0, 0, 0
6000, 90888, 1, 0, 0
6999, 86629, 0, 0, 0
6999, 86746, 1, 0, 0
8000, 86900, 0, 0, 0
8000, 86406, 1, 0, 0
8999, 90987, 0, 0, 0
8999, 91105, 1, 0, 0
9999, 86261, 0, 0, 0
9999, 86555, 1, 0, 0
10999, 80374, 0, 0, 0
10999, 80597, 1, 0, 0
11999, 75436, 0, 0, 0
11999, 75803, 1, 0, 0
12999, 78225, 0, 0, 0
12999, 78166, 1, 0, 0
13999, 65556, 0, 0, 0
13999, 65510, 1, 0, 0
14999, 67151, 0, 0, 0
14999, 67122, 1, 0, 0
15999, 74403, 0, 0, 0
15999, 73600, 1, 0, 0
16999, 67442, 0, 0, 0
16999, 67555, 1, 0, 0
18000, 69103, 0, 0, 0
18000, 69000, 1, 0, 0
18999, 76371, 0, 0, 0
18999, 76151, 1, 0, 0
19999, 73173, 0, 0, 0
19999, 73158, 1, 0, 0
20999, 73722, 0, 0, 0
20999, 73951, 1, 0, 0
21999, 77221, 0, 0, 0
21999, 77657, 1, 0, 0
22999, 66281, 0, 0, 0
22999, 66143, 1, 0, 0
23999, 79251, 0, 0, 0
23999, 78766, 1, 0, 0
24999, 86069, 0, 0, 0
24999, 86174, 1, 0, 0
25999, 84385, 0, 0, 0
25999, 84245, 1, 0, 0
26999, 83956, 0, 0, 0
26999, 83942, 1, 0, 0
27999, 80196, 0, 0, 0
27999, 80332, 1, 0, 0
28999, 86460, 0, 0, 0
28999, 85886, 1, 0, 0
29999, 75612, 0, 0, 0
29999, 75145, 1, 0, 0
30999, 65764, 0, 0, 0
30999, 66097, 1, 0, 0
31999, 68112, 0, 0, 0
31999, 67960, 1, 0, 0
32999, 66523, 0, 0, 0
32999, 66300, 1, 0, 0
33999, 62951, 0, 0, 0
33999, 63072, 1, 0, 0
35000, 73144, 0, 0, 0
35000, 73085, 1, 0, 0
35999, 67461, 0, 0, 0
35999, 66498, 1, 0, 0
37000, 73130, 0, 0, 0
37000, 73080, 1, 0, 0
37999, 81879, 0, 0, 0
37999, 81903, 1, 0, 0
38999, 88497, 0, 0, 0
38999, 88921, 1, 0, 0
39999, 89608, 0, 0, 0
39999, 89624, 1, 0, 0
41000, 89756, 0, 0, 0
41000, 89941, 1, 0, 0
41999, 89354, 0, 0, 0
41999, 90062, 1, 0, 0
42999, 78400, 0, 0, 0
42999, 78780, 1, 0, 0
43999, 81187, 0, 0, 0
43999, 81248, 1, 0, 0
45000, 83106, 0, 0, 0
45000, 82817, 1, 0, 0
45999, 71385, 0, 0, 0
45999, 72010, 1, 0, 0
47000, 74601, 0, 0, 0
47000, 74706, 1, 0, 0
47999, 82476, 0, 0, 0
47999, 82884, 1, 0, 0
49000, 80389, 0, 0, 0
49000, 80283, 1, 0, 0
49999, 81993, 0, 0, 0
49999, 81792, 1, 0, 0
50999, 85500, 0, 0, 0
50999, 85103, 1, 0, 0
51999, 72469, 0, 0, 0
51999, 72426, 1, 0, 0
53000, 72185, 0, 0, 0
53000, 72748, 1, 0, 0
53999, 67600, 0, 0, 0
53999, 67350, 1, 0, 0
54999, 76311, 0, 0, 0
54999, 76137, 1, 0, 0
55999, 68243, 0, 0, 0
55999, 68615, 1, 0, 0
56999, 75068, 0, 0, 0
56999, 74362, 1, 0, 0
57999, 75877, 0, 0, 0
57999, 75497, 1, 0, 0
58999, 72116, 0, 0, 0
58999, 71687, 1, 0, 0
59999, 72720, 0, 0, 0
59999, 72696, 1, 0, 0
61000, 74544, 0, 0, 0
61000, 75297, 1, 0, 0
61999, 65164, 0, 0, 0
61999, 64948, 1, 0, 0
62999, 63224, 0, 0, 0
62999, 63764, 1, 0, 0
63999, 73302, 0, 0, 0
63999, 73404, 1, 0, 0
64999, 63760, 0, 0, 0
64999, 63493, 1, 0, 0
65999, 71208, 0, 0, 0
65999, 71814, 1, 0, 0
66999, 76987, 0, 0, 0
66999, 77045, 1, 0, 0
67999, 74784, 0, 0, 0
67999, 74862, 1, 0, 0
68999, 74471, 0, 0, 0
68999, 74948, 1, 0, 0
69999, 75696, 0, 0, 0
69999, 75548, 1, 0, 0
70999, 75772, 0, 0, 0
70999, 75775, 1, 0, 0
71999, 72359, 0, 0, 0
71999, 72740, 1, 0, 0
72999, 75139, 0, 0, 0
72999, 75079, 1, 0, 0
73999, 79118, 0, 0, 0
73999, 79533, 1, 0, 0
74999, 68943, 0, 0, 0
74999, 69041, 1, 0, 0
75999, 70534, 0, 0, 0
75999, 70108, 1, 0, 0
76999, 72679, 0, 0, 0
76999, 72517, 1, 0, 0
77999, 69079, 0, 0, 0
77999, 69352, 1, 0, 0
78999, 67885, 0, 0, 0
78999, 67916, 1, 0, 0
79999, 69712, 0, 0, 0
79999, 69874, 1, 0, 0
80999, 65129, 0, 0, 0
80999, 65164, 1, 0, 0
81999, 64462, 0, 0, 0
81999, 64329, 1, 0, 0
82999, 68255, 0, 0, 0
82999, 68331, 1, 0, 0
83999, 67953, 0, 0, 0
83999, 67648, 1, 0, 0
84999, 65811, 0, 0, 0
84999, 65938, 1, 0, 0
85999, 70939, 0, 0, 0
85999, 70284, 1, 0, 0
86998, 55878, 0, 0, 0
86998, 55649, 1, 0, 0
87999, 56402, 0, 0, 0
87999, 56394, 1, 0, 0
88999, 51682, 0, 0, 0
88999, 51558, 1, 0, 0
89999, 60049, 0, 0, 0
89999, 60157, 1, 0, 0
90999, 57344, 0, 0, 0
90999, 56999, 1, 0, 0
91999, 85219, 0, 0, 0
91999, 85022, 1, 0, 0
92999, 99710, 0, 0, 0
92999, 99853, 1, 0, 0
93999, 96197, 0, 0, 0
93999, 95969, 1, 0, 0
94999, 90440, 0, 0, 0
94999, 90563, 1, 0, 0
95999, 112304, 0, 0, 0
95999, 113095, 1, 0, 0
96999, 93204, 0, 0, 0
96999, 92429, 1, 0, 0
97999, 60124, 0, 0, 0
97999, 60132, 1, 0, 0
98999, 61274, 0, 0, 0
98999, 61488, 1, 0, 0
99999, 68890, 0, 0, 0
99999, 70060, 1, 0, 0
100999, 66697, 0, 0, 0
100999, 66037, 1, 0, 0
101999, 67316, 0, 0, 0
101999, 67632, 1, 0, 0
102999, 114780, 0, 0, 0
102999, 115345, 1, 0, 0
103999, 136029, 0, 0, 0
103999, 136323, 1, 0, 0
104999, 135941, 0, 0, 0
104999, 135825, 1, 0, 0
105998, 130695, 0, 0, 0
105998, 131640, 1, 0, 0
106999, 136226, 0, 0, 0
106999, 135940, 1, 0, 0
107999, 136066, 0, 0, 0
107999, 136000, 1, 0, 0
108999, 136334, 0, 0, 0
108999, 136386, 1, 0, 0
109999, 136218, 0, 0, 0
109999, 136390, 1, 0, 0
110998, 136850, 0, 0, 0
110998, 136142, 1, 0, 0
111999, 111818, 0, 0, 0
111999, 112606, 1, 0, 0
112999, 113379, 0, 0, 0
112999, 113623, 1, 0, 0
113999, 112827, 0, 0, 0
113999, 112584, 1, 0, 0
114999, 116927, 0, 0, 0
114999, 116655, 1, 0, 0
115998, 117752, 0, 0, 0
115998, 116701, 1, 0, 0
116999, 113863, 0, 0, 0
116999, 113830, 1, 0, 0
117999, 114371, 0, 0, 0
117999, 114420, 1, 0, 0
118999, 108401, 0, 0, 0
118999, 107781, 1, 0, 0
119999, 115912, 0, 0, 0
119999, 115336, 1, 0, 0
120999, 116809, 0, 0, 0
120999, 117085, 1, 0, 0
121999, 106444, 0, 0, 0
121999, 106215, 1, 0, 0
122998, 109138, 0, 0, 0
122998, 109040, 1, 0, 0
123999, 106600, 0, 0, 0
123999, 107013, 1, 0, 0
124998, 90407, 0, 0, 0
124998, 90579, 1, 0, 0
125999, 75458, 0, 0, 0
125999, 76225, 1, 0, 0
126998, 95251, 0, 0, 0
126998, 94857, 1, 0, 0
127999, 96544, 0, 0, 0
127999, 96692, 1, 0, 0
128998, 88004, 0, 0, 0
128998, 87532, 1, 0, 0
129999, 97314, 0, 0, 0
129999, 97358, 1, 0, 0
130998, 99913, 0, 0, 0
130998, 100225, 1, 0, 0
131999, 95981, 0, 0, 0
131999, 96414, 1, 0, 0
132998, 87467, 0, 0, 0
132998, 88375, 1, 0, 0
133999, 88890, 0, 0, 0
133999, 89347, 1, 0, 0
134999, 76638, 0, 0, 0
134999, 76444, 1, 0, 0
135999, 85186, 0, 0, 0
135999, 85527, 1, 0, 0
136998, 90693, 0, 0, 0
136998, 91112, 1, 0, 0
137999, 93228, 0, 0, 0
137999, 93068, 1, 0, 0
138999, 106112, 0, 0, 0
138999, 105873, 1, 0, 0
139999, 97633, 0, 0, 0
139999, 98035, 1, 0, 0
140998, 105128, 0, 0, 0
140998, 105814, 1, 0, 0
141999, 100582, 0, 0, 0
141999, 101239, 1, 0, 0
142998, 100599, 0, 0, 0
142998, 100529, 1, 0, 0
143999, 90389, 0, 0, 0
143999, 90722, 1, 0, 0
144999, 89290, 0, 0, 0
144999, 89918, 1, 0, 0
145999, 91066, 0, 0, 0
145999, 92083, 1, 0, 0
146999, 98938, 0, 0, 0
146999, 97560, 1, 0, 0
147998, 97400, 0, 0, 0
147998, 97029, 1, 0, 0
148999, 99647, 0, 0, 0
148999, 99282, 1, 0, 0
149998, 103862, 0, 0, 0
149998, 103653, 1, 0, 0
150999, 92973, 0, 0, 0
150999, 92712, 1, 0, 0
151998, 94093, 0, 0, 0
151998, 94006, 1, 0, 0
152999, 102879, 0, 0, 0
152999, 102881, 1, 0, 0
153999, 93925, 0, 0, 0
153999, 94339, 1, 0, 0
154999, 97811, 0, 0, 0
154999, 98553, 1, 0, 0
155999, 106530, 0, 0, 0
155999, 106313, 1, 0, 0
156998, 89560, 0, 0, 0
156998, 89466, 1, 0, 0
157999, 85196, 0, 0, 0
157999, 85272, 1, 0, 0
158999, 90783, 0, 0, 0
158999, 90426, 1, 0, 0
159999, 75793, 0, 0, 0
159999, 76065, 1, 0, 0
160999, 80460, 0, 0, 0
160999, 80969, 1, 0, 0
161999, 80999, 0, 0, 0
161999, 80509, 1, 0, 0
162999, 83006, 0, 0, 0
162999, 83164, 1, 0, 0
163999, 75475, 0, 0, 0
163999, 75574, 1, 0, 0
164999, 76332, 0, 0, 0
164999, 76430, 1, 0, 0
165999, 75240, 0, 0, 0
165999, 75160, 1, 0, 0
166999, 72892, 0, 0, 0
166999, 73498, 1, 0, 0
167999, 74721, 0, 0, 0
167999, 75108, 1, 0, 0
168999, 73370, 0, 0, 0
168999, 73560, 1, 0, 0
169999, 72270, 0, 0, 0
169999, 72171, 1, 0, 0
170999, 79879, 0, 0, 0
170999, 79957, 1, 0, 0
171998, 85532, 0, 0, 0
171998, 85215, 1, 0, 0
172999, 80417, 0, 0, 0
172999, 80787, 1, 0, 0
173998, 74718, 0, 0, 0
173998, 74944, 1, 0, 0
174999, 76015, 0, 0, 0
174999, 76891, 1, 0, 0
175998, 80332, 0, 0, 0
175998, 80005, 1, 0, 0
176999, 73286, 0, 0, 0
176999, 73350, 1, 0, 0
177998, 75599, 0, 0, 0
177998, 75573, 1, 0, 0
178999, 71874, 0, 0, 0
178999, 72506, 1, 0, 0
179999, 68527, 0, 0, 0
179999, 68394, 1, 0, 0
180998, 59562, 0, 0, 0
180998, 59877, 1, 0, 0
181999, 74519, 0, 0, 0
181999, 74681, 1, 0, 0
182999, 74411, 0, 0, 0
182999, 74466, 1, 0, 0
183999, 74727, 0, 0, 0
183999, 74597, 1, 0, 0
184999, 77779, 0, 0, 0
184999, 77853, 1, 0, 0
185999, 77284, 0, 0, 0
185999, 77250, 1, 0, 0
186999, 73797, 0, 0, 0
186999, 74097, 1, 0, 0
187998, 76448, 0, 0, 0
187998, 76094, 1, 0, 0
188999, 78453, 0, 0, 0
188999, 78096, 1, 0, 0
189999, 73952, 0, 0, 0
189999, 74186, 1, 0, 0
190998, 63179, 0, 0, 0
190998, 63287, 1, 0, 0
191999, 73909, 0, 0, 0
191999, 74237, 1, 0, 0
192998, 77043, 0, 0, 0
192998, 77512, 1, 0, 0
193999, 77195, 0, 0, 0
193999, 77640, 1, 0, 0
194998, 87695, 0, 0, 0
194998, 88302, 1, 0, 0
195999, 86342, 0, 0, 0
195999, 86740, 1, 0, 0
196998, 57808, 0, 0, 0
196998, 57626, 1, 0, 0
197999, 63100, 0, 0, 0
197999, 63243, 1, 0, 0
198998, 53087, 0, 0, 0
198998, 53199, 1, 0, 0
199999, 65988, 0, 0, 0
199999, 65892, 1, 0, 0
200998, 67527, 0, 0, 0
200998, 67314, 1, 0, 0
201999, 67210, 0, 0, 0
201999, 67463, 1, 0, 0
202998, 75958, 0, 0, 0
202998, 74872, 1, 0, 0
203999, 85315, 0, 0, 0
203999, 85461, 1, 0, 0
204998, 83389, 0, 0, 0
204998, 82998, 1, 0, 0
205999, 87408, 0, 0, 0
205999, 87182, 1, 0, 0
206998, 105273, 0, 0, 0
206998, 105858, 1, 0, 0
207999, 102042, 0, 0, 0
207999, 102403, 1, 0, 0
208999, 103072, 0, 0, 0
208999, 103208, 1, 0, 0
209998, 102191, 0, 0, 0
209998, 101536, 1, 0, 0
210999, 95919, 0, 0, 0
210999, 95989, 1, 0, 0
211999, 96424, 0, 0, 0
211999, 96600, 1, 0, 0
212998, 106675, 0, 0, 0
212998, 105470, 1, 0, 0
213999, 111133, 0, 0, 0
213999, 110143, 1, 0, 0
214998, 110558, 0, 0, 0
214998, 109753, 1, 0, 0
215999, 105226, 0, 0, 0
215999, 105650, 1, 0, 0
216998, 87368, 0, 0, 0
216998, 87660, 1, 0, 0
217999, 84265, 0, 0, 0
217999, 84260, 1, 0, 0
218998, 63199, 0, 0, 0
218998, 63567, 1, 0, 0
219999, 57473, 0, 0, 0
219999, 57888, 1, 0, 0
220998, 52017, 0, 0, 0
220998, 52366, 1, 0, 0
221999, 56763, 0, 0, 0
221999, 56814, 1, 0, 0
222998, 61521, 0, 0, 0
222998, 61357, 1, 0, 0
223999, 61919, 0, 0, 0
223999, 62607, 1, 0, 0
224999, 62644, 0, 0, 0
224999, 63379, 1, 0, 0
225999, 63681, 0, 0, 0
225999, 63317, 1, 0, 0
226999, 70238, 0, 0, 0
226999, 70918, 1, 0, 0
227999, 78198, 0, 0, 0
227999, 78463, 1, 0, 0
228998, 81090, 0, 0, 0
228998, 81068, 1, 0, 0
229999, 86860, 0, 0, 0
229999, 86254, 1, 0, 0
230998, 70878, 0, 0, 0
230998, 70652, 1, 0, 0
231999, 81489, 0, 0, 0
231999, 81835, 1, 0, 0
232998, 79215, 0, 0, 0
232998, 80021, 1, 0, 0
233999, 76567, 0, 0, 0
233999, 76239, 1, 0, 0
234999, 77277, 0, 0, 0
234999, 77780, 1, 0, 0
235999, 79580, 0, 0, 0
235999, 79623, 1, 0, 0
236999, 79875, 0, 0, 0
236999, 80147, 1, 0, 0
237999, 81637, 0, 0, 0
237999, 81642, 1, 0, 0
238999, 81128, 0, 0, 0
238999, 81609, 1, 0, 0
239998, 80964, 0, 0, 0
239998, 81813, 1, 0, 0
240999, 69531, 0, 0, 0
240999, 70284, 1, 0, 0
241998, 76695, 0, 0, 0
241998, 76986, 1, 0, 0
242999, 81356, 0, 0, 0
242999, 81170, 1, 0, 0
243998, 77112, 0, 0, 0
243998, 76860, 1, 0, 0
244999, 77509, 0, 0, 0
244999, 77280, 1, 0, 0
245999, 85048, 0, 0, 0
245999, 84276, 1, 0, 0
246998, 78090, 0, 0, 0
246998, 77237, 1, 0, 0
247999, 75030, 0, 0, 0
247999, 75672, 1, 0, 0
248998, 77617, 0, 0, 0
248998, 77977, 1, 0, 0
249999, 75679, 0, 0, 0
249999, 76217, 1, 0, 0
250998, 70566, 0, 0, 0
250998, 70851, 1, 0, 0
251999, 69929, 0, 0, 0
251999, 69510, 1, 0, 0
252998, 74476, 0, 0, 0
252998, 74395, 1, 0, 0
253998, 70203, 0, 0, 0
253998, 70327, 1, 0, 0
254999, 70112, 0, 0, 0
254999, 70248, 1, 0, 0
255998, 75475, 0, 0, 0
255998, 75353, 1, 0, 0
256999, 70713, 0, 0, 0
256999, 71149, 1, 0, 0
257998, 74285, 0, 0, 0
257998, 73736, 1, 0, 0
258998, 75472, 0, 0, 0
258998, 74718, 1, 0, 0
259998, 68699, 0, 0, 0
259998, 68063, 1, 0, 0
260999, 69575, 0, 0, 0
260999, 69345, 1, 0, 0
261998, 70932, 0, 0, 0
261998, 70935, 1, 0, 0
262999, 60102, 0, 0, 0
262999, 60077, 1, 0, 0
263998, 65992, 0, 0, 0
263998, 66112, 1, 0, 0
264999, 69667, 0, 0, 0
264999, 69744, 1, 0, 0
265998, 63367, 0, 0, 0
265998, 63259, 1, 0, 0
266999, 66137, 0, 0, 0
266999, 66009, 1, 0, 0
267999, 68747, 0, 0, 0
267999, 69045, 1, 0, 0
268998, 66390, 0, 0, 0
268998, 67027, 1, 0, 0
269999, 70213, 0, 0, 0
269999, 69840, 1, 0, 0
270998, 74927, 0, 0, 0
270998, 74686, 1, 0, 0
271999, 70812, 0, 0, 0
271999, 70948, 1, 0, 0
272998, 70421, 0, 0, 0
272998, 70462, 1, 0, 0
273999, 65670, 0, 0, 0
273999, 65808, 1, 0, 0
274999, 63842, 0, 0, 0
274999, 63900, 1, 0, 0
275998, 68746, 0, 0, 0
275998, 68289, 1, 0, 0
276999, 71282, 0, 0, 0
276999, 71462, 1, 0, 0
277998, 64311, 0, 0, 0
277998, 64288, 1, 0, 0
278999, 66850, 0, 0, 0
278999, 66617, 1, 0, 0
279998, 71731, 0, 0, 0
279998, 71639, 1, 0, 0
280999, 71340, 0, 0, 0
280999, 72013, 1, 0, 0
281998, 67475, 0, 0, 0
281998, 67849, 1, 0, 0
282999, 69717, 0, 0, 0
282999, 69605, 1, 0, 0
283998, 70019, 0, 0, 0
283998, 69405, 1, 0, 0
284998, 64431, 0, 0, 0
284998, 64730, 1, 0, 0
285999, 59036, 0, 0, 0
285999, 59448, 1, 0, 0
286998, 67530, 0, 0, 0
286998, 66927, 1, 0, 0
287999, 64510, 0, 0, 0
287999, 64787, 1, 0, 0
288998, 64966, 0, 0, 0
288998, 65937, 1, 0, 0
289999, 66296, 0, 0, 0
289999, 66374, 1, 0, 0
290998, 64515, 0, 0, 0
290998, 64832, 1, 0, 0
291999, 69720, 0, 0, 0
291999, 69926, 1, 0, 0
292998, 80495, 0, 0, 0
292998, 79789, 1, 0, 0
293999, 75522, 0, 0, 0
293999, 75210, 1, 0, 0
294998, 77088, 0, 0, 0
294998, 76468, 1, 0, 0
295999, 80858, 0, 0, 0
295999, 81089, 1, 0, 0
296998, 68973, 0, 0, 0
296998, 69286, 1, 0, 0
297999, 67282, 0, 0, 0
297999, 67392, 1, 0, 0
298998, 75357, 0, 0, 0
298998, 75889, 1, 0, 0
299999, 77150, 0, 0, 0
299999, 76881, 1, 0, 0
300998, 74373, 0, 0, 0
300998, 73961, 1, 0, 0
301998, 75878, 0, 0, 0
301998, 75532, 1, 0, 0
302998, 78513, 0, 0, 0
302998, 78503, 1, 0, 0
303998, 75665, 0, 0, 0
303998, 75580, 1, 0, 0
304999, 76459, 0, 0, 0
304999, 76285, 1, 0, 0
305998, 74148, 0, 0, 0
305998, 74136, 1, 0, 0
306999, 66686, 0, 0, 0
306999, 66397, 1, 0, 0
307998, 58529, 0, 0, 0
307998, 58801, 1, 0, 0
308999, 72317, 0, 0, 0
308999, 72336, 1, 0, 0
309998, 69631, 0, 0, 0
309998, 69377, 1, 0, 0
310998, 72873, 0, 0, 0
310998, 72014, 1, 0, 0
311998, 75137, 0, 0, 0
311998, 74642, 1, 0, 0
312998, 71574, 0, 0, 0
312998, 72143, 1, 0, 0
313998, 74030, 0, 0, 0
313998, 74090, 1, 0, 0
314999, 78073, 0, 0, 0
314999, 77760, 1, 0, 0
315998, 75034, 0, 0, 0
315998, 74735, 1, 0, 0
316999, 75979, 0, 0, 0
316999, 76632, 1, 0, 0
317998, 80308, 0, 0, 0
317998, 80751, 1, 0, 0
318998, 68565, 0, 0, 0
318998, 68036, 1, 0, 0
319998, 72863, 0, 0, 0
319998, 72576, 1, 0, 0
320999, 82052, 0, 0, 0
320999, 82055, 1, 0, 0
321998, 84075, 0, 0, 0
321998, 83820, 1, 0, 0
322999, 73363, 0, 0, 0
322999, 73362, 1, 0, 0
323998, 76783, 0, 0, 0
323998, 75850, 1, 0, 0
324999, 79038, 0, 0, 0
324999, 79367, 1, 0, 0
325998, 65027, 0, 0, 0
325998, 65729, 1, 0, 0
326998, 69122, 0, 0, 0
326998, 69069, 1, 0, 0
327999, 69736, 0, 0, 0
327999, 69723, 1, 0, 0
328998, 66024, 0, 0, 0
328998, 64885, 1, 0, 0
329998, 60963, 0, 0, 0
329998, 60954, 1, 0, 0
330998, 78518, 0, 0, 0
330998, 78398, 1, 0, 0
331999, 75194, 0, 0, 0
331999, 75737, 1, 0, 0
332998, 74503, 0, 0, 0
332998, 74789, 1, 0, 0
333998, 78381, 0, 0, 0
333998, 78435, 1, 0, 0
334999, 76754, 0, 0, 0
334999, 77203, 1, 0, 0
335998, 83283, 0, 0, 0
335998, 83081, 1, 0, 0
336999, 79222, 0, 0, 0
336999, 79049, 1, 0, 0
337998, 71590, 0, 0, 0
337998, 72384, 1, 0, 0
338999, 68708, 0, 0, 0
338999, 68504, 1, 0, 0
339999, 60622, 0, 0, 0
339999, 61060, 1, 0, 0
340998, 92362, 0, 0, 0
340998, 92913, 1, 0, 0
341998, 92314, 0, 0, 0
341998, 93194, 1, 0, 0
342998, 100770, 0, 0, 0
342998, 100036, 1, 0, 0
343998, 113553, 0, 0, 0
343998, 112807, 1, 0, 0
344998, 113074, 0, 0, 0
344998, 113486, 1, 0, 0
345999, 107730, 0, 0, 0
345999, 107674, 1, 0, 0
346998, 107863, 0, 0, 0
346998, 108141, 1, 0, 0
347999, 92105, 0, 0, 0
347999, 92588, 1, 0, 0
348998, 85976, 0, 0, 0
348998, 85374, 1, 0, 0
349999, 84394, 0, 0, 0
349999, 84899, 1, 0, 0
350998, 85283, 0, 0, 0
350998, 84556, 1, 0, 0
351999, 83910, 0, 0, 0
351999, 83580, 1, 0, 0
352998, 75864, 0, 0, 0
352998, 75692, 1, 0, 0
353998, 83619, 0, 0, 0
353998, 83683, 1, 0, 0
354998, 83500, 0, 0, 0
354998, 83500, 1, 0, 0
355999, 77520, 0, 0, 0
355999, 77455, 1, 0, 0
356998, 72477, 0, 0, 0
356998, 72926, 1, 0, 0
357998, 64257, 0, 0, 0
357998, 64010, 1, 0, 0
358999, 65308, 0, 0, 0
358999, 65923, 1, 0, 0
359998, 64945, 0, 0, 0
359998, 65535, 1, 0, 0
360999, 67375, 0, 0, 0
360999, 67179, 1, 0, 0
361998, 65149, 0, 0, 0
361998, 65178, 1, 0, 0
362998, 68181, 0, 0, 0
362998, 67969, 1, 0, 0
363998, 73852, 0, 0, 0
363998, 74257, 1, 0, 0
364998, 74063, 0, 0, 0
364998, 74213, 1, 0, 0
365999, 68421, 0, 0, 0
365999, 68606, 1, 0, 0
366998, 73930, 0, 0, 0
366998, 73228, 1, 0, 0
367999, 72753, 0, 0, 0
367999, 73096, 1, 0, 0
368998, 63695, 0, 0, 0
368998, 63706, 1, 0, 0
369998, 65161, 0, 0, 0
369998, 65067, 1, 0, 0
370998, 69097, 0, 0, 0
370998, 69017, 1, 0, 0
371998, 68832, 0, 0, 0
371998, 69140, 1, 0, 0
372998, 74672, 0, 0, 0
372998, 74571, 1, 0, 0
373998, 75336, 0, 0, 0
373998, 75300, 1, 0, 0
374998, 74620, 0, 0, 0
374998, 74722, 1, 0, 0
375998, 76250, 0, 0, 0
375998, 76001, 1, 0, 0
376998, 75465, 0, 0, 0
376998, 75485, 1, 0, 0
377998, 72813, 0, 0, 0
377998, 72706, 1, 0, 0
378999, 70278, 0, 0, 0
378999, 70377, 1, 0, 0
379998, 70772, 0, 0, 0
379998, 70817, 1, 0, 0
380998, 65750, 0, 0, 0
380998, 66296, 1, 0, 0
381998, 66584, 0, 0, 0
381998, 66783, 1, 0, 0
382998, 68608, 0, 0, 0
382998, 68989, 1, 0, 0
383998, 62745, 0, 0, 0
383998, 62766, 1, 0, 0
384999, 62789, 0, 0, 0
384999, 62808, 1, 0, 0
385998, 65069, 0, 0, 0
385998, 65802, 1, 0, 0
386998, 64338, 0, 0, 0
386998, 63902, 1, 0, 0
387998, 63933, 0, 0, 0
387998, 63816, 1, 0, 0
388998, 64207, 0, 0, 0
388998, 64366, 1, 0, 0
389999, 63495, 0, 0, 0
389999, 64695, 1, 0, 0
390998, 76820, 0, 0, 0
390998, 77538, 1, 0, 0
391999, 70537, 0, 0, 0
391999, 70318, 1, 0, 0
392998, 81603, 0, 0, 0
392998, 81319, 1, 0, 0
393999, 71835, 0, 0, 0
393999, 72379, 1, 0, 0
394998, 72392, 0, 0, 0
394998, 73465, 1, 0, 0
395998, 77678, 0, 0, 0
395998, 77593, 1, 0, 0
396998, 80946, 0, 0, 0
396998, 81076, 1, 0, 0
397998, 86926, 0, 0, 0
397998, 87376, 1, 0, 0
398998, 89668, 0, 0, 0
398998, 89249, 1, 0, 0
399998, 83718, 0, 0, 0
399998, 83681, 1, 0, 0
400999, 84602, 0, 0, 0
400999, 84886, 1, 0, 0
401998, 80368, 0, 0, 0
401998, 80552, 1, 0, 0
402998, 96787, 0, 0, 0
402998, 96974, 1, 0, 0
403998, 90646, 0, 0, 0
403998, 90249, 1, 0, 0
404999, 86355, 0, 0, 0
404999, 85851, 1, 0, 0
405998, 85562, 0, 0, 0
405998, 85027, 1, 0, 0
406998, 86492, 0, 0, 0
406998, 85950, 1, 0, 0
407999, 75119, 0, 0, 0
407999, 74482, 1, 0, 0
408998, 80618, 0, 0, 0
408998, 80864, 1, 0, 0
409998, 129324, 0, 0, 0
409998, 129420, 1, 0, 0
410998, 131159, 0, 0, 0
410998, 131629, 1, 0, 0
411998, 135978, 0, 0, 0
411998, 135842, 1, 0, 0
412998, 135745, 0, 0, 0
412998, 135779, 1, 0, 0
413998, 136859, 0, 0, 0
413998, 135422, 1, 0, 0
414999, 136024, 0, 0, 0
414999, 136035, 1, 0, 0
415998, 136719, 0, 0, 0
415998, 136281, 1, 0, 0
416998, 106944, 0, 0, 0
416998, 106076, 1, 0, 0
417998, 105897, 0, 0, 0
417998, 106195, 1, 0, 0
418998, 109099, 0, 0, 0
418998, 108724, 1, 0, 0
419998, 109544, 0, 0, 0
419998, 109724, 1, 0, 0
420998, 108655, 0, 0, 0
420998, 108502, 1, 0, 0
421998, 110984, 0, 0, 0
421998, 110644, 1, 0, 0
422998, 112049, 0, 0, 0
422998, 113249, 1, 0, 0
423998, 107827, 0, 0, 0
423998, 106773, 1, 0, 0
424998, 102422, 0, 0, 0
424998, 102115, 1, 0, 0
425999, 105155, 0, 0, 0
425999, 104887, 1, 0, 0
426998, 102199, 0, 0, 0
426998, 102217, 1, 0, 0
427999, 93380, 0, 0, 0
427999, 93406, 1, 0, 0
428998, 97956, 0, 0, 0
428998, 97844, 1, 0, 0
429998, 91078, 0, 0, 0
429998, 90754, 1, 0, 0
430998, 90680, 0, 0, 0
430998, 90432, 1, 0, 0
431999, 76048, 0, 0, 0
431999, 75517, 1, 0, 0
432998, 74584, 0, 0, 0
432998, 73921, 1, 0, 0
433998, 81658, 0, 0, 0
433998, 81657, 1, 0, 0
434999, 82922, 0, 0, 0
434999, 82975, 1, 0, 0
435998, 80921, 0, 0, 0
435998, 81657, 1, 0, 0
436998, 81315, 0, 0, 0
436998, 81762, 1, 0, 0
437998, 84690, 0, 0, 0
437998, 84354, 1, 0, 0
438998, 77939, 0, 0, 0
438998, 78486, 1, 0, 0
439998, 73768, 0, 0, 0
439998, 74073, 1, 0, 0
440998, 74791, 0, 0, 0
440998, 74979, 1, 0, 0
441998, 62993, 0, 0, 0
441998, 62776, 1, 0, 0
442998, 76612, 0, 0, 0
442998, 77254, 1, 0, 0
443998, 75889, 0, 0, 0
443998, 75390, 1, 0, 0
444999, 76232, 0, 0, 0
444999, 75985, 1, 0, 0
445998, 74792, 0, 0, 0
445998, 74623, 1, 0, 0
446998, 76967, 0, 0, 0
446998, 77014, 1, 0, 0
447998, 76552, 0, 0, 0
447998, 77088, 1, 0, 0
448998, 73233, 0, 0, 0
448998, 72908, 1, 0, 0
449999, 77470, 0, 0, 0
449999, 77092, 1, 0, 0
450998, 78636, 0, 0, 0
450998, 79286, 1, 0, 0
451998, 70342, 0, 0, 0
451998, 71097, 1, 0, 0
452998, 61248, 0, 0, 0
452998, 60594, 1, 0, 0
453998, 71977, 0, 0, 0
453998, 71886, 1, 0, 0
454999, 66213, 0, 0, 0
454999, 66768, 1, 0, 0
455998, 68049, 0, 0, 0
455998, 67891, 1, 0, 0
456998, 71114, 0, 0, 0
456998, 71243, 1, 0, 0
457999, 75497, 0, 0, 0
457999, 75839, 1, 0, 0
458998, 78129, 0, 0, 0
458998, 77682, 1, 0, 0
459998, 78613, 0, 0, 0
459998, 79099, 1, 0, 0
460998, 75941, 0, 0, 0
460998, 76038, 1, 0, 0
461999, 74161, 0, 0, 0
461999, 74458, 1, 0, 0
462998, 76071, 0, 0, 0
462998, 76128, 1, 0, 0
463998, 67646, 0, 0, 0
463998, 68152, 1, 0, 0
464998, 73682, 0, 0, 0
464998, 74483, 1, 0, 0
465998, 77901, 0, 0, 0
465998, 77861, 1, 0, 0
466999, 70388, 0, 0, 0
466999, 70164, 1, 0, 0
467998, 67137, 0, 0, 0
467998, 67498, 1, 0, 0
468998, 70334, 0, 0, 0
468998, 69522, 1, 0, 0
469998, 72966, 0, 0, 0
469998, 72643, 1, 0, 0
470998, 67783, 0, 0, 0
470998, 68196, 1, 0, 0
471998, 69723, 0, 0, 0
471998, 69637, 1, 0, 0
472998, 71785, 0, 0, 0
472998, 71897, 1, 0, 0
473998, 67455, 0, 0, 0
473998, 67446, 1, 0, 0
474998, 60536, 0, 0, 0
474998, 60084, 1, 0, 0
475998, 69545, 0, 0, 0
475998, 70033, 1, 0, 0
476998, 66350, 0, 0, 0
476998, 66486, 1, 0, 0
477998, 69786, 0, 0, 0
477998, 69564, 1, 0, 0
478998, 72211, 0, 0, 0
478998, 72024, 1, 0, 0
479998, 70628, 0, 0, 0
479998, 70246, 1, 0, 0
