999, 70913, 1, 0, 0
1999, 72187, 1, 0, 0
2999, 70429, 1, 0, 0
3999, 71595, 1, 0, 0
4999, 70175, 1, 0, 0
5999, 72225, 1, 0, 0
6999, 71534, 1, 0, 0
7999, 71718, 1, 0, 0
8999, 72449, 1, 0, 0
9999, 71202, 1, 0, 0
10999, 70103, 1, 0, 0
11999, 70859, 1, 0, 0
13000, 71632, 1, 0, 0
13999, 72665, 1, 0, 0
14999, 71846, 1, 0, 0
15999, 70744, 1, 0, 0
16999, 69670, 1, 0, 0
18000, 70942, 1, 0, 0
18999, 72091, 1, 0, 0
19999, 72343, 1, 0, 0
20999, 69724, 1, 0, 0
21999, 67216, 1, 0, 0
22999, 70466, 1, 0, 0
23999, 71600, 1, 0, 0
24999, 68958, 1, 0, 0
26000, 72192, 1, 0, 0
27000, 71626, 1, 0, 0
28000, 64577, 1, 0, 0
29000, 68502, 1, 0, 0
29999, 68221, 1, 0, 0
30999, 69418, 1, 0, 0
31999, 70636, 1, 0, 0
32999, 71303, 1, 0, 0
33999, 71600, 1, 0, 0
34999, 71400, 1, 0, 0
35999, 69515, 1, 0, 0
36999, 68819, 1, 0, 0
37999, 67718, 1, 0, 0
38999, 64286, 1, 0, 0
39999, 71463, 1, 0, 0
40999, 71554, 1, 0, 0
41999, 71023, 1, 0, 0
43000, 70643, 1, 0, 0
43999, 70026, 1, 0, 0
44999, 72147, 1, 0, 0
46000, 71319, 1, 0, 0
46999, 72160, 1, 0, 0
47999, 72040, 1, 0, 0
49000, 71817, 1, 0, 0
49999, 70249, 1, 0, 0
50999, 71457, 1, 0, 0
51999, 72968, 1, 0, 0
52999, 72111, 1, 0, 0
53999, 71730, 1, 0, 0
54999, 72607, 1, 0, 0
55999, 71866, 1, 0, 0
56999, 72024, 1, 0, 0
57999, 71873, 1, 0, 0
58999, 72006, 1, 0, 0
59999, 71705, 1, 0, 0
60999, 70070, 1, 0, 0
61999, 70182, 1, 0, 0
62999, 71410, 1, 0, 0
63999, 72105, 1, 0, 0
64999, 71680, 1, 0, 0
65999, 71308, 1, 0, 0
66999, 72655, 1, 0, 0
67999, 69490, 1, 0, 0
68999, 71620, 1, 0, 0
69999, 71593, 1, 0, 0
70999, 71356, 1, 0, 0
72000, 70893, 1, 0, 0
72999, 71859, 1, 0, 0
73999, 69674, 1, 0, 0
75000, 71416, 1, 0, 0
75999, 70697, 1, 0, 0
76999, 71993, 1, 0, 0
78000, 71328, 1, 0, 0
78999, 72076, 1, 0, 0
79999, 71462, 1, 0, 0
81000, 72278, 1, 0, 0
81999, 71192, 1, 0, 0
82999, 70775, 1, 0, 0
84000, 69954, 1, 0, 0
84999, 70555, 1, 0, 0
85999, 72764, 1, 0, 0
87000, 71390, 1, 0, 0
87999, 72394, 1, 0, 0
88999, 69765, 1, 0, 0
90000, 71013, 1, 0, 0
90999, 71833, 1, 0, 0
91999, 72326, 1, 0, 0
93000, 71012, 1, 0, 0
93999, 70228, 1, 0, 0
94999, 69300, 1, 0, 0
96000, 71080, 1, 0, 0
96999, 72216, 1, 0, 0
97999, 71246, 1, 0, 0
99000, 69672, 1, 0, 0
99999, 71125, 1, 0, 0
100999, 72276, 1, 0, 0
102000, 71692, 1, 0, 0
102999, 71694, 1, 0, 0
103999, 70055, 1, 0, 0
105000, 70486, 1, 0, 0
105999, 68658, 1, 0, 0
106999, 71982, 1, 0, 0
108000, 69386, 1, 0, 0
108999, 71535, 1, 0, 0
109999, 71463, 1, 0, 0
111000, 72067, 1, 0, 0
111999, 70064, 1, 0, 0
112999, 71718, 1, 0, 0
114000, 71188, 1, 0, 0
114999, 71819, 1, 0, 0
115999, 71820, 1, 0, 0
117000, 69415, 1, 0, 0
117999, 69795, 1, 0, 0
118999, 72013, 1, 0, 0
119999, 71241, 1, 0, 0
120999, 71330, 1, 0, 0
121999, 71078, 1, 0, 0
122999, 71652, 1, 0, 0
123999, 69939, 1, 0, 0
125000, 72400, 1, 0, 0
125999, 70736, 1, 0, 0
126999, 70637, 1, 0, 0
128000, 63636, 1, 0, 0
128999, 68499, 1, 0, 0
129999, 67560, 1, 0, 0
130999, 65210, 1, 0, 0
131999, 66439, 1, 0, 0
132999, 67903, 1, 0, 0
133999, 68080, 1, 0, 0
134999, 70986, 1, 0, 0
136000, 71453, 1, 0, 0
136999, 71622, 1, 0, 0
137999, 71771, 1, 0, 0
139000, 70155, 1, 0, 0
139999, 69459, 1, 0, 0
140999, 71192, 1, 0, 0
142000, 72079, 1, 0, 0
142999, 72496, 1, 0, 0
143999, 69283, 1, 0, 0
144999, 64731, 1, 0, 0
145999, 67778, 1, 0, 0
147000, 64945, 1, 0, 0
147999, 65474, 1, 0, 0
148999, 68332, 1, 0, 0
150000, 71291, 1, 0, 0
150999, 70530, 1, 0, 0
151999, 71173, 1, 0, 0
153000, 72013, 1, 0, 0
153999, 71745, 1, 0, 0
154999, 72968, 1, 0, 0
156000, 71336, 1, 0, 0
156999, 72864, 1, 0, 0
157999, 71552, 1, 0, 0
159000, 72228, 1, 0, 0
159999, 72134, 1, 0, 0
160999, 71992, 1, 0, 0
162000, 70513, 1, 0, 0
162999, 71315, 1, 0, 0
163999, 70386, 1, 0, 0
165000, 71091, 1, 0, 0
165999, 72568, 1, 0, 0
166999, 72444, 1, 0, 0
167999, 72343, 1, 0, 0
168999, 71175, 1, 0, 0
170000, 73213, 1, 0, 0
170999, 71939, 1, 0, 0
171999, 72300, 1, 0, 0
173000, 70208, 1, 0, 0
173999, 69707, 1, 0, 0
174999, 71558, 1, 0, 0
176000, 72556, 1, 0, 0
176999, 71120, 1, 0, 0
177999, 72744, 1, 0, 0
179000, 71320, 1, 0, 0
179999, 72108, 1, 0, 0
180999, 71482, 1, 0, 0
182000, 70020, 1, 0, 0
182999, 70309, 1, 0, 0
183999, 68952, 1, 0, 0
185000, 64050, 1, 0, 0
185999, 69094, 1, 0, 0
186999, 67005, 1, 0, 0
188000, 66048, 1, 0, 0
188999, 63855, 1, 0, 0
190000, 66955, 1, 0, 0
190999, 68112, 1, 0, 0
191999, 71436, 1, 0, 0
193000, 72002, 1, 0, 0
193999, 72161, 1, 0, 0
194999, 71756, 1, 0, 0
196000, 70139, 1, 0, 0
196999, 71964, 1, 0, 0
197999, 71340, 1, 0, 0
199000, 72217, 1, 0, 0
199999, 71706, 1, 0, 0
200999, 71308, 1, 0, 0
201999, 71116, 1, 0, 0
202999, 72222, 1, 0, 0
203999, 71336, 1, 0, 0
205000, 71666, 1, 0, 0
205999, 70709, 1, 0, 0
206999, 69237, 1, 0, 0
207999, 72795, 1, 0, 0
208999, 71534, 1, 0, 0
209999, 71687, 1, 0, 0
211000, 71752, 1, 0, 0
211999, 72470, 1, 0, 0
212999, 71771, 1, 0, 0
214000, 71388, 1, 0, 0
214999, 72138, 1, 0, 0
215999, 71927, 1, 0, 0
217000, 71823, 1, 0, 0
217999, 67918, 1, 0, 0
218999, 71103, 1, 0, 0
220000, 70785, 1, 0, 0
220999, 71633, 1, 0, 0
221999, 71842, 1, 0, 0
222999, 69739, 1, 0, 0
223999, 71334, 1, 0, 0
225000, 72411, 1, 0, 0
225999, 71638, 1, 0, 0
226999, 71428, 1, 0, 0
228000, 71703, 1, 0, 0
228999, 70055, 1, 0, 0
229999, 69002, 1, 0, 0
231000, 71475, 1, 0, 0
231999, 71395, 1, 0, 0
232999, 71188, 1, 0, 0
234000, 72247, 1, 0, 0
234999, 70129, 1, 0, 0
235999, 71958, 1, 0, 0
237000, 70668, 1, 0, 0
237999, 72616, 1, 0, 0
238999, 71508, 1, 0, 0
240000, 71634, 1, 0, 0
240999, 67934, 1, 0, 0
241999, 72068, 1, 0, 0
242999, 70804, 1, 0, 0
243999, 71616, 1, 0, 0
244999, 71711, 1, 0, 0
246000, 69139, 1, 0, 0
246999, 70960, 1, 0, 0
247999, 71115, 1, 0, 0
249000, 72037, 1, 0, 0
249999, 69650, 1, 0, 0
250999, 71310, 1, 0, 0
252000, 66100, 1, 0, 0
252999, 71025, 1, 0, 0
253999, 69747, 1, 0, 0
255000, 71030, 1, 0, 0
255999, 71424, 1, 0, 0
256999, 71494, 1, 0, 0
258000, 69943, 1, 0, 0
258999, 69318, 1, 0, 0
259999, 67954, 1, 0, 0
261000, 65233, 1, 0, 0
261999, 65548, 1, 0, 0
262999, 59647, 1, 0, 0
264000, 67167, 1, 0, 0
264999, 71171, 1, 0, 0
265999, 71807, 1, 0, 0
267000, 71839, 1, 0, 0
267999, 71709, 1, 0, 0
268999, 70902, 1, 0, 0
270000, 69969, 1, 0, 0
270999, 72114, 1, 0, 0
271999, 71499, 1, 0, 0
273000, 72121, 1, 0, 0
273999, 71324, 1, 0, 0
274999, 70009, 1, 0, 0
276000, 71487, 1, 0, 0
276999, 68983, 1, 0, 0
277999, 72307, 1, 0, 0
279000, 71634, 1, 0, 0
279999, 65979, 1, 0, 0
281000, 67367, 1, 0, 0
281999, 72356, 1, 0, 0
282999, 71282, 1, 0, 0
284000, 71476, 1, 0, 0
284999, 72219, 1, 0, 0
285999, 69652, 1, 0, 0
287000, 71747, 1, 0, 0
287999, 72541, 1, 0, 0
288999, 71349, 1, 0, 0
290000, 72598, 1, 0, 0
290999, 71562, 1, 0, 0
291999, 71727, 1, 0, 0
293000, 71286, 1, 0, 0
293999, 71610, 1, 0, 0
294999, 72631, 1, 0, 0
296000, 71863, 1, 0, 0
296999, 69959, 1, 0, 0
297999, 71984, 1, 0, 0
299000, 71171, 1, 0, 0
299999, 71934, 1, 0, 0
300999, 71173, 1, 0, 0
302000, 70707, 1, 0, 0
302999, 72103, 1, 0, 0
303999, 71901, 1, 0, 0
305000, 71788, 1, 0, 0
305999, 72340, 1, 0, 0
306999, 72433, 1, 0, 0
308000, 70100, 1, 0, 0
308999, 72056, 1, 0, 0
309999, 72551, 1, 0, 0
311000, 70132, 1, 0, 0
311999, 72094, 1, 0, 0
312999, 71768, 1, 0, 0
314000, 72121, 1, 0, 0
314999, 71498, 1, 0, 0
316000, 71988, 1, 0, 0
316999, 72355, 1, 0, 0
317999, 70047, 1, 0, 0
319000, 69352, 1, 0, 0
319999, 71744, 1, 0, 0
320999, 72179, 1, 0, 0
322000, 71336, 1, 0, 0
322999, 69775, 1, 0, 0
323999, 71159, 1, 0, 0
325000, 70930, 1, 0, 0
325999, 71651, 1, 0, 0
326999, 69132, 1, 0, 0
328000, 69349, 1, 0, 0
328999, 69049, 1, 0, 0
329999, 60037, 1, 0, 0
331000, 64172, 1, 0, 0
331999, 67282, 1, 0, 0
333000, 66911, 1, 0, 0
333999, 66038, 1, 0, 0
334999, 66976, 1, 0, 0
336000, 70736, 1, 0, 0
336999, 67873, 1, 0, 0
337999, 69125, 1, 0, 0
339000, 70015, 1, 0, 0
339999, 70983, 1, 0, 0
341000, 71932, 1, 0, 0
341999, 70679, 1, 0, 0
342999, 71419, 1, 0, 0
344000, 70857, 1, 0, 0
344999, 72759, 1, 0, 0
345999, 71762, 1, 0, 0
347000, 71651, 1, 0, 0
347999, 71191, 1, 0, 0
348999, 70646, 1, 0, 0
350000, 72221, 1, 0, 0
350999, 71146, 1, 0, 0
351999, 71877, 1, 0, 0
353000, 67102, 1, 0, 0
353999, 72680, 1, 0, 0
355000, 72153, 1, 0, 0
355999, 71872, 1, 0, 0
356999, 71837, 1, 0, 0
358000, 69211, 1, 0, 0
358999, 71528, 1, 0, 0
359999, 71821, 1, 0, 0
361000, 72262, 1, 0, 0
361999, 71685, 1, 0, 0
362999, 71806, 1, 0, 0
364000, 70019, 1, 0, 0
364999, 70100, 1, 0, 0
365999, 71658, 1, 0, 0
367000, 71367, 1, 0, 0
367999, 71396, 1, 0, 0
368999, 71617, 1, 0, 0
370000, 71955, 1, 0, 0
370999, 72440, 1, 0, 0
371999, 69490, 1, 0, 0
373000, 72230, 1, 0, 0
373999, 71365, 1, 0, 0
374999, 69887, 1, 0, 0
376000, 70663, 1, 0, 0
376999, 69649, 1, 0, 0
377999, 71465, 1, 0, 0
379000, 71189, 1, 0, 0
379999, 71630, 1, 0, 0
380999, 70517, 1, 0, 0
382000, 71247, 1, 0, 0
382999, 72151, 1, 0, 0
383999, 71423, 1, 0, 0
385000, 64594, 1, 0, 0
385999, 64514, 1, 0, 0
387000, 56570, 1, 0, 0
387999, 60880, 1, 0, 0
388999, 62892, 1, 0, 0
390000, 64342, 1, 0, 0
390999, 65562, 1, 0, 0
391999, 71821, 1, 0, 0
393000, 71871, 1, 0, 0
393999, 71489, 1, 0, 0
394999, 72462, 1, 0, 0
396000, 71228, 1, 0, 0
396999, 72134, 1, 0, 0
398000, 69698, 1, 0, 0
399000, 71471, 1, 0, 0
399999, 72184, 1, 0, 0
401000, 70736, 1, 0, 0
402000, 71757, 1, 0, 0
402999, 71074, 1, 0, 0
404000, 71236, 1, 0, 0
404999, 71892, 1, 0, 0
405999, 71370, 1, 0, 0
407000, 71908, 1, 0, 0
407999, 71355, 1, 0, 0
408999, 72182, 1, 0, 0
410000, 69817, 1, 0, 0
410999, 71500, 1, 0, 0
411999, 71534, 1, 0, 0
413000, 70959, 1, 0, 0
413999, 72402, 1, 0, 0
414999, 71690, 1, 0, 0
416000, 71741, 1, 0, 0
416999, 71946, 1, 0, 0
417999, 71784, 1, 0, 0
419000, 72250, 1, 0, 0
419999, 71922, 1, 0, 0
421000, 69415, 1, 0, 0
422000, 71887, 1, 0, 0
422999, 69501, 1, 0, 0
424000, 71469, 1, 0, 0
425000, 71787, 1, 0, 0
425999, 72089, 1, 0, 0
427000, 72271, 1, 0, 0
427999, 71223, 1, 0, 0
428999, 65176, 1, 0, 0
430000, 64214, 1, 0, 0
430999, 64643, 1, 0, 0
432000, 65452, 1, 0, 0
432999, 71740, 1, 0, 0
433999, 71978, 1, 0, 0
435000, 71799, 1, 0, 0
435999, 71650, 1, 0, 0
436999, 72183, 1, 0, 0
438000, 71505, 1, 0, 0
438999, 71558, 1, 0, 0
439999, 71891, 1, 0, 0
441000, 70316, 1, 0, 0
441999, 71491, 1, 0, 0
442999, 70009, 1, 0, 0
444000, 71196, 1, 0, 0
444999, 72022, 1, 0, 0
445999, 71585, 1, 0, 0
447000, 72292, 1, 0, 0
447999, 70823, 1, 0, 0
448999, 70607, 1, 0, 0
450000, 70890, 1, 0, 0
450999, 71942, 1, 0, 0
451999, 71528, 1, 0, 0
453000, 71915, 1, 0, 0
453999, 69827, 1, 0, 0
454999, 69999, 1, 0, 0
456000, 71122, 1, 0, 0
456999, 71288, 1, 0, 0
457999, 72067, 1, 0, 0
459000, 71551, 1, 0, 0
459999, 72053, 1, 0, 0
461000, 71926, 1, 0, 0
462000, 72043, 1, 0, 0
462999, 70213, 1, 0, 0
464000, 71882, 1, 0, 0
465000, 70278, 1, 0, 0
465999, 70583, 1, 0, 0
467000, 71918, 1, 0, 0
468000, 71607, 1, 0, 0
468999, 71233, 1, 0, 0
470000, 69899, 1, 0, 0
471000, 70952, 1, 0, 0
471999, 68392, 1, 0, 0
473000, 69234, 1, 0, 0
473999, 70392, 1, 0, 0
474999, 72048, 1, 0, 0
476000, 71526, 1, 0, 0
476999, 70167, 1, 0, 0
477999, 71987, 1, 0, 0
479000, 71801, 1, 0, 0
479999, 72001, 1, 0, 0
