999, 133654, 1, 0, 0
1999, 129771, 1, 0, 0
2999, 128526, 1, 0, 0
4000, 127879, 1, 0, 0
4999, 131257, 1, 0, 0
5999, 130710, 1, 0, 0
6999, 133894, 1, 0, 0
7999, 130957, 1, 0, 0
8999, 130388, 1, 0, 0
9999, 124134, 1, 0, 0
10999, 117746, 1, 0, 0
11999, 125636, 1, 0, 0
12999, 125793, 1, 0, 0
13999, 126498, 1, 0, 0
14999, 122598, 1, 0, 0
15999, 105239, 1, 0, 0
16999, 72552, 1, 0, 0
17999, 72349, 1, 0, 0
19000, 73701, 1, 0, 0
19999, 71967, 1, 0, 0
20999, 81286, 1, 0, 0
21999, 82574, 1, 0, 0
23000, 77608, 1, 0, 0
23999, 73081, 1, 0, 0
25000, 69215, 1, 0, 0
26000, 65806, 1, 0, 0
27000, 57090, 1, 0, 0
27999, 62599, 1, 0, 0
29000, 66000, 1, 0, 0
29999, 62342, 1, 0, 0
31000, 62112, 1, 0, 0
31999, 64216, 1, 0, 0
33000, 103108, 1, 0, 0
33999, 111514, 1, 0, 0
35000, 111703, 1, 0, 0
35999, 105010, 1, 0, 0
37000, 83032, 1, 0, 0
37999, 68800, 1, 0, 0
38999, 70517, 1, 0, 0
39999, 64024, 1, 0, 0
41000, 62535, 1, 0, 0
41999, 83012, 1, 0, 0
43000, 97200, 1, 0, 0
43999, 89609, 1, 0, 0
45000, 94392, 1, 0, 0
45999, 87567, 1, 0, 0
47000, 84189, 1, 0, 0
47999, 85840, 1, 0, 0
49000, 86497, 1, 0, 0
49999, 84707, 1, 0, 0
51000, 76863, 1, 0, 0
51999, 64393, 1, 0, 0
53000, 63937, 1, 0, 0
53999, 88767, 1, 0, 0
55000, 90144, 1, 0, 0
55999, 95883, 1, 0, 0
57000, 122204, 1, 0, 0
57999, 122959, 1, 0, 0
58999, 119107, 1, 0, 0
60000, 123018, 1, 0, 0
60999, 118573, 1, 0, 0
62000, 120852, 1, 0, 0
62999, 88733, 1, 0, 0
63999, 95971, 1, 0, 0
65000, 93989, 1, 0, 0
65999, 99398, 1, 0, 0
67000, 75542, 1, 0, 0
67999, 72582, 1, 0, 0
68999, 72911, 1, 0, 0
70000, 72505, 1, 0, 0
70999, 74633, 1, 0, 0
71999, 70954, 1, 0, 0
73000, 94520, 1, 0, 0
73999, 94886, 1, 0, 0
74999, 94552, 1, 0, 0
76000, 95402, 1, 0, 0
76999, 94265, 1, 0, 0
77999, 94208, 1, 0, 0
78999, 95725, 1, 0, 0
79999, 94604, 1, 0, 0
81000, 93227, 1, 0, 0
81999, 102676, 1, 0, 0
83000, 105539, 1, 0, 0
83999, 113427, 1, 0, 0
84999, 73358, 1, 0, 0
86000, 73730, 1, 0, 0
86999, 72817, 1, 0, 0
87999, 74467, 1, 0, 0
89000, 72223, 1, 0, 0
89999, 64181, 1, 0, 0
91000, 61582, 1, 0, 0
91999, 58460, 1, 0, 0
92999, 59867, 1, 0, 0
94000, 60792, 1, 0, 0
94999, 62006, 1, 0, 0
96000, 65256, 1, 0, 0
96999, 67675, 1, 0, 0
97999, 128482, 1, 0, 0
99000, 131252, 1, 0, 0
99999, 129468, 1, 0, 0
101000, 132508, 1, 0, 0
101999, 132914, 1, 0, 0
102999, 134158, 1, 0, 0
104000, 132643, 1, 0, 0
104999, 133317, 1, 0, 0
105999, 125965, 1, 0, 0
107000, 121360, 1, 0, 0
107999, 121454, 1, 0, 0
109000, 118168, 1, 0, 0
109999, 119421, 1, 0, 0
111000, 117442, 1, 0, 0
111999, 118608, 1, 0, 0
113000, 99814, 1, 0, 0
113999, 103903, 1, 0, 0
114999, 86402, 1, 0, 0
116000, 108639, 1, 0, 0
116999, 112031, 1, 0, 0
118000, 125165, 1, 0, 0
118999, 132313, 1, 0, 0
119999, 128693, 1, 0, 0
121000, 134513, 1, 0, 0
121999, 132098, 1, 0, 0
123000, 130901, 1, 0, 0
124000, 132122, 1, 0, 0
124999, 133525, 1, 0, 0
126000, 126101, 1, 0, 0
126999, 128253, 1, 0, 0
127999, 132625, 1, 0, 0
129000, 131736, 1, 0, 0
129999, 129011, 1, 0, 0
131000, 130816, 1, 0, 0
131999, 107768, 1, 0, 0
133000, 83568, 1, 0, 0
133999, 76818, 1, 0, 0
135000, 76313, 1, 0, 0
135999, 55271, 1, 0, 0
137000, 55872, 1, 0, 0
137999, 51807, 1, 0, 0
139000, 86772, 1, 0, 0
139999, 108455, 1, 0, 0
141000, 119749, 1, 0, 0
141999, 103591, 1, 0, 0
143000, 73656, 1, 0, 0
143999, 64873, 1, 0, 0
145000, 60182, 1, 0, 0
145999, 60967, 1, 0, 0
147000, 63197, 1, 0, 0
147999, 100340, 1, 0, 0
149000, 104109, 1, 0, 0
149999, 72781, 1, 0, 0
150999, 72705, 1, 0, 0
152000, 74885, 1, 0, 0
152999, 80872, 1, 0, 0
154000, 80817, 1, 0, 0
155000, 82119, 1, 0, 0
155999, 80322, 1, 0, 0
157000, 93013, 1, 0, 0
157999, 100036, 1, 0, 0
159000, 107619, 1, 0, 0
159999, 132060, 1, 0, 0
161000, 130078, 1, 0, 0
162000, 131999, 1, 0, 0
162999, 131017, 1, 0, 0
164000, 132070, 1, 0, 0
164999, 130539, 1, 0, 0
165999, 134643, 1, 0, 0
167000, 93640, 1, 0, 0
167999, 96912, 1, 0, 0
168999, 101158, 1, 0, 0
169999, 125825, 1, 0, 0
171000, 125614, 1, 0, 0
171999, 128880, 1, 0, 0
173000, 127501, 1, 0, 0
173999, 109206, 1, 0, 0
175000, 106386, 1, 0, 0
175999, 69549, 1, 0, 0
177000, 64472, 1, 0, 0
178000, 65368, 1, 0, 0
179000, 62318, 1, 0, 0
179999, 64144, 1, 0, 0
181000, 96528, 1, 0, 0
181999, 105914, 1, 0, 0
183000, 115031, 1, 0, 0
183999, 109341, 1, 0, 0
184999, 86424, 1, 0, 0
186000, 85359, 1, 0, 0
186999, 76097, 1, 0, 0
188000, 68276, 1, 0, 0
188999, 66954, 1, 0, 0
190000, 65520, 1, 0, 0
190999, 68252, 1, 0, 0
192000, 122181, 1, 0, 0
192999, 131539, 1, 0, 0
194000, 132225, 1, 0, 0
195000, 133354, 1, 0, 0
195999, 131818, 1, 0, 0
197000, 130978, 1, 0, 0
197999, 129001, 1, 0, 0
198999, 121415, 1, 0, 0
200000, 126135, 1, 0, 0
200999, 126405, 1, 0, 0
202000, 130130, 1, 0, 0
202999, 128890, 1, 0, 0
203999, 126941, 1, 0, 0
205000, 129188, 1, 0, 0
205999, 129938, 1, 0, 0
207000, 129292, 1, 0, 0
208000, 132690, 1, 0, 0
208999, 129701, 1, 0, 0
210000, 122171, 1, 0, 0
210999, 125255, 1, 0, 0
212000, 127840, 1, 0, 0
213000, 128794, 1, 0, 0
213999, 108835, 1, 0, 0
215000, 104685, 1, 0, 0
215999, 107383, 1, 0, 0
217000, 106080, 1, 0, 0
218000, 66594, 1, 0, 0
218999, 82762, 1, 0, 0
220000, 106208, 1, 0, 0
220999, 104059, 1, 0, 0
222000, 101607, 1, 0, 0
222999, 107530, 1, 0, 0
224000, 124083, 1, 0, 0
224999, 98602, 1, 0, 0
226000, 77366, 1, 0, 0
226999, 89047, 1, 0, 0
228000, 70032, 1, 0, 0
228999, 62270, 1, 0, 0
230000, 65088, 1, 0, 0
230999, 78486, 1, 0, 0
232000, 79776, 1, 0, 0
232999, 78285, 1, 0, 0
234000, 79733, 1, 0, 0
235000, 71212, 1, 0, 0
236000, 63495, 1, 0, 0
236999, 56960, 1, 0, 0
238000, 63168, 1, 0, 0
239000, 65160, 1, 0, 0
240000, 69379, 1, 0, 0
240999, 72418, 1, 0, 0
242000, 71872, 1, 0, 0
243000, 73688, 1, 0, 0
244000, 70958, 1, 0, 0
245000, 70512, 1, 0, 0
246000, 67531, 1, 0, 0
247000, 67568, 1, 0, 0
248000, 70502, 1, 0, 0
248999, 78438, 1, 0, 0
250000, 79896, 1, 0, 0
250999, 66258, 1, 0, 0
252000, 65946, 1, 0, 0
252999, 65111, 1, 0, 0
254000, 60504, 1, 0, 0
255000, 67147, 1, 0, 0
256000, 94752, 1, 0, 0
257000, 111091, 1, 0, 0
258000, 129533, 1, 0, 0
258999, 131035, 1, 0, 0
260000, 131910, 1, 0, 0
261000, 130877, 1, 0, 0
261999, 134707, 1, 0, 0
263000, 130984, 1, 0, 0
263999, 118876, 1, 0, 0
265000, 112241, 1, 0, 0
266000, 112382, 1, 0, 0
267000, 118894, 1, 0, 0
268000, 106272, 1, 0, 0
269000, 93693, 1, 0, 0
270000, 85728, 1, 0, 0
271000, 80902, 1, 0, 0
272000, 57898, 1, 0, 0
273000, 60684, 1, 0, 0
274000, 63676, 1, 0, 0
274999, 58365, 1, 0, 0
276000, 59745, 1, 0, 0
276999, 62918, 1, 0, 0
278000, 58296, 1, 0, 0
278999, 59095, 1, 0, 0
280000, 61300, 1, 0, 0
281000, 58762, 1, 0, 0
282000, 60320, 1, 0, 0
283000, 60960, 1, 0, 0
284000, 59980, 1, 0, 0
285000, 99767, 1, 0, 0
286000, 132254, 1, 0, 0
286999, 131635, 1, 0, 0
288000, 131664, 1, 0, 0
289000, 131937, 1, 0, 0
289999, 133136, 1, 0, 0
291000, 117649, 1, 0, 0
291999, 90738, 1, 0, 0
293000, 98568, 1, 0, 0
293999, 101326, 1, 0, 0
295000, 99823, 1, 0, 0
296000, 88704, 1, 0, 0
297000, 84828, 1, 0, 0
297999, 72562, 1, 0, 0
299000, 68246, 1, 0, 0
299999, 64960, 1, 0, 0
301000, 125523, 1, 0, 0
302000, 133073, 1, 0, 0
303000, 131172, 1, 0, 0
304000, 131944, 1, 0, 0
304999, 134071, 1, 0, 0
306000, 131865, 1, 0, 0
307000, 122486, 1, 0, 0
307999, 130732, 1, 0, 0
309000, 131344, 1, 0, 0
310000, 131615, 1, 0, 0
311000, 132675, 1, 0, 0
312000, 130763, 1, 0, 0
312999, 100055, 1, 0, 0
314000, 79501, 1, 0, 0
314999, 83000, 1, 0, 0
316000, 51384, 1, 0, 0
317000, 45213, 1, 0, 0
318000, 45192, 1, 0, 0
319000, 46840, 1, 0, 0
320000, 47214, 1, 0, 0
320999, 63807, 1, 0, 0
322000, 77256, 1, 0, 0
323000, 78088, 1, 0, 0
324000, 77752, 1, 0, 0
325000, 57151, 1, 0, 0
326000, 58800, 1, 0, 0
327000, 63279, 1, 0, 0
328000, 88708, 1, 0, 0
329000, 111572, 1, 0, 0
330000, 116631, 1, 0, 0
331000, 115603, 1, 0, 0
332000, 111168, 1, 0, 0
333000, 115512, 1, 0, 0
334000, 132649, 1, 0, 0
334999, 133886, 1, 0, 0
336000, 131182, 1, 0, 0
337000, 132245, 1, 0, 0
338000, 132705, 1, 0, 0
339000, 127752, 1, 0, 0
340000, 134441, 1, 0, 0
341000, 133961, 1, 0, 0
342000, 131144, 1, 0, 0
342999, 127446, 1, 0, 0
344000, 131159, 1, 0, 0
345000, 128913, 1, 0, 0
346000, 132864, 1, 0, 0
347000, 134078, 1, 0, 0
347999, 131147, 1, 0, 0
349000, 134651, 1, 0, 0
350000, 132461, 1, 0, 0
351000, 124531, 1, 0, 0
352000, 128685, 1, 0, 0
352999, 134007, 1, 0, 0
354000, 129545, 1, 0, 0
355000, 131316, 1, 0, 0
355999, 133036, 1, 0, 0
357000, 125738, 1, 0, 0
357999, 121288, 1, 0, 0
359000, 127093, 1, 0, 0
360000, 127167, 1, 0, 0
361000, 127742, 1, 0, 0
362000, 113926, 1, 0, 0
362999, 71566, 1, 0, 0
364000, 73272, 1, 0, 0
365000, 85969, 1, 0, 0
366000, 102437, 1, 0, 0
367000, 104808, 1, 0, 0
368000, 110413, 1, 0, 0
369000, 104521, 1, 0, 0
370000, 109094, 1, 0, 0
371000, 129034, 1, 0, 0
371999, 121449, 1, 0, 0
373000, 119207, 1, 0, 0
374000, 81656, 1, 0, 0
375000, 71752, 1, 0, 0
376000, 73401, 1, 0, 0
377000, 72608, 1, 0, 0
378000, 72746, 1, 0, 0
379000, 72842, 1, 0, 0
379999, 68092, 1, 0, 0
381000, 67488, 1, 0, 0
382000, 60480, 1, 0, 0
383000, 60324, 1, 0, 0
384000, 61272, 1, 0, 0
385000, 66474, 1, 0, 0
386000, 63906, 1, 0, 0
387000, 65687, 1, 0, 0
388000, 66000, 1, 0, 0
389000, 64048, 1, 0, 0
390000, 62662, 1, 0, 0
391000, 61864, 1, 0, 0
392000, 66255, 1, 0, 0
393000, 132268, 1, 0, 0
394000, 129959, 1, 0, 0
394999, 133097, 1, 0, 0
396000, 131694, 1, 0, 0
397000, 133987, 1, 0, 0
398000, 131936, 1, 0, 0
399000, 130970, 1, 0, 0
400000, 119922, 1, 0, 0
401000, 127611, 1, 0, 0
402000, 131531, 1, 0, 0
403000, 129854, 1, 0, 0
404000, 129708, 1, 0, 0
405000, 125572, 1, 0, 0
406000, 120386, 1, 0, 0
407000, 124502, 1, 0, 0
408000, 121689, 1, 0, 0
409000, 116370, 1, 0, 0
409999, 90834, 1, 0, 0
411000, 72192, 1, 0, 0
412000, 73582, 1, 0, 0
412999, 72435, 1, 0, 0
414000, 79239, 1, 0, 0
415000, 97114, 1, 0, 0
416000, 116853, 1, 0, 0
417000, 120637, 1, 0, 0
418000, 123655, 1, 0, 0
419000, 111341, 1, 0, 0
420000, 106017, 1, 0, 0
421000, 97648, 1, 0, 0
422000, 110978, 1, 0, 0
423000, 109166, 1, 0, 0
424000, 97840, 1, 0, 0
425000, 64816, 1, 0, 0
426000, 66864, 1, 0, 0
427000, 93405, 1, 0, 0
428000, 113904, 1, 0, 0
429000, 111343, 1, 0, 0
430000, 113926, 1, 0, 0
431000, 122285, 1, 0, 0
432000, 124430, 1, 0, 0
433000, 123242, 1, 0, 0
434000, 114602, 1, 0, 0
435000, 111028, 1, 0, 0
436000, 96602, 1, 0, 0
437000, 78877, 1, 0, 0
438000, 75011, 1, 0, 0
439000, 67435, 1, 0, 0
440001, 64728, 1, 0, 0
441000, 73681, 1, 0, 0
442001, 82512, 1, 0, 0
443000, 82738, 1, 0, 0
444001, 76656, 1, 0, 0
445000, 76972, 1, 0, 0
446000, 65129, 1, 0, 0
447000, 52292, 1, 0, 0
448001, 60204, 1, 0, 0
449000, 61101, 1, 0, 0
450000, 61394, 1, 0, 0
451000, 58384, 1, 0, 0
452000, 59905, 1, 0, 0
453000, 62965, 1, 0, 0
454000, 58056, 1, 0, 0
455000, 59675, 1, 0, 0
456000, 95324, 1, 0, 0
457000, 130701, 1, 0, 0
458000, 131313, 1, 0, 0
459000, 131005, 1, 0, 0
460000, 131046, 1, 0, 0
461000, 131930, 1, 0, 0
462000, 133900, 1, 0, 0
463000, 131739, 1, 0, 0
464000, 128137, 1, 0, 0
465000, 129014, 1, 0, 0
466000, 127355, 1, 0, 0
467000, 134125, 1, 0, 0
468000, 129115, 1, 0, 0
469000, 133702, 1, 0, 0
470000, 110241, 1, 0, 0
471000, 80664, 1, 0, 0
472000, 59627, 1, 0, 0
473000, 55776, 1, 0, 0
474000, 54594, 1, 0, 0
475001, 58212, 1, 0, 0
476000, 55831, 1, 0, 0
477001, 58608, 1, 0, 0
478000, 71207, 1, 0, 0
479000, 78144, 1, 0, 0
