1000, 123195, 0, 0, 0
2000, 115832, 0, 0, 0
3000, 112753, 0, 0, 0
4000, 115257, 0, 0, 0
5000, 110704, 0, 0, 0
6000, 110367, 0, 0, 0
7000, 127217, 0, 0, 0
8000, 128136, 0, 0, 0
9000, 142502, 0, 0, 0
10000, 146876, 0, 0, 0
11000, 138546, 0, 0, 0
12000, 136243, 0, 0, 0
13000, 142436, 0, 0, 0
14000, 195711, 0, 0, 0
15000, 202506, 0, 0, 0
16000, 201159, 0, 0, 0
17000, 133681, 0, 0, 0
18000, 114971, 0, 0, 0
19000, 121826, 0, 0, 0
20000, 122071, 0, 0, 0
21000, 122761, 0, 0, 0
22000, 108544, 0, 0, 0
23000, 117435, 0, 0, 0
24000, 120184, 0, 0, 0
25000, 129341, 0, 0, 0
26000, 115540, 0, 0, 0
27000, 115963, 0, 0, 0
28000, 120764, 0, 0, 0
29000, 119578, 0, 0, 0
30000, 121476, 0, 0, 0
31000, 124694, 0, 0, 0
32000, 126145, 0, 0, 0
33000, 121349, 0, 0, 0
34000, 116988, 0, 0, 0
35000, 123384, 0, 0, 0
36000, 129188, 0, 0, 0
37000, 128938, 0, 0, 0
38000, 124184, 0, 0, 0
39000, 120419, 0, 0, 0
40000, 126631, 0, 0, 0
40999, 119043, 0, 0, 0
42000, 124641, 0, 0, 0
43000, 124118, 0, 0, 0
44000, 126170, 0, 0, 0
45000, 122994, 0, 0, 0
46000, 122476, 0, 0, 0
47000, 120435, 0, 0, 0
47999, 135771, 0, 0, 0
49000, 120342, 0, 0, 0
50000, 122081, 0, 0, 0
51000, 130018, 0, 0, 0
52000, 139526, 0, 0, 0
53000, 129580, 0, 0, 0
54000, 137017, 0, 0, 0
55000, 149218, 0, 0, 0
56000, 142091, 0, 0, 0
57000, 144081, 0, 0, 0
58000, 146288, 0, 0, 0
59000, 133372, 0, 0, 0
60000, 136637, 0, 0, 0
61000, 144629, 0, 0, 0
62000, 147571, 0, 0, 0
63000, 128223, 0, 0, 0
64000, 138482, 0, 0, 0
65000, 144438, 0, 0, 0
66000, 137475, 0, 0, 0
67000, 142423, 0, 0, 0
67999, 154073, 0, 0, 0
69000, 154302, 0, 0, 0
70000, 144404, 0, 0, 0
71000, 144734, 0, 0, 0
72000, 152632, 0, 0, 0
73000, 142099, 0, 0, 0
74000, 147414, 0, 0, 0
75000, 151057, 0, 0, 0
76000, 143417, 0, 0, 0
77000, 136593, 0, 0, 0
78000, 125620, 0, 0, 0
79000, 150142, 0, 0, 0
80000, 196332, 0, 0, 0
81000, 204338, 0, 0, 0
82000, 181259, 0, 0, 0
82999, 115537, 0, 0, 0
84000, 126936, 0, 0, 0
85000, 112299, 0, 0, 0
86000, 116737, 0, 0, 0
87000, 95377, 0, 0, 0
88000, 102031, 0, 0, 0
89000, 98704, 0, 0, 0
89999, 106463, 0, 0, 0
91000, 113387, 0, 0, 0
92000, 105302, 0, 0, 0
93000, 122858, 0, 0, 0
94000, 116424, 0, 0, 0
94999, 127351, 0, 0, 0
96000, 125826, 0, 0, 0
96999, 129518, 0, 0, 0
98000, 120111, 0, 0, 0
99000, 132990, 0, 0, 0
100000, 122846, 0, 0, 0
101000, 131345, 0, 0, 0
101999, 129361, 0, 0, 0
103000, 135532, 0, 0, 0
103999, 135082, 0, 0, 0
105000, 142226, 0, 0, 0
105999, 145479, 0, 0, 0
107000, 146973, 0, 0, 0
108000, 150140, 0, 0, 0
109000, 144185, 0, 0, 0
110000, 130504, 0, 0, 0
111000, 138452, 0, 0, 0
112000, 137717, 0, 0, 0
113000, 124255, 0, 0, 0
114000, 134151, 0, 0, 0
115000, 135148, 0, 0, 0
116000, 127258, 0, 0, 0
117000, 129453, 0, 0, 0
118000, 135260, 0, 0, 0
119000, 124144, 0, 0, 0
120000, 137390, 0, 0, 0
121000, 147632, 0, 0, 0
122000, 148567, 0, 0, 0
123000, 133155, 0, 0, 0
124000, 136210, 0, 0, 0
124999, 140052, 0, 0, 0
126000, 121609, 0, 0, 0
127000, 129291, 0, 0, 0
128000, 139794, 0, 0, 0
129000, 140465, 0, 0, 0
130000, 133740, 0, 0, 0
131000, 145047, 0, 0, 0
132000, 149865, 0, 0, 0
133000, 141693, 0, 0, 0
134000, 140917, 0, 0, 0
135000, 141933, 0, 0, 0
136000, 185408, 0, 0, 0
137000, 200449, 0, 0, 0
138000, 194682, 0, 0, 0
138999, 200403, 0, 0, 0
140000, 201952, 0, 0, 0
140999, 127671, 0, 0, 0
142000, 112331, 0, 0, 0
142999, 115683, 0, 0, 0
144000, 122006, 0, 0, 0
145000, 117890, 0, 0, 0
146000, 117756, 0, 0, 0
147000, 130865, 0, 0, 0
148000, 135848, 0, 0, 0
148999, 139614, 0, 0, 0
150000, 133500, 0, 0, 0
151000, 147343, 0, 0, 0
152000, 154060, 0, 0, 0
153000, 138920, 0, 0, 0
154000, 131164, 0, 0, 0
155000, 138288, 0, 0, 0
156000, 130254, 0, 0, 0
157000, 128631, 0, 0, 0
158000, 137672, 0, 0, 0
159000, 145896, 0, 0, 0
160000, 134772, 0, 0, 0
160999, 146693, 0, 0, 0
162000, 149778, 0, 0, 0
162999, 162410, 0, 0, 0
164000, 192202, 0, 0, 0
164999, 200004, 0, 0, 0
166000, 168314, 0, 0, 0
167000, 119882, 0, 0, 0
168000, 122517, 0, 0, 0
169000, 130679, 0, 0, 0
170000, 115825, 0, 0, 0
171000, 128996, 0, 0, 0
172000, 130627, 0, 0, 0
173000, 136394, 0, 0, 0
174000, 131208, 0, 0, 0
175000, 139337, 0, 0, 0
176000, 141983, 0, 0, 0
177000, 143479, 0, 0, 0
178000, 145887, 0, 0, 0
179000, 141858, 0, 0, 0
180000, 138276, 0, 0, 0
181000, 125326, 0, 0, 0
182000, 131752, 0, 0, 0
183000, 145172, 0, 0, 0
184000, 133764, 0, 0, 0
185000, 139438, 0, 0, 0
186000, 144393, 0, 0, 0
187000, 136821, 0, 0, 0
188000, 138548, 0, 0, 0
189000, 145400, 0, 0, 0
190000, 149351, 0, 0, 0
191000, 137059, 0, 0, 0
192000, 139406, 0, 0, 0
193000, 147595, 0, 0, 0
194000, 132390, 0, 0, 0
195000, 127418, 0, 0, 0
196000, 136871, 0, 0, 0
197000, 140641, 0, 0, 0
198000, 177535, 0, 0, 0
199000, 186836, 0, 0, 0
200000, 202188, 0, 0, 0
201000, 175377, 0, 0, 0
202000, 136840, 0, 0, 0
203000, 139272, 0, 0, 0
204000, 134943, 0, 0, 0
205000, 126275, 0, 0, 0
206000, 139194, 0, 0, 0
207000, 139664, 0, 0, 0
208000, 137200, 0, 0, 0
209000, 132338, 0, 0, 0
210000, 143175, 0, 0, 0
211000, 149857, 0, 0, 0
212000, 141197, 0, 0, 0
213000, 144425, 0, 0, 0
214000, 140350, 0, 0, 0
214999, 135538, 0, 0, 0
216000, 136734, 0, 0, 0
216999, 141896, 0, 0, 0
218000, 160793, 0, 0, 0
218999, 184925, 0, 0, 0
220000, 198954, 0, 0, 0
221000, 205360, 0, 0, 0
222000, 139461, 0, 0, 0
222999, 137240, 0, 0, 0
224000, 136718, 0, 0, 0
224999, 129881, 0, 0, 0
226000, 124130, 0, 0, 0
226999, 127146, 0, 0, 0
228000, 129990, 0, 0, 0
228999, 132564, 0, 0, 0
230000, 129366, 0, 0, 0
230999, 128501, 0, 0, 0
232000, 119823, 0, 0, 0
232999, 129297, 0, 0, 0
234000, 130177, 0, 0, 0
235000, 124891, 0, 0, 0
236000, 143593, 0, 0, 0
237000, 138686, 0, 0, 0
238000, 138856, 0, 0, 0
239000, 141811, 0, 0, 0
240000, 132805, 0, 0, 0
241000, 133853, 0, 0, 0
242000, 137641, 0, 0, 0
243000, 146906, 0, 0, 0
244000, 129903, 0, 0, 0
245000, 135918, 0, 0, 0
246000, 132695, 0, 0, 0
247000, 131696, 0, 0, 0
248000, 126366, 0, 0, 0
249000, 129293, 0, 0, 0
250000, 130476, 0, 0, 0
251000, 118723, 0, 0, 0
252000, 110338, 0, 0, 0
252999, 122051, 0, 0, 0
254000, 127596, 0, 0, 0
255000, 127914, 0, 0, 0
256000, 123043, 0, 0, 0
256999, 137540, 0, 0, 0
258000, 140211, 0, 0, 0
259000, 143746, 0, 0, 0
260000, 143968, 0, 0, 0
260999, 145204, 0, 0, 0
262000, 145108, 0, 0, 0
262999, 136207, 0, 0, 0
264000, 136991, 0, 0, 0
264999, 135886, 0, 0, 0
266000, 133987, 0, 0, 0
267000, 138891, 0, 0, 0
268000, 144618, 0, 0, 0
268999, 148234, 0, 0, 0
270000, 137013, 0, 0, 0
270999, 143900, 0, 0, 0
272000, 148220, 0, 0, 0
272999, 140043, 0, 0, 0
274000, 145227, 0, 0, 0
274999, 148848, 0, 0, 0
276000, 135996, 0, 0, 0
277000, 145960, 0, 0, 0
278000, 148021, 0, 0, 0
279000, 151091, 0, 0, 0
280000, 139982, 0, 0, 0
281000, 144328, 0, 0, 0
282000, 188530, 0, 0, 0
283000, 196748, 0, 0, 0
284000, 201678, 0, 0, 0
285000, 202111, 0, 0, 0
286000, 184272, 0, 0, 0
286999, 115382, 0, 0, 0
288000, 103613, 0, 0, 0
289000, 107134, 0, 0, 0
290000, 119262, 0, 0, 0
291000, 139009, 0, 0, 0
292000, 132549, 0, 0, 0
293000, 133888, 0, 0, 0
294000, 134978, 0, 0, 0
295000, 145823, 0, 0, 0
296000, 131875, 0, 0, 0
297000, 135509, 0, 0, 0
298000, 137784, 0, 0, 0
299000, 127186, 0, 0, 0
300000, 135789, 0, 0, 0
301000, 135795, 0, 0, 0
302000, 141387, 0, 0, 0
303000, 138135, 0, 0, 0
304000, 135561, 0, 0, 0
304999, 140470, 0, 0, 0
306000, 166227, 0, 0, 0
306999, 190572, 0, 0, 0
308000, 196083, 0, 0, 0
309000, 194663, 0, 0, 0
310000, 192973, 0, 0, 0
311000, 194507, 0, 0, 0
312000, 182943, 0, 0, 0
313000, 100865, 0, 0, 0
314000, 100542, 0, 0, 0
315000, 109850, 0, 0, 0
315999, 112864, 0, 0, 0
317000, 115286, 0, 0, 0
317999, 117588, 0, 0, 0
319000, 123421, 0, 0, 0
319999, 127228, 0, 0, 0
321000, 117852, 0, 0, 0
321999, 127158, 0, 0, 0
323000, 133189, 0, 0, 0
324000, 138803, 0, 0, 0
325000, 134315, 0, 0, 0
325999, 138709, 0, 0, 0
327000, 140729, 0, 0, 0
328000, 128555, 0, 0, 0
329000, 130663, 0, 0, 0
330000, 138234, 0, 0, 0
331000, 139963, 0, 0, 0
332000, 131671, 0, 0, 0
333000, 133248, 0, 0, 0
334000, 138461, 0, 0, 0
335000, 141522, 0, 0, 0
336000, 126210, 0, 0, 0
337000, 142323, 0, 0, 0
338000, 147559, 0, 0, 0
339000, 138769, 0, 0, 0
340000, 146285, 0, 0, 0
341000, 147687, 0, 0, 0
342000, 140146, 0, 0, 0
343000, 130402, 0, 0, 0
344000, 141475, 0, 0, 0
345000, 139109, 0, 0, 0
346000, 125340, 0, 0, 0
347000, 149051, 0, 0, 0
348000, 146774, 0, 0, 0
349000, 144378, 0, 0, 0
350000, 131638, 0, 0, 0
351000, 137577, 0, 0, 0
352000, 140823, 0, 0, 0
353000, 135692, 0, 0, 0
354000, 138378, 0, 0, 0
355000, 150608, 0, 0, 0
356000, 139858, 0, 0, 0
357000, 132919, 0, 0, 0
358000, 138449, 0, 0, 0
359000, 140694, 0, 0, 0
360000, 136781, 0, 0, 0
361000, 144600, 0, 0, 0
362000, 147778, 0, 0, 0
363000, 138007, 0, 0, 0
364000, 142205, 0, 0, 0
365000, 147815, 0, 0, 0
366000, 146774, 0, 0, 0
367000, 144170, 0, 0, 0
368000, 151303, 0, 0, 0
369000, 154957, 0, 0, 0
370000, 142524, 0, 0, 0
371000, 149225, 0, 0, 0
372000, 152456, 0, 0, 0
373000, 144661, 0, 0, 0
374000, 145976, 0, 0, 0
375000, 151513, 0, 0, 0
376000, 182559, 0, 0, 0
377000, 191925, 0, 0, 0
378000, 197330, 0, 0, 0
379000, 198921, 0, 0, 0
379999, 152127, 0, 0, 0
381000, 121018, 0, 0, 0
381999, 126179, 0, 0, 0
383000, 125930, 0, 0, 0
383999, 126236, 0, 0, 0
385000, 118394, 0, 0, 0
386000, 128096, 0, 0, 0
387000, 134389, 0, 0, 0
388000, 135965, 0, 0, 0
389000, 145194, 0, 0, 0
390000, 147904, 0, 0, 0
391000, 153851, 0, 0, 0
392000, 140458, 0, 0, 0
393000, 151732, 0, 0, 0
394000, 143479, 0, 0, 0
395000, 183702, 0, 0, 0
395999, 196888, 0, 0, 0
397000, 202277, 0, 0, 0
398000, 129606, 0, 0, 0
399000, 134447, 0, 0, 0
400000, 132591, 0, 0, 0
401000, 128670, 0, 0, 0
402000, 125669, 0, 0, 0
403000, 139143, 0, 0, 0
404000, 143728, 0, 0, 0
405000, 137375, 0, 0, 0
406000, 193065, 0, 0, 0
407000, 196803, 0, 0, 0
408000, 183747, 0, 0, 0
409000, 137314, 0, 0, 0
410000, 142671, 0, 0, 0
410999, 138416, 0, 0, 0
412000, 131663, 0, 0, 0
413000, 135462, 0, 0, 0
414000, 137682, 0, 0, 0
415000, 130764, 0, 0, 0
416000, 141300, 0, 0, 0
417000, 140007, 0, 0, 0
418000, 142134, 0, 0, 0
419000, 131698, 0, 0, 0
420000, 127606, 0, 0, 0
420999, 144555, 0, 0, 0
422000, 139645, 0, 0, 0
422999, 144357, 0, 0, 0
424000, 152107, 0, 0, 0
425000, 154241, 0, 0, 0
426000, 135223, 0, 0, 0
427000, 138011, 0, 0, 0
428000, 137688, 0, 0, 0
429000, 135084, 0, 0, 0
430000, 138613, 0, 0, 0
431000, 146583, 0, 0, 0
432000, 150405, 0, 0, 0
433000, 137782, 0, 0, 0
434000, 135555, 0, 0, 0
435000, 135682, 0, 0, 0
436000, 181271, 0, 0, 0
437000, 204206, 0, 0, 0
438000, 213027, 0, 0, 0
439000, 144705, 0, 0, 0
440000, 99640, 0, 0, 0
441000, 97191, 0, 0, 0
442000, 100525, 0, 0, 0
443000, 116569, 0, 0, 0
443999, 110603, 0, 0, 0
445000, 129861, 0, 0, 0
445999, 131573, 0, 0, 0
447000, 135292, 0, 0, 0
448000, 136224, 0, 0, 0
449000, 143545, 0, 0, 0
450000, 151609, 0, 0, 0
451000, 145412, 0, 0, 0
452000, 140594, 0, 0, 0
453000, 140652, 0, 0, 0
454000, 143346, 0, 0, 0
455000, 137945, 0, 0, 0
456000, 138839, 0, 0, 0
457000, 138792, 0, 0, 0
458000, 153698, 0, 0, 0
459000, 189452, 0, 0, 0
460000, 219274, 0, 0, 0
461000, 189704, 0, 0, 0
462000, 120213, 0, 0, 0
463000, 130650, 0, 0, 0
464000, 126462, 0, 0, 0
465000, 120036, 0, 0, 0
466000, 116015, 0, 0, 0
467000, 109731, 0, 0, 0
468000, 129074, 0, 0, 0
469000, 120200, 0, 0, 0
470000, 127165, 0, 0, 0
471000, 135441, 0, 0, 0
472000, 138970, 0, 0, 0
473000, 130106, 0, 0, 0
474000, 145037, 0, 0, 0
475000, 150227, 0, 0, 0
476000, 143865, 0, 0, 0
477000, 144949, 0, 0, 0
478000, 147909, 0, 0, 0
479000, 149729, 0, 0, 0
480000, 138538, 0, 0, 0
