999, 2000, 0, 0, 0
1999, 2096, 0, 0, 0
2999, 2093, 0, 0, 0
3999, 2020, 0, 0, 0
5000, 2062, 0, 0, 0
5999, 2201, 0, 0, 0
7000, 2114, 0, 0, 0
7999, 2052, 0, 0, 0
8999, 1758, 0, 0, 0
9999, 1860, 0, 0, 0
10999, 1721, 0, 0, 0
11999, 2183, 0, 0, 0
12999, 2206, 0, 0, 0
14000, 1699, 0, 0, 0
14999, 1837, 0, 0, 0
16000, 1918, 0, 0, 0
16999, 1817, 0, 0, 0
17999, 1883, 0, 0, 0
18999, 1907, 0, 0, 0
19999, 2134, 0, 0, 0
20999, 2351, 0, 0, 0
21999, 916, 0, 0, 0
22999, 1502, 0, 0, 0
23999, 2548, 0, 0, 0
24999, 1887, 0, 0, 0
26000, 2216, 0, 0, 0
26999, 2547, 0, 0, 0
27999, 964, 0, 0, 0
28999, 1024, 0, 0, 0
29999, 1165, 0, 0, 0
30999, 1400, 0, 0, 0
31999, 1728, 0, 0, 0
32999, 1878, 0, 0, 0
33999, 1808, 0, 0, 0
34999, 1827, 0, 0, 0
35999, 2117, 0, 0, 0
36999, 1947, 0, 0, 0
37999, 1831, 0, 0, 0
38999, 2089, 0, 0, 0
39999, 2036, 0, 0, 0
41000, 1899, 0, 0, 0
41999, 2093, 0, 0, 0
42999, 2184, 0, 0, 0
43999, 1877, 0, 0, 0
44999, 2197, 0, 0, 0
46000, 1945, 0, 0, 0
46999, 1909, 0, 0, 0
48000, 2032, 0, 0, 0
48999, 2118, 0, 0, 0
49999, 1849, 0, 0, 0
50999, 2054, 0, 0, 0
51999, 1915, 0, 0, 0
52999, 2064, 0, 0, 0
53999, 2059, 0, 0, 0
54999, 2101, 0, 0, 0
56000, 2591, 0, 0, 0
56999, 1118, 0, 0, 0
57999, 1241, 0, 0, 0
58999, 1237, 0, 0, 0
59999, 1143, 0, 0, 0
61000, 1399, 0, 0, 0
61999, 1773, 0, 0, 0
62999, 1820, 0, 0, 0
63999, 1848, 0, 0, 0
65000, 1350, 0, 0, 0
65999, 1716, 0, 0, 0
67000, 1663, 0, 0, 0
67999, 1532, 0, 0, 0
68999, 1732, 0, 0, 0
69999, 1836, 0, 0, 0
70999, 1832, 0, 0, 0
71999, 1998, 0, 0, 0
73000, 2157, 0, 0, 0
73999, 2080, 0, 0, 0
75000, 2108, 0, 0, 0
75999, 2220, 0, 0, 0
77000, 1965, 0, 0, 0
77999, 1853, 0, 0, 0
78999, 1950, 0, 0, 0
79999, 1838, 0, 0, 0
80999, 1868, 0, 0, 0
81999, 2015, 0, 0, 0
82999, 2054, 0, 0, 0
84000, 1967, 0, 0, 0
84999, 2085, 0, 0, 0
86000, 1877, 0, 0, 0
86999, 2097, 0, 0, 0
87999, 2124, 0, 0, 0
88999, 2410, 0, 0, 0
89999, 1923, 0, 0, 0
91000, 876, 0, 0, 0
91999, 973, 0, 0, 0
92999, 986, 0, 0, 0
93999, 1010, 0, 0, 0
94999, 1042, 0, 0, 0
96000, 1521, 0, 0, 0
96999, 1497, 0, 0, 0
98000, 1835, 0, 0, 0
98999, 2088, 0, 0, 0
99999, 2121, 0, 0, 0
100999, 2104, 0, 0, 0
101999, 2106, 0, 0, 0
103000, 2066, 0, 0, 0
103999, 1966, 0, 0, 0
104999, 2023, 0, 0, 0
105999, 1921, 0, 0, 0
106999, 1878, 0, 0, 0
108000, 2067, 0, 0, 0
108999, 2188, 0, 0, 0
109999, 2115, 0, 0, 0
110999, 2051, 0, 0, 0
111999, 2026, 0, 0, 0
113000, 2081, 0, 0, 0
113999, 1814, 0, 0, 0
115000, 2025, 0, 0, 0
115999, 1951, 0, 0, 0
116999, 1995, 0, 0, 0
117999, 2239, 0, 0, 0
118999, 2110, 0, 0, 0
120000, 2061, 0, 0, 0
120999, 2205, 0, 0, 0
121999, 2295, 0, 0, 0
122999, 2116, 0, 0, 0
123999, 2064, 0, 0, 0
125000, 2574, 0, 0, 0
125999, 1705, 0, 0, 0
126999, 1023, 0, 0, 0
128000, 962, 0, 0, 0
128999, 1061, 0, 0, 0
129999, 1081, 0, 0, 0
130999, 1540, 0, 0, 0
131999, 1575, 0, 0, 0
132999, 1624, 0, 0, 0
133999, 1474, 0, 0, 0
134999, 1508, 0, 0, 0
135999, 1587, 0, 0, 0
136999, 1690, 0, 0, 0
137999, 1508, 0, 0, 0
138999, 1644, 0, 0, 0
139999, 1870, 0, 0, 0
140999, 1806, 0, 0, 0
141999, 2017, 0, 0, 0
142999, 2010, 0, 0, 0
143999, 1777, 0, 0, 0
144999, 1926, 0, 0, 0
145999, 2057, 0, 0, 0
146999, 2038, 0, 0, 0
147999, 1872, 0, 0, 0
148999, 1974, 0, 0, 0
149999, 1863, 0, 0, 0
151000, 2141, 0, 0, 0
151999, 2153, 0, 0, 0
152999, 2055, 0, 0, 0
153999, 2038, 0, 0, 0
154999, 2485, 0, 0, 0
156000, 1722, 0, 0, 0
156999, 1372, 0, 0, 0
157999, 1443, 0, 0, 0
158999, 1363, 0, 0, 0
159999, 1181, 0, 0, 0
160999, 1467, 0, 0, 0
161999, 1429, 0, 0, 0
163000, 1339, 0, 0, 0
163999, 1503, 0, 0, 0
165000, 1881, 0, 0, 0
165999, 1846, 0, 0, 0
167000, 2263, 0, 0, 0
167999, 2048, 0, 0, 0
169000, 2157, 0, 0, 0
169999, 2067, 0, 0, 0
171000, 1897, 0, 0, 0
171999, 1644, 0, 0, 0
172999, 1560, 0, 0, 0
173999, 1673, 0, 0, 0
175000, 2024, 0, 0, 0
175999, 2004, 0, 0, 0
176999, 2223, 0, 0, 0
177999, 2021, 0, 0, 0
178999, 2327, 0, 0, 0
179999, 2201, 0, 0, 0
180999, 1931, 0, 0, 0
182000, 1977, 0, 0, 0
182999, 1823, 0, 0, 0
183999, 1792, 0, 0, 0
184999, 1632, 0, 0, 0
185999, 1363, 0, 0, 0
187000, 1462, 0, 0, 0
187999, 1955, 0, 0, 0
188999, 2126, 0, 0, 0
189999, 2009, 0, 0, 0
190999, 2014, 0, 0, 0
191999, 2124, 0, 0, 0
192999, 2136, 0, 0, 0
193999, 1917, 0, 0, 0
194999, 2149, 0, 0, 0
195999, 2103, 0, 0, 0
197000, 2094, 0, 0, 0
197999, 2128, 0, 0, 0
199000, 2035, 0, 0, 0
199999, 1891, 0, 0, 0
201000, 2029, 0, 0, 0
201999, 2194, 0, 0, 0
202999, 2016, 0, 0, 0
203999, 2429, 0, 0, 0
204999, 2136, 0, 0, 0
205999, 1802, 0, 0, 0
206999, 1866, 0, 0, 0
207999, 2103, 0, 0, 0
208999, 1851, 0, 0, 0
209999, 1921, 0, 0, 0
210999, 1906, 0, 0, 0
211999, 1964, 0, 0, 0
212999, 2143, 0, 0, 0
213999, 2453, 0, 0, 0
214999, 1794, 0, 0, 0
215999, 1634, 0, 0, 0
216999, 1913, 0, 0, 0
217999, 2066, 0, 0, 0
218999, 1947, 0, 0, 0
219999, 2016, 0, 0, 0
220999, 2045, 0, 0, 0
221999, 1695, 0, 0, 0
222999, 1707, 0, 0, 0
223999, 1777, 0, 0, 0
224999, 1623, 0, 0, 0
225999, 1964, 0, 0, 0
226999, 2106, 0, 0, 0
227999, 2055, 0, 0, 0
229000, 2186, 0, 0, 0
229999, 2268, 0, 0, 0
231000, 2087, 0, 0, 0
231999, 2272, 0, 0, 0
232999, 2243, 0, 0, 0
233999, 2063, 0, 0, 0
235000, 2518, 0, 0, 0
235999, 2193, 0, 0, 0
236999, 2033, 0, 0, 0
238000, 2604, 0, 0, 0
238999, 1711, 0, 0, 0
239999, 1187, 0, 0, 0
240999, 1185, 0, 0, 0
241999, 1304, 0, 0, 0
243000, 1946, 0, 0, 0
243999, 2155, 0, 0, 0
244999, 2581, 0, 0, 0
245999, 2048, 0, 0, 0
246999, 2169, 0, 0, 0
247999, 2577, 0, 0, 0
248999, 1712, 0, 0, 0
249999, 2055, 0, 0, 0
250999, 2098, 0, 0, 0
251999, 1976, 0, 0, 0
252999, 2051, 0, 0, 0
253999, 2168, 0, 0, 0
255000, 2035, 0, 0, 0
255999, 1834, 0, 0, 0
256999, 1510, 0, 0, 0
257999, 1520, 0, 0, 0
259000, 1582, 0, 0, 0
259999, 1733, 0, 0, 0
261000, 1828, 0, 0, 0
261999, 1932, 0, 0, 0
263000, 1970, 0, 0, 0
263999, 2116, 0, 0, 0
264999, 1858, 0, 0, 0
265999, 1960, 0, 0, 0
266999, 2103, 0, 0, 0
267999, 1993, 0, 0, 0
268999, 1786, 0, 0, 0
269999, 1811, 0, 0, 0
271000, 2082, 0, 0, 0
271999, 2167, 0, 0, 0
272999, 2427, 0, 0, 0
273999, 1497, 0, 0, 0
274999, 1495, 0, 0, 0
275999, 1866, 0, 0, 0
276999, 1583, 0, 0, 0
278000, 1487, 0, 0, 0
278999, 1582, 0, 0, 0
279999, 1627, 0, 0, 0
280999, 1692, 0, 0, 0
282000, 1795, 0, 0, 0
282999, 1771, 0, 0, 0
284000, 1644, 0, 0, 0
284999, 2029, 0, 0, 0
286000, 1833, 0, 0, 0
286999, 1810, 0, 0, 0
287999, 1714, 0, 0, 0
288999, 1695, 0, 0, 0
289999, 1712, 0, 0, 0
290999, 1892, 0, 0, 0
291999, 1887, 0, 0, 0
292999, 1890, 0, 0, 0
293999, 1710, 0, 0, 0
294999, 1929, 0, 0, 0
295999, 2055, 0, 0, 0
296999, 1711, 0, 0, 0
297999, 1779, 0, 0, 0
298999, 1865, 0, 0, 0
299999, 1888, 0, 0, 0
300999, 2053, 0, 0, 0
301999, 2025, 0, 0, 0
302999, 1890, 0, 0, 0
303999, 2082, 0, 0, 0
304999, 2044, 0, 0, 0
305999, 2032, 0, 0, 0
306999, 2114, 0, 0, 0
307999, 2121, 0, 0, 0
309000, 2026, 0, 0, 0
309999, 2090, 0, 0, 0
310999, 2190, 0, 0, 0
311999, 1972, 0, 0, 0
312999, 2104, 0, 0, 0
314000, 2086, 0, 0, 0
314999, 2000, 0, 0, 0
316000, 2062, 0, 0, 0
316999, 2044, 0, 0, 0
318000, 2043, 0, 0, 0
318999, 1985, 0, 0, 0
319999, 1769, 0, 0, 0
320999, 1976, 0, 0, 0
321999, 1938, 0, 0, 0
322999, 1897, 0, 0, 0
324000, 1832, 0, 0, 0
324999, 1655, 0, 0, 0
325999, 1756, 0, 0, 0
326999, 1828, 0, 0, 0
327999, 1948, 0, 0, 0
328999, 1797, 0, 0, 0
329999, 1881, 0, 0, 0
330999, 1971, 0, 0, 0
331999, 2069, 0, 0, 0
332999, 2011, 0, 0, 0
333999, 1991, 0, 0, 0
334999, 2073, 0, 0, 0
335999, 1706, 0, 0, 0
336999, 1815, 0, 0, 0
337999, 1822, 0, 0, 0
339000, 1829, 0, 0, 0
339999, 1699, 0, 0, 0
340999, 1717, 0, 0, 0
341999, 1459, 0, 0, 0
343000, 1422, 0, 0, 0
343999, 1512, 0, 0, 0
345000, 1713, 0, 0, 0
345999, 1719, 0, 0, 0
346999, 1813, 0, 0, 0
347999, 1912, 0, 0, 0
348999, 1830, 0, 0, 0
350000, 1734, 0, 0, 0
350999, 1804, 0, 0, 0
352000, 1873, 0, 0, 0
352999, 1826, 0, 0, 0
354000, 2087, 0, 0, 0
354999, 2091, 0, 0, 0
356000, 2092, 0, 0, 0
356999, 2077, 0, 0, 0
357999, 2055, 0, 0, 0
359000, 2027, 0, 0, 0
359999, 2099, 0, 0, 0
