999, 74992, 1, 0, 0
1999, 74355, 1, 0, 0
3000, 74437, 1, 0, 0
3999, 72879, 1, 0, 0
4999, 62310, 1, 0, 0
6000, 61768, 1, 0, 0
6999, 66318, 1, 0, 0
8000, 67850, 1, 0, 0
8999, 75468, 1, 0, 0
9999, 72978, 1, 0, 0
11000, 74118, 1, 0, 0
11999, 62957, 1, 0, 0
12999, 60420, 1, 0, 0
14000, 65065, 1, 0, 0
14999, 70200, 1, 0, 0
15999, 67898, 1, 0, 0
17000, 68427, 1, 0, 0
17999, 70281, 1, 0, 0
19000, 73736, 1, 0, 0
20000, 74300, 1, 0, 0
20999, 75837, 1, 0, 0
22000, 75536, 1, 0, 0
22999, 75387, 1, 0, 0
23999, 75042, 1, 0, 0
25000, 75049, 1, 0, 0
25999, 75221, 1, 0, 0
26999, 75380, 1, 0, 0
28000, 75067, 1, 0, 0
28999, 74978, 1, 0, 0
30000, 73753, 1, 0, 0
30999, 74823, 1, 0, 0
31999, 74852, 1, 0, 0
33000, 74722, 1, 0, 0
33999, 74507, 1, 0, 0
34999, 74378, 1, 0, 0
36000, 74532, 1, 0, 0
36999, 74588, 1, 0, 0
37999, 74488, 1, 0, 0
39000, 74564, 1, 0, 0
39999, 74941, 1, 0, 0
40999, 71215, 1, 0, 0
42000, 75291, 1, 0, 0
42999, 74710, 1, 0, 0
44000, 74620, 1, 0, 0
45000, 73205, 1, 0, 0
45999, 75102, 1, 0, 0
47000, 74673, 1, 0, 0
47999, 74613, 1, 0, 0
48999, 75118, 1, 0, 0
49999, 75128, 1, 0, 0
51000, 71262, 1, 0, 0
51999, 75701, 1, 0, 0
52999, 75680, 1, 0, 0
54000, 75094, 1, 0, 0
54999, 74605, 1, 0, 0
55999, 72792, 1, 0, 0
57000, 74523, 1, 0, 0
57999, 74258, 1, 0, 0
58999, 74417, 1, 0, 0
60000, 73296, 1, 0, 0
60999, 75773, 1, 0, 0
61999, 73611, 1, 0, 0
63000, 75139, 1, 0, 0
63999, 75433, 1, 0, 0
64999, 75518, 1, 0, 0
66000, 73597, 1, 0, 0
66999, 75535, 1, 0, 0
67999, 75225, 1, 0, 0
69000, 74982, 1, 0, 0
69999, 74306, 1, 0, 0
71000, 72792, 1, 0, 0
71999, 75078, 1, 0, 0
72999, 69177, 1, 0, 0
74000, 74917, 1, 0, 0
74999, 73654, 1, 0, 0
75999, 74857, 1, 0, 0
77000, 75023, 1, 0, 0
77999, 74808, 1, 0, 0
78999, 73734, 1, 0, 0
80000, 75797, 1, 0, 0
80999, 75881, 1, 0, 0
81999, 76028, 1, 0, 0
83000, 70159, 1, 0, 0
83999, 76055, 1, 0, 0
84999, 76149, 1, 0, 0
86000, 76251, 1, 0, 0
86999, 73935, 1, 0, 0
87999, 75360, 1, 0, 0
89000, 75566, 1, 0, 0
89999, 75469, 1, 0, 0
90999, 74703, 1, 0, 0
92000, 73067, 1, 0, 0
92999, 75039, 1, 0, 0
94000, 73757, 1, 0, 0
94999, 75326, 1, 0, 0
95999, 74841, 1, 0, 0
97000, 73574, 1, 0, 0
97999, 75128, 1, 0, 0
98999, 75128, 1, 0, 0
100000, 74449, 1, 0, 0
100999, 73366, 1, 0, 0
101999, 74805, 1, 0, 0
103000, 74544, 1, 0, 0
103999, 64511, 1, 0, 0
104999, 53263, 1, 0, 0
106000, 62211, 1, 0, 0
106999, 59131, 1, 0, 0
107999, 59178, 1, 0, 0
108999, 73230, 1, 0, 0
110000, 74639, 1, 0, 0
110999, 72981, 1, 0, 0
111999, 75704, 1, 0, 0
113000, 75797, 1, 0, 0
113999, 75104, 1, 0, 0
115000, 75042, 1, 0, 0
115999, 72267, 1, 0, 0
116999, 72886, 1, 0, 0
118000, 74584, 1, 0, 0
118999, 74653, 1, 0, 0
119999, 74713, 1, 0, 0
121000, 69861, 1, 0, 0
121999, 72183, 1, 0, 0
122999, 75462, 1, 0, 0
124000, 73315, 1, 0, 0
124999, 75307, 1, 0, 0
125999, 74919, 1, 0, 0
127000, 71440, 1, 0, 0
127999, 68172, 1, 0, 0
128999, 61956, 1, 0, 0
129999, 63683, 1, 0, 0
130999, 59817, 1, 0, 0
132000, 62157, 1, 0, 0
132999, 63052, 1, 0, 0
133999, 70992, 1, 0, 0
135000, 75088, 1, 0, 0
135999, 75083, 1, 0, 0
136999, 75339, 1, 0, 0
138000, 75525, 1, 0, 0
138999, 73715, 1, 0, 0
139999, 75468, 1, 0, 0
141000, 75144, 1, 0, 0
141999, 75530, 1, 0, 0
142999, 75519, 1, 0, 0
144000, 75699, 1, 0, 0
144999, 75763, 1, 0, 0
145999, 75711, 1, 0, 0
146999, 75638, 1, 0, 0
147999, 75675, 1, 0, 0
148999, 74146, 1, 0, 0
149999, 75611, 1, 0, 0
150999, 75403, 1, 0, 0
151999, 75290, 1, 0, 0
152999, 75893, 1, 0, 0
153999, 75200, 1, 0, 0
154999, 74890, 1, 0, 0
155999, 74785, 1, 0, 0
156999, 74586, 1, 0, 0
158000, 74670, 1, 0, 0
158999, 75046, 1, 0, 0
159999, 73807, 1, 0, 0
161000, 75695, 1, 0, 0
161999, 75671, 1, 0, 0
162999, 75493, 1, 0, 0
163999, 75311, 1, 0, 0
164999, 75108, 1, 0, 0
165999, 75068, 1, 0, 0
167000, 74886, 1, 0, 0
167999, 75264, 1, 0, 0
168999, 75643, 1, 0, 0
170000, 73710, 1, 0, 0
170999, 74203, 1, 0, 0
171999, 75666, 1, 0, 0
173000, 75127, 1, 0, 0
173999, 75224, 1, 0, 0
174999, 75156, 1, 0, 0
176000, 74954, 1, 0, 0
176999, 74931, 1, 0, 0
177999, 74888, 1, 0, 0
178999, 74443, 1, 0, 0
180000, 74824, 1, 0, 0
180999, 71471, 1, 0, 0
181999, 74722, 1, 0, 0
182999, 75518, 1, 0, 0
184000, 74810, 1, 0, 0
184999, 74492, 1, 0, 0
185999, 74223, 1, 0, 0
186999, 72878, 1, 0, 0
187999, 74930, 1, 0, 0
188999, 75703, 1, 0, 0
189999, 75920, 1, 0, 0
190999, 74034, 1, 0, 0
191999, 74560, 1, 0, 0
192999, 73528, 1, 0, 0
193999, 76058, 1, 0, 0
195000, 76058, 1, 0, 0
195999, 75554, 1, 0, 0
196999, 75178, 1, 0, 0
198000, 75801, 1, 0, 0
198999, 73573, 1, 0, 0
199999, 75399, 1, 0, 0
201000, 75394, 1, 0, 0
201999, 67066, 1, 0, 0
202999, 68031, 1, 0, 0
204000, 70229, 1, 0, 0
204999, 74030, 1, 0, 0
205999, 72660, 1, 0, 0
206999, 74301, 1, 0, 0
207999, 74476, 1, 0, 0
208999, 74684, 1, 0, 0
210000, 73005, 1, 0, 0
210999, 74332, 1, 0, 0
211999, 74297, 1, 0, 0
213000, 63991, 1, 0, 0
213999, 71898, 1, 0, 0
214999, 74078, 1, 0, 0
215999, 74002, 1, 0, 0
216999, 74796, 1, 0, 0
218000, 75516, 1, 0, 0
218999, 75530, 1, 0, 0
219999, 73246, 1, 0, 0
221000, 74646, 1, 0, 0
221999, 75240, 1, 0, 0
222999, 63271, 1, 0, 0
223999, 55216, 1, 0, 0
224999, 64972, 1, 0, 0
225999, 62489, 1, 0, 0
227000, 63495, 1, 0, 0
227999, 64100, 1, 0, 0
228999, 61647, 1, 0, 0
229999, 64516, 1, 0, 0
231000, 65052, 1, 0, 0
231999, 63390, 1, 0, 0
232999, 60930, 1, 0, 0
234000, 62024, 1, 0, 0
234999, 72133, 1, 0, 0
235999, 73154, 1, 0, 0
237000, 75412, 1, 0, 0
237999, 75761, 1, 0, 0
238999, 74994, 1, 0, 0
239999, 74862, 1, 0, 0
240999, 74712, 1, 0, 0
241999, 74741, 1, 0, 0
242999, 74636, 1, 0, 0
243999, 74637, 1, 0, 0
244999, 74984, 1, 0, 0
245999, 74706, 1, 0, 0
246999, 72782, 1, 0, 0
248000, 73389, 1, 0, 0
248999, 75695, 1, 0, 0
249999, 75186, 1, 0, 0
251000, 75642, 1, 0, 0
251999, 73738, 1, 0, 0
252999, 75069, 1, 0, 0
254000, 74790, 1, 0, 0
254999, 74532, 1, 0, 0
255999, 74686, 1, 0, 0
257000, 74941, 1, 0, 0
257999, 73240, 1, 0, 0
258999, 74327, 1, 0, 0
259999, 75556, 1, 0, 0
260999, 75588, 1, 0, 0
261999, 75432, 1, 0, 0
262999, 75399, 1, 0, 0
263999, 75191, 1, 0, 0
264999, 62379, 1, 0, 0
265999, 60718, 1, 0, 0
266999, 62705, 1, 0, 0
268000, 60077, 1, 0, 0
268999, 52195, 1, 0, 0
269999, 66900, 1, 0, 0
270999, 65577, 1, 0, 0
271999, 65985, 1, 0, 0
273000, 67256, 1, 0, 0
273999, 63649, 1, 0, 0
274999, 57932, 1, 0, 0
275999, 60563, 1, 0, 0
276999, 73082, 1, 0, 0
277999, 75471, 1, 0, 0
278999, 75788, 1, 0, 0
279999, 75755, 1, 0, 0
280999, 73601, 1, 0, 0
281999, 74816, 1, 0, 0
282999, 74737, 1, 0, 0
283999, 74742, 1, 0, 0
284999, 74485, 1, 0, 0
285999, 74540, 1, 0, 0
286999, 74739, 1, 0, 0
287999, 74701, 1, 0, 0
288999, 74763, 1, 0, 0
289999, 75647, 1, 0, 0
290999, 73334, 1, 0, 0
291999, 73328, 1, 0, 0
293000, 74957, 1, 0, 0
293999, 74646, 1, 0, 0
294999, 74839, 1, 0, 0
295999, 74547, 1, 0, 0
296999, 74460, 1, 0, 0
297999, 73463, 1, 0, 0
298999, 74854, 1, 0, 0
299999, 75357, 1, 0, 0
300999, 75614, 1, 0, 0
301999, 73400, 1, 0, 0
302999, 73658, 1, 0, 0
303999, 75413, 1, 0, 0
305000, 75702, 1, 0, 0
305999, 75943, 1, 0, 0
306999, 73672, 1, 0, 0
307999, 75386, 1, 0, 0
308999, 75792, 1, 0, 0
309999, 75613, 1, 0, 0
310999, 75424, 1, 0, 0
311999, 73642, 1, 0, 0
312999, 73551, 1, 0, 0
313999, 75069, 1, 0, 0
314999, 74971, 1, 0, 0
315999, 72581, 1, 0, 0
316999, 75395, 1, 0, 0
317999, 75080, 1, 0, 0
318999, 74968, 1, 0, 0
319999, 75098, 1, 0, 0
320999, 74913, 1, 0, 0
321999, 74976, 1, 0, 0
322999, 73587, 1, 0, 0
323999, 75683, 1, 0, 0
324999, 75418, 1, 0, 0
325999, 75686, 1, 0, 0
326999, 75254, 1, 0, 0
327999, 75622, 1, 0, 0
328999, 75456, 1, 0, 0
329999, 75039, 1, 0, 0
331000, 75309, 1, 0, 0
331999, 75063, 1, 0, 0
332999, 74706, 1, 0, 0
333999, 73245, 1, 0, 0
334999, 75495, 1, 0, 0
335999, 73394, 1, 0, 0
336999, 75384, 1, 0, 0
337999, 75220, 1, 0, 0
338999, 75386, 1, 0, 0
339999, 75918, 1, 0, 0
340999, 75829, 1, 0, 0
342000, 75406, 1, 0, 0
342999, 75340, 1, 0, 0
343999, 73418, 1, 0, 0
344999, 73301, 1, 0, 0
345999, 74717, 1, 0, 0
346999, 74803, 1, 0, 0
347999, 74736, 1, 0, 0
348999, 74522, 1, 0, 0
349999, 73200, 1, 0, 0
350999, 74906, 1, 0, 0
351999, 75256, 1, 0, 0
353000, 74675, 1, 0, 0
353999, 74340, 1, 0, 0
354999, 71392, 1, 0, 0
355999, 75126, 1, 0, 0
356999, 75093, 1, 0, 0
357999, 74971, 1, 0, 0
358999, 74878, 1, 0, 0
359999, 73091, 1, 0, 0
