999, 94555, 1, 0, 0
1999, 106298, 1, 0, 0
2999, 122934, 1, 0, 0
3999, 122505, 1, 0, 0
4999, 116980, 1, 0, 0
6000, 120726, 1, 0, 0
6999, 95652, 1, 0, 0
8000, 97697, 1, 0, 0
8999, 95029, 1, 0, 0
9999, 96962, 1, 0, 0
10999, 109784, 1, 0, 0
11999, 122546, 1, 0, 0
12999, 118424, 1, 0, 0
13999, 112826, 1, 0, 0
14999, 118830, 1, 0, 0
15999, 90885, 1, 0, 0
16999, 107589, 1, 0, 0
17999, 115254, 1, 0, 0
18999, 128541, 1, 0, 0
20000, 131278, 1, 0, 0
20999, 128374, 1, 0, 0
21999, 131743, 1, 0, 0
22999, 132511, 1, 0, 0
23999, 132004, 1, 0, 0
24999, 130187, 1, 0, 0
25999, 132003, 1, 0, 0
27000, 125992, 1, 0, 0
28000, 132550, 1, 0, 0
29000, 137861, 1, 0, 0
30000, 134946, 1, 0, 0
30999, 136682, 1, 0, 0
32000, 137141, 1, 0, 0
32999, 128253, 1, 0, 0
33999, 128370, 1, 0, 0
34999, 126274, 1, 0, 0
35999, 125988, 1, 0, 0
37000, 125121, 1, 0, 0
37999, 125353, 1, 0, 0
39000, 112118, 1, 0, 0
39999, 116119, 1, 0, 0
40999, 123635, 1, 0, 0
41999, 122761, 1, 0, 0
42999, 125272, 1, 0, 0
44000, 114408, 1, 0, 0
44999, 115782, 1, 0, 0
46000, 103540, 1, 0, 0
46999, 102230, 1, 0, 0
48000, 79444, 1, 0, 0
48999, 78450, 1, 0, 0
50000, 82200, 1, 0, 0
50999, 86342, 1, 0, 0
52000, 94248, 1, 0, 0
52999, 90882, 1, 0, 0
54000, 84264, 1, 0, 0
54999, 68276, 1, 0, 0
55999, 78344, 1, 0, 0
56999, 72389, 1, 0, 0
57999, 73194, 1, 0, 0
58999, 76197, 1, 0, 0
59999, 70032, 1, 0, 0
60999, 75299, 1, 0, 0
61999, 95680, 1, 0, 0
62999, 89705, 1, 0, 0
63999, 86282, 1, 0, 0
65000, 80877, 1, 0, 0
65999, 70823, 1, 0, 0
66999, 70121, 1, 0, 0
68000, 73137, 1, 0, 0
68999, 67363, 1, 0, 0
70000, 69770, 1, 0, 0
70999, 72188, 1, 0, 0
71999, 81504, 1, 0, 0
73000, 95861, 1, 0, 0
73999, 96125, 1, 0, 0
75000, 93902, 1, 0, 0
75999, 112407, 1, 0, 0
76999, 120289, 1, 0, 0
77999, 117996, 1, 0, 0
78999, 122260, 1, 0, 0
80000, 119375, 1, 0, 0
80999, 127472, 1, 0, 0
82000, 99396, 1, 0, 0
82999, 100892, 1, 0, 0
83999, 98057, 1, 0, 0
84999, 101148, 1, 0, 0
86000, 103800, 1, 0, 0
86999, 106258, 1, 0, 0
88000, 108768, 1, 0, 0
88999, 109645, 1, 0, 0
89999, 126752, 1, 0, 0
91000, 131501, 1, 0, 0
91999, 132129, 1, 0, 0
92999, 133337, 1, 0, 0
93999, 132115, 1, 0, 0
94999, 132203, 1, 0, 0
96000, 126699, 1, 0, 0
96999, 132989, 1, 0, 0
97999, 132066, 1, 0, 0
99000, 132598, 1, 0, 0
99999, 132140, 1, 0, 0
100999, 130975, 1, 0, 0
102000, 129521, 1, 0, 0
102999, 129847, 1, 0, 0
103999, 131981, 1, 0, 0
104999, 133389, 1, 0, 0
105999, 130550, 1, 0, 0
107000, 133041, 1, 0, 0
107999, 88470, 1, 0, 0
109000, 87074, 1, 0, 0
109999, 88676, 1, 0, 0
111000, 74064, 1, 0, 0
111999, 67867, 1, 0, 0
112999, 73154, 1, 0, 0
113999, 72719, 1, 0, 0
114999, 69189, 1, 0, 0
115999, 70728, 1, 0, 0
116999, 70935, 1, 0, 0
117999, 69174, 1, 0, 0
119000, 124657, 1, 0, 0
119999, 126816, 1, 0, 0
121000, 130893, 1, 0, 0
121999, 128164, 1, 0, 0
122999, 130071, 1, 0, 0
124000, 128893, 1, 0, 0
124999, 129620, 1, 0, 0
125999, 131693, 1, 0, 0
127000, 131242, 1, 0, 0
127999, 132525, 1, 0, 0
128999, 130969, 1, 0, 0
130000, 130688, 1, 0, 0
130999, 124493, 1, 0, 0
131999, 128965, 1, 0, 0
133000, 126207, 1, 0, 0
133999, 129841, 1, 0, 0
134999, 127979, 1, 0, 0
135999, 126962, 1, 0, 0
136999, 132018, 1, 0, 0
138000, 137191, 1, 0, 0
138999, 137934, 1, 0, 0
139999, 137376, 1, 0, 0
141000, 136379, 1, 0, 0
141999, 132776, 1, 0, 0
142999, 127353, 1, 0, 0
144000, 125568, 1, 0, 0
144999, 129883, 1, 0, 0
146000, 123040, 1, 0, 0
146999, 122387, 1, 0, 0
147999, 119041, 1, 0, 0
149000, 115298, 1, 0, 0
149999, 119194, 1, 0, 0
151000, 119714, 1, 0, 0
151999, 115040, 1, 0, 0
153000, 128197, 1, 0, 0
153999, 127899, 1, 0, 0
154999, 131110, 1, 0, 0
155999, 118948, 1, 0, 0
156999, 119267, 1, 0, 0
158000, 128169, 1, 0, 0
158999, 127654, 1, 0, 0
160000, 128442, 1, 0, 0
160999, 118844, 1, 0, 0
161999, 112672, 1, 0, 0
163000, 119696, 1, 0, 0
163999, 119622, 1, 0, 0
165000, 114797, 1, 0, 0
165999, 123542, 1, 0, 0
167000, 123968, 1, 0, 0
167999, 124428, 1, 0, 0
168999, 112365, 1, 0, 0
169999, 121959, 1, 0, 0
170999, 121185, 1, 0, 0
172000, 120314, 1, 0, 0
172999, 117704, 1, 0, 0
174000, 121650, 1, 0, 0
174999, 116003, 1, 0, 0
176000, 114143, 1, 0, 0
176999, 118517, 1, 0, 0
178000, 124973, 1, 0, 0
178999, 125876, 1, 0, 0
179999, 107151, 1, 0, 0
180999, 104096, 1, 0, 0
181999, 99876, 1, 0, 0
182999, 117395, 1, 0, 0
184000, 108987, 1, 0, 0
184999, 81273, 1, 0, 0
186000, 84336, 1, 0, 0
186999, 86990, 1, 0, 0
187999, 95194, 1, 0, 0
189000, 96698, 1, 0, 0
189999, 95391, 1, 0, 0
191000, 105622, 1, 0, 0
191999, 120197, 1, 0, 0
193000, 122509, 1, 0, 0
193999, 107799, 1, 0, 0
195000, 92160, 1, 0, 0
195999, 95975, 1, 0, 0
197000, 102312, 1, 0, 0
197999, 76156, 1, 0, 0
199000, 89280, 1, 0, 0
199999, 91502, 1, 0, 0
201000, 89615, 1, 0, 0
201999, 98576, 1, 0, 0
202999, 103771, 1, 0, 0
203999, 82719, 1, 0, 0
204999, 86040, 1, 0, 0
206000, 91211, 1, 0, 0
206999, 82908, 1, 0, 0
208000, 84319, 1, 0, 0
208999, 108707, 1, 0, 0
210000, 114034, 1, 0, 0
210999, 95850, 1, 0, 0
212000, 94848, 1, 0, 0
212999, 105001, 1, 0, 0
213999, 113983, 1, 0, 0
214999, 78511, 1, 0, 0
216000, 89642, 1, 0, 0
216999, 90208, 1, 0, 0
218000, 81528, 1, 0, 0
218999, 77189, 1, 0, 0
219999, 80524, 1, 0, 0
221000, 74677, 1, 0, 0
221999, 73976, 1, 0, 0
223000, 72864, 1, 0, 0
223999, 79933, 1, 0, 0
224999, 96277, 1, 0, 0
226000, 98156, 1, 0, 0
226999, 99761, 1, 0, 0
228000, 91079, 1, 0, 0
228999, 90638, 1, 0, 0
230000, 92300, 1, 0, 0
230999, 87643, 1, 0, 0
232000, 85555, 1, 0, 0
232999, 80173, 1, 0, 0
234000, 76723, 1, 0, 0
234999, 76209, 1, 0, 0
235999, 79368, 1, 0, 0
236999, 93405, 1, 0, 0
237999, 87625, 1, 0, 0
239000, 87586, 1, 0, 0
239999, 89499, 1, 0, 0
241000, 120048, 1, 0, 0
241999, 128254, 1, 0, 0
242999, 133032, 1, 0, 0
244000, 130969, 1, 0, 0
244999, 131674, 1, 0, 0
245999, 131119, 1, 0, 0
247000, 133788, 1, 0, 0
247999, 119164, 1, 0, 0
249000, 121929, 1, 0, 0
249999, 123154, 1, 0, 0
250999, 127397, 1, 0, 0
252000, 126885, 1, 0, 0
252999, 123546, 1, 0, 0
254000, 121668, 1, 0, 0
254999, 122637, 1, 0, 0
255999, 129414, 1, 0, 0
257000, 99591, 1, 0, 0
257999, 84204, 1, 0, 0
259000, 84168, 1, 0, 0
259999, 71495, 1, 0, 0
261000, 90731, 1, 0, 0
261999, 106591, 1, 0, 0
263000, 94144, 1, 0, 0
263999, 88672, 1, 0, 0
265000, 84960, 1, 0, 0
265999, 83159, 1, 0, 0
267000, 64788, 1, 0, 0
267999, 65969, 1, 0, 0
268999, 103632, 1, 0, 0
270000, 103167, 1, 0, 0
270999, 101350, 1, 0, 0
272000, 88463, 1, 0, 0
272999, 95318, 1, 0, 0
274000, 88760, 1, 0, 0
274999, 91749, 1, 0, 0
276000, 92752, 1, 0, 0
276999, 87663, 1, 0, 0
278000, 64692, 1, 0, 0
278999, 69277, 1, 0, 0
279999, 101268, 1, 0, 0
281000, 121243, 1, 0, 0
281999, 130616, 1, 0, 0
282999, 130677, 1, 0, 0
284000, 128889, 1, 0, 0
284999, 129177, 1, 0, 0
285999, 129315, 1, 0, 0
287000, 80646, 1, 0, 0
287999, 65298, 1, 0, 0
289000, 79062, 1, 0, 0
289999, 110842, 1, 0, 0
290999, 119380, 1, 0, 0
292000, 113558, 1, 0, 0
292999, 114320, 1, 0, 0
293999, 115698, 1, 0, 0
295000, 113866, 1, 0, 0
295999, 128622, 1, 0, 0
296999, 123491, 1, 0, 0
298000, 124023, 1, 0, 0
298999, 118535, 1, 0, 0
300000, 108728, 1, 0, 0
300999, 108220, 1, 0, 0
302000, 101064, 1, 0, 0
302999, 103480, 1, 0, 0
303999, 98663, 1, 0, 0
305000, 96616, 1, 0, 0
305999, 92564, 1, 0, 0
307000, 91792, 1, 0, 0
307999, 91165, 1, 0, 0
309000, 79358, 1, 0, 0
309999, 54726, 1, 0, 0
311000, 65088, 1, 0, 0
311999, 66882, 1, 0, 0
313000, 63504, 1, 0, 0
313999, 65284, 1, 0, 0
315000, 66263, 1, 0, 0
315999, 63016, 1, 0, 0
317000, 65665, 1, 0, 0
317999, 85451, 1, 0, 0
318999, 107219, 1, 0, 0
320000, 109766, 1, 0, 0
320999, 116652, 1, 0, 0
321999, 126577, 1, 0, 0
323000, 128065, 1, 0, 0
323999, 126548, 1, 0, 0
324999, 128052, 1, 0, 0
326000, 126791, 1, 0, 0
326999, 124362, 1, 0, 0
328000, 130813, 1, 0, 0
328999, 134252, 1, 0, 0
329999, 130114, 1, 0, 0
331000, 131920, 1, 0, 0
331999, 130848, 1, 0, 0
332999, 119655, 1, 0, 0
334000, 113287, 1, 0, 0
334999, 125752, 1, 0, 0
336000, 129840, 1, 0, 0
336999, 130199, 1, 0, 0
337999, 129973, 1, 0, 0
339000, 122989, 1, 0, 0
339999, 130439, 1, 0, 0
341000, 126317, 1, 0, 0
341999, 125097, 1, 0, 0
343000, 125979, 1, 0, 0
343999, 121239, 1, 0, 0
345000, 123626, 1, 0, 0
345999, 119649, 1, 0, 0
347000, 120093, 1, 0, 0
347999, 116636, 1, 0, 0
349000, 123617, 1, 0, 0
349999, 125199, 1, 0, 0
350999, 110582, 1, 0, 0
352000, 82361, 1, 0, 0
352999, 74896, 1, 0, 0
354000, 94601, 1, 0, 0
354999, 90090, 1, 0, 0
355999, 86424, 1, 0, 0
357000, 88478, 1, 0, 0
357999, 90618, 1, 0, 0
359000, 83040, 1, 0, 0
359999, 85981, 1, 0, 0
360999, 74635, 1, 0, 0
362000, 60101, 1, 0, 0
362999, 76547, 1, 0, 0
363999, 78935, 1, 0, 0
365000, 78720, 1, 0, 0
366000, 89424, 1, 0, 0
366999, 92589, 1, 0, 0
368000, 86666, 1, 0, 0
368999, 86819, 1, 0, 0
370000, 84724, 1, 0, 0
370999, 73461, 1, 0, 0
372000, 67152, 1, 0, 0
372999, 108471, 1, 0, 0
373999, 105372, 1, 0, 0
375000, 94503, 1, 0, 0
375999, 95780, 1, 0, 0
377000, 100464, 1, 0, 0
377999, 89894, 1, 0, 0
379000, 81456, 1, 0, 0
379999, 83056, 1, 0, 0
380999, 75784, 1, 0, 0
382000, 74455, 1, 0, 0
382999, 77795, 1, 0, 0
384000, 76741, 1, 0, 0
384999, 73299, 1, 0, 0
386000, 73798, 1, 0, 0
386999, 72048, 1, 0, 0
388000, 68808, 1, 0, 0
388999, 70318, 1, 0, 0
389999, 66539, 1, 0, 0
391000, 65525, 1, 0, 0
391999, 62406, 1, 0, 0
393000, 78327, 1, 0, 0
393999, 85621, 1, 0, 0
395000, 87127, 1, 0, 0
395999, 85569, 1, 0, 0
397000, 83847, 1, 0, 0
397999, 75274, 1, 0, 0
399000, 73559, 1, 0, 0
400000, 71855, 1, 0, 0
400999, 72768, 1, 0, 0
402000, 64032, 1, 0, 0
402999, 78676, 1, 0, 0
403999, 83354, 1, 0, 0
405000, 96192, 1, 0, 0
405999, 96576, 1, 0, 0
407000, 92508, 1, 0, 0
408000, 93894, 1, 0, 0
408999, 82192, 1, 0, 0
410000, 69456, 1, 0, 0
410999, 63375, 1, 0, 0
412000, 66288, 1, 0, 0
412999, 66138, 1, 0, 0
414000, 89280, 1, 0, 0
414999, 99388, 1, 0, 0
416000, 97406, 1, 0, 0
417000, 101482, 1, 0, 0
417999, 114635, 1, 0, 0
419000, 129960, 1, 0, 0
419999, 126968, 1, 0, 0
420999, 133428, 1, 0, 0
422000, 131060, 1, 0, 0
422999, 133954, 1, 0, 0
423999, 132172, 1, 0, 0
425000, 129776, 1, 0, 0
425999, 129780, 1, 0, 0
426999, 129927, 1, 0, 0
428000, 134900, 1, 0, 0
428999, 131138, 1, 0, 0
429999, 132414, 1, 0, 0
431000, 131069, 1, 0, 0
431999, 114558, 1, 0, 0
433000, 117480, 1, 0, 0
433999, 116366, 1, 0, 0
435000, 118257, 1, 0, 0
436000, 112510, 1, 0, 0
436999, 115821, 1, 0, 0
438000, 118296, 1, 0, 0
438999, 93776, 1, 0, 0
440000, 73327, 1, 0, 0
440999, 75369, 1, 0, 0
441999, 78258, 1, 0, 0
443000, 73182, 1, 0, 0
443999, 77021, 1, 0, 0
445000, 68160, 1, 0, 0
445999, 63521, 1, 0, 0
446999, 66310, 1, 0, 0
448000, 67808, 1, 0, 0
448999, 60964, 1, 0, 0
450000, 58920, 1, 0, 0
450999, 65129, 1, 0, 0
452000, 63943, 1, 0, 0
452999, 64165, 1, 0, 0
453999, 79233, 1, 0, 0
455000, 106681, 1, 0, 0
455999, 106213, 1, 0, 0
457000, 111981, 1, 0, 0
458000, 107755, 1, 0, 0
458999, 115602, 1, 0, 0
460000, 129509, 1, 0, 0
461000, 130544, 1, 0, 0
461999, 128599, 1, 0, 0
463000, 128476, 1, 0, 0
464000, 129209, 1, 0, 0
464999, 126157, 1, 0, 0
466000, 130914, 1, 0, 0
466999, 131602, 1, 0, 0
468000, 132991, 1, 0, 0
469000, 131950, 1, 0, 0
469999, 130894, 1, 0, 0
471000, 129844, 1, 0, 0
472000, 132217, 1, 0, 0
472999, 131075, 1, 0, 0
474000, 131124, 1, 0, 0
474999, 134117, 1, 0, 0
475999, 131071, 1, 0, 0
477000, 108877, 1, 0, 0
477999, 81172, 1, 0, 0
479000, 95885, 1, 0, 0
479999, 95566, 1, 0, 0
