1000, 320344, 0, 0, 0
2000, 337561, 0, 0, 0
3001, 335421, 0, 0, 0
4000, 296132, 0, 0, 0
5000, 443184, 0, 0, 0
6000, 371573, 0, 0, 0
7000, 321021, 0, 0, 0
8000, 204949, 0, 0, 0
9000, 186369, 0, 0, 0
10000, 187139, 0, 0, 0
11001, 192629, 0, 0, 0
12000, 188901, 0, 0, 0
13000, 185646, 0, 0, 0
14000, 201489, 0, 0, 0
15000, 203051, 0, 0, 0
16000, 243276, 0, 0, 0
17000, 196363, 0, 0, 0
18000, 197885, 0, 0, 0
19000, 197669, 0, 0, 0
20000, 203711, 0, 0, 0
21000, 203599, 0, 0, 0
22000, 199485, 0, 0, 0
23000, 194616, 0, 0, 0
24001, 194506, 0, 0, 0
25000, 202008, 0, 0, 0
26000, 198954, 0, 0, 0
27000, 241526, 0, 0, 0
28000, 208216, 0, 0, 0
29000, 196313, 0, 0, 0
30000, 187642, 0, 0, 0
31002, 197490, 0, 0, 0
32000, 190055, 0, 0, 0
33000, 179088, 0, 0, 0
34000, 186339, 0, 0, 0
35000, 178993, 0, 0, 0
36001, 175018, 0, 0, 0
37000, 222338, 0, 0, 0
38000, 463184, 0, 0, 0
39001, 473291, 0, 0, 0
40000, 504290, 0, 0, 0
41001, 495243, 0, 0, 0
42000, 481361, 0, 0, 0
43001, 316368, 0, 0, 0
44000, 188265, 0, 0, 0
45000, 186957, 0, 0, 0
46000, 194286, 0, 0, 0
47001, 186943, 0, 0, 0
48000, 183699, 0, 0, 0
49000, 277483, 0, 0, 0
50001, 259549, 0, 0, 0
51000, 245454, 0, 0, 0
52001, 226777, 0, 0, 0
53000, 222071, 0, 0, 0
54000, 213371, 0, 0, 0
55000, 228870, 0, 0, 0
56000, 233417, 0, 0, 0
57000, 243909, 0, 0, 0
58000, 402973, 0, 0, 0
59000, 487262, 0, 0, 0
60000, 320905, 0, 0, 0
61000, 224491, 0, 0, 0
62001, 205918, 0, 0, 0
63000, 219779, 0, 0, 0
64000, 209627, 0, 0, 0
65000, 187924, 0, 0, 0
66000, 138238, 0, 0, 0
67000, 120283, 0, 0, 0
68000, 106029, 0, 0, 0
69000, 105978, 0, 0, 0
70000, 105992, 0, 0, 0
71001, 114334, 0, 0, 0
72000, 106849, 0, 0, 0
73000, 107903, 0, 0, 0
74000, 108933, 0, 0, 0
75000, 106318, 0, 0, 0
76000, 104624, 0, 0, 0
77000, 103003, 0, 0, 0
78000, 103740, 0, 0, 0
79000, 103720, 0, 0, 0
80000, 102612, 0, 0, 0
81000, 114099, 0, 0, 0
82001, 132058, 0, 0, 0
83000, 127035, 0, 0, 0
84000, 124747, 0, 0, 0
85000, 124765, 0, 0, 0
86000, 125469, 0, 0, 0
87000, 115991, 0, 0, 0
88000, 115175, 0, 0, 0
89000, 115974, 0, 0, 0
90000, 117675, 0, 0, 0
91000, 118175, 0, 0, 0
92000, 146139, 0, 0, 0
93000, 143565, 0, 0, 0
94000, 141445, 0, 0, 0
95000, 144766, 0, 0, 0
96000, 144227, 0, 0, 0
97001, 142386, 0, 0, 0
98000, 142857, 0, 0, 0
99000, 151716, 0, 0, 0
100000, 196401, 0, 0, 0
101000, 194565, 0, 0, 0
102000, 191812, 0, 0, 0
103000, 232828, 0, 0, 0
104000, 454324, 0, 0, 0
105000, 443901, 0, 0, 0
106000, 472755, 0, 0, 0
107001, 501060, 0, 0, 0
108000, 474587, 0, 0, 0
109000, 467114, 0, 0, 0
110000, 537432, 0, 0, 0
111000, 446952, 0, 0, 0
112000, 445254, 0, 0, 0
113000, 482034, 0, 0, 0
114000, 491224, 0, 0, 0
115000, 476033, 0, 0, 0
116000, 509904, 0, 0, 0
117000, 475472, 0, 0, 0
118000, 475657, 0, 0, 0
119000, 527391, 0, 0, 0
120000, 440886, 0, 0, 0
121000, 370893, 0, 0, 0
122000, 466597, 0, 0, 0
123000, 486822, 0, 0, 0
124001, 471970, 0, 0, 0
125001, 254454, 0, 0, 0
126000, 261435, 0, 0, 0
127000, 201111, 0, 0, 0
128002, 197660, 0, 0, 0
129001, 212954, 0, 0, 0
130000, 299716, 0, 0, 0
131000, 406490, 0, 0, 0
132000, 465680, 0, 0, 0
133000, 480426, 0, 0, 0
134001, 509274, 0, 0, 0
135000, 415300, 0, 0, 0
136000, 106252, 0, 0, 0
137001, 116145, 0, 0, 0
138000, 108277, 0, 0, 0
139000, 106313, 0, 0, 0
140000, 109796, 0, 0, 0
141000, 107274, 0, 0, 0
142000, 106007, 0, 0, 0
143000, 104376, 0, 0, 0
144000, 102892, 0, 0, 0
145000, 104955, 0, 0, 0
146000, 102816, 0, 0, 0
147000, 107138, 0, 0, 0
148001, 365816, 0, 0, 0
149000, 527848, 0, 0, 0
150000, 352673, 0, 0, 0
151000, 248665, 0, 0, 0
152000, 246466, 0, 0, 0
153000, 180914, 0, 0, 0
154000, 165476, 0, 0, 0
155000, 159902, 0, 0, 0
156000, 157388, 0, 0, 0
157000, 159402, 0, 0, 0
158000, 178069, 0, 0, 0
159000, 162218, 0, 0, 0
160001, 169150, 0, 0, 0
161000, 176983, 0, 0, 0
162000, 174621, 0, 0, 0
163001, 175071, 0, 0, 0
164000, 173731, 0, 0, 0
165000, 175982, 0, 0, 0
166000, 191250, 0, 0, 0
167000, 188124, 0, 0, 0
168000, 168887, 0, 0, 0
169000, 191151, 0, 0, 0
170000, 169370, 0, 0, 0
171000, 179700, 0, 0, 0
172001, 169177, 0, 0, 0
173000, 172137, 0, 0, 0
174000, 176785, 0, 0, 0
175000, 157353, 0, 0, 0
176000, 160572, 0, 0, 0
177018, 196331, 0, 0, 0
178000, 518596, 0, 0, 0
179000, 353662, 0, 0, 0
180000, 207691, 0, 0, 0
181000, 197473, 0, 0, 0
182000, 207328, 0, 0, 0
183001, 212212, 0, 0, 0
184000, 201261, 0, 0, 0
185000, 218621, 0, 0, 0
186000, 500331, 0, 0, 0
187000, 456558, 0, 0, 0
188000, 243498, 0, 0, 0
189000, 237607, 0, 0, 0
190001, 293402, 0, 0, 0
191000, 374617, 0, 0, 0
192000, 276157, 0, 0, 0
193001, 331533, 0, 0, 0
194000, 500312, 0, 0, 0
195000, 468601, 0, 0, 0
196001, 469256, 0, 0, 0
197000, 470059, 0, 0, 0
198000, 308807, 0, 0, 0
199000, 207645, 0, 0, 0
200000, 156662, 0, 0, 0
201000, 103465, 0, 0, 0
202000, 115591, 0, 0, 0
203000, 108523, 0, 0, 0
204000, 106113, 0, 0, 0
205000, 107370, 0, 0, 0
206000, 108032, 0, 0, 0
207000, 110442, 0, 0, 0
208000, 105055, 0, 0, 0
209000, 104730, 0, 0, 0
210000, 105287, 0, 0, 0
211000, 106367, 0, 0, 0
212000, 105862, 0, 0, 0
213000, 113341, 0, 0, 0
214000, 107906, 0, 0, 0
215000, 107497, 0, 0, 0
216000, 107862, 0, 0, 0
217000, 106198, 0, 0, 0
218000, 105819, 0, 0, 0
219000, 103039, 0, 0, 0
220000, 104556, 0, 0, 0
221000, 103211, 0, 0, 0
222000, 103174, 0, 0, 0
223000, 109191, 0, 0, 0
224000, 235179, 0, 0, 0
225000, 221119, 0, 0, 0
226001, 228180, 0, 0, 0
227000, 213737, 0, 0, 0
228000, 221558, 0, 0, 0
229000, 290294, 0, 0, 0
230000, 464395, 0, 0, 0
231000, 458089, 0, 0, 0
232001, 500100, 0, 0, 0
233000, 471087, 0, 0, 0
234000, 467076, 0, 0, 0
235000, 359836, 0, 0, 0
236000, 214456, 0, 0, 0
237002, 209644, 0, 0, 0
238000, 209237, 0, 0, 0
239001, 209821, 0, 0, 0
240001, 227598, 0, 0, 0
241000, 212202, 0, 0, 0
242000, 212419, 0, 0, 0
243000, 201453, 0, 0, 0
244000, 122391, 0, 0, 0
245000, 104491, 0, 0, 0
246000, 114863, 0, 0, 0
247000, 107430, 0, 0, 0
248000, 108390, 0, 0, 0
249000, 108254, 0, 0, 0
250000, 108660, 0, 0, 0
251001, 106630, 0, 0, 0
252000, 104501, 0, 0, 0
253000, 105679, 0, 0, 0
254000, 105141, 0, 0, 0
255000, 104286, 0, 0, 0
256000, 106568, 0, 0, 0
257000, 184057, 0, 0, 0
258000, 174754, 0, 0, 0
259000, 172798, 0, 0, 0
260000, 168270, 0, 0, 0
261000, 158428, 0, 0, 0
262001, 152542, 0, 0, 0
263000, 146191, 0, 0, 0
264001, 148024, 0, 0, 0
265000, 153075, 0, 0, 0
266001, 177386, 0, 0, 0
267001, 217774, 0, 0, 0
268000, 200675, 0, 0, 0
269000, 190457, 0, 0, 0
270000, 301070, 0, 0, 0
271000, 406732, 0, 0, 0
272000, 475418, 0, 0, 0
273000, 462461, 0, 0, 0
274001, 503080, 0, 0, 0
275001, 461702, 0, 0, 0
276000, 429220, 0, 0, 0
277000, 497108, 0, 0, 0
278000, 485545, 0, 0, 0
279000, 444096, 0, 0, 0
280002, 407639, 0, 0, 0
281000, 385630, 0, 0, 0
282000, 433320, 0, 0, 0
283001, 452218, 0, 0, 0
284000, 503618, 0, 0, 0
285000, 449968, 0, 0, 0
286001, 468152, 0, 0, 0
287000, 496390, 0, 0, 0
288000, 425600, 0, 0, 0
289000, 132628, 0, 0, 0
290000, 115028, 0, 0, 0
291001, 108502, 0, 0, 0
292000, 105842, 0, 0, 0
293001, 107218, 0, 0, 0
294000, 105952, 0, 0, 0
295000, 106574, 0, 0, 0
296000, 103714, 0, 0, 0
297001, 107144, 0, 0, 0
298000, 106601, 0, 0, 0
299000, 106936, 0, 0, 0
300000, 106531, 0, 0, 0
301000, 214760, 0, 0, 0
302000, 384128, 0, 0, 0
303000, 292470, 0, 0, 0
304000, 171509, 0, 0, 0
305000, 178538, 0, 0, 0
306001, 211756, 0, 0, 0
307000, 192458, 0, 0, 0
308000, 197442, 0, 0, 0
309000, 190955, 0, 0, 0
310000, 167531, 0, 0, 0
311001, 171059, 0, 0, 0
312000, 329126, 0, 0, 0
313000, 316388, 0, 0, 0
314000, 284142, 0, 0, 0
315025, 304029, 0, 0, 0
316000, 334107, 0, 0, 0
317001, 332998, 0, 0, 0
318001, 273178, 0, 0, 0
319000, 365961, 0, 0, 0
320001, 471808, 0, 0, 0
321000, 310283, 0, 0, 0
322000, 188829, 0, 0, 0
323001, 243113, 0, 0, 0
324001, 203924, 0, 0, 0
325001, 209572, 0, 0, 0
326000, 204648, 0, 0, 0
327000, 249561, 0, 0, 0
328000, 545795, 0, 0, 0
329001, 493231, 0, 0, 0
330002, 462896, 0, 0, 0
331000, 504474, 0, 0, 0
332000, 514581, 0, 0, 0
333000, 456802, 0, 0, 0
334000, 405616, 0, 0, 0
335001, 350118, 0, 0, 0
336000, 136510, 0, 0, 0
337000, 71590, 0, 0, 0
338000, 72119, 0, 0, 0
339000, 92050, 0, 0, 0
340000, 104676, 0, 0, 0
341000, 107263, 0, 0, 0
342000, 107966, 0, 0, 0
343000, 107681, 0, 0, 0
344000, 106942, 0, 0, 0
345000, 103386, 0, 0, 0
346000, 104443, 0, 0, 0
347000, 106509, 0, 0, 0
348000, 104079, 0, 0, 0
349000, 105556, 0, 0, 0
350000, 205857, 0, 0, 0
351000, 198574, 0, 0, 0
352000, 201435, 0, 0, 0
353000, 187490, 0, 0, 0
354000, 172245, 0, 0, 0
355000, 174992, 0, 0, 0
356000, 171251, 0, 0, 0
357001, 166439, 0, 0, 0
358000, 162559, 0, 0, 0
359000, 161657, 0, 0, 0
360000, 184684, 0, 0, 0
