1000, 1745121, 1, 0, 0
2000, 1728617, 1, 0, 0
3000, 1726787, 1, 0, 0
4000, 1735959, 1, 0, 0
5000, 1893789, 1, 0, 0
6000, 1735100, 1, 0, 0
7000, 1725873, 1, 0, 0
8000, 1720634, 1, 0, 0
9000, 1769565, 1, 0, 0
10000, 1729634, 1, 0, 0
11000, 1725629, 1, 0, 0
12000, 1724008, 1, 0, 0
13000, 1723799, 1, 0, 0
14000, 1727663, 1, 0, 0
15000, 1769831, 1, 0, 0
16000, 1775009, 1, 0, 0
17000, 1729670, 1, 0, 0
18000, 1728531, 1, 0, 0
19000, 1729026, 1, 0, 0
20000, 1774122, 1, 0, 0
21000, 1733885, 1, 0, 0
22000, 1724788, 1, 0, 0
23000, 1721351, 1, 0, 0
24000, 1724654, 1, 0, 0
25000, 1770173, 1, 0, 0
26000, 1736489, 1, 0, 0
27000, 1788848, 1, 0, 0
28000, 1731448, 1, 0, 0
29000, 1748951, 1, 0, 0
30000, 1727757, 1, 0, 0
31000, 1779815, 1, 0, 0
32000, 1733664, 1, 0, 0
33000, 1729864, 1, 0, 0
34000, 1728614, 1, 0, 0
35000, 1727362, 1, 0, 0
36000, 1727753, 1, 0, 0
37004, 1890222, 1, 0, 0
38000, 2090868, 1, 0, 0
39000, 1910442, 1, 0, 0
40000, 1975595, 1, 0, 0
41000, 1976871, 1, 0, 0
42000, 1930534, 1, 0, 0
43000, 1901538, 1, 0, 0
44000, 1741181, 1, 0, 0
45000, 1732548, 1, 0, 0
46000, 1729489, 1, 0, 0
47000, 1727529, 1, 0, 0
48000, 1726390, 1, 0, 0
49000, 1811889, 1, 0, 0
50000, 1733635, 1, 0, 0
51000, 1729251, 1, 0, 0
52000, 1729464, 1, 0, 0
53000, 1764633, 1, 0, 0
54000, 1714430, 1, 0, 0
55000, 1733103, 1, 0, 0
56000, 1735912, 1, 0, 0
57000, 1734596, 1, 0, 0
58000, 1796594, 1, 0, 0
59000, 1916793, 1, 0, 0
60000, 1937676, 1, 0, 0
61000, 1778758, 1, 0, 0
62000, 1733560, 1, 0, 0
63000, 1732424, 1, 0, 0
64000, 1727176, 1, 0, 0
65000, 1730248, 1, 0, 0
66000, 1725050, 1, 0, 0
67000, 1717591, 1, 0, 0
68000, 1717227, 1, 0, 0
69000, 1719934, 1, 0, 0
70000, 1720759, 1, 0, 0
71000, 1761631, 1, 0, 0
72000, 1722771, 1, 0, 0
73000, 1720862, 1, 0, 0
74000, 1722493, 1, 0, 0
75000, 1719824, 1, 0, 0
76000, 1720431, 1, 0, 0
77000, 1716505, 1, 0, 0
78000, 1718302, 1, 0, 0
79000, 1713556, 1, 0, 0
80000, 1715312, 1, 0, 0
81000, 1760689, 1, 0, 0
82000, 1753180, 1, 0, 0
83000, 1727398, 1, 0, 0
84000, 1728888, 1, 0, 0
85000, 1728403, 1, 0, 0
86000, 1727789, 1, 0, 0
87000, 1720191, 1, 0, 0
88000, 1715785, 1, 0, 0
89000, 1723870, 1, 0, 0
90000, 1722359, 1, 0, 0
91000, 1723577, 1, 0, 0
92000, 1765918, 1, 0, 0
93000, 1727467, 1, 0, 0
94000, 1723957, 1, 0, 0
95000, 1722554, 1, 0, 0
96000, 1725224, 1, 0, 0
97000, 1724561, 1, 0, 0
98000, 1770677, 1, 0, 0
99000, 1726678, 1, 0, 0
100000, 1726359, 1, 0, 0
101000, 1724453, 1, 0, 0
102000, 1723088, 1, 0, 0
103000, 1764851, 1, 0, 0
104000, 1981473, 1, 0, 0
105000, 1928205, 1, 0, 0
106000, 1904210, 1, 0, 0
107000, 2027711, 1, 0, 0
108000, 1972419, 1, 0, 0
109000, 1756182, 1, 0, 0
110000, 1800723, 1, 0, 0
111000, 1828456, 1, 0, 0
112000, 1827548, 1, 0, 0
113000, 1845588, 1, 0, 0
114000, 1860367, 1, 0, 0
115000, 2001175, 1, 0, 0
116000, 1995902, 1, 0, 0
117000, 1939422, 1, 0, 0
118000, 1828210, 1, 0, 0
119000, 1891991, 1, 0, 0
120000, 1803698, 1, 0, 0
121000, 1739222, 1, 0, 0
122000, 1794354, 1, 0, 0
123000, 1818703, 1, 0, 0
124000, 1788025, 1, 0, 0
125000, 1774478, 1, 0, 0
126000, 1776816, 1, 0, 0
127000, 1733913, 1, 0, 0
128000, 1730048, 1, 0, 0
129000, 1727348, 1, 0, 0
130000, 1781859, 1, 0, 0
131000, 1808930, 1, 0, 0
132000, 1836778, 1, 0, 0
133000, 1892870, 1, 0, 0
134000, 1741024, 1, 0, 0
135000, 1738055, 1, 0, 0
136000, 1705527, 1, 0, 0
137000, 1750280, 1, 0, 0
138000, 1724169, 1, 0, 0
139000, 1719946, 1, 0, 0
140000, 1718057, 1, 0, 0
141000, 1715729, 1, 0, 0
142000, 1717024, 1, 0, 0
143000, 1716512, 1, 0, 0
144000, 1714485, 1, 0, 0
145000, 1717378, 1, 0, 0
146000, 1717098, 1, 0, 0
147000, 1714265, 1, 0, 0
148000, 1921110, 1, 0, 0
149000, 1779019, 1, 0, 0
150000, 1744857, 1, 0, 0
151000, 1770447, 1, 0, 0
152000, 1730716, 1, 0, 0
153000, 1716547, 1, 0, 0
154000, 1696060, 1, 0, 0
155000, 1692576, 1, 0, 0
156000, 1697511, 1, 0, 0
157000, 1699608, 1, 0, 0
158000, 1822448, 1, 0, 0
159000, 1727175, 1, 0, 0
160000, 1723066, 1, 0, 0
161000, 1722652, 1, 0, 0
162000, 1720929, 1, 0, 0
163000, 1720358, 1, 0, 0
164000, 1722061, 1, 0, 0
165000, 1775597, 1, 0, 0
166000, 1726598, 1, 0, 0
167000, 1724846, 1, 0, 0
168000, 1722187, 1, 0, 0
169000, 1761061, 1, 0, 0
170000, 1695741, 1, 0, 0
171000, 1741814, 1, 0, 0
172000, 1726501, 1, 0, 0
173000, 1722007, 1, 0, 0
174000, 1722452, 1, 0, 0
175000, 1723681, 1, 0, 0
176000, 1719790, 1, 0, 0
177019, 1718793, 1, 0, 0
178000, 1785680, 1, 0, 0
179000, 1730520, 1, 0, 0
180000, 1770138, 1, 0, 0
181000, 1728968, 1, 0, 0
182000, 1773118, 1, 0, 0
183000, 1728876, 1, 0, 0
184000, 1729593, 1, 0, 0
185000, 1729342, 1, 0, 0
186000, 1781136, 1, 0, 0
187000, 1760169, 1, 0, 0
188000, 1728388, 1, 0, 0
189000, 1725285, 1, 0, 0
190000, 1776669, 1, 0, 0
191000, 1789197, 1, 0, 0
192000, 1727370, 1, 0, 0
193000, 1790081, 1, 0, 0
194000, 2042708, 1, 0, 0
195000, 1967292, 1, 0, 0
196000, 1950442, 1, 0, 0
197000, 2064440, 1, 0, 0
198000, 1868371, 1, 0, 0
199000, 1728313, 1, 0, 0
200000, 1716516, 1, 0, 0
201000, 1717569, 1, 0, 0
202000, 1759471, 1, 0, 0
203000, 1726069, 1, 0, 0
204000, 1714787, 1, 0, 0
205000, 1715259, 1, 0, 0
206000, 1722507, 1, 0, 0
207000, 1721614, 1, 0, 0
208000, 1715020, 1, 0, 0
209000, 1713853, 1, 0, 0
210000, 1717660, 1, 0, 0
211000, 1717541, 1, 0, 0
212000, 1721223, 1, 0, 0
213000, 1764096, 1, 0, 0
214000, 1727566, 1, 0, 0
215000, 1725438, 1, 0, 0
216000, 1717404, 1, 0, 0
217000, 1716743, 1, 0, 0
218000, 1719018, 1, 0, 0
219000, 1720188, 1, 0, 0
220000, 1717327, 1, 0, 0
221000, 1717637, 1, 0, 0
222000, 1715841, 1, 0, 0
223000, 1719062, 1, 0, 0
224000, 1813708, 1, 0, 0
225000, 1727296, 1, 0, 0
226000, 1728111, 1, 0, 0
227000, 1726975, 1, 0, 0
228000, 1730310, 1, 0, 0
229000, 1866607, 1, 0, 0
230000, 1986742, 1, 0, 0
231000, 1905788, 1, 0, 0
232000, 1987823, 1, 0, 0
233000, 1948089, 1, 0, 0
234000, 1921082, 1, 0, 0
235000, 1936990, 1, 0, 0
236000, 1732446, 1, 0, 0
237000, 1731867, 1, 0, 0
238000, 1710292, 1, 0, 0
239000, 1729400, 1, 0, 0
240000, 1772474, 1, 0, 0
241000, 1707063, 1, 0, 0
242000, 1735580, 1, 0, 0
243000, 1729348, 1, 0, 0
244000, 1720941, 1, 0, 0
245000, 1720787, 1, 0, 0
246000, 1759802, 1, 0, 0
247000, 1721859, 1, 0, 0
248000, 1716128, 1, 0, 0
249000, 1720676, 1, 0, 0
250000, 1721851, 1, 0, 0
251000, 1724652, 1, 0, 0
252000, 1723309, 1, 0, 0
253000, 1724566, 1, 0, 0
254000, 1717743, 1, 0, 0
255000, 1716554, 1, 0, 0
256000, 1720052, 1, 0, 0
257000, 1767402, 1, 0, 0
258000, 1773490, 1, 0, 0
259000, 1736265, 1, 0, 0
260000, 1729613, 1, 0, 0
261000, 1729040, 1, 0, 0
262000, 1725274, 1, 0, 0
263000, 1723044, 1, 0, 0
264000, 1721964, 1, 0, 0
265000, 1720673, 1, 0, 0
266000, 1772838, 1, 0, 0
267000, 1770467, 1, 0, 0
268000, 1711964, 1, 0, 0
269000, 1693913, 1, 0, 0
270000, 1695720, 1, 0, 0
271000, 1912401, 1, 0, 0
272000, 2041605, 1, 0, 0
273000, 1942343, 1, 0, 0
274001, 1984012, 1, 0, 0
275000, 1977425, 1, 0, 0
276000, 1925201, 1, 0, 0
277000, 1897872, 1, 0, 0
278000, 1818413, 1, 0, 0
279000, 1955428, 1, 0, 0
280000, 1779548, 1, 0, 0
281000, 1735352, 1, 0, 0
282000, 1733107, 1, 0, 0
283000, 1810989, 1, 0, 0
284000, 1897617, 1, 0, 0
285000, 1985553, 1, 0, 0
286000, 2032164, 1, 0, 0
287000, 1750116, 1, 0, 0
288000, 1733018, 1, 0, 0
289000, 1724406, 1, 0, 0
290000, 1760131, 1, 0, 0
291000, 1724466, 1, 0, 0
292000, 1723454, 1, 0, 0
293000, 1723029, 1, 0, 0
294000, 1720518, 1, 0, 0
295000, 1719195, 1, 0, 0
296000, 1713383, 1, 0, 0
297000, 1715780, 1, 0, 0
298000, 1715704, 1, 0, 0
299000, 1715876, 1, 0, 0
300000, 1712777, 1, 0, 0
301000, 1838530, 1, 0, 0
302000, 1741373, 1, 0, 0
303000, 1739337, 1, 0, 0
304000, 1735653, 1, 0, 0
305000, 1734652, 1, 0, 0
306000, 1779983, 1, 0, 0
307000, 1733446, 1, 0, 0
308000, 1737292, 1, 0, 0
309000, 1730474, 1, 0, 0
310000, 1727295, 1, 0, 0
311000, 1722572, 1, 0, 0
312000, 1830627, 1, 0, 0
313000, 1736983, 1, 0, 0
314000, 1739456, 1, 0, 0
315024, 1735985, 1, 0, 0
316000, 1776047, 1, 0, 0
317000, 1733013, 1, 0, 0
318000, 1731632, 1, 0, 0
319000, 1847781, 1, 0, 0
320000, 1854562, 1, 0, 0
321000, 1779591, 1, 0, 0
322000, 1728381, 1, 0, 0
323000, 1821743, 1, 0, 0
324000, 1729147, 1, 0, 0
325000, 1729369, 1, 0, 0
326000, 1728870, 1, 0, 0
327000, 1727288, 1, 0, 0
328000, 1783008, 1, 0, 0
329000, 1754720, 1, 0, 0
330000, 1738887, 1, 0, 0
331000, 1794262, 1, 0, 0
332000, 1957543, 1, 0, 0
333000, 2005510, 1, 0, 0
334008, 3523790, 1, 0, 0
335000, 5304011, 1, 0, 0
336000, 2880834, 1, 0, 0
337000, 1714110, 1, 0, 0
338000, 1717605, 1, 0, 0
339000, 1745859, 1, 0, 0
340000, 1695643, 1, 0, 0
341000, 1709366, 1, 0, 0
342000, 1721462, 1, 0, 0
343000, 1717581, 1, 0, 0
344000, 1714950, 1, 0, 0
345000, 1716549, 1, 0, 0
346000, 1716716, 1, 0, 0
347000, 1718843, 1, 0, 0
348000, 1720954, 1, 0, 0
349000, 1717925, 1, 0, 0
350000, 1820620, 1, 0, 0
351000, 1733412, 1, 0, 0
352000, 1732899, 1, 0, 0
353000, 1730521, 1, 0, 0
354000, 1725710, 1, 0, 0
355000, 1724483, 1, 0, 0
356000, 1776355, 1, 0, 0
357000, 1731206, 1, 0, 0
358000, 1731705, 1, 0, 0
359000, 1729031, 1, 0, 0
360000, 1767162, 1, 0, 0
360001, 2461661, 1, 0, 0
