1000, 457646, 0, 0, 0
2000, 496570, 0, 0, 0
3000, 481232, 0, 0, 0
4001, 534278, 0, 0, 0
5000, 442636, 0, 0, 0
6000, 412145, 0, 0, 0
7000, 450600, 0, 0, 0
8001, 479655, 0, 0, 0
9000, 392513, 0, 0, 0
10000, 502290, 0, 0, 0
11001, 695740, 0, 0, 0
12000, 616111, 0, 0, 0
13000, 673096, 0, 0, 0
14001, 751692, 0, 0, 0
15000, 737903, 0, 0, 0
16000, 668731, 0, 0, 0
17000, 642792, 0, 0, 0
18000, 630331, 0, 0, 0
19000, 687961, 0, 0, 0
20001, 616048, 0, 0, 0
21000, 683473, 0, 0, 0
22001, 768894, 0, 0, 0
23000, 629981, 0, 0, 0
24000, 662644, 0, 0, 0
25000, 599810, 0, 0, 0
26000, 641523, 0, 0, 0
27000, 585760, 0, 0, 0
28000, 559781, 0, 0, 0
29000, 562206, 0, 0, 0
30000, 544822, 0, 0, 0
31000, 534593, 0, 0, 0
32000, 503526, 0, 0, 0
33000, 561284, 0, 0, 0
34000, 491442, 0, 0, 0
35000, 463067, 0, 0, 0
36000, 492549, 0, 0, 0
37000, 460911, 0, 0, 0
38000, 447969, 0, 0, 0
39000, 510128, 0, 0, 0
40000, 450233, 0, 0, 0
41000, 455127, 0, 0, 0
42000, 519239, 0, 0, 0
43000, 453014, 0, 0, 0
44001, 445113, 0, 0, 0
45000, 551276, 0, 0, 0
46000, 476592, 0, 0, 0
47001, 493830, 0, 0, 0
48001, 548576, 0, 0, 0
49000, 511567, 0, 0, 0
50000, 504685, 0, 0, 0
51001, 610030, 0, 0, 0
52000, 552739, 0, 0, 0
53000, 534804, 0, 0, 0
54000, 522163, 0, 0, 0
55000, 530391, 0, 0, 0
56000, 548883, 0, 0, 0
57000, 519312, 0, 0, 0
58000, 569586, 0, 0, 0
59000, 515305, 0, 0, 0
60000, 480835, 0, 0, 0
61000, 497129, 0, 0, 0
62001, 484298, 0, 0, 0
63001, 472672, 0, 0, 0
64000, 508135, 0, 0, 0
65000, 526361, 0, 0, 0
66001, 469477, 0, 0, 0
67001, 548908, 0, 0, 0
68001, 459820, 0, 0, 0
69000, 460661, 0, 0, 0
70001, 496786, 0, 0, 0
71000, 464670, 0, 0, 0
72001, 460817, 0, 0, 0
73000, 543254, 0, 0, 0
74001, 557784, 0, 0, 0
75000, 561902, 0, 0, 0
76000, 561992, 0, 0, 0
77000, 482828, 0, 0, 0
78000, 466276, 0, 0, 0
79000, 498676, 0, 0, 0
80001, 478384, 0, 0, 0
81001, 483295, 0, 0, 0
82001, 473386, 0, 0, 0
83001, 514999, 0, 0, 0
84000, 479579, 0, 0, 0
85000, 508010, 0, 0, 0
86000, 477534, 0, 0, 0
87000, 508096, 0, 0, 0
88000, 454816, 0, 0, 0
89000, 468558, 0, 0, 0
90001, 422519, 0, 0, 0
91000, 452568, 0, 0, 0
92001, 584247, 0, 0, 0
93001, 506750, 0, 0, 0
94000, 586268, 0, 0, 0
95001, 686422, 0, 0, 0
96033, 619180, 0, 0, 0
97000, 546156, 0, 0, 0
98000, 572375, 0, 0, 0
99000, 463871, 0, 0, 0
100000, 502237, 0, 0, 0
101001, 480921, 0, 0, 0
102000, 484543, 0, 0, 0
103001, 487092, 0, 0, 0
104002, 520045, 0, 0, 0
105000, 446031, 0, 0, 0
106000, 437445, 0, 0, 0
107000, 496360, 0, 0, 0
108001, 504223, 0, 0, 0
109000, 510616, 0, 0, 0
110002, 505196, 0, 0, 0
111000, 522835, 0, 0, 0
112000, 477386, 0, 0, 0
113000, 539504, 0, 0, 0
114002, 660328, 0, 0, 0
115000, 599142, 0, 0, 0
116000, 669671, 0, 0, 0
117001, 666917, 0, 0, 0
118000, 489162, 0, 0, 0
119000, 459160, 0, 0, 0
120000, 445524, 0, 0, 0
121000, 591791, 0, 0, 0
122000, 546092, 0, 0, 0
123000, 532330, 0, 0, 0
124000, 497040, 0, 0, 0
125000, 456804, 0, 0, 0
126000, 397914, 0, 0, 0
127001, 686565, 0, 0, 0
128001, 893706, 0, 0, 0
129000, 872626, 0, 0, 0
130001, 801405, 0, 0, 0
131000, 874825, 0, 0, 0
132002, 798795, 0, 0, 0
133001, 790348, 0, 0, 0
134000, 758058, 0, 0, 0
135000, 870782, 0, 0, 0
136000, 805902, 0, 0, 0
137000, 818379, 0, 0, 0
138000, 789590, 0, 0, 0
139001, 955318, 0, 0, 0
140000, 829933, 0, 0, 0
141000, 685278, 0, 0, 0
142001, 499870, 0, 0, 0
143000, 460123, 0, 0, 0
144000, 473797, 0, 0, 0
145001, 455470, 0, 0, 0
146000, 499331, 0, 0, 0
147000, 485622, 0, 0, 0
148000, 473610, 0, 0, 0
149001, 469193, 0, 0, 0
150000, 374068, 0, 0, 0
151000, 558375, 0, 0, 0
152000, 605269, 0, 0, 0
153000, 554912, 0, 0, 0
154000, 608357, 0, 0, 0
155001, 649592, 0, 0, 0
156000, 642740, 0, 0, 0
157000, 571739, 0, 0, 0
158001, 603974, 0, 0, 0
159000, 532886, 0, 0, 0
160000, 562038, 0, 0, 0
161000, 544416, 0, 0, 0
162000, 621244, 0, 0, 0
163000, 528649, 0, 0, 0
164000, 543359, 0, 0, 0
165000, 546733, 0, 0, 0
166000, 577688, 0, 0, 0
167002, 590645, 0, 0, 0
168001, 539198, 0, 0, 0
169000, 507400, 0, 0, 0
170000, 597629, 0, 0, 0
171001, 473054, 0, 0, 0
172001, 585937, 0, 0, 0
173000, 562513, 0, 0, 0
174000, 559466, 0, 0, 0
175000, 582857, 0, 0, 0
176000, 623981, 0, 0, 0
177001, 783185, 0, 0, 0
178000, 843203, 0, 0, 0
179000, 858192, 0, 0, 0
180000, 670757, 0, 0, 0
181000, 661669, 0, 0, 0
182000, 567226, 0, 0, 0
183000, 462870, 0, 0, 0
184000, 390898, 0, 0, 0
185000, 522894, 0, 0, 0
186000, 530187, 0, 0, 0
187000, 539720, 0, 0, 0
188001, 495969, 0, 0, 0
189002, 484093, 0, 0, 0
190000, 453059, 0, 0, 0
191000, 476552, 0, 0, 0
192000, 524637, 0, 0, 0
193001, 687469, 0, 0, 0
194001, 648801, 0, 0, 0
195000, 646231, 0, 0, 0
196000, 521592, 0, 0, 0
197000, 459556, 0, 0, 0
198000, 521434, 0, 0, 0
199001, 551749, 0, 0, 0
200000, 518014, 0, 0, 0
201001, 567828, 0, 0, 0
202000, 491663, 0, 0, 0
203000, 426932, 0, 0, 0
204000, 445728, 0, 0, 0
205001, 436729, 0, 0, 0
206001, 390675, 0, 0, 0
207001, 479748, 0, 0, 0
208000, 579539, 0, 0, 0
209001, 584885, 0, 0, 0
210000, 735184, 0, 0, 0
211001, 693848, 0, 0, 0
212001, 692339, 0, 0, 0
213001, 558942, 0, 0, 0
214000, 535062, 0, 0, 0
215000, 496180, 0, 0, 0
216000, 575448, 0, 0, 0
217024, 547001, 0, 0, 0
218000, 496774, 0, 0, 0
219000, 417567, 0, 0, 0
220007, 429796, 0, 0, 0
221000, 472181, 0, 0, 0
222000, 490526, 0, 0, 0
223001, 458857, 0, 0, 0
224000, 455240, 0, 0, 0
225001, 407960, 0, 0, 0
226000, 451019, 0, 0, 0
227000, 469426, 0, 0, 0
228000, 416637, 0, 0, 0
229000, 430772, 0, 0, 0
230002, 595945, 0, 0, 0
231001, 560511, 0, 0, 0
232001, 630695, 0, 0, 0
233000, 742462, 0, 0, 0
234001, 653529, 0, 0, 0
235000, 581120, 0, 0, 0
236000, 567531, 0, 0, 0
237000, 617207, 0, 0, 0
238000, 477210, 0, 0, 0
239000, 464639, 0, 0, 0
240000, 511451, 0, 0, 0
241000, 514510, 0, 0, 0
242000, 500092, 0, 0, 0
243000, 542946, 0, 0, 0
244001, 500826, 0, 0, 0
245000, 494239, 0, 0, 0
246000, 551801, 0, 0, 0
247001, 581267, 0, 0, 0
248000, 565074, 0, 0, 0
249001, 593958, 0, 0, 0
250001, 534743, 0, 0, 0
251000, 516662, 0, 0, 0
252000, 576030, 0, 0, 0
253000, 514442, 0, 0, 0
254000, 511602, 0, 0, 0
255000, 451591, 0, 0, 0
256000, 589345, 0, 0, 0
257000, 537455, 0, 0, 0
258000, 527494, 0, 0, 0
259000, 587876, 0, 0, 0
260000, 542540, 0, 0, 0
261001, 539484, 0, 0, 0
262001, 537865, 0, 0, 0
263000, 534581, 0, 0, 0
264000, 520441, 0, 0, 0
265000, 629966, 0, 0, 0
266000, 818974, 0, 0, 0
267000, 889734, 0, 0, 0
268002, 879030, 0, 0, 0
269004, 937029, 0, 0, 0
270001, 993100, 0, 0, 0
271000, 921257, 0, 0, 0
272000, 807754, 0, 0, 0
273000, 926967, 0, 0, 0
274000, 910124, 0, 0, 0
275000, 819302, 0, 0, 0
276001, 856627, 0, 0, 0
277011, 923842, 0, 0, 0
278000, 828770, 0, 0, 0
279000, 792802, 0, 0, 0
280000, 764151, 0, 0, 0
281001, 810522, 0, 0, 0
282000, 810470, 0, 0, 0
283000, 800758, 0, 0, 0
284000, 812223, 0, 0, 0
285001, 840085, 0, 0, 0
286001, 749136, 0, 0, 0
287000, 475940, 0, 0, 0
288000, 493692, 0, 0, 0
289000, 481156, 0, 0, 0
290000, 464756, 0, 0, 0
291000, 395400, 0, 0, 0
292000, 671505, 0, 0, 0
293001, 645213, 0, 0, 0
294001, 854698, 0, 0, 0
295000, 775606, 0, 0, 0
296000, 535513, 0, 0, 0
297000, 494102, 0, 0, 0
298001, 490742, 0, 0, 0
299001, 500721, 0, 0, 0
300000, 442233, 0, 0, 0
301000, 519430, 0, 0, 0
302000, 468818, 0, 0, 0
303000, 498196, 0, 0, 0
304001, 558328, 0, 0, 0
305000, 472261, 0, 0, 0
306029, 501505, 0, 0, 0
307001, 488615, 0, 0, 0
308000, 506013, 0, 0, 0
309000, 475608, 0, 0, 0
310000, 447440, 0, 0, 0
311000, 448141, 0, 0, 0
312002, 453675, 0, 0, 0
313000, 495166, 0, 0, 0
314001, 451567, 0, 0, 0
315000, 507979, 0, 0, 0
316000, 508810, 0, 0, 0
317000, 494057, 0, 0, 0
318000, 468186, 0, 0, 0
319002, 451994, 0, 0, 0
320000, 496390, 0, 0, 0
321000, 518735, 0, 0, 0
322001, 490046, 0, 0, 0
323001, 425141, 0, 0, 0
324001, 435510, 0, 0, 0
325000, 567548, 0, 0, 0
326000, 540139, 0, 0, 0
327001, 556501, 0, 0, 0
328000, 536178, 0, 0, 0
329000, 515468, 0, 0, 0
330001, 477498, 0, 0, 0
331001, 512746, 0, 0, 0
332001, 485332, 0, 0, 0
333001, 479685, 0, 0, 0
334000, 439402, 0, 0, 0
335000, 474452, 0, 0, 0
336001, 452251, 0, 0, 0
337000, 469954, 0, 0, 0
338000, 462479, 0, 0, 0
339000, 447997, 0, 0, 0
340000, 489550, 0, 0, 0
341000, 470730, 0, 0, 0
342000, 392651, 0, 0, 0
343000, 438740, 0, 0, 0
344000, 563161, 0, 0, 0
345000, 456706, 0, 0, 0
346000, 520583, 0, 0, 0
347001, 561162, 0, 0, 0
348000, 501402, 0, 0, 0
349001, 468786, 0, 0, 0
350000, 531572, 0, 0, 0
351000, 651824, 0, 0, 0
352000, 683127, 0, 0, 0
353001, 642251, 0, 0, 0
354001, 535145, 0, 0, 0
355000, 476375, 0, 0, 0
356000, 472418, 0, 0, 0
357000, 464182, 0, 0, 0
358000, 391687, 0, 0, 0
359000, 458358, 0, 0, 0
360000, 561683, 0, 0, 0
