1005, 2654, 1, 0, 0
2006, 2635, 1, 0, 0
3003, 2683, 1, 0, 0
4004, 2656, 1, 0, 0
5011, 2629, 1, 0, 0
6005, 2628, 1, 0, 0
7000, 2680, 1, 0, 0
8003, 2656, 1, 0, 0
9006, 2616, 1, 0, 0
10000, 2653, 1, 0, 0
11000, 2636, 1, 0, 0
12003, 2654, 1, 0, 0
13000, 2650, 1, 0, 0
14004, 2631, 1, 0, 0
15000, 2641, 1, 0, 0
16003, 2628, 1, 0, 0
17006, 2635, 1, 0, 0
18006, 2656, 1, 0, 0
19000, 2648, 1, 0, 0
20000, 2631, 1, 0, 0
21000, 2630, 1, 0, 0
22000, 2654, 1, 0, 0
23009, 2640, 1, 0, 0
24000, 2648, 1, 0, 0
25000, 2657, 1, 0, 0
26000, 2646, 1, 0, 0
27006, 2645, 1, 0, 0
28000, 2687, 1, 0, 0
29000, 2673, 1, 0, 0
30000, 2657, 1, 0, 0
31010, 2626, 1, 0, 0
32007, 2655, 1, 0, 0
33009, 2638, 1, 0, 0
34005, 2637, 1, 0, 0
35006, 2630, 1, 0, 0
36005, 2646, 1, 0, 0
37004, 2644, 1, 0, 0
38000, 2635, 1, 0, 0
39000, 2632, 1, 0, 0
40000, 2654, 1, 0, 0
41000, 2657, 1, 0, 0
42000, 2671, 1, 0, 0
43000, 2666, 1, 0, 0
44002, 2674, 1, 0, 0
45000, 2650, 1, 0, 0
46006, 2626, 1, 0, 0
47008, 2615, 1, 0, 0
48002, 2626, 1, 0, 0
49002, 2636, 1, 0, 0
50001, 2653, 1, 0, 0
51000, 2675, 1, 0, 0
52002, 2622, 1, 0, 0
53005, 2638, 1, 0, 0
54000, 2603, 1, 0, 0
55000, 2623, 1, 0, 0
56001, 2604, 1, 0, 0
57000, 2642, 1, 0, 0
58000, 2664, 1, 0, 0
59000, 2652, 1, 0, 0
60000, 2647, 1, 0, 0
61000, 2664, 1, 0, 0
62009, 2697, 1, 0, 0
63000, 2706, 1, 0, 0
64000, 2719, 1, 0, 0
65000, 2950, 1, 0, 0
66000, 2948, 1, 0, 0
67000, 3491, 1, 0, 0
68000, 2956, 1, 0, 0
69000, 2950, 1, 0, 0
70000, 2956, 1, 0, 0
71000, 2943, 1, 0, 0
72000, 2952, 1, 0, 0
73000, 2967, 1, 0, 0
74000, 2948, 1, 0, 0
75000, 2948, 1, 0, 0
76000, 2949, 1, 0, 0
77000, 3357, 1, 0, 0
78000, 4410, 1, 0, 0
79000, 2944, 1, 0, 0
80000, 2958, 1, 0, 0
81000, 2947, 1, 0, 0
82000, 2944, 1, 0, 0
83000, 2951, 1, 0, 0
84000, 2953, 1, 0, 0
85000, 2930, 1, 0, 0
86000, 2937, 1, 0, 0
87000, 2931, 1, 0, 0
88000, 3931, 1, 0, 0
89000, 2950, 1, 0, 0
90000, 2940, 1, 0, 0
91000, 3927, 1, 0, 0
92000, 2944, 1, 0, 0
93000, 2952, 1, 0, 0
94000, 2957, 1, 0, 0
95000, 2941, 1, 0, 0
96000, 2948, 1, 0, 0
97000, 2948, 1, 0, 0
98000, 3255, 1, 0, 0
99011, 2813, 1, 0, 0
100006, 2720, 1, 0, 0
101002, 2657, 1, 0, 0
102004, 2637, 1, 0, 0
103000, 2644, 1, 0, 0
104000, 2522, 1, 0, 0
105000, 2970, 1, 0, 0
106000, 2973, 1, 0, 0
107000, 2959, 1, 0, 0
108000, 2952, 1, 0, 0
109000, 2955, 1, 0, 0
110000, 2946, 1, 0, 0
111000, 2927, 1, 0, 0
112000, 2935, 1, 0, 0
113000, 2938, 1, 0, 0
114000, 2931, 1, 0, 0
115000, 2937, 1, 0, 0
116000, 2944, 1, 0, 0
117000, 2944, 1, 0, 0
118000, 3541, 1, 0, 0
119000, 2981, 1, 0, 0
120000, 2960, 1, 0, 0
121000, 2967, 1, 0, 0
122000, 2949, 1, 0, 0
123000, 3521, 1, 0, 0
124000, 2954, 1, 0, 0
125000, 2949, 1, 0, 0
126000, 2948, 1, 0, 0
127000, 2939, 1, 0, 0
128000, 3484, 1, 0, 0
129000, 2944, 1, 0, 0
130000, 2950, 1, 0, 0
131000, 2929, 1, 0, 0
132000, 2933, 1, 0, 0
133000, 2941, 1, 0, 0
134000, 2939, 1, 0, 0
135000, 2937, 1, 0, 0
136000, 2943, 1, 0, 0
137000, 2926, 1, 0, 0
138000, 3905, 1, 0, 0
139000, 3505, 1, 0, 0
140000, 2929, 1, 0, 0
141000, 2922, 1, 0, 0
142000, 2942, 1, 0, 0
143017, 2928, 1, 0, 0
144000, 3944, 1, 0, 0
145000, 2982, 1, 0, 0
146000, 2980, 1, 0, 0
147000, 2976, 1, 0, 0
148000, 6162, 1, 0, 0
149000, 4508, 1, 0, 0
150000, 2690, 1, 0, 0
151011, 2648, 1, 0, 0
152005, 2655, 1, 0, 0
153000, 2654, 1, 0, 0
154000, 2672, 1, 0, 0
155002, 2659, 1, 0, 0
156000, 2647, 1, 0, 0
157014, 2656, 1, 0, 0
158000, 2649, 1, 0, 0
159008, 2638, 1, 0, 0
160000, 2653, 1, 0, 0
161000, 2638, 1, 0, 0
162011, 2638, 1, 0, 0
163000, 2648, 1, 0, 0
164009, 2708, 1, 0, 0
165003, 2670, 1, 0, 0
166000, 2629, 1, 0, 0
167004, 2654, 1, 0, 0
168008, 2655, 1, 0, 0
169000, 2636, 1, 0, 0
170000, 2666, 1, 0, 0
171000, 2650, 1, 0, 0
172009, 2640, 1, 0, 0
173001, 2642, 1, 0, 0
174000, 2638, 1, 0, 0
175008, 2636, 1, 0, 0
176003, 2657, 1, 0, 0
177005, 2659, 1, 0, 0
178004, 2650, 1, 0, 0
179009, 2644, 1, 0, 0
180001, 2664, 1, 0, 0
181000, 2662, 1, 0, 0
182000, 2648, 1, 0, 0
183000, 2530, 1, 0, 0
184000, 3092, 1, 0, 0
185000, 2984, 1, 0, 0
186000, 2970, 1, 0, 0
187000, 2940, 1, 0, 0
188000, 2931, 1, 0, 0
189000, 2919, 1, 0, 0
190000, 2921, 1, 0, 0
191000, 2931, 1, 0, 0
192000, 2910, 1, 0, 0
193000, 2916, 1, 0, 0
194000, 3527, 1, 0, 0
195000, 2967, 1, 0, 0
196000, 4009, 1, 0, 0
197000, 2954, 1, 0, 0
198000, 2955, 1, 0, 0
199000, 2931, 1, 0, 0
200000, 2948, 1, 0, 0
201000, 2960, 1, 0, 0
202000, 2961, 1, 0, 0
203000, 2939, 1, 0, 0
204000, 3909, 1, 0, 0
205000, 2951, 1, 0, 0
206000, 2965, 1, 0, 0
207000, 3513, 1, 0, 0
208000, 3398, 1, 0, 0
209000, 2949, 1, 0, 0
210000, 2951, 1, 0, 0
211000, 2966, 1, 0, 0
212000, 2957, 1, 0, 0
213000, 2947, 1, 0, 0
214000, 3533, 1, 0, 0
215000, 2956, 1, 0, 0
216000, 2941, 1, 0, 0
217000, 2969, 1, 0, 0
218000, 3542, 1, 0, 0
219000, 2971, 1, 0, 0
220000, 2949, 1, 0, 0
221000, 2941, 1, 0, 0
222000, 2937, 1, 0, 0
223000, 2926, 1, 0, 0
224000, 2918, 1, 0, 0
225000, 3533, 1, 0, 0
226000, 3809, 1, 0, 0
227000, 2915, 1, 0, 0
228000, 2928, 1, 0, 0
229000, 2902, 1, 0, 0
230000, 2914, 1, 0, 0
231000, 2914, 1, 0, 0
232000, 2908, 1, 0, 0
233000, 2915, 1, 0, 0
234000, 2908, 1, 0, 0
235000, 4499, 1, 0, 0
236000, 2952, 1, 0, 0
237000, 2940, 1, 0, 0
238000, 2933, 1, 0, 0
239000, 2943, 1, 0, 0
240000, 2938, 1, 0, 0
241000, 3275, 1, 0, 0
242000, 4062, 1, 0, 0
243000, 2942, 1, 0, 0
244000, 2944, 1, 0, 0
245000, 4051, 1, 0, 0
246000, 2949, 1, 0, 0
247000, 4467, 1, 0, 0
248000, 2948, 1, 0, 0
249000, 2947, 1, 0, 0
250000, 2948, 1, 0, 0
251000, 2957, 1, 0, 0
252000, 3030, 1, 0, 0
253000, 3511, 1, 0, 0
254000, 2953, 1, 0, 0
255000, 4480, 1, 0, 0
256000, 3577, 1, 0, 0
257000, 2925, 1, 0, 0
258000, 2910, 1, 0, 0
259000, 3931, 1, 0, 0
260000, 2919, 1, 0, 0
261000, 2940, 1, 0, 0
262000, 2933, 1, 0, 0
263000, 2937, 1, 0, 0
264000, 2940, 1, 0, 0
265000, 5266, 1, 0, 0
266000, 2968, 1, 0, 0
267000, 2967, 1, 0, 0
268000, 2966, 1, 0, 0
269000, 2970, 1, 0, 0
270000, 4911, 1, 0, 0
271000, 2948, 1, 0, 0
272000, 2941, 1, 0, 0
273000, 2943, 1, 0, 0
274000, 2937, 1, 0, 0
275000, 4774, 1, 0, 0
276000, 2977, 1, 0, 0
277000, 2970, 1, 0, 0
278000, 2951, 1, 0, 0
279000, 2963, 1, 0, 0
280000, 3505, 1, 0, 0
281000, 2945, 1, 0, 0
282000, 2929, 1, 0, 0
283000, 2925, 1, 0, 0
284000, 2921, 1, 0, 0
285000, 6251, 1, 0, 0
286000, 2766, 1, 0, 0
287000, 2669, 1, 0, 0
288000, 2679, 1, 0, 0
289000, 2642, 1, 0, 0
290000, 2656, 1, 0, 0
291000, 2651, 1, 0, 0
292001, 2656, 1, 0, 0
293028, 2641, 1, 0, 0
294003, 2639, 1, 0, 0
295005, 2647, 1, 0, 0
296000, 2645, 1, 0, 0
297006, 2640, 1, 0, 0
298007, 2647, 1, 0, 0
299004, 2633, 1, 0, 0
300000, 2624, 1, 0, 0
301011, 2641, 1, 0, 0
302007, 2667, 1, 0, 0
303000, 2655, 1, 0, 0
304000, 2625, 1, 0, 0
305000, 2612, 1, 0, 0
306000, 2619, 1, 0, 0
307000, 2613, 1, 0, 0
308000, 2655, 1, 0, 0
309000, 2649, 1, 0, 0
310011, 2644, 1, 0, 0
311009, 2626, 1, 0, 0
312004, 2653, 1, 0, 0
313003, 2652, 1, 0, 0
314000, 2637, 1, 0, 0
315002, 2641, 1, 0, 0
316000, 2651, 1, 0, 0
317000, 2637, 1, 0, 0
318002, 2609, 1, 0, 0
319000, 2637, 1, 0, 0
320001, 2639, 1, 0, 0
321025, 2654, 1, 0, 0
322011, 2661, 1, 0, 0
323011, 2648, 1, 0, 0
324002, 2658, 1, 0, 0
325001, 2660, 1, 0, 0
326005, 2658, 1, 0, 0
327023, 2656, 1, 0, 0
328000, 2657, 1, 0, 0
329007, 2652, 1, 0, 0
330000, 2615, 1, 0, 0
331000, 2684, 1, 0, 0
332000, 2967, 1, 0, 0
333000, 2954, 1, 0, 0
334000, 2962, 1, 0, 0
335000, 2971, 1, 0, 0
336000, 2945, 1, 0, 0
337000, 2933, 1, 0, 0
338000, 2946, 1, 0, 0
339000, 2939, 1, 0, 0
340000, 2930, 1, 0, 0
341000, 3936, 1, 0, 0
342000, 4024, 1, 0, 0
343000, 2953, 1, 0, 0
344000, 2946, 1, 0, 0
345000, 2935, 1, 0, 0
346000, 2953, 1, 0, 0
347000, 2950, 1, 0, 0
348000, 2926, 1, 0, 0
349000, 2942, 1, 0, 0
350000, 2927, 1, 0, 0
351000, 3551, 1, 0, 0
352000, 3978, 1, 0, 0
353000, 2954, 1, 0, 0
354000, 2964, 1, 0, 0
355000, 2961, 1, 0, 0
356000, 2942, 1, 0, 0
357000, 2938, 1, 0, 0
358000, 2929, 1, 0, 0
359000, 2926, 1, 0, 0
360001, 3574, 1, 0, 0
