1000, 106342, 0, 0, 0
2000, 106317, 0, 0, 0
3000, 103941, 0, 0, 0
4000, 104157, 0, 0, 0
5000, 104367, 0, 0, 0
6000, 105917, 0, 0, 0
7000, 106317, 0, 0, 0
8000, 115942, 0, 0, 0
9000, 106603, 0, 0, 0
10000, 107401, 0, 0, 0
11000, 109379, 0, 0, 0
12000, 107421, 0, 0, 0
13000, 107250, 0, 0, 0
14000, 102777, 0, 0, 0
15000, 105685, 0, 0, 0
16000, 104670, 0, 0, 0
17000, 103837, 0, 0, 0
18000, 113866, 0, 0, 0
19000, 113110, 0, 0, 0
20000, 107065, 0, 0, 0
21000, 107786, 0, 0, 0
22000, 108511, 0, 0, 0
23000, 108153, 0, 0, 0
24000, 104855, 0, 0, 0
25000, 104900, 0, 0, 0
26000, 105317, 0, 0, 0
27000, 105128, 0, 0, 0
28000, 102625, 0, 0, 0
29002, 182177, 0, 0, 0
30000, 502432, 0, 0, 0
31000, 327191, 0, 0, 0
32000, 190027, 0, 0, 0
33000, 187711, 0, 0, 0
34000, 177667, 0, 0, 0
35000, 172309, 0, 0, 0
36001, 169453, 0, 0, 0
37001, 107044, 0, 0, 0
38000, 102911, 0, 0, 0
39023, 111787, 0, 0, 0
40000, 113738, 0, 0, 0
41000, 107442, 0, 0, 0
42000, 108754, 0, 0, 0
43000, 108307, 0, 0, 0
44000, 107420, 0, 0, 0
45000, 105693, 0, 0, 0
46000, 103707, 0, 0, 0
47000, 105056, 0, 0, 0
48000, 107319, 0, 0, 0
49000, 103650, 0, 0, 0
50000, 117801, 0, 0, 0
51000, 107641, 0, 0, 0
52000, 107047, 0, 0, 0
53000, 108432, 0, 0, 0
54000, 108413, 0, 0, 0
55000, 107300, 0, 0, 0
56000, 104192, 0, 0, 0
57000, 103779, 0, 0, 0
58000, 105710, 0, 0, 0
59000, 105446, 0, 0, 0
60000, 105082, 0, 0, 0
61000, 119102, 0, 0, 0
62000, 104816, 0, 0, 0
63000, 106687, 0, 0, 0
64000, 106979, 0, 0, 0
65000, 107877, 0, 0, 0
66000, 105288, 0, 0, 0
67000, 102878, 0, 0, 0
68000, 103953, 0, 0, 0
69000, 105919, 0, 0, 0
70000, 103678, 0, 0, 0
71000, 114472, 0, 0, 0
72000, 110140, 0, 0, 0
73000, 106451, 0, 0, 0
74000, 108068, 0, 0, 0
75000, 109061, 0, 0, 0
76000, 107645, 0, 0, 0
77001, 106321, 0, 0, 0
78000, 105734, 0, 0, 0
79000, 102573, 0, 0, 0
80000, 106046, 0, 0, 0
81000, 104015, 0, 0, 0
82001, 119029, 0, 0, 0
83000, 106625, 0, 0, 0
84000, 105896, 0, 0, 0
85001, 108004, 0, 0, 0
86000, 105704, 0, 0, 0
87000, 105398, 0, 0, 0
88000, 102797, 0, 0, 0
89000, 103817, 0, 0, 0
90000, 105171, 0, 0, 0
91000, 104119, 0, 0, 0
92000, 106103, 0, 0, 0
93000, 118497, 0, 0, 0
94000, 107257, 0, 0, 0
95000, 107562, 0, 0, 0
96000, 107516, 0, 0, 0
97000, 106693, 0, 0, 0
98000, 106249, 0, 0, 0
99000, 103146, 0, 0, 0
100000, 105761, 0, 0, 0
101000, 105667, 0, 0, 0
102000, 105321, 0, 0, 0
103000, 118664, 0, 0, 0
104000, 107201, 0, 0, 0
105000, 105674, 0, 0, 0
106000, 108587, 0, 0, 0
107000, 108307, 0, 0, 0
108000, 107471, 0, 0, 0
109000, 104746, 0, 0, 0
110000, 103345, 0, 0, 0
111000, 105154, 0, 0, 0
112000, 104545, 0, 0, 0
113000, 105973, 0, 0, 0
114001, 255211, 0, 0, 0
115000, 500925, 0, 0, 0
116000, 494377, 0, 0, 0
117000, 495281, 0, 0, 0
118000, 467979, 0, 0, 0
119000, 305815, 0, 0, 0
120000, 105686, 0, 0, 0
121000, 104818, 0, 0, 0
122000, 118255, 0, 0, 0
123000, 105767, 0, 0, 0
124000, 106401, 0, 0, 0
125000, 108019, 0, 0, 0
126000, 105983, 0, 0, 0
127000, 107338, 0, 0, 0
128000, 102594, 0, 0, 0
129000, 105134, 0, 0, 0
130000, 104386, 0, 0, 0
131000, 104025, 0, 0, 0
132000, 106092, 0, 0, 0
133000, 117507, 0, 0, 0
134000, 106139, 0, 0, 0
135000, 108411, 0, 0, 0
136000, 107924, 0, 0, 0
137000, 109496, 0, 0, 0
138000, 107716, 0, 0, 0
139000, 103240, 0, 0, 0
140000, 105547, 0, 0, 0
141000, 104549, 0, 0, 0
142000, 105026, 0, 0, 0
143000, 120010, 0, 0, 0
144000, 108359, 0, 0, 0
145000, 106100, 0, 0, 0
146000, 110116, 0, 0, 0
147000, 106494, 0, 0, 0
148000, 108307, 0, 0, 0
149000, 105791, 0, 0, 0
150000, 103599, 0, 0, 0
151000, 104443, 0, 0, 0
152000, 105578, 0, 0, 0
153000, 104144, 0, 0, 0
154000, 117694, 0, 0, 0
155000, 108294, 0, 0, 0
156000, 107087, 0, 0, 0
157000, 107611, 0, 0, 0
158000, 108236, 0, 0, 0
159000, 106605, 0, 0, 0
160000, 103031, 0, 0, 0
161000, 105109, 0, 0, 0
162000, 103909, 0, 0, 0
163000, 103376, 0, 0, 0
164000, 113502, 0, 0, 0
165001, 111589, 0, 0, 0
166000, 105568, 0, 0, 0
167000, 108636, 0, 0, 0
168000, 108424, 0, 0, 0
169000, 109345, 0, 0, 0
170000, 104807, 0, 0, 0
171000, 102073, 0, 0, 0
172000, 105405, 0, 0, 0
173000, 105428, 0, 0, 0
174000, 104369, 0, 0, 0
175000, 120153, 0, 0, 0
176000, 107243, 0, 0, 0
177000, 107214, 0, 0, 0
178000, 107062, 0, 0, 0
179000, 107555, 0, 0, 0
180000, 107998, 0, 0, 0
181000, 104594, 0, 0, 0
182000, 104255, 0, 0, 0
183001, 106122, 0, 0, 0
184000, 103109, 0, 0, 0
185000, 104882, 0, 0, 0
186000, 340818, 0, 0, 0
187000, 561085, 0, 0, 0
188000, 596230, 0, 0, 0
189000, 218873, 0, 0, 0
190000, 183747, 0, 0, 0
191000, 174862, 0, 0, 0
192000, 168334, 0, 0, 0
193000, 103745, 0, 0, 0
194001, 104746, 0, 0, 0
195000, 118958, 0, 0, 0
196000, 107537, 0, 0, 0
197000, 108222, 0, 0, 0
198000, 109097, 0, 0, 0
199000, 107779, 0, 0, 0
200000, 106973, 0, 0, 0
201000, 104121, 0, 0, 0
202000, 105402, 0, 0, 0
203000, 104445, 0, 0, 0
204000, 104844, 0, 0, 0
205000, 112214, 0, 0, 0
206000, 112329, 0, 0, 0
207000, 107926, 0, 0, 0
208000, 108393, 0, 0, 0
209000, 108927, 0, 0, 0
210000, 106973, 0, 0, 0
211000, 104702, 0, 0, 0
212000, 103777, 0, 0, 0
213000, 104957, 0, 0, 0
214000, 106204, 0, 0, 0
215000, 103285, 0, 0, 0
216000, 118831, 0, 0, 0
217000, 107141, 0, 0, 0
218000, 107086, 0, 0, 0
219000, 110080, 0, 0, 0
220000, 106925, 0, 0, 0
221000, 107330, 0, 0, 0
222000, 101578, 0, 0, 0
223000, 105257, 0, 0, 0
224000, 103926, 0, 0, 0
225000, 105538, 0, 0, 0
226000, 108607, 0, 0, 0
227000, 117018, 0, 0, 0
228000, 107238, 0, 0, 0
229000, 108095, 0, 0, 0
230000, 109645, 0, 0, 0
231000, 106671, 0, 0, 0
232000, 105363, 0, 0, 0
233001, 104261, 0, 0, 0
234000, 107017, 0, 0, 0
235000, 105831, 0, 0, 0
236000, 103794, 0, 0, 0
237000, 118316, 0, 0, 0
238000, 108103, 0, 0, 0
239000, 105775, 0, 0, 0
240000, 108029, 0, 0, 0
241000, 106976, 0, 0, 0
242001, 106493, 0, 0, 0
243000, 104468, 0, 0, 0
244001, 102954, 0, 0, 0
245000, 103966, 0, 0, 0
246000, 105635, 0, 0, 0
247000, 105491, 0, 0, 0
248000, 86452, 0, 0, 0
249000, 71682, 0, 0, 0
250000, 71791, 0, 0, 0
251000, 71747, 0, 0, 0
252000, 116657, 0, 0, 0
253001, 105813, 0, 0, 0
254000, 108645, 0, 0, 0
255000, 107172, 0, 0, 0
256000, 108412, 0, 0, 0
257000, 106052, 0, 0, 0
258000, 101380, 0, 0, 0
259000, 104738, 0, 0, 0
260000, 103662, 0, 0, 0
261000, 103077, 0, 0, 0
262000, 120683, 0, 0, 0
263000, 109449, 0, 0, 0
264000, 105920, 0, 0, 0
265000, 109244, 0, 0, 0
266000, 105348, 0, 0, 0
267000, 107425, 0, 0, 0
268000, 103113, 0, 0, 0
269000, 103716, 0, 0, 0
270000, 104922, 0, 0, 0
271000, 102867, 0, 0, 0
272000, 105366, 0, 0, 0
273000, 119202, 0, 0, 0
274000, 105053, 0, 0, 0
275000, 108330, 0, 0, 0
276000, 107486, 0, 0, 0
277000, 108419, 0, 0, 0
278000, 105599, 0, 0, 0
279000, 103761, 0, 0, 0
280000, 106246, 0, 0, 0
281000, 105129, 0, 0, 0
282000, 105204, 0, 0, 0
283000, 116064, 0, 0, 0
284000, 108543, 0, 0, 0
285000, 104984, 0, 0, 0
286000, 106792, 0, 0, 0
287001, 106086, 0, 0, 0
288000, 107949, 0, 0, 0
289000, 103792, 0, 0, 0
290000, 104688, 0, 0, 0
291000, 107768, 0, 0, 0
292000, 105500, 0, 0, 0
293000, 104802, 0, 0, 0
294000, 118665, 0, 0, 0
295000, 106921, 0, 0, 0
296000, 107133, 0, 0, 0
297000, 106543, 0, 0, 0
298000, 107670, 0, 0, 0
299000, 106995, 0, 0, 0
300000, 104226, 0, 0, 0
301000, 104907, 0, 0, 0
302000, 104049, 0, 0, 0
303000, 104843, 0, 0, 0
304000, 106621, 0, 0, 0
305000, 115599, 0, 0, 0
306000, 106192, 0, 0, 0
307000, 106139, 0, 0, 0
308000, 106279, 0, 0, 0
309000, 106489, 0, 0, 0
310001, 104492, 0, 0, 0
311000, 102136, 0, 0, 0
312001, 105620, 0, 0, 0
313000, 104781, 0, 0, 0
314000, 102630, 0, 0, 0
315000, 117418, 0, 0, 0
316000, 107219, 0, 0, 0
317000, 106634, 0, 0, 0
318001, 111136, 0, 0, 0
319000, 106447, 0, 0, 0
320000, 108211, 0, 0, 0
321000, 104320, 0, 0, 0
322000, 103545, 0, 0, 0
323000, 106131, 0, 0, 0
324000, 105488, 0, 0, 0
325000, 106531, 0, 0, 0
326000, 114776, 0, 0, 0
327000, 105322, 0, 0, 0
328000, 106426, 0, 0, 0
329000, 106128, 0, 0, 0
330000, 105400, 0, 0, 0
331000, 105788, 0, 0, 0
332000, 103159, 0, 0, 0
333000, 104635, 0, 0, 0
334000, 105616, 0, 0, 0
335000, 105754, 0, 0, 0
336000, 112552, 0, 0, 0
337000, 110921, 0, 0, 0
338000, 103978, 0, 0, 0
339000, 106328, 0, 0, 0
340000, 106868, 0, 0, 0
341000, 106781, 0, 0, 0
342000, 103638, 0, 0, 0
343000, 103968, 0, 0, 0
344000, 105934, 0, 0, 0
345000, 105742, 0, 0, 0
346000, 103945, 0, 0, 0
347000, 132253, 0, 0, 0
348000, 127622, 0, 0, 0
349000, 124600, 0, 0, 0
350000, 131181, 0, 0, 0
351000, 130918, 0, 0, 0
352000, 135229, 0, 0, 0
353000, 132075, 0, 0, 0
354000, 130367, 0, 0, 0
355000, 132761, 0, 0, 0
356000, 131837, 0, 0, 0
357001, 136263, 0, 0, 0
358000, 171469, 0, 0, 0
359000, 184988, 0, 0, 0
360000, 150271, 0, 0, 0
