1000, 557307, 0, 0, 0
2000, 527878, 0, 0, 0
3000, 510863, 0, 0, 0
4000, 530199, 0, 0, 0
5000, 564349, 0, 0, 0
6000, 527273, 0, 0, 0
7001, 542351, 0, 0, 0
8001, 500624, 0, 0, 0
9000, 479386, 0, 0, 0
10001, 447082, 0, 0, 0
11000, 517422, 0, 0, 0
12000, 525492, 0, 0, 0
13002, 537461, 0, 0, 0
14000, 549038, 0, 0, 0
15000, 462172, 0, 0, 0
16002, 522354, 0, 0, 0
17001, 540070, 0, 0, 0
18000, 482588, 0, 0, 0
19000, 495173, 0, 0, 0
20000, 479505, 0, 0, 0
21001, 513105, 0, 0, 0
22000, 450903, 0, 0, 0
23001, 541163, 0, 0, 0
24001, 719047, 0, 0, 0
25000, 679217, 0, 0, 0
26000, 656120, 0, 0, 0
27001, 726671, 0, 0, 0
28000, 689866, 0, 0, 0
29000, 948339, 0, 0, 0
30000, 742326, 0, 0, 0
31000, 606365, 0, 0, 0
32001, 537888, 0, 0, 0
33002, 573783, 0, 0, 0
34001, 566902, 0, 0, 0
35000, 587716, 0, 0, 0
36001, 571321, 0, 0, 0
37001, 572122, 0, 0, 0
38000, 631074, 0, 0, 0
39002, 612061, 0, 0, 0
40000, 494231, 0, 0, 0
41001, 537389, 0, 0, 0
42000, 470190, 0, 0, 0
43000, 477239, 0, 0, 0
44000, 545602, 0, 0, 0
45000, 516355, 0, 0, 0
46001, 428634, 0, 0, 0
47000, 615128, 0, 0, 0
48000, 797877, 0, 0, 0
49000, 818083, 0, 0, 0
50001, 830922, 0, 0, 0
51001, 829970, 0, 0, 0
52000, 757699, 0, 0, 0
53002, 765850, 0, 0, 0
54000, 701632, 0, 0, 0
55001, 646245, 0, 0, 0
56000, 553026, 0, 0, 0
57001, 626739, 0, 0, 0
58001, 756968, 0, 0, 0
59000, 656401, 0, 0, 0
60000, 654216, 0, 0, 0
61000, 644493, 0, 0, 0
62000, 552650, 0, 0, 0
63000, 610929, 0, 0, 0
64001, 651403, 0, 0, 0
65000, 584872, 0, 0, 0
66000, 610960, 0, 0, 0
67000, 569931, 0, 0, 0
68000, 538642, 0, 0, 0
69000, 608509, 0, 0, 0
70000, 593453, 0, 0, 0
71000, 650516, 0, 0, 0
72000, 724848, 0, 0, 0
73000, 762740, 0, 0, 0
74000, 540340, 0, 0, 0
75000, 471495, 0, 0, 0
76001, 480777, 0, 0, 0
77000, 519809, 0, 0, 0
78000, 471504, 0, 0, 0
79000, 483940, 0, 0, 0
80000, 484795, 0, 0, 0
81000, 458768, 0, 0, 0
82000, 497930, 0, 0, 0
83000, 455908, 0, 0, 0
84000, 491035, 0, 0, 0
85000, 487563, 0, 0, 0
86000, 443705, 0, 0, 0
87000, 569202, 0, 0, 0
88000, 614555, 0, 0, 0
89001, 543338, 0, 0, 0
90000, 568561, 0, 0, 0
91001, 552151, 0, 0, 0
92000, 489632, 0, 0, 0
93000, 470458, 0, 0, 0
94001, 489825, 0, 0, 0
95001, 549205, 0, 0, 0
96000, 548748, 0, 0, 0
97000, 528458, 0, 0, 0
98000, 493824, 0, 0, 0
99000, 530330, 0, 0, 0
100000, 425226, 0, 0, 0
101000, 682583, 0, 0, 0
102000, 1049276, 0, 0, 0
103000, 816641, 0, 0, 0
104000, 795823, 0, 0, 0
105000, 748632, 0, 0, 0
106000, 724307, 0, 0, 0
107000, 660862, 0, 0, 0
108000, 582633, 0, 0, 0
109001, 569888, 0, 0, 0
110000, 481878, 0, 0, 0
111000, 540456, 0, 0, 0
112001, 574116, 0, 0, 0
113000, 467657, 0, 0, 0
114000, 487942, 0, 0, 0
115000, 502742, 0, 0, 0
116000, 528981, 0, 0, 0
117000, 437174, 0, 0, 0
118008, 518480, 0, 0, 0
119001, 515051, 0, 0, 0
120000, 577453, 0, 0, 0
121001, 533734, 0, 0, 0
122001, 659953, 0, 0, 0
123001, 576867, 0, 0, 0
124001, 587687, 0, 0, 0
125000, 555027, 0, 0, 0
126000, 564958, 0, 0, 0
127001, 558498, 0, 0, 0
128000, 522208, 0, 0, 0
129000, 499838, 0, 0, 0
130000, 503369, 0, 0, 0
131000, 526312, 0, 0, 0
132001, 515357, 0, 0, 0
133000, 458289, 0, 0, 0
134001, 501887, 0, 0, 0
135001, 469842, 0, 0, 0
136001, 456839, 0, 0, 0
137000, 483200, 0, 0, 0
138000, 452738, 0, 0, 0
139001, 461365, 0, 0, 0
140000, 490225, 0, 0, 0
141000, 494481, 0, 0, 0
142000, 490950, 0, 0, 0
143000, 508744, 0, 0, 0
144000, 483996, 0, 0, 0
145001, 466713, 0, 0, 0
146000, 518024, 0, 0, 0
147001, 501122, 0, 0, 0
148000, 513903, 0, 0, 0
149001, 513146, 0, 0, 0
150000, 504331, 0, 0, 0
151001, 478074, 0, 0, 0
152000, 494130, 0, 0, 0
153000, 471239, 0, 0, 0
154000, 456920, 0, 0, 0
155000, 504163, 0, 0, 0
156000, 480938, 0, 0, 0
157001, 463911, 0, 0, 0
158000, 466607, 0, 0, 0
159001, 455566, 0, 0, 0
160000, 448202, 0, 0, 0
161001, 493523, 0, 0, 0
162000, 527456, 0, 0, 0
163000, 517481, 0, 0, 0
164000, 448240, 0, 0, 0
165000, 494992, 0, 0, 0
166000, 579631, 0, 0, 0
167001, 624988, 0, 0, 0
168001, 579350, 0, 0, 0
169000, 585729, 0, 0, 0
170000, 612694, 0, 0, 0
171000, 609137, 0, 0, 0
172000, 637711, 0, 0, 0
173000, 624076, 0, 0, 0
174001, 514406, 0, 0, 0
175000, 486685, 0, 0, 0
176000, 507971, 0, 0, 0
177000, 519399, 0, 0, 0
178001, 499800, 0, 0, 0
179000, 538064, 0, 0, 0
180000, 506837, 0, 0, 0
181000, 537350, 0, 0, 0
182000, 528463, 0, 0, 0
183001, 512671, 0, 0, 0
184000, 493492, 0, 0, 0
185000, 495470, 0, 0, 0
186001, 549662, 0, 0, 0
187000, 530698, 0, 0, 0
188000, 493364, 0, 0, 0
189000, 516688, 0, 0, 0
190000, 480302, 0, 0, 0
191001, 454065, 0, 0, 0
192000, 495668, 0, 0, 0
193000, 441645, 0, 0, 0
194001, 485313, 0, 0, 0
195000, 521783, 0, 0, 0
196000, 487637, 0, 0, 0
197002, 486803, 0, 0, 0
198000, 520468, 0, 0, 0
199000, 510488, 0, 0, 0
200000, 472015, 0, 0, 0
201000, 590910, 0, 0, 0
202001, 551622, 0, 0, 0
203000, 615494, 0, 0, 0
204000, 603544, 0, 0, 0
205000, 565323, 0, 0, 0
206001, 504317, 0, 0, 0
207000, 514230, 0, 0, 0
208000, 507399, 0, 0, 0
209000, 474177, 0, 0, 0
210000, 516588, 0, 0, 0
211000, 467174, 0, 0, 0
212000, 458332, 0, 0, 0
213000, 527857, 0, 0, 0
214000, 490727, 0, 0, 0
215000, 477480, 0, 0, 0
216001, 528994, 0, 0, 0
217000, 520575, 0, 0, 0
218000, 497305, 0, 0, 0
219000, 526661, 0, 0, 0
220000, 513116, 0, 0, 0
221000, 486771, 0, 0, 0
222000, 491579, 0, 0, 0
223000, 484558, 0, 0, 0
224001, 465523, 0, 0, 0
225000, 509575, 0, 0, 0
226001, 514098, 0, 0, 0
227001, 557775, 0, 0, 0
228000, 547014, 0, 0, 0
229000, 486666, 0, 0, 0
230000, 490460, 0, 0, 0
231000, 467495, 0, 0, 0
232000, 497081, 0, 0, 0
233000, 481117, 0, 0, 0
234000, 498426, 0, 0, 0
235001, 498095, 0, 0, 0
236000, 490314, 0, 0, 0
237000, 500646, 0, 0, 0
238000, 464214, 0, 0, 0
239000, 455989, 0, 0, 0
240000, 495301, 0, 0, 0
241000, 480643, 0, 0, 0
242000, 457361, 0, 0, 0
243001, 500178, 0, 0, 0
244000, 491808, 0, 0, 0
245000, 475170, 0, 0, 0
246001, 488073, 0, 0, 0
247001, 544525, 0, 0, 0
248000, 435553, 0, 0, 0
249000, 570677, 0, 0, 0
250000, 542563, 0, 0, 0
251001, 559235, 0, 0, 0
252001, 534985, 0, 0, 0
253001, 571219, 0, 0, 0
254000, 556358, 0, 0, 0
255001, 608503, 0, 0, 0
256000, 592439, 0, 0, 0
257002, 537941, 0, 0, 0
258000, 552336, 0, 0, 0
259002, 581537, 0, 0, 0
260001, 511261, 0, 0, 0
261000, 508887, 0, 0, 0
262001, 534157, 0, 0, 0
263000, 565540, 0, 0, 0
264000, 490794, 0, 0, 0
265000, 550673, 0, 0, 0
266001, 559895, 0, 0, 0
267000, 568598, 0, 0, 0
268001, 593809, 0, 0, 0
269000, 590750, 0, 0, 0
270000, 546457, 0, 0, 0
271019, 549521, 0, 0, 0
272000, 540674, 0, 0, 0
273000, 520016, 0, 0, 0
274000, 507242, 0, 0, 0
275001, 486239, 0, 0, 0
276000, 485173, 0, 0, 0
277001, 460508, 0, 0, 0
278000, 511485, 0, 0, 0
279000, 496505, 0, 0, 0
280000, 502371, 0, 0, 0
281000, 520489, 0, 0, 0
282001, 503790, 0, 0, 0
283001, 528060, 0, 0, 0
284000, 504422, 0, 0, 0
285000, 519130, 0, 0, 0
286000, 510466, 0, 0, 0
287000, 506862, 0, 0, 0
288000, 487788, 0, 0, 0
289000, 483353, 0, 0, 0
290000, 493607, 0, 0, 0
291000, 476461, 0, 0, 0
292000, 500356, 0, 0, 0
293000, 477813, 0, 0, 0
294000, 492073, 0, 0, 0
295000, 478705, 0, 0, 0
296001, 457797, 0, 0, 0
297000, 455152, 0, 0, 0
298000, 568315, 0, 0, 0
299001, 525048, 0, 0, 0
300000, 515786, 0, 0, 0
301001, 549247, 0, 0, 0
302001, 522918, 0, 0, 0
303000, 466877, 0, 0, 0
304000, 479290, 0, 0, 0
305000, 518682, 0, 0, 0
306000, 493465, 0, 0, 0
307000, 475167, 0, 0, 0
308000, 555749, 0, 0, 0
309000, 550327, 0, 0, 0
310000, 521008, 0, 0, 0
311000, 518753, 0, 0, 0
312001, 498399, 0, 0, 0
313000, 520239, 0, 0, 0
314000, 614769, 0, 0, 0
315001, 538602, 0, 0, 0
316001, 544142, 0, 0, 0
317000, 520702, 0, 0, 0
318000, 460140, 0, 0, 0
319000, 564347, 0, 0, 0
320000, 567250, 0, 0, 0
321001, 598396, 0, 0, 0
322000, 544323, 0, 0, 0
323000, 476723, 0, 0, 0
324000, 509984, 0, 0, 0
325000, 494797, 0, 0, 0
326001, 488801, 0, 0, 0
327000, 511549, 0, 0, 0
328000, 462181, 0, 0, 0
329000, 446606, 0, 0, 0
330000, 588899, 0, 0, 0
331002, 589435, 0, 0, 0
332001, 527909, 0, 0, 0
333000, 505803, 0, 0, 0
334001, 508456, 0, 0, 0
335001, 475807, 0, 0, 0
336000, 505948, 0, 0, 0
337001, 502932, 0, 0, 0
338001, 471738, 0, 0, 0
339000, 494646, 0, 0, 0
340001, 469212, 0, 0, 0
341001, 477741, 0, 0, 0
342000, 642325, 0, 0, 0
343000, 568835, 0, 0, 0
344000, 613136, 0, 0, 0
345000, 648999, 0, 0, 0
346000, 528721, 0, 0, 0
347001, 527539, 0, 0, 0
348000, 516360, 0, 0, 0
349000, 471182, 0, 0, 0
350000, 446830, 0, 0, 0
351000, 500385, 0, 0, 0
352000, 535224, 0, 0, 0
353000, 540660, 0, 0, 0
354000, 556161, 0, 0, 0
355001, 532155, 0, 0, 0
356000, 445406, 0, 0, 0
357000, 545229, 0, 0, 0
358000, 522519, 0, 0, 0
359000, 485052, 0, 0, 0
360000, 467149, 0, 0, 0
