1000, 435490, 0, 0, 0
2000, 325042, 0, 0, 0
3000, 306341, 0, 0, 0
4000, 305434, 0, 0, 0
5000, 306018, 0, 0, 0
6000, 378782, 0, 0, 0
7001, 499688, 0, 0, 0
8001, 465711, 0, 0, 0
9000, 458257, 0, 0, 0
10000, 468820, 0, 0, 0
11000, 445526, 0, 0, 0
12000, 451477, 0, 0, 0
13000, 470597, 0, 0, 0
14000, 442521, 0, 0, 0
15000, 450020, 0, 0, 0
16000, 220654, 0, 0, 0
17000, 183703, 0, 0, 0
18000, 227387, 0, 0, 0
19000, 149903, 0, 0, 0
20000, 136412, 0, 0, 0
21000, 137439, 0, 0, 0
22000, 134308, 0, 0, 0
23000, 144884, 0, 0, 0
24000, 135191, 0, 0, 0
25001, 132436, 0, 0, 0
26000, 133241, 0, 0, 0
27000, 133812, 0, 0, 0
28000, 158076, 0, 0, 0
29000, 297650, 0, 0, 0
30000, 464585, 0, 0, 0
31000, 462881, 0, 0, 0
32000, 453675, 0, 0, 0
33000, 378542, 0, 0, 0
34000, 197814, 0, 0, 0
35000, 201232, 0, 0, 0
36000, 183632, 0, 0, 0
37000, 183676, 0, 0, 0
38000, 191507, 0, 0, 0
39000, 177841, 0, 0, 0
40000, 182863, 0, 0, 0
41000, 344618, 0, 0, 0
42000, 271024, 0, 0, 0
43000, 387537, 0, 0, 0
44001, 463989, 0, 0, 0
45000, 432442, 0, 0, 0
46000, 369981, 0, 0, 0
47001, 201944, 0, 0, 0
48000, 190883, 0, 0, 0
49000, 147079, 0, 0, 0
50000, 144085, 0, 0, 0
51000, 168461, 0, 0, 0
52000, 140266, 0, 0, 0
53000, 159065, 0, 0, 0
54000, 159541, 0, 0, 0
55000, 165169, 0, 0, 0
56000, 202581, 0, 0, 0
57000, 194123, 0, 0, 0
58000, 200113, 0, 0, 0
59000, 249982, 0, 0, 0
60000, 407474, 0, 0, 0
61000, 349502, 0, 0, 0
62000, 125735, 0, 0, 0
63000, 104701, 0, 0, 0
64000, 101648, 0, 0, 0
65000, 103381, 0, 0, 0
66000, 103367, 0, 0, 0
67000, 104793, 0, 0, 0
68000, 100036, 0, 0, 0
69000, 99524, 0, 0, 0
70000, 101573, 0, 0, 0
71000, 101108, 0, 0, 0
72000, 100141, 0, 0, 0
73001, 204592, 0, 0, 0
74000, 517589, 0, 0, 0
75000, 361467, 0, 0, 0
76000, 186927, 0, 0, 0
77000, 194049, 0, 0, 0
78000, 195957, 0, 0, 0
79000, 180181, 0, 0, 0
80000, 182026, 0, 0, 0
81000, 176120, 0, 0, 0
82001, 172557, 0, 0, 0
83000, 258747, 0, 0, 0
84001, 372714, 0, 0, 0
85001, 215628, 0, 0, 0
86000, 224136, 0, 0, 0
87000, 245231, 0, 0, 0
88001, 208695, 0, 0, 0
89000, 198440, 0, 0, 0
90000, 188142, 0, 0, 0
91000, 219290, 0, 0, 0
92000, 299882, 0, 0, 0
93000, 292267, 0, 0, 0
94000, 397675, 0, 0, 0
95000, 459728, 0, 0, 0
96000, 356763, 0, 0, 0
97000, 209734, 0, 0, 0
98000, 220590, 0, 0, 0
99000, 233005, 0, 0, 0
100000, 220095, 0, 0, 0
101000, 206426, 0, 0, 0
102000, 204645, 0, 0, 0
103000, 209694, 0, 0, 0
104000, 339515, 0, 0, 0
105000, 457553, 0, 0, 0
106000, 458938, 0, 0, 0
107000, 451260, 0, 0, 0
108000, 351545, 0, 0, 0
109000, 293424, 0, 0, 0
110001, 291433, 0, 0, 0
111000, 291863, 0, 0, 0
112000, 275036, 0, 0, 0
113000, 258052, 0, 0, 0
114000, 322164, 0, 0, 0
115000, 480635, 0, 0, 0
116000, 425109, 0, 0, 0
117000, 465448, 0, 0, 0
118000, 299561, 0, 0, 0
119000, 205525, 0, 0, 0
120000, 207692, 0, 0, 0
121000, 206601, 0, 0, 0
122000, 224041, 0, 0, 0
123001, 210863, 0, 0, 0
124000, 206278, 0, 0, 0
125000, 201849, 0, 0, 0
126000, 200104, 0, 0, 0
127001, 255944, 0, 0, 0
128000, 380041, 0, 0, 0
129000, 335055, 0, 0, 0
130001, 361598, 0, 0, 0
131000, 347764, 0, 0, 0
132000, 135425, 0, 0, 0
133000, 67173, 0, 0, 0
134000, 93960, 0, 0, 0
135000, 103270, 0, 0, 0
136000, 103189, 0, 0, 0
137000, 103106, 0, 0, 0
138000, 102360, 0, 0, 0
139000, 101917, 0, 0, 0
140000, 96163, 0, 0, 0
141000, 100426, 0, 0, 0
142000, 101269, 0, 0, 0
143000, 99121, 0, 0, 0
144000, 108528, 0, 0, 0
145000, 167910, 0, 0, 0
146000, 153341, 0, 0, 0
147000, 157330, 0, 0, 0
148000, 146621, 0, 0, 0
149000, 143425, 0, 0, 0
150000, 134953, 0, 0, 0
151000, 134170, 0, 0, 0
152000, 134891, 0, 0, 0
153000, 132260, 0, 0, 0
154000, 123722, 0, 0, 0
155001, 159646, 0, 0, 0
156001, 144453, 0, 0, 0
157001, 140513, 0, 0, 0
158000, 159904, 0, 0, 0
159000, 159591, 0, 0, 0
160001, 162324, 0, 0, 0
161000, 156260, 0, 0, 0
162015, 157115, 0, 0, 0
163000, 174982, 0, 0, 0
164000, 187863, 0, 0, 0
165000, 178995, 0, 0, 0
166001, 213355, 0, 0, 0
167000, 185883, 0, 0, 0
168000, 194769, 0, 0, 0
169000, 195016, 0, 0, 0
170001, 207375, 0, 0, 0
171001, 199290, 0, 0, 0
172000, 184537, 0, 0, 0
173000, 199422, 0, 0, 0
174001, 216260, 0, 0, 0
175000, 211124, 0, 0, 0
176000, 207900, 0, 0, 0
177001, 292087, 0, 0, 0
178000, 348309, 0, 0, 0
179000, 371234, 0, 0, 0
180000, 337221, 0, 0, 0
181000, 320371, 0, 0, 0
182000, 317317, 0, 0, 0
183001, 298041, 0, 0, 0
184001, 277143, 0, 0, 0
185000, 358251, 0, 0, 0
186000, 479188, 0, 0, 0
187000, 468409, 0, 0, 0
188000, 480547, 0, 0, 0
189000, 483247, 0, 0, 0
190000, 451475, 0, 0, 0
191000, 494054, 0, 0, 0
192001, 468682, 0, 0, 0
193001, 452582, 0, 0, 0
194000, 463335, 0, 0, 0
195001, 449314, 0, 0, 0
196000, 457854, 0, 0, 0
197000, 468040, 0, 0, 0
198000, 453891, 0, 0, 0
199000, 358466, 0, 0, 0
200000, 108943, 0, 0, 0
201000, 102524, 0, 0, 0
202000, 103579, 0, 0, 0
203000, 104166, 0, 0, 0
204000, 102673, 0, 0, 0
205000, 102101, 0, 0, 0
206000, 98938, 0, 0, 0
207000, 99118, 0, 0, 0
208001, 99495, 0, 0, 0
209000, 99966, 0, 0, 0
210000, 99923, 0, 0, 0
211000, 177156, 0, 0, 0
212001, 487364, 0, 0, 0
213000, 434268, 0, 0, 0
214000, 486465, 0, 0, 0
215000, 460421, 0, 0, 0
216000, 236167, 0, 0, 0
217000, 174932, 0, 0, 0
218001, 159987, 0, 0, 0
219001, 173135, 0, 0, 0
220000, 166671, 0, 0, 0
221000, 171993, 0, 0, 0
222000, 200547, 0, 0, 0
223000, 252337, 0, 0, 0
224001, 235428, 0, 0, 0
225000, 248555, 0, 0, 0
226001, 217402, 0, 0, 0
227001, 216310, 0, 0, 0
228001, 204822, 0, 0, 0
229000, 192815, 0, 0, 0
230000, 185514, 0, 0, 0
231001, 174343, 0, 0, 0
232000, 173546, 0, 0, 0
233000, 223715, 0, 0, 0
234000, 231765, 0, 0, 0
235001, 241243, 0, 0, 0
236000, 215455, 0, 0, 0
237000, 209403, 0, 0, 0
238002, 206197, 0, 0, 0
239001, 203225, 0, 0, 0
240001, 248553, 0, 0, 0
241000, 253252, 0, 0, 0
242000, 217725, 0, 0, 0
243000, 212839, 0, 0, 0
244000, 294536, 0, 0, 0
245000, 376340, 0, 0, 0
246000, 345236, 0, 0, 0
247000, 363186, 0, 0, 0
248000, 219628, 0, 0, 0
249000, 219494, 0, 0, 0
250000, 198674, 0, 0, 0
251000, 189803, 0, 0, 0
252000, 190110, 0, 0, 0
253000, 205698, 0, 0, 0
254000, 377112, 0, 0, 0
255001, 479840, 0, 0, 0
256000, 428455, 0, 0, 0
257000, 297822, 0, 0, 0
258001, 314563, 0, 0, 0
259000, 250040, 0, 0, 0
260002, 209825, 0, 0, 0
261001, 197195, 0, 0, 0
262000, 205278, 0, 0, 0
263000, 188328, 0, 0, 0
264001, 191995, 0, 0, 0
265000, 133074, 0, 0, 0
266000, 107049, 0, 0, 0
267000, 100907, 0, 0, 0
268000, 102874, 0, 0, 0
269000, 103640, 0, 0, 0
270000, 102442, 0, 0, 0
271000, 103472, 0, 0, 0
272000, 98196, 0, 0, 0
273000, 99785, 0, 0, 0
274000, 101877, 0, 0, 0
275000, 100195, 0, 0, 0
276000, 103448, 0, 0, 0
277000, 404706, 0, 0, 0
278000, 382604, 0, 0, 0
279000, 231156, 0, 0, 0
280000, 169275, 0, 0, 0
281000, 189060, 0, 0, 0
282000, 178288, 0, 0, 0
283001, 173914, 0, 0, 0
284000, 174312, 0, 0, 0
285000, 169939, 0, 0, 0
286000, 187592, 0, 0, 0
287000, 272710, 0, 0, 0
288000, 492835, 0, 0, 0
289000, 434074, 0, 0, 0
290000, 459895, 0, 0, 0
291001, 320007, 0, 0, 0
292000, 190551, 0, 0, 0
293000, 187216, 0, 0, 0
294000, 182253, 0, 0, 0
295000, 186736, 0, 0, 0
296000, 184522, 0, 0, 0
297000, 185853, 0, 0, 0
298001, 180065, 0, 0, 0
299000, 336203, 0, 0, 0
300001, 434550, 0, 0, 0
301002, 232033, 0, 0, 0
302000, 223619, 0, 0, 0
303000, 228963, 0, 0, 0
304000, 256879, 0, 0, 0
305000, 218848, 0, 0, 0
306000, 217357, 0, 0, 0
307000, 207167, 0, 0, 0
308000, 208122, 0, 0, 0
309001, 195615, 0, 0, 0
310000, 224234, 0, 0, 0
311001, 142694, 0, 0, 0
312000, 140247, 0, 0, 0
313001, 141311, 0, 0, 0
314000, 139803, 0, 0, 0
315000, 142503, 0, 0, 0
316000, 132294, 0, 0, 0
317000, 137101, 0, 0, 0
318000, 129693, 0, 0, 0
319000, 130276, 0, 0, 0
320026, 146253, 0, 0, 0
321000, 137712, 0, 0, 0
322000, 142243, 0, 0, 0
323000, 138898, 0, 0, 0
324000, 144793, 0, 0, 0
325000, 142093, 0, 0, 0
326000, 142318, 0, 0, 0
327000, 149555, 0, 0, 0
328000, 149333, 0, 0, 0
329001, 155908, 0, 0, 0
330000, 150804, 0, 0, 0
331001, 217896, 0, 0, 0
332008, 296448, 0, 0, 0
333000, 281531, 0, 0, 0
334000, 232352, 0, 0, 0
335001, 187885, 0, 0, 0
336000, 165008, 0, 0, 0
337000, 166965, 0, 0, 0
338000, 168688, 0, 0, 0
339000, 160960, 0, 0, 0
340000, 170331, 0, 0, 0
341001, 163697, 0, 0, 0
342001, 247569, 0, 0, 0
343000, 336372, 0, 0, 0
344000, 225377, 0, 0, 0
345000, 228258, 0, 0, 0
346001, 233974, 0, 0, 0
347000, 231756, 0, 0, 0
348000, 232501, 0, 0, 0
349000, 228856, 0, 0, 0
350000, 238998, 0, 0, 0
351000, 219918, 0, 0, 0
352000, 110113, 0, 0, 0
353000, 109169, 0, 0, 0
354000, 101519, 0, 0, 0
355000, 99986, 0, 0, 0
356000, 102783, 0, 0, 0
357000, 103515, 0, 0, 0
358000, 102077, 0, 0, 0
359000, 97889, 0, 0, 0
360000, 100450, 0, 0, 0
