1000, 929325, 1, 0, 0
2000, 747494, 1, 0, 0
3000, 705965, 1, 0, 0
4000, 712403, 1, 0, 0
5000, 777044, 1, 0, 0
6000, 822901, 1, 0, 0
7000, 854659, 1, 0, 0
8000, 770429, 1, 0, 0
9000, 773455, 1, 0, 0
10004, 927639, 1, 0, 0
11000, 825499, 1, 0, 0
12000, 701083, 1, 0, 0
13000, 873970, 1, 0, 0
14006, 1130481, 1, 0, 0
15000, 1222808, 1, 0, 0
16008, 1103695, 1, 0, 0
17001, 1137794, 1, 0, 0
18000, 1027553, 1, 0, 0
19000, 908028, 1, 0, 0
20000, 922834, 1, 0, 0
21005, 863479, 1, 0, 0
22000, 1583162, 1, 0, 0
23008, 1561807, 1, 0, 0
24000, 1601369, 1, 0, 0
25005, 1571752, 1, 0, 0
26001, 1603069, 1, 0, 0
27000, 972268, 1, 0, 0
28000, 868305, 1, 0, 0
29000, 487084, 1, 0, 0
30000, 474121, 1, 0, 0
31000, 473955, 1, 0, 0
32000, 508301, 1, 0, 0
33015, 514027, 1, 0, 0
34000, 497109, 1, 0, 0
35000, 499304, 1, 0, 0
36000, 549568, 1, 0, 0
37000, 620860, 1, 0, 0
38000, 626745, 1, 0, 0
39000, 656547, 1, 0, 0
40000, 609468, 1, 0, 0
41000, 619343, 1, 0, 0
42000, 611607, 1, 0, 0
43000, 613386, 1, 0, 0
44000, 497235, 1, 0, 0
45000, 485335, 1, 0, 0
46000, 1227349, 1, 0, 0
47002, 1119813, 1, 0, 0
48000, 1186714, 1, 0, 0
49009, 1383813, 1, 0, 0
50000, 1363892, 1, 0, 0
51000, 1710662, 1, 0, 0
52007, 1789859, 1, 0, 0
53004, 1730901, 1, 0, 0
54009, 1750555, 1, 0, 0
55011, 1555026, 1, 0, 0
56000, 1269843, 1, 0, 0
57000, 1157360, 1, 0, 0
58009, 1233000, 1, 0, 0
59001, 1224817, 1, 0, 0
60000, 1345103, 1, 0, 0
61001, 1354252, 1, 0, 0
62000, 1391340, 1, 0, 0
63000, 1187454, 1, 0, 0
64000, 473665, 1, 0, 0
65000, 472699, 1, 0, 0
66000, 487345, 1, 0, 0
67000, 469530, 1, 0, 0
68000, 469066, 1, 0, 0
69000, 498292, 1, 0, 0
70000, 600250, 1, 0, 0
71000, 599997, 1, 0, 0
72000, 576535, 1, 0, 0
73000, 614691, 1, 0, 0
74000, 602567, 1, 0, 0
75000, 584117, 1, 0, 0
76000, 583748, 1, 0, 0
77000, 738488, 1, 0, 0
78000, 874614, 1, 0, 0
79000, 880204, 1, 0, 0
80000, 825213, 1, 0, 0
81005, 863620, 1, 0, 0
82000, 879940, 1, 0, 0
83003, 782573, 1, 0, 0
84000, 861959, 1, 0, 0
85003, 1023432, 1, 0, 0
86000, 1014666, 1, 0, 0
87000, 904040, 1, 0, 0
88003, 1043270, 1, 0, 0
89000, 946914, 1, 0, 0
90000, 936149, 1, 0, 0
91006, 1061206, 1, 0, 0
92000, 1066512, 1, 0, 0
93002, 971926, 1, 0, 0
94005, 1108546, 1, 0, 0
95000, 1301982, 1, 0, 0
96000, 1130233, 1, 0, 0
97000, 1218701, 1, 0, 0
98001, 1303459, 1, 0, 0
99001, 1255998, 1, 0, 0
100008, 1276009, 1, 0, 0
101000, 1323673, 1, 0, 0
102001, 1176949, 1, 0, 0
103000, 1030548, 1, 0, 0
104005, 1075694, 1, 0, 0
105004, 1047421, 1, 0, 0
106000, 779930, 1, 0, 0
107000, 772783, 1, 0, 0
108000, 842515, 1, 0, 0
109002, 770996, 1, 0, 0
110000, 729613, 1, 0, 0
111000, 929925, 1, 0, 0
112002, 919529, 1, 0, 0
113000, 1005691, 1, 0, 0
114000, 950441, 1, 0, 0
115000, 949081, 1, 0, 0
116000, 920425, 1, 0, 0
117000, 961518, 1, 0, 0
118000, 982701, 1, 0, 0
119000, 985379, 1, 0, 0
120002, 824067, 1, 0, 0
121004, 887811, 1, 0, 0
122000, 990726, 1, 0, 0
123008, 914714, 1, 0, 0
124008, 965876, 1, 0, 0
125000, 1024401, 1, 0, 0
126007, 966614, 1, 0, 0
127002, 1013736, 1, 0, 0
128002, 1316314, 1, 0, 0
129008, 1361874, 1, 0, 0
130010, 1460811, 1, 0, 0
131000, 1549922, 1, 0, 0
132000, 1730970, 1, 0, 0
133009, 1777532, 1, 0, 0
134000, 1755215, 1, 0, 0
135000, 1781536, 1, 0, 0
136003, 1852645, 1, 0, 0
137000, 1329293, 1, 0, 0
138000, 954090, 1, 0, 0
139000, 915408, 1, 0, 0
140003, 986109, 1, 0, 0
141000, 1430460, 1, 0, 0
142000, 1451847, 1, 0, 0
143008, 1517117, 1, 0, 0
144003, 1517494, 1, 0, 0
145001, 1451275, 1, 0, 0
146008, 1390628, 1, 0, 0
147000, 1363405, 1, 0, 0
148000, 1415325, 1, 0, 0
149009, 1539599, 1, 0, 0
150008, 1385887, 1, 0, 0
151007, 1406000, 1, 0, 0
152004, 1432221, 1, 0, 0
153000, 1402487, 1, 0, 0
154000, 1565161, 1, 0, 0
155003, 1846501, 1, 0, 0
156000, 1389652, 1, 0, 0
157000, 616415, 1, 0, 0
158000, 471703, 1, 0, 0
159000, 472487, 1, 0, 0
160003, 521555, 1, 0, 0
161001, 1013886, 1, 0, 0
162007, 1006530, 1, 0, 0
163005, 935227, 1, 0, 0
164000, 1179139, 1, 0, 0
165006, 1514893, 1, 0, 0
166007, 1184717, 1, 0, 0
167000, 627040, 1, 0, 0
168000, 471998, 1, 0, 0
169000, 472231, 1, 0, 0
170000, 710389, 1, 0, 0
171005, 1288692, 1, 0, 0
172000, 1267957, 1, 0, 0
173005, 1344554, 1, 0, 0
174000, 1860048, 1, 0, 0
175006, 1670228, 1, 0, 0
176003, 1620693, 1, 0, 0
177000, 1494319, 1, 0, 0
178000, 1403097, 1, 0, 0
179000, 724867, 1, 0, 0
180000, 472292, 1, 0, 0
181000, 472900, 1, 0, 0
182000, 746612, 1, 0, 0
183000, 1510224, 1, 0, 0
184000, 1443961, 1, 0, 0
185000, 1025751, 1, 0, 0
186002, 810368, 1, 0, 0
187002, 754566, 1, 0, 0
188006, 762058, 1, 0, 0
189000, 754592, 1, 0, 0
190001, 847159, 1, 0, 0
191002, 934384, 1, 0, 0
192010, 1418862, 1, 0, 0
193000, 1493285, 1, 0, 0
194003, 1486935, 1, 0, 0
195000, 1964401, 1, 0, 0
196004, 1657087, 1, 0, 0
197010, 1170706, 1, 0, 0
198005, 1151236, 1, 0, 0
199000, 1115518, 1, 0, 0
200000, 1015592, 1, 0, 0
201000, 1115854, 1, 0, 0
202001, 1403897, 1, 0, 0
203000, 1508522, 1, 0, 0
204005, 1310073, 1, 0, 0
205006, 1372301, 1, 0, 0
206010, 1391797, 1, 0, 0
207000, 1208214, 1, 0, 0
208000, 875646, 1, 0, 0
209006, 981042, 1, 0, 0
210000, 974938, 1, 0, 0
211008, 905140, 1, 0, 0
212000, 976788, 1, 0, 0
213000, 814569, 1, 0, 0
214000, 798789, 1, 0, 0
215001, 923923, 1, 0, 0
216000, 1224351, 1, 0, 0
217000, 1351335, 1, 0, 0
218000, 1879889, 1, 0, 0
219002, 1818464, 1, 0, 0
220004, 1837738, 1, 0, 0
221005, 1820032, 1, 0, 0
222002, 1787504, 1, 0, 0
223000, 1336309, 1, 0, 0
224004, 995961, 1, 0, 0
225000, 706269, 1, 0, 0
226000, 601747, 1, 0, 0
227000, 589213, 1, 0, 0
228000, 552331, 1, 0, 0
229000, 578962, 1, 0, 0
230000, 573561, 1, 0, 0
231006, 775232, 1, 0, 0
232004, 1419382, 1, 0, 0
233000, 772698, 1, 0, 0
234000, 474729, 1, 0, 0
235000, 474733, 1, 0, 0
236000, 610268, 1, 0, 0
237000, 1147347, 1, 0, 0
238000, 1093181, 1, 0, 0
239000, 890752, 1, 0, 0
240000, 924725, 1, 0, 0
241008, 1121630, 1, 0, 0
242002, 1104687, 1, 0, 0
243000, 1296975, 1, 0, 0
244000, 1856822, 1, 0, 0
245000, 1766998, 1, 0, 0
246000, 1895880, 1, 0, 0
247010, 1830531, 1, 0, 0
248008, 1847840, 1, 0, 0
249000, 1741279, 1, 0, 0
250001, 1317833, 1, 0, 0
251000, 1317678, 1, 0, 0
252000, 887871, 1, 0, 0
253000, 470888, 1, 0, 0
254000, 472199, 1, 0, 0
255004, 502825, 1, 0, 0
256000, 601528, 1, 0, 0
257000, 619822, 1, 0, 0
258000, 596169, 1, 0, 0
259000, 667255, 1, 0, 0
260006, 1097955, 1, 0, 0
261005, 1106315, 1, 0, 0
262008, 1099197, 1, 0, 0
263000, 1146198, 1, 0, 0
264009, 1426253, 1, 0, 0
265000, 891321, 1, 0, 0
266000, 486126, 1, 0, 0
267000, 472768, 1, 0, 0
268000, 472854, 1, 0, 0
269004, 673923, 1, 0, 0
270000, 640687, 1, 0, 0
271001, 589576, 1, 0, 0
272017, 607683, 1, 0, 0
273006, 918226, 1, 0, 0
274006, 881509, 1, 0, 0
275004, 1178336, 1, 0, 0
276004, 1260482, 1, 0, 0
277000, 1016700, 1, 0, 0
278003, 857238, 1, 0, 0
279007, 968331, 1, 0, 0
280000, 933107, 1, 0, 0
281000, 947601, 1, 0, 0
282000, 908017, 1, 0, 0
283000, 1129944, 1, 0, 0
284010, 1153962, 1, 0, 0
285007, 1140592, 1, 0, 0
286006, 1098443, 1, 0, 0
287005, 1424639, 1, 0, 0
288001, 1367952, 1, 0, 0
289001, 1607174, 1, 0, 0
290009, 1847928, 1, 0, 0
291000, 1768076, 1, 0, 0
292002, 1237327, 1, 0, 0
293008, 1134994, 1, 0, 0
294000, 767511, 1, 0, 0
295000, 745190, 1, 0, 0
296000, 716573, 1, 0, 0
297000, 722675, 1, 0, 0
298003, 890062, 1, 0, 0
299000, 1085018, 1, 0, 0
300000, 972647, 1, 0, 0
301000, 890605, 1, 0, 0
302007, 947884, 1, 0, 0
303008, 1086124, 1, 0, 0
304005, 1202427, 1, 0, 0
305006, 1070548, 1, 0, 0
306001, 1059600, 1, 0, 0
307000, 783297, 1, 0, 0
308000, 700528, 1, 0, 0
309000, 727645, 1, 0, 0
310003, 930348, 1, 0, 0
311000, 1024992, 1, 0, 0
312001, 1053895, 1, 0, 0
313000, 1821685, 1, 0, 0
314000, 1776064, 1, 0, 0
315001, 1257247, 1, 0, 0
316008, 1080733, 1, 0, 0
317001, 1112902, 1, 0, 0
318001, 1072794, 1, 0, 0
319000, 1480433, 1, 0, 0
320003, 1621902, 1, 0, 0
321002, 1670270, 1, 0, 0
322006, 1676659, 1, 0, 0
323000, 1537416, 1, 0, 0
324003, 1468462, 1, 0, 0
325009, 1469301, 1, 0, 0
326006, 1709256, 1, 0, 0
327000, 1633287, 1, 0, 0
328000, 1807193, 1, 0, 0
329010, 1835274, 1, 0, 0
330009, 1828820, 1, 0, 0
331006, 1799693, 1, 0, 0
332004, 1712125, 1, 0, 0
333000, 1790307, 1, 0, 0
334000, 1760351, 1, 0, 0
335000, 1745155, 1, 0, 0
336010, 1750768, 1, 0, 0
337005, 1776579, 1, 0, 0
338009, 1586714, 1, 0, 0
339001, 1662364, 1, 0, 0
340000, 1664868, 1, 0, 0
341000, 1459662, 1, 0, 0
342000, 1143966, 1, 0, 0
343008, 1127006, 1, 0, 0
344000, 1119116, 1, 0, 0
345000, 1299519, 1, 0, 0
346002, 2216029, 1, 0, 0
347005, 1924770, 1, 0, 0
348010, 1979290, 1, 0, 0
349006, 2007167, 1, 0, 0
350003, 1549926, 1, 0, 0
351000, 1390106, 1, 0, 0
352000, 1297831, 1, 0, 0
353000, 1265021, 1, 0, 0
354000, 1625364, 1, 0, 0
355010, 1795759, 1, 0, 0
356004, 2054874, 1, 0, 0
357007, 1676908, 1, 0, 0
358009, 1561948, 1, 0, 0
359003, 1295247, 1, 0, 0
360000, 1357221, 1, 0, 0
360000, 251229, 1, 0, 0
