1000, 2953, 1, 0, 0
2000, 2973, 1, 0, 0
3000, 2985, 1, 0, 0
4000, 3015, 1, 0, 0
5000, 3016, 1, 0, 0
6000, 3012, 1, 0, 0
7000, 3001, 1, 0, 0
8000, 3068, 1, 0, 0
9006, 3065, 1, 0, 0
10007, 2705, 1, 0, 0
11009, 2670, 1, 0, 0
12000, 2701, 1, 0, 0
13007, 2686, 1, 0, 0
14010, 2676, 1, 0, 0
15007, 2681, 1, 0, 0
16011, 2679, 1, 0, 0
17001, 2672, 1, 0, 0
18011, 2659, 1, 0, 0
19000, 2804, 1, 0, 0
20000, 2900, 1, 0, 0
21000, 3112, 1, 0, 0
22000, 3099, 1, 0, 0
23005, 2827, 1, 0, 0
24007, 2676, 1, 0, 0
25000, 2659, 1, 0, 0
26007, 2665, 1, 0, 0
27000, 2707, 1, 0, 0
28004, 2633, 1, 0, 0
29001, 2631, 1, 0, 0
30000, 2643, 1, 0, 0
31003, 2640, 1, 0, 0
32002, 2639, 1, 0, 0
33000, 2624, 1, 0, 0
34008, 2633, 1, 0, 0
35000, 2633, 1, 0, 0
36006, 2630, 1, 0, 0
37000, 2633, 1, 0, 0
38005, 2624, 1, 0, 0
39000, 2639, 1, 0, 0
40008, 2669, 1, 0, 0
41006, 2635, 1, 0, 0
42003, 2637, 1, 0, 0
43008, 2632, 1, 0, 0
44003, 2636, 1, 0, 0
45000, 2642, 1, 0, 0
46000, 2629, 1, 0, 0
47005, 2611, 1, 0, 0
48000, 2615, 1, 0, 0
49003, 2622, 1, 0, 0
50005, 2651, 1, 0, 0
51004, 2651, 1, 0, 0
52002, 2642, 1, 0, 0
53000, 2636, 1, 0, 0
54006, 2623, 1, 0, 0
55000, 2630, 1, 0, 0
56009, 2634, 1, 0, 0
57002, 2637, 1, 0, 0
58000, 2527, 1, 0, 0
59000, 2924, 1, 0, 0
60000, 3010, 1, 0, 0
61000, 3010, 1, 0, 0
62000, 2863, 1, 0, 0
63000, 2583, 1, 0, 0
64000, 2489, 1, 0, 0
65000, 2461, 1, 0, 0
66002, 2579, 1, 0, 0
67000, 2588, 1, 0, 0
68000, 2598, 1, 0, 0
69004, 2643, 1, 0, 0
70000, 2662, 1, 0, 0
71000, 2657, 1, 0, 0
72000, 2670, 1, 0, 0
73000, 2649, 1, 0, 0
74006, 2635, 1, 0, 0
75003, 2631, 1, 0, 0
76000, 2647, 1, 0, 0
77000, 2636, 1, 0, 0
78002, 2636, 1, 0, 0
79003, 2668, 1, 0, 0
80000, 2680, 1, 0, 0
81000, 2682, 1, 0, 0
82004, 2687, 1, 0, 0
83009, 2663, 1, 0, 0
84007, 2650, 1, 0, 0
85002, 2652, 1, 0, 0
86001, 2640, 1, 0, 0
87006, 2635, 1, 0, 0
88004, 2627, 1, 0, 0
89000, 2670, 1, 0, 0
90008, 2696, 1, 0, 0
91010, 2702, 1, 0, 0
92007, 2641, 1, 0, 0
93004, 2648, 1, 0, 0
94001, 2649, 1, 0, 0
95001, 2645, 1, 0, 0
96004, 2632, 1, 0, 0
97000, 2640, 1, 0, 0
98001, 2626, 1, 0, 0
99000, 2623, 1, 0, 0
100002, 2619, 1, 0, 0
101002, 2612, 1, 0, 0
102000, 2630, 1, 0, 0
103000, 2667, 1, 0, 0
104000, 2655, 1, 0, 0
105007, 2643, 1, 0, 0
106008, 2649, 1, 0, 0
107001, 2635, 1, 0, 0
108008, 2633, 1, 0, 0
109009, 2626, 1, 0, 0
110007, 2658, 1, 0, 0
111007, 2666, 1, 0, 0
112000, 2644, 1, 0, 0
113009, 2672, 1, 0, 0
114010, 2671, 1, 0, 0
115002, 2649, 1, 0, 0
116009, 2644, 1, 0, 0
117010, 2648, 1, 0, 0
118000, 2553, 1, 0, 0
119000, 2463, 1, 0, 0
120000, 3044, 1, 0, 0
121000, 3035, 1, 0, 0
122000, 3104, 1, 0, 0
123000, 2655, 1, 0, 0
124004, 2621, 1, 0, 0
125000, 2611, 1, 0, 0
126000, 2621, 1, 0, 0
127000, 2619, 1, 0, 0
128000, 2615, 1, 0, 0
129003, 2628, 1, 0, 0
130000, 2637, 1, 0, 0
131004, 2626, 1, 0, 0
132000, 2646, 1, 0, 0
133000, 2676, 1, 0, 0
134000, 2679, 1, 0, 0
135009, 2695, 1, 0, 0
136003, 2677, 1, 0, 0
137000, 2645, 1, 0, 0
138008, 2644, 1, 0, 0
139006, 2636, 1, 0, 0
140009, 2644, 1, 0, 0
141003, 2640, 1, 0, 0
142007, 2659, 1, 0, 0
143001, 2668, 1, 0, 0
144002, 2702, 1, 0, 0
145009, 2689, 1, 0, 0
146000, 2675, 1, 0, 0
147000, 2660, 1, 0, 0
148005, 2653, 1, 0, 0
149003, 2689, 1, 0, 0
150003, 2667, 1, 0, 0
151000, 2683, 1, 0, 0
152004, 2659, 1, 0, 0
153005, 2650, 1, 0, 0
154000, 2664, 1, 0, 0
155004, 2653, 1, 0, 0
156013, 2672, 1, 0, 0
157010, 2678, 1, 0, 0
158008, 2667, 1, 0, 0
159000, 2656, 1, 0, 0
160012, 2659, 1, 0, 0
161001, 2671, 1, 0, 0
162010, 2667, 1, 0, 0
163012, 2659, 1, 0, 0
164009, 2668, 1, 0, 0
165010, 2694, 1, 0, 0
166011, 2710, 1, 0, 0
167004, 2685, 1, 0, 0
168000, 2674, 1, 0, 0
169000, 2714, 1, 0, 0
170000, 2697, 1, 0, 0
171000, 2660, 1, 0, 0
172008, 2669, 1, 0, 0
173000, 2660, 1, 0, 0
174000, 3102, 1, 0, 0
175000, 2950, 1, 0, 0
176000, 3036, 1, 0, 0
177000, 3319, 1, 0, 0
178000, 2836, 1, 0, 0
179000, 2648, 1, 0, 0
180005, 2621, 1, 0, 0
181000, 2613, 1, 0, 0
182000, 2625, 1, 0, 0
183000, 2605, 1, 0, 0
184006, 2622, 1, 0, 0
185000, 2633, 1, 0, 0
186000, 2632, 1, 0, 0
187005, 2613, 1, 0, 0
188005, 2609, 1, 0, 0
189000, 2639, 1, 0, 0
190000, 2646, 1, 0, 0
191000, 2650, 1, 0, 0
192001, 2635, 1, 0, 0
193000, 2655, 1, 0, 0
194007, 2661, 1, 0, 0
195009, 2663, 1, 0, 0
196006, 2647, 1, 0, 0
197000, 2652, 1, 0, 0
198000, 2627, 1, 0, 0
199000, 2597, 1, 0, 0
200000, 2612, 1, 0, 0
201000, 2627, 1, 0, 0
202000, 2629, 1, 0, 0
203000, 2632, 1, 0, 0
204005, 2646, 1, 0, 0
205001, 2653, 1, 0, 0
206000, 2645, 1, 0, 0
207004, 2695, 1, 0, 0
208000, 2678, 1, 0, 0
209000, 2463, 1, 0, 0
210000, 3294, 1, 0, 0
211000, 2992, 1, 0, 0
212004, 3079, 1, 0, 0
213005, 2671, 1, 0, 0
214000, 2623, 1, 0, 0
215000, 2603, 1, 0, 0
216000, 2602, 1, 0, 0
217000, 2607, 1, 0, 0
218004, 2604, 1, 0, 0
219000, 2611, 1, 0, 0
220000, 2626, 1, 0, 0
221000, 2605, 1, 0, 0
222000, 2651, 1, 0, 0
223005, 2643, 1, 0, 0
224004, 2653, 1, 0, 0
225000, 2636, 1, 0, 0
226000, 2651, 1, 0, 0
227000, 2694, 1, 0, 0
228006, 2742, 1, 0, 0
229000, 2706, 1, 0, 0
230000, 2655, 1, 0, 0
231006, 2654, 1, 0, 0
232000, 2628, 1, 0, 0
233002, 2623, 1, 0, 0
234004, 2609, 1, 0, 0
235000, 2675, 1, 0, 0
236000, 2631, 1, 0, 0
237000, 2653, 1, 0, 0
238004, 2646, 1, 0, 0
239000, 2634, 1, 0, 0
240002, 2647, 1, 0, 0
241008, 2634, 1, 0, 0
242005, 2634, 1, 0, 0
243000, 2628, 1, 0, 0
244000, 2608, 1, 0, 0
245000, 2617, 1, 0, 0
246000, 2627, 1, 0, 0
247009, 2652, 1, 0, 0
248000, 2644, 1, 0, 0
249003, 2695, 1, 0, 0
250011, 2698, 1, 0, 0
251000, 2683, 1, 0, 0
252000, 2705, 1, 0, 0
253000, 2675, 1, 0, 0
254000, 2659, 1, 0, 0
255009, 2640, 1, 0, 0
256005, 2644, 1, 0, 0
257000, 2654, 1, 0, 0
258000, 2688, 1, 0, 0
259002, 2689, 1, 0, 0
260000, 2572, 1, 0, 0
261000, 2891, 1, 0, 0
262000, 3043, 1, 0, 0
263000, 3375, 1, 0, 0
264000, 2850, 1, 0, 0
265000, 2631, 1, 0, 0
266000, 2593, 1, 0, 0
267000, 2572, 1, 0, 0
268006, 2604, 1, 0, 0
269000, 2626, 1, 0, 0
270000, 2626, 1, 0, 0
271000, 2626, 1, 0, 0
272000, 2640, 1, 0, 0
273004, 2629, 1, 0, 0
274000, 2634, 1, 0, 0
275000, 2637, 1, 0, 0
276000, 2647, 1, 0, 0
277000, 2625, 1, 0, 0
278000, 2640, 1, 0, 0
279007, 2658, 1, 0, 0
280007, 2663, 1, 0, 0
281000, 2681, 1, 0, 0
282003, 2673, 1, 0, 0
283000, 2661, 1, 0, 0
284001, 2672, 1, 0, 0
285002, 2691, 1, 0, 0
286000, 2692, 1, 0, 0
287011, 2678, 1, 0, 0
288007, 2656, 1, 0, 0
289002, 2626, 1, 0, 0
290003, 2645, 1, 0, 0
291004, 2635, 1, 0, 0
292007, 2653, 1, 0, 0
293009, 2700, 1, 0, 0
294008, 2659, 1, 0, 0
295008, 2647, 1, 0, 0
296008, 2664, 1, 0, 0
297009, 2664, 1, 0, 0
298000, 2635, 1, 0, 0
299000, 2617, 1, 0, 0
300000, 2611, 1, 0, 0
301000, 2619, 1, 0, 0
302001, 2634, 1, 0, 0
303001, 2669, 1, 0, 0
304009, 2670, 1, 0, 0
305003, 2640, 1, 0, 0
306010, 2658, 1, 0, 0
307007, 2651, 1, 0, 0
308005, 2677, 1, 0, 0
309003, 2642, 1, 0, 0
310011, 2651, 1, 0, 0
311001, 2651, 1, 0, 0
312000, 2658, 1, 0, 0
313002, 2651, 1, 0, 0
314008, 2641, 1, 0, 0
315000, 2657, 1, 0, 0
316000, 2666, 1, 0, 0
317000, 2640, 1, 0, 0
318000, 2630, 1, 0, 0
319002, 2637, 1, 0, 0
320009, 2696, 1, 0, 0
321001, 2717, 1, 0, 0
322000, 2469, 1, 0, 0
323000, 2922, 1, 0, 0
324000, 2991, 1, 0, 0
325000, 3125, 1, 0, 0
326011, 2791, 1, 0, 0
327011, 2656, 1, 0, 0
328008, 2661, 1, 0, 0
329000, 2684, 1, 0, 0
330007, 2680, 1, 0, 0
331006, 2654, 1, 0, 0
332008, 2660, 1, 0, 0
333000, 2672, 1, 0, 0
334000, 2667, 1, 0, 0
335003, 2665, 1, 0, 0
336000, 2652, 1, 0, 0
337000, 2658, 1, 0, 0
338000, 2657, 1, 0, 0
339000, 2657, 1, 0, 0
340000, 2651, 1, 0, 0
341000, 2669, 1, 0, 0
342000, 3084, 1, 0, 0
343000, 2998, 1, 0, 0
344000, 3000, 1, 0, 0
345000, 3137, 1, 0, 0
346009, 2937, 1, 0, 0
347007, 2670, 1, 0, 0
348000, 2645, 1, 0, 0
349006, 2624, 1, 0, 0
350000, 2614, 1, 0, 0
351000, 2606, 1, 0, 0
352000, 2610, 1, 0, 0
353000, 2620, 1, 0, 0
354002, 2648, 1, 0, 0
355002, 2649, 1, 0, 0
356000, 2658, 1, 0, 0
357010, 2666, 1, 0, 0
358000, 2648, 1, 0, 0
359001, 2645, 1, 0, 0
360002, 2641, 1, 0, 0
