1000, 5949, 0, 0, 0
2000, 6118, 0, 0, 0
3001, 6155, 0, 0, 0
4000, 5928, 0, 0, 0
5000, 6778, 0, 0, 0
6000, 6353, 0, 0, 0
7000, 6116, 0, 0, 0
8000, 5426, 0, 0, 0
9000, 5214, 0, 0, 0
10000, 5310, 0, 0, 0
11001, 5316, 0, 0, 0
12000, 5335, 0, 0, 0
13000, 5295, 0, 0, 0
14000, 5410, 0, 0, 0
15000, 5386, 0, 0, 0
16000, 5578, 0, 0, 0
17000, 5396, 0, 0, 0
18000, 5402, 0, 0, 0
19000, 5385, 0, 0, 0
20000, 5365, 0, 0, 0
21000, 5435, 0, 0, 0
22000, 5402, 0, 0, 0
23000, 5300, 0, 0, 0
24000, 5398, 0, 0, 0
25000, 5357, 0, 0, 0
26000, 5397, 0, 0, 0
27000, 5557, 0, 0, 0
28000, 5433, 0, 0, 0
29000, 5391, 0, 0, 0
30000, 5313, 0, 0, 0
31002, 5309, 0, 0, 0
32000, 5308, 0, 0, 0
33000, 5245, 0, 0, 0
34000, 5323, 0, 0, 0
35000, 5297, 0, 0, 0
36001, 5290, 0, 0, 0
37000, 5725, 0, 0, 0
38000, 7655, 0, 0, 0
39001, 7318, 0, 0, 0
40000, 7790, 0, 0, 0
41001, 7723, 0, 0, 0
42000, 7313, 0, 0, 0
43001, 6242, 0, 0, 0
44000, 5385, 0, 0, 0
45000, 5292, 0, 0, 0
46000, 5379, 0, 0, 0
47001, 5324, 0, 0, 0
48000, 5306, 0, 0, 0
49000, 5649, 0, 0, 0
50001, 5716, 0, 0, 0
51000, 5629, 0, 0, 0
52001, 5521, 0, 0, 0
53000, 5487, 0, 0, 0
54000, 5501, 0, 0, 0
55000, 5558, 0, 0, 0
56000, 5581, 0, 0, 0
57000, 5645, 0, 0, 0
58000, 6507, 0, 0, 0
59000, 7854, 0, 0, 0
60000, 6438, 0, 0, 0
61000, 5496, 0, 0, 0
62001, 5464, 0, 0, 0
63000, 5510, 0, 0, 0
64000, 5466, 0, 0, 0
65000, 5329, 0, 0, 0
66000, 5079, 0, 0, 0
67000, 4987, 0, 0, 0
68000, 4907, 0, 0, 0
69000, 4903, 0, 0, 0
70000, 4886, 0, 0, 0
71001, 4899, 0, 0, 0
72000, 4872, 0, 0, 0
73000, 4901, 0, 0, 0
74000, 4906, 0, 0, 0
75000, 4876, 0, 0, 0
76000, 4892, 0, 0, 0
77000, 4896, 0, 0, 0
78000, 4871, 0, 0, 0
79000, 4892, 0, 0, 0
80000, 4870, 0, 0, 0
81000, 4872, 0, 0, 0
82001, 4987, 0, 0, 0
83000, 5000, 0, 0, 0
84000, 4967, 0, 0, 0
85000, 4993, 0, 0, 0
86000, 4984, 0, 0, 0
87000, 4926, 0, 0, 0
88000, 4933, 0, 0, 0
89000, 4932, 0, 0, 0
90000, 4963, 0, 0, 0
91000, 5017, 0, 0, 0
92000, 5052, 0, 0, 0
93000, 5053, 0, 0, 0
94000, 5062, 0, 0, 0
95000, 5056, 0, 0, 0
96000, 5048, 0, 0, 0
97001, 5075, 0, 0, 0
98000, 5111, 0, 0, 0
99000, 5127, 0, 0, 0
100000, 5389, 0, 0, 0
101001, 5388, 0, 0, 0
102000, 5340, 0, 0, 0
103000, 5523, 0, 0, 0
104000, 7474, 0, 0, 0
105000, 7405, 0, 0, 0
106000, 7423, 0, 0, 0
107001, 7725, 0, 0, 0
108000, 7419, 0, 0, 0
109000, 6781, 0, 0, 0
110000, 7235, 0, 0, 0
111000, 7331, 0, 0, 0
112000, 7290, 0, 0, 0
113000, 6876, 0, 0, 0
114000, 7243, 0, 0, 0
115000, 7635, 0, 0, 0
116000, 7538, 0, 0, 0
117000, 7562, 0, 0, 0
118000, 7139, 0, 0, 0
119000, 7203, 0, 0, 0
120000, 6745, 0, 0, 0
121000, 6247, 0, 0, 0
122000, 6814, 0, 0, 0
123000, 7204, 0, 0, 0
124001, 7059, 0, 0, 0
125001, 5693, 0, 0, 0
126000, 5653, 0, 0, 0
127000, 5396, 0, 0, 0
128002, 5374, 0, 0, 0
129001, 5450, 0, 0, 0
130000, 5840, 0, 0, 0
131000, 6753, 0, 0, 0
132000, 7141, 0, 0, 0
133000, 7001, 0, 0, 0
134001, 7144, 0, 0, 0
135000, 6513, 0, 0, 0
136000, 4841, 0, 0, 0
137001, 4903, 0, 0, 0
138000, 4901, 0, 0, 0
139000, 4873, 0, 0, 0
140000, 4884, 0, 0, 0
141000, 4904, 0, 0, 0
142000, 4890, 0, 0, 0
143000, 4906, 0, 0, 0
144000, 4901, 0, 0, 0
145000, 4882, 0, 0, 0
146000, 4867, 0, 0, 0
147000, 4863, 0, 0, 0
148001, 6446, 0, 0, 0
149000, 7344, 0, 0, 0
150000, 6199, 0, 0, 0
151000, 5606, 0, 0, 0
152000, 5620, 0, 0, 0
153000, 5276, 0, 0, 0
154000, 5190, 0, 0, 0
155000, 5191, 0, 0, 0
156000, 5182, 0, 0, 0
157000, 5153, 0, 0, 0
158000, 5186, 0, 0, 0
159000, 5204, 0, 0, 0
160001, 5243, 0, 0, 0
161000, 5304, 0, 0, 0
162000, 5261, 0, 0, 0
163001, 5257, 0, 0, 0
164000, 5258, 0, 0, 0
165000, 5234, 0, 0, 0
166000, 5339, 0, 0, 0
167000, 5339, 0, 0, 0
168000, 5213, 0, 0, 0
169000, 5278, 0, 0, 0
170000, 5176, 0, 0, 0
171000, 5236, 0, 0, 0
172001, 5259, 0, 0, 0
173000, 5275, 0, 0, 0
174000, 5287, 0, 0, 0
175000, 5182, 0, 0, 0
176000, 5207, 0, 0, 0
177018, 5366, 0, 0, 0
178000, 7139, 0, 0, 0
179000, 6307, 0, 0, 0
180000, 5388, 0, 0, 0
181000, 5306, 0, 0, 0
182000, 5381, 0, 0, 0
183001, 5475, 0, 0, 0
184000, 5405, 0, 0, 0
185000, 5484, 0, 0, 0
186000, 6969, 0, 0, 0
187000, 6771, 0, 0, 0
188000, 5555, 0, 0, 0
189000, 5538, 0, 0, 0
190001, 5906, 0, 0, 0
191000, 6296, 0, 0, 0
192000, 5828, 0, 0, 0
193001, 6345, 0, 0, 0
194000, 7947, 0, 0, 0
195000, 7594, 0, 0, 0
196001, 7680, 0, 0, 0
197000, 7480, 0, 0, 0
198000, 6197, 0, 0, 0
199000, 5441, 0, 0, 0
200000, 5130, 0, 0, 0
201000, 4875, 0, 0, 0
202000, 4860, 0, 0, 0
203000, 4873, 0, 0, 0
204000, 4898, 0, 0, 0
205000, 4896, 0, 0, 0
206000, 4911, 0, 0, 0
207000, 4913, 0, 0, 0
208000, 4870, 0, 0, 0
209000, 4886, 0, 0, 0
210000, 4898, 0, 0, 0
211000, 4886, 0, 0, 0
212000, 4875, 0, 0, 0
213000, 4899, 0, 0, 0
214000, 4902, 0, 0, 0
215000, 4888, 0, 0, 0
216000, 4889, 0, 0, 0
217000, 4902, 0, 0, 0
218000, 4873, 0, 0, 0
219000, 4879, 0, 0, 0
220000, 4893, 0, 0, 0
221000, 4888, 0, 0, 0
222000, 4867, 0, 0, 0
223000, 4866, 0, 0, 0
224000, 5521, 0, 0, 0
225000, 5466, 0, 0, 0
226001, 5496, 0, 0, 0
227000, 5456, 0, 0, 0
228000, 5506, 0, 0, 0
229000, 6022, 0, 0, 0
230000, 7400, 0, 0, 0
231000, 7448, 0, 0, 0
232001, 7804, 0, 0, 0
233000, 7494, 0, 0, 0
234000, 7282, 0, 0, 0
235000, 6427, 0, 0, 0
236000, 5459, 0, 0, 0
237002, 5435, 0, 0, 0
238000, 5426, 0, 0, 0
239001, 5433, 0, 0, 0
240001, 5484, 0, 0, 0
241000, 5441, 0, 0, 0
242000, 5448, 0, 0, 0
243000, 5393, 0, 0, 0
244000, 4991, 0, 0, 0
245000, 4890, 0, 0, 0
246000, 4900, 0, 0, 0
247000, 4887, 0, 0, 0
248000, 4863, 0, 0, 0
249000, 4896, 0, 0, 0
250000, 4890, 0, 0, 0
251001, 4875, 0, 0, 0
252000, 4878, 0, 0, 0
253000, 4865, 0, 0, 0
254000, 4881, 0, 0, 0
255000, 4894, 0, 0, 0
256000, 4859, 0, 0, 0
257000, 5251, 0, 0, 0
258000, 5218, 0, 0, 0
259000, 5259, 0, 0, 0
260000, 5221, 0, 0, 0
261000, 5140, 0, 0, 0
262001, 5146, 0, 0, 0
263000, 5116, 0, 0, 0
264001, 5101, 0, 0, 0
265000, 5176, 0, 0, 0
266001, 5215, 0, 0, 0
267001, 5460, 0, 0, 0
268000, 5403, 0, 0, 0
269000, 5306, 0, 0, 0
270000, 5901, 0, 0, 0
271000, 6787, 0, 0, 0
272000, 8030, 0, 0, 0
273000, 7304, 0, 0, 0
274001, 7561, 0, 0, 0
275001, 7663, 0, 0, 0
276000, 7341, 0, 0, 0
277000, 7411, 0, 0, 0
278000, 7297, 0, 0, 0
279000, 7289, 0, 0, 0
280002, 6503, 0, 0, 0
281000, 6263, 0, 0, 0
282000, 6742, 0, 0, 0
283001, 6832, 0, 0, 0
284000, 7703, 0, 0, 0
285000, 7744, 0, 0, 0
286001, 7493, 0, 0, 0
287000, 7236, 0, 0, 0
288000, 6700, 0, 0, 0
289000, 5071, 0, 0, 0
290000, 4904, 0, 0, 0
291001, 4863, 0, 0, 0
292000, 4872, 0, 0, 0
293001, 4876, 0, 0, 0
294000, 4879, 0, 0, 0
295000, 4877, 0, 0, 0
296000, 4901, 0, 0, 0
297001, 4907, 0, 0, 0
298000, 4895, 0, 0, 0
299000, 4883, 0, 0, 0
300000, 4886, 0, 0, 0
301000, 5415, 0, 0, 0
302000, 6403, 0, 0, 0
303000, 5922, 0, 0, 0
304000, 5210, 0, 0, 0
305000, 5249, 0, 0, 0
306001, 5425, 0, 0, 0
307000, 5328, 0, 0, 0
308000, 5331, 0, 0, 0
309000, 5353, 0, 0, 0
310000, 5228, 0, 0, 0
311001, 5220, 0, 0, 0
312000, 5986, 0, 0, 0
313000, 6031, 0, 0, 0
314000, 5844, 0, 0, 0
315025, 5807, 0, 0, 0
316000, 6141, 0, 0, 0
317001, 6169, 0, 0, 0
318001, 5821, 0, 0, 0
319000, 6382, 0, 0, 0
320001, 7044, 0, 0, 0
321000, 5983, 0, 0, 0
322000, 5281, 0, 0, 0
323001, 5525, 0, 0, 0
324001, 5399, 0, 0, 0
325001, 5466, 0, 0, 0
326000, 5430, 0, 0, 0
327000, 5678, 0, 0, 0
328000, 7170, 0, 0, 0
329001, 7098, 0, 0, 0
330002, 6781, 0, 0, 0
331000, 7107, 0, 0, 0
332000, 8106, 0, 0, 0
333000, 7813, 0, 0, 0
334000, 9524, 0, 0, 0
335001, 10170, 0, 0, 0
336000, 6225, 0, 0, 0
337000, 4872, 0, 0, 0
338000, 4863, 0, 0, 0
339000, 4875, 0, 0, 0
340000, 4886, 0, 0, 0
341000, 4891, 0, 0, 0
342000, 4861, 0, 0, 0
343000, 4882, 0, 0, 0
344000, 4892, 0, 0, 0
345000, 4890, 0, 0, 0
346000, 4882, 0, 0, 0
347000, 4871, 0, 0, 0
348000, 4894, 0, 0, 0
349000, 4855, 0, 0, 0
350000, 5343, 0, 0, 0
351000, 5423, 0, 0, 0
352000, 5383, 0, 0, 0
353000, 5373, 0, 0, 0
354000, 5269, 0, 0, 0
355000, 5254, 0, 0, 0
356000, 5224, 0, 0, 0
357001, 5219, 0, 0, 0
358000, 5181, 0, 0, 0
359000, 5204, 0, 0, 0
360000, 5250, 0, 0, 0
