1000, 118552, 0, 0, 0
2000, 118909, 0, 0, 0
3000, 117153, 0, 0, 0
4000, 120500, 0, 0, 0
5000, 122026, 0, 0, 0
6000, 119474, 0, 0, 0
7000, 125219, 0, 0, 0
8000, 135630, 0, 0, 0
9000, 120349, 0, 0, 0
10000, 120850, 0, 0, 0
11000, 132656, 0, 0, 0
12000, 131940, 0, 0, 0
13000, 129469, 0, 0, 0
14001, 132082, 0, 0, 0
15000, 133302, 0, 0, 0
16000, 131896, 0, 0, 0
17000, 128720, 0, 0, 0
18000, 151683, 0, 0, 0
19000, 135911, 0, 0, 0
20000, 135207, 0, 0, 0
21000, 133097, 0, 0, 0
22000, 135556, 0, 0, 0
23001, 129993, 0, 0, 0
24000, 127556, 0, 0, 0
25000, 127675, 0, 0, 0
26000, 134831, 0, 0, 0
27001, 129328, 0, 0, 0
28000, 132661, 0, 0, 0
29000, 221713, 0, 0, 0
30000, 299309, 0, 0, 0
31001, 293093, 0, 0, 0
32000, 257914, 0, 0, 0
33000, 199923, 0, 0, 0
34000, 195665, 0, 0, 0
35000, 181268, 0, 0, 0
36001, 191408, 0, 0, 0
37000, 205019, 0, 0, 0
38000, 194861, 0, 0, 0
39000, 230988, 0, 0, 0
40000, 194713, 0, 0, 0
41000, 191756, 0, 0, 0
42001, 199343, 0, 0, 0
43000, 192288, 0, 0, 0
44000, 197007, 0, 0, 0
45001, 238353, 0, 0, 0
46002, 434265, 0, 0, 0
47001, 449321, 0, 0, 0
48000, 480248, 0, 0, 0
49000, 461805, 0, 0, 0
50000, 515164, 0, 0, 0
51001, 466761, 0, 0, 0
52000, 429704, 0, 0, 0
53001, 450384, 0, 0, 0
54000, 492504, 0, 0, 0
55001, 424547, 0, 0, 0
56000, 461014, 0, 0, 0
57000, 433850, 0, 0, 0
58001, 452649, 0, 0, 0
59000, 472553, 0, 0, 0
60001, 290914, 0, 0, 0
61000, 266543, 0, 0, 0
62000, 347939, 0, 0, 0
63000, 431784, 0, 0, 0
64000, 486790, 0, 0, 0
65000, 448249, 0, 0, 0
66000, 506023, 0, 0, 0
67000, 445674, 0, 0, 0
68000, 440222, 0, 0, 0
69000, 381560, 0, 0, 0
70000, 263546, 0, 0, 0
71000, 242320, 0, 0, 0
72000, 189144, 0, 0, 0
73000, 110106, 0, 0, 0
74000, 101659, 0, 0, 0
75000, 100934, 0, 0, 0
76000, 102658, 0, 0, 0
77000, 101628, 0, 0, 0
78000, 103084, 0, 0, 0
79000, 98622, 0, 0, 0
80000, 101221, 0, 0, 0
81000, 100188, 0, 0, 0
82000, 99048, 0, 0, 0
83000, 108056, 0, 0, 0
84001, 188035, 0, 0, 0
85000, 174091, 0, 0, 0
86000, 178946, 0, 0, 0
87000, 172075, 0, 0, 0
88000, 146770, 0, 0, 0
89000, 151116, 0, 0, 0
90000, 145993, 0, 0, 0
91001, 159282, 0, 0, 0
92000, 164486, 0, 0, 0
93000, 162911, 0, 0, 0
94000, 239087, 0, 0, 0
95000, 343008, 0, 0, 0
96000, 355322, 0, 0, 0
97000, 336219, 0, 0, 0
98000, 95232, 0, 0, 0
99000, 74057, 0, 0, 0
100000, 101573, 0, 0, 0
101000, 101863, 0, 0, 0
102000, 102967, 0, 0, 0
103000, 103799, 0, 0, 0
104000, 103009, 0, 0, 0
105000, 100663, 0, 0, 0
106000, 99709, 0, 0, 0
107000, 100101, 0, 0, 0
108000, 100402, 0, 0, 0
109000, 99909, 0, 0, 0
110000, 226098, 0, 0, 0
111002, 442424, 0, 0, 0
112001, 399018, 0, 0, 0
113000, 428883, 0, 0, 0
114001, 483650, 0, 0, 0
115000, 465703, 0, 0, 0
116020, 478706, 0, 0, 0
117000, 463780, 0, 0, 0
118000, 451529, 0, 0, 0
119000, 475697, 0, 0, 0
120000, 443425, 0, 0, 0
121000, 455453, 0, 0, 0
122000, 491766, 0, 0, 0
123000, 450988, 0, 0, 0
124000, 474972, 0, 0, 0
125000, 224020, 0, 0, 0
126000, 224539, 0, 0, 0
127000, 215269, 0, 0, 0
128000, 202893, 0, 0, 0
129000, 196607, 0, 0, 0
130000, 200657, 0, 0, 0
131000, 102721, 0, 0, 0
132000, 101169, 0, 0, 0
133000, 110061, 0, 0, 0
134000, 100611, 0, 0, 0
135000, 102567, 0, 0, 0
136001, 103074, 0, 0, 0
137000, 102633, 0, 0, 0
138000, 102964, 0, 0, 0
139000, 99669, 0, 0, 0
140000, 99313, 0, 0, 0
141000, 99523, 0, 0, 0
142000, 99890, 0, 0, 0
143000, 114469, 0, 0, 0
144000, 160266, 0, 0, 0
145000, 149783, 0, 0, 0
146000, 153775, 0, 0, 0
147000, 140532, 0, 0, 0
148000, 135958, 0, 0, 0
149000, 129002, 0, 0, 0
150000, 125871, 0, 0, 0
151000, 131831, 0, 0, 0
152000, 130070, 0, 0, 0
153000, 128414, 0, 0, 0
154000, 151877, 0, 0, 0
155000, 134802, 0, 0, 0
156000, 132221, 0, 0, 0
157000, 133913, 0, 0, 0
158000, 134704, 0, 0, 0
159000, 133547, 0, 0, 0
160000, 131523, 0, 0, 0
161000, 128098, 0, 0, 0
162000, 129682, 0, 0, 0
163000, 131189, 0, 0, 0
164000, 138547, 0, 0, 0
165000, 140825, 0, 0, 0
166002, 130733, 0, 0, 0
167000, 129081, 0, 0, 0
168000, 141353, 0, 0, 0
169000, 143964, 0, 0, 0
170000, 142718, 0, 0, 0
171000, 137164, 0, 0, 0
172000, 141777, 0, 0, 0
173001, 136461, 0, 0, 0
174001, 142713, 0, 0, 0
175001, 269685, 0, 0, 0
176000, 492550, 0, 0, 0
177000, 422043, 0, 0, 0
178000, 487715, 0, 0, 0
179000, 477760, 0, 0, 0
180000, 212268, 0, 0, 0
181000, 186930, 0, 0, 0
182000, 191084, 0, 0, 0
183000, 210433, 0, 0, 0
184000, 214466, 0, 0, 0
185000, 200360, 0, 0, 0
186000, 320820, 0, 0, 0
187000, 477713, 0, 0, 0
188000, 345861, 0, 0, 0
189001, 199574, 0, 0, 0
190001, 193137, 0, 0, 0
191000, 209948, 0, 0, 0
192000, 188141, 0, 0, 0
193000, 181653, 0, 0, 0
194000, 190175, 0, 0, 0
195000, 175681, 0, 0, 0
196000, 179653, 0, 0, 0
197000, 308480, 0, 0, 0
198000, 369436, 0, 0, 0
199001, 319123, 0, 0, 0
200000, 349611, 0, 0, 0
201000, 240590, 0, 0, 0
202000, 212241, 0, 0, 0
203000, 193264, 0, 0, 0
204000, 222652, 0, 0, 0
205000, 240065, 0, 0, 0
206001, 261660, 0, 0, 0
207000, 236345, 0, 0, 0
208000, 444833, 0, 0, 0
209001, 431674, 0, 0, 0
210000, 335586, 0, 0, 0
211000, 294969, 0, 0, 0
212000, 338255, 0, 0, 0
213000, 314632, 0, 0, 0
214001, 282585, 0, 0, 0
215001, 280926, 0, 0, 0
216000, 339203, 0, 0, 0
217001, 341700, 0, 0, 0
218000, 226373, 0, 0, 0
219001, 205698, 0, 0, 0
220000, 200228, 0, 0, 0
221001, 215896, 0, 0, 0
222001, 211762, 0, 0, 0
223001, 208380, 0, 0, 0
224000, 365401, 0, 0, 0
225000, 468556, 0, 0, 0
226000, 308018, 0, 0, 0
227000, 188447, 0, 0, 0
228000, 108146, 0, 0, 0
229000, 108558, 0, 0, 0
230001, 105815, 0, 0, 0
231000, 103558, 0, 0, 0
232000, 102515, 0, 0, 0
233000, 105012, 0, 0, 0
234000, 103660, 0, 0, 0
235000, 99870, 0, 0, 0
236000, 100624, 0, 0, 0
237000, 101955, 0, 0, 0
238000, 100245, 0, 0, 0
239000, 100773, 0, 0, 0
240000, 139398, 0, 0, 0
241000, 153172, 0, 0, 0
242001, 162557, 0, 0, 0
243000, 160705, 0, 0, 0
244000, 155876, 0, 0, 0
245000, 136729, 0, 0, 0
246000, 123806, 0, 0, 0
247000, 137699, 0, 0, 0
248000, 146568, 0, 0, 0
249000, 147243, 0, 0, 0
250000, 154689, 0, 0, 0
251000, 198494, 0, 0, 0
252000, 161278, 0, 0, 0
253000, 152112, 0, 0, 0
254000, 137489, 0, 0, 0
255000, 161987, 0, 0, 0
256000, 183324, 0, 0, 0
257001, 178844, 0, 0, 0
258000, 199818, 0, 0, 0
259000, 195123, 0, 0, 0
260000, 193105, 0, 0, 0
261000, 273404, 0, 0, 0
262000, 492023, 0, 0, 0
263000, 226141, 0, 0, 0
264000, 204480, 0, 0, 0
265000, 197804, 0, 0, 0
266000, 196538, 0, 0, 0
267000, 189709, 0, 0, 0
268000, 188134, 0, 0, 0
269001, 181863, 0, 0, 0
270000, 170257, 0, 0, 0
271000, 165347, 0, 0, 0
272000, 275681, 0, 0, 0
273000, 486935, 0, 0, 0
274001, 492453, 0, 0, 0
275000, 446270, 0, 0, 0
276000, 391367, 0, 0, 0
277000, 372406, 0, 0, 0
278000, 295467, 0, 0, 0
279001, 309172, 0, 0, 0
280000, 282725, 0, 0, 0
281000, 223940, 0, 0, 0
282000, 198036, 0, 0, 0
283000, 109003, 0, 0, 0
284000, 103419, 0, 0, 0
285000, 103846, 0, 0, 0
286000, 104452, 0, 0, 0
287000, 103797, 0, 0, 0
288000, 103888, 0, 0, 0
289000, 98780, 0, 0, 0
290000, 101051, 0, 0, 0
291001, 99648, 0, 0, 0
292000, 100248, 0, 0, 0
293000, 113783, 0, 0, 0
294000, 126821, 0, 0, 0
295000, 126899, 0, 0, 0
296000, 128393, 0, 0, 0
297000, 124372, 0, 0, 0
298000, 127907, 0, 0, 0
299001, 138345, 0, 0, 0
300000, 132590, 0, 0, 0
301002, 135608, 0, 0, 0
302001, 136142, 0, 0, 0
303000, 133810, 0, 0, 0
304000, 151937, 0, 0, 0
305000, 155258, 0, 0, 0
306000, 172883, 0, 0, 0
307000, 184033, 0, 0, 0
308000, 177781, 0, 0, 0
309001, 176476, 0, 0, 0
310000, 188327, 0, 0, 0
311000, 187755, 0, 0, 0
312001, 179572, 0, 0, 0
313000, 170495, 0, 0, 0
314001, 174327, 0, 0, 0
315000, 189694, 0, 0, 0
316000, 175927, 0, 0, 0
317000, 171881, 0, 0, 0
318000, 180267, 0, 0, 0
319000, 181063, 0, 0, 0
320000, 172349, 0, 0, 0
321001, 222014, 0, 0, 0
322000, 226568, 0, 0, 0
323000, 222768, 0, 0, 0
324000, 176794, 0, 0, 0
325000, 109053, 0, 0, 0
326000, 104348, 0, 0, 0
327000, 101062, 0, 0, 0
328000, 104950, 0, 0, 0
329000, 103471, 0, 0, 0
330000, 102756, 0, 0, 0
331000, 100623, 0, 0, 0
332000, 100502, 0, 0, 0
333000, 100067, 0, 0, 0
334000, 101403, 0, 0, 0
335001, 100181, 0, 0, 0
336000, 265774, 0, 0, 0
337001, 458243, 0, 0, 0
338000, 453748, 0, 0, 0
339000, 486035, 0, 0, 0
340000, 495883, 0, 0, 0
341001, 464378, 0, 0, 0
342000, 483413, 0, 0, 0
343000, 466547, 0, 0, 0
344000, 463124, 0, 0, 0
345000, 498668, 0, 0, 0
346000, 451999, 0, 0, 0
347002, 468951, 0, 0, 0
348000, 331506, 0, 0, 0
349000, 215229, 0, 0, 0
350000, 209577, 0, 0, 0
351000, 203804, 0, 0, 0
352000, 235765, 0, 0, 0
353001, 309767, 0, 0, 0
354001, 390061, 0, 0, 0
355000, 485874, 0, 0, 0
356001, 461294, 0, 0, 0
357001, 458240, 0, 0, 0
358000, 474189, 0, 0, 0
359000, 455270, 0, 0, 0
360000, 435404, 0, 0, 0
