1000, 1165662, 1, 0, 0
2001, 1179018, 1, 0, 0
3000, 1042389, 1, 0, 0
4001, 898602, 1, 0, 0
5017, 1014763, 1, 0, 0
6007, 1060800, 1, 0, 0
7000, 1310410, 1, 0, 0
8002, 1592742, 1, 0, 0
9000, 1635345, 1, 0, 0
10008, 1608915, 1, 0, 0
11000, 1035561, 1, 0, 0
12000, 500137, 1, 0, 0
13000, 637209, 1, 0, 0
14000, 660680, 1, 0, 0
15000, 721615, 1, 0, 0
16000, 879536, 1, 0, 0
17001, 834941, 1, 0, 0
18003, 768252, 1, 0, 0
19000, 794435, 1, 0, 0
20000, 628267, 1, 0, 0
21001, 671010, 1, 0, 0
22000, 714650, 1, 0, 0
23000, 899927, 1, 0, 0
24000, 1140137, 1, 0, 0
25006, 1119082, 1, 0, 0
26000, 589085, 1, 0, 0
27000, 654855, 1, 0, 0
28000, 684787, 1, 0, 0
29000, 700309, 1, 0, 0
30000, 955104, 1, 0, 0
31008, 1149025, 1, 0, 0
32000, 1062200, 1, 0, 0
33000, 736238, 1, 0, 0
34000, 740842, 1, 0, 0
35002, 827194, 1, 0, 0
36000, 1083533, 1, 0, 0
37009, 1176776, 1, 0, 0
38004, 1763783, 1, 0, 0
39009, 1701727, 1, 0, 0
40000, 1855242, 1, 0, 0
41000, 1888203, 1, 0, 0
42004, 1833317, 1, 0, 0
43000, 1056632, 1, 0, 0
44000, 1022999, 1, 0, 0
45001, 934855, 1, 0, 0
46000, 1000339, 1, 0, 0
47006, 1014271, 1, 0, 0
48005, 1785291, 1, 0, 0
49000, 1860033, 1, 0, 0
50000, 1883592, 1, 0, 0
51011, 1846475, 1, 0, 0
52000, 1374459, 1, 0, 0
53002, 802042, 1, 0, 0
54004, 786647, 1, 0, 0
55000, 623830, 1, 0, 0
56000, 577861, 1, 0, 0
57000, 664878, 1, 0, 0
58000, 635674, 1, 0, 0
59000, 647184, 1, 0, 0
60000, 728425, 1, 0, 0
61000, 530282, 1, 0, 0
62000, 489551, 1, 0, 0
63000, 488727, 1, 0, 0
64000, 533926, 1, 0, 0
65004, 686291, 1, 0, 0
66000, 752210, 1, 0, 0
67000, 790511, 1, 0, 0
68008, 992761, 1, 0, 0
69000, 1357381, 1, 0, 0
70000, 1209138, 1, 0, 0
71001, 1231334, 1, 0, 0
72009, 1420245, 1, 0, 0
73000, 1356163, 1, 0, 0
74006, 1430523, 1, 0, 0
75007, 1823904, 1, 0, 0
76002, 1714841, 1, 0, 0
77007, 1809305, 1, 0, 0
78000, 1759485, 1, 0, 0
79000, 1628279, 1, 0, 0
80006, 1663885, 1, 0, 0
81011, 1671829, 1, 0, 0
82000, 1643458, 1, 0, 0
83008, 1218717, 1, 0, 0
84000, 1168131, 1, 0, 0
85003, 1012280, 1, 0, 0
86000, 1133030, 1, 0, 0
87000, 1550165, 1, 0, 0
88007, 1543080, 1, 0, 0
89011, 1536358, 1, 0, 0
90000, 1472708, 1, 0, 0
91000, 1422976, 1, 0, 0
92000, 1335261, 1, 0, 0
93000, 936195, 1, 0, 0
94000, 1032916, 1, 0, 0
95001, 1074207, 1, 0, 0
96000, 1111119, 1, 0, 0
97001, 798593, 1, 0, 0
98000, 921655, 1, 0, 0
99000, 969298, 1, 0, 0
100000, 1151024, 1, 0, 0
101008, 1933646, 1, 0, 0
102000, 1558165, 1, 0, 0
103002, 1140146, 1, 0, 0
104005, 1117531, 1, 0, 0
105000, 1139458, 1, 0, 0
106010, 1132365, 1, 0, 0
107008, 1124315, 1, 0, 0
108000, 1455866, 1, 0, 0
109004, 2004548, 1, 0, 0
110006, 1972313, 1, 0, 0
111000, 2002672, 1, 0, 0
112000, 2070403, 1, 0, 0
113000, 1539911, 1, 0, 0
114000, 596275, 1, 0, 0
115000, 726965, 1, 0, 0
116000, 649086, 1, 0, 0
117000, 626376, 1, 0, 0
118000, 660774, 1, 0, 0
119000, 648927, 1, 0, 0
120000, 661885, 1, 0, 0
121000, 638270, 1, 0, 0
122000, 713282, 1, 0, 0
123000, 659852, 1, 0, 0
124007, 782863, 1, 0, 0
125000, 1009393, 1, 0, 0
126003, 899821, 1, 0, 0
127000, 852644, 1, 0, 0
128000, 788235, 1, 0, 0
129000, 808716, 1, 0, 0
130000, 813095, 1, 0, 0
131000, 847353, 1, 0, 0
132000, 742804, 1, 0, 0
133001, 708671, 1, 0, 0
134000, 859828, 1, 0, 0
135000, 896513, 1, 0, 0
136005, 1008470, 1, 0, 0
137006, 1002935, 1, 0, 0
138009, 1036622, 1, 0, 0
139000, 1080205, 1, 0, 0
140006, 1054273, 1, 0, 0
141002, 935538, 1, 0, 0
142000, 872783, 1, 0, 0
143003, 770251, 1, 0, 0
144002, 814913, 1, 0, 0
145000, 949483, 1, 0, 0
146009, 1039797, 1, 0, 0
147000, 1146092, 1, 0, 0
148006, 1176617, 1, 0, 0
149001, 1066955, 1, 0, 0
150000, 971996, 1, 0, 0
151002, 971512, 1, 0, 0
152014, 1062554, 1, 0, 0
153000, 984870, 1, 0, 0
154000, 939815, 1, 0, 0
155010, 1087059, 1, 0, 0
156002, 1243323, 1, 0, 0
157006, 1252493, 1, 0, 0
158009, 1395124, 1, 0, 0
159000, 1365476, 1, 0, 0
160004, 1881512, 1, 0, 0
161002, 1872359, 1, 0, 0
162001, 1837086, 1, 0, 0
163007, 1906278, 1, 0, 0
164004, 1682840, 1, 0, 0
165000, 1249234, 1, 0, 0
166003, 1251148, 1, 0, 0
167000, 1297146, 1, 0, 0
168000, 1198411, 1, 0, 0
169000, 1076953, 1, 0, 0
170000, 1130691, 1, 0, 0
171006, 1126191, 1, 0, 0
172004, 1070684, 1, 0, 0
173004, 1202731, 1, 0, 0
174001, 1379140, 1, 0, 0
175000, 1383552, 1, 0, 0
176000, 1471905, 1, 0, 0
177003, 1945735, 1, 0, 0
178006, 1878389, 1, 0, 0
179002, 1970663, 1, 0, 0
180010, 1970117, 1, 0, 0
181007, 1908589, 1, 0, 0
182002, 1971857, 1, 0, 0
183004, 1959559, 1, 0, 0
184005, 1871936, 1, 0, 0
185011, 2035256, 1, 0, 0
186000, 1587618, 1, 0, 0
187000, 535447, 1, 0, 0
188000, 613292, 1, 0, 0
189000, 660709, 1, 0, 0
190000, 642752, 1, 0, 0
191000, 598748, 1, 0, 0
192000, 556491, 1, 0, 0
193000, 513360, 1, 0, 0
194000, 544282, 1, 0, 0
195000, 504591, 1, 0, 0
196000, 527547, 1, 0, 0
197000, 583260, 1, 0, 0
198000, 615443, 1, 0, 0
199001, 648115, 1, 0, 0
200000, 687492, 1, 0, 0
201002, 683609, 1, 0, 0
202000, 672406, 1, 0, 0
203000, 645971, 1, 0, 0
204000, 857580, 1, 0, 0
205000, 842267, 1, 0, 0
206000, 934775, 1, 0, 0
207007, 1134720, 1, 0, 0
208003, 1037811, 1, 0, 0
209000, 1022972, 1, 0, 0
210003, 1035578, 1, 0, 0
211000, 1430666, 1, 0, 0
212010, 1401154, 1, 0, 0
213008, 1480338, 1, 0, 0
214000, 1768610, 1, 0, 0
215009, 1625889, 1, 0, 0
216003, 1862944, 1, 0, 0
217010, 1863746, 1, 0, 0
218000, 1056564, 1, 0, 0
219000, 960247, 1, 0, 0
220004, 941756, 1, 0, 0
221000, 888490, 1, 0, 0
222000, 1350289, 1, 0, 0
223000, 1560348, 1, 0, 0
224000, 1784823, 1, 0, 0
225005, 1749525, 1, 0, 0
226006, 1809573, 1, 0, 0
227010, 1762171, 1, 0, 0
228000, 1383140, 1, 0, 0
229007, 1168055, 1, 0, 0
230000, 1114788, 1, 0, 0
231004, 1185298, 1, 0, 0
232005, 1522859, 1, 0, 0
233004, 1659033, 1, 0, 0
234001, 1509718, 1, 0, 0
235010, 1494484, 1, 0, 0
236000, 1439073, 1, 0, 0
237005, 1444557, 1, 0, 0
238001, 1528655, 1, 0, 0
239000, 1900149, 1, 0, 0
240000, 1920937, 1, 0, 0
241001, 2233890, 1, 0, 0
242003, 1935658, 1, 0, 0
243000, 1420500, 1, 0, 0
244000, 1062507, 1, 0, 0
245000, 1048034, 1, 0, 0
246000, 997090, 1, 0, 0
247000, 588648, 1, 0, 0
248000, 684669, 1, 0, 0
249000, 615638, 1, 0, 0
250000, 697948, 1, 0, 0
251000, 639480, 1, 0, 0
252000, 1028581, 1, 0, 0
253000, 957744, 1, 0, 0
254000, 867747, 1, 0, 0
255000, 892493, 1, 0, 0
256009, 974976, 1, 0, 0
257000, 1123412, 1, 0, 0
258000, 1231838, 1, 0, 0
259000, 931357, 1, 0, 0
260008, 902494, 1, 0, 0
261007, 910168, 1, 0, 0
262008, 882410, 1, 0, 0
263000, 927501, 1, 0, 0
264001, 1445885, 1, 0, 0
265007, 1452445, 1, 0, 0
266008, 1472434, 1, 0, 0
267000, 1443292, 1, 0, 0
268000, 1842163, 1, 0, 0
269000, 1956749, 1, 0, 0
270007, 1885576, 1, 0, 0
271003, 2031139, 1, 0, 0
272000, 1273013, 1, 0, 0
273000, 501871, 1, 0, 0
274000, 638552, 1, 0, 0
275000, 637872, 1, 0, 0
276000, 728609, 1, 0, 0
277000, 617198, 1, 0, 0
278008, 606756, 1, 0, 0
279000, 617845, 1, 0, 0
280001, 605229, 1, 0, 0
281000, 689722, 1, 0, 0
282004, 715735, 1, 0, 0
283000, 749709, 1, 0, 0
284000, 719279, 1, 0, 0
285000, 836641, 1, 0, 0
286005, 1277473, 1, 0, 0
287005, 1402700, 1, 0, 0
288004, 1375083, 1, 0, 0
289010, 1583039, 1, 0, 0
290004, 1631892, 1, 0, 0
291005, 1775736, 1, 0, 0
292002, 1496035, 1, 0, 0
293003, 1453142, 1, 0, 0
294008, 1592901, 1, 0, 0
295000, 1160454, 1, 0, 0
296000, 1001259, 1, 0, 0
297000, 1080031, 1, 0, 0
298009, 1113420, 1, 0, 0
299000, 1101649, 1, 0, 0
300000, 1064231, 1, 0, 0
301003, 1432875, 1, 0, 0
302000, 1174673, 1, 0, 0
303000, 1133647, 1, 0, 0
304007, 1176975, 1, 0, 0
305000, 1134635, 1, 0, 0
306005, 1050985, 1, 0, 0
307000, 1120217, 1, 0, 0
308007, 1308145, 1, 0, 0
309009, 1101862, 1, 0, 0
310000, 1182752, 1, 0, 0
311000, 1199408, 1, 0, 0
312001, 1425006, 1, 0, 0
313005, 1589351, 1, 0, 0
314001, 1662427, 1, 0, 0
315007, 1655065, 1, 0, 0
316020, 1040045, 1, 0, 0
317000, 568648, 1, 0, 0
318000, 637722, 1, 0, 0
319000, 637037, 1, 0, 0
320000, 679929, 1, 0, 0
321000, 593745, 1, 0, 0
322000, 548791, 1, 0, 0
323000, 517234, 1, 0, 0
324000, 602899, 1, 0, 0
325000, 645732, 1, 0, 0
326000, 808588, 1, 0, 0
327000, 781620, 1, 0, 0
328000, 973000, 1, 0, 0
329004, 1311223, 1, 0, 0
330000, 1246519, 1, 0, 0
331002, 1329349, 1, 0, 0
332002, 1251360, 1, 0, 0
333002, 921449, 1, 0, 0
334000, 988009, 1, 0, 0
335000, 991217, 1, 0, 0
336000, 802307, 1, 0, 0
337000, 882299, 1, 0, 0
338008, 1120917, 1, 0, 0
339000, 1097364, 1, 0, 0
340006, 1083167, 1, 0, 0
341000, 1444353, 1, 0, 0
342001, 2012273, 1, 0, 0
343000, 1314087, 1, 0, 0
344000, 1251418, 1, 0, 0
345000, 930616, 1, 0, 0
346000, 899195, 1, 0, 0
347003, 878709, 1, 0, 0
348000, 735721, 1, 0, 0
349000, 735747, 1, 0, 0
350000, 812991, 1, 0, 0
351006, 954945, 1, 0, 0
352003, 974609, 1, 0, 0
353000, 921889, 1, 0, 0
354000, 560464, 1, 0, 0
355000, 660513, 1, 0, 0
356000, 673430, 1, 0, 0
357000, 709825, 1, 0, 0
358000, 882256, 1, 0, 0
359001, 1121578, 1, 0, 0
360005, 1022472, 1, 0, 0
360005, 9520520, 1, 0, 0
