1000, 123391, 0, 0, 0
2000, 122953, 0, 0, 0
3000, 135437, 0, 0, 0
4000, 138917, 0, 0, 0
5000, 135645, 0, 0, 0
6000, 137708, 0, 0, 0
7000, 135419, 0, 0, 0
8000, 140252, 0, 0, 0
9000, 135263, 0, 0, 0
10000, 131088, 0, 0, 0
11000, 132514, 0, 0, 0
12000, 139597, 0, 0, 0
13000, 135142, 0, 0, 0
14000, 159632, 0, 0, 0
15000, 144986, 0, 0, 0
16001, 413647, 0, 0, 0
17000, 673996, 0, 0, 0
18000, 607687, 0, 0, 0
19001, 651044, 0, 0, 0
20001, 687102, 0, 0, 0
21001, 689170, 0, 0, 0
22000, 273428, 0, 0, 0
23000, 222735, 0, 0, 0
24000, 260979, 0, 0, 0
25001, 349918, 0, 0, 0
26000, 341846, 0, 0, 0
27000, 238415, 0, 0, 0
28000, 250091, 0, 0, 0
29000, 223339, 0, 0, 0
30001, 206013, 0, 0, 0
31000, 199443, 0, 0, 0
32000, 191195, 0, 0, 0
33000, 192680, 0, 0, 0
34000, 188228, 0, 0, 0
35000, 189806, 0, 0, 0
36001, 130186, 0, 0, 0
37000, 101828, 0, 0, 0
38001, 101075, 0, 0, 0
39000, 102831, 0, 0, 0
40000, 102775, 0, 0, 0
41000, 102126, 0, 0, 0
42000, 99034, 0, 0, 0
43000, 98415, 0, 0, 0
44000, 99210, 0, 0, 0
45000, 100853, 0, 0, 0
46000, 100772, 0, 0, 0
47000, 135943, 0, 0, 0
48000, 128151, 0, 0, 0
49000, 129276, 0, 0, 0
50000, 130658, 0, 0, 0
51000, 131336, 0, 0, 0
52000, 129091, 0, 0, 0
53000, 120496, 0, 0, 0
54000, 123680, 0, 0, 0
55001, 128484, 0, 0, 0
56000, 123845, 0, 0, 0
57000, 135717, 0, 0, 0
58000, 132107, 0, 0, 0
59000, 130958, 0, 0, 0
60000, 134533, 0, 0, 0
61000, 136355, 0, 0, 0
62000, 133064, 0, 0, 0
63000, 127615, 0, 0, 0
64000, 126057, 0, 0, 0
65000, 127180, 0, 0, 0
66000, 125782, 0, 0, 0
67000, 125921, 0, 0, 0
68000, 142606, 0, 0, 0
69000, 145377, 0, 0, 0
70000, 150173, 0, 0, 0
71000, 157728, 0, 0, 0
72000, 150283, 0, 0, 0
73000, 151498, 0, 0, 0
74000, 138018, 0, 0, 0
75000, 135220, 0, 0, 0
76000, 138198, 0, 0, 0
77000, 134556, 0, 0, 0
78000, 136245, 0, 0, 0
79000, 158756, 0, 0, 0
80000, 146667, 0, 0, 0
81000, 140311, 0, 0, 0
82000, 147390, 0, 0, 0
83000, 143303, 0, 0, 0
84000, 143156, 0, 0, 0
85000, 132348, 0, 0, 0
86000, 143571, 0, 0, 0
87000, 157203, 0, 0, 0
88000, 173337, 0, 0, 0
89000, 166118, 0, 0, 0
90000, 235506, 0, 0, 0
91000, 223594, 0, 0, 0
92000, 236359, 0, 0, 0
93000, 210253, 0, 0, 0
94001, 137634, 0, 0, 0
95000, 129032, 0, 0, 0
96000, 126498, 0, 0, 0
97000, 123481, 0, 0, 0
98000, 125231, 0, 0, 0
99000, 125074, 0, 0, 0
100000, 132830, 0, 0, 0
101000, 138378, 0, 0, 0
102000, 128774, 0, 0, 0
103000, 126657, 0, 0, 0
104001, 127256, 0, 0, 0
105000, 135792, 0, 0, 0
106000, 131751, 0, 0, 0
107000, 130025, 0, 0, 0
108000, 132174, 0, 0, 0
109000, 133889, 0, 0, 0
110000, 134145, 0, 0, 0
111000, 152442, 0, 0, 0
112000, 137067, 0, 0, 0
113000, 135304, 0, 0, 0
114000, 137526, 0, 0, 0
115000, 142357, 0, 0, 0
116000, 147259, 0, 0, 0
117000, 137387, 0, 0, 0
118000, 136309, 0, 0, 0
119000, 144909, 0, 0, 0
120000, 140993, 0, 0, 0
121001, 136655, 0, 0, 0
122000, 160326, 0, 0, 0
123000, 159658, 0, 0, 0
124000, 164460, 0, 0, 0
125001, 167135, 0, 0, 0
126000, 167971, 0, 0, 0
127000, 172131, 0, 0, 0
128000, 155750, 0, 0, 0
129000, 161272, 0, 0, 0
130000, 158930, 0, 0, 0
131000, 168920, 0, 0, 0
132000, 153676, 0, 0, 0
133000, 180237, 0, 0, 0
134000, 159065, 0, 0, 0
135000, 152190, 0, 0, 0
136000, 162462, 0, 0, 0
137000, 175627, 0, 0, 0
138001, 183168, 0, 0, 0
139000, 172320, 0, 0, 0
140000, 195219, 0, 0, 0
141000, 212796, 0, 0, 0
142000, 212669, 0, 0, 0
143000, 224729, 0, 0, 0
144000, 211665, 0, 0, 0
145000, 181810, 0, 0, 0
146001, 173356, 0, 0, 0
147000, 180481, 0, 0, 0
148000, 186543, 0, 0, 0
149000, 183179, 0, 0, 0
150000, 178366, 0, 0, 0
151000, 187398, 0, 0, 0
152000, 189939, 0, 0, 0
153000, 195044, 0, 0, 0
154000, 197929, 0, 0, 0
155001, 177452, 0, 0, 0
156000, 159115, 0, 0, 0
157000, 155835, 0, 0, 0
158000, 178698, 0, 0, 0
159000, 189901, 0, 0, 0
160000, 190674, 0, 0, 0
161000, 175646, 0, 0, 0
162000, 193356, 0, 0, 0
163000, 179691, 0, 0, 0
164000, 177590, 0, 0, 0
165000, 212476, 0, 0, 0
166001, 253719, 0, 0, 0
167000, 306025, 0, 0, 0
168000, 314880, 0, 0, 0
169000, 353038, 0, 0, 0
170002, 387573, 0, 0, 0
171000, 318175, 0, 0, 0
172000, 277402, 0, 0, 0
173000, 353391, 0, 0, 0
174001, 323535, 0, 0, 0
175000, 289328, 0, 0, 0
176000, 392949, 0, 0, 0
177000, 243058, 0, 0, 0
178000, 171878, 0, 0, 0
179000, 174067, 0, 0, 0
180000, 173829, 0, 0, 0
181000, 173555, 0, 0, 0
182000, 172263, 0, 0, 0
183000, 167561, 0, 0, 0
184000, 168808, 0, 0, 0
185000, 172627, 0, 0, 0
186000, 163423, 0, 0, 0
187000, 240336, 0, 0, 0
188001, 410876, 0, 0, 0
189000, 371936, 0, 0, 0
190000, 357414, 0, 0, 0
191000, 379962, 0, 0, 0
192000, 200739, 0, 0, 0
193000, 169307, 0, 0, 0
194000, 168072, 0, 0, 0
195000, 167806, 0, 0, 0
196000, 164948, 0, 0, 0
197000, 167336, 0, 0, 0
198000, 196891, 0, 0, 0
199000, 154390, 0, 0, 0
200000, 150647, 0, 0, 0
201000, 151361, 0, 0, 0
202000, 147823, 0, 0, 0
203000, 143830, 0, 0, 0
204000, 119655, 0, 0, 0
205000, 100773, 0, 0, 0
206000, 99791, 0, 0, 0
207000, 99869, 0, 0, 0
208000, 99701, 0, 0, 0
209001, 109580, 0, 0, 0
210000, 102043, 0, 0, 0
211000, 101931, 0, 0, 0
212000, 104511, 0, 0, 0
213000, 101371, 0, 0, 0
214000, 100990, 0, 0, 0
215000, 99378, 0, 0, 0
216000, 99437, 0, 0, 0
217000, 101006, 0, 0, 0
218000, 99306, 0, 0, 0
219000, 108756, 0, 0, 0
220000, 175486, 0, 0, 0
221000, 173635, 0, 0, 0
222000, 172843, 0, 0, 0
223000, 176202, 0, 0, 0
224000, 162177, 0, 0, 0
225000, 154289, 0, 0, 0
226000, 148389, 0, 0, 0
227000, 159026, 0, 0, 0
228000, 167693, 0, 0, 0
229000, 162480, 0, 0, 0
230001, 193812, 0, 0, 0
231000, 173337, 0, 0, 0
232000, 169089, 0, 0, 0
233000, 177396, 0, 0, 0
234000, 202383, 0, 0, 0
235000, 294774, 0, 0, 0
236000, 325340, 0, 0, 0
237000, 292878, 0, 0, 0
238000, 253148, 0, 0, 0
239000, 187182, 0, 0, 0
240001, 192333, 0, 0, 0
241000, 232405, 0, 0, 0
242000, 182786, 0, 0, 0
243000, 141314, 0, 0, 0
244000, 169089, 0, 0, 0
245001, 175403, 0, 0, 0
246000, 175566, 0, 0, 0
247000, 167012, 0, 0, 0
248001, 157316, 0, 0, 0
249000, 130394, 0, 0, 0
250000, 101044, 0, 0, 0
251000, 98663, 0, 0, 0
252000, 108039, 0, 0, 0
253000, 102213, 0, 0, 0
254000, 100113, 0, 0, 0
255000, 104728, 0, 0, 0
256000, 101457, 0, 0, 0
257000, 102093, 0, 0, 0
258000, 98693, 0, 0, 0
259000, 99016, 0, 0, 0
260000, 97244, 0, 0, 0
261000, 99325, 0, 0, 0
262000, 102199, 0, 0, 0
263000, 73257, 0, 0, 0
264000, 66899, 0, 0, 0
265000, 67264, 0, 0, 0
266000, 79453, 0, 0, 0
267000, 133613, 0, 0, 0
268000, 135659, 0, 0, 0
269000, 137923, 0, 0, 0
270000, 135213, 0, 0, 0
271000, 134883, 0, 0, 0
272000, 128340, 0, 0, 0
273000, 129357, 0, 0, 0
274000, 129805, 0, 0, 0
275000, 128965, 0, 0, 0
276000, 128719, 0, 0, 0
277000, 147977, 0, 0, 0
278000, 134463, 0, 0, 0
279000, 140799, 0, 0, 0
280000, 147929, 0, 0, 0
281000, 136730, 0, 0, 0
282001, 140966, 0, 0, 0
283000, 137538, 0, 0, 0
284000, 136049, 0, 0, 0
285001, 152228, 0, 0, 0
286000, 155087, 0, 0, 0
287000, 156906, 0, 0, 0
288000, 236629, 0, 0, 0
289000, 221703, 0, 0, 0
290001, 240408, 0, 0, 0
291000, 223495, 0, 0, 0
292000, 227879, 0, 0, 0
293000, 323241, 0, 0, 0
294000, 326356, 0, 0, 0
295000, 286928, 0, 0, 0
296000, 163851, 0, 0, 0
297000, 176103, 0, 0, 0
298001, 174037, 0, 0, 0
299000, 208984, 0, 0, 0
300000, 170338, 0, 0, 0
301000, 170338, 0, 0, 0
302000, 241110, 0, 0, 0
303000, 378413, 0, 0, 0
304001, 361839, 0, 0, 0
305000, 237293, 0, 0, 0
306000, 226321, 0, 0, 0
307000, 232513, 0, 0, 0
308000, 239612, 0, 0, 0
309000, 248792, 0, 0, 0
310000, 845851, 0, 0, 0
311000, 853674, 0, 0, 0
312000, 816371, 0, 0, 0
313000, 803423, 0, 0, 0
314001, 779550, 0, 0, 0
315000, 770157, 0, 0, 0
316000, 819523, 0, 0, 0
317000, 858188, 0, 0, 0
318000, 825512, 0, 0, 0
319000, 859400, 0, 0, 0
320000, 818399, 0, 0, 0
321001, 851475, 0, 0, 0
322001, 776382, 0, 0, 0
323001, 779781, 0, 0, 0
324000, 385504, 0, 0, 0
325000, 279767, 0, 0, 0
326000, 292242, 0, 0, 0
327000, 288126, 0, 0, 0
328000, 358309, 0, 0, 0
329000, 351896, 0, 0, 0
330000, 180621, 0, 0, 0
331000, 99382, 0, 0, 0
332000, 106716, 0, 0, 0
333000, 102938, 0, 0, 0
334000, 100706, 0, 0, 0
335000, 102539, 0, 0, 0
336000, 103045, 0, 0, 0
337000, 102396, 0, 0, 0
338000, 99609, 0, 0, 0
339000, 97792, 0, 0, 0
340000, 101490, 0, 0, 0
341000, 101673, 0, 0, 0
342000, 98404, 0, 0, 0
343001, 119473, 0, 0, 0
344000, 143124, 0, 0, 0
345000, 143207, 0, 0, 0
346000, 145739, 0, 0, 0
347000, 136385, 0, 0, 0
348000, 135023, 0, 0, 0
349000, 131078, 0, 0, 0
350001, 131506, 0, 0, 0
351000, 130919, 0, 0, 0
352000, 133061, 0, 0, 0
353000, 130422, 0, 0, 0
354000, 166172, 0, 0, 0
355005, 164400, 0, 0, 0
356000, 237454, 0, 0, 0
357001, 245903, 0, 0, 0
358000, 371643, 0, 0, 0
359001, 387463, 0, 0, 0
360000, 389415, 0, 0, 0
