1005, 2623, 1, 0, 0
2000, 2636, 1, 0, 0
3000, 2640, 1, 0, 0
4000, 2653, 1, 0, 0
5000, 2660, 1, 0, 0
6001, 2649, 1, 0, 0
7000, 2627, 1, 0, 0
8003, 2634, 1, 0, 0
9012, 2688, 1, 0, 0
10009, 2706, 1, 0, 0
11000, 2668, 1, 0, 0
12007, 2641, 1, 0, 0
13000, 2620, 1, 0, 0
14000, 2512, 1, 0, 0
15000, 2517, 1, 0, 0
16000, 2513, 1, 0, 0
17008, 2544, 1, 0, 0
18000, 2620, 1, 0, 0
19000, 2612, 1, 0, 0
20001, 2601, 1, 0, 0
21000, 2612, 1, 0, 0
22000, 2613, 1, 0, 0
23004, 2654, 1, 0, 0
24000, 2641, 1, 0, 0
25000, 2643, 1, 0, 0
26000, 2660, 1, 0, 0
27005, 2663, 1, 0, 0
28001, 2653, 1, 0, 0
29003, 2643, 1, 0, 0
30002, 2640, 1, 0, 0
31007, 2649, 1, 0, 0
32000, 2650, 1, 0, 0
33003, 2649, 1, 0, 0
34000, 2642, 1, 0, 0
35000, 2664, 1, 0, 0
36000, 2633, 1, 0, 0
37000, 2630, 1, 0, 0
38005, 2638, 1, 0, 0
39004, 2616, 1, 0, 0
40026, 2629, 1, 0, 0
41003, 2640, 1, 0, 0
42006, 2662, 1, 0, 0
43000, 2651, 1, 0, 0
44000, 2662, 1, 0, 0
45005, 2656, 1, 0, 0
46000, 2642, 1, 0, 0
47000, 2635, 1, 0, 0
48007, 2657, 1, 0, 0
49008, 2705, 1, 0, 0
50002, 2673, 1, 0, 0
51000, 2641, 1, 0, 0
52003, 2647, 1, 0, 0
53000, 2658, 1, 0, 0
54000, 2650, 1, 0, 0
55000, 2633, 1, 0, 0
56000, 2559, 1, 0, 0
57000, 2566, 1, 0, 0
58000, 2592, 1, 0, 0
59000, 2601, 1, 0, 0
60006, 2647, 1, 0, 0
61000, 2650, 1, 0, 0
62002, 2653, 1, 0, 0
63000, 2651, 1, 0, 0
64000, 2646, 1, 0, 0
65000, 2645, 1, 0, 0
66002, 2668, 1, 0, 0
67000, 2690, 1, 0, 0
68000, 2676, 1, 0, 0
69018, 2720, 1, 0, 0
70010, 2697, 1, 0, 0
71005, 2657, 1, 0, 0
72010, 2655, 1, 0, 0
73001, 2661, 1, 0, 0
74005, 2642, 1, 0, 0
75006, 2635, 1, 0, 0
76003, 2627, 1, 0, 0
77000, 2646, 1, 0, 0
78000, 2636, 1, 0, 0
79000, 2633, 1, 0, 0
80000, 2629, 1, 0, 0
81003, 2626, 1, 0, 0
82000, 2611, 1, 0, 0
83000, 2572, 1, 0, 0
84000, 2551, 1, 0, 0
85000, 2569, 1, 0, 0
86000, 2626, 1, 0, 0
87006, 2611, 1, 0, 0
88002, 2611, 1, 0, 0
89000, 2614, 1, 0, 0
90000, 2627, 1, 0, 0
91000, 2649, 1, 0, 0
92004, 2625, 1, 0, 0
93000, 2569, 1, 0, 0
94000, 2566, 1, 0, 0
95000, 2576, 1, 0, 0
96010, 2597, 1, 0, 0
97008, 2644, 1, 0, 0
98000, 2656, 1, 0, 0
99000, 2657, 1, 0, 0
100000, 2663, 1, 0, 0
101000, 2660, 1, 0, 0
102003, 2642, 1, 0, 0
103001, 2620, 1, 0, 0
104008, 2626, 1, 0, 0
105000, 2629, 1, 0, 0
106003, 2611, 1, 0, 0
107000, 2626, 1, 0, 0
108000, 2649, 1, 0, 0
109006, 2633, 1, 0, 0
110008, 2635, 1, 0, 0
111002, 2641, 1, 0, 0
112000, 2623, 1, 0, 0
113001, 2641, 1, 0, 0
114000, 2658, 1, 0, 0
115005, 2641, 1, 0, 0
116000, 2661, 1, 0, 0
117005, 2637, 1, 0, 0
118009, 2644, 1, 0, 0
119000, 2668, 1, 0, 0
120010, 2653, 1, 0, 0
121003, 2648, 1, 0, 0
122005, 2660, 1, 0, 0
123001, 2648, 1, 0, 0
124007, 2663, 1, 0, 0
125006, 2674, 1, 0, 0
126007, 2666, 1, 0, 0
127000, 2660, 1, 0, 0
128000, 2650, 1, 0, 0
129010, 2645, 1, 0, 0
130007, 2647, 1, 0, 0
131003, 2661, 1, 0, 0
132007, 2677, 1, 0, 0
133003, 2695, 1, 0, 0
134000, 2668, 1, 0, 0
135000, 2664, 1, 0, 0
136009, 2647, 1, 0, 0
137000, 2651, 1, 0, 0
138000, 2683, 1, 0, 0
139005, 2778, 1, 0, 0
140005, 2636, 1, 0, 0
141000, 2646, 1, 0, 0
142000, 2643, 1, 0, 0
143006, 2627, 1, 0, 0
144003, 2624, 1, 0, 0
145001, 2631, 1, 0, 0
146000, 2630, 1, 0, 0
147000, 2620, 1, 0, 0
148000, 2612, 1, 0, 0
149000, 2618, 1, 0, 0
150000, 2617, 1, 0, 0
151000, 2643, 1, 0, 0
152000, 2654, 1, 0, 0
153000, 2595, 1, 0, 0
154000, 2628, 1, 0, 0
155000, 2619, 1, 0, 0
156000, 2609, 1, 0, 0
157000, 2644, 1, 0, 0
158000, 2628, 1, 0, 0
159000, 2616, 1, 0, 0
160004, 2627, 1, 0, 0
161006, 2608, 1, 0, 0
162002, 2611, 1, 0, 0
163000, 2617, 1, 0, 0
164000, 2607, 1, 0, 0
165007, 2598, 1, 0, 0
166000, 2642, 1, 0, 0
167002, 2659, 1, 0, 0
168008, 2645, 1, 0, 0
169000, 2653, 1, 0, 0
170000, 2641, 1, 0, 0
171000, 2637, 1, 0, 0
172008, 2655, 1, 0, 0
173000, 2622, 1, 0, 0
174008, 2618, 1, 0, 0
175008, 2627, 1, 0, 0
176000, 2658, 1, 0, 0
177000, 2624, 1, 0, 0
178008, 2627, 1, 0, 0
179011, 2643, 1, 0, 0
180005, 2714, 1, 0, 0
181000, 2681, 1, 0, 0
182005, 2676, 1, 0, 0
183007, 2656, 1, 0, 0
184007, 2651, 1, 0, 0
185001, 2656, 1, 0, 0
186001, 2637, 1, 0, 0
187000, 2634, 1, 0, 0
188000, 2632, 1, 0, 0
189007, 2642, 1, 0, 0
190007, 2641, 1, 0, 0
191001, 2671, 1, 0, 0
192000, 2667, 1, 0, 0
193000, 2672, 1, 0, 0
194001, 2647, 1, 0, 0
195000, 2647, 1, 0, 0
196005, 2657, 1, 0, 0
197000, 2650, 1, 0, 0
198003, 2645, 1, 0, 0
199002, 2658, 1, 0, 0
200002, 2646, 1, 0, 0
201000, 2630, 1, 0, 0
202000, 2592, 1, 0, 0
203000, 2508, 1, 0, 0
204000, 2508, 1, 0, 0
205000, 2534, 1, 0, 0
206001, 2668, 1, 0, 0
207005, 2662, 1, 0, 0
208004, 2642, 1, 0, 0
209000, 2653, 1, 0, 0
210007, 2626, 1, 0, 0
211008, 2626, 1, 0, 0
212004, 2627, 1, 0, 0
213001, 2666, 1, 0, 0
214000, 2647, 1, 0, 0
215000, 2638, 1, 0, 0
216000, 2633, 1, 0, 0
217004, 2642, 1, 0, 0
218000, 2679, 1, 0, 0
219000, 2557, 1, 0, 0
220000, 2555, 1, 0, 0
221000, 2596, 1, 0, 0
222000, 2609, 1, 0, 0
223000, 2612, 1, 0, 0
224000, 2579, 1, 0, 0
225000, 2518, 1, 0, 0
226000, 2592, 1, 0, 0
227000, 2626, 1, 0, 0
228000, 2623, 1, 0, 0
229000, 2609, 1, 0, 0
230018, 2634, 1, 0, 0
231000, 2630, 1, 0, 0
232002, 2635, 1, 0, 0
233003, 2622, 1, 0, 0
234007, 2631, 1, 0, 0
235003, 2612, 1, 0, 0
236009, 2620, 1, 0, 0
237003, 2634, 1, 0, 0
238000, 2619, 1, 0, 0
239000, 2617, 1, 0, 0
240005, 2619, 1, 0, 0
241000, 2618, 1, 0, 0
242000, 2625, 1, 0, 0
243000, 2636, 1, 0, 0
244000, 2692, 1, 0, 0
245003, 2697, 1, 0, 0
246000, 2681, 1, 0, 0
247011, 2655, 1, 0, 0
248000, 2645, 1, 0, 0
249005, 2647, 1, 0, 0
250000, 2637, 1, 0, 0
251006, 2679, 1, 0, 0
252000, 2655, 1, 0, 0
253000, 2659, 1, 0, 0
254000, 2633, 1, 0, 0
255011, 2630, 1, 0, 0
256000, 2639, 1, 0, 0
257004, 2650, 1, 0, 0
258007, 2667, 1, 0, 0
259009, 2654, 1, 0, 0
260000, 2653, 1, 0, 0
261004, 2633, 1, 0, 0
262000, 2718, 1, 0, 0
263012, 2707, 1, 0, 0
264005, 2674, 1, 0, 0
265009, 2652, 1, 0, 0
266010, 2653, 1, 0, 0
267005, 2652, 1, 0, 0
268000, 2654, 1, 0, 0
269000, 2620, 1, 0, 0
270000, 2585, 1, 0, 0
271000, 2638, 1, 0, 0
272000, 2623, 1, 0, 0
273000, 2549, 1, 0, 0
274000, 2537, 1, 0, 0
275000, 2519, 1, 0, 0
276000, 2536, 1, 0, 0
277000, 2591, 1, 0, 0
278000, 2550, 1, 0, 0
279000, 2564, 1, 0, 0
280000, 2581, 1, 0, 0
281001, 2608, 1, 0, 0
282000, 2610, 1, 0, 0
283000, 2639, 1, 0, 0
284000, 2651, 1, 0, 0
285011, 2651, 1, 0, 0
286000, 2636, 1, 0, 0
287007, 2654, 1, 0, 0
288002, 2650, 1, 0, 0
289000, 2636, 1, 0, 0
290006, 2653, 1, 0, 0
291005, 2653, 1, 0, 0
292005, 2644, 1, 0, 0
293000, 2637, 1, 0, 0
294002, 2649, 1, 0, 0
295010, 2637, 1, 0, 0
296000, 2643, 1, 0, 0
297003, 2651, 1, 0, 0
298000, 2664, 1, 0, 0
299004, 2652, 1, 0, 0
300006, 2670, 1, 0, 0
301007, 2712, 1, 0, 0
302010, 2688, 1, 0, 0
303000, 2658, 1, 0, 0
304008, 2653, 1, 0, 0
305000, 2592, 1, 0, 0
306000, 2571, 1, 0, 0
307000, 2550, 1, 0, 0
308000, 2573, 1, 0, 0
309000, 2588, 1, 0, 0
310011, 2609, 1, 0, 0
311000, 2578, 1, 0, 0
312000, 2611, 1, 0, 0
313000, 2614, 1, 0, 0
314000, 2621, 1, 0, 0
315000, 2629, 1, 0, 0
316000, 2623, 1, 0, 0
317000, 2631, 1, 0, 0
318005, 2624, 1, 0, 0
319000, 2618, 1, 0, 0
320002, 2617, 1, 0, 0
321000, 2617, 1, 0, 0
322000, 2614, 1, 0, 0
323000, 2636, 1, 0, 0
324004, 2629, 1, 0, 0
325000, 2653, 1, 0, 0
326007, 2644, 1, 0, 0
327000, 2631, 1, 0, 0
328007, 2646, 1, 0, 0
329000, 2658, 1, 0, 0
330000, 2651, 1, 0, 0
331007, 2654, 1, 0, 0
332004, 2648, 1, 0, 0
333000, 2655, 1, 0, 0
334005, 2675, 1, 0, 0
335000, 2661, 1, 0, 0
336002, 2619, 1, 0, 0
337005, 2636, 1, 0, 0
338006, 2656, 1, 0, 0
339006, 2644, 1, 0, 0
340000, 2636, 1, 0, 0
341000, 2616, 1, 0, 0
342000, 2611, 1, 0, 0
343000, 2620, 1, 0, 0
344001, 2613, 1, 0, 0
345009, 2636, 1, 0, 0
346015, 2662, 1, 0, 0
347010, 2621, 1, 0, 0
348000, 2639, 1, 0, 0
349000, 2660, 1, 0, 0
350000, 2658, 1, 0, 0
351003, 2638, 1, 0, 0
352000, 2648, 1, 0, 0
353003, 2637, 1, 0, 0
354000, 2644, 1, 0, 0
355000, 2634, 1, 0, 0
356001, 2641, 1, 0, 0
357006, 2676, 1, 0, 0
358000, 2656, 1, 0, 0
359002, 2626, 1, 0, 0
360000, 2610, 1, 0, 0
