1000, 1720919, 1, 0, 0
2000, 1717280, 1, 0, 0
3000, 1715174, 1, 0, 0
4000, 1718595, 1, 0, 0
5000, 1729160, 1, 0, 0
6000, 1738099, 1, 0, 0
7000, 1731715, 1, 0, 0
8000, 1745645, 1, 0, 0
9000, 1700031, 1, 0, 0
10000, 1699656, 1, 0, 0
11000, 1694457, 1, 0, 0
12000, 1694628, 1, 0, 0
13000, 1695975, 1, 0, 0
14000, 1746341, 1, 0, 0
15000, 1705722, 1, 0, 0
16000, 1703056, 1, 0, 0
17000, 1698679, 1, 0, 0
18000, 1740131, 1, 0, 0
19000, 1706833, 1, 0, 0
20000, 1706117, 1, 0, 0
21000, 1701305, 1, 0, 0
22000, 1698202, 1, 0, 0
23000, 1699913, 1, 0, 0
24000, 1700029, 1, 0, 0
25000, 1703247, 1, 0, 0
26000, 1736907, 1, 0, 0
27000, 1702888, 1, 0, 0
28000, 1701487, 1, 0, 0
29000, 1739799, 1, 0, 0
30000, 1700160, 1, 0, 0
31000, 1697998, 1, 0, 0
32000, 1769432, 1, 0, 0
33000, 1701838, 1, 0, 0
34000, 1700852, 1, 0, 0
35000, 1700086, 1, 0, 0
36000, 1670753, 1, 0, 0
37000, 1734735, 1, 0, 0
38000, 1696607, 1, 0, 0
39000, 1736150, 1, 0, 0
40000, 1713015, 1, 0, 0
41000, 1705037, 1, 0, 0
42000, 1749168, 1, 0, 0
43000, 1705150, 1, 0, 0
44000, 1708017, 1, 0, 0
45000, 1767595, 1, 0, 0
46000, 1914294, 1, 0, 0
47000, 2018269, 1, 0, 0
48000, 1923171, 1, 0, 0
49000, 1879945, 1, 0, 0
50000, 1987168, 1, 0, 0
51000, 2215857, 1, 0, 0
52000, 1937068, 1, 0, 0
53000, 1753603, 1, 0, 0
54000, 1701357, 1, 0, 0
55000, 1702724, 1, 0, 0
56000, 1752626, 1, 0, 0
57000, 1753211, 1, 0, 0
58000, 1926483, 1, 0, 0
59000, 1884496, 1, 0, 0
60000, 1709706, 1, 0, 0
61000, 1706288, 1, 0, 0
62000, 1798353, 1, 0, 0
63000, 1755525, 1, 0, 0
64000, 1713883, 1, 0, 0
65000, 1785145, 1, 0, 0
66000, 1895229, 1, 0, 0
67000, 1892219, 1, 0, 0
68000, 1871359, 1, 0, 0
69000, 1803953, 1, 0, 0
70000, 1705959, 1, 0, 0
71000, 1705270, 1, 0, 0
72000, 1702378, 1, 0, 0
73000, 1740844, 1, 0, 0
74000, 1698572, 1, 0, 0
75000, 1703876, 1, 0, 0
76000, 1703049, 1, 0, 0
77000, 1706416, 1, 0, 0
78000, 1699757, 1, 0, 0
79000, 1702913, 1, 0, 0
80000, 1706365, 1, 0, 0
81000, 1696661, 1, 0, 0
82000, 1698082, 1, 0, 0
83000, 1734499, 1, 0, 0
84000, 1747643, 1, 0, 0
85000, 1703234, 1, 0, 0
86000, 1700337, 1, 0, 0
87000, 1701349, 1, 0, 0
88000, 1696570, 1, 0, 0
89000, 1698228, 1, 0, 0
90000, 1700570, 1, 0, 0
91000, 1746282, 1, 0, 0
92000, 1700793, 1, 0, 0
93000, 1701545, 1, 0, 0
94000, 1857200, 1, 0, 0
95000, 2244148, 1, 0, 0
96001, 4614239, 1, 0, 0
97000, 3980546, 1, 0, 0
98000, 2149652, 1, 0, 0
99000, 1733958, 1, 0, 0
100000, 1704947, 1, 0, 0
101000, 1702272, 1, 0, 0
102000, 1698253, 1, 0, 0
103000, 1697148, 1, 0, 0
104000, 1696695, 1, 0, 0
105000, 1697465, 1, 0, 0
106000, 1699706, 1, 0, 0
107000, 1701062, 1, 0, 0
108000, 1695408, 1, 0, 0
109000, 1692501, 1, 0, 0
110000, 1821403, 1, 0, 0
111000, 1707876, 1, 0, 0
112000, 1709647, 1, 0, 0
113000, 1705998, 1, 0, 0
114000, 2025563, 1, 0, 0
115000, 1955747, 1, 0, 0
116019, 1942367, 1, 0, 0
117000, 2025365, 1, 0, 0
118000, 1987670, 1, 0, 0
119000, 2011909, 1, 0, 0
120001, 2015365, 1, 0, 0
121000, 2006853, 1, 0, 0
122000, 2267237, 1, 0, 0
123001, 2080361, 1, 0, 0
124000, 2017082, 1, 0, 0
125000, 1744661, 1, 0, 0
126000, 1749674, 1, 0, 0
127000, 1708782, 1, 0, 0
128000, 1704700, 1, 0, 0
129000, 1704888, 1, 0, 0
130000, 1704886, 1, 0, 0
131000, 1708221, 1, 0, 0
132000, 1699940, 1, 0, 0
133000, 1738029, 1, 0, 0
134000, 1699240, 1, 0, 0
135000, 1696267, 1, 0, 0
136000, 1696159, 1, 0, 0
137000, 1698532, 1, 0, 0
138000, 1700519, 1, 0, 0
139000, 1699338, 1, 0, 0
140000, 1703110, 1, 0, 0
141000, 1701295, 1, 0, 0
142000, 1697678, 1, 0, 0
143000, 1743057, 1, 0, 0
144000, 1733420, 1, 0, 0
145000, 1704277, 1, 0, 0
146000, 1707453, 1, 0, 0
147000, 1704955, 1, 0, 0
148000, 1695350, 1, 0, 0
149000, 1695316, 1, 0, 0
150000, 1701690, 1, 0, 0
151000, 1694667, 1, 0, 0
152000, 1679504, 1, 0, 0
153000, 1684881, 1, 0, 0
154000, 1778622, 1, 0, 0
155000, 1706574, 1, 0, 0
156000, 1702976, 1, 0, 0
157000, 1706265, 1, 0, 0
158000, 1701408, 1, 0, 0
159000, 1697895, 1, 0, 0
160000, 1703604, 1, 0, 0
161000, 1703668, 1, 0, 0
162000, 1700126, 1, 0, 0
163000, 1698311, 1, 0, 0
164000, 1697783, 1, 0, 0
165000, 1743635, 1, 0, 0
166000, 1748302, 1, 0, 0
167000, 1701710, 1, 0, 0
168000, 1699859, 1, 0, 0
169000, 1702810, 1, 0, 0
170000, 1705856, 1, 0, 0
171000, 1700897, 1, 0, 0
172000, 1696330, 1, 0, 0
173000, 1701717, 1, 0, 0
174000, 1701077, 1, 0, 0
175000, 1916616, 1, 0, 0
176000, 1703465, 1, 0, 0
177000, 1715475, 1, 0, 0
178000, 1814157, 1, 0, 0
179000, 1778425, 1, 0, 0
180000, 1729132, 1, 0, 0
181000, 1707674, 1, 0, 0
182000, 1709275, 1, 0, 0
183000, 1754756, 1, 0, 0
184000, 1702249, 1, 0, 0
185000, 1709026, 1, 0, 0
186000, 1954554, 1, 0, 0
187000, 2044989, 1, 0, 0
188000, 1965767, 1, 0, 0
189000, 1702544, 1, 0, 0
190000, 1704354, 1, 0, 0
191000, 1751982, 1, 0, 0
192000, 1710273, 1, 0, 0
193000, 1702838, 1, 0, 0
194000, 1700187, 1, 0, 0
195000, 1701607, 1, 0, 0
196000, 1697031, 1, 0, 0
197000, 1844865, 1, 0, 0
198000, 1708168, 1, 0, 0
199000, 1701077, 1, 0, 0
200000, 1701277, 1, 0, 0
201000, 1768932, 1, 0, 0
202000, 1737429, 1, 0, 0
203000, 1736457, 1, 0, 0
204000, 1737583, 1, 0, 0
205000, 1768673, 1, 0, 0
206000, 1697263, 1, 0, 0
207000, 1698810, 1, 0, 0
208000, 1784833, 1, 0, 0
209000, 1750347, 1, 0, 0
210000, 1713015, 1, 0, 0
211000, 1706580, 1, 0, 0
212000, 1749419, 1, 0, 0
213000, 1702731, 1, 0, 0
214000, 1698110, 1, 0, 0
215000, 1700865, 1, 0, 0
216000, 1757529, 1, 0, 0
217000, 1709843, 1, 0, 0
218000, 1753913, 1, 0, 0
219000, 1709389, 1, 0, 0
220000, 1708874, 1, 0, 0
221000, 1752547, 1, 0, 0
222000, 1705007, 1, 0, 0
223000, 1700926, 1, 0, 0
224000, 1931541, 1, 0, 0
225000, 2034735, 1, 0, 0
226000, 1886459, 1, 0, 0
227000, 1702579, 1, 0, 0
228000, 1699730, 1, 0, 0
229000, 1737248, 1, 0, 0
230000, 1708084, 1, 0, 0
231000, 1707282, 1, 0, 0
232000, 1700312, 1, 0, 0
233000, 1697459, 1, 0, 0
234000, 1693450, 1, 0, 0
235000, 1697174, 1, 0, 0
236000, 1696916, 1, 0, 0
237000, 1703340, 1, 0, 0
238000, 1703495, 1, 0, 0
239000, 1696628, 1, 0, 0
240000, 1741463, 1, 0, 0
241000, 1702340, 1, 0, 0
242000, 1744642, 1, 0, 0
243000, 1698333, 1, 0, 0
244000, 1699794, 1, 0, 0
245000, 1701544, 1, 0, 0
246000, 1701179, 1, 0, 0
247000, 1699325, 1, 0, 0
248000, 1696247, 1, 0, 0
249000, 1698644, 1, 0, 0
250000, 1706646, 1, 0, 0
251000, 1774704, 1, 0, 0
252000, 1700222, 1, 0, 0
253000, 1697525, 1, 0, 0
254000, 1699251, 1, 0, 0
255000, 1704304, 1, 0, 0
256000, 1699624, 1, 0, 0
257000, 1697415, 1, 0, 0
258000, 1748655, 1, 0, 0
259000, 1699904, 1, 0, 0
260000, 1705427, 1, 0, 0
261000, 1876863, 1, 0, 0
262002, 2055519, 1, 0, 0
263000, 1800976, 1, 0, 0
264000, 1703741, 1, 0, 0
265000, 1702617, 1, 0, 0
266000, 1698019, 1, 0, 0
267000, 1700544, 1, 0, 0
268000, 1755689, 1, 0, 0
269000, 1706619, 1, 0, 0
270000, 1706511, 1, 0, 0
271000, 1701357, 1, 0, 0
272000, 1765544, 1, 0, 0
273000, 1791431, 1, 0, 0
274000, 1799038, 1, 0, 0
275000, 1733265, 1, 0, 0
276000, 1751284, 1, 0, 0
277000, 1702906, 1, 0, 0
278000, 1704014, 1, 0, 0
279000, 1699494, 1, 0, 0
280000, 1769416, 1, 0, 0
281000, 1731607, 1, 0, 0
282000, 1730563, 1, 0, 0
283000, 1751470, 1, 0, 0
284000, 1702162, 1, 0, 0
285000, 1703420, 1, 0, 0
286000, 1703152, 1, 0, 0
287000, 1704413, 1, 0, 0
288000, 1703908, 1, 0, 0
289000, 1703743, 1, 0, 0
290000, 1704452, 1, 0, 0
291000, 1700471, 1, 0, 0
292000, 1700419, 1, 0, 0
293000, 1741548, 1, 0, 0
294000, 1711353, 1, 0, 0
295000, 1706439, 1, 0, 0
296000, 1706736, 1, 0, 0
297000, 1703242, 1, 0, 0
298000, 1701746, 1, 0, 0
299000, 1743752, 1, 0, 0
300000, 1706036, 1, 0, 0
301000, 1702883, 1, 0, 0
302000, 1699761, 1, 0, 0
303000, 1706508, 1, 0, 0
304000, 1749912, 1, 0, 0
305000, 1706737, 1, 0, 0
306000, 1707040, 1, 0, 0
307000, 1737311, 1, 0, 0
308000, 1706943, 1, 0, 0
309000, 1700581, 1, 0, 0
310000, 1703599, 1, 0, 0
311000, 1701782, 1, 0, 0
312000, 1704294, 1, 0, 0
313000, 1746894, 1, 0, 0
314000, 1703710, 1, 0, 0
315000, 1758833, 1, 0, 0
316000, 1706232, 1, 0, 0
317000, 1703726, 1, 0, 0
318000, 1702024, 1, 0, 0
319000, 1734679, 1, 0, 0
320000, 1711361, 1, 0, 0
321000, 1696839, 1, 0, 0
322000, 1702289, 1, 0, 0
323000, 1696732, 1, 0, 0
324000, 1697173, 1, 0, 0
325000, 1739535, 1, 0, 0
326000, 1705725, 1, 0, 0
327000, 1701829, 1, 0, 0
328000, 1702227, 1, 0, 0
329000, 1700730, 1, 0, 0
330000, 1702006, 1, 0, 0
331000, 1701878, 1, 0, 0
332000, 1704137, 1, 0, 0
333000, 1697780, 1, 0, 0
334000, 1695157, 1, 0, 0
335000, 1695778, 1, 0, 0
336000, 2041180, 1, 0, 0
337000, 2005022, 1, 0, 0
338000, 1902742, 1, 0, 0
339001, 1990066, 1, 0, 0
340000, 1942034, 1, 0, 0
341000, 1950666, 1, 0, 0
342000, 2018525, 1, 0, 0
343002, 1922576, 1, 0, 0
344000, 1883844, 1, 0, 0
345000, 1996641, 1, 0, 0
346000, 1998968, 1, 0, 0
347000, 1951297, 1, 0, 0
348000, 1856329, 1, 0, 0
349000, 1735368, 1, 0, 0
350000, 1736574, 1, 0, 0
351000, 1740918, 1, 0, 0
352000, 1776072, 1, 0, 0
353000, 1710369, 1, 0, 0
354000, 1791784, 1, 0, 0
355000, 1894051, 1, 0, 0
356000, 1913923, 1, 0, 0
357000, 1996339, 1, 0, 0
358000, 2026781, 1, 0, 0
359003, 2254603, 1, 0, 0
360000, 2119744, 1, 0, 0
360001, 2397442, 1, 0, 0
