1000, 1663188, 1, 0, 0
2008, 1862389, 1, 0, 0
3000, 1567955, 1, 0, 0
4007, 1333703, 1, 0, 0
5000, 1198400, 1, 0, 0
6000, 1243944, 1, 0, 0
7006, 1247108, 1, 0, 0
8008, 1410378, 1, 0, 0
9006, 1415661, 1, 0, 0
10010, 1472531, 1, 0, 0
11007, 1418163, 1, 0, 0
12000, 480104, 1, 0, 0
13000, 462697, 1, 0, 0
14000, 463985, 1, 0, 0
15000, 706631, 1, 0, 0
16000, 695311, 1, 0, 0
17000, 534173, 1, 0, 0
18016, 523620, 1, 0, 0
19001, 735284, 1, 0, 0
20000, 731323, 1, 0, 0
21000, 737903, 1, 0, 0
22000, 884905, 1, 0, 0
23006, 1137236, 1, 0, 0
24000, 1253748, 1, 0, 0
25000, 1135626, 1, 0, 0
26004, 1188923, 1, 0, 0
27003, 1364126, 1, 0, 0
28011, 1787826, 1, 0, 0
29000, 1892380, 1, 0, 0
30011, 1906657, 1, 0, 0
31000, 1883276, 1, 0, 0
32000, 585811, 1, 0, 0
33000, 464453, 1, 0, 0
34000, 465815, 1, 0, 0
35000, 463971, 1, 0, 0
36000, 550299, 1, 0, 0
37000, 583081, 1, 0, 0
38000, 549455, 1, 0, 0
39000, 541014, 1, 0, 0
40000, 604818, 1, 0, 0
41000, 582190, 1, 0, 0
42000, 516146, 1, 0, 0
43000, 526022, 1, 0, 0
44000, 509775, 1, 0, 0
45000, 490746, 1, 0, 0
46000, 503712, 1, 0, 0
47000, 530126, 1, 0, 0
48022, 562236, 1, 0, 0
49004, 590156, 1, 0, 0
50003, 760957, 1, 0, 0
51000, 1005324, 1, 0, 0
52005, 1020055, 1, 0, 0
53000, 1548488, 1, 0, 0
54001, 1747716, 1, 0, 0
55007, 1582273, 1, 0, 0
56009, 1376995, 1, 0, 0
57000, 1496373, 1, 0, 0
58005, 1447024, 1, 0, 0
59000, 1456881, 1, 0, 0
60000, 1806689, 1, 0, 0
61000, 1876212, 1, 0, 0
62000, 1841847, 1, 0, 0
63000, 1785274, 1, 0, 0
64003, 1323823, 1, 0, 0
65000, 958576, 1, 0, 0
66004, 1021048, 1, 0, 0
67006, 1035336, 1, 0, 0
68008, 1930057, 1, 0, 0
69011, 1912672, 1, 0, 0
70000, 1425902, 1, 0, 0
71002, 1324459, 1, 0, 0
72000, 1144073, 1, 0, 0
73000, 831583, 1, 0, 0
74000, 476323, 1, 0, 0
75000, 464657, 1, 0, 0
76000, 463822, 1, 0, 0
77001, 1521487, 1, 0, 0
78009, 1451595, 1, 0, 0
79000, 1107036, 1, 0, 0
80000, 971028, 1, 0, 0
81000, 1046851, 1, 0, 0
82005, 1017086, 1, 0, 0
83000, 839150, 1, 0, 0
84000, 817310, 1, 0, 0
85003, 1057472, 1, 0, 0
86005, 1091830, 1, 0, 0
87002, 816564, 1, 0, 0
88005, 802821, 1, 0, 0
89006, 1181939, 1, 0, 0
90006, 1150029, 1, 0, 0
91000, 1123017, 1, 0, 0
92004, 1083014, 1, 0, 0
93001, 1106957, 1, 0, 0
94000, 1330731, 1, 0, 0
95008, 1244285, 1, 0, 0
96011, 1457693, 1, 0, 0
97000, 1335661, 1, 0, 0
98002, 1286524, 1, 0, 0
99000, 1349381, 1, 0, 0
100006, 1498566, 1, 0, 0
101007, 1886520, 1, 0, 0
102000, 1917312, 1, 0, 0
103000, 2015208, 1, 0, 0
104008, 1936951, 1, 0, 0
105000, 632641, 1, 0, 0
106000, 462618, 1, 0, 0
107000, 459398, 1, 0, 0
108000, 525607, 1, 0, 0
109000, 628283, 1, 0, 0
110000, 630451, 1, 0, 0
111000, 606399, 1, 0, 0
112000, 601608, 1, 0, 0
113016, 464695, 1, 0, 0
114000, 606867, 1, 0, 0
115003, 603957, 1, 0, 0
116000, 658333, 1, 0, 0
117004, 673627, 1, 0, 0
118000, 649826, 1, 0, 0
119000, 646755, 1, 0, 0
120003, 813082, 1, 0, 0
121000, 890643, 1, 0, 0
122003, 851729, 1, 0, 0
123005, 831551, 1, 0, 0
124004, 859183, 1, 0, 0
125000, 949523, 1, 0, 0
126000, 833728, 1, 0, 0
127000, 1353924, 1, 0, 0
128004, 1352884, 1, 0, 0
129004, 1032755, 1, 0, 0
130006, 930048, 1, 0, 0
131004, 1031003, 1, 0, 0
132000, 945376, 1, 0, 0
133000, 950774, 1, 0, 0
134004, 985653, 1, 0, 0
135000, 1483273, 1, 0, 0
136006, 1873607, 1, 0, 0
137001, 1941326, 1, 0, 0
138000, 1940563, 1, 0, 0
139000, 1648982, 1, 0, 0
140000, 480157, 1, 0, 0
141000, 464641, 1, 0, 0
142000, 479897, 1, 0, 0
143000, 761014, 1, 0, 0
144000, 719112, 1, 0, 0
145000, 669016, 1, 0, 0
146000, 679696, 1, 0, 0
147000, 609602, 1, 0, 0
148002, 586079, 1, 0, 0
149005, 729238, 1, 0, 0
150000, 760950, 1, 0, 0
151000, 761047, 1, 0, 0
152000, 615223, 1, 0, 0
153000, 573888, 1, 0, 0
154000, 643842, 1, 0, 0
155000, 806944, 1, 0, 0
156000, 727600, 1, 0, 0
157000, 859429, 1, 0, 0
158000, 937686, 1, 0, 0
159000, 998232, 1, 0, 0
160004, 1171189, 1, 0, 0
161000, 1733558, 1, 0, 0
162000, 1065958, 1, 0, 0
163006, 984307, 1, 0, 0
164000, 1063069, 1, 0, 0
165011, 1856842, 1, 0, 0
166011, 1832048, 1, 0, 0
167011, 1511533, 1, 0, 0
168000, 1442029, 1, 0, 0
169000, 1420388, 1, 0, 0
170005, 1381104, 1, 0, 0
171000, 1684033, 1, 0, 0
172001, 1625229, 1, 0, 0
173010, 1686059, 1, 0, 0
174000, 1598798, 1, 0, 0
175000, 1613327, 1, 0, 0
176000, 1955658, 1, 0, 0
177009, 1880930, 1, 0, 0
178000, 1810670, 1, 0, 0
179008, 1973286, 1, 0, 0
180006, 1425560, 1, 0, 0
181000, 1067299, 1, 0, 0
182000, 1131077, 1, 0, 0
183000, 1104411, 1, 0, 0
184006, 1026211, 1, 0, 0
185010, 1239024, 1, 0, 0
186000, 1280404, 1, 0, 0
187001, 1115719, 1, 0, 0
188004, 1094703, 1, 0, 0
189000, 1100486, 1, 0, 0
190000, 1054754, 1, 0, 0
191000, 1159805, 1, 0, 0
192003, 992869, 1, 0, 0
193001, 965011, 1, 0, 0
194000, 595516, 1, 0, 0
195001, 830071, 1, 0, 0
196009, 973975, 1, 0, 0
197007, 1547018, 1, 0, 0
198012, 1644997, 1, 0, 0
199008, 1776781, 1, 0, 0
200007, 2023470, 1, 0, 0
201000, 1662802, 1, 0, 0
202000, 1411027, 1, 0, 0
203005, 1394472, 1, 0, 0
204000, 1506661, 1, 0, 0
205000, 1380161, 1, 0, 0
206007, 1153899, 1, 0, 0
207009, 1382191, 1, 0, 0
208000, 1466233, 1, 0, 0
209004, 1558687, 1, 0, 0
210005, 2019126, 1, 0, 0
211001, 1978408, 1, 0, 0
212000, 1734610, 1, 0, 0
213000, 1742814, 1, 0, 0
214009, 1704657, 1, 0, 0
215003, 1699128, 1, 0, 0
216000, 1628238, 1, 0, 0
217005, 1654261, 1, 0, 0
218000, 1279943, 1, 0, 0
219000, 478025, 1, 0, 0
220000, 463734, 1, 0, 0
221000, 464964, 1, 0, 0
222008, 830444, 1, 0, 0
223016, 932109, 1, 0, 0
224000, 756316, 1, 0, 0
225004, 749626, 1, 0, 0
226000, 805369, 1, 0, 0
227000, 875011, 1, 0, 0
228000, 939833, 1, 0, 0
229000, 998202, 1, 0, 0
230006, 1083914, 1, 0, 0
231000, 1380839, 1, 0, 0
232000, 1421157, 1, 0, 0
233005, 989148, 1, 0, 0
234006, 947480, 1, 0, 0
235000, 938982, 1, 0, 0
236003, 924566, 1, 0, 0
237000, 902071, 1, 0, 0
238000, 937786, 1, 0, 0
239002, 1178101, 1, 0, 0
240000, 1121303, 1, 0, 0
241004, 1030004, 1, 0, 0
242000, 1052124, 1, 0, 0
243000, 1007975, 1, 0, 0
244004, 971211, 1, 0, 0
245000, 1322010, 1, 0, 0
246000, 1565000, 1, 0, 0
247008, 1449563, 1, 0, 0
248000, 1571306, 1, 0, 0
249000, 1578703, 1, 0, 0
250008, 1503518, 1, 0, 0
251010, 1569013, 1, 0, 0
252004, 1538782, 1, 0, 0
253000, 1506840, 1, 0, 0
254006, 1901090, 1, 0, 0
255004, 1972820, 1, 0, 0
256000, 1991137, 1, 0, 0
257012, 2311616, 1, 0, 0
258002, 1670844, 1, 0, 0
259000, 955684, 1, 0, 0
260000, 992939, 1, 0, 0
261003, 929611, 1, 0, 0
262000, 854137, 1, 0, 0
263019, 1098968, 1, 0, 0
264000, 1381157, 1, 0, 0
265000, 1250523, 1, 0, 0
266003, 1029485, 1, 0, 0
267005, 969662, 1, 0, 0
268000, 1032567, 1, 0, 0
269000, 1052217, 1, 0, 0
270002, 1667663, 1, 0, 0
271005, 2202024, 1, 0, 0
272000, 1580178, 1, 0, 0
273006, 1364668, 1, 0, 0
274007, 1311619, 1, 0, 0
275005, 1338082, 1, 0, 0
276008, 1452669, 1, 0, 0
277001, 1957771, 1, 0, 0
278000, 1842864, 1, 0, 0
279000, 1105384, 1, 0, 0
280000, 1176476, 1, 0, 0
281000, 1143682, 1, 0, 0
282000, 1418324, 1, 0, 0
283009, 1681802, 1, 0, 0
284008, 2060313, 1, 0, 0
285000, 2035062, 1, 0, 0
286000, 2006267, 1, 0, 0
287002, 2022949, 1, 0, 0
288000, 784623, 1, 0, 0
289000, 479247, 1, 0, 0
290000, 466017, 1, 0, 0
291000, 466440, 1, 0, 0
292000, 479301, 1, 0, 0
293000, 460932, 1, 0, 0
294000, 476834, 1, 0, 0
295000, 507970, 1, 0, 0
296000, 516325, 1, 0, 0
297000, 560480, 1, 0, 0
298001, 682848, 1, 0, 0
299000, 673529, 1, 0, 0
300000, 675057, 1, 0, 0
301000, 663388, 1, 0, 0
302000, 682277, 1, 0, 0
303000, 847028, 1, 0, 0
304006, 966074, 1, 0, 0
305005, 962771, 1, 0, 0
306000, 818304, 1, 0, 0
307000, 477153, 1, 0, 0
308000, 461249, 1, 0, 0
309000, 462872, 1, 0, 0
310000, 511302, 1, 0, 0
311000, 529465, 1, 0, 0
312000, 522592, 1, 0, 0
313000, 563529, 1, 0, 0
314000, 565401, 1, 0, 0
315000, 539189, 1, 0, 0
316000, 551823, 1, 0, 0
317000, 595050, 1, 0, 0
318000, 687102, 1, 0, 0
319003, 694607, 1, 0, 0
320000, 675632, 1, 0, 0
321000, 726074, 1, 0, 0
322000, 794703, 1, 0, 0
323000, 786152, 1, 0, 0
324002, 758017, 1, 0, 0
325000, 860952, 1, 0, 0
326002, 944573, 1, 0, 0
327000, 789679, 1, 0, 0
328007, 820386, 1, 0, 0
329000, 999991, 1, 0, 0
330000, 991484, 1, 0, 0
331000, 839103, 1, 0, 0
332000, 880306, 1, 0, 0
333000, 891603, 1, 0, 0
334002, 854278, 1, 0, 0
335003, 952844, 1, 0, 0
336000, 971749, 1, 0, 0
337000, 734927, 1, 0, 0
338000, 591190, 1, 0, 0
339000, 609478, 1, 0, 0
340000, 603667, 1, 0, 0
341000, 600158, 1, 0, 0
342000, 531673, 1, 0, 0
343000, 538256, 1, 0, 0
344000, 564982, 1, 0, 0
345000, 515937, 1, 0, 0
346000, 500763, 1, 0, 0
347000, 610331, 1, 0, 0
348001, 680175, 1, 0, 0
349000, 879281, 1, 0, 0
350000, 855901, 1, 0, 0
351008, 1030297, 1, 0, 0
352000, 1075708, 1, 0, 0
353006, 1235385, 1, 0, 0
354008, 1300508, 1, 0, 0
355006, 1084055, 1, 0, 0
356005, 1017517, 1, 0, 0
357000, 1051697, 1, 0, 0
358003, 1031555, 1, 0, 0
359000, 940724, 1, 0, 0
360003, 1162472, 1, 0, 0
360003, 10955196, 1, 0, 0
